0.001 51 0.242651 0.0142504 0.00905707 0
0.001 52 0.449913 0.00246898 2.70072e-05 0
0.001 53 0.204197 0.0153875 0.0113116 0
0.001 54 0.109416 0.00947702 0.0109973 0
0.001 55 0.10661 0.00795713 0.0159183 0
0.001 56 0.25308 0.00811011 0.00762854 1.06197e-08
0.001 57 0.284753 0.00397811 0.0146427 1.06197e-08
0.001 58 0.442408 0.00527734 0.00274761 1.06197e-08
0.001 59 0.220227 0.0112163 0.0127823 1.06197e-08
0.001 60 0.405241 0.0150667 0.00844298 1.06197e-08
0.001 61 0.0844231 0.00949695 0.0178906 1.06197e-08
0.001 62 0.443585 0.00873635 0.00292449 1.06197e-08
0.001 63 0.441806 0.0115862 0.00182044 1.06197e-08
0.001 64 0.365216 0.0170063 0.012647 1.06197e-08
0.001 65 0.349425 0.0082548 0.00930115 1.06197e-08
0.001 66 0.415981 0.0081906 0.0168673 1.06197e-08
0.001 67 0.142838 0.00422103 0.0141186 1.06197e-08
0.001 68 0.0304416 0.0117385 0.017028 1.06197e-08
0.001 69 0.064274 0.00428041 0.0163049 1.06197e-08
0.001 70 0.259693 0.00991105 0.0145511 1.06197e-08
0.001 71 0.378075 0.0191317 0.00317836 1.06197e-08
0.001 72 0.159149 0.00898574 0.0181234 1.06197e-08
0.001 73 0.00719451 0.0176896 0.00388939 1.06197e-08
0.001 74 0.198895 0.0114254 0.0188573 1.06197e-08
0.001 75 0.261255 0.0126445 0.0106897 1.06197e-08
0.101 51 0.261757 0.014817 0.00998857 0
0.101 52 0.468932 0.00320406 0.0010812 0
0.101 53 0.223309 0.0149961 0.0115143 0
0.101 54 0.128474 0.00875519 0.0114411 0
0.101 55 0.1256 0.0077991 0.0169367 0
0.101 56 0.272149 0.00806245 0.00865938 0
0.101 57 0.303799 0.00418912 0.0154467 0
0.101 58 0.461443 0.00543124 0.00418931 0
0.101 59 0.239392 0.0113007 0.0136989 0
0.101 60 0.424401 0.0152044 0.00890389 0
0.101 61 0.103387 0.00910881 0.0191729 0
0.101 62 0.462546 0.00836754 0.00444929 0
0.101 63 0.460794 0.0105738 0.00263743 0
0.101 64 0.384203 0.0171554 0.0145643 0
0.101 65 0.368351 0.00818165 0.0102045 0
0.101 66 0.435044 0.00831344 0.0179621 0
0.101 67 0.161863 0.00354017 0.0153448 0
0.101 68 0.0492917 0.0121971 0.0185553 0
0.101 69 0.0832406 0.00452279 0.0176364 0
0.101 70 0.278709 0.00980395 0.0160123 0
0.101 71 0.397125 0.0187749 0.00423648 0
0.101 72 0.178058 0.00911987 0.0191114 0
0.101 73 0.0262912 0.0172565 0.00458257 0
0.101 74 0.217833 0.0120389 0.0199363 0
0.101 75 0.280226 0.01271 0.011673 0
0.201 51 0.280791 0.0151745 0.0111805 0
0.201 52 0.487903 0.00373494 0.00279492 0
0.201 53 0.242393 0.0152153 0.012149 0
0.201 54 0.147494 0.00915498 0.0124206 0
0.201 55 0.144567 0.00807167 0.0180583 0
0.201 56 0.291268 0.00798969 0.00967826 0
0.201 57 0.322793 0.00452441 0.0162357 0
0.201 58 0.48059 0.00562542 0.00532689 0
0.201 59 0.258358 0.0115796 0.0145137 0
0.201 60 0.44337 0.0151658 0.0108163 0
0.201 61 0.12236 0.009295 0.0197439 0
0.201 62 0.481554 0.0086139 0.00560347 0
0.201 63 0.479756 0.0106452 0.00437694 0
0.201 64 0.403255 0.0171414 0.0150505 0
0.201 65 0.387376 0.00752455 0.0110533 0
0.201 66 0.454054 0.00806566 0.0196573 0
0.201 67 0.18096 0.00364288 0.0162349 0
0.201 68 0.0681629 0.0124729 0.0193106 0
0.201 69 0.102323 0.00453065 0.0182877 0
0.201 70 0.297829 0.00979615 0.0168897 0
0.201 71 0.416193 0.0189315 0.00474193 0
0.201 72 0.197164 0.00903304 0.0192968 0
0.201 73 0.0453309 0.0173139 0.00577719 0
0.201 74 0.236853 0.0125986 0.0189226 0
0.201 75 0.299392 0.0123915 0.0126477 0
0.301 51 0.29992 0.0153795 0.0119251 0
0.301 52 0.492826 0.00392648 0.00332295 0
0.301 53 0.261393 0.0154685 0.0133124 0
0.301 54 0.166424 0.00906629 0.0130221 0
0.301 55 0.163629 0.00869992 0.0197656 0
0.301 56 0.310249 0.00868254 0.0112625 0
0.301 57 0.341909 0.00436469 0.0176042 0
0.301 58 0.49962 0.00636954 0.006176 0
0.301 59 0.277421 0.0122003 0.0152618 0
0.301 60 0.462385 0.0144538 0.0119639 0
0.301 61 0.141413 0.00961183 0.0187258 0
0.301 62 0.499154 0.00836943 0.0068066 0
0.301 63 0.498873 0.0106686 0.00548168 0
0.301 64 0.422395 0.0165213 0.0160504 0
0.301 65 0.406464 0.00801426 0.0118033 0
0.301 66 0.473058 0.00840685 0.0197673 0
0.301 67 0.199922 0.00484058 0.017121 0
0.301 68 0.087175 0.0121711 0.0194552 0
0.301 69 0.121335 0.00419369 0.0192309 0
0.301 70 0.316929 0.0097554 0.0180397 0
0.301 71 0.435178 0.0181698 0.00619208 0
0.301 72 0.216196 0.00913411 0.0180637 0
0.301 73 0.0643661 0.0172348 0.00650909 0
0.301 74 0.255973 0.0124788 0.0182291 0
0.301 75 0.318539 0.0123373 0.0133958 0
0.401 51 0.318979 0.0153594 0.012393 0
0.401 52 0.47379 0.00413118 0.0041942 0
0.401 53 0.280402 0.0144326 0.0149293 0
0.401 54 0.185486 0.00882004 0.0144494 0
0.401 55 0.182681 0.00876318 0.0184609 0
0.401 56 0.329294 0.00916916 0.0125968 0
0.401 57 0.361017 0.00514134 0.0184897 0
0.401 58 0.480935 0.00633527 0.00665192 0
0.401 59 0.296401 0.0116772 0.0161673 0
0.401 60 0.48137 0.0142643 0.0124902 0
0.401 61 0.160442 0.00910844 0.01822 0
0.401 62 0.480022 0.00854379 0.0081126 0
0.401 63 0.481663 0.0108382 0.00597942 0
0.401 64 0.441476 0.0160173 0.0171675 0
0.401 65 0.42546 0.00819719 0.0129159 0
0.401 66 0.492076 0.00889883 0.0189491 0
0.401 67 0.219083 0.00450054 0.0174913 0
0.401 68 0.106205 0.0125662 0.0184932 0
0.401 69 0.140278 0.00446497 0.0196369 0
0.401 70 0.336017 0.00991851 0.0188064 0
0.401 71 0.454238 0.0181041 0.0068806 0
0.401 72 0.235166 0.0091252 0.0174242 0
0.401 73 0.0834515 0.0168183 0.00774579 0
0.401 74 0.275103 0.0134072 0.0181685 0
0.401 75 0.337591 0.0126167 0.0141588 0
0.501 51 0.338007 0.0160455 0.0132999 0
0.501 52 0.454841 0.00403054 0.00528439 0
0.501 53 0.299448 0.0138657 0.0159602 0
0.501 54 0.204552 0.00892205 0.0156567 0
0.501 55 0.201607 0.00852256 0.0171514 0
0.501 56 0.348388 0.00855767 0.0136109 0
0.501 57 0.380096 0.00576558 0.0195643 0
0.501 58 0.461997 0.00698965 0.00800469 0
0.501 59 0.315336 0.0117873 0.0169758 0
0.501 60 0.499387 0.0139922 0.0130586 0
0.501 61 0.179444 0.00960256 0.0170431 0
0.501 62 0.461019 0.00892477 0.00872637 0
0.501 63 0.462625 0.0107933 0.00644601 0
0.501 64 0.460573 0.0158544 0.0172195 0
0.501 65 0.444374 0.00896246 0.0143233 0
0.501 66 0.488649 0.00821646 0.0187478 0
0.501 67 0.238083 0.00418069 0.0180842 0
0.501 68 0.12518 0.013054 0.0176973 0
0.501 69 0.15935 0.00468942 0.0187675 0
0.501 70 0.354973 0.00960051 0.0193526 0
0.501 71 0.473301 0.0180319 0.00774785 0
0.501 72 0.254213 0.00923467 0.0159226 0
0.501 73 0.102612 0.0167653 0.00848439 0
0.501 74 0.294203 0.0128854 0.0173685 0
0.501 75 0.356516 0.0119859 0.0163907 0
0.601 51 0.356923 0.0161264 0.0150274 0
0.601 52 0.435771 0.00443353 0.00613326 0
0.601 53 0.318519 0.013605 0.016435 0
0.601 54 0.223632 0.00878295 0.0160239 0
0.601 55 0.220669 0.00835621 0.0162086 0
0.601 56 0.367382 0.00886742 0.0146232 0
0.601 57 0.39904 0.00572623 0.0193181 0
0.601 58 0.442971 0.00626896 0.009725 0
0.601 59 0.334388 0.012667 0.0176527 0
0.601 60 0.480418 0.0140039 0.0143644 0
0.601 61 0.198473 0.00961499 0.0168056 0
0.601 62 0.441999 0.00942276 0.0091511 0
0.601 63 0.44367 0.010211 0.00790501 0
0.601 64 0.479625 0.0157384 0.0180161 0
0.601 65 0.463449 0.00980975 0.0156406 0
0.601 66 0.469623 0.00789762 0.0176861 0
0.601 67 0.257201 0.00377444 0.0188275 0
0.601 68 0.144046 0.0130245 0.0157639 0
0.601 69 0.178312 0.00487001 0.0179314 0
0.601 70 0.374001 0.00956343 0.0195332 0
0.601 71 0.492368 0.0177676 0.00840452 0
0.601 72 0.273252 0.00965647 0.0153958 0
0.601 73 0.121723 0.0171705 0.0093838 0
0.601 74 0.313227 0.0122552 0.0164991 0
0.601 75 0.375593 0.0123233 0.0173612 0
0.701 51 0.375983 0.0170047 0.0154913 0
0.701 52 0.416658 0.00445578 0.00705193 0
0.701 53 0.337476 0.0132544 0.0183307 0
0.701 54 0.242738 0.0100927 0.016491 0
0.701 55 0.239637 0.00803231 0.0150936 0
0.701 56 0.386343 0.00864558 0.0165964 0
0.701 57 0.418123 0.0064544 0.018623 0
0.701 58 0.423854 0.00540173 0.0107665 0
0.701 59 0.353293 0.0125568 0.0194853 0
0.701 60 0.46138 0.0143386 0.0159728 0
0.701 61 0.217547 0.00956315 0.0159415 0
0.701 62 0.422926 0.00896013 0.0104664 0
0.701 63 0.424702 0.0097545 0.00899852 0
0.701 64 0.498631 0.0147931 0.0191688 0
0.701 65 0.482428 0.00921506 0.0166533 0
0.701 66 0.450604 0.00826953 0.0170865 0
0.701 67 0.276282 0.00350714 0.0195594 0
0.701 68 0.163023 0.0135696 0.0147418 0
0.701 69 0.197331 0.00488391 0.0168885 0
0.701 70 0.393032 0.00918234 0.0184426 0
0.701 71 0.488158 0.0176084 0.00986766 0
0.701 72 0.292343 0.010008 0.0149143 0
0.701 73 0.140766 0.0172451 0.0104218 0
0.701 74 0.332341 0.0124512 0.0156392 0
0.701 75 0.394589 0.0123391 0.0188147 0
0.801 51 0.394996 0.0163072 0.0165021 0
0.801 52 0.397627 0.00427784 0.00816401 0
0.801 53 0.356477 0.0142597 0.0198307 0
0.801 54 0.261621 0.0105923 0.0174475 0
0.801 55 0.258699 0.00790786 0.0148721 0
0.801 56 0.405407 0.00860406 0.0179912 0
0.801 57 0.437136 0.00709764 0.017268 0
0.801 58 0.404832 0.00571441 0.0128293 0
0.801 59 0.372234 0.0120913 0.0189303 0
0.801 60 0.442445 0.0142436 0.0176483 0
0.801 61 0.236525 0.00933775 0.0147918 0
0.801 62 0.4039 0.00892454 0.0118883 0
0.801 63 0.405799 0.00944291 0.0100287 0
0.801 64 0.482338 0.0147561 0.0198992 0
0.801 65 0.498439 0.00885542 0.0179943 0
0.801 66 0.431556 0.00806143 0.0158974 0
0.801 67 0.295315 0.00336548 0.0185344 0
0.801 68 0.182069 0.0130749 0.0136275 0
0.801 69 0.216387 0.00495789 0.0161886 0
0.801 70 0.412119 0.00968378 0.0178882 0
0.801 71 0.46905 0.017348 0.0109779 0
0.801 72 0.311375 0.00980372 0.0143583 0
0.801 73 0.159749 0.0168396 0.0121047 0
0.801 74 0.351348 0.0119239 0.0148298 0
0.801 75 0.413616 0.012299 0.0197241 0
0.901 51 0.414057 0.0160707 0.0177197 0
0.901 52 0.378508 0.00441327 0.00883396 0
0.901 53 0.37557 0.0140765 0.0199742 0
0.901 54 0.280646 0.0115786 0.0184545 0
0.901 55 0.277735 0.00809606 0.0143182 0
0.901 56 0.424464 0.00900875 0.0194608 0
0.901 57 0.456086 0.00664668 0.0154659 0
0.901 58 0.385775 0.00652772 0.0136 0
0.901 59 0.391191 0.0121581 0.0169614 0
0.901 60 0.423397 0.014279 0.0181447 0
0.901 61 0.255602 0.00996345 0.0137111 0
0.901 62 0.384814 0.00863864 0.0126799 0
0.901 63 0.386836 0.00943344 0.0115671 0
0.901 64 0.463324 0.0141921 0.0185011 0
0.901 65 0.479429 0.00909163 0.0188019 0
0.901 66 0.412578 0.00805923 0.0143496 0
0.901 67 0.314263 0.00294261 0.0163668 0
0.901 68 0.201177 0.0128458 0.0125404 0
0.901 69 0.235382 0.00445426 0.0155443 0
0.901 70 0.43115 0.00925806 0.0168323 0
0.901 71 0.450001 0.0176364 0.0113826 0
0.901 72 0.330399 0.00951706 0.014061 0
0.901 73 0.178819 0.0170538 0.0129817 0
0.901 74 0.370399 0.0128689 0.0135854 0
0.901 75 0.432727 0.0120685 0.0197821 0
1.001 51 0.433078 0.0158947 0.0184734 0
1.001 52 0.359368 0.00440637 0.00926229 0
1.001 53 0.394601 0.0146829 0.0185464 0
1.001 54 0.299679 0.0112741 0.0194004 0
1.001 55 0.296822 0.00816595 0.0128907 0
1.001 56 0.443532 0.00972417 0.019594 0
1.001 57 0.475199 0.00704332 0.0148754 0
1.001 58 0.366689 0.00652 0.0146942 0
1.001 59 0.410222 0.0114382 0.0159262 0
1.001 60 0.404472 0.0140719 0.0194856 0
1.001 61 0.274618 0.01033 0.0128815 0
1.001 62 0.365722 0.00842141 0.0135641 0
1.001 63 0.367858 0.00955958 0.0122838 0
1.001 64 0.444168 0.0141076 0.0172782 0
1.001 65 0.460396 0.00852305 0.0197078 0
1.001 66 0.39348 0.00833964 0.0127738 0
1.001 67 0.333382 0.00319142 0.0151899 0
1.001 68 0.220183 0.0124522 0.011798 0
1.001 69 0.254467 0.00403175 0.0144708 0
1.001 70 0.450198 0.00866933 0.0157977 0
1.001 71 0.430838 0.0178208 0.0117822 0
1.001 72 0.3494 0.0104611 0.0131946 0
1.001 73 0.197864 0.0167661 0.0144068 0
1.001 74 0.389486 0.0131233 0.012426 0
1.001 75 0.451769 0.0114162 0.0188493 0
1.101 51 0.452074 0.0157265 0.0189982 0
1.101 52 0.340386 0.00447108 0.0101153 0
1.101 53 0.413647 0.0147131 0.0178551 0
1.101 54 0.318733 0.012079 0.0197403 0
1.101 55 0.315975 0.00806013 0.0121679 0
1.101 56 0.462586 0.00974977 0.0184682 0
1.101 57 0.494101 0.00739458 0.0138144 0
1.101 58 0.347658 0.00688115 0.0149081 0
1.101 59 0.429222 0.0116913 0.0145886 0
1.101 60 0.385479 0.0139192 0.0192593 0
1.101 61 0.293656 0.0109841 0.011981 0
1.101 62 0.346782 0.00818112 0.0145606 0
1.101 63 0.348864 0.0102577 0.0126249 0
1.101 64 0.42521 0.0141505 0.0156144 0
1.101 65 0.44141 0.00870991 0.0189736 0
1.101 66 0.374525 0.00868177 0.0114397 0
1.101 67 0.352401 0.00365905 0.014171 0
1.101 68 0.239363 0.0121787 0.0111269 0
1.101 69 0.273428 0.00323003 0.0135913 0
1.101 70 0.469318 0.00858951 0.0153348 0
1.101 71 0.41174 0.0174894 0.012582 0
1.101 72 0.368492 0.0105428 0.0121538 0
1.101 73 0.216885 0.0168151 0.0157816 0
1.101 74 0.408486 0.0127457 0.0111241 0
1.101 75 0.470854 0.0110553 0.0180083 0
1.201 51 0.471052 0.0155603 0.019192 0
1.201 52 0.321337 0.00492411 0.010258 0
1.201 53 0.432697 0.0143361 0.0166814 0
1.201 54 0.337878 0.0116168 0.0192538 0
1.201 55 0.335008 0.00798578 0.0113446 0
1.201 56 0.481652 0.00976915 0.0172717 0
1.201 57 0.486438 0.00843464 0.0131356 0
1.201 58 0.328612 0.00676619 0.0160051 0
1.201 59 0.44827 0.0120517 0.0135045 0
1.201 60 0.366374 0.0134954 0.0193126 0
1.201 61 0.312751 0.0109233 0.0107644 0
1.201 62 0.327707 0.00821817 0.0154947 0
1.201 63 0.329723 0.00977007 0.0130666 0
1.201 64 0.406095 0.014603 0.0149623 0
1.201 65 0.422359 0.00834019 0.0180627 0
1.201 66 0.355433 0.00875422 0.0109716 0
1.201 67 0.371407 0.00437314 0.0126205 0
1.201 68 0.258401 0.0121309 0.0101232 0
1.201 69 0.292533 0.00331068 0.0125297 0
1.201 70 0.488189 0.00862073 0.0134136 0
1.201 71 0.392689 0.017629 0.0137737 0
1.201 72 0.387477 0.0104463 0.01082 0
1.201 73 0.235927 0.0168835 0.0165802 0
1.201 74 0.427444 0.0124001 0.00950979 0
1.201 75 0.489974 0.0107731 0.0166182 0
1.301 51 0.490095 0.0152609 0.0184529 0
1.301 52 0.302399 0.00465438 0.0120953 0
1.301 53 0.451803 0.0144046 0.0155964 0
1.301 54 0.357019 0.0122904 0.0187523 0
1.301 55 0.354005 0.00776116 0.00985814 0
1.301 56 0.498868 0.0099021 0.0164595 0
1.301 57 0.46748 0.00855914 0.0113946 0
1.301 58 0.309516 0.00629836 0.0174059 0
1.301 59 0.467432 0.0117702 0.0132156 0
1.301 60 0.347316 0.0139293 0.0185598 0
1.301 61 0.331871 0.0115827 0.0104659 0
1.301 62 0.308629 0.00756284 0.016214 0
1.301 63 0.310789 0.00928345 0.0142174 0
1.301 64 0.387029 0.0145689 0.0144458 0
1.301 65 0.403341 0.0087324 0.017446 0
1.301 66 0.336478 0.00891322 0.00972018 0
1.301 67 0.390439 0.004036 0.0121328 0
1.301 68 0.277385 0.0117495 0.00912778 0
1.301 69 0.311529 0.0036793 0.0111914 0
1.301 70 0.492763 0.00844314 0.0128836 0
1.301 71 0.37355 0.0172296 0.0143282 0
1.301 72 0.406639 0.00983993 0.0102271 0
1.301 73 0.254895 0.0170925 0.0179087 0
1.301 74 0.446541 0.0116177 0.00866241 0
1.301 75 0.490772 0.0108181 0.0162975 0
1.401 51 0.490841 0.0155307 0.0174323 0
1.401 52 0.283463 0.00520557 0.0133178 0
1.401 53 0.470856 0.0141423 0.0143561 0
1.401 54 0.37593 0.013117 0.0176133 0
1.401 55 0.373102 0.00792518 0.00876719 0
1.401 56 0.479879 0.00986838 0.0146859 0
1.401 57 0.448492 0.00816709 0.00992289 0
1.401 58 0.290438 0.00654985 0.0183468 0
1.401 59 0.486434 0.0119074 0.0120655 0
1.401 60 0.328183 0.0136776 0.0173962 0
1.401 61 0.350926 0.0113423 0.00955706 0
1.401 62 0.289574 0.00713207 0.0168543 0
1.401 63 0.291775 0.00920131 0.0149026 0
1.401 64 0.367988 0.0149156 0.0129563 0
1.401 65 0.384341 0.00854692 0.0166048 0
1.401 66 0.317516 0.00893809 0.00888287 0
1.401 67 0.409402 0.00402906 0.0107996 0
1.401 68 0.296361 0.0127386 0.00825042 0
1.401 69 0.330495 0.00443984 0.0107874 0
1.401 70 0.473686 0.00804215 0.0117053 0
1.401 71 0.354546 0.0180043 0.0155281 0
1.401 72 0.425659 0.00947608 0.00880694 0
1.401 73 0.273988 0.0166986 0.0184816 0
1.401 74 0.46547 0.0117301 0.00757835 0
1.401 75 0.471781 0.0106807 0.0160607 0
1.501 51 0.47186 0.0147032 0.0162965 0
1.501 52 0.264393 0.00486172 0.013713 0
1.501 53 0.489727 0.0136646 0.0132058 0
1.501 54 0.395099 0.0127949 0.0167557 0
1.501 55 0.392121 0.0074993 0.00779935 0
1.501 56 0.460953 0.00976069 0.0133227 0
1.501 57 0.429451 0.008826 0.00877082 0
1.501 58 0.271324 0.00609431 0.0188654 0
1.501 59 0.494083 0.0121721 0.0111982 0
1.501 60 0.309219 0.0133371 0.0164983 0
1.501 61 0.37 0.0117323 0.0085732 0
1.501 62 0.270488 0.0073991 0.017838 0
1.501 63 0.272727 0.00911263 0.0159857 0
1.501 64 0.348917 0.0152595 0.0120017 0
1.501 65 0.365292 0.00842683 0.0158046 0
1.501 66 0.298436 0.00831628 0.00721989 0
1.501 67 0.42837 0.00433151 0.00937345 0
1.501 68 0.315318 0.0128506 0.00682293 0
1.501 69 0.349527 0.0039625 0.010182 0
1.501 70 0.454691 0.007653 0.0105109 0
1.501 71 0.335441 0.0178322 0.0161798 0
1.501 72 0.444773 0.00868714 0.00712591 0
1.501 73 0.29314 0.0167698 0.0190098 0
1.501 74 0.484593 0.011599 0.00738535 0
1.501 75 0.452717 0.0102137 0.0151107 0
1.601 51 0.452776 0.0150987 0.0160005 0
1.601 52 0.245387 0.00458011 0.0139309 0
1.601 53 0.491283 0.0137483 0.0115402 0
1.601 54 0.414218 0.0128561 0.0164486 0
1.601 55 0.411146 0.00776873 0.00740596 0
1.601 56 0.44192 0.00973671 0.0124524 0
1.601 57 0.410379 0.00957722 0.00767784 0
1.601 58 0.25218 0.00646483 0.0191933 0
1.601 59 0.475079 0.012251 0.00993925 0
1.601 60 0.290118 0.0139822 0.0163557 0
1.601 61 0.389098 0.0111891 0.00793806 0
1.601 62 0.251521 0.00658669 0.0188015 0
1.601 63 0.253807 0.00934399 0.016924 0
1.601 64 0.329828 0.014454 0.0106911 0
1.601 65 0.346194 0.00828439 0.0151014 0
1.601 66 0.279457 0.00716208 0.00639222 0
1.601 67 0.447425 0.00410381 0.00833239 0
1.601 68 0.334286 0.012414 0.00652425 0
1.601 69 0.368684 0.00350117 0.00957586 0
1.601 70 0.435603 0.00771945 0.00988401 0
1.601 71 0.316391 0.0175964 0.0173501 0
1.601 72 0.463968 0.00867277 0.00682097 0
1.601 73 0.312091 0.0165285 0.0195294 0
1.601 74 0.496004 0.0109594 0.00574205 0
1.601 75 0.433598 0.0107762 0.0144835 0
1.701 51 0.433713 0.015766 0.0142538 0
1.701 52 0.226276 0.00458932 0.0148324 0
1.701 53 0.472196 0.0139066 0.0102836 0
1.701 54 0.433185 0.0129358 0.0149926 0
1.701 55 0.430132 0.00736932 0.00601085 0
1.701 56 0.422866 0.00934055 0.0118853 0
1.701 57 0.391392 0.00898039 0.00735114 0
1.701 58 0.233155 0.00567201 0.0191819 0
1.701 59 0.45603 0.0123985 0.00904735 0
1.701 60 0.271031 0.0136693 0.0159428 0
1.701 61 0.408138 0.0113851 0.00715549 0
1.701 62 0.23255 0.00671982 0.0199114 0
1.701 63 0.234819 0.00947732 0.0177524 0
1.701 64 0.31076 0.0143722 0.00952585 0
1.701 65 0.327125 0.00866304 0.0137922 0
1.701 66 0.260547 0.00769526 0.00417792 0
1.701 67 0.466401 0.003805 0.00715503 0
1.701 68 0.353258 0.0123549 0.00471675 0
1.701 69 0.387702 0.00356376 0.00921861 0
1.701 70 0.416557 0.00766 0.00815823 0
1.701 71 0.297503 0.0175664 0.0192379 0
1.701 72 0.482973 0.00859357 0.00554509 0
1.701 73 0.331151 0.0163147 0.0180041 0
1.701 74 0.476965 0.0109669 0.00440172 0
1.701 75 0.414424 0.0108344 0.0141339 0
1.801 51 0.414681 0.0151253 0.0128688 0
1.801 52 0.207198 0.0041824 0.0152137 0
1.801 53 0.45319 0.0140811 0.00886228 0
1.801 54 0.452096 0.012875 0.0139879 0
1.801 55 0.449106 0.00737382 0.00452515 0
1.801 56 0.403875 0.00866086 0.0107929 0
1.801 57 0.372297 0.00896777 0.0059044 0
1.801 58 0.214021 0.00523798 0.0185143 0
1.801 59 0.436961 0.0119261 0.00768501 0
1.801 60 0.251923 0.0137946 0.0150711 0
1.801 61 0.427165 0.0113329 0.00561862 0
1.801 62 0.213472 0.00697288 0.019024 0
1.801 63 0.215771 0.0096906 0.018384 0
1.801 64 0.291775 0.0143756 0.00870874 0
1.801 65 0.308053 0.00905754 0.0135738 0
1.801 66 0.241564 0.00784185 0.00250045 9.2202e-09
1.801 67 0.485338 0.00365224 0.00602411 9.2202e-09
1.801 68 0.372251 0.0117538 0.00324788 9.2202e-09
1.801 69 0.406748 0.00378456 0.00786603 9.2202e-09
1.801 70 0.397346 0.0068941 0.008033 9.2202e-09
1.801 71 0.278456 0.0178878 0.0198555 9.2202e-09
1.801 72 0.497562 0.0080401 0.00457908 9.2202e-09
1.801 73 0.350074 0.016036 0.0172387 9.2202e-09
1.801 74 0.457934 0.0114232 0.00320747 9.2202e-09
1.801 75 0.395482 0.010361 0.0127312 9.2202e-09
1.901 51 0.395621 0.0156208 0.012311 0
1.901 52 0.188188 0.00373612 0.0163869 0
1.901 53 0.434119 0.0138719 0.00800213 0
1.901 54 0.47116 0.0133148 0.0127537 0
1.901 55 0.468242 0.00697656 0.00405831 0
1.901 56 0.384884 0.00860738 0.00962271 0
1.901 57 0.353241 0.00897804 0.00434779 0
1.901 58 0.194988 0.00531097 0.0178367 0
1.901 59 0.417943 0.0118058 0.00676951 0
1.901 60 0.232921 0.0134751 0.0136048 0
1.901 61 0.446107 0.010845 0.00498827 0
1.901 62 0.194345 0.00710232 0.0176449 0
1.901 63 0.196689 0.00930477 0.018528 0
1.901 64 0.272838 0.0142373 0.00696909 0
1.901 65 0.289058 0.00933456 0.0130566 0
1.901 66 0.222502 0.00721561 0.00182001 0
1.901 67 0.495313 0.00378219 0.0055432 0
1.901 68 0.39132 0.0124062 0.00215461 0
1.901 69 0.425803 0.00382158 0.00668609 0
1.901 70 0.378252 0.00633933 0.00759876 0
1.901 71 0.25945 0.0168241 0.0192467 0
1.901 72 0.478503 0.00790661 0.00444282 0
1.901 73 0.369209 0.0159416 0.0172629 0
1.901 74 0.438829 0.0116215 0.00291691 0
1.901 75 0.376406 0.0107119 0.0118816 0
2.001 51 0.376666 0.0153817 0.0111539 0
2.001 52 0.169234 0.00281282 0.0181034 0
2.001 53 0.415096 0.0135275 0.0070392 0
2.001 54 0.49023 0.013788 0.0115123 0
2.001 55 0.487236 0.00732084 0.0028221 0
2.001 56 0.365749 0.00808129 0.00939165 0
2.001 57 0.334235 0.00819864 0.00268486 0
2.001 58 0.175898 0.00537341 0.0176412 0
2.001 59 0.398887 0.0119679 0.00552338 0
2.001 60 0.213806 0.0128111 0.0130143 0
2.001 61 0.465111 0.0101597 0.00404558 0
2.001 62 0.175265 0.00791853 0.0166925 0
2.001 63 0.177638 0.0085115 0.0191425 0
2.001 64 0.253729 0.014181 0.00571892 1.18062e-08
2.001 65 0.270045 0.00953641 0.0121571 1.18062e-08
2.001 66 0.203389 0.00697369 0.000823885 1.18062e-08
2.001 67 0.476347 0.00337487 0.00547804 1.18062e-08
2.001 68 0.410393 0.0130889 0.00118462 1.18062e-08
2.001 69 0.444906 0.00379487 0.00595963 1.18062e-08
2.001 70 0.359144 0.00571989 0.00626973 1.18062e-08
2.001 71 0.24045 0.0165668 0.0178119 1.18062e-08
2.001 72 0.459376 0.00770582 0.00341508 1.18062e-08
2.001 73 0.388056 0.0155169 0.0154798 1.18062e-08
2.001 74 0.419829 0.0115335 0.00111655 1.18062e-08
2.001 75 0.357246 0.010754 0.0113641 1.18062e-08
2.101 51 0.357745 0.016116 0.00989697 0
2.101 52 0.15015 0.00177846 0.0181701 0
2.101 53 0.396029 0.0134518 0.00536895 0
2.101 54 0.490569 0.0135449 0.0106329 0
2.101 55 0.493721 0.00790917 0.00189023 0
2.101 56 0.346685 0.00798237 0.00868095 0
2.101 57 0.315166 0.00825993 0.0019902 0
2.101 58 0.156855 0.00411552 0.0166134 0
2.101 59 0.379863 0.0113429 0.00431589 0
2.101 60 0.194873 0.0118748 0.0118289 0
2.101 61 0.484176 0.00967305 0.00282327 0
2.101 62 0.156211 0.00746296 0.0159358 0
2.101 63 0.158653 0.00852439 0.0195021 0
2.101 64 0.234654 0.014655 0.00489782 0
2.101 65 0.250913 0.0101806 0.0116365 0
2.101 66 0.18425 0.00620335 9.34123e-05 0
2.101 67 0.457218 0.00380162 0.00430976 0
2.101 68 0.429425 0.0131503 0.000770553 0
2.101 69 0.463906 0.00412655 0.00456908 0
2.101 70 0.340149 0.00561974 0.00477637 0
2.101 71 0.221444 0.0167531 0.017047 0
2.101 72 0.440334 0.00762708 0.00256485 0
2.101 73 0.407169 0.0153537 0.0145139 0
2.101 74 0.400811 0.0122016 0.000154455 0
2.101 75 0.338193 0.0106983 0.0101746 0
2.201 51 0.338773 0.0160702 0.00896552 0
2.201 52 0.131169 0.00168499 0.0193089 0
2.201 53 0.376952 0.0129978 0.00484653 0
2.201 54 0.471583 0.0134644 0.00928811 0
2.201 55 0.474759 0.00800337 0.000628172 0
2.201 56 0.327541 0.00860236 0.00841941 0
2.201 57 0.296155 0.00881856 0.000955149 0
2.201 58 0.137757 0.00404724 0.0151871 0
2.201 59 0.360822 0.011216 0.00278224 0
2.201 60 0.175717 0.0122374 0.0110088 0
2.201 61 0.496363 0.00953986 0.00233238 0
2.201 62 0.13715 0.00685918 0.0150422 0
2.201 63 0.139578 0.0078931 0.0181302 0
2.201 64 0.21566 0.0149214 0.00342364 0
2.201 65 0.231965 0.0112898 0.0108053 0
2.201 66 0.165177 0.00627267 0.00177285 0
2.201 67 0.438044 0.00389551 0.00379586 0
2.201 68 0.448416 0.0126071 0.000333037 0
2.201 69 0.48285 0.00456961 0.00253675 0
2.201 70 0.321102 0.00480088 0.00357039 0
2.201 71 0.202386 0.017129 0.0158145 0
2.201 72 0.421269 0.00739072 0.00121409 0
2.201 73 0.426289 0.0148346 0.0144306 0
2.201 74 0.381632 0.0122854 0.000208057 0
2.201 75 0.319072 0.0112673 0.00977007 0
2.301 51 0.319686 0.0161442 0.0083374 0
2.301 52 0.112133 0.00159628 0.0192752 0
2.301 53 0.357924 0.0129238 0.0046024 0
2.301 54 0.452673 0.0133494 0.00837265 0
2.301 55 0.455722 0.00769048 0.000232392 0
2.301 56 0.308511 0.00875316 0.00724175 0
2.301 57 0.277176 0.00989387 0.000724597 0
2.301 58 0.118797 0.00366132 0.0146386 0
2.301 59 0.341684 0.0114349 0.00172923 0
2.301 60 0.156598 0.0122028 0.0100844 0
2.301 61 0.477271 0.0088959 0.00197988 0
2.301 62 0.118056 0.00774296 0.0144066 0
2.301 63 0.120551 0.00784573 0.0167952 0
2.301 64 0.196723 0.0147159 0.00190492 0
2.301 65 0.212922 0.0111607 0.00981433 0
2.301 66 0.146008 0.0064306 0.00258208 0
2.301 67 0.418939 0.00401775 0.00230645 0
2.301 68 0.467448 0.0127797 0.000918282 0
2.301 69 0.497768 0.00469853 0.00173394 0
2.301 70 0.302101 0.00529707 0.00223454 0
2.301 71 0.18327 0.0180787 0.0147954 0
2.301 72 0.402157 0.00805803 0.000919296 0
2.301 73 0.445467 0.0146394 0.013803 0
2.301 74 0.362713 0.0125613 0.00124012 0
2.301 75 0.300022 0.0116661 0.00907737 0
2.401 51 0.300618 0.0165873 0.00745238 0
2.401 52 0.0931305 0.00173018 0.0177306 0
2.401 53 0.338807 0.0130464 0.00414491 0
2.401 54 0.433649 0.0130537 0.00700606 0
2.401 55 0.436731 0.00791886 0.000630685 0
2.401 56 0.289458 0.00856053 0.00606622 0
2.401 57 0.258107 0.00954513 0.00192823 1.08656e-08
2.401 58 0.0998396 0.00424596 0.0138498 1.08656e-08
2.401 59 0.322674 0.0108792 0.000640044 1.08656e-08
2.401 60 0.137595 0.0118376 0.00874479 1.08656e-08
2.401 61 0.458234 0.00862419 0.000861086 1.08656e-08
2.401 62 0.099103 0.00764859 0.0131783 1.08656e-08
2.401 63 0.101459 0.00754459 0.0163094 1.08656e-08
2.401 64 0.177685 0.0149774 0.000714689 1.08656e-08
2.401 65 0.193953 0.0104884 0.00845851 1.08656e-08
2.401 66 0.127 0.00678833 0.00324992 1.08656e-08
2.401 67 0.399891 0.0035745 0.0017019 1.08656e-08
2.401 68 0.48644 0.0126451 0.00184472 1.08656e-08
2.401 69 0.478637 0.00472481 0.000715204 1.08656e-08
2.401 70 0.283008 0.00583414 0.00105263 1.08656e-08
2.401 71 0.164238 0.0173178 0.0135487 1.08656e-08
2.401 72 0.383174 0.00870953 0.000290023 1.08656e-08
2.401 73 0.464535 0.0148029 0.0127813 1.08656e-08
2.401 74 0.343681 0.0116573 0.00303799 1.08656e-08
2.401 75 0.280918 0.0115354 0.00794715 1.08656e-08
2.501 51 0.281569 0.0163055 0.00636243 0
2.501 52 0.0740193 0.00178728 0.0175509 0
2.501 53 0.319843 0.0129199 0.0026113 0
2.501 54 0.414649 0.0129481 0.00533513 0
2.501 55 0.417673 0.00827514 0.00108661 0
2.501 56 0.270402 0.00927019 0.00442172 0
2.501 57 0.239107 0.00910296 0.00275395 0
2.501 58 0.0808211 0.00391645 0.0136777 0
2.501 59 0.303557 0.0112657 0.000488285 0
2.501 60 0.118558 0.0121097 0.00793372 0
2.501 61 0.43924 0.00846091 0.000357766 0
2.501 62 0.0800245 0.00829262 0.0131951 0
2.501 63 0.0822898 0.00720507 0.0150404 0
2.501 64 0.158691 0.0152829 0.000585659 0
2.501 65 0.174793 0.00944282 0.00879572 0
2.501 66 0.107974 0.00669288 0.00450898 0
2.501 67 0.380911 0.00350525 0.000217147 0
2.501 68 0.494079 0.0134112 0.00253762 0
2.501 69 0.459503 0.00535201 0.000634478 0
2.501 70 0.264034 0.00657051 0.00136803 0
2.501 71 0.145238 0.0178097 0.0123311 0
2.501 72 0.364098 0.00864934 0.000925139 0
2.501 73 0.483577 0.0143619 0.0121083 0
2.501 74 0.324606 0.0114878 0.00361241 0
2.501 75 0.261823 0.0112929 0.00721581 0
2.601 51 0.262528 0.0166705 0.00538119 0
2.601 52 0.0550397 0.00178238 0.0166537 0
2.601 53 0.300783 0.0131358 0.00118669 0
2.601 54 0.395619 0.0132601 0.00389478 0
2.601 55 0.398617 0.00907509 0.00263687 0
2.601 56 0.25131 0.00934249 0.00374468 4.6794e-08
2.601 57 0.220159 0.00840324 0.00417687 4.6794e-08
2.601 58 0.06188 0.00368735 0.013365 4.6794e-08
2.601 59 0.284552 0.0116777 0.000581468 4.6794e-08
2.601 60 0.0995748 0.0120993 0.00714104 4.6794e-08
2.601 61 0.420259 0.00797726 0.000722308 4.6794e-08
2.601 62 0.060972 0.00787825 0.0130662 4.6794e-08
2.601 63 0.0632441 0.00705178 0.0144154 4.6794e-08
2.601 64 0.139571 0.0154613 0.00127807 4.6794e-08
2.601 65 0.155936 0.00879849 0.00714568 4.6794e-08
2.601 66 0.0889212 0.00638402 0.00544699 4.6794e-08
2.601 67 0.361921 0.00319873 0.00163907 4.6794e-08
2.601 68 0.474969 0.0138336 0.00373382 4.6794e-08
2.601 69 0.44045 0.00570115 0.00199742 4.6794e-08
2.601 70 0.245073 0.00663449 0.000757142 6.77145e-08
2.601 71 0.126266 0.0171485 0.0104256 6.77145e-08
2.601 72 0.345078 0.00913834 0.00241451 6.77145e-08
2.601 73 0.49726 0.0144041 0.00943845 6.77145e-08
2.601 74 0.305648 0.0115537 0.00444467 6.77145e-08
2.601 75 0.242703 0.0114185 0.0059815 7.60271e-08
2.701 51 0.243567 0.0169986 0.00512101 0
2.701 52 0.0360307 0.00212352 0.015975 0
2.701 53 0.281651 0.0131641 0.000429578 0
2.701 54 0.376475 0.0129926 0.00325154 0
2.701 55 0.379597 0.00900877 0.00404817 0
2.701 56 0.232297 0.0101327 0.00335445 0
2.701 57 0.201007 0.00838437 0.00463436 0
2.701 58 0.0428684 0.00437338 0.0121264 0
2.701 59 0.265438 0.0117305 0.00122531 0
2.701 60 0.0805068 0.0126474 0.00561664 0
2.701 61 0.401295 0.00813197 0.00202814 0
2.701 62 0.0419774 0.00852999 0.012059 0
2.701 63 0.0442443 0.00715594 0.0136166 0
2.701 64 0.120518 0.0155897 0.00214111 0
2.701 65 0.136937 0.00823913 0.00713316 0
2.701 66 0.0698708 0.00694835 0.00637302 0
2.701 67 0.34287 0.00279868 0.00204426 0
2.701 68 0.455905 0.0139846 0.00511083 0
2.701 69 0.421344 0.00533414 0.0029268 0
2.701 70 0.225995 0.0060914 6.24008e-05 0
2.701 71 0.107235 0.0170964 0.00910612 0
2.701 72 0.326031 0.00943891 0.00308674 0
2.701 73 0.478225 0.0147259 0.00881266 0
2.701 74 0.286729 0.0111544 0.00560418 0
2.701 75 0.223677 0.0112 0.00443437 0
2.801 51 0.224389 0.0174615 0.00473526 0
2.801 52 0.0169084 0.00221971 0.0150807 0
2.801 53 0.262565 0.0137718 0.000816993 0
2.801 54 0.357368 0.0127833 0.00200923 0
2.801 55 0.36058 0.00896678 0.00552545 0
2.801 56 0.21343 0.0107264 0.00189174 0
2.801 57 0.181945 0.00877556 0.0050988 0
2.801 58 0.0237656 0.0047821 0.0112311 0
2.801 59 0.246367 0.0118813 0.00247115 3.31265e-08
2.801 60 0.0613924 0.0128031 0.00498482 3.31265e-08
2.801 61 0.382236 0.00764135 0.00301322 3.31265e-08
2.801 62 0.0230657 0.00836204 0.0117832 3.31265e-08
2.801 63 0.0251622 0.0076407 0.0128544 3.31265e-08
2.801 64 0.101557 0.0156998 0.00279714 3.31265e-08
2.801 65 0.117966 0.00742531 0.00583206 3.31265e-08
2.801 66 0.0509187 0.00702379 0.00744136 3.31265e-08
2.801 67 0.323877 0.00247456 0.00277509 3.31265e-08
2.801 68 0.436948 0.0142176 0.00659438 3.31265e-08
2.801 69 0.402188 0.00523328 0.00455976 3.31265e-08
2.801 70 0.206944 0.00606976 0.00150281 3.31265e-08
2.801 71 0.0883377 0.0173144 0.00767969 3.31265e-08
2.801 72 0.307138 0.00936791 0.00488928 3.31265e-08
2.801 73 0.459163 0.0148407 0.00799327 3.31265e-08
2.801 74 0.267587 0.0108564 0.00582645 3.31265e-08
2.801 75 0.204646 0.0106829 0.0027293 3.31265e-08
2.901 51 0.205338 0.0174637 0.00355351 0
2.901 52 0.00217936 0.00171106 0.0146139 0
2.901 53 0.243483 0.0139914 0.00233796 1.18488e-08
2.901 54 0.338332 0.0128605 0.000818781 1.18488e-08
2.901 55 0.341558 0.00855595 0.00592902 1.18488e-08
2.901 56 0.194445 0.0105668 0.000714148 1.18488e-08
2.901 57 0.162969 0.00969188 0.0071838 1.18488e-08
2.901 58 0.00468653 0.00507066 0.0099861 1.18488e-08
2.901 59 0.227325 0.0123408 0.00367631 1.18488e-08
2.901 60 0.0423823 0.0118732 0.00454216 1.18488e-08
2.901 61 0.363337 0.00735772 0.00428158 1.18488e-08
2.901 62 0.0041212 0.00767685 0.0108211 1.18488e-08
2.901 63 0.00603539 0.00780228 0.0115367 1.18488e-08
2.901 64 0.0825146 0.016415 0.00364565 1.18488e-08
2.901 65 0.0989377 0.0071985 0.00438867 1.18488e-08
2.901 66 0.0318752 0.00714423 0.00846053 1.18488e-08
2.901 67 0.304915 0.00223605 0.00419068 1.18488e-08
2.901 68 0.417916 0.0143365 0.00803057 1.18488e-08
2.901 69 0.383134 0.00516985 0.00656051 1.18488e-08
2.901 70 0.18794 0.00634863 0.00227062 1.18488e-08
2.901 71 0.0692275 0.0175968 0.00660212 1.18488e-08
2.901 72 0.288128 0.00864835 0.00616045 1.18488e-08
2.901 73 0.440098 0.0150271 0.00600426 1.18488e-08
2.901 74 0.248554 0.0108032 0.00684131 2.71236e-08
2.901 75 0.185559 0.0109225 0.00257504 2.71236e-08
3.001 51 0.186341 0.0177763 0.00212484 0
3.001 52 0.0212247 0.00128564 0.0136425 0
3.001 53 0.224428 0.0143275 0.00252169 0
3.001 54 0.31934 0.0135647 0.000126334 0
3.001 55 0.322328 0.00941033 0.00676293 0
3.001 56 0.175538 0.00969685 0.000685342 0
3.001 57 0.143966 0.0100711 0.00852119 0
3.001 58 0.0144805 0.00506234 0.00881293 0
3.001 59 0.208423 0.0124185 0.00520364 0
3.001 60 0.0233889 0.0118482 0.00325066 0
3.001 61 0.344279 0.00761619 0.00552323 0
3.001 62 0.0151915 0.00810672 0.0101787 0
3.001 63 0.0132737 0.00764763 0.011769 0
3.001 64 0.0633952 0.0164817 0.00429351 0
3.001 65 0.0799544 0.0075398 0.00364734 0
3.001 66 0.0128981 0.0069644 0.00975352 0
3.001 67 0.285865 0.00177399 0.00543632 0
3.001 68 0.398836 0.0148952 0.00867994 0
3.001 69 0.36407 0.00554469 0.00840477 0
3.001 70 0.168972 0.00598866 0.00409429 0
3.001 71 0.0501628 0.018435 0.00609143 0
3.001 72 0.269097 0.0091641 0.00748053 0
3.001 73 0.421071 0.0155768 0.00540079 0
3.001 74 0.229561 0.0106756 0.00820977 0
3.001 75 0.166559 0.0112613 0.00159526 0
3.101 51 0.167339 0.0185255 0.00107448 0
3.101 52 0.0403056 0.000899683 0.0123992 0
3.101 53 0.205286 0.0142233 0.00346286 0
3.101 54 0.300286 0.0134207 0.00178009 0
3.101 55 0.303345 0.00894321 0.00788228 0
3.101 56 0.156571 0.00937345 0.00191692 0
3.101 57 0.124941 0.0101142 0.00946373 0
3.101 58 0.0335291 0.0052195 0.00766101 0
3.101 59 0.189393 0.0127768 0.00617304 0
3.101 60 0.00436235 0.0119632 0.00221828 0
3.101 61 0.325275 0.00717576 0.00696438 0
3.101 62 0.0342378 0.00823238 0.00884815 0
3.101 63 0.0323181 0.00697631 0.0108233 0
3.101 64 0.0443211 0.0169057 0.0054252 0
3.101 65 0.0608932 0.00796076 0.0035059 0
3.101 66 0.00639256 0.00688849 0.0115584 0
3.101 67 0.266875 0.000668684 0.00654029 0
3.101 68 0.379864 0.0145885 0.00997767 0
3.101 69 0.344899 0.00570389 0.0084848 0
3.101 70 0.149855 0.0058253 0.0051748 0
3.101 71 0.0311384 0.0184333 0.00497455 0
3.101 72 0.250137 0.00868291 0.00821768 1.09217e-08
3.101 73 0.402088 0.0160783 0.00453811 1.09217e-08
3.101 74 0.21051 0.0106638 0.00857786 1.09217e-08
3.101 75 0.147556 0.0113027 0.000669644 1.09217e-08
3.201 51 0.148262 0.018054 0.00035354 0
3.201 52 0.0594099 0.000913455 0.011606 0
3.201 53 0.186187 0.0137341 0.00446141 0
3.201 54 0.281237 0.0129458 0.00334735 0
3.201 55 0.28435 0.00857058 0.00849109 0
3.201 56 0.137488 0.00903865 0.00314878 0
3.201 57 0.10593 0.0102752 0.0106726 0
3.201 58 0.0525643 0.00436696 0.00697504 0
3.201 59 0.170282 0.0128046 0.00703814 0
3.201 60 0.0149921 0.0118943 0.00220156 0
3.201 61 0.306224 0.0070339 0.00815203 0
3.201 62 0.0533254 0.00793741 0.00817019 0
3.201 63 0.0513679 0.00732103 0.00921603 0
3.201 64 0.0253189 0.0169754 0.00595137 0
3.201 65 0.0419347 0.00759462 0.00222688 0
3.201 66 0.0254185 0.00651653 0.0118224 0
3.201 67 0.247827 0.0011759 0.00770123 0
3.201 68 0.360704 0.0139442 0.0104665 0
3.201 69 0.325849 0.00601229 0.00950856 0
3.201 70 0.130937 0.00541737 0.00708027 0
3.201 71 0.0121474 0.0182904 0.00365474 0
3.201 72 0.23101 0.00936644 0.00921625 0
3.201 73 0.383091 0.0161303 0.00359973 0
3.201 74 0.191509 0.0103273 0.0101925 0
3.201 75 0.12834 0.0117456 0.000512646 0
3.301 51 0.129279 0.0176841 0.0017013 0
3.301 52 0.0784004 0.000966624 0.0106574 0
3.301 53 0.167109 0.0140955 0.00534128 0
3.301 54 0.262188 0.013698 0.00402345 0
3.301 55 0.265316 0.00803989 0.00947521 0
3.301 56 0.118383 0.00943718 0.00445011 0
3.301 57 0.0870167 0.0105709 0.0117953 0
3.301 58 0.0714887 0.0045998 0.00553932 0
3.301 59 0.151241 0.0127374 0.00866442 0
3.301 60 0.0340808 0.0118912 0.00147635 0
3.301 61 0.287127 0.00709439 0.00858414 0
3.301 62 0.0723558 0.00799401 0.00813734 0
3.301 63 0.0703555 0.00724219 0.00799283 0
3.301 64 0.00627308 0.0172199 0.00719996 0
3.301 65 0.0228497 0.00719624 0.00140691 0
3.301 66 0.0444012 0.00698272 0.0122289 0
3.301 67 0.228742 0.000937755 0.00838607 0
3.301 68 0.341732 0.013877 0.0118761 0
3.301 69 0.306779 0.00569027 0.0101032 0
3.301 70 0.111774 0.00498288 0.00759502 0
3.301 71 0.00716862 0.0188976 0.00295176 0
3.301 72 0.211953 0.00920336 0.0104836 0
3.301 73 0.364105 0.0152964 0.00285113 0
3.301 74 0.172473 0.0102131 0.0115183 0
3.301 75 0.109298 0.0115964 0.000480379 0
3.401 51 0.110165 0.0171703 0.002465 0
3.401 52 0.0973519 0.00102366 0.00906872 0
3.401 53 0.147996 0.0146763 0.00595861 0
3.401 54 0.243145 0.0137188 0.00472617 9.09965e-09
3.401 55 0.246266 0.00744483 0.00977965 9.09965e-09
3.401 56 0.0993995 0.00989305 0.00614878 9.09965e-09
3.401 57 0.0680366 0.0104279 0.012765 9.09965e-09
3.401 58 0.090593 0.00461295 0.00482951 9.09965e-09
3.401 59 0.132269 0.0125397 0.0100009 9.09965e-09
3.401 60 0.0532185 0.0126241 0.000691119 9.09965e-09
3.401 61 0.268186 0.00740443 0.00925144 9.09965e-09
3.401 62 0.0913598 0.00779821 0.0069051 9.09965e-09
3.401 63 0.0893246 0.0076212 0.00698725 9.09965e-09
3.401 64 0.0127721 0.0171947 0.00853511 9.09965e-09
3.401 65 0.00389191 0.00711405 4.40496e-05 9.09965e-09
3.401 66 0.0634331 0.00671707 0.0126121 9.09965e-09
3.401 67 0.209644 0.000468964 0.0091442 9.09965e-09
3.401 68 0.322697 0.0139176 0.0127184 9.09965e-09
3.401 69 0.287634 0.00615379 0.0111123 9.09965e-09
3.401 70 0.0927461 0.00468043 0.00831773 9.09965e-09
3.401 71 0.0261722 0.0184052 0.00134592 9.09965e-09
3.401 72 0.192926 0.00911884 0.0117844 9.09965e-09
3.401 73 0.345146 0.0155199 0.00188137 9.09965e-09
3.401 74 0.15351 0.0102909 0.0126961 9.09965e-09
3.401 75 0.0902061 0.0114141 0.00101612 9.09965e-09
3.501 51 0.0911703 0.0183587 0.00301741 0
3.501 52 0.116316 0.0010171 0.00817602 0
3.501 53 0.128956 0.0150618 0.00719584 0
3.501 54 0.224007 0.0135371 0.00600293 0
3.501 55 0.227331 0.00755541 0.0110096 0
3.501 56 0.0803969 0.0105129 0.00823858 0
3.501 57 0.0489595 0.0106238 0.0137538 0
3.501 58 0.109659 0.0043118 0.00367946 0
3.501 59 0.113398 0.0121178 0.0105465 0
3.501 60 0.0722763 0.0128283 4.3813e-05 0
3.501 61 0.249141 0.0073873 0.0101418 0
3.501 62 0.110347 0.00758622 0.00605017 0
3.501 63 0.108414 0.00842335 0.00585908 0
3.501 64 0.031722 0.0175195 0.00886738 0
3.501 65 0.0153705 0.00692218 0.000782681 0
3.501 66 0.0824955 0.00684332 0.0140378 0
3.501 67 0.190514 4.41251e-05 0.00982646 0
3.501 68 0.303609 0.0134459 0.0137125 0
3.501 69 0.268624 0.00572651 0.0121788 0
3.501 70 0.0737191 0.00499645 0.00986395 0
3.501 71 0.0452531 0.0186316 0.000870056 0
3.501 72 0.173946 0.00912167 0.0130847 0
3.501 73 0.326212 0.0163912 0.000414737 0
3.501 74 0.13449 0.00946194 0.0136492 0
3.501 75 0.0712495 0.0113667 0.0032786 0
3.601 51 0.0721795 0.019355 0.00498109 0
3.601 52 0.135393 0.00182318 0.00672769 0
3.601 53 0.109978 0.0157577 0.00877684 0
3.601 54 0.204927 0.0125575 0.0071995 0
3.601 55 0.208339 0.00794301 0.012994 0
3.601 56 0.0613967 0.010394 0.0100466 0
3.601 57 0.029876 0.0104999 0.0147533 0
3.601 58 0.128716 0.0035059 0.00257808 0
3.601 59 0.0943687 0.0121761 0.0113266 0
3.601 60 0.0912874 0.0130685 0.00120171 0
3.601 61 0.230015 0.00772377 0.0116899 0
3.601 62 0.129434 0.0080743 0.00528972 0
3.601 63 0.127471 0.00864754 0.00477927 0
3.601 64 0.0508229 0.0178376 0.00899705 0
3.601 65 0.0343397 0.00684105 0.00196119 0
3.601 66 0.101652 0.00729665 0.014225 0
3.601 67 0.171448 0.000186254 0.0107913 0
3.601 68 0.28453 0.0135384 0.0146176 0
3.601 69 0.249563 0.00499595 0.0134734 0
3.601 70 0.0546309 0.00521509 0.0103433 0
3.601 71 0.0643669 0.0182816 0.000337902 0
3.601 72 0.154829 0.00956179 0.0136512 0
3.601 73 0.30713 0.016683 0.0002739 0
3.601 74 0.115416 0.00935869 0.0148452 0
3.601 75 0.0522769 0.0118957 0.00443128 0
3.701 51 0.0531158 0.0196628 0.00578034 0
3.701 52 0.154543 0.00150602 0.00612577 0
3.701 53 0.0909815 0.015924 0.00978934 0
3.701 54 0.185893 0.0129921 0.00874266 0
3.701 55 0.189313 0.00775661 0.0143635 0
3.701 56 0.0423595 0.0104934 0.0105613 0
3.701 57 0.0107733 0.0106411 0.0156278 0
3.701 58 0.147698 0.00364685 0.00187962 0
3.701 59 0.075269 0.0124717 0.012097 0
3.701 60 0.110359 0.0132436 0.00255888 0
3.701 61 0.210975 0.00750334 0.0130119 0
3.701 62 0.148449 0.00798116 0.00385609 0
3.701 63 0.146557 0.00891199 0.00391231 0
3.701 64 0.0698624 0.0182241 0.00931932 0
3.701 65 0.0533401 0.00690013 0.00261261 0
3.701 66 0.120654 0.00722176 0.0153754 0
3.701 67 0.152367 0.00039547 0.0115258 0
3.701 68 0.265563 0.0135238 0.0160403 0
3.701 69 0.230513 0.00464361 0.0142644 0
3.701 70 0.0356544 0.00473952 0.0116496 0
3.701 71 0.0833721 0.0178199 0.000568708 0
3.701 72 0.13582 0.00969366 0.0149436 0
3.701 73 0.287945 0.0160191 0.00115573 0
3.701 74 0.0963427 0.00943698 0.0150773 0
3.701 75 0.0331762 0.0124338 0.00602598 0
3.801 51 0.0341033 0.0196256 0.0067277 0
3.801 52 0.173646 0.00233882 0.00496604 0
3.801 53 0.0720276 0.0161608 0.0112829 0
3.801 54 0.166821 0.0136681 0.00942234 0
3.801 55 0.170315 0.00811009 0.0156713 0
3.801 56 0.0234177 0.0100183 0.0116016 0
3.801 57 0.00848572 0.0105624 0.0163107 0
3.801 58 0.166815 0.00334846 0.00111293 0
3.801 59 0.0561071 0.0127747 0.0129303 0
3.801 60 0.129473 0.0134861 0.00366637 0
3.801 61 0.19196 0.00725711 0.0145403 0
3.801 62 0.167594 0.00864927 0.00321429 0
3.801 63 0.165568 0.00831275 0.00316971 0
3.801 64 0.0888972 0.0174282 0.0101946 0
3.801 65 0.0723554 0.0068854 0.00292892 0
3.801 66 0.139683 0.00748197 0.0162728 0
3.801 67 0.133338 0.00066392 0.0127737 0
3.801 68 0.246625 0.0137211 0.0167907 0
3.801 69 0.211438 0.00453674 0.0163723 0
3.801 70 0.0166697 0.00531601 0.0124819 0
3.801 71 0.102322 0.0167583 0.00139114 0
3.801 72 0.116699 0.00984073 0.0158281 0
3.801 73 0.268909 0.0162259 0.0023414 0
3.801 74 0.077304 0.00978704 0.0162456 0
3.801 75 0.0141855 0.0124236 0.00720389 0
3.901 51 0.0150853 0.0195904 0.00714503 0
3.901 52 0.192774 0.00161649 0.00446762 0
3.901 53 0.0528669 0.0166828 0.0121335 0
3.901 54 0.147803 0.0135932 0.00943044 0
3.901 55 0.151087 0.00777733 0.0163498 0
3.901 56 0.00434016 0.0107975 0.0125214 0
3.901 57 0.0273789 0.0105522 0.0178927 0
3.901 58 0.185699 0.00249496 0.000807423 0
3.901 59 0.0370042 0.0128147 0.0138721 0
3.901 60 0.148483 0.0139731 0.00463119 0
3.901 61 0.172987 0.00744511 0.0159791 0
3.901 62 0.186592 0.00845726 0.00239647 0
3.901 63 0.184535 0.00806077 0.00137855 0
3.901 64 0.107904 0.0174357 0.0107132 0
3.901 65 0.0914236 0.00723371 0.00383916 0
3.901 66 0.158757 0.00692155 0.0175194 0
3.901 67 0.114237 0.000684251 0.0138821 0
3.901 68 0.227662 0.0140538 0.0181978 0
3.901 69 0.192457 0.00482946 0.0167456 0
3.901 70 0.00264257 0.00476807 0.0146475 0
3.901 71 0.121368 0.0164182 0.00245709 0
3.901 72 0.0976798 0.0104283 0.0176107 0
3.901 73 0.249979 0.0160652 0.00284549 1.6859e-08
3.901 74 0.0582323 0.00986886 0.0179988 1.6859e-08
3.901 75 0.00505825 0.0118399 0.00800758 1.6859e-08
4.001 51 0.00402504 0.0191608 0.00875096 0
4.001 52 0.211758 0.00197228 0.00412106 0
4.001 53 0.0338135 0.0165288 0.0127672 0
4.001 54 0.128699 0.0141468 0.00975277 0
4.001 55 0.132 0.00795883 0.0180149 0
4.001 56 0.0150408 0.0110086 0.0136017 0
4.001 57 0.0464415 0.0103317 0.019405 0
4.001 58 0.204685 0.00323687 0.00152384 0
4.001 59 0.0178744 0.0128286 0.014193 0
4.001 60 0.167304 0.0136925 0.00661456 0
4.001 61 0.153993 0.00766577 0.0176436 0
4.001 62 0.205711 0.00861018 0.00112259 0
4.001 63 0.203546 0.00783857 0.000327635 0
4.001 64 0.127031 0.0180365 0.0118227 0
4.001 65 0.11034 0.00753766 0.00530353 0
4.001 66 0.177783 0.0066213 0.018434 0
4.001 67 0.0953395 0.00015362 0.015784 0
4.001 68 0.208683 0.0140411 0.0196055 0
4.001 69 0.173479 0.00474367 0.0171696 0
4.001 70 0.0216936 0.00475058 0.0158034 0
4.001 71 0.140397 0.0165631 0.00375374 0
4.001 72 0.0786693 0.0104461 0.0189574 0
4.001 73 0.230987 0.0165208 0.00414467 0
4.001 74 0.0392214 0.00939085 0.0193096 0
4.001 75 0.0240633 0.0125525 0.00897158 0
4.101 51 0.0230192 0.0186036 0.00948487 0
4.101 52 0.230894 0.00158851 0.00410463 0
4.101 53 0.0147582 0.0169664 0.0138532 0
4.101 54 0.109601 0.0140424 0.0110492 0
4.101 55 0.112896 0.00750056 0.0186064 0
4.101 56 0.0341728 0.0102687 0.0144747 0
4.101 57 0.065412 0.0110241 0.0193371 0
4.101 58 0.223609 0.00240864 0.00269725 0
4.101 59 0.00147596 0.0127264 0.0147451 0
4.101 60 0.18635 0.0132969 0.00797437 0
4.101 61 0.134998 0.00718981 0.0183823 0
4.101 62 0.224807 0.00827227 0.000270897 0
4.101 63 0.222547 0.00837682 0.00120596 0
4.101 64 0.146124 0.0168976 0.0126738 0
4.101 65 0.129338 0.00753471 0.0061948 0
4.101 66 0.19679 0.00686092 0.01973 0
4.101 67 0.0763798 0.000494505 0.0170031 0
4.101 68 0.189671 0.0143036 0.0189876 0
4.101 69 0.154477 0.00455608 0.0184791 0
4.101 70 0.0407335 0.00444497 0.0167097 0
4.101 71 0.159318 0.0168378 0.00466227 0
4.101 72 0.0596064 0.0108803 0.0196024 0
4.101 73 0.21219 0.0162663 0.00563679 0
4.101 74 0.0201817 0.00898978 0.0194352 0
4.101 75 0.042987 0.0128021 0.0106914 0
4.201 51 0.0418648 0.017984 0.0111288 0
4.201 52 0.249971 0.00236426 0.00333034 1.0904e-08
4.201 53 0.00446488 0.0169237 0.0147732 1.0904e-08
4.201 54 0.0906495 0.0141412 0.0119789 1.0904e-08
4.201 55 0.0938257 0.00718807 0.0190641 1.0904e-08
4.201 56 0.05317 0.0101627 0.0158087 1.0904e-08
4.201 57 0.084373 0.0107758 0.018844 1.0904e-08
4.201 58 0.242647 0.00183734 0.003071 1.0904e-08
4.201 59 0.0205714 0.0135434 0.0150756 1.0904e-08
4.201 60 0.205335 0.0136152 0.00885568 1.0904e-08
4.201 61 0.11611 0.00767135 0.0196695 1.0904e-08
4.201 62 0.243735 0.00754994 0.000968407 2.72856e-08
4.201 63 0.24156 0.00879915 0.00265686 3.67763e-08
4.201 64 0.165203 0.0170219 0.0133675 3.67763e-08
4.201 65 0.148359 0.00720915 0.00686199 3.67763e-08
4.201 66 0.215897 0.00717414 0.0192371 3.67763e-08
4.201 67 0.0573523 0.000755225 0.018484 3.67763e-08
4.201 68 0.170651 0.0138985 0.0180323 3.67763e-08
4.201 69 0.135378 0.00430301 0.0191796 3.67763e-08
4.201 70 0.0597352 0.0036379 0.0173879 3.67763e-08
4.201 71 0.178374 0.0159721 0.00555217 3.67763e-08
4.201 72 0.040527 0.0102989 0.0183789 3.67763e-08
4.201 73 0.193011 0.0167312 0.00609293 3.67763e-08
4.201 74 0.00116147 0.0082637 0.0183587 3.67763e-08
4.201 75 0.0620465 0.0128901 0.0115404 3.67763e-08
4.301 51 0.0608609 0.0180147 0.0123839 0
4.301 52 0.26892 0.00163631 0.00309978 0
4.301 53 0.0235439 0.0162168 0.0157224 0
4.301 54 0.0715361 0.013897 0.0131307 0
4.301 55 0.0748348 0.00701606 0.0198565 0
4.301 56 0.0722332 0.0102511 0.016635 0
4.301 57 0.103297 0.00999253 0.0176571 0
4.301 58 0.261619 0.00217551 0.00378783 0
4.301 59 0.0396178 0.0128265 0.0162862 0
4.301 60 0.22434 0.0135696 0.0104471 0
4.301 61 0.0970967 0.00793348 0.018948 0
4.301 62 0.262867 0.00684108 0.00198636 0
4.301 63 0.260537 0.008682 0.00441161 0
4.301 64 0.184231 0.016519 0.0140367 0
4.301 65 0.167473 0.00699627 0.00706979 0
4.301 66 0.234799 0.00780056 0.0181153 0
4.301 67 0.0382687 0.000616169 0.0191804 0
4.301 68 0.15161 0.0132431 0.0167857 0
4.301 69 0.116284 0.00413397 0.0197876 0
4.301 70 0.0786809 0.00422978 0.0188529 0
4.301 71 0.197262 0.0160322 0.00705319 0
4.301 72 0.0216319 0.0108193 0.0167425 0
4.301 73 0.174085 0.0174778 0.00741957 0
4.301 74 0.0177791 0.00740741 0.0169169 0
4.301 75 0.0810684 0.0132131 0.011994 0
4.401 51 0.079969 0.0181104 0.013464 0
4.401 52 0.288027 0.00142063 0.00208223 0
4.401 53 0.0425904 0.0153121 0.0167371 0
4.401 54 0.0524202 0.0129819 0.0139265 0
4.401 55 0.0558535 0.00674265 0.019272 0
4.401 56 0.0912051 0.0100927 0.0178357 0
4.401 57 0.122338 0.00995967 0.0170571 0
4.401 58 0.280697 0.00285889 0.00469672 0
4.401 59 0.058631 0.0129649 0.0178785 0
4.401 60 0.243331 0.013799 0.0113869 0
4.401 61 0.0781435 0.00783617 0.0184206 0
4.401 62 0.281952 0.00709791 0.00335811 0
4.401 63 0.279553 0.00860849 0.00585479 0
4.401 64 0.20327 0.0161982 0.0152045 0
4.401 65 0.186568 0.0067236 0.00760931 0
4.401 66 0.253788 0.00720158 0.0171482 0
4.401 67 0.0192328 0.00119334 0.0195239 0
4.401 68 0.132549 0.0133014 0.015833 0
4.401 69 0.0972427 0.00437041 0.0187626 0
4.401 70 0.0978295 0.00393222 0.0194682 0
4.401 71 0.21637 0.016445 0.00787071 0
4.401 72 0.00262723 0.0103555 0.015828 0
4.401 73 0.155071 0.0178589 0.0085458 0
4.401 74 0.0368637 0.00707076 0.0160281 0
4.401 75 0.100131 0.0135311 0.0126709 0
4.501 51 0.0990222 0.017846 0.0145415 0
4.501 52 0.30716 0.00188424 0.00157928 0
4.501 53 0.0617218 0.0149054 0.0168074 0
4.501 54 0.0333095 0.0128573 0.0146206 0
4.501 55 0.0367936 0.00680126 0.0181966 0
4.501 56 0.110301 0.0100319 0.0188099 0
4.501 57 0.141327 0.00949666 0.0165156 0
4.501 58 0.29966 0.00236225 0.00625718 0
4.501 59 0.0776463 0.0129736 0.0187432 0
4.501 60 0.262413 0.0138287 0.0122967 0
4.501 61 0.0590276 0.00837511 0.0173394 0
4.501 62 0.300913 0.0068356 0.00430242 0
4.501 63 0.298556 0.00816546 0.00745952 0
4.501 64 0.222193 0.0165656 0.0160089 0
4.501 65 0.205584 0.0070049 0.00856651 0
4.501 66 0.272904 0.00680999 0.0164958 0
4.501 67 0.000307923 0.00155878 0.0189686 0
4.501 68 0.113474 0.0127238 0.0151899 0
4.501 69 0.0782077 0.00388789 0.0167365 0
4.501 70 0.116792 0.0031666 0.0188158 0
4.501 71 0.235397 0.0164527 0.00864296 0
4.501 72 0.0167024 0.0109118 0.0143442 0
4.501 73 0.136114 0.0183289 0.00965018 0
4.501 74 0.0558843 0.00652987 0.0149536 0
4.501 75 0.119215 0.0134552 0.0136033 0
4.601 51 0.118011 0.0175626 0.0155441 0
4.601 52 0.326112 0.00120773 4.11181e-05 0
4.601 53 0.0807708 0.0156612 0.0168521 0
4.601 54 0.0142297 0.0127697 0.015785 0
4.601 55 0.0177635 0.00654686 0.0173901 0
4.601 56 0.129254 0.0100436 0.0194543 0
4.601 57 0.16043 0.0096372 0.0158265 0
4.601 58 0.318641 0.00279669 0.00674123 0
4.601 59 0.0965929 0.012286 0.0198436 0
4.601 60 0.281444 0.0138808 0.0127494 0
4.601 61 0.0398951 0.00799317 0.0165615 0
4.601 62 0.319888 0.00712572 0.00500292 0
4.601 63 0.317473 0.0086762 0.00873272 0
4.601 64 0.24123 0.0167533 0.0169665 0
4.601 65 0.224707 0.00762802 0.00958166 0
4.601 66 0.29193 0.00702806 0.0167494 0
4.601 67 0.0190364 0.0021877 0.0182119 0
4.601 68 0.0944626 0.0136705 0.0143445 0
4.601 69 0.059201 0.00474573 0.0159389 0
4.601 70 0.135831 0.0028047 0.018216 0
4.601 71 0.254441 0.0166117 0.010331 0
4.601 72 0.0356709 0.0107792 0.0126345 0
4.601 73 0.117078 0.0185123 0.0112116 0
4.601 74 0.0749601 0.00630649 0.0142006 0
4.601 75 0.138176 0.0135219 0.0146384 0
4.701 51 0.137063 0.0182584 0.0159523 0
4.701 52 0.345096 0.000514976 0.000963297 0
4.701 53 0.099728 0.0155478 0.0178417 0
4.701 54 0.00480863 0.0117027 0.0170635 0
4.701 55 0.00146656 0.00614282 0.0156689 0
4.701 56 0.148287 0.0105337 0.019619 0
4.701 57 0.179442 0.0104304 0.0153048 0
4.701 58 0.337606 0.00224843 0.00884887 0
4.701 59 0.115614 0.0129503 0.0192631 0
4.701 60 0.300444 0.0141312 0.0144668 0
4.701 61 0.0207765 0.00768478 0.015563 0
4.701 62 0.338993 0.00716912 0.00646825 0
4.701 63 0.336412 0.00951622 0.00966291 0
4.701 64 0.260237 0.0168894 0.0177656 0
4.701 65 0.24364 0.00797916 0.010427 0
4.701 66 0.311005 0.00747262 0.0161607 0
4.701 67 0.0379769 0.00215908 0.0169662 0
4.701 68 0.0754082 0.0133897 0.0131478 0
4.701 69 0.0401297 0.00513071 0.0154439 0
4.701 70 0.154873 0.00226144 0.0172968 0
4.701 71 0.273554 0.0162688 0.0120593 0
4.701 72 0.0547357 0.0104559 0.0120787 0
4.701 73 0.0980305 0.0184359 0.0124446 0
4.701 74 0.0940498 0.00641881 0.0130785 0
4.701 75 0.157143 0.0137276 0.0168957 0
4.801 51 0.156167 0.0179581 0.0169545 0
4.801 52 0.36409 0.000340816 0.00281512 0
4.801 53 0.118755 0.0159786 0.0185838 0
4.801 54 0.0238802 0.011886 0.017391 0
4.801 55 0.0203853 0.00605276 0.01501 0
4.801 56 0.167279 0.0108662 0.0182075 0
4.801 57 0.19848 0.0101644 0.013844 0
4.801 58 0.356522 0.0022453 0.0102866 0
4.801 59 0.134663 0.0130601 0.0180522 0
4.801 60 0.319618 0.0143401 0.014778 0
4.801 61 0.00180107 0.00824696 0.0147766 0
4.801 62 0.35806 0.00774531 0.00673226 0
4.801 63 0.355538 0.00947929 0.0101251 0
4.801 64 0.279348 0.0160332 0.0190409 0
4.801 65 0.262541 0.00770005 0.0119174 0
4.801 66 0.32999 0.00733897 0.0149483 0
4.801 67 0.0569956 0.00213307 0.0156523 0
4.801 68 0.0562983 0.0140456 0.0129241 0
4.801 69 0.0211619 0.00509036 0.0144216 0
4.801 70 0.173894 0.00182821 0.0156293 0
4.801 71 0.292512 0.0164527 0.0134569 0
4.801 72 0.0737801 0.0111719 0.010608 0
4.801 73 0.0790103 0.0194264 0.0131804 0
4.801 74 0.113221 0.0069176 0.0122727 0
4.801 75 0.176147 0.0133381 0.018275 0
4.901 51 0.175263 0.0184971 0.0174877 0
4.901 52 0.383098 0.000723789 0.00380462 0
4.901 53 0.137642 0.0154024 0.0195108 0
4.901 54 0.0427 0.0112404 0.0187212 0
4.901 55 0.0394251 0.00556188 0.014514 0
4.901 56 0.186266 0.0111957 0.0173823 0
4.901 57 0.217502 0.0101691 0.0119911 0
4.901 58 0.375511 0.00251763 0.0112274 0
4.901 59 0.153668 0.0127042 0.0176289 0
4.901 60 0.33866 0.0144018 0.0159159 0
4.901 61 0.017401 0.00849662 0.0133839 0
4.901 62 0.37714 0.00741698 0.00808362 0
4.901 63 0.374647 0.0101489 0.0106943 0
4.901 64 0.298382 0.0160785 0.0192147 0
4.901 65 0.281568 0.00782591 0.0131479 0
4.901 66 0.349047 0.00665381 0.0134079 0
4.901 67 0.0760224 0.00185786 0.0152662 0
4.901 68 0.0373429 0.0140646 0.011748 0
4.901 69 0.0021583 0.00507402 0.0135688 0
4.901 70 0.192842 0.00175558 0.0146139 0
4.901 71 0.311546 0.0161376 0.0147289 0
4.901 72 0.0927447 0.0120136 0.00940909 0
4.901 73 0.0599371 0.0194208 0.014671 0
4.901 74 0.132209 0.00650813 0.0108211 0
4.901 75 0.195181 0.0133478 0.0196612 0
