0.001 51 0.22824 0.0115581 0.0184907 0
0.001 52 0.0888024 0.0163006 0.0137066 0
0.001 53 0.470799 0.00422596 0.00796716 0
0.001 54 0.21978 0.0122096 0.00937154 0
0.001 55 0.285405 0.000231765 0.0107607 0
0.001 56 0.123975 0.0179601 0.00873107 0
0.001 57 0.068056 0.0107986 0.00782001 0
0.001 58 0.348328 0.0199496 0.0195421 0
0.001 59 0.127711 0.0134348 0.00590669 0
0.001 60 0.357233 0.00858199 0.00860363 0
0.001 61 0.495724 0.00669022 0.00327123 0
0.001 62 0.449384 0.0152245 0.00695644 0
0.001 63 0.311053 0.0103303 0.00290045 0
0.001 64 0.022722 0.0150708 0.00756008 0
0.001 65 0.348135 0.00545694 0.0175211 0
0.101 51 0.247362 0.0111817 0.0187888 0
0.101 52 0.1078 0.016321 0.014549 0
0.101 53 0.489846 0.004293 0.00925899 0
0.101 54 0.238869 0.0117539 0.0101612 0
0.101 55 0.304477 0.000105438 0.0116633 0
0.101 56 0.143053 0.01771 0.00949724 0
0.101 57 0.0870901 0.01121 0.00833148 0
0.101 58 0.36726 0.019928 0.0184201 0
0.101 59 0.146774 0.0136737 0.00744318 0
0.101 60 0.376278 0.00834123 0.00929512 0
0.101 61 0.485145 0.00712554 0.00398199 0
0.101 62 0.468384 0.0148917 0.00796629 0
0.101 63 0.330094 0.0104315 0.00408331 0
0.101 64 0.0418681 0.0152859 0.00841637 0
0.101 65 0.367182 0.00486983 0.0181754 0
0.201 51 0.266329 0.0112069 0.0198762 0
0.201 52 0.126788 0.0161376 0.0158182 0
0.201 53 0.490939 0.00401726 0.0107463 0
0.201 54 0.257928 0.0116247 0.011325 0
0.201 55 0.323581 0.00105895 0.012368 0
0.201 56 0.162081 0.0175478 0.0102247 0
0.201 57 0.106244 0.0112485 0.00892106 0
0.201 58 0.386235 0.019492 0.0174155 0
0.201 59 0.165821 0.013986 0.00907175 0
0.201 60 0.395407 0.00888518 0.0102743 0
0.201 61 0.466128 0.00749596 0.00509966 0
0.201 62 0.487433 0.0144638 0.00908363 0
0.201 63 0.349117 0.0111765 0.00479586 0
0.201 64 0.0608711 0.0148116 0.00894211 0
0.201 65 0.386207 0.00463281 0.0189307 0
0.301 51 0.285414 0.0111251 0.0189135 0
0.301 52 0.145764 0.0160226 0.0173168 0
0.301 53 0.471876 0.00409642 0.0123249 0
0.301 54 0.277068 0.0120717 0.0127563 0
0.301 55 0.342601 0.00158669 0.0134527 0
0.301 56 0.181228 0.0173069 0.0102843 0
0.301 57 0.125224 0.0110278 0.00914002 0
0.301 58 0.405287 0.0191607 0.0163318 0
0.301 59 0.184824 0.0143375 0.010466 0
0.301 60 0.414418 0.00892872 0.0114188 0
0.301 61 0.447016 0.00780961 0.00608907 0
0.301 62 0.493522 0.0141794 0.00988499 0
0.301 63 0.368097 0.0106668 0.00606716 0
0.301 64 0.0797968 0.0144672 0.0100695 0
0.301 65 0.405117 0.00594103 0.019253 0
0.401 51 0.304496 0.0113831 0.0185529 0
0.401 52 0.164796 0.0163847 0.0189209 0
0.401 53 0.452799 0.00488374 0.012132 0
0.401 54 0.296039 0.0112686 0.0139707 0
0.401 55 0.361623 0.00189111 0.0146021 0
0.401 56 0.200336 0.0175214 0.0110484 0
0.401 57 0.144289 0.0115018 0.00971699 0
0.401 58 0.424282 0.018914 0.0156897 0
0.401 59 0.203881 0.0140984 0.0112353 0
0.401 60 0.433303 0.00881704 0.0127649 0
0.401 61 0.427998 0.00798108 0.00718179 0
0.401 62 0.474504 0.0134439 0.0117178 0
0.401 63 0.387199 0.010788 0.00722605 0
0.401 64 0.0988524 0.0139913 0.0115404 0
0.401 65 0.424123 0.00648539 0.019366 0
0.501 51 0.323457 0.0114755 0.0172631 0
0.501 52 0.183863 0.0169171 0.0198468 0
0.501 53 0.433813 0.00434934 0.0130518 0
0.501 54 0.315105 0.0109522 0.0156364 0
0.501 55 0.380638 0.00123309 0.0156106 0
0.501 56 0.219459 0.0174291 0.012158 0
0.501 57 0.163374 0.0115775 0.0105913 0
0.501 58 0.443234 0.018944 0.0144343 0
0.501 59 0.222967 0.01401 0.012365 0
0.501 60 0.452409 0.00860428 0.0138407 0
0.501 61 0.408937 0.00739025 0.00731067 0
0.501 62 0.455458 0.0126454 0.0123439 0
0.501 63 0.406228 0.0106939 0.00826048 0
0.501 64 0.117835 0.0130193 0.0120518 0
0.501 65 0.443284 0.00648296 0.0188425 0
0.601 51 0.342506 0.0112891 0.0168512 0
0.601 52 0.202771 0.0169842 0.01841 0
0.601 53 0.414879 0.00479377 0.0145522 0
0.601 54 0.334108 0.0110319 0.0170137 0
0.601 55 0.399727 0.00133342 0.0165288 0
0.601 56 0.238391 0.0174493 0.013455 0
0.601 57 0.182401 0.011309 0.0109065 0
0.601 58 0.462341 0.018513 0.0140179 0
0.601 59 0.241965 0.0138956 0.0124174 0
0.601 60 0.471444 0.00955369 0.0147438 0
0.601 61 0.389959 0.00719927 0.00832389 0
0.601 62 0.436381 0.0123351 0.0130079 0
0.601 63 0.425248 0.0102959 0.00973252 0
0.601 64 0.136915 0.0121346 0.013372 0
0.601 65 0.462312 0.00629185 0.0174141 0
0.701 51 0.361592 0.0109123 0.0159375 0
0.701 52 0.22165 0.0169408 0.0177264 0
0.701 53 0.395896 0.00492293 0.0158286 0
0.701 54 0.353107 0.0106874 0.0185379 0
0.701 55 0.418787 0.0018971 0.0171974 0
0.701 56 0.257488 0.017412 0.0144182 0
0.701 57 0.201411 0.0114416 0.012228 0
0.701 58 0.481481 0.0188404 0.0130173 0
0.701 59 0.260932 0.0143118 0.0137477 0
0.701 60 0.490424 0.00987201 0.0161501 0
0.701 61 0.370965 0.00744796 0.00888167 0
0.701 62 0.417421 0.0123313 0.0140789 0
0.701 63 0.444201 0.0108516 0.0104914 0
0.701 64 0.155922 0.0129681 0.0146702 0
0.701 65 0.481279 0.00561822 0.0154932 0
0.801 51 0.380721 0.0113415 0.0152005 0
0.801 52 0.240675 0.0174698 0.0165208 0
0.801 53 0.376867 0.00529973 0.0168329 0
0.801 54 0.372167 0.0112649 0.0189426 0
0.801 55 0.437817 0.00143676 0.0173738 0
0.801 56 0.27658 0.0173687 0.0151576 0
0.801 57 0.220438 0.0122367 0.0129536 0
0.801 58 0.499092 0.0187218 0.012482 0
0.801 59 0.279953 0.0145602 0.0140585 0
0.801 60 0.490473 0.0100591 0.0174919 0
0.801 61 0.351871 0.00688839 0.00957457 0
0.801 62 0.398384 0.0122718 0.0147967 0
0.801 63 0.463257 0.0112821 0.0116874 0
0.801 64 0.174944 0.0135708 0.0162065 0
0.801 65 0.499558 0.00532222 0.0145741 0
0.901 51 0.39978 0.011195 0.0133528 0
0.901 52 0.259784 0.01783 0.0154155 0
0.901 53 0.357789 0.0054711 0.0172874 0
0.901 54 0.391166 0.0109852 0.0199479 0
0.901 55 0.45692 0.00151709 0.0180256 0
0.901 56 0.295698 0.0174844 0.0164026 0
0.901 57 0.239378 0.0126338 0.0140734 0
0.901 58 0.479983 0.0183176 0.011869 0
0.901 59 0.29896 0.0147982 0.014996 0
0.901 60 0.471548 0.00973006 0.0178484 0
0.901 61 0.332837 0.00708674 0.0102404 0
0.901 62 0.379279 0.0121559 0.0153784 0
0.901 63 0.482235 0.0110449 0.0127362 0
0.901 64 0.194024 0.0143343 0.0168754 0
0.901 65 0.480634 0.00493974 0.0136311 0
1.001 51 0.418756 0.0107604 0.0120317 0
1.001 52 0.278918 0.0176743 0.0141324 0
1.001 53 0.338688 0.00583218 0.0179513 0
1.001 54 0.410295 0.0111072 0.0189423 0
1.001 55 0.47591 0.00149148 0.0192015 0
1.001 56 0.314701 0.0175134 0.017302 0
1.001 57 0.258461 0.0124109 0.0146733 0
1.001 58 0.460956 0.0189003 0.0113291 0
1.001 59 0.317896 0.0151464 0.0159294 0
1.001 60 0.45248 0.0101364 0.018847 0
1.001 61 0.31367 0.00700368 0.0108433 0
1.001 62 0.360115 0.0116858 0.0159026 0
1.001 63 0.498514 0.0110143 0.013967 0
1.001 64 0.213148 0.0143105 0.0178675 0
1.001 65 0.461459 0.00497142 0.012106 0
1.101 51 0.437878 0.0104047 0.0112312 0
1.101 52 0.29804 0.0178704 0.0131344 0
1.101 53 0.319472 0.00610024 0.0181926 0
1.101 54 0.42929 0.0104769 0.0186503 0
1.101 55 0.494962 0.000886407 0.0195814 0
1.101 56 0.333803 0.0168324 0.0182875 0
1.101 57 0.277529 0.0126043 0.0151406 0
1.101 58 0.441977 0.019381 0.00983746 0
1.101 59 0.337028 0.0144112 0.0170052 0
1.101 60 0.43362 0.00967329 0.0197943 0
1.101 61 0.294604 0.0075646 0.0120692 0
1.101 62 0.341119 0.0115861 0.0166951 0
1.101 63 0.47947 0.01052 0.0151882 0
1.101 64 0.23223 0.0140436 0.0189558 0
1.101 65 0.442382 0.00477447 0.0122065 0
1.201 51 0.456888 0.0103927 0.010417 0
1.201 52 0.317074 0.0170601 0.0124937 0
1.201 53 0.300562 0.00574057 0.019546 0
1.201 54 0.448331 0.010056 0.0179887 0
1.201 55 0.485908 0.00102071 0.0192444 0
1.201 56 0.352861 0.0170551 0.0189774 0
1.201 57 0.296624 0.0125549 0.0163239 0
1.201 58 0.423033 0.0186231 0.00807697 0
1.201 59 0.356002 0.0138967 0.0195088 0
1.201 60 0.4145 0.00966615 0.0189154 0
1.201 61 0.275625 0.0074051 0.0135006 0
1.201 62 0.322028 0.0114326 0.0170446 0
1.201 63 0.460369 0.0116535 0.0156461 0
1.201 64 0.251276 0.0145217 0.0196569 0
1.201 65 0.423428 0.00519738 0.011906 0
1.301 51 0.475931 0.0106159 0.00970789 0
1.301 52 0.336 0.0167992 0.0109524 0
1.301 53 0.281588 0.00608458 0.0190594 0
1.301 54 0.467424 0.0104596 0.0172346 0
1.301 55 0.466824 0.00105931 0.0184412 0
1.301 56 0.371917 0.0167286 0.0198835 0
1.301 57 0.315619 0.0128362 0.0176386 0
1.301 58 0.40402 0.018291 0.00685385 0
1.301 59 0.375094 0.0134817 0.0190306 0
1.301 60 0.395427 0.0105175 0.0179413 0
1.301 61 0.256679 0.00727 0.015184 0
1.301 62 0.302888 0.0114395 0.0183397 0
1.301 63 0.441325 0.011345 0.0167209 0
1.301 64 0.270285 0.0147553 0.0182944 0
1.301 65 0.404454 0.00543557 0.0103387 0
1.401 51 0.494928 0.0105252 0.00883436 0
1.401 52 0.355107 0.0166159 0.00996755 0
1.401 53 0.262612 0.00695583 0.0173869 0
1.401 54 0.486572 0.0100885 0.0159756 0
1.401 55 0.447844 0.00139245 0.0176016 0
1.401 56 0.390955 0.0159701 0.0188548 0
1.401 57 0.334603 0.0125715 0.0182795 0
1.401 58 0.384912 0.0181484 0.00613878 0
1.401 59 0.394157 0.0136177 0.0184859 0
1.401 60 0.376318 0.0109814 0.0171091 0
1.401 61 0.237563 0.00699727 0.0162824 0
1.401 62 0.283861 0.0115634 0.0189192 0
1.401 63 0.422199 0.0107013 0.0174837 0
1.401 64 0.289278 0.0145347 0.0170937 0
1.401 65 0.385375 0.00608587 0.00922734 0
1.501 51 0.485867 0.0103984 0.00790735 0
1.501 52 0.374174 0.0169159 0.00913772 0
1.501 53 0.243499 0.00697132 0.0162352 0
1.501 54 0.494153 0.00961593 0.0145465 0
1.501 55 0.428798 0.00224724 0.0167687 0
1.501 56 0.410008 0.0157055 0.0181953 0
1.501 57 0.35367 0.0126831 0.019044 0
1.501 58 0.365879 0.0183974 0.00580854 0
1.501 59 0.413201 0.0135916 0.0174617 0
1.501 60 0.357337 0.0115617 0.0154215 0
1.501 61 0.218517 0.00722327 0.017058 0
1.501 62 0.264841 0.0120938 0.0196298 0
1.501 63 0.402979 0.0104911 0.0182665 0
1.501 64 0.308467 0.0143551 0.0159796 0
1.501 65 0.366459 0.0057874 0.00847571 0
1.601 51 0.466802 0.0103299 0.00703497 0
1.601 52 0.393263 0.0170875 0.00862783 0
1.601 53 0.224356 0.00682773 0.0159201 0
1.601 54 0.475148 0.00916286 0.0139959 0
1.601 55 0.409835 0.00328084 0.0160424 0
1.601 56 0.429125 0.0159124 0.0174093 0
1.601 57 0.372639 0.0121815 0.0197953 0
1.601 58 0.346846 0.0186264 0.00493788 0
1.601 59 0.432311 0.0135374 0.0165362 0
1.601 60 0.338194 0.011245 0.0150477 0
1.601 61 0.199642 0.00655126 0.0189032 0
1.601 62 0.245873 0.0123631 0.0181762 0
1.601 63 0.384043 0.00973358 0.0184151 0
1.601 64 0.327453 0.0150902 0.0152108 0
1.601 65 0.347354 0.00552739 0.00739067 0
1.701 51 0.447714 0.00990254 0.00630423 0
1.701 52 0.412326 0.0171881 0.00795024 0
1.701 53 0.205358 0.00745142 0.0150487 0
1.701 54 0.456077 0.00850083 0.0125034 0
1.701 55 0.390713 0.00320753 0.0160229 0
1.701 56 0.448226 0.0161369 0.0160238 0
1.701 57 0.391754 0.012843 0.0193902 0
1.701 58 0.327871 0.0187531 0.00312448 0
1.701 59 0.451438 0.0138267 0.0155131 0
1.701 60 0.319196 0.0104535 0.0143939 0
1.701 61 0.180643 0.00597901 0.0196207 0
1.701 62 0.226874 0.0129912 0.0164691 0
1.701 63 0.365016 0.00956046 0.0192485 0
1.701 64 0.346543 0.0149356 0.0145281 0
1.701 65 0.328303 0.00493555 0.00641192 0
1.801 51 0.4287 0.00944717 0.00534251 0
1.801 52 0.431355 0.0173869 0.00706215 0
1.801 53 0.186362 0.00830556 0.0145722 0
1.801 54 0.437038 0.00860338 0.0116933 0
1.801 55 0.371687 0.00281956 0.0155661 0
1.801 56 0.467281 0.0158963 0.0152544 0
1.801 57 0.410779 0.0134361 0.0176568 0
1.801 58 0.308824 0.018967 0.00202403 0
1.801 59 0.470327 0.0138013 0.0138295 0
1.801 60 0.300188 0.0106042 0.0132282 0
1.801 61 0.161691 0.00597981 0.0182726 0
1.801 62 0.207722 0.0129939 0.0161575 0
1.801 63 0.345986 0.00939495 0.0197238 0
1.801 64 0.36548 0.014971 0.0134696 0
1.801 65 0.309385 0.00524057 0.00541393 0
1.901 51 0.409709 0.00908966 0.0042679 0
1.901 52 0.450431 0.0176294 0.00606584 0
1.901 53 0.167271 0.00817894 0.0140245 0
1.901 54 0.418054 0.00881351 0.0109098 0
1.901 55 0.352764 0.00284227 0.0144298 0
1.901 56 0.486251 0.0164663 0.0145233 0
1.901 57 0.429878 0.0139802 0.0172082 0
1.901 58 0.289696 0.0188817 0.00170237 0
1.901 59 0.489278 0.0134093 0.0140865 0
1.901 60 0.281064 0.0113543 0.0125655 0
1.901 61 0.142562 0.00596079 0.0167024 0
1.901 62 0.188728 0.0129515 0.0150343 0
1.901 63 0.326999 0.00937011 0.0180664 0
1.901 64 0.384415 0.0153228 0.0128921 0
1.901 65 0.290446 0.00545147 0.00385307 0
2.001 51 0.39062 0.00891189 0.00230482 0
2.001 52 0.469446 0.0176763 0.00498403 0
2.001 53 0.148395 0.00770086 0.0128203 0
2.001 54 0.399127 0.00879156 0.00949114 0
2.001 55 0.333644 0.0033247 0.0145083 0
2.001 56 0.494624 0.0166636 0.0135987 0
2.001 57 0.448977 0.0140715 0.0168598 0
2.001 58 0.270668 0.0185819 0.00120272 0
2.001 59 0.491481 0.0144028 0.0134157 0
2.001 60 0.262044 0.010726 0.0117635 0
2.001 61 0.123545 0.00598407 0.0150772 0
2.001 62 0.169634 0.0126075 0.0143482 0
2.001 63 0.308043 0.00860439 0.017699 0
2.001 64 0.403485 0.0156999 0.0119443 0
2.001 65 0.271338 0.00544135 0.00264972 0
2.101 51 0.371642 0.00903572 0.001893 0
2.101 52 0.4885 0.0177622 0.00368618 0
2.101 53 0.129247 0.00745591 0.0118858 0
2.101 54 0.380142 0.00941844 0.00774567 0
2.101 55 0.314686 0.00233558 0.013384 0
2.101 56 0.475628 0.0166302 0.0120289 0
2.101 57 0.467862 0.0147031 0.0157862 0
2.101 58 0.251614 0.0183549 0.000625849 1.03942e-08
2.101 59 0.472496 0.0140646 0.0123937 1.03942e-08
2.101 60 0.242933 0.0108481 0.011731 1.03942e-08
2.101 61 0.104533 0.00590085 0.0145616 1.03942e-08
2.101 62 0.15062 0.0131291 0.0134772 1.03942e-08
2.101 63 0.288946 0.0080184 0.0164158 1.03942e-08
2.101 64 0.422464 0.0155455 0.0113695 1.03942e-08
2.101 65 0.252227 0.00526483 0.00172281 3.53263e-08
2.201 51 0.352565 0.00865109 0.00119773 0
2.201 52 0.492222 0.0175869 0.00334728 0
2.201 53 0.110293 0.00695842 0.00984014 0
2.201 54 0.361108 0.0090296 0.00679452 0
2.201 55 0.295682 0.00177273 0.0118335 0
2.201 56 0.456652 0.0164301 0.0107452 0
2.201 57 0.486907 0.0151616 0.014425 0
2.201 58 0.232536 0.0184317 0.000817475 0
2.201 59 0.453453 0.0138315 0.0115983 0
2.201 60 0.223826 0.0108965 0.0117834 0
2.201 61 0.0854955 0.00577555 0.014383 0
2.201 62 0.131571 0.0129239 0.0122917 0
2.201 63 0.269917 0.00807751 0.0160396 0
2.201 64 0.441409 0.014595 0.0101355 0
2.201 65 0.233095 0.00516303 0.000739948 0
2.301 51 0.333518 0.00876507 0.00108965 0
2.301 52 0.473168 0.017544 0.00314643 0
2.301 53 0.0912665 0.00682337 0.00921427 0
2.301 54 0.342044 0.00873043 0.00597564 0
2.301 55 0.276662 0.00185883 0.0110793 0
2.301 56 0.437568 0.0160978 0.0101036 0
2.301 57 0.493786 0.0153374 0.0134876 0
2.301 58 0.213647 0.0187869 0.00186962 0
2.301 59 0.434313 0.0138656 0.0115105 0
2.301 60 0.204792 0.0108683 0.0109289 0
2.301 61 0.0664692 0.00598958 0.0137097 0
2.301 62 0.112517 0.013526 0.0111295 0
2.301 63 0.250831 0.0079949 0.0152278 0
2.301 64 0.460497 0.0143194 0.0093606 0
2.301 65 0.214142 0.00555841 0.00124607 0
2.401 51 0.314504 0.00842556 0.000134526 0
2.401 52 0.454124 0.017718 0.00227783 0
2.401 53 0.0722361 0.00678337 0.00801164 0
2.401 54 0.322951 0.00939257 0.0050017 0
2.401 55 0.257558 0.00220591 0.0102383 0
2.401 56 0.418549 0.016043 0.00915928 0
2.401 57 0.474829 0.0148639 0.0119519 0
2.401 58 0.194647 0.0187545 0.00313108 0
2.401 59 0.415192 0.0143202 0.0104941 0
2.401 60 0.185745 0.0103175 0.00948817 0
2.401 61 0.047517 0.00616405 0.012567 0
2.401 62 0.0935039 0.0136324 0.0105812 0
2.401 63 0.231839 0.00780835 0.014233 0
2.401 64 0.479475 0.0137251 0.00835949 0
2.401 65 0.195062 0.00560514 0.00225005 0
2.501 51 0.295504 0.00826927 0.000693942 0
2.501 52 0.43515 0.0179298 0.00142048 0
2.501 53 0.0530737 0.00681182 0.00782168 0
2.501 54 0.303839 0.00893083 0.00378885 0
2.501 55 0.238542 0.00231219 0.00995279 0
2.501 56 0.399668 0.01665 0.00812607 0
2.501 57 0.455783 0.0142215 0.0116506 0
2.501 58 0.175505 0.0182053 0.00468486 0
2.501 59 0.396203 0.0141979 0.00999148 0
2.501 60 0.166684 0.0104562 0.0092218 0
2.501 61 0.0285253 0.0062683 0.0112996 0
2.501 62 0.074455 0.0135232 0.00971037 0
2.501 63 0.21283 0.00759567 0.0131304 0
2.501 64 0.498487 0.0137939 0.00724455 0
2.501 65 0.176031 0.00625825 0.00344544 0
2.601 51 0.276439 0.00783355 0.00170338 0
2.601 52 0.41615 0.0174039 0.000320422 0
2.601 53 0.0340211 0.00713019 0.00697156 0
2.601 54 0.284912 0.00907326 0.00262155 0
2.601 55 0.219435 0.0019474 0.00952225 0
2.601 56 0.380668 0.0163703 0.00740072 0
2.601 57 0.436773 0.013598 0.0109758 0
2.601 58 0.156455 0.0174045 0.00530612 0
2.601 59 0.377146 0.0149025 0.00912627 0
2.601 60 0.14762 0.010495 0.00892686 0
2.601 61 0.00956189 0.00647078 0.00967962 0
2.601 62 0.0553932 0.0131669 0.00857452 0
2.601 63 0.193849 0.00762633 0.0120288 0
2.601 64 0.482217 0.0140614 0.00560592 0
2.601 65 0.156985 0.00637572 0.0030773 0
2.701 51 0.257417 0.00767401 0.00245029 1.13906e-08
2.701 52 0.397113 0.0177375 0.000617203 1.13906e-08
2.701 53 0.014942 0.00793436 0.00566833 1.13906e-08
2.701 54 0.265965 0.00940208 0.00132531 1.13906e-08
2.701 55 0.200335 0.00133673 0.00854804 1.13906e-08
2.701 56 0.361635 0.016309 0.00680566 1.13906e-08
2.701 57 0.417748 0.0136833 0.00992379 1.13906e-08
2.701 58 0.137426 0.017357 0.00725262 1.13906e-08
2.701 59 0.358113 0.0154964 0.00801485 1.13906e-08
2.701 60 0.128623 0.0109022 0.00824485 1.13906e-08
2.701 61 0.0095047 0.00595784 0.00905473 1.13906e-08
2.701 62 0.0364383 0.0127022 0.00753344 1.13906e-08
2.701 63 0.174821 0.00770118 0.010958 1.13906e-08
2.701 64 0.463269 0.0136143 0.00436051 1.13906e-08
2.701 65 0.137891 0.0070717 0.00409874 1.13906e-08
2.801 51 0.23842 0.00728309 0.00276247 0
2.801 52 0.378165 0.0174835 0.00166667 0
2.801 53 0.00422132 0.00883908 0.0044928 0
2.801 54 0.246841 0.00965742 0.0013042 6.41351e-08
2.801 55 0.181394 0.0016913 0.00789976 6.41351e-08
2.801 56 0.342585 0.0160298 0.00591493 6.41351e-08
2.801 57 0.398625 0.0138746 0.00895971 6.41351e-08
2.801 58 0.118453 0.0173139 0.00851186 6.41351e-08
2.801 59 0.339066 0.0149679 0.00681994 6.41351e-08
2.801 60 0.109463 0.011194 0.00756333 6.41351e-08
2.801 61 0.0285259 0.00596465 0.00833471 6.41351e-08
2.801 62 0.0174055 0.0118686 0.00684532 6.41351e-08
2.801 63 0.155871 0.00726991 0.00951797 6.41351e-08
2.801 64 0.444214 0.0137969 0.0029278 6.41351e-08
2.801 65 0.118912 0.00665721 0.0052899 6.41351e-08
2.901 51 0.219364 0.0072511 0.00384191 0
2.901 52 0.359251 0.018094 0.00279538 0
2.901 53 0.0232342 0.00927285 0.00392005 0
2.901 54 0.227772 0.009289 0.00129437 0
2.901 55 0.162343 0.00237311 0.00702468 0
2.901 56 0.323502 0.0158304 0.00449384 0
2.901 57 0.379679 0.0143834 0.00746794 0
2.901 58 0.0993878 0.0177509 0.00931668 0
2.901 59 0.320043 0.0152222 0.00587329 0
2.901 60 0.0903384 0.0108876 0.00654648 0
2.901 61 0.0474878 0.00553396 0.00800861 0
2.901 62 0.0017495 0.0110647 0.00644027 0
2.901 63 0.136922 0.00733442 0.00818188 0
2.901 64 0.425143 0.0137295 0.00203219 0
2.901 65 0.0998433 0.00598885 0.00640009 0
3.001 51 0.200306 0.00775439 0.00476553 0
3.001 52 0.340238 0.0179095 0.00356466 0
3.001 53 0.0422868 0.00956687 0.00275476 0
3.001 54 0.20886 0.00990905 0.000184833 0
3.001 55 0.143363 0.0016634 0.00669651 0
3.001 56 0.304469 0.0155744 0.00305427 0
3.001 57 0.360675 0.0146234 0.00679922 0
3.001 58 0.0803244 0.0182853 0.0100146 0
3.001 59 0.301081 0.0148688 0.00489761 0
3.001 60 0.0712316 0.0113461 0.00517399 0
3.001 61 0.0665919 0.00505442 0.00746433 0
3.001 62 0.0207439 0.0115844 0.00544664 0
3.001 63 0.117869 0.00789484 0.00688387 0
3.001 64 0.406078 0.0127021 0.000968489 0
3.001 65 0.0807431 0.00610019 0.00663474 0
3.101 51 0.181287 0.00794328 0.00597616 0
3.101 52 0.321213 0.0180331 0.00492914 0
3.101 53 0.0612505 0.010393 0.00119851 0
3.101 54 0.189833 0.0107666 0.00130337 0
3.101 55 0.124324 0.00154265 0.00617858 0
3.101 56 0.285381 0.0150701 0.00252937 0
3.101 57 0.34164 0.0145723 0.0061266 0
3.101 58 0.0612634 0.0180787 0.0110114 0
3.101 59 0.282054 0.0147153 0.00409793 0
3.101 60 0.0522279 0.0108047 0.00414869 0
3.101 61 0.0855777 0.00560568 0.00572804 0
3.101 62 0.0397559 0.0118435 0.00447308 0
3.101 63 0.0988422 0.0075958 0.00512598 0
3.101 64 0.387047 0.0136175 0.000253296 0
3.101 65 0.0616886 0.00631148 0.0083862 0
3.201 51 0.162371 0.0079752 0.00697343 0
3.201 52 0.302256 0.0171688 0.00585764 0
3.201 53 0.0803209 0.0102855 0.000550333 0
3.201 54 0.170777 0.0103571 0.00218236 0
3.201 55 0.105368 0.000975494 0.00473709 0
3.201 56 0.26639 0.0151235 0.00154473 0
3.201 57 0.322697 0.0151779 0.00492009 0
3.201 58 0.0421862 0.0186418 0.0119416 0
3.201 59 0.26307 0.0142986 0.00277484 0
3.201 60 0.0332948 0.0108862 0.00341179 0
3.201 61 0.104655 0.00567759 0.00425635 0
3.201 62 0.0587638 0.0109697 0.00419009 0
3.201 63 0.079811 0.00793684 0.00438393 0
3.201 64 0.368062 0.0138332 0.00100841 0
3.201 65 0.0426671 0.00706412 0.00931192 0
3.301 51 0.143336 0.00829402 0.00791388 0
3.301 52 0.283134 0.017303 0.00661082 0
3.301 53 0.0993742 0.0112549 0.000481331 0
3.301 54 0.151616 0.010755 0.00267953 0
3.301 55 0.0864108 0.00138624 0.00367853 0
3.301 56 0.247478 0.0163647 9.10298e-05 1.61414e-08
3.301 57 0.303699 0.0155077 0.00355354 1.61414e-08
3.301 58 0.0231888 0.0182018 0.0133022 1.61414e-08
3.301 59 0.244031 0.0150811 0.00223202 2.75326e-08
3.301 60 0.0142012 0.0110409 0.0025525 2.75326e-08
3.301 61 0.123588 0.0057677 0.00294679 2.75326e-08
3.301 62 0.0777709 0.0108611 0.00283593 2.75326e-08
3.301 63 0.0607524 0.00816612 0.0032754 2.75326e-08
3.301 64 0.349216 0.0139317 0.00270614 2.75326e-08
3.301 65 0.0236979 0.00755744 0.0100535 2.75326e-08
3.401 51 0.124266 0.00838782 0.00900581 0
3.401 52 0.264113 0.0167188 0.0078611 0
3.401 53 0.118391 0.0112193 0.00217321 0
3.401 54 0.132592 0.0104325 0.00307896 0
3.401 55 0.0674176 0.000956149 0.00232731 0
3.401 56 0.228459 0.0165076 0.00136113 0
3.401 57 0.284623 0.015857 0.00235251 0
3.401 58 0.00413391 0.0177627 0.0147879 0
3.401 59 0.225029 0.0149146 0.00158393 0
3.401 60 0.00502026 0.0117986 0.00108945 0
3.401 61 0.142572 0.00542199 0.00136264 0
3.401 62 0.0968302 0.0101181 0.00217274 0
3.401 63 0.0417703 0.00867622 0.00222672 0
3.401 64 0.330123 0.0140932 0.00367948 0
3.401 65 0.00467842 0.00726638 0.0108933 0
3.501 51 0.105292 0.00840001 0.0103722 0
3.501 52 0.24506 0.0169215 0.00860426 0
3.501 53 0.137463 0.011208 0.00319778 0
3.501 54 0.113558 0.0104508 0.00345467 0
3.501 55 0.0484173 0.00149922 0.00184121 0
3.501 56 0.209355 0.0156942 0.00269037 0
3.501 57 0.265588 0.0151753 0.000808483 0
3.501 58 0.0151766 0.0172213 0.0159116 0
3.501 59 0.205993 0.0147641 0.000131373 0
3.501 60 0.0241271 0.0119615 7.40786e-05 0
3.501 61 0.161653 0.00583733 0.000803927 0
3.501 62 0.11592 0.0107934 0.000998151 0
3.501 63 0.0227974 0.00827296 0.00161882 0
3.501 64 0.311069 0.0143327 0.00439376 0
3.501 65 0.0145183 0.00716378 0.0117688 0
3.601 51 0.0861663 0.00798522 0.0117007 0
3.601 52 0.225993 0.0173248 0.0102077 0
3.601 53 0.156486 0.0114653 0.00440414 0
3.601 54 0.0945329 0.0110445 0.00427478 0
3.601 55 0.0294019 0.00171172 0.000677926 0
3.601 56 0.190298 0.0154038 0.00359204 0
3.601 57 0.246593 0.0149685 2.35012e-05 2.08473e-08
3.601 58 0.0342732 0.0169841 0.017403 2.08473e-08
3.601 59 0.186837 0.0140682 0.001216 2.08473e-08
3.601 60 0.043126 0.0111308 0.00124955 2.08473e-08
3.601 61 0.180692 0.00593151 0.000263025 2.08473e-08
3.601 62 0.134934 0.0106279 0.000168042 2.08473e-08
3.601 63 0.00375592 0.00813169 0.000188941 2.08473e-08
3.601 64 0.292038 0.0139404 0.00501969 2.08473e-08
3.601 65 0.033506 0.00719374 0.0116718 2.08473e-08
3.701 51 0.0671377 0.00805513 0.012731 0
3.701 52 0.206906 0.0173034 0.0113679 0
3.701 53 0.175366 0.0106291 0.00591077 0
3.701 54 0.0755089 0.0109133 0.00485374 0
3.701 55 0.0104267 0.0013738 0.000180794 0
3.701 56 0.171228 0.016004 0.00472221 0
3.701 57 0.227599 0.0146463 0.000728528 0
3.701 58 0.053404 0.0163805 0.0184462 0
3.701 59 0.167709 0.0146539 0.00197265 0
3.701 60 0.0622117 0.0109627 0.00231689 0
3.701 61 0.199759 0.00613181 0.000715137 0
3.701 62 0.153937 0.0106188 0.000957041 0
3.701 63 0.0155084 0.00842861 0.00159162 0
3.701 64 0.272978 0.013923 0.00596041 0
3.701 65 0.0525395 0.00742465 0.0130126 0
3.801 51 0.048015 0.0075055 0.0134038 0
3.801 52 0.187854 0.0170746 0.0121823 0
3.801 53 0.194437 0.0104044 0.00640758 0
3.801 54 0.0564718 0.0104013 0.00564618 0
3.801 55 0.00859939 0.000848211 0.00213111 0
3.801 56 0.152173 0.0159401 0.00613157 0
3.801 57 0.208625 0.0140589 0.0015932 0
3.801 58 0.0724886 0.0163681 0.0196191 0
3.801 59 0.148785 0.0147084 0.00320848 0
3.801 60 0.0813458 0.0117312 0.00303838 0
3.801 61 0.218794 0.00602824 0.0014789 0
3.801 62 0.17295 0.0110519 0.00240356 0
3.801 63 0.0345185 0.00835244 0.00275032 0
3.801 64 0.253888 0.013358 0.0060258 1.20673e-08
3.801 65 0.0715089 0.00796697 0.0136512 1.20673e-08
3.901 51 0.0289439 0.0086631 0.0131592 0
3.901 52 0.168846 0.0172366 0.0131179 0
3.901 53 0.213529 0.0109742 0.00700679 0
3.901 54 0.0374757 0.010465 0.00669899 0
3.901 55 0.0275957 0.000131875 0.0029183 0
3.901 56 0.133095 0.0155645 0.00724728 0
3.901 57 0.189529 0.0133166 0.00200461 0
3.901 58 0.0916144 0.0165861 0.0198954 0
3.901 59 0.129698 0.01415 0.00453758 0
3.901 60 0.100421 0.01126 0.00326729 0
3.901 61 0.237827 0.00588577 0.00219291 0
3.901 62 0.191839 0.0109445 0.00403586 0
3.901 63 0.0534377 0.00839797 0.00378566 0
3.901 64 0.234747 0.0136959 0.00596735 0
3.901 65 0.0905132 0.0078957 0.0146637 0
4.001 51 0.00987703 0.00891229 0.014403 0
4.001 52 0.149797 0.0177755 0.0139288 0
4.001 53 0.232655 0.0109559 0.00760698 0
4.001 54 0.0184303 0.0100122 0.00684155 0
4.001 55 0.0465729 0.000557431 0.00373407 0
4.001 56 0.11407 0.0154972 0.00842129 0
4.001 57 0.170573 0.0134456 0.0029055 0
4.001 58 0.11071 0.0168246 0.0185697 0
4.001 59 0.110652 0.0137219 0.00620562 0
4.001 60 0.119612 0.0112186 0.00403784 0
4.001 61 0.25675 0.00622095 0.00371919 1.02715e-08
4.001 62 0.210803 0.0103144 0.0057417 1.02715e-08
4.001 63 0.0723711 0.0084879 0.00514091 1.02715e-08
4.001 64 0.215792 0.013461 0.0071158 1.02715e-08
4.001 65 0.109635 0.00759788 0.0152392 1.02715e-08
4.101 51 0.00943359 0.00839886 0.0152029 0
4.101 52 0.130751 0.0176854 0.0147734 0
4.101 53 0.25176 0.0109432 0.00824955 1.05037e-08
4.101 54 0.000912437 0.0103093 0.0079859 1.05037e-08
4.101 55 0.0655586 0.0009289 0.00523038 1.05037e-08
4.101 56 0.0951217 0.0152295 0.00900407 1.05037e-08
4.101 57 0.151538 0.0135754 0.00454956 1.05037e-08
4.101 58 0.129596 0.0162404 0.0172496 1.05037e-08
4.101 59 0.0916329 0.0141166 0.00743952 1.05037e-08
4.101 60 0.138684 0.0107797 0.00552454 1.05037e-08
4.101 61 0.275741 0.00640498 0.00474384 1.05037e-08
4.101 62 0.229843 0.0103071 0.00619195 1.05037e-08
4.101 63 0.0914498 0.00857611 0.00657862 1.05037e-08
4.101 64 0.196749 0.0136866 0.00821531 1.05037e-08
4.101 65 0.128644 0.00833389 0.0162615 1.05037e-08
4.201 51 0.0284985 0.00826963 0.0161947 0
4.201 52 0.111727 0.0176857 0.0165761 0
4.201 53 0.270836 0.0100972 0.00908748 0
4.201 54 0.0198965 0.0102759 0.00886534 0
4.201 55 0.0845797 0.00101001 0.00653281 0
4.201 56 0.0761119 0.0149724 0.0103267 0
4.201 57 0.132426 0.0135079 0.00550288 0
4.201 58 0.148626 0.0168603 0.0162275 0
4.201 59 0.0727291 0.0139946 0.00846675 0
4.201 60 0.157656 0.0109442 0.00622259 0
4.201 61 0.294669 0.00615659 0.00578233 0
4.201 62 0.248916 0.0103869 0.00732533 1.37621e-08
4.201 63 0.110411 0.00834335 0.00737375 1.37621e-08
4.201 64 0.177622 0.0145003 0.00847755 1.37621e-08
4.201 65 0.14772 0.00817014 0.0171795 1.37621e-08
4.301 51 0.0475293 0.00851642 0.0173663 0
4.301 52 0.0927301 0.0173598 0.0173356 0
4.301 53 0.289878 0.0106756 0.00983676 0
4.301 54 0.0389516 0.010559 0.00968697 0
4.301 55 0.103662 0.000624568 0.0084589 0
4.301 56 0.0571951 0.0148373 0.0112749 0
4.301 57 0.113359 0.0138137 0.00620812 0
4.301 58 0.167677 0.0167028 0.0155506 0
4.301 59 0.0538107 0.0140515 0.00932984 0
4.301 60 0.176509 0.0105748 0.00771466 0
4.301 61 0.313767 0.00627811 0.00617679 0
4.301 62 0.268032 0.0102618 0.00755873 0
4.301 63 0.129489 0.00862015 0.00799439 0
4.301 64 0.158484 0.015032 0.00958923 0
4.301 65 0.166725 0.00812267 0.018186 0
4.401 51 0.0665596 0.00905836 0.017924 0
4.401 52 0.0737313 0.0169748 0.0183198 0
4.401 53 0.308868 0.0107044 0.0106328 0
4.401 54 0.0580019 0.0109336 0.0111629 0
4.401 55 0.122763 0.000533794 0.00947781 0
4.401 56 0.0381106 0.0147273 0.0123218 0
4.401 57 0.0942352 0.0138966 0.00645241 0
4.401 58 0.186699 0.01667 0.014617 0
4.401 59 0.0348704 0.013353 0.0108138 0
4.401 60 0.195544 0.0105202 0.00853321 0
4.401 61 0.332664 0.00546171 0.0077842 0
4.401 62 0.287058 0.0101229 0.00866779 0
4.401 63 0.148522 0.00856319 0.00949336 0
4.401 64 0.139523 0.0151668 0.0103687 0
4.401 65 0.185673 0.00780615 0.019652 0
4.501 51 0.0855223 0.00878508 0.0192757 0
4.501 52 0.0547555 0.0168133 0.0197631 0
4.501 53 0.327993 0.010908 0.0112825 0
4.501 54 0.077051 0.0108373 0.0118191 0
4.501 55 0.141817 0.00144106 0.010184 0
4.501 56 0.019061 0.01491 0.0135532 0
4.501 57 0.0752315 0.0137841 0.00714458 0
4.501 58 0.20575 0.0173335 0.0144274 0
4.501 59 0.0159649 0.0135638 0.011852 0
4.501 60 0.214652 0.0104356 0.0097044 0
4.501 61 0.351696 0.00574087 0.00881044 0
4.501 62 0.30608 0.00976764 0.0101718 0
4.501 63 0.167584 0.00893851 0.0103958 0
4.501 64 0.120544 0.0146233 0.0113978 0
4.501 65 0.20481 0.00794071 0.0195896 0
4.601 51 0.104547 0.00852285 0.018985 0
4.601 52 0.0357612 0.0172105 0.0189931 0
4.601 53 0.347051 0.0115157 0.0117114 0
4.601 54 0.0960488 0.0112793 0.0144902 0
4.601 55 0.160818 0.00148606 0.0113201 0
4.601 56 9.06937e-05 0.0146759 0.0152972 0
4.601 57 0.0562686 0.0134141 0.00834324 0
4.601 58 0.224685 0.0181506 0.013456 0
4.601 59 0.00339278 0.0132423 0.0128019 0
4.601 60 0.233605 0.0102753 0.0109459 0
4.601 61 0.370667 0.00493281 0.0100461 0
4.601 62 0.325173 0.00968169 0.0108041 0
4.601 63 0.186642 0.00942598 0.0115746 0
4.601 64 0.101502 0.0148364 0.0121971 0
4.601 65 0.223849 0.00782768 0.0187542 0
4.701 51 0.123611 0.00885274 0.0175486 0
4.701 52 0.0165474 0.0168304 0.0176349 0
4.701 53 0.365964 0.011004 0.0127432 0
4.701 54 0.1151 0.0110909 0.0157669 0
4.701 55 0.179885 0.000882396 0.0120773 0
4.701 56 0.019159 0.0151362 0.0162124 0
4.701 57 0.0372276 0.0137897 0.00891174 0
4.701 58 0.243741 0.0176114 0.0118652 0
4.701 59 0.0224671 0.0132138 0.0137461 0
4.701 60 0.252607 0.0104795 0.0125693 0
4.701 61 0.389712 0.00448942 0.0109296 0
4.701 62 0.3443 0.010053 0.0116554 0
4.701 63 0.205665 0.00916866 0.0127543 0
4.701 64 0.0824719 0.0145755 0.0130266 0
4.701 65 0.242932 0.00754648 0.0175302 0
4.801 51 0.142715 0.00887819 0.0171694 0
4.801 52 0.00277492 0.0176015 0.0172552 0
4.801 53 0.385021 0.0120351 0.0134454 0
4.801 54 0.134086 0.0117118 0.0170003 0
4.801 55 0.198946 0.000281985 0.0124039 0
4.801 56 0.038192 0.015626 0.017336 0
4.801 57 0.0182161 0.0132033 0.010851 0
4.801 58 0.262886 0.0170121 0.0105195 0
4.801 59 0.041561 0.0133608 0.0146017 0
4.801 60 0.271568 0.0104654 0.0145641 0
4.801 61 0.408729 0.00484034 0.0120345 0
4.801 62 0.363368 0.0100392 0.0117974 0
4.801 63 0.224725 0.00850855 0.0140073 0
4.801 64 0.0635355 0.0134707 0.0136866 0
4.801 65 0.262046 0.00695684 0.0167251 0
4.901 51 0.161755 0.00916956 0.0163969 0
4.901 52 0.0217179 0.0181664 0.0165536 0
4.901 53 0.404198 0.0121539 0.0138074 0
4.901 54 0.153202 0.0123281 0.0181595 0
4.901 55 0.217799 0.000280665 0.0134822 0
4.901 56 0.0572381 0.0150187 0.0179716 0
4.901 57 0.00102576 0.0134386 0.0115863 0
4.901 58 0.281887 0.0174394 0.00933249 0
4.901 59 0.0605544 0.0136472 0.0161235 0
4.901 60 0.290656 0.0107677 0.0159121 0
4.901 61 0.427576 0.00446449 0.0134299 0
4.901 62 0.382267 0.0102768 0.0135329 0
4.901 63 0.243797 0.00788702 0.0153915 0
4.901 64 0.0445326 0.0132799 0.015102 0
4.901 65 0.281076 0.00685413 0.0156907 0
