0.001 51 0.255493 0.00238862 0.00853954 0
0.001 52 0.403166 0.0015445 5.90815e-05 0
0.001 53 0.248686 0.0107536 0.0197779 0
0.001 54 0.269058 0.00841266 0.0134299 0
0.001 55 0.432805 0.010819 0.00765718 0
0.001 56 0.153498 0.000721929 0.00338089 0
0.001 57 0.143299 0.0140383 0.00380137 0
0.001 58 0.0498387 0.00301469 0.00178661 0
0.001 59 0.196843 0.00735765 0.0194824 0
0.001 60 0.0969576 0.0152646 0.00808877 0
0.001 61 0.240775 0.00268408 0.00600081 0
0.001 62 0.0325484 0.00752065 0.00783182 0
0.001 63 0.391917 0.00319582 0.0124276 0
0.001 64 0.39861 0.0186472 0.0196047 0
0.001 65 0.240928 0.00592887 0.00186856 0
0.001 66 0.251267 0.00215209 0.00738622 0
0.001 67 0.373465 0.0126267 0.014372 0
0.001 68 0.133267 0.00964474 0.0040036 0
0.001 69 0.445404 0.0169072 0.00315552 0
0.001 70 0.0581239 0.00737465 0.0150201 0
0.101 51 0.274567 0.00333708 0.0101197 0
0.101 52 0.422201 0.00122666 0.00140451 0
0.101 53 0.267705 0.010907 0.018425 0
0.101 54 0.288156 0.00778074 0.0134392 0
0.101 55 0.451881 0.0106183 0.00806977 0
0.101 56 0.172527 0.000715218 0.00469974 0
0.101 57 0.162231 0.0136129 0.00589734 0
0.101 58 0.068756 0.00328226 0.00314501 0
0.101 59 0.215821 0.00754431 0.01988 0
0.101 60 0.115987 0.0155568 0.00880775 0
0.101 61 0.259798 0.00254977 0.00664751 0
0.101 62 0.0515752 0.00811571 0.00890544 0
0.101 63 0.411023 0.003304 0.0134316 0
0.101 64 0.41772 0.0182801 0.019029 0
0.101 65 0.260015 0.00615145 0.00299856 0
0.101 66 0.270372 0.00252107 0.00765633 0
0.101 67 0.3925 0.0125335 0.0153763 0
0.101 68 0.152282 0.00902109 0.00571443 0
0.101 69 0.464448 0.0160955 0.00386396 0
0.101 70 0.0771898 0.00751463 0.0159158 0
0.201 51 0.29366 0.00344208 0.01103 0
0.201 52 0.441266 0.00202699 0.00220466 0
0.201 53 0.286756 0.0109357 0.0171821 0
0.201 54 0.307324 0.00751232 0.0143453 0
0.201 55 0.470886 0.0105148 0.0093504 0
0.201 56 0.191655 0.000655407 0.00529251 0
0.201 57 0.18137 0.0135355 0.00678849 0
0.201 58 0.0877178 0.00353181 0.00472467 0
0.201 59 0.234793 0.00778856 0.0182513 0
0.201 60 0.134988 0.0152998 0.00964309 0
0.201 61 0.278976 0.00248091 0.00736473 0
0.201 62 0.0706098 0.0090842 0.0101205 0
0.201 63 0.430014 0.00284128 0.0141956 0
0.201 64 0.436695 0.0179477 0.018409 0
0.201 65 0.279128 0.00639466 0.00328108 0
0.201 66 0.289304 0.00240872 0.00923054 0
0.201 67 0.41146 0.013211 0.0167338 0
0.201 68 0.171287 0.00860348 0.00595159 0
0.201 69 0.483555 0.0153785 0.00468491 0
0.201 70 0.0962016 0.00787808 0.0164368 0
0.301 51 0.312635 0.00301833 0.0114845 0
0.301 52 0.460333 0.00201914 0.00310111 0
0.301 53 0.305817 0.0113056 0.015905 0
0.301 54 0.326275 0.00786515 0.0153985 0
0.301 55 0.489971 0.010402 0.0105197 0
0.301 56 0.210634 0.000686352 0.00596287 0
0.301 57 0.200496 0.0139786 0.00725622 0
0.301 58 0.106816 0.00246516 0.00531924 0
0.301 59 0.253794 0.00817091 0.0175926 0
0.301 60 0.154065 0.0153792 0.0105428 0
0.301 61 0.298041 0.00304364 0.00885663 0
0.301 62 0.0897002 0.00883844 0.0107342 0
0.301 63 0.44904 0.00273132 0.0151986 0
0.301 64 0.455793 0.0185417 0.0176709 0
0.301 65 0.298122 0.00670852 0.00452976 0
0.301 66 0.308417 0.00242568 0.0101078 0
0.301 67 0.43052 0.0138942 0.0173241 0
0.301 68 0.190359 0.00839817 0.00676863 0
0.301 69 0.497317 0.0159403 0.00537298 0
0.301 70 0.11523 0.00770356 0.0175989 0
0.401 51 0.331714 0.00319092 0.0121319 0
0.401 52 0.479337 0.00258083 0.00404981 0
0.401 53 0.324883 0.011687 0.0144532 0
0.401 54 0.345329 0.00762239 0.0167976 0
0.401 55 0.490652 0.00972501 0.0110188 0
0.401 56 0.229789 0.00085591 0.00660372 0
0.401 57 0.219642 0.0146428 0.00833953 0
0.401 58 0.125806 0.00286674 0.00663224 0
0.401 59 0.272822 0.00792098 0.0169009 0
0.401 60 0.173112 0.0153116 0.0117426 0
0.401 61 0.316996 0.00267993 0.00983398 0
0.401 62 0.108709 0.00932157 0.0113868 0
0.401 63 0.468064 0.00229622 0.0161162 0
0.401 64 0.474817 0.0185383 0.0163006 0
0.401 65 0.317156 0.00670206 0.00609646 0
0.401 66 0.327388 0.00279534 0.0118026 0
0.401 67 0.449593 0.0149616 0.0182361 0
0.401 68 0.209353 0.00833502 0.00770753 0
0.401 69 0.478337 0.0162617 0.00658617 0
0.401 70 0.134293 0.00731421 0.0189318 0
0.501 51 0.350774 0.00300235 0.0123298 0
0.501 52 0.498363 0.0029626 0.0049344 0
0.501 53 0.343982 0.011476 0.0138363 0
0.501 54 0.36429 0.00837926 0.0184063 0
0.501 55 0.471634 0.00947792 0.0125646 0
0.501 56 0.248853 0.000420549 0.00686008 0
0.501 57 0.238731 0.0151302 0.00987445 0
0.501 58 0.144818 0.00289118 0.00712921 0
0.501 59 0.291924 0.00824394 0.0165157 0
0.501 60 0.192212 0.0154195 0.0126314 0
0.501 61 0.336007 0.00343099 0.0106583 0
0.501 62 0.127694 0.0094266 0.012487 0
0.501 63 0.487028 0.00255383 0.0181893 0
0.501 64 0.493731 0.0183845 0.0154892 0
0.501 65 0.336191 0.00584571 0.00698986 0
0.501 66 0.346187 0.0028527 0.0130151 0
0.501 67 0.46863 0.0148225 0.0193423 0
0.501 68 0.228442 0.00845403 0.00884598 0
0.501 69 0.459278 0.0169753 0.00743602 0
0.501 70 0.153289 0.00672421 0.0198249 0
0.601 51 0.369823 0.00276132 0.0141584 0
0.601 52 0.482324 0.00281522 0.00515649 0
0.601 53 0.36299 0.0113725 0.0128148 0
0.601 54 0.383282 0.00776143 0.0199829 0
0.601 55 0.452743 0.00900492 0.014177 0
0.601 56 0.267756 0.000414761 0.00750114 0
0.601 57 0.257824 0.0145955 0.0113052 0
0.601 58 0.163815 0.0031214 0.00832631 0
0.601 59 0.310934 0.00830732 0.0156623 0
0.601 60 0.211293 0.0155462 0.0132114 0
0.601 61 0.355018 0.0038497 0.0117689 0
0.601 62 0.146758 0.00965672 0.0125242 0
0.601 63 0.493586 0.00208892 0.0194333 0
0.601 64 0.486935 0.0178381 0.0148471 0
0.601 65 0.355311 0.00526993 0.00829147 0
0.601 66 0.365154 0.00293076 0.0142676 0
0.601 67 0.48764 0.0150914 0.0198031 0
0.601 68 0.247403 0.00829696 0.00973102 0
0.601 69 0.44017 0.0172062 0.00828835 0
0.601 70 0.172365 0.00683072 0.0193644 0
0.701 51 0.3889 0.00266499 0.0146269 0
0.701 52 0.463287 0.00306828 0.00682125 0
0.701 53 0.381961 0.0106998 0.0114133 0
0.701 54 0.402266 0.00823744 0.01938 0
0.701 55 0.433704 0.00835691 0.0153281 0
0.701 56 0.28687 0.000434873 0.00917922 0
0.701 57 0.276742 0.0145718 0.0130591 0
0.701 58 0.182876 0.00361384 0.00893093 0
0.701 59 0.329952 0.00842408 0.0143656 0
0.701 60 0.23042 0.0153423 0.0142199 0
0.701 61 0.374098 0.0044003 0.0126695 0
0.701 62 0.16594 0.0101439 0.0132358 0
0.701 63 0.474579 0.00232153 0.0192972 0
0.701 64 0.467824 0.0177708 0.0138681 0
0.701 65 0.374436 0.00498131 0.00858999 0
0.701 66 0.384089 0.00295515 0.0153999 0
0.701 67 0.493347 0.0152147 0.0183785 0
0.701 68 0.266457 0.0083713 0.010193 0
0.701 69 0.421194 0.0178422 0.00934189 0
0.701 70 0.191342 0.00716508 0.0181042 0
0.801 51 0.407961 0.00268045 0.0156074 0
0.801 52 0.44433 0.00242588 0.00779611 0
0.801 53 0.401038 0.0106793 0.0109838 0
0.801 54 0.421245 0.00900952 0.0176098 0
0.801 55 0.414571 0.00837743 0.0160544 0
0.801 56 0.305832 0.000180459 0.0103834 0
0.801 57 0.2957 0.0147431 0.0141268 0
0.801 58 0.202002 0.00333635 0.0101209 0
0.801 59 0.349075 0.00846901 0.0135527 0
0.801 60 0.249367 0.0158065 0.015979 0
0.801 61 0.393065 0.00482079 0.0143496 0
0.801 62 0.185088 0.0109039 0.01426 0
0.801 63 0.455588 0.00204733 0.0182375 0
0.801 64 0.448846 0.0174475 0.0124466 0
0.801 65 0.393412 0.00450433 0.00977056 0
0.801 66 0.40307 0.00237216 0.0163897 0
0.801 67 0.474224 0.0152212 0.0174222 0
0.801 68 0.285528 0.00806733 0.0116776 0
0.801 69 0.402182 0.0183459 0.0113349 0
0.801 70 0.2105 0.00701156 0.01726 0
0.901 51 0.427037 0.00316133 0.0161361 0
0.901 52 0.425266 0.00230588 0.00959543 0
0.901 53 0.41997 0.0111979 0.0103376 0
0.901 54 0.440277 0.00866503 0.0173392 0
0.901 55 0.395601 0.00844726 0.0172478 0
0.901 56 0.32491 0.000277194 0.01076 0
0.901 57 0.314764 0.0147563 0.0152787 0
0.901 58 0.22102 0.00318212 0.010952 0
0.901 59 0.368133 0.00846127 0.0139578 0
0.901 60 0.268423 0.0162667 0.0167175 0
0.901 61 0.41208 0.00445462 0.0153864 0
0.901 62 0.204122 0.0108321 0.0162583 0
0.901 63 0.436559 0.00186237 0.0171615 0
0.901 64 0.429821 0.0168559 0.0120438 0
0.901 65 0.412421 0.00437341 0.0108342 0
0.901 66 0.422144 0.00209629 0.0174056 0
0.901 67 0.455198 0.01511 0.0163219 0
0.901 68 0.304612 0.00829899 0.0132655 0
0.901 69 0.383176 0.0177706 0.0117535 0
0.901 70 0.229544 0.00694973 0.0161731 0
1.001 51 0.446029 0.00374899 0.0161038 0
1.001 52 0.406259 0.00169416 0.0108071 0
1.001 53 0.439099 0.0108738 0.00930667 0
1.001 54 0.459227 0.00853712 0.0154705 0
1.001 55 0.376596 0.00899014 0.0178994 0
1.001 56 0.343945 0.000107799 0.0113934 0
1.001 57 0.333849 0.0145196 0.0158671 0
1.001 58 0.240007 0.00276052 0.0124013 0
1.001 59 0.387252 0.00859009 0.0137927 0
1.001 60 0.287424 0.0161854 0.0168989 0
1.001 61 0.431251 0.00433617 0.0156008 0
1.001 62 0.223083 0.0107018 0.017648 0
1.001 63 0.417587 0.00262275 0.0158827 0
1.001 64 0.410741 0.0166239 0.0117338 0
1.001 65 0.431482 0.00421139 0.0123443 0
1.001 66 0.441148 0.00115051 0.0193392 0
1.001 67 0.436165 0.0152394 0.0152204 0
1.001 68 0.323578 0.00878939 0.0142672 0
1.001 69 0.364036 0.0178899 0.0122305 0
1.001 70 0.248618 0.00701737 0.0146331 0
1.101 51 0.465021 0.00289685 0.0172215 0
1.101 52 0.387306 0.00137714 0.0125557 0
1.101 53 0.458109 0.0107203 0.00781787 0
1.101 54 0.478259 0.00768327 0.013949 0
1.101 55 0.357595 0.0082651 0.0187836 0
1.101 56 0.363088 0.00019973 0.0124344 0
1.101 57 0.353003 0.0141744 0.0169842 0
1.101 58 0.259004 0.00272508 0.0135005 0
1.101 59 0.406324 0.00874427 0.0130156 0
1.101 60 0.306336 0.0164316 0.0178029 0
1.101 61 0.450247 0.00465162 0.0168969 0
1.101 62 0.242161 0.0110024 0.0177505 0
1.101 63 0.398531 0.00260349 0.0152181 0
1.101 64 0.391697 0.0164369 0.0107223 0
1.101 65 0.450553 0.00414024 0.0133996 0
1.101 66 0.460183 0.00130806 0.0199368 0
1.101 67 0.417051 0.0154847 0.0145018 0
1.101 68 0.342605 0.00857027 0.01485 0
1.101 69 0.344977 0.0187402 0.0131728 0
1.101 70 0.267656 0.0070576 0.0142618 0
1.201 51 0.484049 0.00305746 0.0186446 0
1.201 52 0.368286 0.00114497 0.0133373 0
1.201 53 0.477153 0.0116275 0.00677296 0
1.201 54 0.497327 0.00763187 0.0130859 0
1.201 55 0.338513 0.00824912 0.0199201 0
1.201 56 0.382203 0.000264376 0.0135073 0
1.201 57 0.372104 0.0142962 0.0185688 0
1.201 58 0.278142 0.00248721 0.0139999 0
1.201 59 0.425382 0.00879323 0.0123619 0
1.201 60 0.325309 0.0160622 0.0197405 0
1.201 61 0.469301 0.00449747 0.0176789 0
1.201 62 0.261104 0.0103219 0.0184311 0
1.201 63 0.379576 0.00274567 0.0138178 0
1.201 64 0.372657 0.0169132 0.00971326 0
1.201 65 0.469509 0.00444085 0.0143809 0
1.201 66 0.479217 0.000884877 0.0189786 0
1.201 67 0.397879 0.0154687 0.0134638 0
1.201 68 0.361605 0.00822319 0.0163186 0
1.201 69 0.325917 0.0185066 0.0143667 0
1.201 70 0.286774 0.00678683 0.0132004 0
1.301 51 0.496557 0.002778 0.0195411 0
1.301 52 0.349274 0.000968757 0.0142535 0
1.301 53 0.496195 0.0107532 0.00601507 0
1.301 54 0.483623 0.00777465 0.0118153 0
1.301 55 0.319525 0.00844032 0.0184457 0
1.301 56 0.401312 0.000349126 0.0136677 0
1.301 57 0.391071 0.0134552 0.0199368 0
1.301 58 0.297299 0.00269694 0.0151927 0
1.301 59 0.444469 0.0083549 0.0117696 0
1.301 60 0.344453 0.0154206 0.0197792 0
1.301 61 0.488268 0.00435929 0.0185794 0
1.301 62 0.280195 0.0103652 0.0189609 0
1.301 63 0.36052 0.00278575 0.0122556 0
1.301 64 0.353694 0.0168478 0.00831173 0
1.301 65 0.488569 0.0040838 0.0149366 0
1.301 66 0.498246 0.00119215 0.0181708 0
1.301 67 0.378965 0.0162397 0.0119943 0
1.301 68 0.380667 0.00734378 0.0173357 0
1.301 69 0.306926 0.0179818 0.0156607 0
1.301 70 0.305823 0.00672675 0.0118126 0
1.401 51 0.477541 0.00318928 0.0192622 0
1.401 52 0.330213 0.00105885 0.0145993 0
1.401 53 0.484773 0.0101804 0.00481395 0
1.401 54 0.464699 0.00760385 0.0108616 0
1.401 55 0.300507 0.00856057 0.0168471 0
1.401 56 0.420234 0.000844966 0.0148415 0
1.401 57 0.410035 0.0142974 0.0186779 0
1.401 58 0.316284 0.00275847 0.0160161 0
1.401 59 0.463527 0.00892302 0.0111859 0
1.401 60 0.363549 0.0158973 0.0192768 0
1.401 61 0.492444 0.00458101 0.0195602 0
1.401 62 0.299266 0.0104983 0.0196699 0
1.401 63 0.34148 0.00267216 0.0107002 0
1.401 64 0.334606 0.0167694 0.0074079 0
1.401 65 0.492452 0.00340451 0.0161824 0
1.401 66 0.482696 0.00112605 0.0172197 0
1.401 67 0.359958 0.0162582 0.0117667 0
1.401 68 0.399792 0.00687638 0.0181695 0
1.401 69 0.287884 0.0179206 0.0168782 0
1.401 70 0.324868 0.00645272 0.0109582 0
1.501 51 0.458558 0.00283703 0.0181891 0
1.501 52 0.311043 0.000959268 0.0143957 0
1.501 53 0.465692 0.01014 0.00372755 0
1.501 54 0.445641 0.00792447 0.0101167 0
1.501 55 0.281443 0.00749807 0.0159635 0
1.501 56 0.439419 0.000209022 0.0165988 0
1.501 57 0.429008 0.0144572 0.0178528 0
1.501 58 0.33523 0.00386652 0.0171316 0
1.501 59 0.482557 0.00869465 0.0100583 0
1.501 60 0.382627 0.0153363 0.0183464 0
1.501 61 0.473438 0.00441019 0.0195993 0
1.501 62 0.318363 0.0101932 0.0189429 0
1.501 63 0.322353 0.00314691 0.00987391 0
1.501 64 0.315576 0.0178096 0.006182 0
1.501 65 0.473477 0.00307303 0.01778 0
1.501 66 0.46365 0.00100112 0.0163599 0
1.501 67 0.340958 0.0171416 0.0107527 0
1.501 68 0.418843 0.00620234 0.0195021 0
1.501 69 0.268884 0.0181486 0.0178583 0
1.501 70 0.343957 0.0066004 0.00975157 0
1.601 51 0.43942 0.0029897 0.0179499 0
1.601 52 0.29201 0.00113739 0.0149412 0
1.601 53 0.446603 0.00916316 0.00298652 0
1.601 54 0.426567 0.00762915 0.00906166 0
1.601 55 0.262453 0.00699797 0.0141038 0
1.601 56 0.458396 0.000113677 0.0184057 0
1.601 57 0.448059 0.0146641 0.0160359 0
1.601 58 0.354302 0.0038163 0.0179319 0
1.601 59 0.498415 0.00868639 0.00788259 0
1.601 60 0.401771 0.0149198 0.0185009 0
1.601 61 0.454377 0.00448853 0.0197084 0
1.601 62 0.337342 0.0108486 0.0175427 0
1.601 63 0.303382 0.00302185 0.00869432 0
1.601 64 0.296443 0.0181695 0.0053338 0
1.601 65 0.454496 0.00286808 0.019028 0
1.601 66 0.4448 0.000930162 0.0149269 0
1.601 67 0.321886 0.0171051 0.00999089 0
1.601 68 0.43794 0.00662792 0.0198777 0
1.601 69 0.249879 0.0176688 0.018922 0
1.601 70 0.362977 0.00623259 0.00894817 0
1.701 51 0.420284 0.00326874 0.016195 0
1.701 52 0.272925 0.00129843 0.0156682 0
1.701 53 0.427551 0.00946414 0.00146483 0
1.701 54 0.407381 0.00748886 0.00858822 0
1.701 55 0.243547 0.00685195 0.0130629 0
1.701 56 0.477338 0.000115212 0.0198638 0
1.701 57 0.467048 0.0147196 0.0148535 0
1.701 58 0.373288 0.00402598 0.0182716 0
1.701 59 0.479414 0.00848771 0.00701364 0
1.701 60 0.420809 0.0144228 0.0173378 0
1.701 61 0.435498 0.00416088 0.0179496 0
1.701 62 0.356409 0.0104663 0.0161855 0
1.701 63 0.284457 0.00328509 0.00811724 0
1.701 64 0.277407 0.0181867 0.00394847 0
1.701 65 0.435435 0.00326905 0.0197848 0
1.701 66 0.425746 0.000655884 0.0138995 0
1.701 67 0.302818 0.0168517 0.00927542 0
1.701 68 0.456881 0.00626216 0.0185472 0
1.701 69 0.230926 0.0179772 0.0187947 0
1.701 70 0.38184 0.00636678 0.00801766 0
1.801 51 0.401286 0.00310008 0.0145968 0
1.801 52 0.253975 0.00159631 0.0164913 0
1.801 53 0.40851 0.00999563 6.6938e-05 0
1.801 54 0.388389 0.00679548 0.00711455 0
1.801 55 0.224552 0.00680593 0.0120415 0
1.801 56 0.496459 6.58188e-05 0.019598 0
1.801 57 0.486119 0.0146954 0.0135044 0
1.801 58 0.392203 0.00408628 0.0194168 0
1.801 59 0.460225 0.00865194 0.00726571 0
1.801 60 0.439986 0.0149307 0.0167 0
1.801 61 0.416543 0.00413507 0.0162634 0
1.801 62 0.375461 0.0109479 0.0151495 0
1.801 63 0.26541 0.0037148 0.0069268 0
1.801 64 0.258429 0.0186305 0.00231146 0
1.801 65 0.416346 0.00384171 0.0192092 0
1.801 66 0.406854 0.000206673 0.0128266 0
1.801 67 0.283771 0.0169312 0.00845087 0
1.801 68 0.475894 0.00612177 0.0173376 0
1.801 69 0.2119 0.0181381 0.0172387 0
1.801 70 0.400838 0.00579752 0.0069593 0
1.901 51 0.38229 0.00284021 0.013479 0
1.901 52 0.234893 0.00126963 0.0165719 0
1.901 53 0.389478 0.00965197 0.00110359 0
1.901 54 0.36934 0.00711397 0.00666839 0
1.901 55 0.205616 0.00671026 0.0107561 0
1.901 56 0.484158 0.000298214 0.0188795 0
1.901 57 0.494869 0.0153583 0.0128742 0
1.901 58 0.411192 0.00478683 0.0196921 0
1.901 59 0.441248 0.00898685 0.00657038 0
1.901 60 0.459064 0.0147658 0.0160872 0
1.901 61 0.397573 0.0035102 0.0153536 0
1.901 62 0.394364 0.0120531 0.0132996 0
1.901 63 0.246394 0.00438571 0.00582208 9.64927e-09
1.901 64 0.239464 0.0183522 0.000668553 9.64927e-09
1.901 65 0.397401 0.00334441 0.0176703 9.64927e-09
1.901 66 0.387814 0.000367378 0.0117623 9.64927e-09
1.901 67 0.264626 0.0167455 0.00795995 9.64927e-09
1.901 68 0.494813 0.0073135 0.0159036 9.64927e-09
1.901 69 0.192865 0.0178204 0.0163391 9.64927e-09
1.901 70 0.4199 0.00626636 0.00676094 9.64927e-09
2.001 51 0.363281 0.0027981 0.0123692 0
2.001 52 0.21588 0.0010223 0.0172802 0
2.001 53 0.370474 0.00992882 0.00182835 0
2.001 54 0.350277 0.00661756 0.00564947 0
2.001 55 0.186561 0.00548866 0.00933173 0
2.001 56 0.465118 0.000934999 0.0179219 0
2.001 57 0.475859 0.015278 0.0110775 0
2.001 58 0.430234 0.00547794 0.0188702 0
2.001 59 0.422188 0.00909327 0.0058703 0
2.001 60 0.478102 0.0148944 0.0145629 0
2.001 61 0.378615 0.00401776 0.0138669 0
2.001 62 0.413439 0.0115628 0.0124199 0
2.001 63 0.227318 0.00433828 0.00500044 0
2.001 64 0.220396 0.0178728 0.000469162 0
2.001 65 0.378318 0.00323961 0.017027 0
2.001 66 0.368811 0.00109561 0.0105948 0
2.001 67 0.24548 0.0166066 0.007078 0
2.001 68 0.486084 0.00765213 0.015113 0
2.001 69 0.173844 0.0183453 0.0152144 0
2.001 70 0.439001 0.00613798 0.00578561 0
2.101 51 0.344313 0.00256762 0.0107366 0
2.101 52 0.196802 0.000894424 0.0179941 0
2.101 53 0.351519 0.0100129 0.00297595 0
2.101 54 0.331327 0.00555715 0.00508218 0
2.101 55 0.16767 0.00460996 0.00783393 0
2.101 56 0.446167 0.00102175 0.0168732 0
2.101 57 0.456866 0.0154609 0.0101118 0
2.101 58 0.449237 0.00420166 0.0189331 0
2.101 59 0.403181 0.00901728 0.00442709 0
2.101 60 0.497049 0.0143792 0.0130586 0
2.101 61 0.359608 0.00349091 0.0123991 0
2.101 62 0.432453 0.0121439 0.0117913 0
2.101 63 0.208267 0.00469427 0.00458453 0
2.101 64 0.201322 0.017846 0.000828857 0
2.101 65 0.359397 0.00314685 0.0155775 0
2.101 66 0.349668 0.000700102 0.00996784 0
2.101 67 0.226483 0.0163571 0.00675605 0
2.101 68 0.46705 0.00776937 0.0139344 0
2.101 69 0.154776 0.018264 0.0140898 0
2.101 70 0.458093 0.00661601 0.00467206 0
2.201 51 0.325325 0.00220996 0.00975113 0
2.201 52 0.177783 0.000477337 0.019218 0
2.201 53 0.332346 0.00968978 0.002985 0
2.201 54 0.312371 0.00565725 0.00303159 0
2.201 55 0.148618 0.00481177 0.00716413 0
2.201 56 0.427118 0.00143056 0.0159301 0
2.201 57 0.437936 0.0160195 0.00866474 0
2.201 58 0.468215 0.00430944 0.0179229 0
2.201 59 0.384061 0.00908515 0.00368477 0
2.201 60 0.48363 0.0145628 0.0124619 0
2.201 61 0.340567 0.00364253 0.0120193 0
2.201 62 0.451459 0.0125373 0.010208 0
2.201 63 0.189191 0.0040518 0.00351813 0
2.201 64 0.182308 0.0174547 0.00155803 0
2.201 65 0.340285 0.00307882 0.0146722 0
2.201 66 0.330625 0.00118118 0.00891683 0
2.201 67 0.207491 0.0164809 0.00525727 0
2.201 68 0.447995 0.00687138 0.0122635 0
2.201 69 0.135676 0.0184185 0.0128018 0
2.201 70 0.477158 0.00720005 0.00402926 0
2.301 51 0.306347 0.00216569 0.00815517 0
2.301 52 0.158658 0.000529646 0.0196049 0
2.301 53 0.313228 0.00940333 0.00438532 0
2.301 54 0.293334 0.00546425 0.00181365 0
2.301 55 0.129667 0.00424093 0.00641567 0
2.301 56 0.408128 0.00117168 0.0142657 0
2.301 57 0.418841 0.016298 0.00795651 0
2.301 58 0.487196 0.00458929 0.0167875 0
2.301 59 0.36501 0.00869727 0.00251197 0
2.301 60 0.464612 0.0148777 0.0106724 0
2.301 61 0.321498 0.00376773 0.0102151 0
2.301 62 0.470424 0.0127765 0.0102075 0
2.301 63 0.170121 0.0032168 0.0028028 0
2.301 64 0.163331 0.0173179 0.00251554 0
2.301 65 0.321178 0.0035122 0.0136971 0
2.301 66 0.311644 0.00072285 0.00697075 0
2.301 67 0.188407 0.0165255 0.00439536 0
2.301 68 0.428908 0.00732388 0.0114799 0
2.301 69 0.116717 0.0183301 0.0119872 0
2.301 70 0.496181 0.00731888 0.00324046 0
2.401 51 0.287404 0.00175576 0.00762318 0
2.401 52 0.139691 0.000348479 0.019042 0
2.401 53 0.294194 0.00910394 0.00524096 0
2.401 54 0.274304 0.00514801 0.000183471 0
2.401 55 0.110504 0.00419593 0.00535675 0
2.401 56 0.389087 0.000335267 0.0135904 0
2.401 57 0.399696 0.0163889 0.00729152 0
2.401 58 0.493763 0.00403345 0.0158703 0
2.401 59 0.345925 0.00887532 0.00162377 0
2.401 60 0.445639 0.0151314 0.00941308 0
2.401 61 0.302427 0.00423123 0.00899363 0
2.401 62 0.489584 0.0131418 0.0092204 0
2.401 63 0.151026 0.00309404 0.00200742 0
2.401 64 0.144229 0.0171936 0.00358438 0
2.401 65 0.30215 0.00310216 0.012709 0
2.401 66 0.292611 0.000644382 0.00600788 0
2.401 67 0.169391 0.0166886 0.00412214 0
2.401 68 0.409863 0.0074667 0.0106791 0
2.401 69 0.0977152 0.0181338 0.0108257 0
2.401 70 0.484323 0.00746851 0.00204569 0
2.501 51 0.268321 0.00119384 0.00688831 0
2.501 52 0.120674 7.53384e-05 0.0176771 0
2.501 53 0.275087 0.0090981 0.00510572 0
2.501 54 0.255301 0.00511506 0.0014366 1.40067e-08
2.501 55 0.0914508 0.00413635 0.00406013 1.40067e-08
2.501 56 0.370032 0.000248757 0.0125755 1.40067e-08
2.501 57 0.380775 0.0160618 0.00638334 1.40067e-08
2.501 58 0.47475 0.00366939 0.0145987 1.40067e-08
2.501 59 0.327001 0.00881293 0.000849657 1.40067e-08
2.501 60 0.426547 0.0152126 0.00915952 1.40067e-08
2.501 61 0.283406 0.00505576 0.00808737 1.40067e-08
2.501 62 0.491103 0.0129368 0.00805862 1.40067e-08
2.501 63 0.13203 0.00310355 0.00153217 1.40067e-08
2.501 64 0.125242 0.0180453 0.00492621 1.40067e-08
2.501 65 0.283128 0.00259002 0.0124033 1.40067e-08
2.501 66 0.273578 0.00080216 0.00416862 1.40067e-08
2.501 67 0.150406 0.0165829 0.00347325 1.40067e-08
2.501 68 0.390846 0.00783495 0.00923657 1.40067e-08
2.501 69 0.0786041 0.0184067 0.01018 1.40067e-08
2.501 70 0.465328 0.00797028 0.00105695 1.40067e-08
2.601 51 0.24921 0.00201151 0.00639535 0
2.601 52 0.101667 0.000456916 0.016097 0
2.601 53 0.256119 0.00936166 0.0060911 1.00958e-08
2.601 54 0.236228 0.00509351 0.00227998 1.00958e-08
2.601 55 0.0723566 0.00397048 0.00288355 1.00958e-08
2.601 56 0.350992 0.000224058 0.0116841 1.00958e-08
2.601 57 0.361781 0.0154324 0.00499599 1.00958e-08
2.601 58 0.45557 0.00336959 0.0142937 1.00958e-08
2.601 59 0.308079 0.00881508 0.000196427 1.00958e-08
2.601 60 0.407416 0.0155013 0.00838174 1.00958e-08
2.601 61 0.264397 0.00488465 0.00665278 1.00958e-08
2.601 62 0.472026 0.013109 0.00709537 1.00958e-08
2.601 63 0.112989 0.00320714 0.000278275 1.00958e-08
2.601 64 0.106224 0.0174286 0.00596084 1.00958e-08
2.601 65 0.264146 0.00285423 0.0105585 1.00958e-08
2.601 66 0.254571 0.0014755 0.00250601 1.76747e-08
2.601 67 0.131356 0.0166515 0.00201252 1.76747e-08
2.601 68 0.371794 0.00830828 0.00832962 1.76747e-08
2.601 69 0.0595562 0.0180453 0.00914874 1.76747e-08
2.601 70 0.446255 0.00794742 0.000313734 1.76747e-08
2.701 51 0.230148 0.00205488 0.00493128 0
2.701 52 0.0825698 0.000589843 0.0142627 0
2.701 53 0.237171 0.00882318 0.00634716 0
2.701 54 0.217291 0.0059037 0.00306895 0
2.701 55 0.0532721 0.00381983 0.00213246 0
2.701 56 0.331886 0.000139365 0.0106454 0
2.701 57 0.342721 0.0152114 0.00449628 0
2.701 58 0.436543 0.00437723 0.0121772 0
2.701 59 0.289078 0.00859722 0.000393222 0
2.701 60 0.388478 0.0157635 0.00760983 0
2.701 61 0.245379 0.00483215 0.0061607 8.7978e-09
2.701 62 0.452926 0.0133397 0.00601057 8.7978e-09
2.701 63 0.0941008 0.00255239 0.0012212 8.7978e-09
2.701 64 0.0871252 0.017412 0.00641943 8.7978e-09
2.701 65 0.245181 0.00278927 0.00914374 8.7978e-09
2.701 66 0.235541 0.00212743 0.00160069 8.7978e-09
2.701 67 0.112246 0.0163056 0.00111772 8.7978e-09
2.701 68 0.352695 0.00811827 0.00695952 8.7978e-09
2.701 69 0.0404479 0.0177075 0.00749241 8.7978e-09
2.701 70 0.427204 0.00800847 0.00071013 8.7978e-09
2.801 51 0.211095 0.00249387 0.00386814 0
2.801 52 0.0635812 0.000201264 0.0138481 0
2.801 53 0.218248 0.00935948 0.00760545 0
2.801 54 0.198158 0.00510138 0.00326004 0
2.801 55 0.0343301 0.00429891 0.0015397 0
2.801 56 0.312932 8.04374e-05 0.00960548 0
2.801 57 0.323719 0.0142282 0.00376752 0
2.801 58 0.417572 0.00466635 0.0107511 0
2.801 59 0.270022 0.00847281 0.00137446 0
2.801 60 0.369435 0.0162891 0.00690852 0
2.801 61 0.226314 0.00508226 0.00505747 0
2.801 62 0.433907 0.0140528 0.00556145 0
2.801 63 0.0750741 0.00324953 0.00247673 0
2.801 64 0.0681301 0.0172228 0.00719696 0
2.801 65 0.226118 0.00295689 0.00850398 0
2.801 66 0.216604 0.00132213 2.70386e-05 0
2.801 67 0.0932581 0.0164194 0.000306483 0
2.801 68 0.333717 0.00810938 0.00658081 0
2.801 69 0.021458 0.0178537 0.00620247 0
2.801 70 0.408264 0.00772919 0.00207423 0
2.901 51 0.191999 0.00234297 0.00367642 0
2.901 52 0.0445517 0.000165276 0.0124442 0
2.901 53 0.199207 0.0095213 0.00938204 0
2.901 54 0.179209 0.00491696 0.00472114 0
2.901 55 0.0153124 0.00414107 0.00014822 0
2.901 56 0.293841 0.000517262 0.00848539 0
2.901 57 0.304748 0.0134993 0.00267575 0
2.901 58 0.398512 0.0039669 0.00980786 0
2.901 59 0.250955 0.00906681 0.00197253 1.3335e-07
2.901 60 0.350489 0.016834 0.0054013 1.3335e-07
2.901 61 0.207306 0.00506673 0.0044879 1.3335e-07
2.901 62 0.414987 0.0138791 0.00484993 1.3335e-07
2.901 63 0.0560529 0.00301963 0.00301682 1.3335e-07
2.901 64 0.0491021 0.0178087 0.00862035 1.3335e-07
2.901 65 0.20708 0.00324052 0.00758664 1.3335e-07
2.901 66 0.197441 0.0015378 0.000923913 1.3335e-07
2.901 67 0.0742679 0.0160998 0.00165925 1.3335e-07
2.901 68 0.314701 0.00793865 0.00602545 1.3335e-07
2.901 69 0.00245808 0.0180347 0.0053238 1.3335e-07
2.901 70 0.389262 0.00719192 0.00359611 1.3335e-07
3.001 51 0.172896 0.00277012 0.00286394 0
3.001 52 0.0255066 9.84138e-05 0.0112469 0
3.001 53 0.18011 0.00956258 0.00997032 0
3.001 54 0.160145 0.00555975 0.0054197 0
3.001 55 0.00390392 0.00460628 0.00138721 0
3.001 56 0.274773 0.000458761 0.00739971 0
3.001 57 0.285717 0.0138983 0.00192103 0
3.001 58 0.379504 0.0045029 0.00822776 0
3.001 59 0.231827 0.00995984 0.00216699 0
3.001 60 0.331516 0.0170831 0.00385974 0
3.001 61 0.188249 0.00591934 0.00375885 0
3.001 62 0.396064 0.0141064 0.00297163 0
3.001 63 0.0369233 0.00278771 0.00349764 0
3.001 64 0.0299584 0.0173006 0.00915608 0
3.001 65 0.187979 0.0030347 0.00657378 0
3.001 66 0.178216 0.00145164 0.00159363 0
3.001 67 0.055151 0.0157511 0.0026144 0
3.001 68 0.29567 0.00788349 0.00496644 0
3.001 69 0.0168409 0.0181153 0.00379875 0
3.001 70 0.370205 0.0070837 0.00389626 0
3.101 51 0.15383 0.00303645 0.00191865 0
3.101 52 0.00649926 0.000285269 0.00999803 0
3.101 53 0.16116 0.0101667 0.0117266 0
3.101 54 0.140947 0.00582571 0.00596598 0
3.101 55 0.0229584 0.00406474 0.00256661 0
3.101 56 0.255841 0.000539975 0.00610648 0
3.101 57 0.266688 0.0139721 0.000431899 0
3.101 58 0.360429 0.00382584 0.00628329 0
3.101 59 0.212747 0.00962139 0.00258149 0
3.101 60 0.312494 0.017138 0.00220729 0
3.101 61 0.169206 0.00618915 0.00297085 0
3.101 62 0.376975 0.0138525 0.00199865 0
3.101 63 0.0177902 0.00231918 0.00428817 0
3.101 64 0.0109486 0.0173972 0.0100431 0
3.101 65 0.169027 0.00260342 0.00645411 0
3.101 66 0.159311 0.000989195 0.00329194 0
3.101 67 0.0361221 0.0159182 0.00442516 0
3.101 68 0.276727 0.00762055 0.00461513 0
3.101 69 0.0358612 0.0184488 0.00219808 0
3.101 70 0.351144 0.00716555 0.00517565 0
3.201 51 0.134833 0.00236652 0.00131651 0
3.201 52 0.0128599 3.27486e-05 0.00876893 0
3.201 53 0.142119 0.0107886 0.0133872 0
3.201 54 0.121957 0.00609377 0.0076372 0
3.201 55 0.0420132 0.00480427 0.00311306 0
3.201 56 0.236871 4.00115e-05 0.00466595 0
3.201 57 0.247579 0.0136503 0.000634886 3.86251e-08
3.201 58 0.341429 0.00350474 0.00578342 3.86251e-08
3.201 59 0.193688 0.00925416 0.00409422 3.86251e-08
3.201 60 0.293488 0.016507 0.00176225 3.86251e-08
3.201 61 0.150151 0.00652283 0.00158678 3.86251e-08
3.201 62 0.358068 0.0140249 0.00036508 3.86251e-08
3.201 63 0.0014472 0.00260362 0.00570113 3.86251e-08
3.201 64 0.00836199 0.0174156 0.0109686 3.86251e-08
3.201 65 0.15002 0.00229711 0.00556591 3.86251e-08
3.201 66 0.14022 0.000906739 0.00373974 3.86251e-08
3.201 67 0.017025 0.0163211 0.00486559 3.86251e-08
3.201 68 0.257659 0.00685875 0.00363999 4.78781e-08
3.201 69 0.0550082 0.0186584 0.00155451 4.78781e-08
3.201 70 0.332063 0.00788893 0.00628065 4.78781e-08
3.301 51 0.115793 0.00194388 0.00109363 0
3.301 52 0.0319317 0.000321447 0.00701458 0
3.301 53 0.123141 0.0107129 0.0147802 0
3.301 54 0.102905 0.00585392 0.00888369 0
3.301 55 0.0609919 0.00476031 0.00447441 0
3.301 56 0.217893 7.26396e-05 0.00437003 0
3.301 57 0.228551 0.0139522 0.00245725 0
3.301 58 0.322418 0.00353622 0.00646052 0
3.301 59 0.174563 0.00959659 0.00468048 0
3.301 60 0.274364 0.0162988 0.000750241 0
3.301 61 0.131197 0.00697111 0.00132804 0
3.301 62 0.339129 0.0140024 0.00140397 0
3.301 63 0.0204016 0.00252369 0.00703658 0
3.301 64 0.0273844 0.0168191 0.012609 0
3.301 65 0.130967 0.0021517 0.00501366 0
3.301 66 0.121072 0.000417378 0.00424751 0
3.301 67 0.00246693 0.0162858 0.00448585 0
3.301 68 0.238669 0.00683821 0.0023967 0
3.301 69 0.0739312 0.0192977 0.000428022 0
3.301 70 0.313077 0.00801365 0.00763811 0
3.401 51 0.0966772 0.0013136 0.000160929 0
3.401 52 0.0509894 0.00115644 0.00642926 0
3.401 53 0.104184 0.011122 0.0169276 0
3.401 54 0.0838999 0.00537891 0.00952926 0
3.401 55 0.0799125 0.00412462 0.00522772 0
3.401 56 0.198874 0.000530586 0.00393877 0
3.401 57 0.209521 0.0131106 0.00356005 0
3.401 58 0.303454 0.0035497 0.00586677 0
3.401 59 0.155526 0.00928456 0.00567206 0
3.401 60 0.255381 0.0162218 0.000347362 1.11625e-08
3.401 61 0.112106 0.00734485 0.00026214 1.11625e-08
3.401 62 0.320011 0.0143552 0.00258421 1.11625e-08
3.401 63 0.0394123 0.00225913 0.00781572 1.11625e-08
3.401 64 0.0464379 0.0168936 0.0140889 1.11625e-08
3.401 65 0.111949 0.00221703 0.00396559 1.11625e-08
3.401 66 0.102076 0.000891174 0.00514712 1.11625e-08
3.401 67 0.0214893 0.0168583 0.00547896 1.11625e-08
3.401 68 0.219591 0.00670219 0.00151694 1.11625e-08
3.401 69 0.0928605 0.0199106 0.000539434 1.11625e-08
3.401 70 0.294084 0.00835059 0.00876534 1.11625e-08
3.501 51 0.0776738 0.000964225 0.00169922 0
3.501 52 0.0700145 0.000549364 0.00457279 0
3.501 53 0.0852039 0.0109244 0.0180659 0
3.501 54 0.0649185 0.00501765 0.0108229 0
3.501 55 0.0989952 0.00433299 0.00520135 0
3.501 56 0.179755 0.000220264 0.00304929 0
3.501 57 0.190294 0.0132504 0.00456505 0
3.501 58 0.284411 0.0040365 0.00442003 0
3.501 59 0.136636 0.00861656 0.00681568 0
3.501 60 0.236353 0.0162395 0.0015877 0
3.501 61 0.0931201 0.00823629 0.000396295 0
3.501 62 0.300902 0.0142627 0.00354015 0
3.501 63 0.0584223 0.00222738 0.00915553 0
3.501 64 0.0655102 0.0172759 0.0146045 0
3.501 65 0.0929594 0.00237453 0.00271755 0
3.501 66 0.0830386 0.00115181 0.00641885 0
3.501 67 0.0404455 0.017743 0.00663614 0
3.501 68 0.200533 0.00684179 0.000766039 0
3.501 69 0.111963 0.0199503 0.000654735 0
3.501 70 0.275012 0.00814322 0.00958726 0
3.601 51 0.0586478 0.00145015 0.00252256 0
3.601 52 0.0889956 0.00020762 0.00371878 0
3.601 53 0.0660282 0.0110387 0.018723 0
3.601 54 0.0458927 0.00522748 0.0115796 0
3.601 55 0.117951 0.00463783 0.00650009 0
3.601 56 0.160681 1.60436e-05 0.0017017 0
3.601 57 0.17129 0.0130369 0.00542373 0
3.601 58 0.265467 0.00483742 0.00293871 0
3.601 59 0.117519 0.00810478 0.00763668 0
3.601 60 0.217233 0.0156853 0.00214408 0
3.601 61 0.0741061 0.008127 0.00195871 0
3.601 62 0.28188 0.0145387 0.00482479 0
3.601 63 0.0774153 0.00243857 0.0103901 0
3.601 64 0.0845306 0.016944 0.0154937 0
3.601 65 0.0738838 0.00264563 0.00182098 0
3.601 66 0.0639817 0.00107645 0.00707562 0
3.601 67 0.0594196 0.0178383 0.00718254 0
3.601 68 0.181508 0.00718506 0.000472289 0
3.601 69 0.131033 0.0198478 0.00145897 0
3.601 70 0.255996 0.00798637 0.00958441 0
3.701 51 0.0396038 0.00112638 0.00332279 0
3.701 52 0.108056 0.000298841 0.00289988 0
3.701 53 0.0469709 0.0113771 0.0196278 0
3.701 54 0.0269497 0.0046097 0.0125664 0
3.701 55 0.137042 0.00457149 0.00733383 0
3.701 56 0.141614 0.00055937 0.000758051 0
3.701 57 0.152215 0.0131084 0.00620302 0
3.701 58 0.246479 0.0049086 0.00204619 1.78021e-08
3.701 59 0.0985658 0.00817506 0.00874918 1.78021e-08
3.701 60 0.198164 0.0156779 0.00297446 1.78021e-08
3.701 61 0.0550197 0.00821461 0.00274135 1.78021e-08
3.701 62 0.262876 0.0140049 0.00676285 1.78021e-08
3.701 63 0.0964521 0.00249209 0.0112605 1.78021e-08
3.701 64 0.103619 0.0162085 0.016103 1.78021e-08
3.701 65 0.0549362 0.00163684 0.000206243 1.78021e-08
3.701 66 0.0448106 0.000847537 0.00770889 1.78021e-08
3.701 67 0.0784659 0.0180805 0.00781424 1.78021e-08
3.701 68 0.162344 0.00747241 0.00139235 1.78021e-08
3.701 69 0.150062 0.0195576 0.00273389 1.78021e-08
3.701 70 0.236917 0.00832833 0.0110945 1.78021e-08
3.801 51 0.0205112 0.0013508 0.00474966 0
3.801 52 0.127072 0.000173699 0.00201666 0
3.801 53 0.0278476 0.0115047 0.0191909 0
3.801 54 0.0078829 0.00399526 0.0138167 0
3.801 55 0.156079 0.00509059 0.00835832 0
3.801 56 0.122609 0.00138078 0.000301535 0
3.801 57 0.133122 0.0127373 0.00745296 0
3.801 58 0.227385 0.0047261 0.0010287 0
3.801 59 0.0794747 0.00805096 0.0087093 0
3.801 60 0.179178 0.0156711 0.00469544 0
3.801 61 0.035964 0.00875482 0.00389634 0
3.801 62 0.243823 0.0145239 0.00805254 0
3.801 63 0.11545 0.00206304 0.0119147 0
3.801 64 0.122601 0.0157115 0.0173687 0
3.801 65 0.0358959 0.00159092 0.0013438 0
3.801 66 0.0258655 0.000860754 0.0087087 0
3.801 67 0.0974626 0.0174327 0.00880251 0
3.801 68 0.143282 0.00809164 0.0020257 0
3.801 69 0.169062 0.0197087 0.00385237 0
3.801 70 0.21785 0.00867111 0.0118111 0
3.901 51 0.00142148 0.00113246 0.00519792 0
3.901 52 0.146153 0.00101403 0.000847681 0
3.901 53 0.00876349 0.0114991 0.0185375 0
3.901 54 0.0112642 0.00390263 0.0153846 0
3.901 55 0.175147 0.00489056 0.00935198 0
3.901 56 0.103527 0.000908335 0.000725242 0
3.901 57 0.114145 0.0128206 0.00811329 0
3.901 58 0.208376 0.00432166 0.000715011 0
3.901 59 0.0603682 0.00753206 0.00888652 0
3.901 60 0.160055 0.0155455 0.0060485 0
3.901 61 0.0170066 0.00837344 0.0055721 0
3.901 62 0.224717 0.0143997 0.00852529 0
3.901 63 0.134501 0.00221741 0.0124186 0
3.901 64 0.141636 0.0157715 0.0181934 0
3.901 65 0.0168716 0.00234755 0.0019824 0
3.901 66 0.00673239 0.000306127 0.0100879 0
3.901 67 0.116489 0.0171108 0.0104296 0
3.901 68 0.124147 0.00763089 0.00254936 0
3.901 69 0.187925 0.0195243 0.00516053 0
3.901 70 0.198822 0.00851123 0.0131121 0
4.001 51 0.0178405 0.00138668 0.00594493 0
4.001 52 0.165159 0.00138922 0.000231141 0
4.001 53 0.0103621 0.0111165 0.01804 0
4.001 54 0.0302705 0.0034765 0.0168084 0
4.001 55 0.194169 0.00467718 0.0103936 0
4.001 56 0.0844091 0.000805374 0.00153747 0
4.001 57 0.0951774 0.0127434 0.00833891 0
4.001 58 0.18936 0.00403835 0.00174267 0
4.001 59 0.0413459 0.00793091 0.0101464 0
4.001 60 0.141019 0.0152537 0.00752539 0
4.001 61 0.00215298 0.00850432 0.00671402 0
4.001 62 0.205772 0.014122 0.0090468 0
4.001 63 0.153404 0.00263113 0.0130713 0
4.001 64 0.160677 0.0162912 0.0189199 0
4.001 65 0.00244525 0.0020617 0.00319989 0
4.001 66 0.0124987 0.000257805 0.0105318 0
4.001 67 0.13547 0.0175439 0.0113703 0
4.001 68 0.105106 0.00785343 0.00338902 0
4.001 69 0.206893 0.0192396 0.00592733 0
4.001 70 0.179692 0.00853659 0.0131471 0
4.101 51 0.0368127 0.00097608 0.00693431 0
4.101 52 0.184261 0.000928017 0.00100529 0
4.101 53 0.0293116 0.0108723 0.0172196 0
4.101 54 0.0492704 0.0034563 0.0174927 0
4.101 55 0.21322 0.00374231 0.0119283 0
4.101 56 0.0653688 0.000750054 0.00316749 0
4.101 57 0.0760501 0.0127797 0.00868159 0
4.101 58 0.170426 0.00406513 0.00394747 0
4.101 59 0.0222646 0.00871058 0.0111647 0
4.101 60 0.121961 0.0152854 0.00885924 0
4.101 61 0.0210819 0.00779315 0.00774826 0
4.101 62 0.186738 0.0135429 0.0101062 0
4.101 63 0.172456 0.00295312 0.0136692 0
4.101 64 0.179787 0.0161581 0.0197104 0
4.101 65 0.0214698 0.0025535 0.00413384 0
4.101 66 0.0315048 0.00110996 0.0120477 0
4.101 67 0.15447 0.0166673 0.0121837 0
4.101 68 0.0860363 0.00806238 0.00448394 0
4.101 69 0.225922 0.019433 0.00621645 0
4.101 70 0.1606 0.00903334 0.0143165 0
4.201 51 0.0557896 0.00179189 0.00791018 0
4.201 52 0.203228 0.00112837 0.00177882 0
4.201 53 0.0482399 0.0112931 0.0154241 0
4.201 54 0.0683872 0.00337393 0.0183569 0
4.201 55 0.232127 0.00348689 0.0135853 0
4.201 56 0.0463469 0.00122735 0.00388094 0
4.201 57 0.0570573 0.0129017 0.0101437 0
4.201 58 0.151376 0.0042188 0.00498908 0
4.201 59 0.00339969 0.00853255 0.0124528 0
4.201 60 0.102954 0.014787 0.0096798 0
4.201 61 0.0401038 0.0079534 0.00873326 0
4.201 62 0.167808 0.0133936 0.0116565 0
4.201 63 0.191455 0.00317008 0.01519 0
4.201 64 0.198825 0.0162066 0.0196343 0
4.201 65 0.0405987 0.00261053 0.00508208 0
4.201 66 0.0504405 0.00128968 0.0130165 0
4.201 67 0.173433 0.0171637 0.0141038 0
4.201 68 0.0670227 0.00859756 0.00529966 0
4.201 69 0.244886 0.0193622 0.00765937 0
4.201 70 0.141621 0.0095499 0.0156784 0
4.301 51 0.0748904 0.00186081 0.00943574 0
4.301 52 0.222236 0.0010768 0.00267611 0
4.301 53 0.0672856 0.0108208 0.0141882 0
4.301 54 0.0874369 0.00392396 0.0191186 0
4.301 55 0.251133 0.00363778 0.0147951 0
4.301 56 0.027305 0.00132667 0.00519235 0
4.301 57 0.0379973 0.0129635 0.010452 0
4.301 58 0.132314 0.00374366 0.00535906 0
4.301 59 0.0158963 0.00835457 0.0138807 0
4.301 60 0.0838604 0.0150944 0.0112285 0
4.301 61 0.0589551 0.00793446 0.0097934 0
4.301 62 0.148691 0.0136891 0.0121418 0
4.301 63 0.210505 0.00297492 0.0159552 0
4.301 64 0.217832 0.0163451 0.0189077 0
4.301 65 0.0595883 0.00189691 0.00694481 0
4.301 66 0.0694259 0.00138141 0.0140647 0
4.301 67 0.192408 0.016729 0.0150649 0
4.301 68 0.0479741 0.00818436 0.00681571 0
4.301 69 0.263946 0.019851 0.00834064 0
4.301 70 0.122625 0.00999886 0.017095 0
4.401 51 0.0938821 0.0014657 0.0101251 0
4.401 52 0.241289 0.00112011 0.00398789 0
4.401 53 0.0863807 0.0111437 0.0135068 0
4.401 54 0.106455 0.00348239 0.0197486 0
4.401 55 0.270228 0.00390187 0.016187 0
4.401 56 0.0082842 0.00165274 0.00677833 0
4.401 57 0.0189573 0.0132594 0.0116889 0
4.401 58 0.113368 0.00359763 0.00636585 0
4.401 59 0.0348573 0.00867919 0.0157107 0
4.401 60 0.0648466 0.0152605 0.012209 0
4.401 61 0.0779977 0.00835005 0.0111039 0
4.401 62 0.129748 0.0130022 0.0131601 0
4.401 63 0.22951 0.00296333 0.0177438 0
4.401 64 0.236788 0.0159614 0.0178799 0
4.401 65 0.0786094 0.00190641 0.00732415 0
4.401 66 0.0883925 0.000795785 0.0156346 0
4.401 67 0.211382 0.016392 0.0163221 0
4.401 68 0.0288614 0.00821643 0.00710383 0
4.401 69 0.282827 0.0193799 0.00899615 0
4.401 70 0.103586 0.0101778 0.0184094 0
4.501 51 0.112894 0.00177704 0.0114038 0
4.501 52 0.260251 0.00147892 0.00550523 0
4.501 53 0.105499 0.0113949 0.0123463 0
4.501 54 0.125552 0.00394594 0.0185428 0
4.501 55 0.289203 0.00361687 0.0169408 0
4.501 56 0.0109587 0.00297418 0.00786865 0
4.501 57 0.000232178 0.0130274 0.0120369 0
4.501 58 0.0943149 0.004112 0.0070683 0
4.501 59 0.0538487 0.00808521 0.0165832 0
4.501 60 0.0458311 0.0154396 0.0133307 0
4.501 61 0.0970218 0.00817039 0.0121794 0
4.501 62 0.110701 0.0129341 0.0141662 0
4.501 63 0.248597 0.00281327 0.0187689 0
4.501 64 0.255796 0.0165524 0.0165939 0
4.501 65 0.0975517 0.00183694 0.00862523 0
4.501 66 0.107387 0.0012142 0.0167909 0
4.501 67 0.230518 0.0162899 0.0170783 0
4.501 68 0.00982018 0.0083418 0.00846812 0
4.501 69 0.301803 0.0193868 0.0108461 0
4.501 70 0.0845637 0.0103131 0.0198516 0
4.601 51 0.13193 0.001875 0.0126175 0
4.601 52 0.279175 0.00133428 0.00645967 0
4.601 53 0.124573 0.0107435 0.0107405 0
4.601 54 0.14452 0.00358165 0.0187544 0
4.601 55 0.308177 0.00291666 0.0181856 0
4.601 56 0.0300448 0.00250327 0.00875805 0
4.601 57 0.0192524 0.0125826 0.0134766 0
4.601 58 0.0752793 0.00391506 0.00802246 0
4.601 59 0.0727775 0.00755606 0.0180917 0
4.601 60 0.0267574 0.0154458 0.0141749 0
4.601 61 0.11601 0.00828098 0.0130774 0
4.601 62 0.0916314 0.0126603 0.0153376 0
4.601 63 0.267572 0.00332375 0.019707 0
4.601 64 0.274704 0.0172137 0.0152541 0
4.601 65 0.116618 0.00203696 0.00972465 0
4.601 66 0.126449 0.00210479 0.0176903 0
4.601 67 0.249601 0.016272 0.0179627 0
4.601 68 0.0094788 0.00877777 0.00973754 0
4.601 69 0.320912 0.0197633 0.0121715 0
4.601 70 0.0655218 0.00970592 0.0194064 0
4.701 51 0.151018 0.00177291 0.0132081 0
4.701 52 0.298178 0.000932776 0.00764794 0
4.701 53 0.143607 0.0102206 0.0100413 0
4.701 54 0.163448 0.00420042 0.0173873 0
4.701 55 0.327304 0.00280991 0.0183333 0
4.701 56 0.0490882 0.00270604 0.00987278 0
4.701 57 0.038343 0.0124413 0.0143755 0
4.701 58 0.0562417 0.00464458 0.00876912 0
4.701 59 0.0918886 0.00735265 0.0193157 0
4.701 60 0.0078029 0.0155114 0.0156847 0
4.701 61 0.135066 0.00854503 0.0145361 0
4.701 62 0.0725852 0.0121675 0.0160342 0
4.701 63 0.286758 0.00307901 0.0189893 0
4.701 64 0.293792 0.0165855 0.0145016 0
4.701 65 0.135741 0.00219401 0.0108964 0
4.701 66 0.145417 0.00239491 0.0184933 0
4.701 67 0.268505 0.0167899 0.0193179 0
4.701 68 0.0285036 0.00818836 0.0102572 0
4.701 69 0.339938 0.0193851 0.0136793 0
4.701 70 0.0465977 0.00867178 0.018119 0
4.801 51 0.170118 0.00172812 0.0137191 0
4.801 52 0.317089 0.000986756 0.00941358 0
4.801 53 0.162715 0.0100477 0.00873614 0
4.801 54 0.18254 0.00444097 0.0159291 0
4.801 55 0.34632 0.0029092 0.0190618 0
4.801 56 0.0681089 0.00213724 0.0110021 0
4.801 57 0.0573673 0.0122468 0.0151219 0
4.801 58 0.0371001 0.0047352 0.00963757 0
4.801 59 0.1109 0.0076281 0.0190346 0
4.801 60 0.0113735 0.0150505 0.0162816 0
4.801 61 0.15411 0.00814127 0.015875 0
4.801 62 0.0536178 0.0120116 0.0166224 0
4.801 63 0.305736 0.00309521 0.0179759 0
4.801 64 0.312841 0.0162626 0.0135584 0
4.801 65 0.154732 0.00303456 0.0121174 0
4.801 66 0.164465 0.00263165 0.0184199 0
4.801 67 0.287503 0.0160044 0.0192634 0
4.801 68 0.0475498 0.00790917 0.0111681 0
4.801 69 0.35898 0.0187679 0.0145811 0
4.801 70 0.0274645 0.00856057 0.0170341 0
4.901 51 0.189045 0.00208417 0.0157232 0
4.901 52 0.336104 0.000995216 0.0105809 0
4.901 53 0.181653 0.0107551 0.00693961 0
4.901 54 0.201494 0.00432287 0.0152961 0
4.901 55 0.365248 0.00287251 0.0192906 0
4.901 56 0.0870979 0.00238957 0.0118471 0
4.901 57 0.0763786 0.0115512 0.0161883 0
4.901 58 0.018052 0.00475617 0.0109595 0
4.901 59 0.129803 0.00659935 0.0173122 0
4.901 60 0.0304601 0.0157218 0.0169129 0
4.901 61 0.173224 0.00786359 0.0167184 0
4.901 62 0.0345755 0.012065 0.0181077 0
4.901 63 0.324813 0.00346041 0.0176093 0
4.901 64 0.331878 0.0160059 0.0125417 0
4.901 65 0.173771 0.00289087 0.0129656 0
4.901 66 0.183503 0.00242207 0.0193027 0
4.901 67 0.306518 0.0164965 0.0177353 0
4.901 68 0.0665925 0.00746498 0.0120799 0
4.901 69 0.378038 0.0195793 0.0154613 0
4.901 70 0.00841071 0.00887791 0.0166558 0
