0.001 51 0.361 0.00844084 0.00220387 0
0.001 52 0.344526 0.000602366 0.00459958 0
0.001 53 0.22616 0.0142382 0.0126268 0
0.001 54 0.448053 0.00673226 0.013583 0
0.001 55 0.171262 0.0134521 0.00246658 0
0.101 51 0.379963 0.00808695 0.00226404 0
0.101 52 0.36356 0.00122326 0.0052615 0
0.101 53 0.245317 0.0141096 0.0130973 0
0.101 54 0.467139 0.00694976 0.0147741 0
0.101 55 0.190195 0.013508 0.00423047 0
0.201 51 0.398974 0.00748192 0.00335905 0
0.201 52 0.382677 0.00055612 0.00634446 0
0.201 53 0.264382 0.0131179 0.014088 0
0.201 54 0.486159 0.00699654 0.016019 0
0.201 55 0.209241 0.0134846 0.00450608 0
0.301 51 0.417956 0.00713961 0.00438387 0
0.301 52 0.401677 0.000846416 0.00742797 0
0.301 53 0.283372 0.0134823 0.0154267 0
0.301 54 0.49462 0.00644155 0.0163795 0
0.301 55 0.228228 0.0140723 0.00552615 0
0.401 51 0.436898 0.00828878 0.00538696 0
0.401 52 0.420732 0.00124895 0.00861784 0
0.401 53 0.302475 0.0130676 0.0164181 0
0.401 54 0.475629 0.00620032 0.016129 0
0.401 55 0.247381 0.0139556 0.00673824 1.11429e-08
0.501 51 0.455853 0.00839211 0.00578485 0
0.501 52 0.439711 0.000885458 0.0101309 0
0.501 53 0.321554 0.0128479 0.0174878 0
0.501 54 0.456667 0.00688071 0.0171385 0
0.501 55 0.266347 0.0140423 0.00725482 0
0.601 51 0.474876 0.0083393 0.00682428 0
0.601 52 0.458745 0.00120529 0.0111758 0
0.601 53 0.34064 0.0135775 0.0177971 0
0.601 54 0.437511 0.00624219 0.0172577 0
0.601 55 0.285378 0.0150338 0.00859067 0
0.701 51 0.493929 0.00808103 0.00749968 0
0.701 52 0.477767 0.000734969 0.0125933 0
0.701 53 0.359683 0.0139207 0.0188069 0
0.701 54 0.418428 0.0059415 0.0186454 0
0.701 55 0.304525 0.0146739 0.0101658 0
0.801 51 0.486734 0.0072149 0.0085529 0
0.801 52 0.496751 0.00139729 0.0136512 0
0.801 53 0.37863 0.0139616 0.0199703 0
0.801 54 0.399407 0.00564289 0.0196812 0
0.801 55 0.323553 0.0143476 0.010534 0
0.901 51 0.467708 0.00722546 0.00887371 0
0.901 52 0.484026 0.00160198 0.015113 0
0.901 53 0.397664 0.0142517 0.0197148 0
0.901 54 0.380347 0.00531876 0.0197932 0
0.901 55 0.342555 0.0145354 0.0117635 0
1.001 51 0.448732 0.00844511 0.00891384 0
1.001 52 0.46491 0.00130493 0.0156513 0
1.001 53 0.416709 0.0144486 0.0183375 0
1.001 54 0.361248 0.00518766 0.0182759 0
1.001 55 0.361554 0.0144437 0.0129225 0
1.101 51 0.429686 0.00904358 0.00987699 0
1.101 52 0.445898 0.00079668 0.0173287 0
1.101 53 0.435797 0.0144781 0.0180396 0
1.101 54 0.342203 0.0048589 0.0172425 0
1.101 55 0.380683 0.0141358 0.0134359 0
1.201 51 0.410672 0.00855472 0.0106995 0
1.201 52 0.426838 0.00012061 0.0187107 0
1.201 53 0.454852 0.013894 0.0166075 0
1.201 54 0.323107 0.00521418 0.0164571 0
1.201 55 0.399668 0.0144548 0.0152949 0
1.301 51 0.39166 0.00893457 0.01191 0
1.301 52 0.407826 0.000289291 0.0198692 0
1.301 53 0.473858 0.0141093 0.0151896 0
1.301 54 0.303975 0.0055718 0.015245 0
1.301 55 0.418682 0.0150644 0.0157335 0
1.401 51 0.372734 0.00887187 0.0124402 0
1.401 52 0.38874 0.000274674 0.018535 0
1.401 53 0.492774 0.014062 0.0129338 0
1.401 54 0.285017 0.00598261 0.0144988 0
1.401 55 0.437846 0.0149717 0.0164199 0
1.501 51 0.35369 0.00845007 0.0133064 0
1.501 52 0.369653 0.000241221 0.0173533 0
1.501 53 0.488171 0.0134068 0.0117762 0
1.501 54 0.265956 0.00620535 0.0131123 0
1.501 55 0.456845 0.0145093 0.016996 0
1.601 51 0.33467 0.00810212 0.0141603 0
1.601 52 0.350543 0.000382024 0.0167914 0
1.601 53 0.469116 0.0133154 0.0103781 0
1.601 54 0.247008 0.00602494 0.012213 0
1.601 55 0.475767 0.0141677 0.0179343 0
1.701 51 0.31573 0.00766633 0.0155923 0
1.701 52 0.331536 0.000321085 0.0154288 0
1.701 53 0.449965 0.0136298 0.0100381 0
1.701 54 0.227993 0.00616001 0.0112955 0
1.701 55 0.494802 0.0145811 0.0184601 0
1.801 51 0.296699 0.0075394 0.0161953 0
1.801 52 0.31244 0.000476355 0.015019 0
1.801 53 0.430847 0.0136035 0.00858032 0
1.801 54 0.208914 0.00600157 0.0108227 0
1.801 55 0.486055 0.0140742 0.0194828 0
1.901 51 0.277727 0.00778668 0.0170307 0
1.901 52 0.293407 0.000996824 0.014043 0
1.901 53 0.411715 0.0134558 0.00698816 0
1.901 54 0.189832 0.00540187 0.0108844 0
1.901 55 0.467085 0.0146144 0.0188448 0
2.001 51 0.258766 0.00799683 0.018243 0
2.001 52 0.274338 0.00062574 0.0132125 0
2.001 53 0.392601 0.0137098 0.00594539 0
2.001 54 0.170787 0.00495031 0.0101306 0
2.001 55 0.44808 0.0144017 0.0179971 0
2.101 51 0.239687 0.00785311 0.0191698 0
2.101 52 0.255314 0.000399348 0.0124209 0
2.101 53 0.373585 0.0138886 0.0052553 0
2.101 54 0.151779 0.00463857 0.00904354 0
2.101 55 0.429072 0.0146522 0.0172441 0
2.201 51 0.220595 0.00829071 0.0198661 0
2.201 52 0.236193 0.000786665 0.0108146 0
2.201 53 0.354616 0.0138902 0.00429535 0
2.201 54 0.132737 0.00511718 0.0077253 0
2.201 55 0.410093 0.013604 0.0170353 0
2.301 51 0.201497 0.00783211 0.0196759 0
2.301 52 0.217057 0.000899288 0.0104558 0
2.301 53 0.335628 0.0134159 0.00282293 0
2.301 54 0.113521 0.00536537 0.00677633 0
2.301 55 0.391061 0.0147977 0.0160627 0
2.401 51 0.182428 0.00747644 0.0191003 0
2.401 52 0.197911 0.000785574 0.00967451 0
2.401 53 0.316549 0.0133406 0.00259791 0
2.401 54 0.0944192 0.00616198 0.00584081 0
2.401 55 0.372034 0.0152518 0.0150666 0
2.501 51 0.163413 0.00813349 0.0174614 0
2.501 52 0.178906 0.00103406 0.00838434 0
2.501 53 0.297477 0.0136446 0.00221107 0
2.501 54 0.0753643 0.00701465 0.00531587 0
2.501 55 0.352954 0.0152141 0.0140811 0
2.601 51 0.144318 0.00803981 0.0166605 0
2.601 52 0.159885 0.000192045 0.00795417 0
2.601 53 0.278334 0.0136696 0.00154819 0
2.601 54 0.056446 0.00752089 0.00343309 0
2.601 55 0.333829 0.0153293 0.0126708 0
2.701 51 0.125295 0.00788535 0.016311 0
2.701 52 0.140954 0.00086284 0.00703261 0
2.701 53 0.25938 0.0136102 0.000695658 0
2.701 54 0.0373894 0.0074713 0.00233043 0
2.701 55 0.314747 0.0154589 0.0117254 0
2.801 51 0.106217 0.0081084 0.014892 0
2.801 52 0.121916 0.00139253 0.0062934 0
2.801 53 0.240402 0.0133927 0.000167711 0
2.801 54 0.0182672 0.00778687 0.00175718 0
2.801 55 0.295624 0.0153192 0.0112108 0
2.901 51 0.0870406 0.00818482 0.0137803 0
2.901 52 0.102881 0.00150587 0.00542197 0
2.901 53 0.221393 0.0138072 0.000397815 0
2.901 54 0.000755392 0.00820425 0.00122307 0
2.901 55 0.276607 0.0153234 0.0101825 0
3.001 51 0.0679873 0.00860682 0.0126434 0
3.001 52 0.0838181 0.00139738 0.00536256 0
3.001 53 0.202294 0.0138929 0.000905685 0
3.001 54 0.0198512 0.00799101 0.000253681 0
3.001 55 0.257553 0.0152994 0.00949846 0
3.101 51 0.0489361 0.00842344 0.0121468 0
3.101 52 0.0648331 0.0014259 0.00411389 0
3.101 53 0.1833 0.0134106 0.00220761 0
3.101 54 0.0388594 0.00790943 0.00119356 0
3.101 55 0.238576 0.015526 0.00839479 0
3.201 51 0.0299602 0.00789534 0.0108959 0
3.201 52 0.0457117 0.00200666 0.00314736 0
3.201 53 0.164286 0.0144391 0.00309942 0
3.201 54 0.0579403 0.00807624 0.00204797 0
3.201 55 0.21962 0.0154317 0.00743281 0
3.301 51 0.0109543 0.00821951 0.0103899 0
3.301 52 0.0265156 0.00219953 0.0021991 0
3.301 53 0.145222 0.0142269 0.00425806 0
3.301 54 0.0769399 0.00817719 0.00293833 0
3.301 55 0.200647 0.0155906 0.00608744 0
3.401 51 0.00831573 0.00826817 0.0094178 0
3.401 52 0.00737974 0.00218076 0.000995079 0
3.401 53 0.126191 0.0136538 0.00486286 0
3.401 54 0.095972 0.00753104 0.00467191 0
3.401 55 0.181641 0.0155276 0.0043683 0
3.501 51 0.0274133 0.00899395 0.00953322 0
3.501 52 0.0119479 0.00179687 0.000153154 0
3.501 53 0.10716 0.0129771 0.00641194 0
3.501 54 0.115038 0.00736644 0.00489351 0
3.501 55 0.162609 0.0159636 0.00297689 0
3.601 51 0.0465262 0.00911885 0.00851551 0
3.601 52 0.0310487 0.00218117 0.00148204 0
3.601 53 0.0880723 0.0125636 0.00789882 0
3.601 54 0.134058 0.00761757 0.00582722 0
3.601 55 0.143602 0.0160028 0.00289974 0
3.701 51 0.0656633 0.00967547 0.00794521 0
3.701 52 0.0500957 0.00206802 0.00250492 0
3.701 53 0.0692309 0.0131381 0.0090708 0
3.701 54 0.153206 0.00784177 0.00701032 0
3.701 55 0.124502 0.0157408 0.00203277 0
3.801 51 0.0846462 0.0100467 0.00808151 0
3.801 52 0.0690207 0.00191916 0.00306795 0
3.801 53 0.0502226 0.0129943 0.0110095 0
3.801 54 0.172263 0.00773511 0.00790894 0
3.801 55 0.105484 0.01642 0.00110486 0
3.901 51 0.1036 0.0101866 0.00761799 0
3.901 52 0.0880161 0.00208437 0.00423441 0
3.901 53 0.0312243 0.0129769 0.0116976 0
3.901 54 0.191252 0.00729677 0.00954263 0
3.901 55 0.0863893 0.0162503 0.000320582 0
4.001 51 0.122741 0.0101651 0.00709052 0
4.001 52 0.107049 0.00203699 0.00512983 0
4.001 53 0.0123046 0.0130514 0.0121477 0
4.001 54 0.210202 0.00723233 0.0102695 0
4.001 55 0.0673472 0.0158823 0.00197246 0
4.101 51 0.1418 0.00972925 0.00647322 0
4.101 52 0.126047 0.00102602 0.00672482 0
4.101 53 0.00671716 0.0130345 0.0123117 0
4.101 54 0.229199 0.00707044 0.0117965 0
4.101 55 0.0482464 0.016141 0.00289241 0
4.201 51 0.160951 0.0095491 0.00524864 0
4.201 52 0.145013 0.000886553 0.00830308 0
4.201 53 0.025799 0.0131572 0.0127297 0
4.201 54 0.248251 0.00668972 0.0123932 0
4.201 55 0.0291581 0.0152896 0.00328675 0
4.301 51 0.180083 0.00970356 0.00482101 0
4.301 52 0.164048 0.00118712 0.00903133 0
4.301 53 0.0448928 0.0133104 0.013542 0
4.301 54 0.267192 0.00658045 0.0136369 0
4.301 55 0.0101445 0.0150831 0.00428654 0
4.401 51 0.199252 0.00982067 0.00476598 0
4.401 52 0.183086 0.00193069 0.00924518 0
4.401 53 0.063895 0.0131834 0.0149448 0
4.401 54 0.286195 0.00655973 0.014573 0
4.401 55 0.00906339 0.0154069 0.00432797 0
4.501 51 0.218336 0.0094126 0.00356305 0
4.501 52 0.202224 0.001526 0.0101799 0
4.501 53 0.0829999 0.0134276 0.0162773 0
4.501 54 0.305273 0.00599774 0.0153189 0
4.501 55 0.0281808 0.0150759 0.00493827 0
4.601 51 0.237368 0.00926262 0.00363244 0
4.601 52 0.221375 0.00141061 0.010769 0
4.601 53 0.101931 0.0132573 0.0173257 0
4.601 54 0.324361 0.00626389 0.0163873 0
4.601 55 0.0472068 0.0152969 0.00480111 0
4.701 51 0.256313 0.00943188 0.00200132 1.71262e-08
4.701 52 0.240376 0.00155783 0.0121061 1.71262e-08
4.701 53 0.121021 0.0134619 0.0188369 1.71262e-08
4.701 54 0.343411 0.00618389 0.0175808 1.71262e-08
4.701 55 0.0662904 0.0152291 0.00590934 1.71262e-08
4.801 51 0.275352 0.00975117 0.00055104 0
4.801 52 0.259423 0.00136462 0.0132653 0
4.801 53 0.139999 0.0139634 0.0196192 0
4.801 54 0.362366 0.00659787 0.0187602 0
4.801 55 0.0852598 0.0151726 0.00710262 0
4.901 51 0.294478 0.00997382 0.000416759 0
4.901 52 0.27847 0.00129773 0.0135067 0
4.901 53 0.159084 0.0139597 0.0191534 0
4.901 54 0.381441 0.00690845 0.0197248 0
4.901 55 0.104351 0.0145558 0.00768225 0
