0.001 51 0.264871 0.0146087 0.0129108 0
0.001 52 0.16524 0.0144157 0.0190036 0
0.001 53 0.213166 0.00403547 0.0185246 0
0.001 54 0.112652 0.00994796 0.0129193 0
0.001 55 0.17446 0.00860679 0.00762325 0
0.001 56 0.296761 0.016332 0.00350386 0
0.001 57 0.360658 0.000327375 0.00730387 0
0.001 58 0.132553 0.00620906 0.0157053 0
0.001 59 0.352252 0.014484 0.00424772 0
0.001 60 0.114526 0.0185757 0.0180547 0
0.101 51 0.283786 0.0150633 0.0143339 0
0.101 52 0.18431 0.0139836 0.0197409 0
0.101 53 0.23221 0.0041745 0.0194917 0
0.101 54 0.131789 0.00995229 0.0134622 0
0.101 55 0.193594 0.00880652 0.00875299 0
0.101 56 0.315833 0.0163 0.00477839 0
0.101 57 0.37973 0.000997597 0.00799665 0
0.101 58 0.151448 0.00596273 0.016509 0
0.101 59 0.371343 0.0134652 0.00440447 0
0.101 60 0.133509 0.0191213 0.0190037 0
0.201 51 0.302854 0.01545 0.0151073 0
0.201 52 0.203339 0.0132929 0.0190052 0
0.201 53 0.251174 0.00495304 0.0192869 0
0.201 54 0.150886 0.0105381 0.0142283 0
0.201 55 0.212589 0.00876535 0.0102661 0
0.201 56 0.334946 0.0168122 0.00612667 0
0.201 57 0.398776 0.000741465 0.00935096 0
0.201 58 0.170449 0.00592127 0.017785 0
0.201 59 0.390376 0.0131753 0.00546011 0
0.201 60 0.152487 0.018855 0.0198709 0
0.301 51 0.321859 0.0148749 0.0160805 0
0.301 52 0.222373 0.0134611 0.0176802 0
0.301 53 0.270208 0.00546558 0.0183768 0
0.301 54 0.169848 0.0110271 0.0152266 0
0.301 55 0.231452 0.00878934 0.0121109 0
0.301 56 0.353909 0.0162691 0.00604786 0
0.301 57 0.417695 0.00136749 0.0113771 0
0.301 58 0.189559 0.00622126 0.018188 0
0.301 59 0.409473 0.0132331 0.00612089 0
0.301 60 0.171529 0.0182711 0.0195827 0
0.401 51 0.340884 0.0153709 0.0173234 0
0.401 52 0.241508 0.0136608 0.0169751 0
0.401 53 0.289185 0.00472382 0.0174194 0
0.401 54 0.188918 0.0108835 0.0153198 0
0.401 55 0.25053 0.00846328 0.0134098 0
0.401 56 0.373034 0.0164635 0.00683421 0
0.401 57 0.436817 0.00134862 0.0115993 0
0.401 58 0.208601 0.00702457 0.0189939 0
0.401 59 0.428342 0.0132561 0.00728573 0
0.401 60 0.190658 0.0184243 0.0184949 0
0.501 51 0.359874 0.0149211 0.0193015 0
0.501 52 0.260383 0.0131481 0.0149886 0
0.501 53 0.308251 0.00512338 0.0170833 0
0.501 54 0.208013 0.0108992 0.0159178 0
0.501 55 0.269633 0.00885041 0.0147953 0
0.501 56 0.392127 0.0169046 0.00779847 0
0.501 57 0.45576 0.00178708 0.0125933 0
0.501 58 0.227558 0.006202 0.0197879 0
0.501 59 0.447426 0.0132096 0.00818101 0
0.501 60 0.209709 0.0186743 0.0178037 0
0.601 51 0.378922 0.015472 0.0196648 0
0.601 52 0.279377 0.0126134 0.0141799 0
0.601 53 0.327293 0.00505948 0.0159699 0
0.601 54 0.227037 0.0111102 0.0164399 0
0.601 55 0.288788 0.00846639 0.0156381 0
0.601 56 0.411178 0.0166807 0.00884602 0
0.601 57 0.474803 0.00146344 0.0146465 0
0.601 58 0.246507 0.00679251 0.0194241 0
0.601 59 0.466423 0.0128026 0.0096311 0
0.601 60 0.228716 0.018409 0.0167859 0
0.701 51 0.398035 0.0158671 0.0193545 0
0.701 52 0.298387 0.0132008 0.0130588 0
0.701 53 0.346391 0.00542887 0.0152013 0
0.701 54 0.24606 0.0112321 0.0177361 0
0.701 55 0.307764 0.00851374 0.0165061 0
0.701 56 0.43018 0.0178835 0.00967542 0
0.701 57 0.493901 0.00124282 0.0160585 0
0.701 58 0.265566 0.00762432 0.0182829 0
0.701 59 0.48541 0.0134914 0.0106042 0
0.701 60 0.247643 0.0185273 0.0158506 0
0.801 51 0.41705 0.0166164 0.0183008 0
0.801 52 0.317375 0.0129375 0.012179 0
0.801 53 0.365451 0.00537307 0.014726 0
0.801 54 0.265109 0.0111882 0.0187687 0
0.801 55 0.326821 0.00924798 0.0169005 0
0.801 56 0.449157 0.0176375 0.0110282 0
0.801 57 0.486659 0.000890972 0.0166188 0
0.801 58 0.284581 0.00808228 0.0180348 0
0.801 59 0.495293 0.0130272 0.0116808 0
0.801 60 0.266626 0.0180511 0.0143655 0
0.901 51 0.436077 0.0173003 0.0167394 0
0.901 52 0.336419 0.0132047 0.0106174 0
0.901 53 0.38446 0.0045599 0.0141675 0
0.901 54 0.284196 0.0115748 0.0198439 0
0.901 55 0.345859 0.00862689 0.0176997 0
0.901 56 0.468076 0.0170727 0.0125336 0
0.901 57 0.467673 0.00135106 0.0177625 0
0.901 58 0.303548 0.00690441 0.0162094 0
0.901 59 0.476262 0.0131576 0.0121542 0
0.901 60 0.285647 0.0181033 0.0137494 0
1.001 51 0.454982 0.0171285 0.0146627 0
1.001 52 0.355448 0.0131537 0.00954716 0
1.001 53 0.403483 0.00464268 0.013504 0
1.001 54 0.303185 0.0121765 0.0185608 0
1.001 55 0.364869 0.00876917 0.0183468 0
1.001 56 0.487113 0.0169886 0.0135955 0
1.001 57 0.448615 0.00128583 0.0182166 0
1.001 58 0.322588 0.00746227 0.0153058 0
1.001 59 0.457287 0.0133277 0.0128995 0
1.001 60 0.304739 0.018161 0.013228 0
1.101 51 0.473985 0.0171541 0.0136726 0
1.101 52 0.374436 0.0144086 0.00829789 0
1.101 53 0.422395 0.00544322 0.0133174 0
1.101 54 0.322229 0.0119188 0.0174968 0
1.101 55 0.383869 0.00914095 0.0193206 0
1.101 56 0.493593 0.0171878 0.0147174 0
1.101 57 0.429575 0.00114877 0.0194039 0
1.101 58 0.341615 0.00696195 0.0141593 0
1.101 59 0.438235 0.0137871 0.013801 0
1.101 60 0.323815 0.018775 0.0119517 0
1.201 51 0.493034 0.0171849 0.0127924 0
1.201 52 0.393532 0.0146013 0.00714342 0
1.201 53 0.441533 0.00514798 0.0127355 0
1.201 54 0.341278 0.0116777 0.0162991 0
1.201 55 0.403024 0.0102437 0.0199754 0
1.201 56 0.474626 0.0175199 0.0154503 0
1.201 57 0.410515 0.00106681 0.0193742 0
1.201 58 0.360626 0.00752668 0.0129964 0
1.201 59 0.419169 0.0139525 0.0149646 0
1.201 60 0.34281 0.0178649 0.0111245 0
1.301 51 0.487784 0.0174069 0.0119712 0
1.301 52 0.412452 0.0146212 0.0054104 0
1.301 53 0.460539 0.00466111 0.0115407 0
1.301 54 0.360269 0.012469 0.0154469 0
1.301 55 0.421989 0.0103057 0.0184232 0
1.301 56 0.455607 0.0175091 0.016517 0
1.301 57 0.391504 0.0016275 0.0184017 0
1.301 58 0.379641 0.00706275 0.0119604 0
1.301 59 0.40014 0.0143116 0.0156709 0
1.301 60 0.361912 0.0183743 0.00979317 0
1.401 51 0.468779 0.0174743 0.0103441 0
1.401 52 0.431327 0.0146216 0.00423515 0
1.401 53 0.479748 0.0039902 0.0103252 0
1.401 54 0.379262 0.0120648 0.013645 0
1.401 55 0.441012 0.0103807 0.0182438 0
1.401 56 0.436623 0.0177296 0.0178525 0
1.401 57 0.372556 0.00184685 0.0175514 0
1.401 58 0.398682 0.00719885 0.0114314 0
1.401 59 0.381049 0.0146119 0.0172265 0
1.401 60 0.380937 0.0186803 0.00845354 0
1.501 51 0.449672 0.0170032 0.00946582 0
1.501 52 0.450383 0.0143389 0.00273389 0
1.501 53 0.498591 0.00403868 0.00876162 0
1.501 54 0.39827 0.0124362 0.0123676 0
1.501 55 0.460192 0.0106607 0.0177743 0
1.501 56 0.417644 0.0180774 0.0188742 0
1.501 57 0.353444 0.00187053 0.0169855 0
1.501 58 0.417695 0.00618658 0.00981854 0
1.501 59 0.362107 0.014291 0.0190133 0
1.501 60 0.400076 0.0187348 0.00791671 0
1.601 51 0.430574 0.0172054 0.00897727 0
1.601 52 0.469473 0.0134079 0.00261954 0
1.601 53 0.482221 0.00386453 0.0074267 0
1.601 54 0.417288 0.0120196 0.0112952 0
1.601 55 0.479213 0.0107838 0.0171517 0
1.601 56 0.398665 0.0180575 0.0198979 0
1.601 57 0.334357 0.00123676 0.0165029 0
1.601 58 0.436696 0.00591958 0.00882414 0
1.601 59 0.343144 0.0138117 0.0197899 0
1.601 60 0.419163 0.0189563 0.00738091 0
1.701 51 0.411423 0.0174174 0.00787033 0
1.701 52 0.488455 0.0135289 0.00152789 0
1.701 53 0.463287 0.00475106 0.00684127 0
1.701 54 0.436327 0.0123378 0.0102013 0
1.701 55 0.498303 0.0110244 0.0162237 0
1.701 56 0.379653 0.0177812 0.0190045 0
1.701 57 0.315347 0.000330701 0.0147789 0
1.701 58 0.455767 0.00581855 0.00745915 0
1.701 59 0.324153 0.0140076 0.0190082 0
1.701 60 0.438124 0.0195955 0.00654595 0
1.801 51 0.392286 0.0169892 0.00787032 0
1.801 52 0.492234 0.0133258 0.000426219 0
1.801 53 0.444323 0.00416423 0.00528618 0
1.801 54 0.455462 0.012826 0.00940095 0
1.801 55 0.482608 0.0109391 0.0152896 0
1.801 56 0.36059 0.0174958 0.0178611 0
1.801 57 0.296233 2.99001e-05 0.0132679 0
1.801 58 0.474862 0.00557451 0.00628795 0
1.801 59 0.305108 0.0140153 0.0183964 0
1.801 60 0.45731 0.0195405 0.00684311 0
1.901 51 0.373233 0.0172086 0.00690858 0
1.901 52 0.473252 0.0134939 0.00106815 0
1.901 53 0.425257 0.00432301 0.00403594 0
1.901 54 0.474541 0.0131309 0.00809704 0
1.901 55 0.463662 0.0107695 0.0138068 0
1.901 56 0.341553 0.0176063 0.0169867 0
1.901 57 0.277112 0.000434104 0.0119549 0
1.901 58 0.493856 0.00650328 0.0048507 0
1.901 59 0.286024 0.0143317 0.017717 0
1.901 60 0.476262 0.0190421 0.00553024 0
2.001 51 0.354137 0.0174707 0.00586176 0
2.001 52 0.454142 0.0127527 0.00182853 0
2.001 53 0.406257 0.00394087 0.0025922 0
2.001 54 0.493592 0.0124094 0.00675329 0
2.001 55 0.444624 0.0106471 0.0126687 0
2.001 56 0.322466 0.0178034 0.0154859 0
2.001 57 0.258307 0.000365958 0.0100718 0
2.001 58 0.486999 0.00685499 0.00364963 0
2.001 59 0.26703 0.0148266 0.0169235 0
2.001 60 0.495228 0.0188655 0.00376156 0
2.101 51 0.335155 0.0173526 0.00510829 0
2.101 52 0.43515 0.0127179 0.00217177 0
2.101 53 0.387019 0.00426502 0.00155195 0
2.101 54 0.487135 0.012735 0.00611477 0
2.101 55 0.425577 0.010472 0.0113548 0
2.101 56 0.303438 0.0177821 0.0139351 0
2.101 57 0.239224 0.000176721 0.00902704 0
2.101 58 0.467982 0.00645382 0.00265554 0
2.101 59 0.248058 0.0142219 0.0155808 0
2.101 60 0.485364 0.0186707 0.00361911 0
2.201 51 0.316053 0.0175561 0.00423263 0
2.201 52 0.416086 0.0124893 0.00295285 0
2.201 53 0.36803 0.00475412 0.000560221 0
2.201 54 0.468122 0.0129369 0.00462211 0
2.201 55 0.406618 0.0102053 0.00938337 0
2.201 56 0.284472 0.0182199 0.0136126 0
2.201 57 0.220135 0.00083517 0.0090142 0
2.201 58 0.448951 0.0059771 0.00172388 0
2.201 59 0.228968 0.0143256 0.0144712 0
2.201 60 0.466324 0.0186369 0.00317325 0
2.301 51 0.297137 0.018238 0.00289207 0
2.301 52 0.397043 0.0126079 0.00413919 0
2.301 53 0.349044 0.00546859 4.18069e-05 0
2.301 54 0.44901 0.012723 0.00467595 0
2.301 55 0.387454 0.00968227 0.00811375 0
2.301 56 0.265429 0.018298 0.0127792 0
2.301 57 0.201081 0.00106439 0.00783624 0
2.301 58 0.429835 0.00546982 0.000677649 0
2.301 59 0.209898 0.0136602 0.0130499 0
2.301 60 0.447299 0.0184382 0.00189093 0
2.401 51 0.278111 0.0182772 0.00253055 0
2.401 52 0.377975 0.0132476 0.00538035 0
2.401 53 0.330028 0.00522756 0.00111038 0
2.401 54 0.429912 0.012263 0.00385351 0
2.401 55 0.368442 0.00948684 0.00695176 0
2.401 56 0.246423 0.0177567 0.0121463 0
2.401 57 0.182061 0.00105737 0.00666402 0
2.401 58 0.410776 0.00511536 3.52294e-05 0
2.401 59 0.19076 0.0133426 0.0125812 0
2.401 60 0.428357 0.0176387 0.000340869 0
2.501 51 0.258982 0.0178415 0.00208703 0
2.501 52 0.358878 0.0137789 0.00596484 0
2.501 53 0.310936 0.00542799 0.00159703 0
2.501 54 0.410941 0.0120347 0.00210321 0
2.501 55 0.349349 0.00914299 0.00666986 0
2.501 56 0.227419 0.0174123 0.010733 0
2.501 57 0.162929 0.00062212 0.00603164 0
2.501 58 0.391778 0.00530009 0.000937044 0
2.501 59 0.17181 0.0130455 0.0113621 0
2.501 60 0.40928 0.0170515 0.000775338 0
2.601 51 0.239895 0.0185857 0.000601774 0
2.601 52 0.339836 0.0142341 0.00713226 0
2.601 53 0.291983 0.00570311 0.00268363 0
2.601 54 0.391888 0.0119723 0.00146677 0
2.601 55 0.330341 0.00963225 0.00562546 0
2.601 56 0.20843 0.0171401 0.00954288 0
2.601 57 0.143839 0.000619252 0.00527562 0
2.601 58 0.372687 0.00515007 0.00210866 0
2.601 59 0.152734 0.012428 0.0105505 0
2.601 60 0.390174 0.0176202 0.00130939 0
2.701 51 0.220766 0.0189164 0.000200585 0
2.701 52 0.320716 0.0139141 0.0074636 0
2.701 53 0.272909 0.00529987 0.00302616 0
2.701 54 0.372897 0.0119629 0.000811153 0
2.701 55 0.311209 0.00989058 0.00413937 0
2.701 56 0.189373 0.0178231 0.00916913 0
2.701 57 0.124769 0.000685391 0.00374691 0
2.701 58 0.353696 0.00503604 0.00307805 0
2.701 59 0.133759 0.0123599 0.00989384 0
2.701 60 0.371159 0.017004 0.00209296 0
2.801 51 0.201685 0.0191453 0.000963084 0
2.801 52 0.30167 0.0132993 0.00816217 0
2.801 53 0.253842 0.00490099 0.00354819 1.41839e-08
2.801 54 0.353828 0.0121219 0.00022081 1.41839e-08
2.801 55 0.292177 0.0101069 0.002969 1.41839e-08
2.801 56 0.170338 0.0183549 0.00881093 1.41839e-08
2.801 57 0.105734 0.000694199 0.0018838 1.41839e-08
2.801 58 0.334683 0.00520093 0.00387722 1.41839e-08
2.801 59 0.114751 0.0128732 0.00876416 1.41839e-08
2.801 60 0.352142 0.0175138 0.0030489 1.41839e-08
2.901 51 0.18257 0.0191801 0.00145732 0
2.901 52 0.282664 0.013476 0.00769103 0
2.901 53 0.234909 0.005148 0.00472602 0
2.901 54 0.334751 0.0115581 0.000976015 0
2.901 55 0.273164 0.0105486 0.00278267 0
2.901 56 0.151223 0.0181114 0.00817013 0
2.901 57 0.0866565 0.000579813 0.00120713 0
2.901 58 0.315584 0.0046645 0.00510934 0
2.901 59 0.0957885 0.0126428 0.0076229 0
2.901 60 0.333122 0.0170936 0.00330502 0
3.001 51 0.163508 0.0185517 0.00284786 0
3.001 52 0.263696 0.0129636 0.00832065 0
3.001 53 0.215905 0.00500976 0.00477674 0
3.001 54 0.31588 0.0115979 0.00240574 0
3.001 55 0.254179 0.010623 0.00158661 3.71487e-08
3.001 56 0.13214 0.0185785 0.00711373 3.71487e-08
3.001 57 0.0677138 0.000346002 0.000685788 3.71487e-08
3.001 58 0.296445 0.00464942 0.00589867 3.71487e-08
3.001 59 0.0767337 0.0130687 0.0072023 3.71487e-08
3.001 60 0.314213 0.0174058 0.00412673 3.71487e-08
3.101 51 0.144416 0.0194069 0.0037881 0
3.101 52 0.244629 0.0129218 0.00991086 0
3.101 53 0.196906 0.00442566 0.00512548 0
3.101 54 0.296846 0.012579 0.00371798 0
3.101 55 0.235213 0.0107731 0.000671529 0
3.101 56 0.112989 0.0182805 0.00611527 0
3.101 57 0.0485682 0.000822563 0.00157433 0
3.101 58 0.277432 0.00457348 0.00646458 0
3.101 59 0.057766 0.0126761 0.00654023 0
3.101 60 0.295145 0.0168631 0.00544724 0
3.201 51 0.125454 0.019553 0.00534111 0
3.201 52 0.225543 0.0119936 0.0111896 0
3.201 53 0.177913 0.00389736 0.00609073 0
3.201 54 0.27783 0.0127473 0.00512185 0
3.201 55 0.216147 0.0103704 6.71324e-05 0
3.201 56 0.0940051 0.0182995 0.00500146 0
3.201 57 0.029504 0.00111534 0.00307949 0
3.201 58 0.258419 0.0042231 0.00816924 0
3.201 59 0.0387894 0.012241 0.00563128 0
3.201 60 0.2762 0.0164016 0.00619556 0
3.301 51 0.106368 0.0196063 0.00653448 0
3.301 52 0.206555 0.0128488 0.0120074 0
3.301 53 0.158945 0.00406768 0.00723946 0
3.301 54 0.25882 0.0122897 0.00607422 0
3.301 55 0.197098 0.0109893 0.00167571 0
3.301 56 0.074986 0.0186508 0.00403283 0
3.301 57 0.0104304 0.00187513 0.00394893 0
3.301 58 0.239442 0.00449291 0.00995262 0
3.301 59 0.0197761 0.0121785 0.00539888 0
3.301 60 0.257149 0.0167618 0.00755299 0
3.401 51 0.0872883 0.0190521 0.00737389 0
3.401 52 0.187579 0.0122911 0.0128849 0
3.401 53 0.139836 0.00460184 0.00848204 0
3.401 54 0.239831 0.0128093 0.00734133 0
3.401 55 0.178011 0.0108575 0.00254041 0
3.401 56 0.0559665 0.0187517 0.00237991 0
3.401 57 0.00896302 0.00148192 0.00443456 0
3.401 58 0.220381 0.00447064 0.0107901 0
3.401 59 0.000677413 0.0120391 0.00481067 0
3.401 60 0.238122 0.016966 0.00781181 0
3.501 51 0.0683991 0.0189645 0.00900428 0
3.501 52 0.168517 0.0124756 0.012987 0
3.501 53 0.120854 0.00459196 0.00978258 0
3.501 54 0.220848 0.0129073 0.00860096 0
3.501 55 0.158926 0.0107686 0.00337006 0
3.501 56 0.0369803 0.0190691 0.000951654 0
3.501 57 0.0279754 0.00125201 0.00499306 0
3.501 58 0.201402 0.00500795 0.0116803 0
3.501 59 0.0186831 0.0119535 0.00400719 0
3.501 60 0.219095 0.0169067 0.00887697 0
3.601 51 0.0492967 0.0198021 0.00954444 0
3.601 52 0.149556 0.0118919 0.0136821 0
3.601 53 0.101942 0.00500373 0.0112367 0
3.601 54 0.201797 0.0133036 0.0089631 0
3.601 55 0.13997 0.0100089 0.00396367 0
3.601 56 0.0178881 0.0196208 0.000429675 0
3.601 57 0.0470727 0.0014603 0.00512403 0
3.601 58 0.182421 0.00474497 0.0134045 0
3.601 59 0.0376582 0.0119755 0.00261772 0
3.601 60 0.200059 0.0168945 0.0100969 0
3.701 51 0.0303197 0.0199422 0.0105456 0
3.701 52 0.130506 0.0123912 0.0147865 0
3.701 53 0.0827997 0.00568435 0.0121832 0
3.701 54 0.182809 0.014237 0.0100225 0
3.701 55 0.12091 0.00957467 0.00475724 0
3.701 56 0.00127545 0.0198072 0.000654373 0
3.701 57 0.0661562 0.00163684 0.0061583 0
3.701 58 0.163377 0.00549005 0.0146121 0
3.701 59 0.0567508 0.0118811 0.00138764 0
3.701 60 0.181053 0.0164485 0.0110881 0
3.801 51 0.0111866 0.0198454 0.011344 0
3.801 52 0.111533 0.0125198 0.0160394 0
3.801 53 0.0638898 0.00621929 0.0134674 0
3.801 54 0.163625 0.0142838 0.0110745 0
3.801 55 0.101861 0.00907643 0.00459217 0
3.801 56 0.020364 0.0197705 0.00165025 0
3.801 57 0.0850576 0.00206882 0.00761694 0
3.801 58 0.144371 0.00580555 0.0154376 0
3.801 59 0.0757936 0.0129062 0.000587769 0
3.801 60 0.161937 0.0160131 0.0125307 0
3.901 51 0.00776039 0.0197153 0.0129207 0
3.901 52 0.0924104 0.0132433 0.0163285 0
3.901 53 0.0449119 0.0065007 0.0149648 0
3.901 54 0.144586 0.0146576 0.0125099 0
3.901 55 0.0828719 0.00852061 0.00571772 0
3.901 56 0.0394309 0.0188209 0.00268454 0
3.901 57 0.104199 0.0022893 0.00834266 0
3.901 58 0.125229 0.00619886 0.0167324 0
3.901 59 0.0947667 0.0133546 0.000387893 0
3.901 60 0.142973 0.0156479 0.013728 0
4.001 51 0.0268472 0.0198961 0.0133896 0
4.001 52 0.0733904 0.0128482 0.0176382 0
4.001 53 0.025752 0.0064865 0.0153412 0
4.001 54 0.125522 0.0156707 0.0135518 0
4.001 55 0.063736 0.00877875 0.00645926 0
4.001 56 0.0583705 0.0194679 0.00424632 0
4.001 57 0.123252 0.00259252 0.00920874 0
4.001 58 0.106151 0.00586942 0.017653 0
4.001 59 0.113862 0.0136307 0.0011629 0
4.001 60 0.124048 0.0159168 0.0151036 0
4.101 51 0.0458536 0.0198805 0.0149434 0
4.101 52 0.0542876 0.0129018 0.0183026 0
4.101 53 0.00664637 0.00717043 0.0156343 0
4.101 54 0.106608 0.0160664 0.0151994 0
4.101 55 0.0446683 0.00815782 0.00739092 0
4.101 56 0.0772895 0.0188257 0.0055876 0
4.101 57 0.14225 0.0026432 0.00992664 0
4.101 58 0.0870962 0.00559772 0.0191943 0
4.101 59 0.132913 0.0142063 0.00179498 0
4.101 60 0.104985 0.0158067 0.0159857 0
4.201 51 0.0648451 0.0197461 0.0164185 0
4.201 52 0.0352832 0.0136398 0.0188493 0
4.201 53 0.0126945 0.00623571 0.0164765 0
4.201 54 0.0875953 0.0158889 0.0159017 0
4.201 55 0.0256793 0.00784853 0.00829335 0
4.201 56 0.0963768 0.0193269 0.00620283 0
4.201 57 0.161255 0.00268263 0.0106499 0
4.201 58 0.0681394 0.00549978 0.0197168 0
4.201 59 0.151987 0.0135657 0.0024134 0
4.201 60 0.0859709 0.0162743 0.0173685 0
4.301 51 0.083887 0.019777 0.0174533 0
4.301 52 0.0162414 0.0141987 0.0190729 0
4.301 53 0.0316174 0.00632091 0.018087 0
4.301 54 0.0685445 0.0155873 0.0175131 0
4.301 55 0.00668577 0.0078771 0.00989043 0
4.301 56 0.115351 0.0194535 0.00699597 0
4.301 57 0.180345 0.00271953 0.0113725 0
4.301 58 0.0489852 0.00523462 0.0181112 0
4.301 59 0.171009 0.013746 0.00258663 0
4.301 60 0.0668974 0.0161129 0.0183115 0
4.401 51 0.102833 0.0197816 0.0185055 0
4.401 52 0.00295988 0.0146118 0.0194225 0
4.401 53 0.0506362 0.00669801 0.0190268 0
4.401 54 0.0494877 0.0148796 0.0182748 0
4.401 55 0.0127823 0.00856772 0.0111565 0
4.401 56 0.134363 0.0198786 0.00841012 0
4.401 57 0.199308 0.00219732 0.0131697 0
4.401 58 0.0299457 0.00610056 0.0174918 0
4.401 59 0.190069 0.0136682 0.00293953 0
4.401 60 0.0477903 0.0157389 0.0192583 0
4.501 51 0.121895 0.0192345 0.0195323 0
4.501 52 0.0220538 0.0141028 0.0188637 0
4.501 53 0.0696825 0.00645734 0.0196429 0
4.501 54 0.0305217 0.0147469 0.0188022 0
4.501 55 0.0316967 0.00780856 0.0117961 0
4.501 56 0.153353 0.0194345 0.00917482 0
4.501 57 0.218478 0.00164219 0.0132399 0
4.501 58 0.0107333 0.00656543 0.0167553 0
4.501 59 0.209138 0.0128793 0.00421101 0
4.501 60 0.0286906 0.015588 0.0198028 0
4.601 51 0.141052 0.0196623 0.0199238 0
4.601 52 0.0411111 0.014207 0.0179452 0
4.601 53 0.0888113 0.00588643 0.0181995 0
4.601 54 0.0115599 0.0144666 0.0190953 0
4.601 55 0.0507786 0.00748423 0.0126159 0
4.601 56 0.172358 0.019888 0.010404 0
4.601 57 0.237456 0.00250491 0.0144828 0
4.601 58 0.00876542 0.00701477 0.0154233 0
4.601 59 0.228075 0.0123593 0.00555615 0
4.601 60 0.00975837 0.0161211 0.0180936 0
4.701 51 0.159991 0.0193845 0.0186933 0
4.701 52 0.0600962 0.014054 0.0164814 0
4.701 53 0.107811 0.00651566 0.017202 0
4.701 54 0.00778984 0.0146697 0.0196538 0
4.701 55 0.069937 0.00784917 0.0134023 0
4.701 56 0.191465 0.0198497 0.0116818 0
4.701 57 0.256535 0.00287088 0.0151638 0
4.701 58 0.0278928 0.00714555 0.0144232 0
4.701 59 0.247124 0.0128281 0.00620372 1.38201e-08
4.701 60 0.00928931 0.0158311 0.0163999 1.38201e-08
4.801 51 0.17908 0.0194082 0.0172671 0
4.801 52 0.0791929 0.0146513 0.0156166 0
4.801 53 0.126852 0.00700665 0.0167419 0
4.801 54 0.0267889 0.015002 0.0190292 0
4.801 55 0.0889562 0.00838585 0.014395 0
4.801 56 0.21041 0.0195888 0.0128495 0
4.801 57 0.275543 0.00374965 0.016788 0
4.801 58 0.0468047 0.00699587 0.0134487 0
4.801 59 0.266065 0.0131816 0.00780419 0
4.801 60 0.0283335 0.0157423 0.015445 0
4.901 51 0.198091 0.019869 0.0157327 0
4.901 52 0.0981699 0.0150185 0.0148252 0
4.901 53 0.145915 0.00752163 0.0156815 0
4.901 54 0.0457997 0.0150359 0.0185188 0
4.901 55 0.108103 0.00837803 0.0158739 0
4.901 56 0.22948 0.0195555 0.0143344 0
4.901 57 0.294537 0.00428666 0.0183358 0
4.901 58 0.0657051 0.00732324 0.0127356 0
4.901 59 0.285081 0.0129708 0.00875779 0
4.901 60 0.0473445 0.0158773 0.0149227 0
