0.001 51 0.0947809 0.00483885 0.0010636 0
0.001 52 0.23804 0.0188635 0.0159335 0
0.001 53 0.452025 0.00105577 0.00743312 0
0.001 54 0.129514 0.0163499 0.0026964 0
0.001 55 0.385307 0.00118234 0.00531901 0
0.001 56 0.0175646 0.00746944 0.00514658 0
0.001 57 0.437521 0.018705 0.0100399 0
0.001 58 0.4702 0.0116488 0.00229491 0
0.001 59 0.19309 0.00748418 0.00311454 0
0.001 60 0.280133 0.0102114 0.00370726 0
0.001 61 0.135221 0.0104966 0.00392385 0
0.001 62 0.284553 0.00046049 0.013141 0
0.001 63 0.444403 0.0132903 0.0115593 0
0.001 64 0.361691 0.00792662 0.00607905 0
0.001 65 0.432413 0.0111686 0.00412488 0
0.001 66 0.0543008 0.00864011 0.00941942 0
0.001 67 0.0846393 0.00648903 0.0133579 0
0.001 68 0.0756104 0.0148736 0.00881956 0
0.001 69 0.10834 0.0115063 0.019224 0
0.001 70 0.140292 0.0183192 0.0198465 0
0.001 71 0.462083 0.0181032 0.0194129 0
0.001 72 0.0770781 0.00720674 0.00535029 0
0.001 73 0.252711 0.00632116 0.0191619 0
0.001 74 0.38035 0.0164609 0.0111848 0
0.001 75 0.0205042 0.000738589 0.00271704 0
0.001 76 0.281445 0.00691497 0.00558676 0
0.001 77 0.102958 0.0066655 0.0149957 0
0.001 78 0.378675 0.00174309 0.00478822 0
0.001 79 0.392704 0.0131295 0.00267971 0
0.001 80 0.307624 0.00894069 0.00164011 0
0.101 51 0.113941 0.00490334 0.00194545 0
0.101 52 0.257091 0.0187514 0.016062 0
0.101 53 0.471038 0.000909279 0.00834093 0
0.101 54 0.14851 0.016297 0.00298442 0
0.101 55 0.404325 0.00163474 0.0056847 0
0.101 56 0.0365379 0.00745542 0.00618328 0
0.101 57 0.456488 0.018154 0.0115847 0
0.101 58 0.489265 0.0107719 0.00392638 0
0.101 59 0.212159 0.00742844 0.00410786 0
0.101 60 0.299098 0.0102207 0.00482888 0
0.101 61 0.154329 0.0107783 0.00447052 0
0.101 62 0.30366 0.000595396 0.01347 0
0.101 63 0.463483 0.0128227 0.0127934 0
0.101 64 0.380756 0.00810679 0.00669175 0
0.101 65 0.451413 0.011643 0.00548233 0
0.101 66 0.0731757 0.00830138 0.0105461 0
0.101 67 0.103674 0.00704249 0.0143776 0
0.101 68 0.0946282 0.0144933 0.00955794 0
0.101 69 0.12741 0.0115869 0.0189924 0
0.101 70 0.15943 0.0185031 0.0194636 0
0.101 71 0.481138 0.0188748 0.0196812 0
0.101 72 0.0961871 0.00710306 0.00673616 0
0.101 73 0.271839 0.00552657 0.019674 0
0.101 74 0.399259 0.0169777 0.0120023 0
0.101 75 0.0394569 0.00140135 0.0035107 0
0.101 76 0.300575 0.00680947 0.00663705 0
0.101 77 0.122054 0.00668497 0.0157383 0
0.101 78 0.397735 0.00207958 0.00580906 0
0.101 79 0.411562 0.0127823 0.00431541 0
0.101 80 0.326679 0.00910429 0.00280451 0
0.201 51 0.132931 0.00576904 0.00263118 0
0.201 52 0.276117 0.018834 0.0169613 0
0.201 53 0.490114 0.000624253 0.00912769 0
0.201 54 0.167516 0.0167986 0.00362412 0
0.201 55 0.423409 0.00210089 0.0062778 0
0.201 56 0.0556677 0.0073981 0.00720114 0
0.201 57 0.475545 0.0181463 0.0127435 0
0.201 58 0.491597 0.0110563 0.00467739 0
0.201 59 0.231165 0.00715884 0.00472203 0
0.201 60 0.318111 0.00961574 0.00498347 0
0.201 61 0.173391 0.0103242 0.00531718 0
0.201 62 0.322561 0.000657634 0.0149336 0
0.201 63 0.482557 0.0122738 0.0135564 0
0.201 64 0.399786 0.0076274 0.00751569 0
0.201 65 0.470415 0.0117952 0.00665555 0
0.201 66 0.0921928 0.00857314 0.01138 0
0.201 67 0.122833 0.00641107 0.014649 0
0.201 68 0.113754 0.0150128 0.0101764 0
0.201 69 0.146513 0.0109006 0.0178317 0
0.201 70 0.178465 0.0184211 0.0194422 0
0.201 71 0.499453 0.0189862 0.0186667 0
0.201 72 0.11524 0.00769379 0.00807879 0
0.201 73 0.290835 0.00473565 0.0190658 0
0.201 74 0.418396 0.0171454 0.0129937 0
0.201 75 0.0584485 0.00190367 0.00470498 0
0.201 76 0.319558 0.00748938 0.00682996 0
0.201 77 0.141061 0.00659415 0.017267 0
0.201 78 0.416718 0.00195038 0.00733146 0
0.201 79 0.430761 0.0130143 0.00561204 0
0.201 80 0.345792 0.00984463 0.00318992 0
0.301 51 0.152019 0.00573628 0.0037516 0
0.301 52 0.295052 0.0186464 0.0184069 0
0.301 53 0.490806 0.000564544 0.0100556 0
0.301 54 0.186531 0.0172201 0.00483877 0
0.301 55 0.442381 0.00121948 0.00745917 0
0.301 56 0.0747616 0.00788551 0.00849056 0
0.301 57 0.49458 0.0189258 0.0130739 0
0.301 58 0.472473 0.011688 0.00570165 0
0.301 59 0.250285 0.00690593 0.0056336 1.82812e-08
0.301 60 0.33721 0.00886042 0.00560252 1.82812e-08
0.301 61 0.192489 0.0108563 0.00629811 1.82812e-08
0.301 62 0.341615 0.000801805 0.0164277 1.82812e-08
0.301 63 0.498256 0.0124994 0.0145388 1.82812e-08
0.301 64 0.418824 0.00697625 0.00854077 1.82812e-08
0.301 65 0.48957 0.0115161 0.00755094 1.82812e-08
0.301 66 0.111233 0.00858385 0.0121082 1.82812e-08
0.301 67 0.141818 0.00611731 0.0158763 1.82812e-08
0.301 68 0.132874 0.0151265 0.0109196 1.82812e-08
0.301 69 0.165492 0.0114929 0.0163298 1.82812e-08
0.301 70 0.1974 0.0174374 0.0182281 1.82812e-08
0.301 71 0.480378 0.0188932 0.0179623 1.82812e-08
0.301 72 0.134353 0.00783376 0.00858078 1.82812e-08
0.301 73 0.309796 0.00522918 0.0177541 1.82812e-08
0.301 74 0.437311 0.0168104 0.0137876 1.82812e-08
0.301 75 0.07754 0.00209169 0.00581327 1.82812e-08
0.301 76 0.338483 0.00647342 0.00767726 1.82812e-08
0.301 77 0.16003 0.00647893 0.0180263 1.82812e-08
0.301 78 0.435817 0.00249916 0.00815311 1.82812e-08
0.301 79 0.449778 0.0125939 0.00617829 1.82812e-08
0.301 80 0.364807 0.00984435 0.00415435 1.82812e-08
0.401 51 0.171107 0.00502512 0.00412778 0
0.401 52 0.314104 0.0188706 0.019206 0
0.401 53 0.471727 0.000148929 0.0109044 0
0.401 54 0.205611 0.0171059 0.00618843 0
0.401 55 0.461435 0.00130975 0.00849425 0
0.401 56 0.0939052 0.00799691 0.00876417 0
0.401 57 0.486285 0.0187349 0.0139975 0
0.401 58 0.453549 0.0116426 0.00778244 0
0.401 59 0.269376 0.00680273 0.00670492 0
0.401 60 0.356249 0.00876069 0.00674406 0
0.401 61 0.211613 0.0108661 0.00707247 0
0.401 62 0.360711 2.26979e-05 0.0168584 0
0.401 63 0.479133 0.0124293 0.0152318 0
0.401 64 0.43778 0.00683879 0.00975583 0
0.401 65 0.491157 0.0112053 0.00853705 0
0.401 66 0.130373 0.00873861 0.0126993 0
0.401 67 0.160922 0.0058036 0.0161763 0
0.401 68 0.151792 0.0148551 0.0120217 0
0.401 69 0.184535 0.0122289 0.0150528 0
0.401 70 0.216541 0.017682 0.0171141 0
0.401 71 0.461265 0.0186237 0.0173957 0
0.401 72 0.153406 0.00855236 0.00900911 0
0.401 73 0.32873 0.00466096 0.0165374 0
0.401 74 0.456274 0.0168013 0.0149844 0
0.401 75 0.0967068 0.00192431 0.00719299 0
0.401 76 0.357538 0.00620742 0.00835619 0
0.401 77 0.179201 0.00653169 0.0187056 0
0.401 78 0.4549 0.00263972 0.00865098 0
0.401 79 0.468788 0.0120093 0.00688496 0
0.401 80 0.3839 0.00994014 0.00509643 0
0.501 51 0.190211 0.00487752 0.00514178 0
0.501 52 0.33307 0.018107 0.0195199 0
0.501 53 0.452694 0.000162451 0.0120288 0
0.501 54 0.224681 0.0175118 0.00678889 0
0.501 55 0.480558 0.00162032 0.00961626 0
0.501 56 0.11304 0.00793248 0.00973367 0
0.501 57 0.467303 0.0186701 0.0146793 0
0.501 58 0.434625 0.0118572 0.00923725 0
0.501 59 0.28855 0.00642135 0.00753861 0
0.501 60 0.375247 0.00917201 0.00776303 0
0.501 61 0.230707 0.0115791 0.00742685 0
0.501 62 0.379782 0.000436916 0.0177222 0
0.501 63 0.460074 0.0122341 0.0168326 0
0.501 64 0.456793 0.00775434 0.0103523 0
0.501 65 0.472155 0.0120341 0.00971104 0
0.501 66 0.149497 0.00845338 0.0128673 0
0.501 67 0.179975 0.00495687 0.0170612 0
0.501 68 0.170846 0.0144968 0.0126787 0
0.501 69 0.20363 0.0120371 0.0145616 0
0.501 70 0.235445 0.0167401 0.016319 0
0.501 71 0.442198 0.0191158 0.0158044 0
0.501 72 0.172406 0.00850018 0.0103535 0
0.501 73 0.347723 0.00426207 0.014809 0
0.501 74 0.475305 0.0171584 0.0154393 0
0.501 75 0.115675 0.00241678 0.00843687 0
0.501 76 0.376597 0.00655416 0.00886603 0
0.501 77 0.198274 0.00634838 0.0199326 0
0.501 78 0.473947 0.00263045 0.00945086 0
0.501 79 0.487823 0.0120576 0.00760311 0
0.501 80 0.402937 0.0100542 0.00592575 0
0.601 51 0.209356 0.00482951 0.00554948 0
0.601 52 0.352141 0.0184059 0.0188557 0
0.601 53 0.433639 0.000385748 0.0134788 0
0.601 54 0.243823 0.0176281 0.00737766 0
0.601 55 0.499505 0.00228072 0.0112117 0
0.601 56 0.132072 0.00792498 0.0106026 0
0.601 57 0.448349 0.0183611 0.0153593 0
0.601 58 0.415522 0.012275 0.0110335 0
0.601 59 0.307547 0.00658502 0.0080646 0
0.601 60 0.394165 0.0096538 0.00953351 0
0.601 61 0.249824 0.0116057 0.00810709 1.10735e-08
0.601 62 0.398825 0.000249545 0.0190953 1.10735e-08
0.601 63 0.441006 0.0119622 0.0176255 1.10735e-08
0.601 64 0.475913 0.00781751 0.011172 1.10735e-08
0.601 65 0.453152 0.0119488 0.0105419 1.10735e-08
0.601 66 0.168573 0.0080324 0.0139223 1.10735e-08
0.601 67 0.199029 0.00545848 0.017546 1.10735e-08
0.601 68 0.189879 0.01503 0.0136836 1.10735e-08
0.601 69 0.222689 0.0117728 0.0133295 1.10735e-08
0.601 70 0.254533 0.0168714 0.0153418 1.10735e-08
0.601 71 0.423095 0.0188613 0.0140483 1.10735e-08
0.601 72 0.191423 0.00824155 0.0117904 1.10735e-08
0.601 73 0.366841 0.00408548 0.0141535 1.10735e-08
0.601 74 0.494398 0.0170672 0.0164296 1.10735e-08
0.601 75 0.134622 0.00224996 0.00927173 1.10735e-08
0.601 76 0.395696 0.00678771 0.0094255 1.10735e-08
0.601 77 0.217298 0.00556278 0.018728 1.10735e-08
0.601 78 0.492932 0.00294418 0.0103686 1.10735e-08
0.601 79 0.493077 0.011949 0.00841243 1.10735e-08
0.601 80 0.421922 0.0103157 0.00750105 1.10735e-08
0.701 51 0.228416 0.00487821 0.00574441 0
0.701 52 0.371184 0.0180794 0.0191268 0
0.701 53 0.414639 0.00022568 0.0140689 0
0.701 54 0.262854 0.0169649 0.00873986 0
0.701 55 0.481253 0.00198423 0.0127001 0
0.701 56 0.151083 0.00795824 0.0110188 0
0.701 57 0.429332 0.0186209 0.0161193 0
0.701 58 0.396485 0.0122848 0.0118637 0
0.701 59 0.326603 0.00669394 0.00960849 0
0.701 60 0.413189 0.0098202 0.0113302 0
0.701 61 0.268775 0.0116442 0.00921643 0
0.701 62 0.417926 0.000496403 0.0196214 0
0.701 63 0.422002 0.0124945 0.0193195 0
0.701 64 0.494878 0.00720381 0.0124007 0
0.701 65 0.434085 0.0118853 0.0117013 0
0.701 66 0.187651 0.00801159 0.0149773 0
0.701 67 0.218057 0.00508715 0.0184704 0
0.701 68 0.208935 0.0149885 0.014494 0
0.701 69 0.241677 0.0118886 0.012345 0
0.701 70 0.273535 0.0167125 0.013885 0
0.701 71 0.403956 0.0191211 0.0136506 0
0.701 72 0.210371 0.00771722 0.0132012 0
0.701 73 0.385893 0.00383588 0.0135298 0
0.701 74 0.486399 0.0172489 0.0174651 0
0.701 75 0.153652 0.002102 0.0102819 0
0.701 76 0.414808 0.00667324 0.0101959 0
0.701 77 0.236396 0.00520134 0.0180001 0
0.701 78 0.487997 0.00276491 0.0110966 0
0.701 79 0.474025 0.0122648 0.00960735 0
0.701 80 0.440807 0.00990864 0.00861687 0
0.801 51 0.247379 0.00428671 0.0068594 8.74163e-09
0.801 52 0.390128 0.0181912 0.0183002 8.74163e-09
0.801 53 0.3956 0.000245511 0.015075 8.74163e-09
0.801 54 0.28196 0.0170439 0.00937286 8.74163e-09
0.801 55 0.462308 0.00269005 0.0136902 8.74163e-09
0.801 56 0.170263 0.00843497 0.0114288 8.74163e-09
0.801 57 0.410235 0.018172 0.0167938 8.74163e-09
0.801 58 0.37754 0.012163 0.0130868 8.74163e-09
0.801 59 0.345586 0.0066528 0.0101502 8.74163e-09
0.801 60 0.432242 0.00989435 0.0122238 8.74163e-09
0.801 61 0.287681 0.0119455 0.0106087 8.74163e-09
0.801 62 0.43698 0.000210022 0.0193415 8.74163e-09
0.801 63 0.402919 0.0122595 0.0196844 8.74163e-09
0.801 64 0.48574 0.00734913 0.0138121 8.74163e-09
0.801 65 0.414992 0.011603 0.0120627 8.74163e-09
0.801 66 0.206734 0.00702037 0.0150601 8.74163e-09
0.801 67 0.237091 0.00607375 0.0197966 8.74163e-09
0.801 68 0.22789 0.0156943 0.0150887 8.74163e-09
0.801 69 0.260788 0.0112036 0.0114946 8.74163e-09
0.801 70 0.292548 0.017104 0.0131534 8.74163e-09
0.801 71 0.384807 0.0194874 0.0131064 8.74163e-09
0.801 72 0.229317 0.00763432 0.0138771 8.74163e-09
0.801 73 0.404939 0.003316 0.0123769 8.74163e-09
0.801 74 0.467331 0.017654 0.0183287 8.74163e-09
0.801 75 0.172628 0.00184856 0.0118235 8.74163e-09
0.801 76 0.43383 0.00644536 0.0112723 8.74163e-09
0.801 77 0.255418 0.00533614 0.0179371 8.74163e-09
0.801 78 0.468929 0.00200391 0.0120045 8.74163e-09
0.801 79 0.45502 0.012698 0.010449 8.74163e-09
0.801 80 0.459879 0.0097692 0.00937722 8.74163e-09
0.901 51 0.26639 0.00462669 0.00764067 0
0.901 52 0.409139 0.0178504 0.0180731 0
0.901 53 0.376461 9.8101e-05 0.0157085 0
0.901 54 0.300915 0.0168694 0.0100618 0
0.901 55 0.443225 0.00279761 0.0142687 0
0.901 56 0.189359 0.00819926 0.0122643 0
0.901 57 0.391178 0.0183828 0.0179041 0
0.901 58 0.358492 0.0120986 0.013724 0
0.901 59 0.36466 0.00685231 0.0112121 0
0.901 60 0.45129 0.0100566 0.0131729 0
0.901 61 0.306782 0.0128081 0.0116593 0
0.901 62 0.456041 0.000873517 0.0182555 0
0.901 63 0.383893 0.0129869 0.0185206 0
0.901 64 0.46674 0.00740924 0.0142014 0
0.901 65 0.395926 0.0113605 0.0121452 0
0.901 66 0.225931 0.00721528 0.0157374 0
0.901 67 0.25619 0.00571369 0.0188149 0
0.901 68 0.246983 0.0151659 0.0164669 0
0.901 69 0.279861 0.0113749 0.010678 0
0.901 70 0.311588 0.0169197 0.0124811 0
0.901 71 0.365751 0.0195475 0.012253 0
0.901 72 0.24848 0.00745085 0.0143861 0
0.901 73 0.42394 0.00344208 0.0111347 0
0.901 74 0.448261 0.017289 0.0196884 0
0.901 75 0.191733 0.0024216 0.0128639 0
0.901 76 0.452753 0.006762 0.0118371 0
0.901 77 0.274513 0.00542657 0.0169131 0
0.901 78 0.449843 0.0015047 0.0133692 0
0.901 79 0.436077 0.0130783 0.0120009 0
0.901 80 0.478885 0.0102953 0.0104821 0
1.001 51 0.285473 0.00475481 0.00807108 0
1.001 52 0.428184 0.0174606 0.0172634 0
1.001 53 0.357251 0.00069332 0.0162039 0
1.001 54 0.319942 0.0165423 0.0113951 0
1.001 55 0.424312 0.00342137 0.0150013 0
1.001 56 0.208482 0.00803277 0.0124738 0
1.001 57 0.372127 0.0183451 0.019058 0
1.001 58 0.339356 0.011938 0.0148414 0
1.001 59 0.383669 0.00690914 0.0127079 0
1.001 60 0.470304 0.0106278 0.0143338 0
1.001 61 0.32583 0.0123793 0.0118966 0
1.001 62 0.475034 0.00116917 0.0172674 0
1.001 63 0.364832 0.0135139 0.0183668 0
1.001 64 0.447759 0.00735831 0.0140299 0
1.001 65 0.376854 0.0110852 0.0135384 0
1.001 66 0.245059 0.00693454 0.0163547 0
1.001 67 0.275135 0.00549651 0.0169893 0
1.001 68 0.266048 0.0149206 0.0180826 0
1.001 69 0.29887 0.0118762 0.00952824 0
1.001 70 0.330623 0.0166142 0.0118545 0
1.001 71 0.346644 0.0194749 0.0117185 0
1.001 72 0.267533 0.00680671 0.0146376 0
1.001 73 0.442947 0.0033424 0.0106455 0
1.001 74 0.429253 0.0178607 0.0195887 0
1.001 75 0.210804 0.00223679 0.0137226 0
1.001 76 0.471798 0.00736332 0.0125861 0
1.001 77 0.293564 0.00563607 0.0161328 0
1.001 78 0.430794 0.00085779 0.0142326 0
1.001 79 0.41717 0.0126778 0.0127947 0
1.001 80 0.497864 0.0106 0.0113594 0
1.101 51 0.304454 0.00506374 0.00963669 0
1.101 52 0.447098 0.0171379 0.0158972 0
1.101 53 0.338141 0.000585021 0.0167804 0
1.101 54 0.338986 0.0161773 0.0117067 0
1.101 55 0.405347 0.00348292 0.0162161 0
1.101 56 0.227512 0.0075622 0.0131884 0
1.101 57 0.3531 0.0180823 0.018787 0
1.101 58 0.320327 0.01189 0.0157317 0
1.101 59 0.402605 0.00686192 0.0134999 0
1.101 60 0.48932 0.0113023 0.0147116 0
1.101 61 0.344866 0.0133945 0.0132736 0
1.101 62 0.494144 0.000937687 0.0174152 0
1.101 63 0.345856 0.0134239 0.0169782 0
1.101 64 0.428833 0.00727288 0.0150606 0
1.101 65 0.357815 0.0114715 0.0144412 0
1.101 66 0.264039 0.00649878 0.0167128 0
1.101 67 0.294296 0.00532344 0.0160561 0
1.101 68 0.285076 0.0147704 0.0185819 0
1.101 69 0.317843 0.0121485 0.00851285 0
1.101 70 0.349681 0.0162302 0.0109261 0
1.101 71 0.327619 0.0190253 0.0100893 0
1.101 72 0.286402 0.00675362 0.0160575 0
1.101 73 0.461943 0.00283884 0.00959243 0
1.101 74 0.410338 0.0179602 0.0187879 0
1.101 75 0.229859 0.00242081 0.0138124 0
1.101 76 0.490826 0.00749616 0.0139309 0
1.101 77 0.31251 0.00598601 0.0154831 0
1.101 78 0.411844 0.000402611 0.0152368 0
1.101 79 0.398192 0.0125784 0.0137029 0
1.101 80 0.482999 0.0106859 0.0123243 0
1.201 51 0.323572 0.00476184 0.0103942 0
1.201 52 0.466094 0.0178463 0.0146816 0
1.201 53 0.319112 0.000253984 0.0186362 0
1.201 54 0.357999 0.0167028 0.0127356 0
1.201 55 0.386293 0.00384882 0.0177529 0
1.201 56 0.246673 0.00783476 0.0138485 0
1.201 57 0.334197 0.0167303 0.0181152 0
1.201 58 0.301245 0.0119455 0.0163806 0
1.201 59 0.421677 0.00672853 0.0144057 0
1.201 60 0.491308 0.0109109 0.0153316 0
1.201 61 0.36389 0.0135743 0.0150527 0
1.201 62 0.486636 0.00131374 0.0169055 0
1.201 63 0.326882 0.0137643 0.0153837 0
1.201 64 0.409806 0.00691336 0.0163432 0
1.201 65 0.338737 0.0112105 0.0151621 0
1.201 66 0.282985 0.00645491 0.0177743 0
1.201 67 0.313273 0.00589605 0.015617 0
1.201 68 0.30406 0.0149103 0.0197449 0
1.201 69 0.336914 0.012182 0.00820615 0
1.201 70 0.368587 0.0167175 0.00863503 0
1.201 71 0.308621 0.0192831 0.00871702 0
1.201 72 0.305341 0.00675134 0.0173157 0
1.201 73 0.480996 0.00268628 0.00897329 0
1.201 74 0.391302 0.0176741 0.0170944 0
1.201 75 0.248791 0.00194502 0.0146224 0
1.201 76 0.490098 0.00701982 0.0149456 0
1.201 77 0.331464 0.00586628 0.0140703 0
1.201 78 0.392655 0.000170461 0.0159833 0
1.201 79 0.379214 0.0121552 0.0142195 0
1.201 80 0.463962 0.0108251 0.0134053 0
1.301 51 0.342578 0.00442865 0.0109198 0
1.301 52 0.485113 0.018676 0.0134882 0
1.301 53 0.300096 0.000254332 0.0196974 0
1.301 54 0.37711 0.016965 0.0136661 0
1.301 55 0.367359 0.00322646 0.0193919 0
1.301 56 0.265657 0.00787361 0.014988 0
1.301 57 0.315122 0.0168617 0.0169804 0
1.301 58 0.282276 0.0112835 0.017762 0
1.301 59 0.440604 0.00723169 0.0160533 0
1.301 60 0.472282 0.0103251 0.0165575 0
1.301 61 0.382971 0.0131782 0.0162137 0
1.301 62 0.467618 0.00177601 0.0156906 0
1.301 63 0.307744 0.0140244 0.0143358 0
1.301 64 0.39086 0.00660899 0.017648 0
1.301 65 0.319771 0.0116878 0.0163335 0
1.301 66 0.302118 0.00628815 0.0186743 0
1.301 67 0.332387 0.00639571 0.0148108 0
1.301 68 0.323 0.0145621 0.0196382 0
1.301 69 0.355947 0.0121372 0.00718874 0
1.301 70 0.387707 0.0166216 0.00858818 0
1.301 71 0.289626 0.0194627 0.00802272 0
1.301 72 0.324501 0.00696608 0.0177959 0
1.301 73 0.499742 0.00255484 0.00823673 0
1.301 74 0.372287 0.0174225 0.0156838 0
1.301 75 0.267769 0.002496 0.0158759 0
1.301 76 0.470992 0.00682676 0.0161423 0
1.301 77 0.350392 0.00589014 0.0128706 0
1.301 78 0.373738 0.00028344 0.0171561 0
1.301 79 0.3602 0.0127807 0.0159603 0
1.301 80 0.444942 0.0119221 0.0135569 0
1.401 51 0.361619 0.00425269 0.0120926 0
1.401 52 0.495811 0.0181005 0.0128256 0
1.401 53 0.281008 0.000436536 0.0185222 0
1.401 54 0.396271 0.0166783 0.0139391 0
1.401 55 0.34841 0.00337403 0.0190281 0
1.401 56 0.284744 0.00753283 0.0153618 0
1.401 57 0.296109 0.0161848 0.0165142 0
1.401 58 0.26325 0.0114161 0.0184065 0
1.401 59 0.459557 0.00795635 0.017227 0
1.401 60 0.453198 0.0107628 0.0163893 0
1.401 61 0.402035 0.0125883 0.0174431 0
1.401 62 0.448578 0.00151071 0.0150802 0
1.401 63 0.2887 0.0136888 0.0128668 0
1.401 64 0.371771 0.00678011 0.0185621 0
1.401 65 0.300848 0.0119404 0.0174234 0
1.401 66 0.321119 0.00582655 0.0192088 0
1.401 67 0.35154 0.00618135 0.013795 0
1.401 68 0.342019 0.0151458 0.0183504 0
1.401 69 0.37492 0.0117826 0.0058493 0
1.401 70 0.406785 0.0165286 0.00765223 0
1.401 71 0.270705 0.0199722 0.00659878 0
1.401 72 0.343505 0.00648837 0.0190445 0
1.401 73 0.480759 0.0024029 0.00685734 0
1.401 74 0.353215 0.0178325 0.0148126 0
1.401 75 0.286834 0.00270061 0.0167467 0
1.401 76 0.452044 0.00690182 0.0169053 0
1.401 77 0.369412 0.00591667 0.0118126 0
1.401 78 0.354724 0.000299744 0.0180711 0
1.401 79 0.341287 0.0121207 0.0177027 0
1.401 80 0.426 0.0117309 0.0146186 0
1.501 51 0.380547 0.00473981 0.0140856 0
1.501 52 0.476798 0.0186662 0.0119437 0
1.501 53 0.262021 0.000217719 0.0169918 0
1.501 54 0.415189 0.0167038 0.014961 0
1.501 55 0.329424 0.00314459 0.0181063 0
1.501 56 0.303809 0.00820004 0.0161887 0
1.501 57 0.276854 0.0153636 0.0159053 0
1.501 58 0.244237 0.0122864 0.0195177 0
1.501 59 0.478568 0.00819945 0.0184294 0
1.501 60 0.434128 0.0111494 0.0173616 0
1.501 61 0.421012 0.0125909 0.0186581 0
1.501 62 0.429576 0.00160874 0.0141176 0
1.501 63 0.269765 0.0135126 0.0118761 0
1.501 64 0.352702 0.00694531 0.0191603 0
1.501 65 0.28176 0.0121889 0.0184189 0
1.501 66 0.340107 0.00542385 0.0194321 0
1.501 67 0.370649 0.00639088 0.0129247 0
1.501 68 0.361075 0.014633 0.0174105 0
1.501 69 0.393929 0.0114741 0.00525801 0
1.501 70 0.425855 0.0161829 0.00613261 0
1.501 71 0.251701 0.019259 0.00541527 0
1.501 72 0.36263 0.00665866 0.0197068 0
1.501 73 0.46175 0.00230582 0.00584907 0
1.501 74 0.334252 0.0185832 0.0136175 0
1.501 75 0.305815 0.00280864 0.0180849 0
1.501 76 0.432898 0.00638473 0.0173593 0
1.501 77 0.388389 0.00557234 0.0102993 0
1.501 78 0.335733 0.000112257 0.017883 0
1.501 79 0.322209 0.0116625 0.018957 0
1.501 80 0.406908 0.011497 0.015543 0
1.601 51 0.399642 0.00502348 0.0148939 0
1.601 52 0.45778 0.018248 0.0106678 0
1.601 53 0.243094 0.000456094 0.0154876 0
1.601 54 0.43434 0.0166675 0.0160195 0
1.601 55 0.310461 0.00381471 0.017044 0
1.601 56 0.322985 0.00795207 0.0171292 0
1.601 57 0.257862 0.015808 0.0142568 0
1.601 58 0.225267 0.0121193 0.019965 0
1.601 59 0.497761 0.00822342 0.019004 0
1.601 60 0.415037 0.011182 0.0182254 0
1.601 61 0.440038 0.0123763 0.0194242 0
1.601 62 0.410555 0.0019183 0.0139408 0
1.601 63 0.250739 0.0134735 0.0106646 0
1.601 64 0.333637 0.00633875 0.0198415 0
1.601 65 0.262831 0.0121312 0.019525 0
1.601 66 0.359159 0.00616943 0.0186866 0
1.601 67 0.38965 0.00635162 0.012499 0
1.601 68 0.380186 0.0144061 0.0171506 0
1.601 69 0.412851 0.0120601 0.00354779 0
1.601 70 0.444786 0.0163573 0.00551876 0
1.601 71 0.232793 0.018863 0.00404741 0
1.601 72 0.381664 0.00658263 0.0193099 0
1.601 73 0.442803 0.00326005 0.00460428 0
1.601 74 0.315238 0.018821 0.0126719 0
1.601 75 0.324896 0.00253198 0.019008 0
1.601 76 0.413912 0.0060649 0.0181846 0
1.601 77 0.407318 0.00612849 0.00893425 0
1.601 78 0.316706 0.000233702 0.0193268 0
1.601 79 0.303132 0.0114838 0.0191107 0
1.601 80 0.387906 0.0104668 0.0170284 0
1.701 51 0.418681 0.00537114 0.0164543 0
1.701 52 0.438684 0.0179602 0.0102564 0
1.701 53 0.223983 0.000258161 0.0146328 0
1.701 54 0.453427 0.0171314 0.0173529 0
1.701 55 0.291529 0.00396203 0.0158668 0
1.701 56 0.342106 0.00781189 0.0174766 0
1.701 57 0.238787 0.0150494 0.0134474 0
1.701 58 0.206288 0.0116073 0.0185919 0
1.701 59 0.482904 0.00790218 0.0197344 0
1.701 60 0.396019 0.0114538 0.0181218 0
1.701 61 0.459002 0.0118555 0.019494 0
1.701 62 0.391573 0.000533876 0.0130057 0
1.701 63 0.231907 0.0135256 0.00959197 0
1.701 64 0.31468 0.00578569 0.0185966 0
1.701 65 0.24382 0.011795 0.0197011 0
1.701 66 0.378078 0.00591154 0.0170978 0
1.701 67 0.408629 0.00608833 0.011647 0
1.701 68 0.399199 0.0148234 0.0164716 0
1.701 69 0.431824 0.0124763 0.00239816 0
1.701 70 0.46381 0.0165841 0.00488072 0
1.701 71 0.213808 0.0183741 0.00424491 0
1.701 72 0.400705 0.00641202 0.0180255 0
1.701 73 0.423892 0.00263586 0.00372399 0
1.701 74 0.296214 0.0196923 0.0115506 0
1.701 75 0.343953 0.00220297 0.0198998 0
1.701 76 0.394907 0.00580704 0.0191239 0
1.701 77 0.426242 0.00593147 0.00795048 0
1.701 78 0.297665 0.000104525 0.019924 0
1.701 79 0.28406 0.0112789 0.0198554 0
1.701 80 0.368937 0.010548 0.0181391 0
1.801 51 0.437693 0.00548757 0.0174783 0
1.801 52 0.41963 0.0186293 0.00969101 0
1.801 53 0.204948 0.000201132 0.0141004 0
1.801 54 0.47245 0.0172459 0.0177221 0
1.801 55 0.272501 0.00343918 0.0151847 0
1.801 56 0.361209 0.00797044 0.0180571 0
1.801 57 0.219659 0.0151506 0.012896 0
1.801 58 0.187255 0.0117429 0.017566 0
1.801 59 0.463975 0.00860093 0.0189929 0
1.801 60 0.377073 0.0121559 0.018635 0
1.801 61 0.477934 0.0118403 0.0188327 0
1.801 62 0.372617 0.000594461 0.0118582 0
1.801 63 0.212948 0.013162 0.00786362 0
1.801 64 0.2956 0.00602844 0.017391 0
1.801 65 0.224717 0.0121559 0.01852 0
1.801 66 0.397087 0.00575527 0.0165721 0
1.801 67 0.427759 0.00587664 0.00999381 0
1.801 68 0.418202 0.0149126 0.0156672 0
1.801 69 0.450906 0.0130361 0.00131151 0
1.801 70 0.482742 0.0164442 0.00365123 0
1.801 71 0.194806 0.0191873 0.00312756 0
1.801 72 0.419691 0.00665752 0.0168083 0
1.801 73 0.404844 0.00216029 0.00285146 0
1.801 74 0.277204 0.0194411 0.0106348 0
1.801 75 0.363045 0.00247196 0.0183271 0
1.801 76 0.375884 0.00645306 0.0196445 0
1.801 77 0.445217 0.00570235 0.00712261 0
1.801 78 0.278651 0.000160169 0.0185863 0
1.801 79 0.265062 0.0107909 0.0185075 0
1.801 80 0.349873 0.0112811 0.0189336 0
1.901 51 0.456723 0.00534969 0.0182368 0
1.901 52 0.400704 0.0190134 0.00829404 0
1.901 53 0.185882 0.000439511 0.0129216 0
1.901 54 0.491513 0.0168452 0.0183463 0
1.901 55 0.253381 0.00266563 0.0144413 0
1.901 56 0.380234 0.00792171 0.0190204 0
1.901 57 0.200643 0.0157969 0.0119787 0
1.901 58 0.168155 0.0117009 0.0169244 0
1.901 59 0.444897 0.00808646 0.017398 0
1.901 60 0.358052 0.012739 0.019194 0
1.901 61 0.496997 0.0120282 0.0179966 0
1.901 62 0.353594 0.000955829 0.0108274 0
1.901 63 0.193835 0.0131651 0.00743053 0
1.901 64 0.276505 0.00653263 0.0159064 0
1.901 65 0.205694 0.0124335 0.017785 0
1.901 66 0.416195 0.00628757 0.0155026 0
1.901 67 0.446823 0.00592743 0.00910183 0
1.901 68 0.437312 0.0147832 0.0150636 0
1.901 69 0.469967 0.012519 0.000169353 0
1.901 70 0.498259 0.0166938 0.00214231 0
1.901 71 0.175781 0.0191588 0.00232994 0
1.901 72 0.438747 0.00617141 0.0160027 0
1.901 73 0.38575 0.0023871 0.00161143 0
1.901 74 0.258173 0.0187604 0.00954015 0
1.901 75 0.382062 0.00313259 0.0173161 0
1.901 76 0.356896 0.00645857 0.0197697 0
1.901 77 0.464369 0.00543351 0.00602466 0
1.901 78 0.259634 0.000274257 0.0171849 0
1.901 79 0.246076 0.0107668 0.0177369 0
1.901 80 0.330742 0.0116644 0.0194873 0
2.001 51 0.475753 0.00550754 0.0191472 0
2.001 52 0.381695 0.0191229 0.00748986 0
2.001 53 0.166933 0.000344507 0.012228 0
2.001 54 0.489216 0.0170736 0.018501 0
2.001 55 0.234348 0.00234102 0.0132713 0
2.001 56 0.399411 0.00742554 0.0196715 0
2.001 57 0.181538 0.0160915 0.0115786 0
2.001 58 0.149032 0.0110927 0.0160835 0
2.001 59 0.425857 0.00779966 0.0167071 0
2.001 60 0.338944 0.0131885 0.0195771 0
2.001 61 0.483777 0.0114475 0.0174894 0
2.001 62 0.334582 4.07096e-05 0.0100755 0
2.001 63 0.174795 0.0139123 0.00678556 0
2.001 64 0.257465 0.00578118 0.0148722 0
2.001 65 0.186703 0.0128818 0.0170001 0
2.001 66 0.435281 0.00600286 0.0142931 0
2.001 67 0.465814 0.00637983 0.00769321 0
2.001 68 0.456371 0.0147155 0.0137729 0
2.001 69 0.488835 0.0123758 0.00111548 0
2.001 70 0.479339 0.017202 0.000932538 0
2.001 71 0.156763 0.0186619 0.00124923 0
2.001 72 0.457817 0.00665524 0.0147098 0
2.001 73 0.366745 0.00213036 0.000616431 0
2.001 74 0.239083 0.0190417 0.0086989 0
2.001 75 0.401237 0.00299062 0.0167037 0
2.001 76 0.337869 0.00603467 0.0189378 0
2.001 77 0.48342 0.00516506 0.00548465 0
2.001 78 0.240629 0.000614873 0.0168453 0
2.001 79 0.22715 0.011478 0.0165965 0
2.001 80 0.311697 0.0109983 0.0189104 0
2.101 51 0.494834 0.00523815 0.0195879 0
2.101 52 0.36276 0.0193596 0.00646946 0
2.101 53 0.148064 0.000132709 0.011309 0
2.101 54 0.470144 0.0169951 0.0193433 0
2.101 55 0.215336 0.00146542 0.0122309 0
2.101 56 0.418614 0.00746528 0.0186404 0
2.101 57 0.162499 0.0163763 0.0100179 0
2.101 58 0.130009 0.01151 0.0154718 0
2.101 59 0.406856 0.00770476 0.0149681 0
2.101 60 0.319975 0.0133091 0.0187169 0
2.101 61 0.464783 0.011721 0.0165424 0
2.101 62 0.315554 0.000415336 0.00941828 0
2.101 63 0.155792 0.014303 0.00526681 0
2.101 64 0.238363 0.00542095 0.0128689 0
2.101 65 0.167658 0.0128498 0.0165817 0
2.101 66 0.454347 0.0058126 0.0129669 0
2.101 67 0.484755 0.00623302 0.00719352 0
2.101 68 0.475402 0.0147968 0.0122183 0
2.101 69 0.491892 0.0127667 0.0019402 0
2.101 70 0.460256 0.0168733 0.000252657 0
2.101 71 0.137716 0.0185649 0.000412894 0
2.101 72 0.476932 0.00719898 0.0136033 0
2.101 73 0.347757 0.00171996 0.000206211 0
2.101 74 0.220062 0.0187395 0.00804359 0
2.101 75 0.420195 0.00303251 0.0155072 0
2.101 76 0.318823 0.00585511 0.0191912 0
2.101 77 0.497398 0.00506821 0.00386421 0
2.101 78 0.221492 0.000729501 0.0158718 0
2.101 79 0.208134 0.0114936 0.0156544 0
2.101 80 0.292627 0.0108782 0.0179525 0
2.201 51 0.485955 0.00522804 0.0187572 0
2.201 52 0.343921 0.0193961 0.00470863 0
2.201 53 0.128994 0.00041257 0.0109244 0
2.201 54 0.451032 0.0164464 0.0199499 0
2.201 55 0.196317 0.00161981 0.0119932 0
2.201 56 0.437584 0.00730085 0.0175706 0
2.201 57 0.143497 0.016798 0.00901551 0
2.201 58 0.110954 0.0117284 0.0153597 0
2.201 59 0.387798 0.00752177 0.0140423 0
2.201 60 0.30103 0.0134748 0.0180921 0
2.201 61 0.445775 0.0114936 0.0155256 0
2.201 62 0.29648 0.000965742 0.00841395 0
2.201 63 0.136907 0.0141003 0.0038242 0
2.201 64 0.219298 0.0050024 0.0120704 0
2.201 65 0.148579 0.0127219 0.0153228 0
2.201 66 0.473377 0.00557645 0.0115561 0
2.201 67 0.496145 0.00623451 0.00555967 0
2.201 68 0.494367 0.0147092 0.0106456 0
2.201 69 0.47285 0.0124667 0.00243049 0
2.201 70 0.441156 0.0168881 0.00087398 0
2.201 71 0.118598 0.0187008 0.00147573 0
2.201 72 0.496035 0.00826007 0.0129811 0
2.201 73 0.32866 0.00213966 0.00228552 0
2.201 74 0.201021 0.0185853 0.00615696 0
2.201 75 0.439303 0.00348538 0.0142904 0
2.201 76 0.299748 0.00604638 0.0187009 0
2.201 77 0.478385 0.00539017 0.00244299 0
2.201 78 0.20239 0.000529694 0.0149704 0
2.201 79 0.189106 0.0109607 0.0142276 0
2.201 80 0.273607 0.0113494 0.0169518 0
2.301 51 0.466774 0.00486457 0.0183946 0
2.301 52 0.324947 0.0188662 0.003402 0
2.301 53 0.110027 0.000713307 0.00955208 0
2.301 54 0.432037 0.0161949 0.0192984 0
2.301 55 0.177081 0.0016177 0.0112002 0
2.301 56 0.456582 0.00743951 0.0165 0
2.301 57 0.124493 0.0173583 0.00781556 0
2.301 58 0.0919049 0.0112065 0.0136407 0
2.301 59 0.368813 0.00760382 0.0136501 0
2.301 60 0.281944 0.0134703 0.0174154 0
2.301 61 0.42666 0.0115638 0.0154821 0
2.301 62 0.277561 0.000874383 0.00768741 0
2.301 63 0.117825 0.0136094 0.00270713 0
2.301 64 0.200296 0.00472398 0.0115112 0
2.301 65 0.129538 0.0129179 0.0143254 0
2.301 66 0.492328 0.0064475 0.0110178 0
2.301 67 0.477133 0.00622203 0.00488085 0
2.301 68 0.486322 0.0143523 0.0100964 0
2.301 69 0.453828 0.0117169 0.00342513 0
2.301 70 0.422178 0.0162925 0.00179799 0
2.301 71 0.0996464 0.0186788 0.00196706 0
2.301 72 0.484591 0.00847378 0.0121559 0
2.301 73 0.309652 0.00187305 0.00349679 0
2.301 74 0.181918 0.0188456 0.0057237 0
2.301 75 0.458446 0.00330359 0.0133106 0
2.301 76 0.280695 0.0058274 0.0174507 0
2.301 77 0.459324 0.00508914 0.00190163 0
2.301 78 0.18338 0.00101438 0.0134064 0
2.301 79 0.170048 0.0117017 0.0125183 0
2.301 80 0.25468 0.0114019 0.015214 0
2.401 51 0.447765 0.00470804 0.0162515 0
2.401 52 0.305975 0.01897 0.00272482 0
2.401 53 0.0909414 0.000599227 0.00786848 0
2.401 54 0.412973 0.0165545 0.0186502 0
2.401 55 0.158037 0.00207521 0.00994167 0
2.401 56 0.475519 0.00684224 0.0153767 0
2.401 57 0.105339 0.0170812 0.00686477 0
2.401 58 0.0729039 0.0113109 0.0127907 0
2.401 59 0.349899 0.00773277 0.0130649 0
2.401 60 0.262952 0.0131374 0.0161281 0
2.401 61 0.407688 0.0117317 0.0148556 0
2.401 62 0.258642 0.000447912 0.00609605 0
2.401 63 0.0987184 0.0140333 0.00151702 0
2.401 64 0.18124 0.0049555 0.0103796 0
2.401 65 0.110479 0.0123988 0.0135293 0
2.401 66 0.488293 0.00648555 0.0103606 0
2.401 67 0.458137 0.00714616 0.0041192 0
2.401 68 0.467206 0.0139634 0.00917089 0
2.401 69 0.434817 0.0112052 0.00489831 0
2.401 70 0.403087 0.0168053 0.00267985 0
2.401 71 0.0806 0.0188962 0.00281192 0
2.401 72 0.465558 0.00846894 0.0110664 0
2.401 73 0.290524 0.0022812 0.00406532 0
2.401 74 0.162843 0.0187082 0.00485769 0
2.401 75 0.477556 0.00304085 0.0124671 0
2.401 76 0.261648 0.00491304 0.0167151 0
2.401 77 0.440325 0.00563776 0.00111531 0
2.401 78 0.164375 0.000992285 0.0119337 0
2.401 79 0.15101 0.0116738 0.0112706 0
2.401 80 0.235565 0.0119344 0.0145069 0
2.501 51 0.428637 0.00432429 0.015736 0
2.501 52 0.286898 0.0190855 0.00206191 0
2.501 53 0.0719729 0.00105166 0.0068846 0
2.501 54 0.394011 0.0172656 0.0175896 0
2.501 55 0.138956 0.0021069 0.00854987 0
2.501 56 0.494472 0.00565349 0.0140856 0
2.501 57 0.0863042 0.0171752 0.00600453 0
2.501 58 0.0537874 0.0110675 0.0124278 0
2.501 59 0.330863 0.00752871 0.0125162 0
2.501 60 0.244016 0.012804 0.0150626 0
2.501 61 0.388662 0.0109688 0.014199 0
2.501 62 0.239695 0.00070645 0.00456732 0
2.501 63 0.0797168 0.0135025 0.000443404 0
2.501 64 0.16226 0.00471912 0.00888872 0
2.501 65 0.0914691 0.0123155 0.0120232 0
2.501 66 0.469228 0.00639008 0.00998231 0
2.501 67 0.439228 0.00725182 0.00273371 0
2.501 68 0.448098 0.0140936 0.00839892 0
2.501 69 0.415858 0.0115354 0.00615126 0
2.501 70 0.384157 0.0166189 0.00322642 0
2.501 71 0.0615111 0.0193369 0.00372581 0
2.501 72 0.446501 0.00881724 0.00973653 0
2.501 73 0.271482 0.00245094 0.00510746 0
2.501 74 0.14375 0.018748 0.00444176 0
2.501 75 0.496717 0.00264315 0.0120489 0
2.501 76 0.242611 0.0048334 0.0152773 0
2.501 77 0.421365 0.00579532 0.000198844 0
2.501 78 0.145341 0.000491602 0.0114249 0
2.501 79 0.131828 0.0121233 0.0103908 0
2.501 80 0.21662 0.0119325 0.0120203 0
2.601 51 0.409613 0.00457871 0.0151711 0
2.601 52 0.267818 0.0196685 0.00105078 0
2.601 53 0.0529535 0.000692431 0.00540239 0
2.601 54 0.375039 0.0176617 0.0170176 0
2.601 55 0.119866 0.00140228 0.00820218 0
2.601 56 0.486088 0.00570711 0.0135495 0
2.601 57 0.0671986 0.0174128 0.00536517 0
2.601 58 0.034803 0.0114329 0.0121157 0
2.601 59 0.311876 0.0074675 0.0116044 0
2.601 60 0.225071 0.0131376 0.0140679 0
2.601 61 0.369553 0.0114979 0.0132434 0
2.601 62 0.220629 0.000106223 0.00367483 0
2.601 63 0.060794 0.0139583 0.000719031 0
2.601 64 0.143252 0.00458754 0.00776407 0
2.601 65 0.0724135 0.0123088 0.0108759 0
2.601 66 0.450264 0.00668095 0.00902924 0
2.601 67 0.420201 0.00677315 0.00188719 0
2.601 68 0.429101 0.0144819 0.00777495 0
2.601 69 0.396809 0.0119447 0.00673542 0
2.601 70 0.365078 0.0170682 0.0040243 0
2.601 71 0.0423793 0.0199596 0.00431683 0
2.601 72 0.42752 0.00822902 0.0087067 0
2.601 73 0.252489 0.00246038 0.00556346 8.05081e-09
2.601 74 0.124785 0.0190806 0.00326732 8.05081e-09
2.601 75 0.48414 0.0030792 0.0114205 8.05081e-09
2.601 76 0.223425 0.00509197 0.0138893 8.05081e-09
2.601 77 0.402279 0.00620714 0.000698192 8.05081e-09
2.601 78 0.126316 0.000745025 0.0102777 8.05081e-09
2.601 79 0.112808 0.0120654 0.00959215 8.05081e-09
2.601 80 0.197673 0.0116492 0.0117056 8.05081e-09
2.701 51 0.390509 0.0044005 0.0148667 0
2.701 52 0.248674 0.0198581 0.0008179 7.5968e-09
2.701 53 0.0339171 0.000534608 0.00524741 7.5968e-09
2.701 54 0.355943 0.0179753 0.0168411 7.5968e-09
2.701 55 0.100763 0.00162019 0.00694834 7.5968e-09
2.701 56 0.467067 0.0063669 0.012488 7.5968e-09
2.701 57 0.0481964 0.0173196 0.00437312 7.5968e-09
2.701 58 0.015801 0.0104357 0.0107058 7.5968e-09
2.701 59 0.292913 0.00789489 0.0105282 7.5968e-09
2.701 60 0.20604 0.0131812 0.0135709 7.5968e-09
2.701 61 0.350488 0.0121005 0.0121211 7.5968e-09
2.701 62 0.201599 0.000486208 0.00304781 7.5968e-09
2.701 63 0.0416905 0.0138727 0.0013722 7.5968e-09
2.701 64 0.124115 0.00529702 0.00651972 7.5968e-09
2.701 65 0.0535378 0.011926 0.00955667 7.5968e-09
2.701 66 0.431293 0.00704841 0.00851341 7.5968e-09
2.701 67 0.401058 0.00716858 0.00133689 7.5968e-09
2.701 68 0.410102 0.0143583 0.00702879 7.5968e-09
2.701 69 0.377752 0.0121444 0.00793768 7.5968e-09
2.701 70 0.346086 0.0176399 0.00536174 7.5968e-09
2.701 71 0.0232522 0.0198685 0.00508075 7.5968e-09
2.701 72 0.408441 0.00799473 0.00707998 7.5968e-09
2.701 73 0.233425 0.00223008 0.00610817 7.5968e-09
2.701 74 0.105755 0.0187818 0.00239 7.5968e-09
2.701 75 0.465161 0.00396466 0.0107832 7.5968e-09
2.701 76 0.204299 0.00493407 0.012932 7.5968e-09
2.701 77 0.383296 0.00632889 0.000912908 7.5968e-09
2.701 78 0.107241 0.000546215 0.00921817 7.5968e-09
2.701 79 0.0939013 0.0119232 0.00910935 7.5968e-09
2.701 80 0.178679 0.0118337 0.0106382 7.5968e-09
2.801 51 0.371401 0.00437255 0.0130276 0
2.801 52 0.22968 0.0198746 0.00234642 0
2.801 53 0.0147894 0.000426081 0.00400394 0
2.801 54 0.336839 0.017808 0.0159772 0
2.801 55 0.0818367 0.00133873 0.00571291 0
2.801 56 0.448074 0.00600482 0.0103771 0
2.801 57 0.0291189 0.0170705 0.00290755 0
2.801 58 0.00361729 0.0104674 0.00978534 0
2.801 59 0.273744 0.00763092 0.00983764 0
2.801 60 0.186991 0.0131763 0.0134641 0
2.801 61 0.331441 0.0123197 0.0115487 0
2.801 62 0.182521 0.000145327 0.00172757 0
2.801 63 0.0226221 0.0140695 0.0028241 0
2.801 64 0.105148 0.00591869 0.00538232 0
2.801 65 0.0344038 0.012439 0.00914582 0
2.801 66 0.412291 0.00761239 0.00767037 0
2.801 67 0.382073 0.00652544 0.000518776 0
2.801 68 0.391155 0.014438 0.00657471 0
2.801 69 0.358717 0.0126167 0.00897369 0
2.801 70 0.327103 0.0175679 0.0066551 0
2.801 71 0.00427594 0.0196798 0.00594654 0
2.801 72 0.389403 0.00827006 0.00604581 0
2.801 73 0.214359 0.00199138 0.00712546 0
2.801 74 0.0867245 0.0184509 0.00147088 0
2.801 75 0.445961 0.00350555 0.00980414 0
2.801 76 0.18523 0.00478235 0.0122642 0
2.801 77 0.364238 0.00589717 0.00157237 0
2.801 78 0.0881756 0.000620848 0.00864639 0
2.801 79 0.0750418 0.012181 0.00848107 0
2.801 80 0.159673 0.0122718 0.0096311 0
2.901 51 0.352389 0.00460231 0.0120968 0
2.901 52 0.210673 0.0196038 0.00360132 0
2.901 53 0.00456945 0.000772781 0.00266553 0
2.901 54 0.317618 0.018028 0.0157779 0
2.901 55 0.0627702 0.00128248 0.00461604 0
2.901 56 0.429093 0.00557149 0.00967272 0
2.901 57 0.0100594 0.0165061 0.0025091 0
2.901 58 0.022715 0.0103728 0.00860454 0
2.901 59 0.254694 0.0076811 0.00865863 0
2.901 60 0.167959 0.0133318 0.0124671 0
2.901 61 0.312395 0.0131234 0.0107145 0
2.901 62 0.163596 0.000530337 0.000704424 0
2.901 63 0.00351751 0.0138965 0.00371944 0
2.901 64 0.086048 0.00528613 0.00463059 0
2.901 65 0.0154059 0.0124299 0.00830964 0
2.901 66 0.393319 0.00740242 0.00712175 0
2.901 67 0.362929 0.00604228 0.000892378 0
2.901 68 0.372149 0.0151238 0.0055081 0
2.901 69 0.339617 0.0114554 0.00917805 0
2.901 70 0.308173 0.016721 0.00833792 0
2.901 71 0.0149525 0.0197709 0.00693369 0
2.901 72 0.370423 0.00865295 0.00532758 0
2.901 73 0.195401 0.00173871 0.00823038 0
2.901 74 0.0675555 0.0178866 0.00080814 0
2.901 75 0.427026 0.00381756 0.00874173 0
2.901 76 0.166048 0.00488142 0.0117365 0
2.901 77 0.34529 0.0061495 0.00309447 0
2.901 78 0.0691384 0.000465833 0.00788719 0
2.901 79 0.0560067 0.0118832 0.00772702 0
2.901 80 0.140592 0.0124928 0.0083264 0
3.001 51 0.333387 0.00491611 0.011034 0
3.001 52 0.191694 0.0192311 0.004242 0
3.001 53 0.0234904 0.00167954 0.00109597 0
3.001 54 0.298733 0.0175276 0.0145579 0
3.001 55 0.0437514 0.00108373 0.00400911 0
3.001 56 0.410056 0.0064142 0.00836051 0
3.001 57 0.00929295 0.0163977 0.00151205 0
3.001 58 0.0418236 0.0101307 0.00740803 0
3.001 59 0.235744 0.00722043 0.00718389 0
3.001 60 0.148912 0.0135558 0.0112245 0
3.001 61 0.293397 0.0130998 0.0100642 0
3.001 62 0.144576 0.000648471 0.000361334 0
3.001 63 0.0156775 0.0140474 0.0050114 0
3.001 64 0.0670021 0.005839 0.00333799 0
3.001 65 0.00394715 0.0121388 0.00675807 0
3.001 66 0.374299 0.00714923 0.00528768 0
3.001 67 0.343917 0.00641644 0.00219765 0
3.001 68 0.353019 0.0143793 0.00482318 0
3.001 69 0.320609 0.0119755 0.0102263 0
3.001 70 0.289095 0.0167135 0.00805485 0
3.001 71 0.0340454 0.0199339 0.00755641 0
3.001 72 0.351465 0.00955946 0.00383407 0
3.001 73 0.176395 0.001557 0.00993675 0
3.001 74 0.048407 0.0181949 0.00052646 0
3.001 75 0.407959 0.00390086 0.00719456 0
3.001 76 0.147 0.0046711 0.0107165 0
3.001 77 0.326311 0.00653933 0.00422083 0
3.001 78 0.0501514 0.00043909 0.00681745 0
3.001 79 0.0369702 0.0113991 0.00707533 0
3.001 80 0.121607 0.0132514 0.00722763 0
3.101 51 0.314329 0.00546121 0.0102719 0
3.101 52 0.172699 0.0188844 0.00594941 0
3.101 53 0.0425912 0.000994272 0.000147716 0
3.101 54 0.27963 0.0180667 0.0133224 0
3.101 55 0.0246627 0.00104926 0.00292299 0
3.101 56 0.390884 0.00684618 0.00795372 0
3.101 57 0.0284199 0.0164367 0.000237876 0
3.101 58 0.060854 0.0102431 0.0053826 0
3.101 59 0.216731 0.00703167 0.00614275 0
3.101 60 0.129851 0.0137805 0.0106543 0
3.101 61 0.274317 0.0128732 0.00890536 0
3.101 62 0.125644 0.000947597 0.00185145 0
3.101 63 0.0348255 0.014083 0.00557802 0
3.101 64 0.0478777 0.00552264 0.00325999 0
3.101 65 0.0229993 0.0125308 0.00537366 0
3.101 66 0.355265 0.00642038 0.00449447 0
3.101 67 0.324812 0.00665643 0.00257416 0
3.101 68 0.33396 0.0153254 0.00385415 0
3.101 69 0.301565 0.0128075 0.0113876 0
3.101 70 0.270015 0.0158448 0.00859666 0
3.101 71 0.0531635 0.0197705 0.00840961 0
3.101 72 0.332489 0.00963281 0.00301152 0
3.101 73 0.15737 0.002071 0.0109711 0
3.101 74 0.0293705 0.0189502 0.000756243 0
3.101 75 0.388998 0.00434936 0.0064535 0
3.101 76 0.12792 0.00445448 0.00955851 0
3.101 77 0.307189 0.00624402 0.00591811 0
3.101 78 0.0309781 0.000207666 0.00541713 0
3.101 79 0.0178757 0.0109654 0.00583265 0
3.101 80 0.102478 0.0138964 0.00654803 0
3.201 51 0.295361 0.00548111 0.0086588 0
3.201 52 0.153578 0.0192632 0.00671677 0
3.201 53 0.0615464 0.00109607 0.000440187 0
3.201 54 0.260613 0.0178962 0.011897 0
3.201 55 0.00560097 0.000699464 0.00143697 0
3.201 56 0.371951 0.00646897 0.00708537 0
3.201 57 0.0475036 0.0156785 0.000864692 0
3.201 58 0.0799796 0.00995807 0.00518622 0
3.201 59 0.197661 0.00705714 0.00519536 0
3.201 60 0.110795 0.013513 0.00993353 0
3.201 61 0.255283 0.0127142 0.00865027 0
3.201 62 0.106602 0.0011568 0.00275219 0
3.201 63 0.0539791 0.0142161 0.00663818 0
3.201 64 0.0288243 0.00547675 0.00256401 0
3.201 65 0.0420737 0.0125776 0.00400512 0
3.201 66 0.336148 0.00713316 0.00353379 0
3.201 67 0.3057 0.00602448 0.003613 0
3.201 68 0.314954 0.01477 0.00291597 0
3.201 69 0.282529 0.0126577 0.0120012 0
3.201 70 0.250915 0.0157319 0.0102858 0
3.201 71 0.0721767 0.0194524 0.00924275 0
3.201 72 0.313566 0.00925918 0.00276288 0
3.201 73 0.138369 0.00245366 0.0119041 0
3.201 74 0.0103202 0.0196741 0.00239888 0
3.201 75 0.369908 0.00385591 0.00550022 0
3.201 76 0.108938 0.00402828 0.00844242 0
3.201 77 0.28807 0.00569135 0.00644543 0
3.201 78 0.0119146 0.000199838 0.00331915 0
3.201 79 0.001182 0.0106249 0.00409174 0
3.201 80 0.0834045 0.0140745 0.00544904 0
3.301 51 0.276301 0.00514663 0.00765022 0
3.301 52 0.134428 0.018939 0.00778835 0
3.301 53 0.0805348 0.000375613 0.00196358 0
3.301 54 0.241635 0.0173932 0.0102867 0
3.301 55 0.013609 0.000526962 0.000488532 0
3.301 56 0.352932 0.00672901 0.00629964 0
3.301 57 0.0666925 0.0146206 0.00105595 0
3.301 58 0.0990758 0.00959345 0.00413362 0
3.301 59 0.17858 0.00709728 0.00502256 0
3.301 60 0.0917002 0.0145028 0.00914216 0
3.301 61 0.2363 0.0122214 0.00698494 0
3.301 62 0.0876483 0.00143942 0.00276905 0
3.301 63 0.0730052 0.014605 0.00685639 0
3.301 64 0.00969959 0.00486879 0.00180631 0
3.301 65 0.0611971 0.0129792 0.00365507 0
3.301 66 0.317135 0.00719956 0.00312163 0
3.301 67 0.286695 0.00681107 0.00428505 0
3.301 68 0.295782 0.0146941 0.00230801 0
3.301 69 0.263529 0.0129287 0.013247 0
3.301 70 0.231864 0.0167044 0.0105381 0
3.301 71 0.0912119 0.0199573 0.00965518 0
3.301 72 0.29454 0.0100087 0.00178859 0
3.301 73 0.119296 0.00338621 0.0128968 0
3.301 74 0.00888105 0.0197218 0.00325504 0
3.301 75 0.350935 0.00406015 0.00432991 0
3.301 76 0.0899539 0.00378353 0.00792731 0
3.301 77 0.26906 0.00583219 0.00788041 0
3.301 78 0.00738993 0.000695264 0.00195835 0
3.301 79 0.0201829 0.0108137 0.00230983 0
3.301 80 0.0643359 0.0138878 0.00429593 0
3.401 51 0.25716 0.00538246 0.00658405 0
3.401 52 0.115456 0.018876 0.0088603 0
3.401 53 0.0994707 0.000651009 0.00284739 0
3.401 54 0.222497 0.0177633 0.00903332 0
3.401 55 0.0326562 0.000641181 8.77433e-05 0
3.401 56 0.333852 0.00614173 0.00542177 0
3.401 57 0.0857605 0.0131157 0.0021898 0
3.401 58 0.118143 0.00964661 0.00316081 0
3.401 59 0.159505 0.00746026 0.00488329 0
3.401 60 0.072642 0.0144159 0.00759514 0
3.401 61 0.217309 0.0123711 0.00647419 0
3.401 62 0.0685587 0.00262445 0.00409409 0
3.401 63 0.0920516 0.0146203 0.00803713 0
3.401 64 0.00972283 0.00506007 0.00121556 0
3.401 65 0.080284 0.0129973 0.00291063 0
3.401 66 0.298176 0.00755054 0.00198062 0
3.401 67 0.267807 0.00775771 0.00545624 0
3.401 68 0.276678 0.0145248 0.00148199 0
3.401 69 0.244451 0.0138583 0.0141711 0
3.401 70 0.212759 0.0163382 0.0113783 0
3.401 71 0.110256 0.0195921 0.0112281 0
3.401 72 0.275574 0.00991838 0.000685535 0
3.401 73 0.10014 0.00366148 0.0132811 0
3.401 74 0.0278818 0.0197814 0.00458229 0
3.401 75 0.331961 0.0039555 0.00315096 0
3.401 76 0.0709931 0.00388131 0.00761412 0
3.401 77 0.250002 0.0053422 0.00842993 8.15771e-09
3.401 78 0.0263992 0.000453718 0.000573782 8.15771e-09
3.401 79 0.0391956 0.0104535 0.00090998 8.15771e-09
3.401 80 0.0452846 0.014315 0.00368033 8.15771e-09
3.501 51 0.238113 0.00562995 0.00527782 0
3.501 52 0.096423 0.0182145 0.00957159 0
3.501 53 0.118555 0.00103589 0.00349619 0
3.501 54 0.203378 0.0182217 0.00725066 0
3.501 55 0.0516885 0.00105983 0.000558525 0
3.501 56 0.314828 0.00580339 0.00426701 0
3.501 57 0.104901 0.013284 0.00314274 0
3.501 58 0.137042 0.00979821 0.00200159 0
3.501 59 0.14041 0.00728897 0.00402675 0
3.501 60 0.0535545 0.0144439 0.00654699 0
3.501 61 0.198235 0.0116926 0.00627604 0
3.501 62 0.049532 0.00293076 0.00501084 0
3.501 63 0.111151 0.0148519 0.00938467 0
3.501 64 0.0287933 0.00472643 0.00050676 0
3.501 65 0.0992557 0.0135682 0.00211766 0
3.501 66 0.279068 0.00664398 0.000794982 0
3.501 67 0.248665 0.00762755 0.00621858 1.64205e-08
3.501 68 0.257602 0.0150559 0.000715643 2.54426e-08
3.501 69 0.225367 0.0138364 0.0156555 2.54426e-08
3.501 70 0.193812 0.016155 0.012345 2.54426e-08
3.501 71 0.129325 0.019524 0.0121637 2.54426e-08
3.501 72 0.256458 0.0101248 6.84642e-05 4.35789e-08
3.501 73 0.0810447 0.00476983 0.0140132 4.35789e-08
3.501 74 0.0469126 0.0195733 0.00550081 4.35789e-08
3.501 75 0.313007 0.0040352 0.0016654 4.35789e-08
3.501 76 0.0519465 0.00402734 0.00639789 4.35789e-08
3.501 77 0.230989 0.00543143 0.00944351 4.35789e-08
3.501 78 0.0454362 0.000133848 0.000381397 4.35789e-08
3.501 79 0.0583254 0.0109465 0.000106077 4.35789e-08
3.501 80 0.0261076 0.0140778 0.00313764 4.35789e-08
3.601 51 0.219052 0.00547308 0.00507704 0
3.601 52 0.0774159 0.0181742 0.010252 0
3.601 53 0.137677 0.00109507 0.00475395 0
3.601 54 0.184329 0.018728 0.0063379 0
3.601 55 0.0706731 0.00173698 0.0022866 0
3.601 56 0.295743 0.00558846 0.0027174 0
3.601 57 0.123982 0.0131911 0.00393172 0
3.601 58 0.155956 0.00998134 0.000647311 0
3.601 59 0.121233 0.00748232 0.00324345 0
3.601 60 0.0345837 0.0144403 0.00570609 0
3.601 61 0.179249 0.0123895 0.00570528 0
3.601 62 0.0305407 0.00278547 0.0054045 0
3.601 63 0.13012 0.0159607 0.0109682 0
3.601 64 0.0478756 0.00393765 0.000216267 0
3.601 65 0.118269 0.0138307 0.0008357 0
3.601 66 0.260057 0.0070803 0.000322677 0
3.601 67 0.229617 0.00650866 0.00701423 0
3.601 68 0.238543 0.0155748 0.00026648 0
3.601 69 0.206331 0.0136995 0.0167616 0
3.601 70 0.174783 0.0160183 0.0135532 0
3.601 71 0.14836 0.018889 0.0129585 0
3.601 72 0.237361 0.00953248 0.000992326 0
3.601 73 0.0620612 0.00459751 0.0146731 0
3.601 74 0.0658929 0.0192229 0.0067439 0
3.601 75 0.293946 0.00381507 0.000440958 0
3.601 76 0.0327932 0.00258853 0.00513622 0
3.601 77 0.212028 0.00548476 0.0110464 0
3.601 78 0.0644468 0.000294547 0.00170623 0
3.601 79 0.0774539 0.0114366 0.0010853 0
3.601 80 0.00700596 0.0144617 0.00178723 0
3.701 51 0.199884 0.00560126 0.00468125 0
3.701 52 0.058431 0.0174744 0.0117844 0
3.701 53 0.156656 0.00132845 0.00603345 0
3.701 54 0.165248 0.0181302 0.00495677 0
3.701 55 0.089777 0.00157638 0.00247757 0
3.701 56 0.276636 0.00541405 0.00224355 0
3.701 57 0.143046 0.013503 0.00550491 0
3.701 58 0.174977 0.00965564 0.00082142 0
3.701 59 0.10219 0.00753813 0.00196312 0
3.701 60 0.0156377 0.0140796 0.00476843 0
3.701 61 0.160302 0.0119976 0.0047909 0
3.701 62 0.0114562 0.0026819 0.00624904 0
3.701 63 0.149185 0.0170538 0.0113469 0
3.701 64 0.0668991 0.004411 0.00107274 0
3.701 65 0.137259 0.01403 0.000526013 0
3.701 66 0.241095 0.00752665 0.000871151 8.78017e-09
3.701 67 0.21057 0.00637052 0.00734583 8.78017e-09
3.701 68 0.219446 0.0154215 0.000703271 8.78017e-09
3.701 69 0.187222 0.0134797 0.0175096 8.78017e-09
3.701 70 0.155749 0.0156604 0.0145939 8.78017e-09
3.701 71 0.167331 0.0184817 0.01395 8.78017e-09
3.701 72 0.21821 0.00976667 0.0019868 8.78017e-09
3.701 73 0.0429377 0.00466094 0.015401 8.78017e-09
3.701 74 0.084907 0.0187936 0.00825414 8.78017e-09
3.701 75 0.274942 0.00391293 0.000629519 8.78017e-09
3.701 76 0.01367 0.0034833 0.00411985 8.78017e-09
3.701 77 0.192981 0.00571835 0.0121199 8.78017e-09
3.701 78 0.0833767 0.00052175 0.00349193 8.78017e-09
3.701 79 0.096418 0.0105788 0.00231761 8.78017e-09
3.701 80 0.0123567 0.0142979 0.000416425 8.78017e-09
3.801 51 0.180803 0.00591182 0.00367853 0
3.801 52 0.039325 0.0175659 0.0136222 0
3.801 53 0.175599 0.00113077 0.00778545 0
3.801 54 0.146285 0.0178486 0.00372713 0
3.801 55 0.108739 0.001786 0.00342915 0
3.801 56 0.257556 0.0060104 0.00108532 1.02003e-08
3.801 57 0.162058 0.0135291 0.00652961 1.02003e-08
3.801 58 0.193943 0.0090901 0.00185341 1.02003e-08
3.801 59 0.0832299 0.00740869 0.000867545 1.02003e-08
3.801 60 0.00352783 0.0139157 0.00314213 1.02003e-08
3.801 61 0.141251 0.0115044 0.00426293 1.02003e-08
3.801 62 0.00773334 0.0018675 0.00678062 1.02003e-08
3.801 63 0.168235 0.0172722 0.0129706 1.02003e-08
3.801 64 0.085965 0.00445665 0.00234181 1.02003e-08
3.801 65 0.156264 0.0146889 0.00155765 1.02003e-08
3.801 66 0.222058 0.0083406 0.0017366 1.02003e-08
3.801 67 0.191379 0.00646953 0.00848646 1.02003e-08
3.801 68 0.200496 0.0151713 0.00201604 1.02003e-08
3.801 69 0.168123 0.0133322 0.0185381 1.02003e-08
3.801 70 0.136656 0.0158412 0.0150227 1.02003e-08
3.801 71 0.186405 0.0188375 0.0150037 1.02003e-08
3.801 72 0.199125 0.0100701 0.0027697 1.02003e-08
3.801 73 0.0238368 0.00407604 0.0166868 1.02003e-08
3.801 74 0.104027 0.0188067 0.00906204 1.02003e-08
3.801 75 0.255962 0.00372571 0.00185126 1.98591e-08
3.801 76 0.0056972 0.00300992 0.00366348 1.98591e-08
3.801 77 0.173906 0.00534633 0.013496 1.98591e-08
3.801 78 0.10237 0.000924105 0.00374868 1.98591e-08
3.801 79 0.115468 0.0105409 0.00322576 1.98591e-08
3.801 80 0.0313457 0.0147352 0.000311355 1.98591e-08
3.901 51 0.16168 0.0066044 0.00280847 0
3.901 52 0.0202022 0.0177289 0.0149251 0
3.901 53 0.194564 0.00107662 0.00931422 0
3.901 54 0.127212 0.0181797 0.00264293 0
3.901 55 0.127679 0.00231113 0.00449171 0
3.901 56 0.238517 0.00561396 0.000112234 0
3.901 57 0.181166 0.0133442 0.00759624 0
3.901 58 0.212995 0.00886665 0.00259815 0
3.901 59 0.0642016 0.00727476 0.000767072 0
3.901 60 0.0225886 0.0147172 0.00256695 0
3.901 61 0.122236 0.0122376 0.00322909 0
3.901 62 0.0267314 0.0023635 0.00808152 0
3.901 63 0.187255 0.0172526 0.0142312 0
3.901 64 0.105082 0.00472718 0.0037885 0
3.901 65 0.175357 0.0146736 0.00247249 0
3.901 66 0.20302 0.00870573 0.00281917 0
3.901 67 0.172396 0.00593006 0.00906097 0
3.901 68 0.181417 0.0152477 0.00296612 0
3.901 69 0.148889 0.0134891 0.0193175 0
3.901 70 0.117712 0.0158555 0.0157524 0
3.901 71 0.205556 0.0186973 0.0159691 0
3.901 72 0.180119 0.010221 0.00476612 0
3.901 73 0.00475866 0.0046075 0.0177402 0
3.901 74 0.123019 0.019543 0.010744 0
3.901 75 0.236963 0.00294243 0.00290693 0
3.901 76 0.0248394 0.00322657 0.00338997 0
3.901 77 0.154911 0.00467803 0.0142329 0
3.901 78 0.121329 0.0013516 0.00422558 0
3.901 79 0.134559 0.0103016 0.0039047 0
3.901 80 0.0504528 0.0142888 0.000557949 0
4.001 51 0.142636 0.00662517 0.00169436 0
4.001 52 0.00117007 0.0177222 0.0158281 0
4.001 53 0.213669 0.000562672 0.0100797 0
4.001 54 0.108196 0.0189235 0.00125822 0
4.001 55 0.146594 0.00215479 0.0057677 0
4.001 56 0.21937 0.00529841 0.000123879 0
4.001 57 0.200171 0.0131679 0.00835179 0
4.001 58 0.232148 0.00888268 0.00340015 0
4.001 59 0.0451459 0.00680361 0.000964898 0
4.001 60 0.041559 0.015146 0.00229942 0
4.001 61 0.10311 0.0117128 0.00221524 0
4.001 62 0.045831 0.00169896 0.00887639 0
4.001 63 0.206267 0.0168193 0.0146917 0
4.001 64 0.124119 0.00486705 0.00528902 0
4.001 65 0.194402 0.0153699 0.00384079 0
4.001 66 0.183946 0.00844487 0.00328536 0
4.001 67 0.153341 0.00684268 0.0103609 0
4.001 68 0.1624 0.0149635 0.00377464 0
4.001 69 0.129811 0.0135912 0.0194743 0
4.001 70 0.0986542 0.0157236 0.0171572 0
4.001 71 0.224517 0.0184257 0.0162919 0
4.001 72 0.161077 0.010977 0.0050938 0
4.001 73 0.0144879 0.00494585 0.0183657 0
4.001 74 0.141986 0.0197665 0.0126053 0
4.001 75 0.217852 0.00256189 0.00327015 0
4.001 76 0.0438989 0.00305089 0.00307488 0
4.001 77 0.13588 0.00410664 0.0152322 0
4.001 78 0.140314 0.000891342 0.00438001 0
4.001 79 0.153642 0.0101749 0.00474909 0
4.001 80 0.0696054 0.0136574 0.00133211 0
4.101 51 0.123572 0.00694974 0.000252087 0
4.101 52 0.0180206 0.0180807 0.0169256 0
4.101 53 0.232599 0.000274459 0.0111592 0
4.101 54 0.0891189 0.018443 0.000569226 0
4.101 55 0.165688 0.00218508 0.00674891 0
4.101 56 0.200291 0.00583757 0.000633037 0
4.101 57 0.219266 0.0127325 0.0093396 0
4.101 58 0.251188 0.00957305 0.0038235 4.66749e-08
4.101 59 0.026032 0.00709914 0.00150783 4.66749e-08
4.101 60 0.0606321 0.0151315 0.00123174 4.66749e-08
4.101 61 0.0841473 0.0118048 0.00142712 4.66749e-08
4.101 62 0.0647697 0.0013814 0.00974576 4.66749e-08
4.101 63 0.225326 0.0164769 0.0157298 4.66749e-08
4.101 64 0.143166 0.00532546 0.00622844 4.66749e-08
4.101 65 0.213423 0.0152692 0.0052295 4.66749e-08
4.101 66 0.164826 0.00890919 0.00440684 4.66749e-08
4.101 67 0.134342 0.00701427 0.0114452 4.66749e-08
4.101 68 0.143498 0.0151959 0.00450937 4.66749e-08
4.101 69 0.110785 0.0133448 0.0186206 4.66749e-08
4.101 70 0.0796306 0.015493 0.0185514 4.66749e-08
4.101 71 0.243485 0.0185673 0.0173722 4.66749e-08
4.101 72 0.142102 0.0111678 0.00676678 4.66749e-08
4.101 73 0.0334536 0.00476549 0.0197436 4.66749e-08
4.101 74 0.161076 0.0199613 0.0136022 4.66749e-08
4.101 75 0.198682 0.00346783 0.00395781 4.66749e-08
4.101 76 0.0628933 0.00257029 0.0018481 4.66749e-08
4.101 77 0.116833 0.0046591 0.0162984 4.66749e-08
4.101 78 0.159428 0.000765027 0.00507875 4.66749e-08
4.101 79 0.172586 0.0103035 0.00572413 4.66749e-08
4.101 80 0.088643 0.0138237 0.00241564 4.66749e-08
4.201 51 0.104559 0.00698144 0.00137073 0
4.201 52 0.037097 0.0185515 0.0175525 0
4.201 53 0.25162 0.000398067 0.0125906 0
4.201 54 0.0700358 0.0178812 0.000958946 0
4.201 55 0.184715 0.00126151 0.00718525 0
4.201 56 0.181237 0.00597222 0.00110898 0
4.201 57 0.238335 0.0129614 0.0101825 0
4.201 58 0.270234 0.00946777 0.00467353 0
4.201 59 0.00695731 0.00675237 0.00233063 0
4.201 60 0.0797144 0.0147986 0.000265187 0
4.201 61 0.0651042 0.0114657 0.000326906 0
4.201 62 0.0838861 0.000991888 0.0103525 0
4.201 63 0.244306 0.0158473 0.0159877 0
4.201 64 0.162253 0.00526747 0.00700419 0
4.201 65 0.232364 0.0153301 0.00630887 0
4.201 66 0.145798 0.0086286 0.00550762 0
4.201 67 0.115213 0.00687317 0.0119742 0
4.201 68 0.124497 0.0153835 0.00567575 0
4.201 69 0.091693 0.0133177 0.017397 0
4.201 70 0.0605819 0.0152823 0.019158 0
4.201 71 0.262611 0.0183768 0.0178472 0
4.201 72 0.123087 0.0113853 0.00731344 0
4.201 73 0.0523955 0.00469619 0.0188429 0
4.201 74 0.180072 0.0199707 0.0147382 0
4.201 75 0.179575 0.00278997 0.0041845 0
4.201 76 0.0819337 0.00248206 0.000945796 0
4.201 77 0.0978482 0.0042147 0.0167296 0
4.201 78 0.178484 0.000472767 0.0067482 0
4.201 79 0.191685 0.0104922 0.00672272 0
4.201 80 0.107712 0.013911 0.0038744 0
4.301 51 0.085426 0.00669776 0.00208707 0
4.301 52 0.0561933 0.018726 0.0182866 0
4.301 53 0.270742 8.38579e-05 0.0134409 0
4.301 54 0.0509719 0.01817 0.00104528 0
4.301 55 0.203811 0.00179743 0.00828848 0
4.301 56 0.162172 0.00555473 0.0024009 0
4.301 57 0.257328 0.0119389 0.0114939 0
4.301 58 0.289292 0.00978857 0.00524896 0
4.301 59 0.0123684 0.00680791 0.00299726 0
4.301 60 0.0988269 0.0149561 0.000712108 0
4.301 61 0.0461967 0.0123157 0.000593483 0
4.301 62 0.102922 0.000956313 0.0104542 0
4.301 63 0.263385 0.0156026 0.016257 0
4.301 64 0.181326 0.005038 0.00794238 0
4.301 65 0.251353 0.0152123 0.00737695 9.07104e-09
4.301 66 0.126753 0.00857291 0.00712878 9.07104e-09
4.301 67 0.0961058 0.00675014 0.0126754 9.07104e-09
4.301 68 0.105436 0.0158286 0.00695453 9.07104e-09
4.301 69 0.0726624 0.0138544 0.0169454 9.07104e-09
4.301 70 0.0415279 0.014931 0.0196994 9.07104e-09
4.301 71 0.281624 0.0181238 0.0191967 9.07104e-09
4.301 72 0.104066 0.0113817 0.00808244 9.07104e-09
4.301 73 0.0712932 0.0048382 0.0183834 9.07104e-09
4.301 74 0.198993 0.0195909 0.0156999 9.07104e-09
4.301 75 0.160498 0.00256047 0.00486435 9.07104e-09
4.301 76 0.100937 0.00210131 0.000356082 9.07104e-09
4.301 77 0.0787465 0.00412019 0.017819 9.07104e-09
4.301 78 0.197481 0.000202087 0.00778653 9.07104e-09
4.301 79 0.210714 0.0103771 0.0079479 9.07104e-09
4.301 80 0.126801 0.0138365 0.00461254 9.07104e-09
4.401 51 0.0663941 0.0070284 0.00340082 0
4.401 52 0.0752214 0.0191278 0.0192914 0
4.401 53 0.289811 0.000416294 0.0148043 0
4.401 54 0.0319852 0.0176879 0.00259667 0
4.401 55 0.222882 0.00164122 0.00907502 0
4.401 56 0.143219 0.00460178 0.00388124 0
4.401 57 0.276531 0.0122718 0.0123636 0
4.401 58 0.308323 0.00994163 0.00582255 0
4.401 59 0.0314854 0.00698462 0.00391405 0
4.401 60 0.117979 0.0145659 0.00148694 0
4.401 61 0.0273352 0.0131177 0.00194801 0
4.401 62 0.121925 0.0012822 0.011542 0
4.401 63 0.282459 0.01562 0.0168661 0
4.401 64 0.200411 0.00470737 0.00860963 0
4.401 65 0.270415 0.0152549 0.00884415 0
4.401 66 0.107791 0.00874189 0.00825714 0
4.401 67 0.0769458 0.00663486 0.0138183 0
4.401 68 0.0864336 0.0153699 0.0082427 0
4.401 69 0.0536428 0.0142889 0.0158977 0
4.401 70 0.0225401 0.0142276 0.0189707 0
4.401 71 0.300767 0.0179815 0.0197031 0
4.401 72 0.0850446 0.0117247 0.00879051 0
4.401 73 0.0903306 0.00449612 0.0177547 0
4.401 74 0.218086 0.0195265 0.0162332 0
4.401 75 0.141499 0.00207642 0.00499241 0
4.401 76 0.120033 0.00221723 6.91882e-05 0
4.401 77 0.0596799 0.00420856 0.0185669 0
4.401 78 0.216532 0.000864034 0.00836658 0
4.401 79 0.22976 0.0108113 0.00929826 0
4.401 80 0.145844 0.0138153 0.00567761 0
4.501 51 0.0473966 0.00716154 0.00378153 0
4.501 52 0.0943097 0.0190625 0.0198323 0
4.501 53 0.308865 0.000201868 0.0151446 0
4.501 54 0.0129378 0.01715 0.00371855 0
4.501 55 0.241898 0.00118964 0.00979433 0
4.501 56 0.124061 0.00485157 0.00496125 0
4.501 57 0.295609 0.0118598 0.0138458 0
4.501 58 0.327367 0.0100072 0.00721745 0
4.501 59 0.050381 0.00737225 0.00484837 0
4.501 60 0.136948 0.014639 0.00228212 0
4.501 61 0.00831286 0.0129953 0.00292254 0
4.501 62 0.140868 0.00229629 0.0126272 0
4.501 63 0.301504 0.015926 0.0165576 0
4.501 64 0.21935 0.00494477 0.00911612 0
4.501 65 0.289507 0.0150675 0.00932325 0
4.501 66 0.0888336 0.00850587 0.00946822 0
4.501 67 0.0579384 0.00742674 0.0150914 0
4.501 68 0.0673487 0.0155525 0.00927624 0
4.501 69 0.0346124 0.0155615 0.0143139 0
4.501 70 0.00342792 0.0138245 0.0188001 0
4.501 71 0.319793 0.0184003 0.018708 0
4.501 72 0.0661431 0.0125052 0.0102085 0
4.501 73 0.109332 0.00464579 0.0168145 0
4.501 74 0.237056 0.0198177 0.0171418 0
4.501 75 0.122486 0.00255587 0.00603111 0
4.501 76 0.139152 0.00244521 0.000392732 0
4.501 77 0.0405622 0.00418576 0.0186581 0
4.501 78 0.235589 0.00117961 0.00959351 0
4.501 79 0.248767 0.0112004 0.0101116 0
4.501 80 0.164811 0.0136496 0.0070176 0
4.601 51 0.0283575 0.00784031 0.00516846 0
4.601 52 0.11335 0.0190335 0.0184947 0
4.601 53 0.327802 0.000153379 0.0157243 0
4.601 54 0.00654516 0.0167723 0.00449137 0
4.601 55 0.260916 0.00127008 0.0112411 0
4.601 56 0.104973 0.00560354 0.00588528 0
4.601 57 0.314813 0.0120435 0.0147304 0
4.601 58 0.346454 0.00951207 0.0080638 0
4.601 59 0.069474 0.00761945 0.00577758 0
4.601 60 0.156032 0.0146579 0.00311242 0
4.601 61 0.0109323 0.0136646 0.00328925 0
4.601 62 0.159827 0.00299318 0.0136728 0
4.601 63 0.320505 0.0154791 0.0176414 0
4.601 64 0.238392 0.00502823 0.0100473 0
4.601 65 0.308449 0.0148865 0.0102537 0
4.601 66 0.0698425 0.0080519 0.0104776 0
4.601 67 0.0390876 0.00717655 0.0158826 0
4.601 68 0.0483714 0.015739 0.00937831 0
4.601 69 0.0155208 0.015188 0.0133303 0
4.601 70 0.0160292 0.0136874 0.0180644 0
4.601 71 0.338626 0.0188106 0.0169628 0
4.601 72 0.0471032 0.0128077 0.0115112 0
4.601 73 0.128444 0.00448711 0.0161644 0
4.601 74 0.256074 0.0191423 0.0175523 0
4.601 75 0.103409 0.00238766 0.00667076 0
4.601 76 0.158216 0.00320276 0.00175395 0
4.601 77 0.0215985 0.00384737 0.0193443 0
4.601 78 0.254571 0.000924146 0.0106003 0
4.601 79 0.267899 0.0109547 0.0109994 0
4.601 80 0.183712 0.0131219 0.00850123 0
4.701 51 0.00929758 0.00810881 0.00566632 0
4.701 52 0.132398 0.0193125 0.0177098 0
4.701 53 0.346866 8.02968e-05 0.0169671 0
4.701 54 0.0255644 0.016457 0.00512688 0
4.701 55 0.279894 0.00126461 0.0129202 0
4.701 56 0.0860343 0.00550232 0.00725457 0
4.701 57 0.333771 0.0121809 0.0159604 0
4.701 58 0.365499 0.00890763 0.00885986 0
4.701 59 0.0885666 0.00834849 0.00612361 0
4.701 60 0.175102 0.0149218 0.00391718 0
4.701 61 0.029898 0.0127061 0.00429206 0
4.701 62 0.178828 0.00290632 0.015735 0
4.701 63 0.33954 0.0147306 0.018913 0
4.701 64 0.25739 0.0056042 0.0113487 0
4.701 65 0.327498 0.015166 0.0112375 0
4.701 66 0.0508115 0.00748428 0.012017 0
4.701 67 0.0199288 0.00672241 0.0166276 0
4.701 68 0.0293028 0.0159656 0.0103605 0
4.701 69 0.00374164 0.0149059 0.0120739 0
4.701 70 0.0351614 0.01325 0.0172721 0
4.701 71 0.357646 0.0193659 0.0154407 0
4.701 72 0.0281695 0.0128617 0.0126744 0
4.701 73 0.147462 0.00456088 0.0154862 0
4.701 74 0.275124 0.0187339 0.0184586 0
4.701 75 0.0844258 0.00204751 0.00804828 0
4.701 76 0.177205 0.00268923 0.0030248 0
4.701 77 0.00254124 0.00349305 0.0197679 0
4.701 78 0.27357 0.000899708 0.0118784 0
4.701 79 0.286827 0.0112023 0.0114339 0
4.701 80 0.202826 0.013388 0.00919248 0
4.801 51 0.00977418 0.00792614 0.00720087 0
4.801 52 0.15132 0.0196324 0.0165835 0
4.801 53 0.365963 6.65838e-05 0.0179455 0
4.801 54 0.0446477 0.0166843 0.00576776 0
4.801 55 0.298958 0.000486915 0.0141432 0
4.801 56 0.0670168 0.0056978 0.0089438 0
4.801 57 0.352705 0.012357 0.0180098 0
4.801 58 0.38448 0.0082512 0.00978775 0
4.801 59 0.10756 0.00808533 0.00786572 0
4.801 60 0.194155 0.0147481 0.00473762 0
4.801 61 0.0488803 0.0128209 0.00493246 0
4.801 62 0.197909 0.00224462 0.0169817 0
4.801 63 0.358594 0.0150701 0.0194779 0
4.801 64 0.276483 0.00608886 0.0122782 0
4.801 65 0.346424 0.0153862 0.0126684 0
4.801 66 0.0316836 0.00652538 0.0125039 0
4.801 67 0.000894404 0.00677433 0.016874 0
4.801 68 0.0102806 0.0163926 0.0112482 0
4.801 69 0.0227447 0.0155167 0.0105509 0
4.801 70 0.0542264 0.0129062 0.0164339 0
4.801 71 0.376619 0.0194502 0.0141987 0
4.801 72 0.0091642 0.0127632 0.0138885 0
4.801 73 0.166477 0.00448117 0.0143807 0
4.801 74 0.294186 0.0192448 0.0191028 0
4.801 75 0.0652941 0.00233999 0.00856799 0
4.801 76 0.196275 0.00253244 0.00403699 0
4.801 77 0.0166676 0.00386873 0.0193781 0
4.801 78 0.292637 0.000669246 0.0132022 0
4.801 79 0.305923 0.0111344 0.012866 0
4.801 80 0.221862 0.0130803 0.0100072 0
4.901 51 0.0289084 0.00794514 0.00792863 0
4.901 52 0.17027 0.0199894 0.0156145 0
4.901 53 0.385025 9.47334e-05 0.0191422 0
4.901 54 0.0636616 0.0164166 0.00735236 0
4.901 55 0.317961 0.000144059 0.0153219 0
4.901 56 0.048045 0.00520429 0.00986951 0
4.901 57 0.371626 0.012201 0.0191761 0
4.901 58 0.403568 0.00893575 0.0108831 0
4.901 59 0.126621 0.00812381 0.00803501 0
4.901 60 0.213195 0.0140594 0.00582573 0
4.901 61 0.0679226 0.0131338 0.00552602 0
4.901 62 0.217035 0.0029095 0.0187469 0
4.901 63 0.377591 0.014803 0.0192025 0
4.901 64 0.295498 0.00638975 0.0135031 0
4.901 65 0.365476 0.0159228 0.0134674 0
4.901 66 0.0126905 0.00650592 0.013685 0
4.901 67 0.0184817 0.00671577 0.0180703 0
4.901 68 0.00874028 0.0158117 0.0120839 0
4.901 69 0.0417496 0.0153924 0.0102206 0
4.901 70 0.0732584 0.0134949 0.015778 0
4.901 71 0.39567 0.0196265 0.0136089 0
4.901 72 0.0102656 0.0128843 0.0151992 0
4.901 73 0.185578 0.00416765 0.0135094 0
4.901 74 0.313269 0.0187367 0.0199471 0
4.901 75 0.0463476 0.00215622 0.010023 0
4.901 76 0.215266 0.00241532 0.00516646 0
4.901 77 0.0356818 0.0033253 0.0184503 0
4.901 78 0.311668 0.000276268 0.0139592 0
4.901 79 0.324991 0.0114563 0.0144463 0
4.901 80 0.240738 0.0123502 0.0112134 0
