260 59 0 100 186722
261 56 0 100 4.00014e+09
270 59 0 100 210062
244 52 0 100 7.74e+11
254 52 0 100 6.74e+11
264 52 0 100 5.74e+11
274 52 0 100 4.74e+11
284 52 0 100 3.74e+11
294 52 0 100 2.74e+11
304 52 0 100 1.74e+11
314 52 0 100 7.40002e+10
324 52 0 100 9.00013e+09
457 51 0 100 571835
467 51 0 100 525155
477 51 0 100 11670
482 58 0 100 408453
484 52 0 100 151712
485 60 0 100 221732
486 53 0 100 46680
487 51 0 100 23340
488 54 0 100 221732
489 55 0 100 163381
492 58 0 100 116701
370 59 0 100 1.21e+12
380 59 0 100 1.11e+12
390 59 0 100 1.01e+12
400 59 0 100 9.10001e+11
410 59 0 100 8.10001e+11
490 59 0 100 1.00009e+10
494 52 0 100 175052
495 60 0 100 116701
496 53 0 100 35010
497 51 0 100 490144
363 57 0 100 1.342e+12
383 57 0 100 1.142e+12
393 57 0 100 1.042e+12
403 57 0 100 9.42001e+11
463 57 0 100 3.42001e+11
473 57 0 100 2.42001e+11
483 57 0 100 1.42002e+11
493 57 0 100 4.20016e+10
498 54 0 100 116701
499 55 0 100 58351
502 58 0 100 151711
504 52 0 100 46681
505 60 0 100 105031
506 53 0 100 23340
507 51 0 100 151711
508 54 0 100 105031
509 55 0 100 46680
512 58 0 100 175051
514 52 0 100 35011
515 60 0 100 163381
516 53 0 100 23340
517 51 0 100 175052
518 54 0 100 163381
519 55 0 100 81691
522 58 0 100 46680
525 60 0 100 58350
528 54 0 100 58350
529 55 0 100 23340
532 58 0 100 35010
535 60 0 100 46680
536 53 0 100 151711
539 55 0 100 35010
546 53 0 100 175051
549 55 0 100 81691
555 60 0 100 23340
558 54 0 100 23340
565 60 0 100 35010
568 54 0 100 35010
569 55 0 100 175052
575 60 0 100 513484
579 55 0 100 490144
589 55 0 100 513484
680 59 0 100 163381
690 59 0 100 11670
700 59 0 100 665196