54 0.16 5
51 0.16 5
55 0.16 5
53 0.16 5
52 0.16 5
54 0.16 4.84
51 0.16 4.84
55 0.16 5
53 0.16 5
52 0.16 5
54 0.16 4.918
51 0.16 4.918
55 0.16 5
53 0.16 5
52 0.16 5
54 0.16 5
51 0.16 5
52 0.016 5
52 0.16 4.984
52 0.016 4.824
52 0.16 4.808
52 0.016 4.648
52 0.16 4.632
52 0.016 4.472
52 0.16 4.456
54 0.016 4.84
54 0.16 4.824
52 0.016 4.296
52 0.16 4.28
54 0.016 4.664
54 0.16 4.648
52 0.016 4.12
52 0.16 4.104
54 0.016 4.488
54 0.16 4.472
52 0.016 3.944
52 0.16 3.928
54 0.016 4.312
54 0.16 4.296
52 0.016 3.768
52 0.16 3.752
54 0.016 4.136
54 0.16 4.12
52 0.016 3.592
52 0.16 3.576
54 0.016 3.96
54 0.16 3.944
52 0.016 3.416
52 0.16 3.4
54 0.016 3.784
54 0.16 3.768
52 0.016 3.24
52 0.16 3.224
54 0.016 3.608
54 0.16 3.592
52 0.016 3.064
52 0.16 3.048
54 0.016 3.432
54 0.16 3.416
52 0.016 2.888
52 0.16 2.872
54 0.016 3.256
54 0.16 3.24
52 0.016 2.712
52 0.16 2.696
54 0.016 3.08
54 0.16 3.064
52 0.016 2.536
52 0.16 2.52
54 0.016 2.904
54 0.16 2.888
52 0.016 2.36
52 0.16 2.344
54 0.016 2.728
54 0.16 2.712
52 0.016 2.184
52 0.16 2.168
54 0.016 2.552
54 0.16 2.536
52 0.016 2.008
52 0.16 1.992
54 0.016 2.376
54 0.16 2.36
52 0.016 1.832
52 0.16 1.816
54 0.016 2.2
54 0.16 2.184
52 0.016 1.656
52 0.16 1.64
54 0.016 2.024
54 0.16 2.008
52 0.016 1.48
52 0.16 1.464
54 0.016 1.848
54 0.16 1.832
52 0.016 1.304
52 0.16 1.288
54 0.016 1.672
54 0.16 1.656
52 0.016 1.128
52 0.16 1.112
54 0.016 1.496
54 0.16 1.48
52 0.016 0.952
52 0.16 0.936
54 0.016 1.32
54 0.16 1.304
52 0.016 0.776
52 0.16 0.76
54 0.016 1.144
54 0.16 1.128
52 0.016 0.6
52 0.16 0.584
54 0.016 0.968
54 0.16 0.952
52 0.016 0.424
52 0.16 0.408
54 0.016 0.792
54 0.16 0.776
52 0.016 0.248
52 0.16 0.232
54 0.016 0.616
54 0.16 0.6
52 0.016 0.072
52 0.16 0.056
54 0.016 0.44
54 0.16 0.424
52 0.016 0
52 0.16 0
54 0.016 0.264
54 0.16 0.248
52 0.016 0
52 0.16 0
54 0.016 0.088
54 0.16 0.072
52 0.016 0
52 0.16 0
54 0.016 0
54 0.16 0
52 0.016 0
52 0.16 0
54 0.016 0
54 0.16 0
52 0.016 0
52 0.16 0
54 0.016 0
54 0.16 0
52 0.016 0
52 0.16 0
54 0.016 0
54 0.16 0
52 0.016 0
52 0.16 0
54 0.016 0
54 0.16 0
52 0.016 0
52 0.16 0
54 0.016 0
54 0.16 0
52 0.016 0
52 0.16 0
54 0.016 0
54 0.16 0
52 0.016 0
52 0.16 0
54 0.016 0
54 0.16 0
52 0.016 0
52 0.16 0
54 0.016 0
54 0.16 0
52 0.016 0
52 0.16 0
54 0.016 0
54 0.16 0
52 0.016 0
52 0.16 0
54 0.016 0
54 0.16 0
52 0.016 0
52 0.16 0
54 0.016 0
54 0.16 0
52 0.016 0
52 0.16 0
54 0.016 0
54 0.16 0
52 0.016 0
52 0.16 0
54 0.016 0
54 0.16 0
52 0.016 0
52 0.16 0
54 0.016 0
54 0.16 0
52 0.016 0
52 0.16 0
54 0.016 0
54 0.16 0
52 0.016 0
52 0.16 0
54 0.016 0
54 0.16 0
52 0.016 0
52 0.16 0
54 0.016 0
54 0.16 0
52 0.016 0
52 0.16 0
54 0.016 0
54 0.16 0
52 0.016 0
52 0.16 0
54 0.016 0
54 0.16 0
52 0.016 0
52 0.16 0
54 0.016 0
54 0.16 0
52 0.016 0
52 0.16 0
54 0.016 0
54 0.16 0
52 0.016 0
52 0.16 0
54 0.016 0
54 0.16 0
52 0.016 0
52 0.16 0
54 0.016 0
54 0.16 0
52 0.016 0
52 0.16 0
54 0.016 0
54 0.16 0
52 0.016 0
52 0.16 0
54 0.016 0
54 0.16 0
52 0.016 0
52 0.16 0
54 0.016 0
54 0.16 0
52 0.016 0
52 0.16 0
54 0.016 0
54 0.16 0
52 0.016 0
52 0.16 0
54 0.016 0
54 0.16 0
52 0.016 0
52 0.16 0
54 0.016 0
54 0.16 0
52 0.016 0
52 0.16 0
54 0.016 0
54 0.16 0
52 0.016 0
52 0.16 0
54 0.016 0
54 0.16 0
52 0.016 0
52 0.16 0
54 0.016 0
54 0.16 0
52 0.016 0
52 0.16 0
54 0.016 0
54 0.16 0
52 0.016 0
52 0.16 0
54 0.016 0
54 0.16 0
52 0.016 0
52 0.16 0
54 0.016 0
54 0.16 0
52 0.016 0
52 0.16 0
54 0.016 0
54 0.16 0
52 0.016 0
52 0.16 0
54 0.016 0
54 0.16 0
52 0.016 0
52 0.16 0
54 0.016 0
54 0.16 0
52 0.016 0
52 0.16 0
54 0.016 0
54 0.16 0
52 0.016 0
52 0.16 0
54 0.016 0
54 0.16 0
52 0.016 0
52 0.16 0
54 0.016 0
54 0.16 0
52 0.016 0
52 0.16 0
54 0.016 0
54 0.16 0
52 0.016 0
52 0.16 0
54 0.016 0
54 0.16 0
52 0.016 0
52 0.16 0
54 0.016 0
54 0.16 0
52 0.016 0
52 0.16 0
54 0.016 0
54 0.16 0
52 0.016 0
52 0.16 0
54 0.016 0
54 0.16 0
52 0.016 0
52 0.16 0
54 0.016 0
54 0.16 0
52 0.016 0
52 0.16 0
54 0.016 0
54 0.16 0
52 0.016 0
52 0.16 0
54 0.016 0
54 0.16 0
52 0.016 0
52 0.16 0
54 0.016 0
54 0.16 0
52 0.016 0
52 0.16 0
54 0.016 0
54 0.16 0
52 0.016 0
52 0.16 0
54 0.016 0
54 0.16 0
52 0.016 0
52 0.16 0
54 0.016 0
54 0.16 0
52 0.016 0
52 0.16 0
54 0.016 0
54 0.16 0
52 0.016 0
52 0.16 0
54 0.016 0
54 0.16 0
52 0.016 0
52 0.16 0
54 0.016 0
54 0.16 0
52 0.016 0
52 0.16 0
54 0.016 0
54 0.16 0
52 0.016 0
52 0.16 0
54 0.016 0
54 0.16 0
52 0.016 0
52 0.16 0
54 0.016 0
54 0.16 0
52 0.016 0
52 0.16 0
54 0.016 0
54 0.16 0
52 0.016 0
52 0.16 0
54 0.016 0
54 0.16 0
52 0.016 0
52 0.16 0
54 0.016 0
54 0.16 0
52 0.016 0
52 0.16 0
54 0.016 0
54 0.16 0
52 0.016 0
52 0.16 0
54 0.016 0
54 0.16 0
52 0.016 0
52 0.16 0
54 0.016 0
54 0.16 0
52 0.016 0
52 0.16 0
54 0.016 0
54 0.16 0
52 0.016 0
52 0.16 0
54 0.016 0
54 0.16 0
52 0.016 0
52 0.16 0
54 0.016 0
54 0.16 0
52 0.016 0
52 0.16 0
54 0.016 0
54 0.16 0
52 0.016 0
52 0.16 0
54 0.016 0
54 0.16 0
52 0.016 0
52 0.16 0
54 0.016 0
54 0.16 0
52 0.016 0
52 0.16 0
54 0.016 0
54 0.16 0
52 0.016 0
52 0.16 0
54 0.016 0
54 0.16 0
52 0.016 0
52 0.16 0
54 0.016 0
54 0.16 0
52 0.016 0
52 0.16 0
54 0.016 0
54 0.16 0
52 0.016 0
52 0.16 0
54 0.016 0
54 0.16 0
52 0.016 0
52 0.16 0
54 0.016 0
54 0.16 0
52 0.016 0
52 0.16 0
54 0.016 0
54 0.16 0
52 0.016 0
52 0.16 0
54 0.016 0
54 0.16 0
52 0.016 0
52 0.16 0
54 0.016 0
54 0.16 0
52 0.016 0
52 0.16 0
54 0.016 0
54 0.16 0
52 0.016 0
52 0.16 0
54 0.016 0
54 0.16 0
52 0.016 0
52 0.16 0
54 0.016 0
54 0.16 0
52 0.016 0
52 0.16 0
54 0.016 0
54 0.16 0
52 0.016 0
52 0.16 0
54 0.016 0
54 0.16 0
52 0.016 0
52 0.16 0
54 0.016 0
54 0.16 0
52 0.016 0
52 0.16 0
54 0.016 0
54 0.16 0
52 0.016 0
52 0.16 0
54 0.016 0
54 0.16 0
52 0.016 0
52 0.16 0
54 0.016 0
54 0.16 0
52 0.016 0
52 0.16 0
54 0.016 0
54 0.16 0
52 0.016 0
52 0.16 0
54 0.016 0
54 0.16 0
52 0.016 0
52 0.16 0
54 0.016 0
54 0.16 0
52 0.016 0
52 0.16 0
54 0.016 0
54 0.16 0
52 0.016 0
52 0.16 0
54 0.016 0
54 0.16 0
52 0.016 0
52 0.16 0
54 0.016 0
54 0.16 0
52 0.016 0
52 0.16 0
54 0.016 0
54 0.16 0
52 0.016 0
52 0.16 0
54 0.016 0
54 0.16 0
52 0.016 0
52 0.16 0
54 0.016 0
54 0.16 0
52 0.016 0
52 0.16 0
54 0.016 0
54 0.16 0
52 0.016 0
52 0.16 0
54 0.016 0
54 0.16 0
52 0.016 0
52 0.16 0
54 0.016 0
54 0.16 0
52 0.016 0
52 0.16 0
54 0.016 0
54 0.16 0
52 0.016 0
52 0.16 0
54 0.016 0
54 0.16 0
52 0.016 0
52 0.16 0
54 0.016 0
54 0.16 0
52 0.016 0
52 0.16 0
54 0.016 0
54 0.16 0
52 0.016 0
52 0.16 0
54 0.016 0
54 0.16 0
52 0.016 0
52 0.16 0
54 0.016 0
54 0.16 0
52 0.016 0
52 0.16 0
54 0.016 0
54 0.16 0
52 0.016 0
52 0.16 0
54 0.016 0
54 0.16 0
52 0.016 0
52 0.16 0
54 0.016 0
54 0.16 0
52 0.016 0
52 0.16 0
54 0.016 0
54 0.16 0
52 0.016 0
52 0.16 0
54 0.016 0
54 0.16 0
52 0.016 0
52 0.16 0
54 0.016 0
54 0.16 0
52 0.016 0
52 0.16 0
54 0.016 0
54 0.16 0
52 0.016 0
52 0.16 0
54 0.016 0
54 0.16 0
52 0.016 0
52 0.16 0
54 0.016 0
54 0.16 0
52 0.016 0
52 0.16 0
54 0.016 0
54 0.16 0
52 0.016 0
52 0.16 0
54 0.016 0
54 0.16 0
52 0.016 0
52 0.16 0
54 0.016 0
54 0.16 0
52 0.016 0
52 0.16 0
54 0.016 0
54 0.16 0
52 0.016 0
52 0.16 0
54 0.016 0
54 0.16 0
52 0.016 0
52 0.16 0
54 0.016 0
54 0.16 0
52 0.016 0
52 0.16 0
54 0.016 0
54 0.16 0
52 0.016 0
52 0.16 0
54 0.016 0
54 0.16 0
52 0.016 0
52 0.16 0
54 0.016 0
54 0.16 0
52 0.016 0
52 0.16 0
54 0.016 0
54 0.16 0
52 0.016 0
52 0.16 0
54 0.016 0
54 0.16 0
52 0.016 0
52 0.16 0
54 0.016 0
54 0.16 0
52 0.016 0
52 0.16 0
54 0.016 0
54 0.16 0
52 0.016 0
52 0.16 0
54 0.016 0
54 0.16 0
52 0.016 0
52 0.16 0
54 0.016 0
54 0.16 0
52 0.016 0
52 0.16 0
54 0.016 0
54 0.16 0
52 0.016 0
52 0.16 0
54 0.016 0
54 0.16 0
52 0.016 0
52 0.16 0
54 0.016 0
54 0.16 0
52 0.016 0
52 0.16 0
54 0.016 0
54 0.16 0
52 0.016 0
52 0.16 0
54 0.016 0
54 0.16 0
52 0.016 0
52 0.16 0
54 0.016 0
54 0.16 0
52 0.016 0
52 0.16 0
54 0.016 0
54 0.16 0
52 0.016 0
52 0.16 0
54 0.016 0
54 0.16 0
52 0.016 0
52 0.16 0
54 0.016 0
54 0.16 0
52 0.016 0
52 0.16 0
54 0.016 0
54 0.16 0
52 0.016 0
52 0.16 0
54 0.016 0
54 0.16 0
52 0.016 0
52 0.16 0
54 0.016 0
54 0.16 0
52 0.016 0
52 0.16 0
54 0.016 0
54 0.16 0
52 0.016 0
52 0.16 0
54 0.016 0
54 0.16 0
52 0.016 0
52 0.16 0
54 0.016 0
54 0.16 0
52 0.016 0
52 0.16 0
54 0.016 0
54 0.16 0
52 0.016 0
52 0.16 0
54 0.016 0
54 0.16 0
52 0.016 0
52 0.16 0
54 0.016 0
54 0.16 0
52 0.016 0
52 0.16 0
54 0.016 0
54 0.16 0
52 0.016 0
52 0.16 0
54 0.016 0
54 0.16 0
52 0.016 0
52 0.16 0
54 0.016 0
54 0.16 0
52 0.016 0
52 0.16 0
54 0.016 0
54 0.16 0
52 0.016 0
52 0.16 0
54 0.016 0
54 0.16 0
52 0.016 0
52 0.16 0
54 0.016 0
54 0.16 0
52 0.016 0
52 0.16 0
54 0.016 0
54 0.16 0
52 0.016 0
52 0.16 0
54 0.016 0
54 0.16 0
52 0.016 0
52 0.16 0
54 0.016 0
54 0.16 0
52 0.016 0
52 0.16 0
54 0.016 0
54 0.16 0
52 0.016 0
52 0.16 0
54 0.016 0
54 0.16 0
52 0.016 0
52 0.16 0
54 0.016 0
54 0.16 0
52 0.016 0
52 0.16 0
54 0.016 0
54 0.16 0
52 0.016 0
52 0.16 0
54 0.016 0
54 0.16 0
52 0.016 0
52 0.16 0
54 0.016 0
54 0.16 0
52 0.016 0
52 0.16 0
54 0.016 0
54 0.16 0
52 0.016 0
52 0.16 0
54 0.016 0
54 0.16 0
52 0.016 0
52 0.16 0
54 0.016 0
54 0.16 0
52 0.016 0
52 0.16 0
54 0.016 0
54 0.16 0
52 0.016 0
52 0.16 0
54 0.016 0
54 0.16 0
52 0.016 0
52 0.16 0
54 0.016 0
54 0.16 0
52 0.016 0
52 0.16 0
54 0.016 0
54 0.16 0
52 0.016 0
52 0.16 0
54 0.016 0
54 0.16 0
52 0.016 0
52 0.16 0
54 0.016 0
54 0.16 0
52 0.016 0
52 0.16 0
54 0.016 0
54 0.16 0
52 0.016 0
52 0.16 0
54 0.016 0
54 0.16 0
52 0.016 0
52 0.16 0
54 0.016 0
54 0.16 0
52 0.016 0
52 0.16 0
54 0.016 0
54 0.16 0
52 0.016 0
52 0.16 0
54 0.016 0
54 0.16 0
52 0.016 0
52 0.16 0
54 0.016 0
54 0.16 0
52 0.016 0
52 0.16 0
54 0.016 0
54 0.16 0
52 0.016 0
52 0.16 0
54 0.016 0
54 0.16 0
52 0.016 0
52 0.16 0
54 0.016 0
54 0.16 0
52 0.016 0
52 0.16 0
54 0.016 0
54 0.16 0
52 0.016 0
52 0.16 0
54 0.016 0
54 0.16 0
52 0.016 0
52 0.16 0
54 0.016 0
54 0.16 0
52 0.016 0
52 0.16 0
54 0.016 0
54 0.16 0
52 0.016 0
52 0.16 0
54 0.016 0
54 0.16 0
52 0.016 0
52 0.16 0
54 0.016 0
54 0.16 0
52 0.016 0
52 0.16 0
54 0.016 0
54 0.16 0
52 0.016 0
52 0.16 0
54 0.016 0
54 0.16 0
52 0.016 0
52 0.16 0
54 0.016 0
54 0.16 0
52 0.016 0
52 0.16 0
54 0.016 0
54 0.16 0
52 0.016 0
52 0.16 0
54 0.016 0
54 0.16 0
52 0.016 0
52 0.16 0
54 0.016 0
54 0.16 0
52 0.016 0
52 0.16 0
54 0.016 0
54 0.16 0
52 0.016 0
52 0.16 0
54 0.016 0
54 0.16 0
52 0.016 0
52 0.16 0
54 0.016 0
54 0.16 0
52 0.016 0
52 0.16 0
54 0.016 0
54 0.16 0
52 0.016 0
52 0.16 0
54 0.016 0
54 0.16 0
52 0.016 0
52 0.16 0
54 0.016 0
54 0.16 0
52 0.016 0
52 0.16 0
54 0.016 0
54 0.16 0
52 0.016 0
52 0.16 0
54 0.016 0
54 0.16 0
52 0.016 0
52 0.16 0
54 0.016 0
54 0.16 0
52 0.016 0
52 0.16 0
54 0.016 0
54 0.16 0
52 0.016 0
52 0.16 0
54 0.016 0
54 0.16 0
52 0.016 0
52 0.16 0
54 0.016 0
54 0.16 0
52 0.016 0
52 0.16 0
54 0.016 0
54 0.16 0
52 0.016 0
52 0.16 0
54 0.016 0
54 0.16 0
52 0.016 0
52 0.16 0
54 0.016 0
54 0.16 0
52 0.016 0
52 0.16 0
54 0.016 0
54 0.16 0
52 0.016 0
52 0.16 0
54 0.016 0
54 0.16 0
52 0.016 0
52 0.16 0
54 0.016 0
54 0.16 0
52 0.016 0
52 0.16 0
54 0.016 0
54 0.16 0
52 0.016 0
52 0.16 0
54 0.016 0
54 0.16 0
52 0.016 0
52 0.16 0
54 0.016 0
54 0.16 0
52 0.016 0
52 0.16 0
54 0.016 0
54 0.16 0
52 0.016 0
52 0.16 0
54 0.016 0
54 0.16 0
52 0.016 0
52 0.16 0
54 0.016 0
54 0.16 0
52 0.016 0
52 0.16 0
54 0.016 0
54 0.16 0
52 0.016 0
52 0.16 0
54 0.016 0
54 0.16 0
52 0.016 0
52 0.16 0
54 0.016 0
54 0.16 0
52 0.016 0
52 0.16 0
54 0.016 0
54 0.16 0
52 0.016 0
52 0.16 0
54 0.016 0
54 0.16 0
52 0.016 0
52 0.16 0
54 0.016 0
54 0.16 0
52 0.016 0
52 0.16 0
54 0.016 0
54 0.16 0
52 0.016 0
52 0.16 0
54 0.016 0
54 0.16 0
52 0.016 0
52 0.16 0
54 0.016 0
54 0.16 0
52 0.016 0
52 0.16 0
54 0.016 0
54 0.16 0
52 0.016 0
52 0.16 0
54 0.016 0
54 0.16 0
52 0.016 0
52 0.16 0
54 0.016 0
54 0.16 0
52 0.016 0
52 0.16 0
54 0.016 0
54 0.16 0
52 0.016 0
52 0.16 0
54 0.016 0
54 0.16 0
52 0.016 0
52 0.16 0
54 0.016 0
54 0.16 0
52 0.016 0
52 0.16 0
54 0.016 0
54 0.16 0
52 0.016 0
52 0.16 0
54 0.016 0
54 0.16 0
52 0.016 0
52 0.16 0
54 0.016 0
54 0.16 0
52 0.016 0
52 0.16 0
54 0.016 0
54 0.16 0
52 0.016 0
52 0.16 0
54 0.016 0
54 0.16 0
52 0.016 0
52 0.16 0
54 0.016 0
54 0.16 0
52 0.016 0
52 0.16 0
54 0.016 0
54 0.16 0
52 0.016 0
52 0.16 0
54 0.016 0
54 0.16 0
52 0.016 0
52 0.16 0
54 0.016 0
54 0.16 0
52 0.016 0
52 0.16 0
54 0.016 0
54 0.16 0
52 0.016 0
52 0.16 0
54 0.016 0
54 0.16 0
52 0.016 0
52 0.16 0
54 0.016 0
54 0.16 0
52 0.016 0
52 0.16 0
54 0.016 0
54 0.16 0
52 0.016 0
52 0.16 0
54 0.016 0
54 0.16 0
52 0.016 0
52 0.16 0
54 0.016 0
54 0.16 0
52 0.016 0
52 0.16 0
54 0.016 0
54 0.16 0
52 0.016 0
52 0.16 0
54 0.016 0
54 0.16 0
52 0.016 0
52 0.16 0
54 0.016 0
54 0.16 0
52 0.016 0
52 0.16 0
54 0.016 0
54 0.16 0
52 0.016 0
52 0.16 0
54 0.016 0
54 0.16 0
52 0.016 0
52 0.16 0
54 0.016 0
54 0.16 0
52 0.016 0
52 0.16 0
54 0.016 0
54 0.16 0
52 0.016 0
52 0.16 0
54 0.016 0
54 0.16 0
52 0.016 0
52 0.16 0
54 0.016 0
54 0.16 0
52 0.016 0
52 0.16 0
54 0.016 0
54 0.16 0
52 0.016 0
52 0.16 0
54 0.016 0
54 0.16 0
52 0.016 0
52 0.16 0
54 0.016 0
54 0.16 0
52 0.016 0
52 0.16 0
54 0.016 0
54 0.16 0
52 0.016 0
52 0.16 0
54 0.016 0
54 0.16 0
52 0.016 0
52 0.16 0
54 0.016 0
54 0.16 0
52 0.016 0
52 0.16 0
54 0.016 0
54 0.16 0
52 0.016 0
52 0.16 0
54 0.016 0
54 0.16 0
52 0.016 0
52 0.16 0
54 0.016 0
54 0.16 0
52 0.016 0
52 0.16 0
54 0.016 0
54 0.16 0
52 0.016 0
52 0.16 0
54 0.016 0
54 0.16 0
52 0.016 0
52 0.16 0
54 0.016 0
54 0.16 0
52 0.016 0
52 0.16 0
54 0.016 0
54 0.16 0
52 0.016 0
52 0.16 0
54 0.016 0
54 0.16 0
52 0.016 0
52 0.16 0
54 0.016 0
54 0.16 0
52 0.016 0
52 0.16 0
54 0.016 0
54 0.16 0
52 0.016 0
52 0.16 0
54 0.016 0
54 0.16 0
52 0.016 0
52 0.16 0
54 0.016 0
54 0.16 0
52 0.016 0
52 0.16 0
54 0.016 0
54 0.16 0
52 0.016 0
52 0.16 0
54 0.016 0
54 0.16 0
52 0.016 0
52 0.16 0
54 0.016 0
54 0.16 0
52 0.016 0
52 0.16 0
54 0.016 0
54 0.16 0
52 0.016 0
52 0.16 0
54 0.016 0
54 0.16 0
52 0.016 0
52 0.16 0
54 0.016 0
54 0.16 0
52 0.016 0
52 0.16 0
54 0.016 0
54 0.16 0
52 0.016 0
52 0.16 0
54 0.016 0
54 0.16 0
52 0.016 0
52 0.16 0
54 0.016 0
54 0.16 0
52 0.016 0
52 0.16 0
54 0.016 0
54 0.16 0
52 0.016 0
52 0.16 0
54 0.016 0
54 0.16 0
52 0.016 0
52 0.16 0
54 0.016 0
54 0.16 0
52 0.016 0
52 0.16 0
54 0.016 0
54 0.16 0
52 0.016 0
52 0.16 0
54 0.016 0
54 0.16 0
52 0.016 0
52 0.16 0
54 0.016 0
54 0.16 0
52 0.016 0
52 0.16 0
54 0.016 0
54 0.16 0
52 0.016 0
52 0.16 0
54 0.016 0
54 0.16 0
52 0.016 0
52 0.16 0
54 0.016 0
54 0.16 0
52 0.016 0
52 0.16 0
54 0.016 0
54 0.16 0
52 0.016 0
52 0.16 0
54 0.016 0
54 0.16 0
52 0.016 0
52 0.16 0
54 0.016 0
54 0.16 0
52 0.016 0
52 0.16 0
54 0.016 0
54 0.16 0
52 0.016 0
52 0.16 0
54 0.016 0
54 0.16 0
52 0.016 0
52 0.16 0
54 0.016 0
54 0.16 0
52 0.016 0
52 0.16 0
54 0.016 0
54 0.16 0
52 0.016 0
52 0.16 0
54 0.016 0
54 0.16 0
52 0.016 0
52 0.16 0
54 0.016 0
54 0.16 0
52 0.016 0
52 0.16 0
54 0.016 0
54 0.16 0
52 0.016 0
52 0.16 0
54 0.016 0
54 0.16 0
52 0.016 0
52 0.16 0
54 0.016 0
54 0.16 0
52 0.016 0
52 0.16 0
54 0.016 0
54 0.16 0
52 0.016 0
52 0.16 0
54 0.016 0
54 0.16 0
52 0.016 0
52 0.16 0
54 0.016 0
54 0.16 0
52 0.016 0
52 0.16 0
54 0.016 0
54 0.16 0
52 0.016 0
52 0.16 0
54 0.016 0
54 0.16 0
52 0.016 0
52 0.16 0
54 0.016 0
54 0.16 0
52 0.016 0
52 0.16 0
54 0.016 0
54 0.16 0
52 0.016 0
52 0.16 0
54 0.016 0
54 0.16 0
52 0.016 0
52 0.16 0
54 0.016 0
54 0.16 0
52 0.016 0
52 0.16 0
54 0.016 0
54 0.16 0
52 0.016 0
54 0.016 0
54 0.16 0
52 0.016 0
54 0.016 0
54 0.16 0
52 0.016 0
54 0.016 0
54 0.016 0
54 0.016 0
54 0.016 0
55 0.16 5
53 0.16 5
52 0.16 0
54 0.16 0.744
51 0.16 5
55 0.16 5
53 0.16 5
52 0.16 0.189
54 0.16 0.773
51 0.16 5
55 0.16 4.941
53 0.16 4.941
51 0.016 4.84
51 0.16 4.824
51 0.016 4.664
51 0.16 4.648
52 0.16 0.13
51 0.016 4.589
51 0.16 4.573
54 0.16 0.714
51 0.16 4.413
53 0.016 4.798
53 0.16 4.782
53 0.016 4.622
53 0.16 4.606
53 0.016 4.446
53 0.16 4.43
54 0.016 0.554
54 0.16 0.538
53 0.016 4.27
53 0.16 4.254
54 0.016 0.378
54 0.16 0.362
53 0.016 4.094
53 0.16 4.078
54 0.016 0.202
54 0.16 0.186
53 0.016 3.918
53 0.16 3.902
54 0.016 0.026
54 0.16 0.01
53 0.016 3.742
53 0.16 3.726
54 0.016 0
54 0.16 0
53 0.016 3.566
53 0.16 3.55
54 0.016 0
54 0.16 0
53 0.016 3.39
53 0.16 3.374
54 0.016 0
54 0.16 0
53 0.016 3.214
53 0.16 3.198
54 0.016 0
54 0.16 0
53 0.016 3.038
53 0.16 3.022
54 0.016 0
54 0.16 0
53 0.016 2.862
53 0.16 2.846
54 0.016 0
54 0.16 0
53 0.016 2.686
53 0.16 2.67
54 0.016 0
54 0.16 0
53 0.016 2.51
53 0.16 2.494
54 0.016 0
54 0.16 0
53 0.016 2.334
53 0.16 2.318
54 0.016 0
54 0.16 0
53 0.016 2.158
53 0.16 2.142
54 0.016 0
54 0.16 0
53 0.016 1.982
53 0.16 1.966
54 0.016 0
54 0.16 0
53 0.016 1.806
53 0.16 1.79
54 0.016 0
54 0.16 0
53 0.016 1.63
53 0.16 1.614
54 0.016 0
54 0.16 0
53 0.016 1.454
53 0.16 1.438
54 0.016 0
54 0.16 0
53 0.016 1.278
53 0.16 1.262
54 0.016 0
54 0.16 0
53 0.016 1.102
53 0.16 1.086
54 0.016 0
54 0.16 0
53 0.016 0.926
53 0.16 0.91
54 0.016 0
54 0.16 0
53 0.016 0.75
53 0.16 0.734
54 0.016 0
54 0.16 0
53 0.016 0.574
53 0.16 0.558
54 0.016 0
54 0.16 0
53 0.016 0.398
53 0.16 0.382
54 0.016 0
54 0.16 0
53 0.016 0.222
53 0.16 0.206
54 0.016 0
54 0.16 0
53 0.016 0.046
53 0.16 0.03
54 0.016 0
54 0.16 0
53 0.016 0
53 0.16 0
54 0.016 0
54 0.16 0
53 0.016 0
53 0.16 0
54 0.016 0
54 0.16 0
53 0.016 0
53 0.16 0
54 0.016 0
54 0.16 0
53 0.016 0
53 0.16 0
54 0.016 0
54 0.16 0
53 0.016 0
53 0.16 0
54 0.016 0
54 0.16 0
53 0.016 0
53 0.16 0
54 0.016 0
54 0.16 0
53 0.016 0
53 0.16 0
54 0.016 0
54 0.16 0
53 0.016 0
53 0.16 0
54 0.016 0
54 0.16 0
53 0.016 0
53 0.16 0
54 0.016 0
54 0.16 0
53 0.016 0
53 0.16 0
54 0.016 0
54 0.16 0
53 0.016 0
53 0.16 0
54 0.016 0
54 0.16 0
53 0.016 0
53 0.16 0
54 0.016 0
54 0.16 0
53 0.016 0
53 0.16 0
54 0.016 0
54 0.16 0
53 0.016 0
53 0.16 0
54 0.016 0
54 0.16 0
53 0.016 0
53 0.16 0
54 0.016 0
54 0.16 0
53 0.016 0
53 0.16 0
54 0.016 0
54 0.16 0
53 0.016 0
53 0.16 0
54 0.016 0
54 0.16 0
53 0.016 0
53 0.16 0
54 0.016 0
54 0.16 0
53 0.016 0
53 0.16 0
54 0.016 0
54 0.16 0
53 0.016 0
53 0.16 0
54 0.016 0
54 0.16 0
53 0.016 0
53 0.16 0
54 0.016 0
54 0.16 0
53 0.016 0
53 0.16 0
54 0.016 0
54 0.16 0
53 0.016 0
53 0.16 0
54 0.016 0
54 0.16 0
53 0.016 0
53 0.16 0
54 0.016 0
54 0.16 0
53 0.016 0
53 0.16 0
54 0.016 0
54 0.16 0
53 0.016 0
53 0.16 0
54 0.016 0
54 0.16 0
53 0.016 0
53 0.16 0
54 0.016 0
54 0.16 0
53 0.016 0
53 0.16 0
54 0.016 0
54 0.16 0
53 0.016 0
53 0.16 0
54 0.016 0
54 0.16 0
53 0.016 0
53 0.16 0
54 0.016 0
54 0.16 0
53 0.016 0
53 0.16 0
54 0.016 0
54 0.16 0
53 0.016 0
53 0.16 0
54 0.016 0
54 0.16 0
53 0.016 0
53 0.16 0
54 0.016 0
54 0.16 0
53 0.016 0
53 0.16 0
54 0.016 0
54 0.16 0
53 0.016 0
53 0.16 0
54 0.016 0
54 0.16 0
53 0.016 0
53 0.16 0
54 0.016 0
54 0.16 0
53 0.016 0
53 0.16 0
54 0.016 0
54 0.16 0
53 0.016 0
53 0.16 0
54 0.016 0
54 0.16 0
53 0.016 0
53 0.16 0
54 0.016 0
54 0.16 0
53 0.016 0
53 0.16 0
54 0.016 0
54 0.16 0
53 0.016 0
53 0.16 0
54 0.016 0
54 0.16 0
53 0.016 0
53 0.16 0
54 0.016 0
54 0.16 0
53 0.016 0
53 0.16 0
54 0.016 0
54 0.16 0
53 0.016 0
53 0.16 0
54 0.016 0
54 0.16 0
53 0.016 0
53 0.16 0
54 0.016 0
54 0.16 0
53 0.016 0
53 0.16 0
54 0.016 0
54 0.16 0
53 0.016 0
53 0.16 0
54 0.016 0
54 0.16 0
53 0.016 0
53 0.16 0
54 0.016 0
54 0.16 0
53 0.016 0
53 0.16 0
54 0.016 0
54 0.16 0
53 0.016 0
53 0.16 0
54 0.016 0
54 0.16 0
53 0.016 0
53 0.16 0
54 0.016 0
54 0.16 0
53 0.016 0
53 0.16 0
54 0.016 0
54 0.16 0
53 0.016 0
53 0.16 0
54 0.016 0
54 0.16 0
53 0.016 0
53 0.16 0
54 0.016 0
54 0.16 0
53 0.016 0
53 0.16 0
54 0.016 0
54 0.16 0
53 0.016 0
53 0.16 0
54 0.016 0
54 0.16 0
53 0.016 0
53 0.16 0
54 0.016 0
54 0.16 0
53 0.016 0
53 0.16 0
54 0.016 0
54 0.16 0
53 0.016 0
53 0.16 0
54 0.016 0
54 0.16 0
53 0.016 0
53 0.16 0
54 0.016 0
54 0.16 0
53 0.016 0
53 0.16 0
54 0.016 0
54 0.16 0
53 0.016 0
53 0.16 0
54 0.016 0
54 0.16 0
53 0.016 0
53 0.16 0
54 0.016 0
54 0.16 0
53 0.016 0
53 0.16 0
54 0.016 0
54 0.16 0
53 0.016 0
53 0.16 0
54 0.016 0
54 0.16 0
53 0.016 0
53 0.16 0
54 0.016 0
54 0.16 0
53 0.016 0
53 0.16 0
54 0.016 0
54 0.16 0
53 0.016 0
53 0.16 0
54 0.016 0
54 0.16 0
53 0.016 0
53 0.16 0
54 0.016 0
54 0.16 0
53 0.016 0
53 0.16 0
54 0.016 0
54 0.16 0
53 0.016 0
53 0.16 0
54 0.016 0
54 0.16 0
53 0.016 0
53 0.16 0
54 0.016 0
54 0.16 0
53 0.016 0
53 0.16 0
54 0.016 0
54 0.16 0
53 0.016 0
53 0.16 0
54 0.016 0
54 0.16 0
53 0.016 0
53 0.16 0
54 0.016 0
54 0.16 0
53 0.016 0
53 0.16 0
54 0.016 0
54 0.16 0
53 0.016 0
53 0.16 0
54 0.016 0
54 0.16 0
53 0.016 0
53 0.16 0
54 0.016 0
54 0.16 0
53 0.016 0
53 0.16 0
54 0.016 0
54 0.16 0
53 0.016 0
53 0.16 0
54 0.016 0
54 0.16 0
53 0.016 0
53 0.16 0
54 0.016 0
54 0.16 0
53 0.016 0
53 0.16 0
54 0.016 0
54 0.16 0
53 0.016 0
53 0.16 0
54 0.016 0
54 0.16 0
53 0.016 0
53 0.16 0
54 0.016 0
54 0.16 0
53 0.016 0
53 0.16 0
54 0.016 0
54 0.16 0
53 0.016 0
53 0.16 0
54 0.016 0
54 0.16 0
53 0.016 0
53 0.16 0
54 0.016 0
54 0.16 0
53 0.016 0
53 0.16 0
54 0.016 0
54 0.16 0
53 0.016 0
53 0.16 0
54 0.016 0
54 0.16 0
53 0.016 0
53 0.16 0
54 0.016 0
54 0.16 0
53 0.016 0
53 0.16 0
54 0.016 0
54 0.16 0
53 0.016 0
53 0.16 0
54 0.016 0
54 0.16 0
53 0.016 0
53 0.16 0
54 0.016 0
54 0.16 0
53 0.016 0
53 0.16 0
54 0.016 0
54 0.16 0
53 0.016 0
53 0.16 0
54 0.016 0
54 0.16 0
53 0.016 0
53 0.16 0
54 0.016 0
54 0.16 0
53 0.016 0
53 0.16 0
54 0.016 0
54 0.16 0
53 0.016 0
53 0.16 0
54 0.016 0
54 0.16 0
53 0.016 0
53 0.16 0
54 0.016 0
54 0.16 0
53 0.016 0
53 0.16 0
54 0.016 0
54 0.16 0
53 0.016 0
53 0.16 0
54 0.016 0
54 0.16 0
53 0.016 0
53 0.16 0
54 0.016 0
54 0.16 0
53 0.016 0
53 0.16 0
54 0.016 0
54 0.16 0
53 0.016 0
53 0.16 0
54 0.016 0
54 0.16 0
53 0.016 0
53 0.16 0
54 0.016 0
54 0.16 0
53 0.016 0
53 0.16 0
54 0.016 0
54 0.16 0
53 0.016 0
53 0.16 0
54 0.016 0
54 0.16 0
53 0.016 0
53 0.16 0
54 0.016 0
54 0.16 0
53 0.016 0
53 0.16 0
54 0.016 0
54 0.16 0
53 0.016 0
53 0.16 0
54 0.016 0
54 0.16 0
53 0.016 0
53 0.16 0
54 0.016 0
54 0.16 0
53 0.016 0
53 0.16 0
54 0.016 0
54 0.16 0
53 0.016 0
53 0.16 0
54 0.016 0
54 0.16 0
53 0.016 0
53 0.16 0
54 0.016 0
54 0.16 0
53 0.016 0
53 0.16 0
54 0.016 0
54 0.16 0
53 0.016 0
53 0.16 0
54 0.016 0
54 0.16 0
53 0.016 0
53 0.16 0
54 0.016 0
54 0.16 0
53 0.016 0
53 0.16 0
54 0.016 0
54 0.16 0
53 0.016 0
53 0.16 0
54 0.016 0
54 0.16 0
53 0.016 0
53 0.16 0
54 0.016 0
54 0.16 0
53 0.016 0
53 0.16 0
54 0.016 0
54 0.16 0
53 0.016 0
53 0.16 0
54 0.016 0
54 0.16 0
53 0.016 0
53 0.16 0
54 0.016 0
54 0.16 0
53 0.016 0
53 0.16 0
54 0.016 0
54 0.16 0
53 0.016 0
53 0.16 0
54 0.016 0
54 0.16 0
53 0.016 0
53 0.16 0
54 0.016 0
54 0.16 0
53 0.016 0
53 0.16 0
54 0.016 0
54 0.16 0
53 0.016 0
53 0.16 0
54 0.016 0
54 0.16 0
53 0.016 0
53 0.16 0
54 0.016 0
54 0.16 0
53 0.016 0
53 0.16 0
54 0.016 0
54 0.16 0
53 0.016 0
53 0.16 0
54 0.016 0
54 0.16 0
53 0.016 0
53 0.16 0
54 0.016 0
54 0.16 0
53 0.016 0
53 0.16 0
54 0.016 0
54 0.16 0
53 0.016 0
53 0.16 0
54 0.016 0
54 0.16 0
53 0.016 0
53 0.16 0
54 0.016 0
54 0.16 0
53 0.016 0
53 0.16 0
54 0.016 0
54 0.16 0
53 0.016 0
53 0.16 0
54 0.016 0
54 0.16 0
53 0.016 0
53 0.16 0
54 0.016 0
54 0.16 0
53 0.016 0
53 0.16 0
54 0.016 0
54 0.16 0
53 0.016 0
53 0.16 0
54 0.016 0
54 0.16 0
53 0.016 0
53 0.16 0
54 0.016 0
54 0.16 0
53 0.016 0
53 0.16 0
54 0.016 0
54 0.16 0
53 0.016 0
53 0.16 0
54 0.016 0
54 0.16 0
53 0.016 0
53 0.16 0
54 0.016 0
54 0.16 0
53 0.016 0
53 0.16 0
54 0.016 0
54 0.16 0
53 0.016 0
53 0.16 0
54 0.016 0
54 0.16 0
53 0.016 0
53 0.16 0
54 0.016 0
54 0.16 0
53 0.016 0
53 0.16 0
54 0.016 0
54 0.16 0
53 0.016 0
53 0.16 0
54 0.016 0
54 0.16 0
53 0.016 0
53 0.16 0
54 0.016 0
54 0.16 0
53 0.016 0
53 0.16 0
54 0.016 0
54 0.16 0
53 0.016 0
53 0.16 0
54 0.016 0
54 0.16 0
53 0.016 0
53 0.16 0
54 0.016 0
54 0.16 0
53 0.016 0
53 0.16 0
54 0.016 0
54 0.16 0
53 0.016 0
53 0.16 0
54 0.016 0
54 0.16 0
53 0.016 0
53 0.16 0
54 0.016 0
54 0.16 0
53 0.016 0
53 0.16 0
54 0.016 0
54 0.16 0
53 0.016 0
53 0.16 0
54 0.016 0
54 0.16 0
53 0.016 0
53 0.16 0
54 0.016 0
54 0.16 0
53 0.016 0
53 0.16 0
54 0.016 0
54 0.16 0
53 0.016 0
53 0.16 0
54 0.016 0
54 0.16 0
53 0.016 0
53 0.16 0
54 0.016 0
54 0.16 0
53 0.016 0
53 0.16 0
54 0.016 0
54 0.16 0
53 0.016 0
53 0.16 0
54 0.016 0
54 0.16 0
53 0.016 0
53 0.16 0
54 0.016 0
54 0.16 0
53 0.016 0
53 0.16 0
54 0.016 0
54 0.16 0
53 0.016 0
53 0.16 0
54 0.016 0
54 0.16 0
53 0.016 0
53 0.16 0
54 0.016 0
54 0.16 0
53 0.016 0
53 0.16 0
54 0.016 0
54 0.16 0
53 0.016 0
53 0.16 0
54 0.016 0
54 0.16 0
53 0.016 0
53 0.16 0
54 0.016 0
54 0.16 0
53 0.016 0
53 0.16 0
54 0.016 0
54 0.16 0
53 0.016 0
53 0.16 0
54 0.016 0
54 0.16 0
53 0.016 0
53 0.16 0
54 0.016 0
54 0.16 0
53 0.016 0
53 0.16 0
54 0.016 0
54 0.16 0
53 0.016 0
53 0.16 0
54 0.016 0
54 0.16 0
53 0.016 0
53 0.16 0
54 0.016 0
54 0.16 0
53 0.016 0
53 0.16 0
54 0.016 0
54 0.16 0
53 0.016 0
53 0.16 0
54 0.016 0
54 0.16 0
53 0.016 0
53 0.16 0
54 0.016 0
54 0.16 0
53 0.016 0
53 0.16 0
54 0.016 0
54 0.16 0
53 0.016 0
53 0.16 0
54 0.016 0
54 0.16 0
53 0.016 0
53 0.16 0
54 0.016 0
54 0.16 0
53 0.016 0
53 0.16 0
54 0.016 0
54 0.16 0
53 0.016 0
53 0.16 0
54 0.016 0
54 0.16 0
53 0.016 0
53 0.16 0
54 0.016 0
54 0.16 0
53 0.016 0
53 0.16 0
54 0.016 0
54 0.16 0
53 0.016 0
53 0.16 0
54 0.016 0
54 0.16 0
53 0.016 0
53 0.16 0
54 0.016 0
54 0.16 0
53 0.016 0
53 0.16 0
54 0.016 0
54 0.16 0
53 0.016 0
53 0.16 0
54 0.016 0
54 0.16 0
53 0.016 0
53 0.16 0
54 0.016 0
54 0.16 0
53 0.016 0
53 0.16 0
54 0.016 0
54 0.16 0
53 0.016 0
53 0.16 0
54 0.016 0
54 0.16 0
53 0.016 0
53 0.16 0
54 0.016 0
54 0.16 0
53 0.016 0
53 0.16 0
54 0.016 0
54 0.16 0
53 0.016 0
53 0.16 0
54 0.016 0
54 0.16 0
53 0.016 0
53 0.16 0
54 0.016 0
54 0.16 0
53 0.016 0
53 0.16 0
54 0.016 0
54 0.16 0
53 0.016 0
53 0.16 0
54 0.016 0
54 0.16 0
53 0.016 0
53 0.16 0
54 0.016 0
54 0.16 0
53 0.016 0
53 0.16 0
54 0.016 0
54 0.16 0
53 0.016 0
53 0.16 0
54 0.016 0
54 0.16 0
53 0.016 0
53 0.16 0
54 0.016 0
54 0.16 0
53 0.016 0
53 0.16 0
54 0.016 0
54 0.16 0
53 0.016 0
53 0.16 0
54 0.016 0
54 0.16 0
53 0.016 0
53 0.16 0
54 0.016 0
54 0.16 0
53 0.016 0
53 0.16 0
54 0.016 0
54 0.16 0
53 0.016 0
53 0.16 0
54 0.016 0
54 0.16 0
53 0.016 0
53 0.16 0
54 0.016 0
54 0.16 0
53 0.016 0
53 0.16 0
54 0.016 0
54 0.16 0
53 0.016 0
53 0.16 0
54 0.016 0
54 0.16 0
53 0.016 0
53 0.16 0
54 0.016 0
54 0.16 0
53 0.016 0
53 0.16 0
54 0.016 0
54 0.16 0
53 0.016 0
53 0.16 0
54 0.016 0
54 0.16 0
53 0.016 0
53 0.16 0
54 0.016 0
54 0.16 0
53 0.016 0
53 0.16 0
54 0.016 0
54 0.16 0
53 0.016 0
53 0.16 0
54 0.016 0
54 0.16 0
53 0.016 0
53 0.16 0
54 0.016 0
54 0.16 0
53 0.016 0
53 0.16 0
54 0.016 0
54 0.16 0
53 0.016 0
53 0.16 0
54 0.016 0
54 0.16 0
53 0.016 0
53 0.16 0
54 0.016 0
54 0.16 0
53 0.016 0
53 0.16 0
54 0.016 0
54 0.16 0
53 0.016 0
53 0.16 0
54 0.016 0
54 0.16 0
53 0.016 0
53 0.16 0
54 0.016 0
54 0.16 0
53 0.016 0
53 0.16 0
54 0.016 0
54 0.16 0
53 0.016 0
53 0.16 0
54 0.016 0
54 0.16 0
53 0.016 0
53 0.16 0
54 0.016 0
54 0.16 0
53 0.016 0
53 0.16 0
54 0.016 0
54 0.16 0
53 0.016 0
53 0.16 0
54 0.016 0
54 0.16 0
53 0.016 0
53 0.16 0
54 0.016 0
54 0.16 0
53 0.016 0
53 0.16 0
54 0.016 0
54 0.16 0
53 0.016 0
53 0.16 0
54 0.016 0
54 0.16 0
53 0.016 0
53 0.16 0
54 0.016 0
54 0.16 0
53 0.016 0
53 0.16 0
54 0.016 0
54 0.16 0
53 0.016 0
53 0.16 0
54 0.016 0
54 0.16 0
53 0.016 0
53 0.16 0
54 0.016 0
54 0.16 0
53 0.016 0
53 0.16 0
54 0.016 0
54 0.16 0
53 0.016 0
53 0.16 0
54 0.016 0
54 0.16 0
53 0.016 0
53 0.16 0
54 0.016 0
54 0.16 0
53 0.016 0
53 0.16 0
54 0.016 0
54 0.16 0
53 0.016 0
53 0.16 0
54 0.016 0
54 0.16 0
53 0.016 0
53 0.16 0
54 0.016 0
54 0.16 0
53 0.016 0
53 0.16 0
54 0.016 0
54 0.16 0
53 0.016 0
53 0.16 0
54 0.016 0
54 0.16 0
53 0.016 0
53 0.16 0
54 0.016 0
54 0.16 0
53 0.016 0
53 0.16 0
54 0.016 0
54 0.16 0
53 0.016 0
53 0.16 0
54 0.016 0
54 0.16 0
53 0.016 0
53 0.16 0
54 0.016 0
54 0.16 0
53 0.016 0
53 0.16 0
54 0.016 0
54 0.16 0
53 0.016 0
53 0.16 0
54 0.016 0
54 0.16 0
53 0.016 0
53 0.16 0
54 0.016 0
54 0.16 0
53 0.016 0
53 0.16 0
54 0.016 0
54 0.16 0
53 0.016 0
53 0.16 0
54 0.016 0
54 0.16 0
53 0.016 0
53 0.16 0
54 0.016 0
54 0.16 0
53 0.016 0
53 0.16 0
54 0.016 0
54 0.16 0
53 0.016 0
53 0.16 0
54 0.016 0
54 0.16 0
53 0.016 0
53 0.16 0
54 0.016 0
54 0.16 0
53 0.016 0
53 0.16 0
54 0.016 0
54 0.16 0
53 0.016 0
53 0.16 0
54 0.016 0
54 0.16 0
53 0.016 0
53 0.16 0
54 0.016 0
54 0.16 0
53 0.016 0
53 0.16 0
54 0.016 0
54 0.16 0
53 0.016 0
53 0.16 0
54 0.016 0
54 0.16 0
53 0.016 0
53 0.16 0
54 0.016 0
54 0.16 0
53 0.016 0
53 0.16 0
54 0.016 0
54 0.16 0
53 0.016 0
53 0.16 0
54 0.016 0
54 0.16 0
53 0.016 0
53 0.16 0
54 0.016 0
54 0.16 0
53 0.016 0
53 0.16 0
54 0.016 0
54 0.16 0
53 0.016 0
53 0.16 0
54 0.016 0
54 0.16 0
53 0.016 0
53 0.16 0
54 0.016 0
54 0.16 0
53 0.016 0
53 0.16 0
54 0.016 0
54 0.16 0
53 0.016 0
53 0.16 0
54 0.016 0
54 0.16 0
53 0.016 0
53 0.16 0
54 0.016 0
54 0.16 0
53 0.016 0
53 0.16 0
54 0.016 0
54 0.16 0
53 0.016 0
53 0.16 0
54 0.016 0
54 0.16 0
53 0.016 0
53 0.16 0
54 0.016 0
54 0.16 0
53 0.016 0
53 0.16 0
54 0.016 0
54 0.16 0
53 0.016 0
53 0.16 0
54 0.016 0
54 0.16 0
53 0.016 0
53 0.16 0
54 0.016 0
54 0.16 0
53 0.016 0
53 0.16 0
54 0.016 0
54 0.16 0
53 0.016 0
53 0.16 0
54 0.016 0
54 0.16 0
53 0.016 0
53 0.16 0
54 0.016 0
54 0.16 0
53 0.016 0
53 0.16 0
54 0.016 0
54 0.16 0
53 0.016 0
53 0.16 0
54 0.016 0
54 0.16 0
53 0.016 0
53 0.16 0
54 0.016 0
54 0.16 0
53 0.016 0
53 0.16 0
54 0.016 0
54 0.16 0
53 0.016 0
53 0.16 0
54 0.016 0
54 0.16 0
53 0.016 0
53 0.16 0
54 0.016 0
54 0.16 0
53 0.016 0
53 0.16 0
54 0.016 0
54 0.16 0
53 0.016 0
53 0.16 0
54 0.016 0
54 0.16 0
53 0.016 0
53 0.16 0
54 0.016 0
54 0.16 0
53 0.016 0
53 0.16 0
54 0.016 0
54 0.16 0
53 0.016 0
53 0.16 0
54 0.016 0
54 0.16 0
53 0.016 0
53 0.16 0
54 0.016 0
54 0.16 0
53 0.016 0
53 0.16 0
54 0.016 0
54 0.16 0
53 0.016 0
53 0.16 0
54 0.016 0
54 0.16 0
53 0.016 0
53 0.16 0
54 0.016 0
54 0.16 0
53 0.016 0
53 0.16 0
54 0.016 0
54 0.16 0
53 0.016 0
53 0.16 0
54 0.016 0
54 0.16 0
53 0.016 0
53 0.16 0
54 0.016 0
54 0.16 0
53 0.016 0
53 0.16 0
54 0.016 0
54 0.16 0
53 0.016 0
53 0.16 0
54 0.016 0
54 0.16 0
53 0.016 0
53 0.16 0
54 0.016 0
54 0.16 0
53 0.016 0
53 0.16 0
54 0.016 0
54 0.16 0
53 0.016 0
53 0.16 0
54 0.016 0
54 0.16 0
53 0.016 0
53 0.16 0
54 0.016 0
54 0.16 0
53 0.016 0
53 0.16 0
54 0.016 0
54 0.16 0
53 0.016 0
53 0.16 0
54 0.016 0
54 0.16 0
53 0.016 0
53 0.16 0
54 0.016 0
54 0.16 0
53 0.016 0
53 0.16 0
54 0.016 0
54 0.16 0
53 0.016 0
53 0.16 0
54 0.016 0
54 0.16 0
53 0.016 0
53 0.16 0
54 0.016 0
54 0.16 0
53 0.016 0
53 0.16 0
54 0.016 0
54 0.16 0
53 0.016 0
53 0.16 0
54 0.016 0
54 0.16 0
53 0.016 0
53 0.16 0
54 0.016 0
54 0.16 0
53 0.016 0
53 0.16 0
54 0.016 0
54 0.16 0
53 0.016 0
53 0.16 0
54 0.016 0
54 0.16 0
53 0.016 0
53 0.16 0
54 0.016 0
54 0.16 0
53 0.016 0
53 0.16 0
54 0.016 0
54 0.16 0
53 0.016 0
53 0.16 0
54 0.016 0
54 0.16 0
53 0.016 0
53 0.16 0
54 0.016 0
54 0.16 0
53 0.016 0
53 0.16 0
54 0.016 0
54 0.16 0
53 0.016 0
53 0.16 0
54 0.016 0
54 0.16 0
53 0.016 0
53 0.16 0
54 0.016 0
54 0.16 0
53 0.016 0
53 0.16 0
54 0.016 0
54 0.16 0
53 0.016 0
53 0.16 0
54 0.016 0
54 0.16 0
53 0.016 0
53 0.16 0
54 0.016 0
54 0.16 0
53 0.016 0
53 0.16 0
54 0.016 0
54 0.16 0
53 0.016 0
53 0.16 0
54 0.016 0
54 0.16 0
53 0.016 0
53 0.16 0
54 0.016 0
54 0.16 0
53 0.016 0
53 0.16 0
54 0.016 0
54 0.16 0
53 0.016 0
53 0.16 0
54 0.016 0
54 0.16 0
53 0.016 0
53 0.16 0
54 0.016 0
54 0.16 0
53 0.016 0
53 0.16 0
54 0.016 0
54 0.16 0
53 0.016 0
53 0.16 0
54 0.016 0
54 0.16 0
53 0.016 0
53 0.16 0
54 0.016 0
54 0.16 0
53 0.016 0
53 0.16 0
54 0.016 0
54 0.16 0
53 0.016 0
53 0.16 0
54 0.016 0
54 0.16 0
53 0.016 0
53 0.16 0
54 0.016 0
54 0.16 0
53 0.016 0
53 0.16 0
54 0.016 0
54 0.16 0
53 0.016 0
53 0.16 0
54 0.016 0
54 0.16 0
53 0.016 0
53 0.16 0
54 0.016 0
54 0.16 0
53 0.016 0
53 0.16 0
54 0.016 0
54 0.16 0
53 0.016 0
53 0.16 0
54 0.016 0
54 0.16 0
53 0.016 0
53 0.16 0
54 0.016 0
54 0.16 0
53 0.016 0
53 0.16 0
54 0.016 0
54 0.16 0
53 0.016 0
53 0.16 0
54 0.016 0
54 0.16 0
53 0.016 0
53 0.16 0
54 0.016 0
54 0.16 0
53 0.016 0
53 0.16 0
54 0.016 0
54 0.16 0
53 0.016 0
53 0.16 0
54 0.016 0
54 0.16 0
53 0.016 0
53 0.16 0
54 0.016 0
54 0.16 0
53 0.016 0
53 0.16 0
54 0.016 0
54 0.16 0
53 0.016 0
53 0.16 0
54 0.016 0
54 0.16 0
53 0.016 0
53 0.16 0
54 0.016 0
54 0.16 0
53 0.016 0
53 0.16 0
54 0.016 0
54 0.16 0
53 0.016 0
53 0.16 0
54 0.016 0
54 0.16 0
53 0.016 0
53 0.16 0
54 0.016 0
54 0.16 0
53 0.016 0
53 0.16 0
54 0.016 0
54 0.16 0
53 0.016 0
53 0.16 0
54 0.016 0
54 0.16 0
53 0.016 0
53 0.16 0
54 0.016 0
54 0.16 0
53 0.016 0
53 0.16 0
54 0.016 0
54 0.16 0
53 0.016 0
53 0.16 0
54 0.016 0
54 0.16 0
53 0.016 0
53 0.16 0
54 0.016 0
54 0.16 0
53 0.016 0
53 0.16 0
54 0.016 0
54 0.16 0
53 0.016 0
53 0.16 0
54 0.016 0
54 0.16 0
53 0.016 0
53 0.16 0
54 0.016 0
54 0.16 0
53 0.016 0
53 0.16 0
54 0.016 0
54 0.16 0
53 0.016 0
53 0.16 0
54 0.016 0
54 0.16 0
53 0.016 0
53 0.16 0
54 0.016 0
54 0.16 0
53 0.016 0
53 0.16 0
54 0.016 0
54 0.16 0
53 0.016 0
53 0.16 0
54 0.016 0
54 0.16 0
53 0.016 0
53 0.16 0
54 0.016 0
54 0.16 0
53 0.016 0
53 0.16 0
54 0.016 0
54 0.16 0
53 0.016 0
53 0.16 0
54 0.016 0
54 0.16 0
53 0.016 0
53 0.16 0
54 0.016 0
54 0.16 0
53 0.016 0
53 0.16 0
54 0.016 0
54 0.16 0
53 0.016 0
53 0.16 0
54 0.016 0
54 0.16 0
53 0.016 0
53 0.16 0
54 0.016 0
54 0.16 0
53 0.016 0
53 0.16 0
54 0.016 0
54 0.16 0
53 0.016 0
53 0.16 0
54 0.016 0
54 0.16 0
53 0.016 0
53 0.16 0
54 0.016 0
54 0.16 0
53 0.016 0
53 0.16 0
54 0.016 0
54 0.16 0
53 0.016 0
53 0.16 0
54 0.016 0
54 0.16 0
53 0.016 0
53 0.16 0
54 0.016 0
54 0.16 0
53 0.016 0
53 0.16 0
54 0.016 0
54 0.16 0
53 0.016 0
53 0.16 0
54 0.016 0
54 0.16 0
53 0.016 0
53 0.16 0
54 0.016 0
54 0.16 0
53 0.016 0
53 0.16 0
54 0.016 0
54 0.16 0
53 0.016 0
53 0.16 0
54 0.016 0
54 0.16 0
53 0.016 0
53 0.16 0
54 0.016 0
54 0.16 0
53 0.016 0
53 0.16 0
54 0.016 0
54 0.16 0
53 0.016 0
53 0.16 0
54 0.016 0
54 0.16 0
53 0.016 0
53 0.16 0
54 0.016 0
54 0.16 0
53 0.016 0
53 0.16 0
54 0.016 0
54 0.16 0
53 0.016 0
53 0.16 0
54 0.016 0
54 0.16 0
53 0.016 0
53 0.16 0
54 0.016 0
54 0.16 0
53 0.016 0
53 0.16 0
54 0.016 0
54 0.16 0
53 0.016 0
53 0.16 0
54 0.016 0
54 0.16 0
53 0.016 0
53 0.16 0
54 0.016 0
54 0.16 0
53 0.016 0
53 0.16 0
54 0.016 0
54 0.16 0
53 0.016 0
53 0.16 0
54 0.016 0
54 0.16 0
53 0.016 0
53 0.16 0
54 0.016 0
54 0.16 0
53 0.016 0
53 0.16 0
54 0.016 0
54 0.16 0
53 0.016 0
53 0.16 0
54 0.016 0
54 0.16 0
53 0.016 0
53 0.16 0
54 0.016 0
54 0.16 0
53 0.016 0
53 0.16 0
54 0.016 0
54 0.16 0
53 0.016 0
53 0.16 0
54 0.016 0
54 0.16 0
53 0.016 0
53 0.16 0
54 0.016 0
54 0.16 0
53 0.016 0
53 0.16 0
54 0.016 0
54 0.16 0
53 0.016 0
53 0.16 0
54 0.016 0
54 0.16 0
53 0.016 0
53 0.16 0
54 0.016 0
54 0.16 0
53 0.016 0
53 0.16 0
54 0.016 0
54 0.16 0
53 0.016 0
53 0.16 0
54 0.016 0
54 0.16 0
53 0.016 0
53 0.16 0
54 0.016 0
54 0.16 0
53 0.016 0
53 0.16 0
54 0.016 0
54 0.16 0
53 0.016 0
53 0.16 0
54 0.016 0
54 0.16 0
53 0.016 0
54 0.016 0
54 0.16 0
53 0.016 0
54 0.016 0
54 0.16 0
53 0.016 0
54 0.016 0
54 0.16 0
53 0.016 0
54 0.016 0
54 0.16 0
53 0.016 0
54 0.016 0
54 0.16 0
53 0.016 0
54 0.016 0
54 0.016 0
54 0.016 0
55 0.16 4.798
53 0.16 0
54 0.016 0.017
54 0.16 0.001
53 0.016 0
53 0.16 0
54 0.016 0
54 0.16 0
53 0.016 0
53 0.16 0
54 0.016 0
54 0.16 0
53 0.016 0
53 0.16 0
54 0.016 0
54 0.16 0
53 0.016 0
53 0.16 0
54 0.016 0
54 0.16 0
53 0.016 0
53 0.16 0
54 0.016 0
54 0.16 0
53 0.016 0
53 0.16 0
54 0.016 0
54 0.16 0
53 0.016 0
53 0.16 0
54 0.016 0
54 0.16 0
53 0.016 0
53 0.16 0
54 0.016 0
54 0.16 0
53 0.016 0
53 0.16 0
54 0.016 0
54 0.16 0
53 0.016 0
53 0.16 0
54 0.016 0
54 0.16 0
53 0.016 0
53 0.16 0
54 0.016 0
54 0.16 0
53 0.016 0
53 0.16 0
54 0.016 0
54 0.16 0
53 0.016 0
53 0.16 0
54 0.016 0
54 0.16 0
53 0.016 0
53 0.16 0
54 0.016 0
54 0.16 0
53 0.016 0
53 0.16 0
54 0.016 0
54 0.16 0
53 0.016 0
53 0.16 0
54 0.016 0
54 0.16 0
53 0.016 0
53 0.16 0
54 0.016 0
54 0.16 0
53 0.016 0
53 0.16 0
54 0.016 0
54 0.16 0
53 0.016 0
53 0.16 0
54 0.016 0
54 0.16 0
53 0.016 0
53 0.16 0
54 0.016 0
54 0.16 0
53 0.016 0
53 0.16 0
54 0.016 0
54 0.16 0
53 0.016 0
53 0.16 0
54 0.016 0
54 0.16 0
53 0.016 0
53 0.16 0
54 0.016 0
54 0.16 0
53 0.016 0
53 0.16 0
54 0.016 0
54 0.16 0
53 0.016 0
53 0.16 0
54 0.016 0
54 0.16 0
53 0.016 0
53 0.16 0
54 0.016 0
54 0.16 0
53 0.016 0
53 0.16 0
54 0.016 0
54 0.16 0
53 0.016 0
53 0.16 0
54 0.016 0
54 0.16 0
53 0.016 0
53 0.16 0
54 0.016 0
54 0.16 0
53 0.016 0
53 0.16 0
54 0.016 0
54 0.16 0
53 0.016 0
53 0.16 0
54 0.016 0
54 0.16 0
53 0.016 0
53 0.16 0
54 0.016 0
54 0.16 0
53 0.016 0
53 0.16 0
54 0.016 0
54 0.16 0
53 0.016 0
53 0.16 0
54 0.016 0
54 0.16 0
53 0.016 0
53 0.16 0
54 0.016 0
54 0.16 0
53 0.016 0
53 0.16 0
54 0.016 0
54 0.16 0
53 0.016 0
53 0.16 0
54 0.016 0
54 0.16 0
53 0.016 0
53 0.16 0
54 0.016 0
54 0.16 0
53 0.016 0
53 0.16 0
54 0.016 0
54 0.16 0
53 0.016 0
53 0.16 0
54 0.016 0
54 0.16 0
53 0.016 0
53 0.16 0
54 0.016 0
54 0.16 0
53 0.016 0
53 0.16 0
54 0.016 0
54 0.16 0
53 0.016 0
53 0.16 0
54 0.016 0
54 0.16 0
53 0.016 0
53 0.16 0
54 0.016 0
54 0.16 0
53 0.016 0
53 0.16 0
54 0.016 0
54 0.16 0
53 0.016 0
53 0.16 0
54 0.016 0
54 0.16 0
53 0.016 0
53 0.16 0
54 0.016 0
54 0.16 0
53 0.016 0
53 0.16 0
54 0.016 0
54 0.16 0
53 0.016 0
53 0.16 0
54 0.016 0
54 0.16 0
53 0.016 0
52 0.16 0.017
54 0.16 0
51 0.16 4.27
55 0.16 4.906
53 0.16 0.268
52 0.16 0.268
54 0.16 0.268
51 0.16 4.378
55 0.16 5
53 0.16 0.364
52 0.16 0.364
51 0.016 4.474
51 0.16 4.458
53 0.016 0.204
53 0.16 0.188
51 0.016 4.298
51 0.16 4.282
53 0.016 0.028
53 0.16 0.012
51 0.016 4.122
51 0.16 4.106
53 0.016 0
53 0.16 0
51 0.016 3.946
51 0.16 3.93
53 0.016 0
53 0.16 0
51 0.016 3.77
51 0.16 3.754
53 0.016 0
53 0.16 0
51 0.016 3.594
51 0.16 3.578
53 0.016 0
53 0.16 0
51 0.016 3.418
51 0.16 3.402
53 0.016 0
53 0.16 0
51 0.016 3.242
51 0.16 3.226
53 0.016 0
53 0.16 0
51 0.016 3.066
51 0.16 3.05
53 0.016 0
53 0.16 0
51 0.016 2.89
51 0.16 2.874
53 0.016 0
53 0.16 0
51 0.016 2.714
51 0.16 2.698
53 0.016 0
53 0.16 0
51 0.016 2.538
51 0.16 2.522
53 0.016 0
53 0.16 0
51 0.016 2.362
51 0.16 2.346
53 0.016 0
53 0.16 0
51 0.016 2.186
51 0.16 2.17
53 0.016 0
53 0.16 0
51 0.016 2.01
51 0.16 1.994
53 0.016 0
53 0.16 0
51 0.016 1.834
51 0.16 1.818
53 0.016 0
53 0.16 0
51 0.016 1.658
51 0.16 1.642
53 0.016 0
53 0.16 0
51 0.016 1.482
51 0.16 1.466
53 0.016 0
53 0.16 0
51 0.016 1.306
51 0.16 1.29
53 0.016 0
53 0.16 0
51 0.016 1.13
51 0.16 1.114
53 0.016 0
53 0.16 0
51 0.016 0.954
51 0.16 0.938
53 0.016 0
53 0.16 0
51 0.016 0.778
51 0.16 0.762
53 0.016 0
53 0.16 0
51 0.016 0.602
51 0.16 0.586
53 0.016 0
53 0.16 0
51 0.016 0.426
51 0.16 0.41
53 0.016 0
53 0.16 0
51 0.016 0.25
51 0.16 0.234
53 0.016 0
53 0.16 0
51 0.016 0.074
51 0.16 0.058
53 0.016 0
53 0.16 0
51 0.016 0
51 0.16 0
53 0.016 0
53 0.16 0
51 0.016 0
51 0.16 0
53 0.016 0
53 0.16 0
51 0.016 0
51 0.16 0
53 0.016 0
53 0.16 0
51 0.016 0
51 0.16 0
53 0.016 0
53 0.16 0
51 0.016 0
51 0.16 0
53 0.016 0
53 0.16 0
51 0.016 0
51 0.16 0
53 0.016 0
53 0.16 0
51 0.016 0
51 0.16 0
53 0.016 0
53 0.16 0
51 0.016 0
51 0.16 0
53 0.016 0
53 0.16 0
51 0.016 0
51 0.16 0
53 0.016 0
53 0.16 0
51 0.016 0
51 0.16 0
53 0.016 0
53 0.16 0
51 0.016 0
51 0.16 0
53 0.016 0
53 0.16 0
51 0.016 0
51 0.16 0
53 0.016 0
53 0.16 0
51 0.016 0
51 0.16 0
53 0.016 0
53 0.16 0
51 0.016 0
51 0.16 0
53 0.016 0
53 0.16 0
51 0.016 0
51 0.16 0
53 0.016 0
53 0.16 0
51 0.016 0
51 0.16 0
53 0.016 0
53 0.16 0
51 0.016 0
51 0.16 0
53 0.016 0
53 0.16 0
51 0.016 0
51 0.16 0
53 0.016 0
53 0.16 0
51 0.016 0
51 0.16 0
53 0.016 0
53 0.16 0
51 0.016 0
51 0.16 0
53 0.016 0
53 0.16 0
51 0.016 0
51 0.16 0
53 0.016 0
53 0.16 0
51 0.016 0
51 0.16 0
53 0.016 0
53 0.16 0
51 0.016 0
51 0.16 0
53 0.016 0
53 0.16 0
51 0.016 0
51 0.16 0
53 0.016 0
53 0.16 0
51 0.016 0
51 0.16 0
53 0.016 0
53 0.16 0
51 0.016 0
51 0.16 0
53 0.016 0
53 0.16 0
51 0.016 0
51 0.16 0
53 0.016 0
53 0.16 0
51 0.016 0
51 0.16 0
53 0.016 0
53 0.16 0
51 0.016 0
51 0.16 0
53 0.016 0
53 0.16 0
51 0.016 0
51 0.16 0
53 0.016 0
53 0.16 0
51 0.016 0
51 0.16 0
53 0.016 0
53 0.16 0
51 0.016 0
51 0.16 0
53 0.016 0
53 0.16 0
51 0.016 0
51 0.16 0
53 0.016 0
53 0.16 0
51 0.016 0
51 0.16 0
53 0.016 0
53 0.16 0
51 0.016 0
51 0.16 0
53 0.016 0
53 0.16 0
51 0.016 0
51 0.16 0
53 0.016 0
53 0.16 0
51 0.016 0
51 0.16 0
53 0.016 0
53 0.16 0
51 0.016 0
51 0.16 0
53 0.016 0
53 0.16 0
51 0.016 0
51 0.16 0
53 0.016 0
53 0.16 0
51 0.016 0
51 0.16 0
53 0.016 0
53 0.16 0
51 0.016 0
51 0.16 0
53 0.016 0
53 0.16 0
51 0.016 0
51 0.16 0
53 0.016 0
53 0.16 0
51 0.016 0
51 0.16 0
53 0.016 0
53 0.16 0
51 0.016 0
51 0.16 0
53 0.016 0
53 0.16 0
51 0.016 0
51 0.16 0
53 0.016 0
53 0.16 0
51 0.016 0
51 0.16 0
53 0.016 0
53 0.16 0
51 0.016 0
51 0.16 0
53 0.016 0
53 0.16 0
51 0.016 0
51 0.16 0
53 0.016 0
53 0.16 0
51 0.016 0
51 0.16 0
53 0.016 0
53 0.16 0
51 0.016 0
51 0.16 0
53 0.016 0
53 0.16 0
51 0.016 0
51 0.16 0
53 0.016 0
53 0.16 0
51 0.016 0
51 0.16 0
53 0.016 0
53 0.16 0
51 0.016 0
51 0.16 0
53 0.016 0
53 0.16 0
51 0.016 0
51 0.16 0
53 0.016 0
53 0.16 0
51 0.016 0
51 0.16 0
53 0.016 0
53 0.16 0
51 0.016 0
51 0.16 0
53 0.016 0
53 0.16 0
51 0.016 0
51 0.16 0
53 0.016 0
53 0.16 0
51 0.016 0
51 0.16 0
53 0.016 0
53 0.16 0
51 0.016 0
51 0.16 0
53 0.016 0
53 0.16 0
51 0.016 0
51 0.16 0
53 0.016 0
53 0.16 0
51 0.016 0
51 0.16 0
53 0.016 0
53 0.16 0
51 0.016 0
51 0.16 0
53 0.016 0
53 0.16 0
51 0.016 0
51 0.16 0
53 0.016 0
53 0.16 0
51 0.016 0
51 0.16 0
53 0.016 0
53 0.16 0
51 0.016 0
51 0.16 0
53 0.016 0
53 0.16 0
51 0.016 0
51 0.16 0
53 0.016 0
53 0.16 0
51 0.016 0
51 0.16 0
53 0.016 0
53 0.16 0
51 0.016 0
51 0.16 0
53 0.016 0
53 0.16 0
51 0.016 0
51 0.16 0
53 0.016 0
53 0.16 0
51 0.016 0
51 0.16 0
53 0.016 0
53 0.16 0
51 0.016 0
51 0.16 0
53 0.016 0
53 0.16 0
51 0.016 0
51 0.16 0
53 0.016 0
53 0.16 0
51 0.016 0
51 0.16 0
53 0.016 0
51 0.016 0
51 0.16 0
53 0.016 0
54 0.16 0.364
51 0.16 0
55 0.16 5
53 0.16 0.696
52 0.16 0.9
54 0.16 0.9
51 0.16 0.696
51 0.016 0.536
51 0.16 0.52
51 0.016 0.36
51 0.16 0.344
51 0.016 0.184
51 0.16 0.168
51 0.016 0.008
51 0.16 0
51 0.016 0
51 0.16 0
51 0.016 0
51 0.16 0
55 0.016 4.915
55 0.16 4.899
51 0.016 0
51 0.16 0
55 0.016 4.739
55 0.16 4.723
51 0.016 0
51 0.16 0
55 0.016 4.563
55 0.16 4.547
51 0.016 0
51 0.16 0
55 0.016 4.387
55 0.16 4.371
51 0.016 0
51 0.16 0
55 0.016 4.211
55 0.16 4.195
51 0.016 0
51 0.16 0
55 0.016 4.035
55 0.16 4.019
51 0.016 0
51 0.16 0
55 0.016 3.859
55 0.16 3.843
51 0.016 0
51 0.16 0
55 0.016 3.683
55 0.16 3.667
51 0.016 0
51 0.16 0
55 0.016 3.507
55 0.16 3.491
51 0.016 0
51 0.16 0
55 0.016 3.331
55 0.16 3.315
51 0.016 0
51 0.16 0
55 0.016 3.155
55 0.16 3.139
51 0.016 0
51 0.16 0
55 0.016 2.979
55 0.16 2.963
51 0.016 0
51 0.16 0
55 0.016 2.803
55 0.16 2.787
51 0.016 0
51 0.16 0
55 0.016 2.627
55 0.16 2.611
51 0.016 0
51 0.16 0
55 0.016 2.451
55 0.16 2.435
51 0.016 0
51 0.16 0
55 0.016 2.275
55 0.16 2.259
51 0.016 0
51 0.16 0
55 0.016 2.099
55 0.16 2.083
51 0.016 0
51 0.16 0
55 0.016 1.923
55 0.16 1.907
51 0.016 0
51 0.16 0
55 0.016 1.747
55 0.16 1.731
51 0.016 0
51 0.16 0
55 0.016 1.571
55 0.16 1.555
51 0.016 0
51 0.16 0
55 0.016 1.395
55 0.16 1.379
51 0.016 0
51 0.16 0
55 0.016 1.219
55 0.16 1.203
51 0.016 0
51 0.16 0
55 0.016 1.043
55 0.16 1.027
51 0.016 0
51 0.16 0
55 0.016 0.867
55 0.16 0.851
51 0.016 0
51 0.16 0
55 0.016 0.691
55 0.16 0.675
51 0.016 0
51 0.16 0
55 0.016 0.515
55 0.16 0.499
51 0.016 0
51 0.16 0
55 0.016 0.339
55 0.16 0.323
51 0.016 0
51 0.16 0
55 0.016 0.163
55 0.16 0.147
51 0.016 0
51 0.16 0
55 0.016 0
55 0.16 0
51 0.016 0
51 0.16 0
55 0.016 0
55 0.16 0
51 0.016 0
51 0.16 0
55 0.016 0
55 0.16 0
51 0.016 0
51 0.16 0
55 0.016 0
55 0.16 0
51 0.016 0
51 0.16 0
55 0.016 0
55 0.16 0
51 0.016 0
51 0.16 0
55 0.016 0
55 0.16 0
51 0.016 0
51 0.16 0
55 0.016 0
55 0.16 0
51 0.016 0
51 0.16 0
55 0.016 0
55 0.16 0
51 0.016 0
51 0.16 0
55 0.016 0
55 0.16 0
51 0.016 0
51 0.16 0
55 0.016 0
55 0.16 0
51 0.016 0
51 0.16 0
55 0.016 0
55 0.16 0
51 0.016 0
51 0.16 0
55 0.016 0
55 0.16 0
51 0.016 0
51 0.16 0
55 0.016 0
55 0.16 0
51 0.016 0
51 0.16 0
55 0.016 0
55 0.16 0
51 0.016 0
51 0.16 0
55 0.016 0
55 0.16 0
51 0.016 0
51 0.16 0
55 0.016 0
55 0.16 0
51 0.016 0
51 0.16 0
55 0.016 0
55 0.16 0
51 0.016 0
51 0.16 0
55 0.016 0
55 0.16 0
51 0.016 0
51 0.16 0
55 0.016 0
55 0.16 0
51 0.016 0
51 0.16 0
55 0.016 0
55 0.16 0
51 0.016 0
51 0.16 0
55 0.016 0
55 0.16 0
51 0.016 0
51 0.16 0
55 0.016 0
55 0.16 0
51 0.016 0
51 0.16 0
55 0.016 0
55 0.16 0
51 0.016 0
51 0.16 0
55 0.016 0
55 0.16 0
51 0.016 0
51 0.16 0
55 0.016 0
55 0.16 0
51 0.016 0
51 0.16 0
55 0.016 0
55 0.16 0
51 0.016 0
51 0.16 0
55 0.016 0
55 0.16 0
51 0.016 0
51 0.16 0
55 0.016 0
55 0.16 0
51 0.016 0
51 0.16 0
55 0.016 0
55 0.16 0
51 0.016 0
51 0.16 0
55 0.016 0
55 0.16 0
51 0.016 0
51 0.16 0
55 0.016 0
55 0.16 0
51 0.016 0
51 0.16 0
55 0.016 0
55 0.16 0
51 0.016 0
51 0.16 0
55 0.016 0
55 0.16 0
51 0.016 0
51 0.16 0
55 0.016 0
55 0.16 0
51 0.016 0
51 0.16 0
55 0.016 0
55 0.16 0
51 0.016 0
51 0.16 0
55 0.016 0
55 0.16 0
51 0.016 0
51 0.16 0
55 0.016 0
55 0.16 0
51 0.016 0
51 0.16 0
55 0.016 0
55 0.16 0
51 0.016 0
51 0.16 0
55 0.016 0
55 0.16 0
51 0.016 0
51 0.16 0
55 0.016 0
55 0.16 0
51 0.016 0
51 0.16 0
55 0.016 0
55 0.16 0
51 0.016 0
51 0.16 0
55 0.016 0
55 0.16 0
51 0.016 0
51 0.16 0
55 0.016 0
55 0.16 0
51 0.016 0
51 0.16 0
55 0.016 0
55 0.16 0
51 0.016 0
51 0.16 0
55 0.016 0
55 0.16 0
51 0.016 0
51 0.16 0
55 0.016 0
55 0.16 0
51 0.016 0
51 0.16 0
55 0.016 0
55 0.16 0
51 0.016 0
51 0.16 0
55 0.016 0
55 0.16 0
51 0.016 0
51 0.16 0
55 0.016 0
55 0.16 0
51 0.016 0
51 0.16 0
55 0.016 0
55 0.16 0
51 0.016 0
51 0.16 0
55 0.016 0
55 0.16 0
51 0.016 0
51 0.16 0
55 0.016 0
55 0.16 0
51 0.016 0
51 0.16 0
55 0.016 0
55 0.16 0
51 0.016 0
51 0.16 0
55 0.016 0
55 0.16 0
51 0.016 0
51 0.16 0
55 0.016 0
55 0.16 0
51 0.016 0
51 0.16 0
55 0.016 0
55 0.16 0
51 0.016 0
51 0.16 0
55 0.016 0
55 0.16 0
51 0.016 0
51 0.16 0
55 0.016 0
55 0.16 0
51 0.016 0
51 0.16 0
55 0.016 0
55 0.16 0
51 0.016 0
51 0.16 0
55 0.016 0
55 0.16 0
51 0.016 0
51 0.16 0
55 0.016 0
55 0.16 0
51 0.016 0
51 0.16 0
55 0.016 0
55 0.16 0
51 0.016 0
51 0.16 0
55 0.016 0
55 0.16 0
51 0.016 0
51 0.16 0
55 0.016 0
55 0.16 0
51 0.016 0
51 0.16 0
55 0.016 0
55 0.16 0
51 0.016 0
51 0.16 0
55 0.016 0
55 0.16 0
51 0.016 0
51 0.16 0
55 0.016 0
55 0.16 0
51 0.016 0
51 0.16 0
55 0.016 0
55 0.16 0
51 0.016 0
51 0.16 0
55 0.016 0
55 0.16 0
51 0.016 0
51 0.16 0
55 0.016 0
55 0.16 0
51 0.016 0
51 0.16 0
55 0.016 0
55 0.16 0
51 0.016 0
51 0.16 0
55 0.016 0
55 0.16 0
51 0.016 0
51 0.16 0
55 0.016 0
55 0.16 0
51 0.016 0
51 0.16 0
55 0.016 0
55 0.16 0
51 0.016 0
51 0.16 0
55 0.016 0
55 0.16 0
51 0.016 0
51 0.16 0
55 0.016 0
55 0.16 0
51 0.016 0
51 0.16 0
55 0.016 0
55 0.16 0
51 0.016 0
51 0.16 0
55 0.016 0
55 0.16 0
51 0.016 0
51 0.16 0
55 0.016 0
55 0.16 0
51 0.016 0
51 0.16 0
55 0.016 0
55 0.16 0
51 0.016 0
51 0.16 0
55 0.016 0
55 0.16 0
51 0.016 0
51 0.16 0
55 0.016 0
55 0.16 0
51 0.016 0
51 0.16 0
55 0.016 0
55 0.16 0
51 0.016 0
51 0.16 0
55 0.016 0
55 0.16 0
51 0.016 0
51 0.16 0
55 0.016 0
55 0.16 0
51 0.016 0
51 0.16 0
55 0.016 0
55 0.16 0
51 0.016 0
51 0.16 0
55 0.016 0
55 0.16 0
51 0.016 0
51 0.16 0
55 0.016 0
55 0.16 0
51 0.016 0
51 0.16 0
55 0.016 0
55 0.16 0
51 0.016 0
51 0.16 0
55 0.016 0
55 0.16 0
51 0.016 0
51 0.16 0
55 0.016 0
55 0.16 0
51 0.016 0
51 0.16 0
55 0.016 0
55 0.16 0
51 0.016 0
51 0.16 0
55 0.016 0
55 0.16 0
51 0.016 0
51 0.16 0
55 0.016 0
55 0.16 0
51 0.016 0
51 0.16 0
55 0.016 0
55 0.16 0
51 0.016 0
51 0.16 0
55 0.016 0
55 0.16 0
51 0.016 0
51 0.16 0
55 0.016 0
55 0.16 0
51 0.016 0
51 0.16 0
55 0.016 0
55 0.16 0
51 0.016 0
51 0.16 0
55 0.016 0
55 0.16 0
51 0.016 0
51 0.16 0
55 0.016 0
55 0.16 0
51 0.016 0
51 0.16 0
55 0.016 0
55 0.16 0
51 0.016 0
51 0.16 0
55 0.016 0
55 0.16 0
51 0.016 0
51 0.16 0
55 0.016 0
55 0.16 0
51 0.016 0
51 0.16 0
55 0.016 0
55 0.16 0
51 0.016 0
51 0.16 0
55 0.016 0
55 0.16 0
51 0.016 0
51 0.16 0
55 0.016 0
55 0.16 0
51 0.016 0
51 0.16 0
55 0.016 0
55 0.16 0
51 0.016 0
51 0.16 0
55 0.016 0
55 0.16 0
51 0.016 0
51 0.16 0
55 0.016 0
55 0.16 0
51 0.016 0
51 0.16 0
55 0.016 0
55 0.16 0
51 0.016 0
51 0.16 0
55 0.016 0
55 0.16 0
51 0.016 0
51 0.16 0
55 0.016 0
55 0.16 0
51 0.016 0
51 0.16 0
55 0.016 0
55 0.16 0
51 0.016 0
51 0.16 0
55 0.016 0
55 0.16 0
51 0.016 0
51 0.16 0
55 0.016 0
55 0.16 0
51 0.016 0
51 0.16 0
55 0.016 0
55 0.16 0
51 0.016 0
51 0.16 0
55 0.016 0
55 0.16 0
51 0.016 0
51 0.16 0
55 0.016 0
55 0.16 0
51 0.016 0
51 0.16 0
55 0.016 0
55 0.16 0
51 0.016 0
51 0.16 0
55 0.016 0
55 0.16 0
51 0.016 0
51 0.16 0
55 0.016 0
55 0.16 0
51 0.016 0
51 0.16 0
55 0.016 0
55 0.16 0
51 0.016 0
51 0.16 0
55 0.016 0
55 0.16 0
51 0.016 0
51 0.16 0
55 0.016 0
55 0.16 0
51 0.016 0
51 0.16 0
55 0.016 0
55 0.16 0
51 0.016 0
51 0.16 0
55 0.016 0
55 0.16 0
51 0.016 0
51 0.16 0
55 0.016 0
55 0.16 0
51 0.016 0
51 0.16 0
55 0.016 0
55 0.16 0
51 0.016 0
51 0.16 0
55 0.016 0
55 0.16 0
51 0.016 0
51 0.16 0
55 0.016 0
55 0.16 0
51 0.016 0
51 0.16 0
55 0.016 0
55 0.16 0
51 0.016 0
51 0.16 0
55 0.016 0
55 0.16 0
51 0.016 0
51 0.16 0
55 0.016 0
55 0.16 0
51 0.016 0
51 0.16 0
55 0.016 0
55 0.16 0
51 0.016 0
51 0.16 0
55 0.016 0
55 0.16 0
51 0.016 0
51 0.16 0
55 0.016 0
55 0.16 0
51 0.016 0
51 0.16 0
55 0.016 0
55 0.16 0
51 0.016 0
51 0.16 0
55 0.016 0
55 0.16 0
51 0.016 0
51 0.16 0
55 0.016 0
55 0.16 0
51 0.016 0
51 0.16 0
55 0.016 0
55 0.16 0
51 0.016 0
51 0.16 0
55 0.016 0
55 0.16 0
51 0.016 0
51 0.16 0
55 0.016 0
55 0.16 0
51 0.016 0
51 0.16 0
55 0.016 0
55 0.16 0
51 0.016 0
51 0.16 0
55 0.016 0
55 0.16 0
51 0.016 0
51 0.16 0
55 0.016 0
55 0.16 0
51 0.016 0
51 0.16 0
55 0.016 0
55 0.16 0
51 0.016 0
51 0.16 0
55 0.016 0
55 0.16 0
51 0.016 0
51 0.16 0
55 0.016 0
55 0.16 0
51 0.016 0
51 0.16 0
55 0.016 0
55 0.16 0
51 0.016 0
51 0.16 0
55 0.016 0
55 0.16 0
51 0.016 0
51 0.16 0
55 0.016 0
55 0.16 0
51 0.016 0
51 0.16 0
55 0.016 0
55 0.16 0
51 0.016 0
51 0.16 0
55 0.016 0
55 0.16 0
51 0.016 0
51 0.16 0
55 0.016 0
55 0.16 0
51 0.016 0
51 0.16 0
55 0.016 0
55 0.16 0
51 0.016 0
51 0.16 0
55 0.016 0
55 0.16 0
51 0.016 0
51 0.16 0
55 0.016 0
55 0.16 0
51 0.016 0
51 0.16 0
55 0.016 0
55 0.16 0
51 0.016 0
51 0.16 0
55 0.016 0
55 0.16 0
51 0.016 0
51 0.16 0
55 0.016 0
55 0.16 0
51 0.016 0
51 0.16 0
55 0.016 0
55 0.16 0
51 0.016 0
51 0.16 0
55 0.016 0
55 0.16 0
51 0.016 0
51 0.16 0
55 0.016 0
55 0.16 0
51 0.016 0
51 0.16 0
55 0.016 0
55 0.16 0
51 0.016 0
51 0.16 0
55 0.016 0
55 0.16 0
51 0.016 0
51 0.16 0
55 0.016 0
55 0.16 0
51 0.016 0
51 0.16 0
55 0.016 0
55 0.16 0
51 0.016 0
51 0.16 0
55 0.016 0
55 0.16 0
51 0.016 0
51 0.16 0
55 0.016 0
55 0.16 0
51 0.016 0
51 0.16 0
55 0.016 0
55 0.16 0
51 0.016 0
51 0.16 0
55 0.016 0
55 0.16 0
51 0.016 0
51 0.16 0
55 0.016 0
55 0.16 0
51 0.016 0
51 0.16 0
55 0.016 0
55 0.16 0
51 0.016 0
51 0.16 0
55 0.016 0
55 0.16 0
51 0.016 0
51 0.16 0
55 0.016 0
55 0.16 0
51 0.016 0
51 0.16 0
55 0.016 0
55 0.16 0
51 0.016 0
51 0.16 0
55 0.016 0
55 0.16 0
51 0.016 0
51 0.16 0
55 0.016 0
55 0.16 0
51 0.016 0
51 0.16 0
55 0.016 0
55 0.16 0
51 0.016 0
51 0.16 0
55 0.016 0
55 0.16 0
51 0.016 0
51 0.16 0
55 0.016 0
55 0.16 0
51 0.016 0
51 0.16 0
55 0.016 0
55 0.16 0
51 0.016 0
51 0.16 0
55 0.016 0
55 0.16 0
51 0.016 0
51 0.16 0
55 0.016 0
55 0.16 0
51 0.016 0
51 0.16 0
55 0.016 0
55 0.16 0
51 0.016 0
51 0.16 0
55 0.016 0
55 0.16 0
51 0.016 0
51 0.16 0
55 0.016 0
55 0.16 0
51 0.016 0
51 0.16 0
55 0.016 0
55 0.16 0
51 0.016 0
51 0.16 0
55 0.016 0
55 0.16 0
51 0.016 0
51 0.16 0
55 0.016 0
55 0.16 0
51 0.016 0
51 0.16 0
55 0.016 0
55 0.16 0
51 0.016 0
51 0.16 0
55 0.016 0
55 0.16 0
51 0.016 0
51 0.16 0
55 0.016 0
55 0.16 0
51 0.016 0
51 0.16 0
55 0.016 0
55 0.16 0
51 0.016 0
51 0.16 0
55 0.016 0
55 0.16 0
51 0.016 0
51 0.16 0
55 0.016 0
55 0.16 0
51 0.016 0
51 0.16 0
55 0.016 0
55 0.16 0
51 0.016 0
51 0.16 0
55 0.016 0
55 0.16 0
51 0.016 0
51 0.16 0
55 0.016 0
55 0.16 0
51 0.016 0
51 0.16 0
55 0.016 0
55 0.16 0
51 0.016 0
51 0.16 0
55 0.016 0
55 0.16 0
51 0.016 0
51 0.16 0
55 0.016 0
55 0.16 0
51 0.016 0
51 0.16 0
55 0.016 0
55 0.16 0
51 0.016 0
51 0.16 0
55 0.016 0
55 0.16 0
51 0.016 0
51 0.16 0
55 0.016 0
55 0.16 0
51 0.016 0
51 0.16 0
55 0.016 0
55 0.16 0
51 0.016 0
51 0.16 0
55 0.016 0
55 0.16 0
51 0.016 0
51 0.16 0
55 0.016 0
55 0.16 0
51 0.016 0
51 0.16 0
55 0.016 0
55 0.16 0
51 0.016 0
51 0.16 0
55 0.016 0
55 0.16 0
51 0.016 0
51 0.16 0
55 0.016 0
55 0.16 0
51 0.016 0
51 0.16 0
55 0.016 0
55 0.16 0
51 0.016 0
51 0.16 0
55 0.016 0
55 0.16 0
51 0.016 0
51 0.16 0
55 0.016 0
55 0.16 0
51 0.016 0
51 0.16 0
55 0.016 0
55 0.16 0
51 0.016 0
51 0.16 0
55 0.016 0
55 0.16 0
51 0.016 0
51 0.16 0
55 0.016 0
55 0.16 0
51 0.016 0
51 0.16 0
55 0.016 0
55 0.16 0
51 0.016 0
51 0.16 0
55 0.016 0
55 0.16 0
51 0.016 0
51 0.16 0
55 0.016 0
55 0.16 0
51 0.016 0
51 0.16 0
55 0.016 0
55 0.16 0
51 0.016 0
51 0.16 0
55 0.016 0
55 0.16 0
51 0.016 0
51 0.16 0
55 0.016 0
55 0.16 0
51 0.016 0
51 0.16 0
55 0.016 0
55 0.16 0
51 0.016 0
51 0.16 0
55 0.016 0
55 0.16 0
51 0.016 0
51 0.16 0
55 0.016 0
55 0.16 0
51 0.016 0
51 0.16 0
55 0.016 0
55 0.16 0
51 0.016 0
51 0.16 0
55 0.016 0
55 0.16 0
51 0.016 0
51 0.16 0
55 0.016 0
55 0.16 0
51 0.016 0
51 0.16 0
55 0.016 0
55 0.16 0
51 0.016 0
51 0.16 0
55 0.016 0
55 0.16 0
51 0.016 0
51 0.16 0
55 0.016 0
55 0.16 0
51 0.016 0
51 0.16 0
55 0.016 0
55 0.16 0
51 0.016 0
51 0.16 0
55 0.016 0
55 0.16 0
51 0.016 0
51 0.16 0
55 0.016 0
55 0.16 0
51 0.016 0
51 0.16 0
55 0.016 0
55 0.16 0
51 0.016 0
51 0.16 0
55 0.016 0
55 0.16 0
51 0.016 0
51 0.16 0
55 0.016 0
55 0.16 0
51 0.016 0
51 0.16 0
55 0.016 0
55 0.16 0
51 0.016 0
51 0.16 0
55 0.016 0
55 0.16 0
51 0.016 0
51 0.16 0
55 0.016 0
55 0.16 0
51 0.016 0
51 0.16 0
55 0.016 0
55 0.16 0
51 0.016 0
51 0.16 0
55 0.016 0
55 0.16 0
51 0.016 0
51 0.16 0
55 0.016 0
55 0.16 0
51 0.016 0
51 0.16 0
55 0.016 0
55 0.16 0
51 0.016 0
51 0.16 0
55 0.016 0
55 0.16 0
51 0.016 0
51 0.16 0
55 0.016 0
55 0.16 0
51 0.016 0
51 0.16 0
55 0.016 0
55 0.16 0
51 0.016 0
51 0.16 0
55 0.016 0
55 0.16 0
51 0.016 0
51 0.16 0
55 0.016 0
55 0.16 0
51 0.016 0
51 0.16 0
55 0.016 0
55 0.16 0
51 0.016 0
51 0.16 0
55 0.016 0
55 0.16 0
51 0.016 0
51 0.16 0
55 0.016 0
55 0.16 0
51 0.016 0
51 0.16 0
55 0.016 0
55 0.16 0
51 0.016 0
51 0.16 0
55 0.016 0
55 0.16 0
51 0.016 0
51 0.16 0
55 0.016 0
55 0.16 0
51 0.016 0
51 0.16 0
55 0.016 0
55 0.16 0
51 0.016 0
51 0.16 0
55 0.016 0
55 0.16 0
51 0.016 0
51 0.16 0
55 0.016 0
55 0.16 0
51 0.016 0
51 0.16 0
55 0.016 0
55 0.16 0
51 0.016 0
51 0.16 0
55 0.016 0
55 0.16 0
51 0.016 0
51 0.16 0
55 0.016 0
55 0.16 0
51 0.016 0
51 0.16 0
55 0.016 0
55 0.16 0
51 0.016 0
51 0.16 0
55 0.016 0
55 0.16 0
51 0.016 0
51 0.16 0
55 0.016 0
55 0.16 0
51 0.016 0
51 0.16 0
55 0.016 0
55 0.16 0
51 0.016 0
51 0.16 0
55 0.016 0
55 0.16 0
51 0.016 0
51 0.16 0
55 0.016 0
55 0.16 0
51 0.016 0
51 0.16 0
55 0.016 0
55 0.16 0
51 0.016 0
51 0.16 0
55 0.016 0
55 0.16 0
51 0.016 0
51 0.16 0
55 0.016 0
55 0.16 0
51 0.016 0
51 0.16 0
55 0.016 0
55 0.16 0
51 0.016 0
51 0.16 0
55 0.016 0
55 0.16 0
51 0.016 0
51 0.16 0
55 0.016 0
55 0.16 0
51 0.016 0
51 0.16 0
55 0.016 0
55 0.16 0
51 0.016 0
51 0.16 0
55 0.016 0
55 0.16 0
51 0.016 0
51 0.16 0
55 0.016 0
55 0.16 0
51 0.016 0
51 0.16 0
55 0.016 0
55 0.16 0
51 0.016 0
51 0.16 0
55 0.016 0
55 0.16 0
51 0.016 0
51 0.16 0
55 0.016 0
55 0.16 0
51 0.016 0
51 0.16 0
55 0.016 0
55 0.16 0
51 0.016 0
51 0.16 0
55 0.016 0
55 0.16 0
51 0.016 0
51 0.16 0
55 0.016 0
55 0.16 0
51 0.016 0
51 0.16 0
55 0.016 0
55 0.16 0
51 0.016 0
51 0.16 0
55 0.016 0
55 0.16 0
51 0.016 0
51 0.16 0
55 0.016 0
55 0.16 0
51 0.016 0
51 0.16 0
55 0.016 0
55 0.16 0
51 0.016 0
51 0.16 0
55 0.016 0
55 0.16 0
51 0.016 0
51 0.16 0
55 0.016 0
55 0.16 0
51 0.016 0
51 0.16 0
55 0.016 0
55 0.16 0
51 0.016 0
51 0.16 0
55 0.016 0
55 0.16 0
51 0.016 0
51 0.16 0
55 0.016 0
55 0.16 0
51 0.016 0
51 0.16 0
55 0.016 0
55 0.16 0
51 0.016 0
51 0.16 0
55 0.016 0
55 0.16 0
51 0.016 0
51 0.16 0
55 0.016 0
55 0.16 0
51 0.016 0
51 0.16 0
55 0.016 0
55 0.16 0
51 0.016 0
51 0.16 0
55 0.016 0
55 0.16 0
51 0.016 0
51 0.16 0
55 0.016 0
55 0.16 0
51 0.016 0
51 0.16 0
55 0.016 0
55 0.16 0
51 0.016 0
51 0.16 0
55 0.016 0
55 0.16 0
51 0.016 0
51 0.16 0
55 0.016 0
55 0.16 0
51 0.016 0
51 0.16 0
55 0.016 0
55 0.16 0
51 0.016 0
51 0.16 0
55 0.016 0
55 0.16 0
51 0.016 0
51 0.16 0
55 0.016 0
55 0.16 0
51 0.016 0
51 0.16 0
55 0.016 0
55 0.16 0
51 0.016 0
51 0.16 0
55 0.016 0
55 0.16 0
51 0.016 0
51 0.16 0
55 0.016 0
55 0.16 0
51 0.016 0
51 0.16 0
55 0.016 0
55 0.16 0
51 0.016 0
51 0.16 0
55 0.016 0
55 0.16 0
51 0.016 0
51 0.16 0
55 0.016 0
55 0.16 0
51 0.016 0
51 0.16 0
55 0.016 0
55 0.16 0
51 0.016 0
51 0.16 0
55 0.016 0
55 0.16 0
51 0.016 0
51 0.16 0
55 0.016 0
55 0.16 0
51 0.016 0
51 0.16 0
55 0.016 0
55 0.16 0
51 0.016 0
51 0.16 0
55 0.016 0
55 0.16 0
51 0.016 0
51 0.16 0
55 0.016 0
55 0.16 0
51 0.016 0
51 0.16 0
55 0.016 0
55 0.16 0
51 0.016 0
51 0.16 0
55 0.016 0
55 0.16 0
51 0.016 0
51 0.16 0
55 0.016 0
55 0.16 0
51 0.016 0
51 0.16 0
55 0.016 0
55 0.16 0
51 0.016 0
51 0.16 0
55 0.016 0
55 0.16 0
51 0.016 0
51 0.16 0
55 0.016 0
55 0.16 0
51 0.016 0
51 0.16 0
55 0.016 0
55 0.16 0
51 0.016 0
51 0.16 0
55 0.016 0
55 0.16 0
51 0.016 0
51 0.16 0
55 0.016 0
55 0.16 0
51 0.016 0
51 0.16 0
55 0.016 0
55 0.16 0
51 0.016 0
51 0.16 0
55 0.016 0
55 0.16 0
51 0.016 0
51 0.16 0
55 0.016 0
55 0.16 0
51 0.016 0
51 0.16 0
55 0.016 0
55 0.16 0
51 0.016 0
51 0.16 0
55 0.016 0
55 0.16 0
51 0.016 0
51 0.16 0
55 0.016 0
55 0.16 0
51 0.016 0
51 0.16 0
55 0.016 0
55 0.16 0
51 0.016 0
51 0.16 0
55 0.016 0
55 0.16 0
51 0.016 0
51 0.16 0
55 0.016 0
55 0.16 0
51 0.016 0
51 0.16 0
55 0.016 0
55 0.16 0
51 0.016 0
51 0.16 0
55 0.016 0
55 0.16 0
51 0.016 0
51 0.16 0
55 0.016 0
55 0.16 0
51 0.016 0
51 0.16 0
55 0.016 0
55 0.16 0
51 0.016 0
51 0.16 0
55 0.016 0
55 0.16 0
51 0.016 0
51 0.16 0
55 0.016 0
55 0.16 0
51 0.016 0
51 0.16 0
55 0.016 0
55 0.16 0
51 0.016 0
51 0.16 0
55 0.016 0
55 0.16 0
51 0.016 0
51 0.16 0
55 0.016 0
55 0.16 0
51 0.016 0
51 0.16 0
55 0.016 0
55 0.16 0
51 0.016 0
51 0.16 0
55 0.016 0
55 0.16 0
51 0.016 0
51 0.16 0
55 0.016 0
55 0.16 0
51 0.016 0
51 0.16 0
55 0.016 0
55 0.16 0
51 0.016 0
51 0.16 0
55 0.016 0
55 0.16 0
51 0.016 0
51 0.16 0
55 0.016 0
55 0.16 0
51 0.016 0
51 0.16 0
55 0.016 0
55 0.16 0
51 0.016 0
51 0.16 0
55 0.016 0
55 0.16 0
51 0.016 0
51 0.16 0
55 0.016 0
55 0.16 0
51 0.016 0
51 0.16 0
55 0.016 0
55 0.16 0
51 0.016 0
51 0.16 0
55 0.016 0
55 0.16 0
51 0.016 0
51 0.16 0
55 0.016 0
55 0.16 0
51 0.016 0
51 0.16 0
55 0.016 0
55 0.16 0
51 0.016 0
51 0.16 0
55 0.016 0
55 0.16 0
51 0.016 0
51 0.16 0
55 0.016 0
55 0.16 0
51 0.016 0
51 0.16 0
55 0.016 0
55 0.16 0
51 0.016 0
51 0.16 0
55 0.016 0
55 0.16 0
51 0.016 0
51 0.16 0
55 0.016 0
55 0.16 0
51 0.016 0
51 0.16 0
55 0.016 0
55 0.16 0
51 0.016 0
51 0.16 0
55 0.016 0
55 0.16 0
51 0.016 0
51 0.16 0
55 0.016 0
55 0.16 0
51 0.016 0
51 0.16 0
55 0.016 0
55 0.16 0
51 0.016 0
55 0.016 0
55 0.16 0
51 0.016 0
55 0.016 0
55 0.016 0
55 0.016 0
55 0.016 0
55 0.016 0
55 0.016 0
55 0.16 0
53 0.16 0.611
52 0.16 0.815
54 0.16 0.815
51 0.16 0.075
55 0.16 0.364
53 0.16 0.815
52 0.16 1.019
54 0.16 1.019
51 0.16 0.364
55 0.16 0.914
53 0.16 1.365
52 0.16 1.569
54 0.16 1.569
51 0.16 0.914
55 0.16 0.964
53 0.16 1.415
55 0.016 0.804
55 0.16 0.788
55 0.016 0.628
55 0.16 0.612
55 0.016 0.452
55 0.16 0.436
55 0.016 0.276
55 0.16 0.26
55 0.016 0.1
55 0.16 0.084
53 0.016 1.255
53 0.16 1.239
55 0.016 0
55 0.16 0
53 0.016 1.079
53 0.16 1.063
55 0.016 0
55 0.16 0
53 0.016 0.903
53 0.16 0.887
55 0.016 0
55 0.16 0
53 0.016 0.727
53 0.16 0.711
55 0.016 0
55 0.16 0
53 0.016 0.551
53 0.16 0.535
55 0.016 0
55 0.16 0
53 0.016 0.375
53 0.16 0.359
55 0.016 0
55 0.16 0
53 0.016 0.199
53 0.16 0.183
55 0.016 0
55 0.16 0
53 0.016 0.023
53 0.16 0.007
55 0.016 0
55 0.16 0
53 0.016 0
53 0.16 0
55 0.016 0
55 0.16 0
53 0.016 0
53 0.16 0
55 0.016 0
55 0.16 0
53 0.016 0
53 0.16 0
55 0.016 0
55 0.16 0
53 0.016 0
53 0.16 0
55 0.016 0
55 0.16 0
53 0.016 0
53 0.16 0
55 0.016 0
55 0.16 0
53 0.016 0
53 0.16 0
55 0.016 0
55 0.16 0
53 0.016 0
53 0.16 0
55 0.016 0
55 0.16 0
53 0.016 0
53 0.16 0
55 0.016 0
55 0.16 0
53 0.016 0
53 0.16 0
55 0.016 0
55 0.16 0
53 0.016 0
53 0.16 0
55 0.016 0
55 0.16 0
53 0.016 0
53 0.16 0
55 0.016 0
55 0.16 0
53 0.016 0
53 0.16 0
55 0.016 0
55 0.16 0
53 0.016 0
53 0.16 0
55 0.016 0
55 0.16 0
53 0.016 0
53 0.16 0
55 0.016 0
55 0.16 0
53 0.016 0
53 0.16 0
55 0.016 0
55 0.16 0
53 0.016 0
53 0.16 0
55 0.016 0
55 0.16 0
53 0.016 0
53 0.16 0
55 0.016 0
55 0.16 0
53 0.016 0
53 0.16 0
55 0.016 0
55 0.16 0
53 0.016 0
53 0.16 0
55 0.016 0
55 0.16 0
53 0.016 0
53 0.16 0
55 0.016 0
55 0.16 0
53 0.016 0
53 0.16 0
55 0.016 0
55 0.16 0
53 0.016 0
53 0.16 0
55 0.016 0
55 0.16 0
53 0.016 0
53 0.16 0
55 0.016 0
55 0.16 0
53 0.016 0
53 0.16 0
55 0.016 0
55 0.16 0
53 0.016 0
53 0.16 0
55 0.016 0
55 0.16 0
53 0.016 0
53 0.16 0
55 0.016 0
55 0.16 0
53 0.016 0
53 0.16 0
55 0.016 0
55 0.16 0
53 0.016 0
53 0.16 0
55 0.016 0
55 0.16 0
53 0.016 0
53 0.16 0
55 0.016 0
55 0.16 0
53 0.016 0
53 0.16 0
55 0.016 0
55 0.16 0
53 0.016 0
53 0.16 0
55 0.016 0
55 0.16 0
53 0.016 0
53 0.16 0
55 0.016 0
55 0.16 0
53 0.016 0
53 0.16 0
55 0.016 0
55 0.16 0
53 0.016 0
53 0.16 0
55 0.016 0
55 0.16 0
53 0.016 0
53 0.16 0
55 0.016 0
55 0.16 0
53 0.016 0
53 0.16 0
55 0.016 0
55 0.16 0
53 0.016 0
53 0.16 0
55 0.016 0
55 0.16 0
53 0.016 0
53 0.16 0
55 0.016 0
55 0.16 0
53 0.016 0
53 0.16 0
55 0.016 0
55 0.16 0
53 0.016 0
53 0.16 0
55 0.016 0
55 0.16 0
53 0.016 0
53 0.16 0
55 0.016 0
55 0.16 0
53 0.016 0
53 0.16 0
55 0.016 0
55 0.16 0
53 0.016 0
53 0.16 0
55 0.016 0
55 0.16 0
53 0.016 0
53 0.16 0
55 0.016 0
55 0.16 0
53 0.016 0
53 0.16 0
55 0.016 0
55 0.16 0
53 0.016 0
53 0.16 0
55 0.016 0
55 0.16 0
53 0.016 0
53 0.16 0
55 0.016 0
55 0.16 0
53 0.016 0
53 0.16 0
55 0.016 0
55 0.16 0
53 0.016 0
53 0.16 0
55 0.016 0
55 0.16 0
53 0.016 0
53 0.16 0
55 0.016 0
55 0.16 0
53 0.016 0
53 0.16 0
55 0.016 0
55 0.16 0
53 0.016 0
53 0.16 0
55 0.016 0
55 0.16 0
53 0.016 0
53 0.16 0
55 0.016 0
55 0.16 0
53 0.016 0
53 0.16 0
55 0.016 0
55 0.16 0
53 0.016 0
53 0.16 0
55 0.016 0
55 0.16 0
53 0.016 0
53 0.16 0
55 0.016 0
55 0.16 0
53 0.016 0
53 0.16 0
55 0.016 0
55 0.16 0
53 0.016 0
53 0.16 0
55 0.016 0
55 0.16 0
53 0.016 0
53 0.16 0
55 0.016 0
55 0.16 0
53 0.016 0
53 0.16 0
55 0.016 0
55 0.16 0
53 0.016 0
53 0.16 0
55 0.016 0
55 0.16 0
53 0.016 0
53 0.16 0
55 0.016 0
55 0.16 0
53 0.016 0
53 0.16 0
55 0.016 0
55 0.16 0
53 0.016 0
53 0.16 0
55 0.016 0
55 0.16 0
53 0.016 0
53 0.16 0
55 0.016 0
55 0.16 0
53 0.016 0
53 0.16 0
55 0.016 0
55 0.16 0
53 0.016 0
53 0.16 0
55 0.016 0
55 0.16 0
53 0.016 0
53 0.16 0
55 0.016 0
55 0.16 0
53 0.016 0
53 0.16 0
55 0.016 0
55 0.16 0
53 0.016 0
53 0.16 0
55 0.016 0
55 0.16 0
53 0.016 0
53 0.16 0
55 0.016 0
55 0.16 0
53 0.016 0
53 0.16 0
55 0.016 0
55 0.16 0
53 0.016 0
53 0.16 0
55 0.016 0
55 0.16 0
53 0.016 0
53 0.16 0
55 0.016 0
55 0.16 0
53 0.016 0
53 0.16 0
55 0.016 0
55 0.16 0
53 0.016 0
53 0.16 0
55 0.016 0
55 0.16 0
53 0.016 0
53 0.16 0
55 0.016 0
55 0.16 0
53 0.016 0
53 0.16 0
55 0.016 0
55 0.16 0
53 0.016 0
53 0.16 0
55 0.016 0
55 0.16 0
53 0.016 0
53 0.16 0
55 0.016 0
55 0.16 0
53 0.016 0
53 0.16 0
55 0.016 0
55 0.16 0
53 0.016 0
53 0.16 0
55 0.016 0
55 0.16 0
53 0.016 0
53 0.16 0
55 0.016 0
55 0.16 0
53 0.016 0
53 0.16 0
55 0.016 0
55 0.16 0
53 0.016 0
53 0.16 0
55 0.016 0
55 0.16 0
53 0.016 0
53 0.16 0
55 0.016 0
55 0.16 0
53 0.016 0
53 0.16 0
55 0.016 0
55 0.16 0
53 0.016 0
53 0.16 0
55 0.016 0
55 0.16 0
53 0.016 0
53 0.16 0
55 0.016 0
55 0.16 0
53 0.016 0
53 0.16 0
55 0.016 0
55 0.16 0
53 0.016 0
53 0.16 0
55 0.016 0
55 0.16 0
53 0.016 0
53 0.16 0
55 0.016 0
55 0.16 0
53 0.016 0
53 0.16 0
55 0.016 0
55 0.16 0
53 0.016 0
53 0.16 0
55 0.016 0
55 0.16 0
53 0.016 0
53 0.16 0
55 0.016 0
55 0.16 0
53 0.016 0
53 0.16 0
55 0.016 0
55 0.16 0
53 0.016 0
53 0.16 0
55 0.016 0
55 0.16 0
53 0.016 0
53 0.16 0
55 0.016 0
55 0.16 0
53 0.016 0
53 0.16 0
55 0.016 0
55 0.16 0
53 0.016 0
53 0.16 0
55 0.016 0
55 0.16 0
53 0.016 0
53 0.16 0
55 0.016 0
55 0.16 0
53 0.016 0
53 0.16 0
55 0.016 0
55 0.16 0
53 0.016 0
53 0.16 0
55 0.016 0
55 0.16 0
53 0.016 0
53 0.16 0
55 0.016 0
55 0.16 0
53 0.016 0
53 0.16 0
55 0.016 0
55 0.16 0
53 0.016 0
53 0.16 0
55 0.016 0
55 0.16 0
53 0.016 0
53 0.16 0
55 0.016 0
55 0.16 0
53 0.016 0
53 0.16 0
55 0.016 0
55 0.16 0
53 0.016 0
53 0.16 0
55 0.016 0
55 0.16 0
53 0.016 0
53 0.16 0
55 0.016 0
55 0.16 0
53 0.016 0
53 0.16 0
55 0.016 0
55 0.16 0
53 0.016 0
53 0.16 0
55 0.016 0
55 0.16 0
53 0.016 0
53 0.16 0
55 0.016 0
55 0.16 0
53 0.016 0
53 0.16 0
55 0.016 0
55 0.16 0
53 0.016 0
53 0.16 0
55 0.016 0
55 0.16 0
53 0.016 0
53 0.16 0
55 0.016 0
55 0.16 0
53 0.016 0
53 0.16 0
55 0.016 0
55 0.16 0
53 0.016 0
53 0.16 0
55 0.016 0
55 0.16 0
53 0.016 0
53 0.16 0
55 0.016 0
55 0.16 0
53 0.016 0
53 0.16 0
55 0.016 0
55 0.16 0
53 0.016 0
53 0.16 0
55 0.016 0
55 0.16 0
53 0.016 0
53 0.16 0
55 0.016 0
55 0.16 0
53 0.016 0
53 0.16 0
55 0.016 0
55 0.16 0
53 0.016 0
53 0.16 0
55 0.016 0
55 0.16 0
53 0.016 0
53 0.16 0
55 0.016 0
55 0.16 0
53 0.016 0
53 0.16 0
55 0.016 0
55 0.16 0
53 0.016 0
53 0.16 0
55 0.016 0
55 0.16 0
53 0.016 0
53 0.16 0
55 0.016 0
55 0.16 0
53 0.016 0
53 0.16 0
55 0.016 0
55 0.16 0
53 0.016 0
53 0.16 0
55 0.016 0
55 0.16 0
53 0.016 0
53 0.16 0
55 0.016 0
55 0.16 0
53 0.016 0
53 0.16 0
55 0.016 0
55 0.16 0
53 0.016 0
53 0.16 0
55 0.016 0
55 0.16 0
53 0.016 0
53 0.16 0
55 0.016 0
55 0.16 0
53 0.016 0
53 0.16 0
55 0.016 0
55 0.16 0
53 0.016 0
53 0.16 0
55 0.016 0
55 0.16 0
53 0.016 0
53 0.16 0
55 0.016 0
55 0.16 0
53 0.016 0
53 0.16 0
55 0.016 0
55 0.16 0
53 0.016 0
53 0.16 0
55 0.016 0
55 0.16 0
53 0.016 0
53 0.16 0
55 0.016 0
55 0.16 0
53 0.016 0
53 0.16 0
55 0.016 0
55 0.16 0
53 0.016 0
53 0.16 0
55 0.016 0
55 0.16 0
53 0.016 0
53 0.16 0
55 0.016 0
55 0.16 0
53 0.016 0
53 0.16 0
55 0.016 0
55 0.16 0
53 0.016 0
53 0.16 0
55 0.016 0
55 0.16 0
53 0.016 0
53 0.16 0
55 0.016 0
55 0.16 0
53 0.016 0
53 0.16 0
55 0.016 0
55 0.16 0
53 0.016 0
53 0.16 0
55 0.016 0
55 0.16 0
53 0.016 0
53 0.16 0
55 0.016 0
55 0.16 0
53 0.016 0
53 0.16 0
55 0.016 0
55 0.16 0
53 0.016 0
53 0.16 0
55 0.016 0
55 0.16 0
53 0.016 0
53 0.16 0
55 0.016 0
55 0.16 0
53 0.016 0
53 0.16 0
55 0.016 0
55 0.16 0
53 0.016 0
53 0.16 0
55 0.016 0
55 0.16 0
53 0.016 0
53 0.16 0
55 0.016 0
55 0.16 0
53 0.016 0
53 0.16 0
55 0.016 0
55 0.16 0
53 0.016 0
53 0.16 0
55 0.016 0
55 0.16 0
53 0.016 0
53 0.16 0
55 0.016 0
55 0.16 0
53 0.016 0
53 0.16 0
55 0.016 0
55 0.16 0
53 0.016 0
53 0.16 0
55 0.016 0
55 0.16 0
53 0.016 0
53 0.16 0
55 0.016 0
55 0.16 0
53 0.016 0
53 0.16 0
55 0.016 0
55 0.16 0
53 0.016 0
53 0.16 0
55 0.016 0
55 0.16 0
53 0.016 0
53 0.16 0
55 0.016 0
55 0.16 0
53 0.016 0
53 0.16 0
55 0.016 0
55 0.16 0
53 0.016 0
53 0.16 0
55 0.016 0
55 0.16 0
53 0.016 0
53 0.16 0
55 0.016 0
55 0.16 0
53 0.016 0
53 0.16 0
55 0.016 0
55 0.16 0
53 0.016 0
53 0.16 0
55 0.016 0
55 0.16 0
53 0.016 0
53 0.16 0
55 0.016 0
55 0.16 0
53 0.016 0
53 0.16 0
55 0.016 0
55 0.16 0
53 0.016 0
53 0.16 0
55 0.016 0
55 0.16 0
53 0.016 0
53 0.16 0
55 0.016 0
55 0.16 0
53 0.016 0
53 0.16 0
55 0.016 0
55 0.16 0
53 0.016 0
53 0.16 0
55 0.016 0
55 0.16 0
53 0.016 0
53 0.16 0
55 0.016 0
55 0.16 0
53 0.016 0
53 0.16 0
55 0.016 0
55 0.16 0
53 0.016 0
53 0.16 0
55 0.016 0
55 0.16 0
53 0.016 0
53 0.16 0
55 0.016 0
55 0.16 0
53 0.016 0
53 0.16 0
55 0.016 0
55 0.16 0
53 0.016 0
53 0.16 0
55 0.016 0
55 0.16 0
53 0.016 0
53 0.16 0
55 0.016 0
55 0.16 0
53 0.016 0
53 0.16 0
55 0.016 0
55 0.16 0
53 0.016 0
53 0.16 0
55 0.016 0
55 0.16 0
53 0.016 0
53 0.16 0
55 0.016 0
55 0.16 0
53 0.016 0
53 0.16 0
55 0.016 0
55 0.16 0
53 0.016 0
53 0.16 0
55 0.016 0
55 0.16 0
53 0.016 0
53 0.16 0
55 0.016 0
55 0.16 0
53 0.016 0
53 0.16 0
55 0.016 0
55 0.16 0
53 0.016 0
53 0.16 0
55 0.016 0
55 0.16 0
53 0.016 0
53 0.16 0
55 0.016 0
55 0.16 0
53 0.016 0
53 0.16 0
55 0.016 0
55 0.16 0
53 0.016 0
53 0.16 0
55 0.016 0
55 0.16 0
53 0.016 0
53 0.16 0
55 0.016 0
55 0.16 0
53 0.016 0
53 0.16 0
55 0.016 0
55 0.16 0
53 0.016 0
53 0.16 0
55 0.016 0
55 0.16 0
53 0.016 0
53 0.16 0
55 0.016 0
55 0.16 0
53 0.016 0
53 0.16 0
55 0.016 0
55 0.16 0
53 0.016 0
53 0.16 0
55 0.016 0
55 0.16 0
53 0.016 0
53 0.16 0
55 0.016 0
55 0.16 0
53 0.016 0
53 0.16 0
55 0.016 0
55 0.16 0
53 0.016 0
53 0.16 0
55 0.016 0
55 0.16 0
53 0.016 0
53 0.16 0
55 0.016 0
55 0.16 0
53 0.016 0
53 0.16 0
55 0.016 0
55 0.16 0
53 0.016 0
53 0.16 0
55 0.016 0
55 0.16 0
53 0.016 0
53 0.16 0
55 0.016 0
55 0.16 0
53 0.016 0
53 0.16 0
55 0.016 0
55 0.16 0
53 0.016 0
53 0.16 0
55 0.016 0
55 0.16 0
53 0.016 0
53 0.16 0
55 0.016 0
55 0.16 0
53 0.016 0
53 0.16 0
55 0.016 0
55 0.16 0
53 0.016 0
53 0.16 0
55 0.016 0
55 0.16 0
53 0.016 0
53 0.16 0
55 0.016 0
55 0.16 0
53 0.016 0
53 0.16 0
55 0.016 0
55 0.16 0
53 0.016 0
53 0.16 0
55 0.016 0
55 0.16 0
53 0.016 0
53 0.16 0
55 0.016 0
55 0.16 0
53 0.016 0
53 0.16 0
55 0.016 0
55 0.16 0
53 0.016 0
53 0.16 0
55 0.016 0
55 0.16 0
53 0.016 0
53 0.16 0
55 0.016 0
55 0.16 0
53 0.016 0
53 0.16 0
55 0.016 0
55 0.16 0
53 0.016 0
53 0.16 0
55 0.016 0
55 0.16 0
53 0.016 0
53 0.16 0
55 0.016 0
55 0.16 0
53 0.016 0
53 0.16 0
55 0.016 0
55 0.16 0
53 0.016 0
53 0.16 0
55 0.016 0
55 0.16 0
53 0.016 0
53 0.16 0
55 0.016 0
55 0.16 0
53 0.016 0
53 0.16 0
55 0.016 0
55 0.16 0
53 0.016 0
53 0.16 0
55 0.016 0
55 0.16 0
53 0.016 0
53 0.16 0
55 0.016 0
55 0.16 0
53 0.016 0
53 0.16 0
55 0.016 0
55 0.16 0
53 0.016 0
53 0.16 0
55 0.016 0
55 0.16 0
53 0.016 0
53 0.16 0
55 0.016 0
55 0.16 0
53 0.016 0
53 0.16 0
55 0.016 0
55 0.16 0
53 0.016 0
53 0.16 0
55 0.016 0
55 0.16 0
53 0.016 0
53 0.16 0
55 0.016 0
55 0.16 0
53 0.016 0
53 0.16 0
55 0.016 0
55 0.16 0
53 0.016 0
53 0.16 0
55 0.016 0
55 0.16 0
53 0.016 0
53 0.16 0
55 0.016 0
55 0.16 0
53 0.016 0
53 0.16 0
55 0.016 0
55 0.16 0
53 0.016 0
53 0.16 0
55 0.016 0
55 0.16 0
53 0.016 0
53 0.16 0
55 0.016 0
55 0.16 0
53 0.016 0
53 0.16 0
55 0.016 0
55 0.16 0
53 0.016 0
53 0.16 0
55 0.016 0
55 0.16 0
53 0.016 0
53 0.16 0
55 0.016 0
55 0.16 0
53 0.016 0
53 0.16 0
55 0.016 0
55 0.16 0
53 0.016 0
53 0.16 0
55 0.016 0
55 0.16 0
53 0.016 0
53 0.16 0
55 0.016 0
55 0.16 0
53 0.016 0
53 0.16 0
55 0.016 0
55 0.16 0
53 0.016 0
53 0.16 0
55 0.016 0
55 0.16 0
53 0.016 0
53 0.16 0
55 0.016 0
55 0.16 0
53 0.016 0
53 0.16 0
55 0.016 0
55 0.16 0
53 0.016 0
53 0.16 0
55 0.016 0
55 0.16 0
53 0.016 0
53 0.16 0
55 0.016 0
55 0.16 0
53 0.016 0
53 0.16 0
55 0.016 0
55 0.16 0
53 0.016 0
53 0.16 0
55 0.016 0
55 0.16 0
53 0.016 0
53 0.16 0
55 0.016 0
55 0.16 0
53 0.016 0
53 0.16 0
55 0.016 0
55 0.16 0
53 0.016 0
53 0.16 0
55 0.016 0
55 0.16 0
53 0.016 0
53 0.16 0
55 0.016 0
55 0.16 0
53 0.016 0
53 0.16 0
55 0.016 0
55 0.16 0
53 0.016 0
53 0.16 0
55 0.016 0
55 0.16 0
53 0.016 0
53 0.16 0
55 0.016 0
55 0.16 0
53 0.016 0
53 0.16 0
55 0.016 0
55 0.16 0
53 0.016 0
53 0.16 0
55 0.016 0
55 0.16 0
53 0.016 0
53 0.16 0
55 0.016 0
55 0.16 0
53 0.016 0
53 0.16 0
55 0.016 0
55 0.16 0
53 0.016 0
53 0.16 0
55 0.016 0
55 0.16 0
53 0.016 0
53 0.16 0
55 0.016 0
55 0.16 0
53 0.016 0
53 0.16 0
55 0.016 0
55 0.16 0
53 0.016 0
53 0.16 0
55 0.016 0
55 0.16 0
53 0.016 0
53 0.16 0
55 0.016 0
55 0.16 0
53 0.016 0
53 0.16 0
55 0.016 0
55 0.16 0
53 0.016 0
53 0.16 0
55 0.016 0
55 0.16 0
53 0.016 0
53 0.16 0
55 0.016 0
55 0.16 0
53 0.016 0
53 0.16 0
55 0.016 0
55 0.16 0
53 0.016 0
53 0.16 0
55 0.016 0
55 0.16 0
53 0.016 0
53 0.16 0
55 0.016 0
55 0.16 0
53 0.016 0
53 0.16 0
55 0.016 0
55 0.16 0
53 0.016 0
53 0.16 0
55 0.016 0
55 0.16 0
53 0.016 0
53 0.16 0
55 0.016 0
55 0.16 0
53 0.016 0
53 0.16 0
55 0.016 0
55 0.16 0
53 0.016 0
53 0.16 0
55 0.016 0
55 0.16 0
53 0.016 0
53 0.16 0
55 0.016 0
55 0.16 0
53 0.016 0
53 0.16 0
55 0.016 0
55 0.16 0
53 0.016 0
53 0.16 0
55 0.016 0
55 0.16 0
53 0.016 0
53 0.16 0
55 0.016 0
55 0.16 0
53 0.016 0
53 0.16 0
55 0.016 0
55 0.16 0
53 0.016 0
53 0.16 0
55 0.016 0
55 0.16 0
53 0.016 0
53 0.16 0
55 0.016 0
55 0.16 0
53 0.016 0
53 0.16 0
55 0.016 0
55 0.16 0
53 0.016 0
53 0.16 0
55 0.016 0
55 0.16 0
53 0.016 0
53 0.16 0
55 0.016 0
55 0.16 0
53 0.016 0
53 0.16 0
55 0.016 0
55 0.16 0
53 0.016 0
53 0.16 0
55 0.016 0
55 0.16 0
53 0.016 0
53 0.16 0
55 0.016 0
55 0.16 0
53 0.016 0
53 0.16 0
55 0.016 0
55 0.16 0
53 0.016 0
53 0.16 0
55 0.016 0
55 0.16 0
53 0.016 0
53 0.16 0
55 0.016 0
55 0.16 0
53 0.016 0
53 0.16 0
55 0.016 0
55 0.16 0
53 0.016 0
53 0.16 0
55 0.016 0
55 0.16 0
53 0.016 0
53 0.16 0
55 0.016 0
55 0.16 0
53 0.016 0
53 0.16 0
55 0.016 0
55 0.16 0
53 0.016 0
53 0.16 0
55 0.016 0
55 0.16 0
53 0.016 0
53 0.16 0
55 0.016 0
55 0.16 0
53 0.016 0
53 0.16 0
55 0.016 0
55 0.16 0
53 0.016 0
53 0.16 0
55 0.016 0
55 0.16 0
53 0.016 0
53 0.16 0
55 0.016 0
55 0.16 0
53 0.016 0
53 0.16 0
55 0.016 0
55 0.16 0
53 0.016 0
53 0.16 0
55 0.016 0
55 0.16 0
53 0.016 0
53 0.16 0
55 0.016 0
55 0.16 0
53 0.016 0
53 0.16 0
55 0.016 0
55 0.16 0
53 0.016 0
53 0.16 0
55 0.016 0
55 0.16 0
53 0.016 0
53 0.16 0
55 0.016 0
55 0.16 0
53 0.016 0
53 0.16 0
55 0.016 0
55 0.16 0
53 0.016 0
53 0.16 0
55 0.016 0
55 0.16 0
53 0.016 0
53 0.16 0
55 0.016 0
55 0.16 0
53 0.016 0
53 0.16 0
55 0.016 0
55 0.16 0
53 0.016 0
53 0.16 0
55 0.016 0
55 0.16 0
53 0.016 0
53 0.16 0
55 0.016 0
55 0.16 0
53 0.016 0
53 0.16 0
55 0.016 0
55 0.16 0
53 0.016 0
53 0.16 0
55 0.016 0
55 0.16 0
53 0.016 0
53 0.16 0
55 0.016 0
55 0.16 0
53 0.016 0
53 0.16 0
55 0.016 0
55 0.16 0
53 0.016 0
53 0.16 0
55 0.016 0
55 0.16 0
53 0.016 0
53 0.16 0
55 0.016 0
55 0.16 0
53 0.016 0
53 0.16 0
55 0.016 0
55 0.16 0
53 0.016 0
53 0.16 0
55 0.016 0
55 0.16 0
53 0.016 0
53 0.16 0
55 0.016 0
55 0.16 0
53 0.016 0
53 0.16 0
55 0.016 0
55 0.16 0
53 0.016 0
53 0.16 0
55 0.016 0
55 0.16 0
53 0.016 0
53 0.16 0
55 0.016 0
55 0.16 0
53 0.016 0
53 0.16 0
55 0.016 0
55 0.16 0
53 0.016 0
53 0.16 0
55 0.016 0
55 0.16 0
53 0.016 0
53 0.16 0
55 0.016 0
55 0.16 0
53 0.016 0
53 0.16 0
55 0.016 0
55 0.16 0
53 0.016 0
53 0.16 0
55 0.016 0
55 0.16 0
53 0.016 0
53 0.16 0
55 0.016 0
55 0.16 0
53 0.016 0
53 0.16 0
55 0.016 0
55 0.16 0
53 0.016 0
53 0.16 0
55 0.016 0
55 0.16 0
53 0.016 0
53 0.16 0
55 0.016 0
55 0.16 0
53 0.016 0
53 0.16 0
55 0.016 0
55 0.16 0
53 0.016 0
53 0.16 0
55 0.016 0
55 0.16 0
53 0.016 0
53 0.16 0
55 0.016 0
55 0.16 0
53 0.016 0
53 0.16 0
55 0.016 0
55 0.16 0
53 0.016 0
53 0.16 0
55 0.016 0
55 0.16 0
53 0.016 0
53 0.16 0
55 0.016 0
55 0.16 0
53 0.016 0
53 0.16 0
55 0.016 0
55 0.16 0
53 0.016 0
53 0.16 0
55 0.016 0
55 0.16 0
53 0.016 0
53 0.16 0
55 0.016 0
55 0.16 0
53 0.016 0
53 0.16 0
55 0.016 0
55 0.16 0
53 0.016 0
53 0.16 0
55 0.016 0
55 0.16 0
53 0.016 0
53 0.16 0
55 0.016 0
55 0.16 0
53 0.016 0
53 0.16 0
55 0.016 0
55 0.16 0
53 0.016 0
53 0.16 0
55 0.016 0
55 0.16 0
53 0.016 0
53 0.16 0
55 0.016 0
55 0.16 0
53 0.016 0
53 0.16 0
55 0.016 0
55 0.16 0
53 0.016 0
53 0.16 0
55 0.016 0
55 0.16 0
53 0.016 0
53 0.16 0
55 0.016 0
55 0.16 0
53 0.016 0
53 0.16 0
55 0.016 0
55 0.16 0
53 0.016 0
53 0.16 0
55 0.016 0
55 0.16 0
53 0.016 0
53 0.16 0
55 0.016 0
55 0.16 0
53 0.016 0
53 0.16 0
55 0.016 0
55 0.16 0
53 0.016 0
53 0.16 0
55 0.016 0
55 0.16 0
53 0.016 0
53 0.16 0
55 0.016 0
55 0.16 0
53 0.016 0
53 0.16 0
55 0.016 0
55 0.16 0
53 0.016 0
53 0.16 0
55 0.016 0
55 0.16 0
53 0.016 0
53 0.16 0
55 0.016 0
55 0.16 0
53 0.016 0
53 0.16 0
55 0.016 0
55 0.16 0
53 0.016 0
53 0.16 0
55 0.016 0
55 0.16 0
53 0.016 0
53 0.16 0
55 0.016 0
55 0.16 0
53 0.016 0
53 0.16 0
55 0.016 0
55 0.16 0
53 0.016 0
53 0.16 0
55 0.016 0
55 0.16 0
53 0.016 0
53 0.16 0
55 0.016 0
55 0.16 0
53 0.016 0
53 0.16 0
55 0.016 0
55 0.16 0
53 0.016 0
53 0.16 0
55 0.016 0
55 0.16 0
53 0.016 0
53 0.16 0
55 0.016 0
55 0.16 0
53 0.016 0
53 0.16 0
55 0.016 0
55 0.16 0
53 0.016 0
53 0.16 0
55 0.016 0
55 0.16 0
53 0.016 0
53 0.16 0
55 0.016 0
55 0.16 0
53 0.016 0
53 0.16 0
55 0.016 0
55 0.16 0
53 0.016 0
53 0.16 0
55 0.016 0
55 0.16 0
53 0.016 0
53 0.16 0
55 0.016 0
55 0.16 0
53 0.016 0
53 0.16 0
55 0.016 0
55 0.16 0
53 0.016 0
53 0.16 0
55 0.016 0
55 0.16 0
53 0.016 0
53 0.16 0
55 0.016 0
55 0.16 0
53 0.016 0
53 0.16 0
55 0.016 0
55 0.16 0
53 0.016 0
53 0.16 0
55 0.016 0
55 0.16 0
53 0.016 0
53 0.16 0
55 0.016 0
55 0.16 0
53 0.016 0
53 0.16 0
55 0.016 0
55 0.16 0
53 0.016 0
53 0.16 0
55 0.016 0
55 0.16 0
53 0.016 0
53 0.16 0
55 0.016 0
55 0.16 0
53 0.016 0
53 0.16 0
55 0.016 0
55 0.16 0
53 0.016 0
53 0.16 0
55 0.016 0
55 0.16 0
53 0.016 0
53 0.16 0
55 0.016 0
55 0.16 0
53 0.016 0
53 0.16 0
55 0.016 0
55 0.16 0
53 0.016 0
53 0.16 0
55 0.016 0
55 0.16 0
53 0.016 0
53 0.16 0
55 0.016 0
55 0.16 0
53 0.016 0
53 0.16 0
55 0.016 0
55 0.16 0
53 0.016 0
53 0.16 0
55 0.016 0
55 0.16 0
53 0.016 0
53 0.16 0
55 0.016 0
55 0.16 0
53 0.016 0
53 0.16 0
55 0.016 0
55 0.16 0
53 0.016 0
53 0.16 0
55 0.016 0
55 0.16 0
53 0.016 0
53 0.16 0
55 0.016 0
55 0.16 0
53 0.016 0
53 0.16 0
55 0.016 0
55 0.16 0
53 0.016 0
53 0.16 0
55 0.016 0
55 0.16 0
53 0.016 0
53 0.16 0
55 0.016 0
55 0.16 0
53 0.016 0
53 0.16 0
55 0.016 0
55 0.16 0
53 0.016 0
53 0.16 0
55 0.016 0
55 0.16 0
53 0.016 0
53 0.16 0
55 0.016 0
55 0.16 0
53 0.016 0
53 0.16 0
55 0.016 0
55 0.16 0
53 0.016 0
53 0.16 0
55 0.016 0
55 0.16 0
53 0.016 0
53 0.16 0
55 0.016 0
55 0.16 0
53 0.016 0
53 0.16 0
55 0.016 0
55 0.16 0
53 0.016 0
53 0.16 0
55 0.016 0
55 0.16 0
53 0.016 0
53 0.16 0
55 0.016 0
55 0.16 0
53 0.016 0
53 0.16 0
55 0.016 0
55 0.16 0
53 0.016 0
53 0.16 0
55 0.016 0
55 0.16 0
53 0.016 0
53 0.16 0
55 0.016 0
55 0.16 0
53 0.016 0
53 0.16 0
55 0.016 0
55 0.16 0
53 0.016 0
53 0.16 0
55 0.016 0
55 0.16 0
53 0.016 0
53 0.16 0
55 0.016 0
55 0.16 0
53 0.016 0
53 0.16 0
55 0.016 0
55 0.16 0
53 0.016 0
53 0.16 0
55 0.016 0
55 0.16 0
53 0.016 0
53 0.16 0
55 0.016 0
55 0.16 0
53 0.016 0
53 0.16 0
55 0.016 0
55 0.16 0
53 0.016 0
53 0.16 0
55 0.016 0
55 0.16 0
53 0.016 0
53 0.16 0
55 0.016 0
55 0.16 0
53 0.016 0
53 0.16 0
55 0.016 0
55 0.16 0
53 0.016 0
53 0.16 0
55 0.016 0
55 0.16 0
53 0.016 0
53 0.16 0
55 0.016 0
55 0.16 0
53 0.016 0
53 0.16 0
55 0.016 0
55 0.16 0
53 0.016 0
53 0.16 0
55 0.016 0
55 0.16 0
53 0.016 0
53 0.16 0
55 0.016 0
55 0.16 0
53 0.016 0
53 0.16 0
55 0.016 0
55 0.16 0
53 0.016 0
53 0.16 0
55 0.016 0
55 0.16 0
53 0.016 0
53 0.16 0
55 0.016 0
53 0.016 0
53 0.16 0
55 0.016 0
53 0.016 0
53 0.16 0
55 0.016 0
53 0.016 0
53 0.16 0
55 0.016 0
53 0.016 0
53 0.016 0
53 0.016 0
53 0.016 0
53 0.016 0
52 0.16 1.619
54 0.16 1.619
51 0.16 0.964
55 0.16 0.752
53 0.16 0.752
52 0.16 2.211
54 0.16 2.211
51 0.16 1.556
55 0.16 0.788
53 0.16 0.788
52 0.16 2.247
54 0.16 2.247
51 0.16 1.592
55 0.16 0.993
53 0.16 0.993
52 0.16 2.452
54 0.16 2.452
51 0.16 1.797
55 0.16 1.253
53 0.16 1.253
52 0.16 2.712
54 0.16 2.712
51 0.16 2.057
55 0.16 1.481
53 0.16 1.481
52 0.16 2.94
54 0.16 2.94
51 0.16 2.285
55 0.16 1.842
53 0.16 1.842
52 0.16 3.301
54 0.16 3.301
51 0.16 2.646
55 0.16 2.045
53 0.16 2.045
52 0.16 3.504
54 0.16 3.504
51 0.16 2.849
55 0.16 1.938
53 0.16 1.938
52 0.16 3.397
54 0.16 3.397
51 0.16 2.742
55 0.16 2.007
53 0.16 2.007
52 0.16 3.466
54 0.16 3.466
51 0.16 2.811
55 0.16 2.076
53 0.16 2.076
52 0.16 3.535
54 0.16 3.535
54 0.016 3.375
54 0.16 3.359
54 0.016 3.199
54 0.16 3.183
54 0.016 3.023
54 0.16 3.007
54 0.016 2.847
54 0.16 2.831
54 0.016 2.671
54 0.16 2.655
54 0.016 2.495
54 0.16 2.479
54 0.016 2.319
54 0.16 2.303
54 0.016 2.143
54 0.16 2.127
54 0.016 1.967
54 0.16 1.951
54 0.016 1.791
54 0.16 1.775
54 0.016 1.615
54 0.16 1.599
54 0.016 1.439
54 0.16 1.423
54 0.016 1.263
54 0.16 1.247
54 0.016 1.087
54 0.16 1.071
54 0.016 0.911
54 0.16 0.895
54 0.016 0.735
54 0.16 0.719
54 0.016 0.559
54 0.16 0.543
54 0.016 0.383
54 0.16 0.367
51 0.16 2.88
55 0.16 2.511
53 0.16 2.511
52 0.16 3.97
54 0.16 0.802
54 0.016 0.642
54 0.16 0.626
54 0.016 0.466
54 0.16 0.45
54 0.016 0.29
54 0.16 0.274
54 0.016 0.114
54 0.16 0.098
54 0.016 0
54 0.16 0
54 0.016 0
54 0.16 0
54 0.016 0
54 0.16 0
54 0.016 0
54 0.16 0
54 0.016 0
54 0.16 0
54 0.016 0
54 0.16 0
54 0.016 0
54 0.16 0
54 0.016 0
54 0.16 0
54 0.016 0
54 0.16 0
54 0.016 0
54 0.16 0
54 0.016 0
54 0.16 0
54 0.016 0
54 0.16 0
54 0.016 0
54 0.16 0
54 0.016 0
54 0.16 0
54 0.016 0
54 0.16 0
54 0.016 0
54 0.16 0
54 0.016 0
54 0.16 0
54 0.016 0
54 0.16 0
54 0.016 0
54 0.16 0
54 0.016 0
54 0.16 0
54 0.016 0
54 0.16 0
54 0.016 0
54 0.16 0
54 0.016 0
54 0.16 0
54 0.016 0
54 0.16 0
54 0.016 0
54 0.16 0
54 0.016 0
54 0.16 0
54 0.016 0
54 0.16 0
54 0.016 0
54 0.16 0
54 0.016 0
51 0.16 3.315
55 0.16 3.03
53 0.16 3.03
52 0.16 4.489
54 0.16 0.679
54 0.016 0.519
54 0.16 0.503
54 0.016 0.343
54 0.16 0.327
54 0.016 0.167
54 0.16 0.151
54 0.016 0
54 0.16 0
54 0.016 0
54 0.16 0
54 0.016 0
54 0.16 0
54 0.016 0
54 0.16 0
54 0.016 0
54 0.16 0
54 0.016 0
54 0.16 0
54 0.016 0
54 0.16 0
54 0.016 0
54 0.16 0
54 0.016 0
54 0.16 0
54 0.016 0
54 0.16 0
54 0.016 0
54 0.16 0
54 0.016 0
54 0.16 0
54 0.016 0
54 0.16 0
54 0.016 0
54 0.16 0
54 0.016 0
54 0.16 0
54 0.016 0
54 0.16 0
51 0.16 3.834
55 0.16 3.597
53 0.16 3.597
52 0.16 5
54 0.16 0.727
51 0.16 4.401
52 0.016 4.84
52 0.16 4.824
52 0.016 4.664
52 0.16 4.648
52 0.016 4.488
52 0.16 4.472
52 0.016 4.312
52 0.16 4.296
52 0.016 4.136
52 0.16 4.12
52 0.016 3.96
52 0.16 3.944
52 0.016 3.784
52 0.16 3.768
52 0.016 3.608
52 0.16 3.592
52 0.016 3.432
52 0.16 3.416
52 0.016 3.256
52 0.16 3.24
52 0.016 3.08
52 0.16 3.064
52 0.016 2.904
52 0.16 2.888
52 0.016 2.728
52 0.16 2.712
52 0.016 2.552
52 0.16 2.536
52 0.016 2.376
52 0.16 2.36
52 0.016 2.2
52 0.16 2.184
52 0.016 2.024
52 0.16 2.008
52 0.016 1.848
52 0.16 1.832
52 0.016 1.672
52 0.16 1.656
52 0.016 1.496
52 0.16 1.48
52 0.016 1.32
52 0.16 1.304
52 0.016 1.144
52 0.16 1.128
52 0.016 0.968
52 0.16 0.952
52 0.016 0.792
52 0.16 0.776
52 0.016 0.616
52 0.16 0.6
52 0.016 0.44
52 0.16 0.424
52 0.016 0.264
52 0.16 0.248
52 0.016 0.088
52 0.16 0.072
52 0.016 0
52 0.16 0
52 0.016 0
52 0.16 0
52 0.016 0
52 0.16 0
52 0.016 0
52 0.16 0
52 0.016 0
52 0.16 0
52 0.016 0
52 0.16 0
52 0.016 0
52 0.16 0
52 0.016 0
52 0.16 0
52 0.016 0
52 0.16 0
52 0.016 0
52 0.16 0
52 0.016 0
52 0.16 0
52 0.016 0
52 0.16 0
52 0.016 0
52 0.16 0
52 0.016 0
52 0.16 0
52 0.016 0
52 0.16 0
52 0.016 0
52 0.16 0
52 0.016 0
52 0.16 0
52 0.016 0
52 0.16 0
52 0.016 0
52 0.16 0
52 0.016 0
52 0.16 0
52 0.016 0
52 0.16 0
52 0.016 0
52 0.16 0
52 0.016 0
52 0.16 0
52 0.016 0
52 0.16 0
52 0.016 0
52 0.16 0
52 0.016 0
52 0.16 0
52 0.016 0
52 0.16 0
52 0.016 0
52 0.16 0
52 0.016 0
52 0.16 0
52 0.016 0
52 0.16 0
52 0.016 0
52 0.16 0
52 0.016 0
52 0.16 0
52 0.016 0
52 0.16 0
52 0.016 0
52 0.16 0
52 0.016 0
52 0.16 0
55 0.16 3.731
53 0.16 3.731
52 0.16 0.294
54 0.16 0.861
51 0.16 4.535
52 0.016 0.338
52 0.16 0.322
52 0.016 0.162
52 0.16 0.146
52 0.016 0
52 0.16 0
52 0.016 0
52 0.16 0
52 0.016 0
52 0.16 0
52 0.016 0
52 0.16 0
52 0.016 0
52 0.16 0
52 0.016 0
52 0.16 0
52 0.016 0
52 0.16 0
52 0.016 0
52 0.16 0
52 0.016 0
52 0.16 0
52 0.016 0
52 0.16 0
52 0.016 0
52 0.16 0
52 0.016 0
52 0.16 0
52 0.016 0
52 0.16 0
52 0.016 0
52 0.16 0
52 0.016 0
52 0.16 0
52 0.016 0
52 0.16 0
52 0.016 0
52 0.16 0
52 0.016 0
52 0.16 0
52 0.016 0
52 0.16 0
52 0.016 0
52 0.16 0
52 0.016 0
52 0.16 0
52 0.016 0
52 0.16 0
52 0.016 0
52 0.16 0
52 0.016 0
52 0.16 0
52 0.016 0
52 0.16 0
52 0.016 0
52 0.16 0
52 0.016 0
52 0.16 0
52 0.016 0
52 0.16 0
52 0.016 0
52 0.16 0
52 0.016 0
52 0.16 0
52 0.016 0
52 0.16 0
52 0.016 0
55 0.16 3.775
53 0.16 3.775
52 0.16 0
52 0.016 0
52 0.16 0
52 0.016 0
52 0.16 0
52 0.016 0
52 0.16 0
52 0.016 0
52 0.16 0
52 0.016 0
52 0.16 0
52 0.016 0
52 0.16 0
52 0.016 0
52 0.16 0
52 0.016 0
52 0.16 0
52 0.016 0
52 0.16 0
52 0.016 0
52 0.16 0
52 0.016 0
52 0.16 0
52 0.016 0
52 0.16 0
52 0.016 0
52 0.16 0
52 0.016 0
52 0.16 0
52 0.016 0
52 0.16 0
52 0.016 0
52 0.16 0
52 0.016 0
52 0.16 0
52 0.016 0
52 0.16 0
54 0.16 0.905
54 0.016 0.745
54 0.16 0.729
54 0.016 0.569
51 0.16 4.579
55 0.16 3.781
53 0.16 3.781
52 0.16 0.166
54 0.16 0.719
51 0.16 4.585
55 0.16 3.798
53 0.16 3.798
52 0.16 0.183
52 0.016 0.023
52 0.16 0.007
52 0.016 0
52 0.16 0
52 0.016 0
52 0.16 0
52 0.016 0
52 0.16 0
52 0.016 0
52 0.16 0
52 0.016 0
52 0.16 0
52 0.016 0
52 0.16 0
52 0.016 0
52 0.16 0
52 0.016 0
52 0.16 0
52 0.016 0
52 0.16 0
52 0.016 0
52 0.16 0
52 0.016 0
52 0.16 0
52 0.016 0
52 0.16 0
52 0.016 0
52 0.16 0
52 0.016 0
52 0.16 0
52 0.016 0
52 0.16 0
52 0.016 0
52 0.16 0
52 0.016 0
52 0.16 0
54 0.16 0.736
54 0.016 0.576
54 0.16 0.56
54 0.016 0.4
54 0.16 0.384
54 0.016 0.224
54 0.16 0.208
54 0.016 0.048
54 0.16 0.032
54 0.016 0
54 0.16 0
54 0.016 0
54 0.16 0
54 0.016 0
54 0.16 0
54 0.016 0
54 0.16 0
54 0.016 0
54 0.16 0
54 0.016 0
54 0.16 0
54 0.016 0
54 0.16 0
54 0.016 0
54 0.16 0
54 0.016 0
54 0.16 0
54 0.016 0
54 0.16 0
54 0.016 0
54 0.16 0
54 0.016 0
54 0.16 0
54 0.016 0
54 0.16 0
54 0.016 0
54 0.16 0
54 0.016 0
54 0.16 0
54 0.016 0
54 0.16 0
54 0.016 0
54 0.16 0
54 0.016 0
54 0.16 0
54 0.016 0
54 0.16 0
54 0.016 0
54 0.16 0
54 0.016 0
54 0.16 0
54 0.016 0
54 0.16 0
54 0.016 0
54 0.16 0
54 0.016 0
54 0.16 0
54 0.016 0
54 0.16 0
54 0.016 0
54 0.16 0
54 0.016 0
54 0.16 0
54 0.016 0
54 0.16 0
54 0.016 0
54 0.16 0
54 0.016 0
54 0.16 0
54 0.016 0
54 0.16 0
54 0.016 0
51 0.16 4.602
55 0.16 4.333
53 0.16 4.333
52 0.16 0.695
54 0.16 0.695
51 0.16 5
55 0.16 4.328
53 0.16 4.328
52 0.16 0.69
54 0.16 0.69
51 0.16 4.995
55 0.16 4.875
53 0.16 4.875
52 0.16 1.237
54 0.16 1.237
51 0.16 5
55 0.16 5
53 0.16 5
52 0.16 1.569
54 0.16 1.569
51 0.16 5
55 0.16 5
53 0.16 5
52 0.16 2.108
54 0.16 2.108
51 0.16 5
55 0.16 5
53 0.16 5
52 0.16 2.166
54 0.16 2.166
51 0.16 5
55 0.16 5
53 0.16 5
52 0.16 2.64
54 0.16 2.64
51 0.16 5
55 0.16 5
53 0.16 5
52 0.16 2.775
54 0.16 2.775
51 0.16 5
55 0.16 5
53 0.16 5
52 0.16 2.889
54 0.16 2.889
51 0.16 5
55 0.016 5
55 0.16 4.984
55 0.016 4.824
55 0.16 4.808
55 0.016 4.648
55 0.16 4.632
55 0.016 4.472
55 0.16 4.456
55 0.016 4.296
55 0.16 4.28
55 0.16 4.12
53 0.16 5
52 0.16 3.295
54 0.16 3.295
51 0.16 5
55 0.16 4.097
53 0.16 4.977
52 0.16 3.272
54 0.16 3.272
51 0.16 4.977
55 0.16 3.977
53 0.16 4.857
52 0.16 3.152
54 0.16 3.152
51 0.16 4.857
55 0.16 4.516
53 0.16 5
52 0.16 3.691
54 0.16 3.691
51 0.16 5
55 0.16 5
53 0.16 5
52 0.16 4.219
54 0.16 4.219
51 0.16 5
55 0.16 5
53 0.16 5
52 0.16 4.436
54 0.16 4.436
51 0.16 5
55 0.16 5
53 0.16 5
52 0.16 4.549
54 0.16 4.549
51 0.16 5
55 0.16 5
53 0.16 5
52 0.16 4.725