51 1
40 1
39 1
38 1
37 1
35 1
34 1
33 1
32 1
31 1
30 1
28 1
27 1
26 1
55 2
23 2
25 2
51 6
42 6
40 6
39 6
38 6
37 6
35 6
34 6
33 6
32 6
31 6
30 6
28 6
27 6
26 6
55 7
25 7
51 11
44 11
45 11
46 11
47 11
48 11
46 11
45 11
44 11
43 11
41 11
40 11
39 11
38 11
37 11
35 11
34 11
33 11
32 11
31 11
30 11
28 11
27 11
26 11
55 12
26 12
27 12
28 12
29 12
27 12
26 12
51 16
46 16
45 16
44 16
43 16
41 16
40 16
39 16
38 16
37 16
35 16
34 16
33 16
32 16
31 16
30 16
28 16
27 16
26 16
54 0
54 5
54 10
54 15
52 4
54 4
52 9
54 9
52 14
54 14
52 0
54 0
52 5
54 5
52 10
54 10
52 15
54 15
52 4
54 4
52 9
54 9
52 14
54 14
52 0
54 0
52 5
54 5
52 10
54 10
52 15
54 15
52 4
54 4
52 9
54 9
52 14
54 14
52 0
54 0
52 5
54 5
52 10
54 10
52 15
54 15
52 4
54 4
52 9
54 9
52 14
54 14
52 0
54 0
52 5
54 5
52 10
54 10
52 15
54 15
52 4
54 4
52 9
54 9
52 14
54 14
52 0
54 0
52 5
54 5
52 10
54 10
52 15
54 15
52 4
54 4
52 9
54 9
52 14
54 14
52 0
54 0
52 5
54 5
52 10
54 10
52 15
54 15
52 4
54 4
52 9
54 9
52 14
54 14
52 0
54 0
52 5
54 5
52 10
54 10
52 15
54 15
52 4
54 4
52 9
54 9
52 14
54 14
52 0
54 0
52 5
54 5
52 10
54 10
52 15
54 15
52 4
54 4
52 9
54 9
52 14
54 14
52 0
54 0
52 5
54 5
52 10
54 10
52 15
54 15
52 4
54 4
52 9
54 9
52 14
54 14
52 0
54 0
52 5
54 5
52 10
54 10
52 15
54 15
52 4
54 4
52 9
54 9
52 14
54 14
52 0
54 0
52 5
54 5
52 10
54 10
52 15
54 15
52 4
54 4
52 9
54 9
52 14
54 14
52 0
54 0
52 5
54 5
52 10
54 10
52 15
54 15
52 4
54 4
52 9
54 9
52 14
54 14
52 0
54 0
52 5
54 5
52 10
54 10
52 15
54 15
52 4
54 4
52 9
54 9
52 14
54 14
52 0
54 0
52 5
54 5
52 10
54 10
52 15
54 15
52 4
54 4
52 9
54 9
52 14
54 14
52 0
54 0
52 5
54 5
52 10
54 10
52 15
54 15
52 4
54 4
52 9
54 9
52 14
54 14
52 0
54 0
52 5
54 5
52 10
54 10
52 15
54 15
52 4
54 4
52 9
54 9
52 14
54 14
52 0
54 0
52 5
54 5
52 10
54 10
52 15
54 15
52 4
54 4
52 9
54 9
52 14
54 14
52 0
54 0
52 5
54 5
52 10
54 10
52 15
54 15
52 4
54 4
52 9
54 9
52 14
54 14
52 0
54 0
52 5
54 5
52 10
54 10
52 15
54 15
52 4
54 4
52 9
54 9
52 14
54 14
52 0
54 0
52 5
54 5
52 10
54 10
52 15
54 15
52 4
54 4
52 9
54 9
52 14
54 14
52 0
54 0
52 5
54 5
52 10
54 10
52 15
54 15
52 4
54 4
52 9
54 9
52 14
54 14
52 0
54 0
52 5
54 5
52 10
54 10
52 15
54 15
52 4
54 4
52 9
54 9
52 14
54 14
52 0
54 0
52 5
54 5
52 10
54 10
52 15
54 15
52 4
54 4
52 9
54 9
52 14
54 14
52 0
54 0
52 5
54 5
52 10
54 10
52 15
54 15
52 4
54 4
52 9
54 9
52 14
54 14
52 0
54 0
52 5
54 5
52 10
54 10
52 15
54 15
52 4
54 4
52 9
54 9
52 14
54 14
52 0
54 0
52 5
54 5
52 10
54 10
52 15
54 15
52 4
54 4
52 9
54 9
52 14
54 14
52 0
54 0
52 5
54 5
52 10
54 10
52 15
54 15
52 4
54 4
52 9
54 9
52 14
54 14
52 0
54 0
52 5
54 5
52 10
54 10
52 15
54 15
52 4
54 4
52 9
54 9
52 14
54 14
52 0
54 0
52 5
54 5
52 10
54 10
52 15
54 15
52 4
54 4
52 9
54 9
52 14
54 14
52 0
54 0
52 5
54 5
52 10
54 10
52 15
54 15
52 4
54 4
52 9
54 9
52 14
54 14
52 0
54 0
52 5
54 5
52 10
54 10
52 15
54 15
52 4
54 4
52 9
54 9
52 14
54 14
52 0
54 0
52 5
54 5
52 10
54 10
52 15
54 15
52 4
54 4
52 9
54 9
52 14
54 14
52 0
54 0
52 5
54 5
52 10
54 10
52 15
54 15
52 4
54 4
52 9
54 9
52 14
54 14
52 0
54 0
52 5
54 5
52 10
54 10
52 15
54 15
52 4
54 4
52 9
54 9
52 14
54 14
52 0
54 0
52 5
54 5
52 10
54 10
52 15
54 15
52 4
54 4
52 9
54 9
52 14
54 14
52 0
54 0
52 5
54 5
52 10
54 10
52 15
54 15
52 4
54 4
52 9
54 9
52 14
54 14
52 0
54 0
52 5
54 5
52 10
54 10
52 15
54 15
52 4
54 4
52 9
54 9
52 14
54 14
52 0
54 0
52 5
54 5
52 10
54 10
52 15
54 15
52 4
54 4
52 9
54 9
52 14
54 14
52 0
54 0
52 5
54 5
52 10
54 10
52 15
54 15
52 4
54 4
52 9
54 9
52 14
54 14
52 0
54 0
52 5
54 5
52 10
54 10
52 15
54 15
52 4
54 4
52 9
54 9
52 14
54 14
52 0
54 0
52 5
54 5
52 10
54 10
52 15
54 15
52 4
54 4
52 9
54 9
52 14
54 14
52 0
54 0
52 5
54 5
52 10
54 10
52 15
54 15
52 4
54 4
52 9
54 9
52 14
54 14
52 0
54 0
52 5
54 5
52 10
54 10
52 15
54 15
52 4
54 4
52 9
54 9
52 14
54 14
52 0
54 0
52 5
54 5
52 10
54 10
52 15
54 15
52 4
54 4
52 9
54 9
52 14
54 14
52 0
54 0
52 5
54 5
52 10
54 10
52 15
54 15
52 4
54 4
52 9
54 9
52 14
54 14
52 0
54 0
52 5
54 5
52 10
54 10
52 15
54 15
52 4
54 4
52 9
54 9
52 14
54 14
52 0
54 0
52 5
54 5
52 10
54 10
52 15
54 15
52 4
54 4
52 9
54 9
52 14
54 14
52 0
54 0
52 5
54 5
52 10
54 10
52 15
54 15
52 4
54 4
52 9
54 9
52 14
54 14
52 0
54 0
52 5
54 5
52 10
54 10
52 15
54 15
52 4
54 4
52 9
54 9
52 14
54 14
52 0
52 5
52 10
52 15
55 17
28 17
27 17
26 17
51 21
48 21
46 21
45 21
44 21
43 21
41 21
40 21
39 21
38 21
37 21
35 21
34 21
33 21
32 21
31 21
30 21
28 21
27 21
26 21
51 26
50 26
49 26
47 26
46 26
45 26
44 26
43 26
41 26
40 26
39 26
38 26
37 26
35 26
34 26
33 26
32 26
31 26
30 26
28 26
27 26
26 26
52 19
51 19
49 19
47 19
46 19
52 24
45 19
51 24
44 19
49 24
43 19
47 24
41 19
46 24
40 19
45 24
39 19
44 24
38 19
43 24
37 19
41 24
35 19
40 24
34 19
39 24
33 19
38 24
32 19
37 24
31 19
35 24
30 19
34 24
28 19
33 24
27 19
32 24
26 19
31 24
30 24
28 24
27 24
26 24
52 29
51 29
49 29
47 29
46 29
45 29
44 29
43 29
41 29
40 29
39 29
38 29
37 29
35 29
34 29
33 29
32 29
31 29
30 29
28 29
27 29
26 29
51 31
48 31
46 31
45 31
44 31
43 31
41 31
40 31
39 31
38 31
37 31
35 31
34 31
33 31
32 31
31 31
30 31
28 31
27 31
26 31
54 20
54 25
54 30
53 3
54 3
53 8
54 8
53 13
54 13
53 18
54 18
53 23
54 23
53 28
54 28
53 20
54 20
53 25
54 25
53 30
54 30
53 3
54 3
53 8
54 8
53 13
54 13
53 18
54 18
53 23
54 23
53 28
54 28
53 20
54 20
53 25
54 25
53 30
54 30
53 3
54 3
53 8
54 8
53 13
54 13
53 18
54 18
53 23
54 23
53 28
54 28
53 20
54 20
53 25
54 25
53 30
54 30
53 3
54 3
53 8
54 8
53 13
54 13
53 18
54 18
53 23
54 23
53 28
54 28
53 20
54 20
53 25
54 25
53 30
54 30
53 3
54 3
53 8
54 8
53 13
54 13
53 18
54 18
53 23
54 23
53 28
54 28
53 20
54 20
53 25
54 25
53 30
54 30
53 3
54 3
53 8
54 8
53 13
54 13
53 18
54 18
53 23
54 23
53 28
54 28
53 20
54 20
53 25
54 25
53 30
54 30
53 3
54 3
53 8
54 8
53 13
54 13
53 18
54 18
53 23
54 23
53 28
54 28
53 20
54 20
53 25
54 25
53 30
54 30
53 3
54 3
53 8
54 8
53 13
54 13
53 18
54 18
53 23
54 23
53 28
54 28
53 20
54 20
53 25
54 25
53 30
54 30
53 3
54 3
53 8
54 8
53 13
54 13
53 18
54 18
53 23
54 23
53 28
54 28
53 20
54 20
53 25
54 25
53 30
54 30
53 3
54 3
53 8
54 8
53 13
54 13
53 18
54 18
53 23
54 23
53 28
54 28
53 20
54 20
53 25
54 25
53 30
54 30
53 3
54 3
53 8
54 8
53 13
54 13
53 18
54 18
53 23
54 23
53 28
54 28
53 20
54 20
53 25
54 25
53 30
54 30
53 3
54 3
53 8
54 8
53 13
54 13
53 18
54 18
53 23
54 23
53 28
54 28
53 20
54 20
53 25
54 25
53 30
54 30
53 3
54 3
53 8
54 8
53 13
54 13
53 18
54 18
53 23
54 23
53 28
54 28
53 20
54 20
53 25
54 25
53 30
54 30
53 3
54 3
53 8
54 8
53 13
54 13
53 18
54 18
53 23
54 23
53 28
54 28
53 20
54 20
53 25
54 25
53 30
54 30
53 3
54 3
53 8
54 8
53 13
54 13
53 18
54 18
53 23
54 23
53 28
54 28
53 20
54 20
53 25
54 25
53 30
54 30
53 3
54 3
53 8
54 8
53 13
54 13
53 18
54 18
53 23
54 23
53 28
54 28
53 20
54 20
53 25
54 25
53 30
54 30
53 3
54 3
53 8
54 8
53 13
54 13
53 18
54 18
53 23
54 23
53 28
54 28
53 20
54 20
53 25
54 25
53 30
54 30
53 3
54 3
53 8
54 8
53 13
54 13
53 18
54 18
53 23
54 23
53 28
54 28
53 20
54 20
53 25
54 25
53 30
54 30
53 3
54 3
53 8
54 8
53 13
54 13
53 18
54 18
53 23
54 23
53 28
54 28
53 20
54 20
53 25
54 25
53 30
54 30
53 3
54 3
53 8
54 8
53 13
54 13
53 18
54 18
53 23
54 23
53 28
54 28
53 20
54 20
53 25
54 25
53 30
54 30
53 3
54 3
53 8
54 8
53 13
54 13
53 18
54 18
53 23
54 23
53 28
54 28
53 20
54 20
53 25
54 25
53 30
54 30
53 3
54 3
53 8
54 8
53 13
54 13
53 18
54 18
53 23
54 23
53 28
54 28
53 20
54 20
53 25
54 25
53 30
54 30
53 3
54 3
53 8
54 8
53 13
54 13
53 18
54 18
53 23
54 23
53 28
54 28
53 20
54 20
53 25
54 25
53 30
54 30
53 3
54 3
53 8
54 8
53 13
54 13
53 18
54 18
53 23
54 23
53 28
54 28
53 20
54 20
53 25
54 25
53 30
54 30
53 3
54 3
53 8
54 8
53 13
54 13
53 18
54 18
53 23
54 23
53 28
54 28
53 20
54 20
53 25
54 25
53 30
54 30
53 3
54 3
53 8
54 8
53 13
54 13
53 18
54 18
53 23
54 23
53 28
54 28
53 20
54 20
53 25
54 25
53 30
54 30
53 3
54 3
53 8
54 8
53 13
54 13
53 18
54 18
53 23
54 23
53 28
54 28
53 20
54 20
53 25
54 25
53 30
54 30
53 3
54 3
53 8
54 8
53 13
54 13
53 18
54 18
53 23
54 23
53 28
54 28
53 20
54 20
53 25
54 25
53 30
54 30
53 3
54 3
53 8
54 8
53 13
54 13
53 18
54 18
53 23
54 23
53 28
54 28
53 20
54 20
53 25
54 25
53 30
54 30
53 3
54 3
53 8
54 8
53 13
54 13
53 18
54 18
53 23
54 23
53 28
54 28
53 20
54 20
53 25
54 25
53 30
54 30
53 3
54 3
53 8
54 8
53 13
54 13
53 18
54 18
53 23
54 23
53 28
54 28
53 20
54 20
53 25
54 25
53 30
54 30
53 3
54 3
53 8
54 8
53 13
54 13
53 18
54 18
53 23
54 23
53 28
54 28
53 20
54 20
53 25
54 25
53 30
54 30
53 3
54 3
53 8
54 8
53 13
54 13
53 18
54 18
53 23
54 23
53 28
54 28
53 20
54 20
53 25
54 25
53 30
54 30
53 3
54 3
53 8
54 8
53 13
54 13
53 18
54 18
53 23
54 23
53 28
54 28
53 20
54 20
53 25
54 25
53 30
54 30
53 3
54 3
53 8
54 8
53 13
54 13
53 18
54 18
53 23
54 23
53 28
54 28
53 20
54 20
53 25
54 25
53 30
54 30
53 3
54 3
53 8
54 8
53 13
54 13
53 18
54 18
53 23
54 23
53 28
54 28
53 20
54 20
53 25
54 25
53 30
54 30
53 3
54 3
53 8
54 8
53 13
54 13
53 18
54 18
53 23
54 23
53 28
54 28
53 20
54 20
53 25
54 25
53 30
54 30
53 3
54 3
53 8
54 8
53 13
54 13
53 18
54 18
53 23
54 23
53 28
54 28
53 20
54 20
53 25
54 25
53 30
54 30
53 3
54 3
53 8
54 8
53 13
54 13
53 18
54 18
53 23
54 23
53 28
54 28
53 20
54 20
53 25
54 25
53 30
54 30
53 3
54 3
53 8
54 8
53 13
54 13
53 18
54 18
53 23
54 23
53 28
54 28
53 20
54 20
53 25
54 25
53 30
54 30
53 3
54 3
53 8
54 8
53 13
54 13
53 18
54 18
53 23
54 23
53 28
54 28
53 20
54 20
53 25
54 25
53 30
54 30
53 3
54 3
53 8
54 8
53 13
54 13
53 18
54 18
53 23
54 23
53 28
54 28
53 20
54 20
53 25
54 25
53 30
54 30
53 3
54 3
53 8
54 8
53 13
54 13
53 18
54 18
53 23
54 23
53 28
54 28
53 20
54 20
53 25
54 25
53 30
54 30
53 3
54 3
53 8
54 8
53 13
54 13
53 18
54 18
53 23
54 23
53 28
54 28
53 20
54 20
53 25
54 25
53 30
54 30
53 3
54 3
53 8
54 8
53 13
54 13
53 18
54 18
53 23
54 23
53 28
54 28
53 20
54 20
53 25
54 25
53 30
54 30
53 3
54 3
53 8
54 8
53 13
54 13
53 18
54 18
53 23
54 23
53 28
54 28
53 20
54 20
53 25
54 25
53 30
54 30
53 3
54 3
53 8
54 8
53 13
54 13
53 18
54 18
53 23
54 23
53 28
54 28
53 20
54 20
53 25
54 25
53 30
54 30
53 3
54 3
53 8
54 8
53 13
54 13
53 18
54 18
53 23
54 23
53 28
54 28
53 20
54 20
53 25
54 25
53 30
54 30
53 3
54 3
53 8
54 8
53 13
54 13
53 18
54 18
53 23
54 23
53 28
54 28
53 20
54 20
53 25
54 25
53 30
54 30
53 3
54 3
53 8
54 8
53 13
54 13
53 18
54 18
53 23
54 23
53 28
54 28
53 20
53 25
53 30
53 33
54 33
53 33
54 33
53 33
54 33
53 33
54 33
53 33
54 33
53 33
54 33
53 33
54 33
53 33
54 33
53 33
54 33
53 33
54 33
53 33
54 33
53 33
54 33
53 33
54 33
53 33
54 33
53 33
54 33
53 33
54 33
53 33
54 33
53 33
54 33
53 33
54 33
53 33
54 33
53 33
54 33
53 33
54 33
53 33
54 33
53 33
54 33
53 33
54 33
53 33
54 33
53 33
54 33
53 33
54 33
53 33
54 33
53 33
54 33
53 33
54 33
53 33
54 33
53 33
54 33
53 33
54 33
53 33
54 33
53 33
54 33
53 33
54 33
53 33
54 33
53 33
54 33
53 33
54 33
53 33
54 33
53 33
54 33
53 33
54 33
53 33
54 33
53 33
54 33
53 33
54 33
53 33
54 33
53 33
54 33
53 33
54 33
53 33
54 33
51 36
46 36
45 36
44 36
43 36
41 36
40 36
39 36
38 36
37 36
35 36
34 36
33 36
32 36
31 36
30 36
28 36
27 36
26 36
51 41
45 41
46 41
47 41
48 41
46 41
45 41
44 41
43 41
41 41
40 41
39 41
38 41
37 41
35 41
34 41
33 41
32 41
31 41
30 41
28 41
27 41
26 41
53 38
51 38
53 43
51 43
53 38
51 38
53 43
51 43
53 38
51 38
53 43
51 43
53 38
51 38
53 43
51 43
53 38
51 38
53 43
51 43
53 38
51 38
53 43
51 43
53 38
51 38
53 43
51 43
53 38
51 38
53 43
51 43
53 38
51 38
53 43
51 43
53 38
51 38
53 43
51 43
53 38
51 38
53 43
51 43
53 38
51 38
53 43
51 43
53 38
51 38
53 43
51 43
53 38
51 38
53 43
51 43
53 38
51 38
53 43
51 43
53 38
51 38
53 43
51 43
53 38
51 38
53 43
51 43
53 38
51 38
53 43
51 43
53 38
51 38
53 43
51 43
53 38
51 38
53 43
51 43
53 38
51 38
53 43
51 43
53 38
51 38
53 43
51 43
53 38
51 38
53 43
51 43
53 38
51 38
53 43
51 43
53 38
51 38
53 43
51 43
53 38
51 38
53 43
51 43
53 38
51 38
53 43
51 43
53 38
51 38
53 43
51 43
53 38
51 38
53 43
51 43
53 38
51 38
53 43
51 43
53 38
51 38
53 43
51 43
53 38
51 38
53 43
51 43
53 38
51 38
53 43
51 43
53 38
51 38
53 43
51 43
53 38
51 38
53 43
51 43
53 38
51 38
53 43
51 43
53 38
51 38
53 43
51 43
53 38
51 38
53 43
51 43
53 38
51 38
53 43
51 43
53 38
51 38
53 43
51 43
53 38
51 38
53 43
51 43
53 38
51 38
53 43
51 43
53 38
51 38
53 43
51 43
53 38
51 38
53 43
51 43
53 38
51 38
53 43
51 43
53 38
51 38
53 43
51 43
53 38
51 38
53 43
51 43
53 38
51 38
53 43
51 43
53 38
51 38
53 43
51 43
53 38
51 38
53 43
51 43
55 22
55 27
55 32
55 37
55 42
55 47
51 46
55 46
51 51
55 51
51 22
55 22
51 27
55 27
51 32
55 32
51 37
55 37
51 42
55 42
51 47
55 47
51 46
55 46
51 51
55 51
51 22
55 22
51 27
55 27
51 32
55 32
51 37
55 37
51 42
55 42
51 47
55 47
51 46
55 46
51 51
55 51
51 22
55 22
51 27
55 27
51 32
55 32
51 37
55 37
51 42
55 42
51 47
55 47
51 46
55 46
51 51
55 51
51 22
55 22
51 27
55 27
51 32
55 32
51 37
55 37
51 42
55 42
51 47
55 47
51 46
55 46
51 51
55 51
51 22
55 22
51 27
55 27
51 32
55 32
51 37
55 37
51 42
55 42
51 47
55 47
51 46
55 46
51 51
55 51
51 22
55 22
51 27
55 27
51 32
55 32
51 37
55 37
51 42
55 42
51 47
55 47
51 46
55 46
51 51
55 51
51 22
55 22
51 27
55 27
51 32
55 32
51 37
55 37
51 42
55 42
51 47
55 47
51 46
55 46
51 51
55 51
51 22
55 22
51 27
55 27
51 32
55 32
51 37
55 37
51 42
55 42
51 47
55 47
51 46
55 46
51 51
55 51
51 22
55 22
51 27
55 27
51 32
55 32
51 37
55 37
51 42
55 42
51 47
55 47
51 46
55 46
51 51
55 51
51 22
55 22
51 27
55 27
51 32
55 32
51 37
55 37
51 42
55 42
51 47
55 47
51 46
55 46
51 51
55 51
51 22
55 22
51 27
55 27
51 32
55 32
51 37
55 37
51 42
55 42
51 47
55 47
51 46
55 46
51 51
55 51
51 22
55 22
51 27
55 27
51 32
55 32
51 37
55 37
51 42
55 42
51 47
55 47
51 46
55 46
51 51
55 51
51 22
55 22
51 27
55 27
51 32
55 32
51 37
55 37
51 42
55 42
51 47
55 47
51 46
55 46
51 51
55 51
51 22
55 22
51 27
55 27
51 32
55 32
51 37
55 37
51 42
55 42
51 47
55 47
51 46
55 46
51 51
55 51
51 22
55 22
51 27
55 27
51 32
55 32
51 37
55 37
51 42
55 42
51 47
55 47
51 46
55 46
51 51
55 51
51 22
55 22
51 27
55 27
51 32
55 32
51 37
55 37
51 42
55 42
51 47
55 47
51 46
55 46
51 51
55 51
51 22
55 22
51 27
55 27
51 32
55 32
51 37
55 37
51 42
55 42
51 47
55 47
51 46
55 46
51 51
55 51
51 22
55 22
51 27
55 27
51 32
55 32
51 37
55 37
51 42
55 42
51 47
55 47
51 46
55 46
51 51
55 51
51 22
55 22
51 27
55 27
51 32
55 32
51 37
55 37
51 42
55 42
51 47
55 47
51 46
55 46
51 51
55 51
51 22
55 22
51 27
55 27
51 32
55 32
51 37
55 37
51 42
55 42
51 47
55 47
51 46
55 46
51 51
55 51
51 22
55 22
51 27
55 27
51 32
55 32
51 37
55 37
51 42
55 42
51 47
55 47
51 46
55 46
51 51
55 51
51 22
55 22
51 27
55 27
51 32
55 32
51 37
55 37
51 42
55 42
51 47
55 47
51 46
55 46
51 51
55 51
51 22
55 22
51 27
55 27
51 32
55 32
51 37
55 37
51 42
55 42
51 47
55 47
51 46
55 46
51 51
55 51
51 22
55 22
51 27
55 27
51 32
55 32
51 37
55 37
51 42
55 42
51 47
55 47
51 46
55 46
51 51
55 51
51 22
55 22
51 27
55 27
51 32
55 32
51 37
55 37
51 42
55 42
51 47
55 47
51 46
55 46
51 51
55 51
51 22
55 22
51 27
55 27
51 32
55 32
51 37
55 37
51 42
55 42
51 47
55 47
51 46
55 46
51 51
55 51
51 22
55 22
51 27
55 27
51 32
55 32
51 37
55 37
51 42
55 42
51 47
55 47
51 46
55 46
51 51
55 51
51 22
55 22
51 27
55 27
51 32
55 32
51 37
55 37
51 42
55 42
51 47
55 47
51 46
55 46
51 51
55 51
51 22
55 22
51 27
55 27
51 32
55 32
51 37
55 37
51 42
55 42
51 47
55 47
51 46
55 46
51 51
55 51
51 22
55 22
51 27
55 27
51 32
55 32
51 37
55 37
51 42
55 42
51 47
55 47
51 46
55 46
51 51
55 51
51 22
55 22
51 27
55 27
51 32
55 32
51 37
55 37
51 42
55 42
51 47
55 47
51 46
55 46
51 51
55 51
51 22
55 22
51 27
55 27
51 32
55 32
51 37
55 37
51 42
55 42
51 47
55 47
51 46
55 46
51 51
55 51
51 22
55 22
51 27
55 27
51 32
55 32
51 37
55 37
51 42
55 42
51 47
55 47
51 46
55 46
51 51
55 51
51 22
55 22
51 27
55 27
51 32
55 32
51 37
55 37
51 42
55 42
51 47
55 47
51 46
55 46
51 51
55 51
51 22
55 22
51 27
55 27
51 32
55 32
51 37
55 37
51 42
55 42
51 47
55 47
51 46
55 46
51 51
55 51
51 22
55 22
51 27
55 27
51 32
55 32
51 37
55 37
51 42
55 42
51 47
55 47
51 46
55 46
51 51
55 51
51 22
55 22
51 27
55 27
51 32
55 32
51 37
55 37
51 42
55 42
51 47
55 47
51 46
55 46
51 51
55 51
51 22
55 22
51 27
55 27
51 32
55 32
51 37
55 37
51 42
55 42
51 47
55 47
51 46
55 46
51 51
55 51
51 22
55 22
51 27
55 27
51 32
55 32
51 37
55 37
51 42
55 42
51 47
55 47
51 46
55 46
51 51
55 51
51 22
55 22
51 27
55 27
51 32
55 32
51 37
55 37
51 42
55 42
51 47
55 47
51 46
55 46
51 51
55 51
51 22
55 22
51 27
55 27
51 32
55 32
51 37
55 37
51 42
55 42
51 47
55 47
51 46
55 46
51 51
55 51
51 22
55 22
51 27
55 27
51 32
55 32
51 37
55 37
51 42
55 42
51 47
55 47
51 46
55 46
51 51
55 51
51 22
55 22
51 27
55 27
51 32
55 32
51 37
55 37
51 42
55 42
51 47
55 47
51 46
55 46
51 51
55 51
51 22
55 22
51 27
55 27
51 32
55 32
51 37
55 37
51 42
55 42
51 47
55 47
51 46
55 46
51 51
55 51
51 22
55 22
51 27
55 27
51 32
55 32
51 37
55 37
51 42
55 42
51 47
55 47
51 46
55 46
51 51
55 51
51 22
55 22
51 27
55 27
51 32
55 32
51 37
55 37
51 42
55 42
51 47
55 47
51 46
55 46
51 51
55 51
51 22
55 22
51 27
55 27
51 32
55 32
51 37
55 37
51 42
55 42
51 47
55 47
51 46
55 46
51 51
55 51
51 22
55 22
51 27
55 27
51 32
55 32
51 37
55 37
51 42
55 42
51 47
55 47
51 46
55 46
51 51
55 51
51 22
55 22
51 27
55 27
51 32
55 32
51 37
55 37
51 42
55 42
51 47
55 47
51 46
55 46
51 51
55 51
51 22
51 27
51 32
51 37
51 42
51 47
53 48
53 53
53 58
53 63
53 68
55 52
53 52
55 57
53 57
55 62
53 62
55 67
53 67
55 48
53 48
55 53
53 53
55 58
53 58
55 63
53 63
55 68
53 68
55 52
53 52
55 57
53 57
55 62
53 62
55 67
53 67
55 48
53 48
55 53
53 53
55 58
53 58
55 63
53 63
55 68
53 68
55 52
53 52
55 57
53 57
55 62
53 62
55 67
53 67
55 48
53 48
55 53
53 53
55 58
53 58
55 63
53 63
55 68
53 68
55 52
53 52
55 57
53 57
55 62
53 62
55 67
53 67
55 48
53 48
55 53
53 53
55 58
53 58
55 63
53 63
55 68
53 68
55 52
53 52
55 57
53 57
55 62
53 62
55 67
53 67
55 48
53 48
55 53
53 53
55 58
53 58
55 63
53 63
55 68
53 68
55 52
53 52
55 57
53 57
55 62
53 62
55 67
53 67
55 48
53 48
55 53
53 53
55 58
53 58
55 63
53 63
55 68
53 68
55 52
53 52
55 57
53 57
55 62
53 62
55 67
53 67
55 48
53 48
55 53
53 53
55 58
53 58
55 63
53 63
55 68
53 68
55 52
53 52
55 57
53 57
55 62
53 62
55 67
53 67
55 48
53 48
55 53
53 53
55 58
53 58
55 63
53 63
55 68
53 68
55 52
53 52
55 57
53 57
55 62
53 62
55 67
53 67
55 48
53 48
55 53
53 53
55 58
53 58
55 63
53 63
55 68
53 68
55 52
53 52
55 57
53 57
55 62
53 62
55 67
53 67
55 48
53 48
55 53
53 53
55 58
53 58
55 63
53 63
55 68
53 68
55 52
53 52
55 57
53 57
55 62
53 62
55 67
53 67
55 48
53 48
55 53
53 53
55 58
53 58
55 63
53 63
55 68
53 68
55 52
53 52
55 57
53 57
55 62
53 62
55 67
53 67
55 48
53 48
55 53
53 53
55 58
53 58
55 63
53 63
55 68
53 68
55 52
53 52
55 57
53 57
55 62
53 62
55 67
53 67
55 48
53 48
55 53
53 53
55 58
53 58
55 63
53 63
55 68
53 68
55 52
53 52
55 57
53 57
55 62
53 62
55 67
53 67
55 48
53 48
55 53
53 53
55 58
53 58
55 63
53 63
55 68
53 68
55 52
53 52
55 57
53 57
55 62
53 62
55 67
53 67
55 48
53 48
55 53
53 53
55 58
53 58
55 63
53 63
55 68
53 68
55 52
53 52
55 57
53 57
55 62
53 62
55 67
53 67
55 48
53 48
55 53
53 53
55 58
53 58
55 63
53 63
55 68
53 68
55 52
53 52
55 57
53 57
55 62
53 62
55 67
53 67
55 48
53 48
55 53
53 53
55 58
53 58
55 63
53 63
55 68
53 68
55 52
53 52
55 57
53 57
55 62
53 62
55 67
53 67
55 48
53 48
55 53
53 53
55 58
53 58
55 63
53 63
55 68
53 68
55 52
53 52
55 57
53 57
55 62
53 62
55 67
53 67
55 48
53 48
55 53
53 53
55 58
53 58
55 63
53 63
55 68
53 68
55 52
53 52
55 57
53 57
55 62
53 62
55 67
53 67
55 48
53 48
55 53
53 53
55 58
53 58
55 63
53 63
55 68
53 68
55 52
53 52
55 57
53 57
55 62
53 62
55 67
53 67
55 48
53 48
55 53
53 53
55 58
53 58
55 63
53 63
55 68
53 68
55 52
53 52
55 57
53 57
55 62
53 62
55 67
53 67
55 48
53 48
55 53
53 53
55 58
53 58
55 63
53 63
55 68
53 68
55 52
53 52
55 57
53 57
55 62
53 62
55 67
53 67
55 48
53 48
55 53
53 53
55 58
53 58
55 63
53 63
55 68
53 68
55 52
53 52
55 57
53 57
55 62
53 62
55 67
53 67
55 48
53 48
55 53
53 53
55 58
53 58
55 63
53 63
55 68
53 68
55 52
53 52
55 57
53 57
55 62
53 62
55 67
53 67
55 48
53 48
55 53
53 53
55 58
53 58
55 63
53 63
55 68
53 68
55 52
53 52
55 57
53 57
55 62
53 62
55 67
53 67
55 48
53 48
55 53
53 53
55 58
53 58
55 63
53 63
55 68
53 68
55 52
53 52
55 57
53 57
55 62
53 62
55 67
53 67
55 48
53 48
55 53
53 53
55 58
53 58
55 63
53 63
55 68
53 68
55 52
53 52
55 57
53 57
55 62
53 62
55 67
53 67
55 48
53 48
55 53
53 53
55 58
53 58
55 63
53 63
55 68
53 68
55 52
53 52
55 57
53 57
55 62
53 62
55 67
53 67
55 48
53 48
55 53
53 53
55 58
53 58
55 63
53 63
55 68
53 68
55 52
53 52
55 57
53 57
55 62
53 62
55 67
53 67
55 48
53 48
55 53
53 53
55 58
53 58
55 63
53 63
55 68
53 68
55 52
53 52
55 57
53 57
55 62
53 62
55 67
53 67
55 48
53 48
55 53
53 53
55 58
53 58
55 63
53 63
55 68
53 68
55 52
53 52
55 57
53 57
55 62
53 62
55 67
53 67
55 48
53 48
55 53
53 53
55 58
53 58
55 63
53 63
55 68
53 68
55 52
53 52
55 57
53 57
55 62
53 62
55 67
53 67
55 48
53 48
55 53
53 53
55 58
53 58
55 63
53 63
55 68
53 68
55 52
53 52
55 57
53 57
55 62
53 62
55 67
53 67
55 48
53 48
55 53
53 53
55 58
53 58
55 63
53 63
55 68
53 68
55 52
53 52
55 57
53 57
55 62
53 62
55 67
53 67
55 48
53 48
55 53
53 53
55 58
53 58
55 63
53 63
55 68
53 68
55 52
53 52
55 57
53 57
55 62
53 62
55 67
53 67
55 48
53 48
55 53
53 53
55 58
53 58
55 63
53 63
55 68
53 68
55 52
53 52
55 57
53 57
55 62
53 62
55 67
53 67
55 48
53 48
55 53
53 53
55 58
53 58
55 63
53 63
55 68
53 68
55 52
53 52
55 57
53 57
55 62
53 62
55 67
53 67
55 48
53 48
55 53
53 53
55 58
53 58
55 63
53 63
55 68
53 68
55 52
53 52
55 57
53 57
55 62
53 62
55 67
53 67
55 48
53 48
55 53
53 53
55 58
53 58
55 63
53 63
55 68
53 68
55 52
53 52
55 57
53 57
55 62
53 62
55 67
53 67
55 48
53 48
55 53
53 53
55 58
53 58
55 63
53 63
55 68
53 68
55 52
53 52
55 57
53 57
55 62
53 62
55 67
53 67
55 48
53 48
55 53
53 53
55 58
53 58
55 63
53 63
55 68
53 68
55 52
53 52
55 57
53 57
55 62
53 62
55 67
53 67
55 48
53 48
55 53
53 53
55 58
53 58
55 63
53 63
55 68
53 68
55 52
53 52
55 57
53 57
55 62
53 62
55 67
53 67
55 48
53 48
55 53
53 53
55 58
53 58
55 63
53 63
55 68
53 68
55 52
53 52
55 57
53 57
55 62
53 62
55 67
53 67
55 48
53 48
55 53
53 53
55 58
53 58
55 63
53 63
55 68
53 68
55 52
53 52
55 57
53 57
55 62
53 62
55 67
53 67
55 48
53 48
55 53
53 53
55 58
53 58
55 63
53 63
55 68
53 68
55 52
53 52
55 57
53 57
55 62
53 62
55 67
53 67
55 48
53 48
55 53
53 53
55 58
53 58
55 63
53 63
55 68
53 68
55 52
53 52
55 57
53 57
55 62
53 62
55 67
53 67
55 48
53 48
55 53
53 53
55 58
53 58
55 63
53 63
55 68
53 68
55 52
53 52
55 57
53 57
55 62
53 62
55 67
53 67
55 48
53 48
55 53
53 53
55 58
53 58
55 63
53 63
55 68
53 68
55 52
53 52
55 57
53 57
55 62
53 62
55 67
53 67
55 48
53 48
55 53
53 53
55 58
53 58
55 63
53 63
55 68
53 68
55 52
53 52
55 57
53 57
55 62
53 62
55 67
53 67
55 48
55 53
55 58
55 63
55 68
53 73
44 73
45 73
46 73
47 73
48 73
46 73
45 73
44 73
43 73
41 73
40 73
39 73
38 73
37 73
35 73
34 73
33 73
32 73
31 73
30 73
28 73
27 73
26 73
53 78
53 83
42 83
40 83
39 83
38 83
37 83
35 83
34 83
33 83
32 83
31 83
30 83
28 83
27 83
26 83
53 88
40 88
39 88
38 88
37 88
35 88
34 88
33 88
32 88
31 88
30 88
28 88
27 88
26 88
53 93
38 93
39 93
40 93
41 93
42 93
40 93
39 93
38 93
37 93
35 93
34 93
33 93
32 93
31 93
30 93
28 93
27 93
26 93
53 98
36 98
34 98
33 98
32 98
31 98
30 98
28 98
27 98
26 98
54 35
15 35
14 35
13 35
54 40
11 35
15 40
10 35
14 40
8 35
13 40
54 45
7 35
11 40
15 45
5 35
10 40
14 45
4 35
8 40
13 45
2 35
54 50
7 40
11 45
1 35
15 50
5 40
10 45
3 35
14 50
4 40
8 45
2 35
13 50
2 40
54 55
7 45
4 35
11 50
1 40
15 55
5 45
5 35
10 50
3 40
14 55
4 45
3 35
8 50
2 40
13 55
2 45
1 35
54 60
7 50
4 40
11 55
1 45
2 35
15 60
5 50
5 40
10 55
3 45
3 35
14 60
4 50
3 40
8 55
2 45
5 35
13 60
2 50
1 40
54 65
7 55
4 45
7 35
11 60
1 50
2 40
15 65
5 55
5 45
8 35
10 60
3 50
3 40
14 65
4 55
3 45
10 35
8 60
2 50
5 40
13 65
2 55
1 45
11 35
54 70
7 60
4 50
7 40
11 65
1 55
2 45
13 35
15 70
5 60
5 50
8 40
10 65
3 55
3 45
14 35
14 70
4 60
3 50
10 40
8 65
2 55
5 45
16 35
13 70
2 60
1 50
11 40
54 75
7 65
4 55
7 45
15 35
11 70
1 60
2 50
13 40
15 75
5 65
5 55
8 45
17 35
10 70
3 60
3 50
14 40
14 75
4 65
3 55
10 45
16 35
8 70
2 60
5 50
16 40
13 75
2 65
1 55
11 45
14 35
54 80
7 70
4 60
7 50
15 40
11 75
1 65
2 55
13 45
15 35
15 80
5 70
5 60
8 50
17 40
10 75
3 65
3 55
14 45
16 35
14 80
4 70
3 60
10 50
16 40
8 75
2 65
5 55
16 45
17 35
13 80
2 70
1 60
11 50
14 40
54 85
7 75
4 65
7 55
15 45
15 35
11 80
1 70
2 60
13 50
15 40
15 85
5 75
5 65
8 55
17 45
16 35
10 80
3 70
3 60
14 50
16 40
14 85
4 75
3 65
10 55
16 45
15 35
8 80
2 70
5 60
16 50
17 40
13 85
2 75
1 65
11 55
14 45
16 35
54 90
7 80
4 70
7 60
15 50
15 40
11 85
1 75
2 65
13 55
15 45
15 35
15 90
5 80
5 70
8 60
17 50
16 40
10 85
3 75
3 65
14 55
16 45
14 35
14 90
4 80
3 70
10 60
16 50
15 40
8 85
2 75
5 65
16 55
17 45
15 35
13 90
2 80
1 70
11 60
14 50
14 40
54 95
7 85
4 75
7 65
15 55
15 45
16 35
11 90
1 80
2 70
13 60
15 50
13 40
15 95
5 85
5 75
8 65
14 55
14 45
15 35
10 90
3 80
3 70
14 60
16 50
12 40
14 95
4 85
3 75
10 65
15 55
13 45
17 35
8 90
2 80
5 70
16 60
17 50
11 40
13 95
2 85
1 75
17 55
12 45
19 35
7 90
4 80
7 70
15 60
15 50
10 40
11 95
1 85
2 75
16 55
11 45
18 35
5 90
5 80
8 70
14 60
14 50
10 95
3 85
3 75
14 55
10 45
17 35
4 90
3 80
10 70
13 60
13 50
8 95
2 85
5 75
15 55
9 45
16 35
2 90
1 80
11 70
12 60
12 50
7 95
4 85
7 75
16 55
15 35
1 90
2 80
13 70
11 60
11 50
5 95
5 85
8 75
17 55
16 35
3 90
3 80
14 70
10 60
10 50
4 95
3 85
10 75
15 55
15 35
2 90
5 80
15 70
9 60
9 50
2 95
1 85
11 75
16 55
16 35
4 90
7 80
16 70
8 60
8 50
1 95
2 85
13 75
15 55
14 35
5 90
8 80
14 70
7 50
3 95
3 85
14 75
16 55
13 35
3 90
10 80
13 70
6 50
2 95
5 85
15 75
15 55
12 35
1 90
11 80
12 70
5 50
4 95
7 85
16 75
16 55
11 35
2 90
13 80
11 70
4 50
5 95
8 85
14 75
15 55
10 35
3 90
14 80
10 70
3 50
3 95
10 85
13 75
16 55
8 35
5 90
15 80
9 70
2 50
1 95
11 85
12 75
15 55
7 35
7 90
16 80
8 70
1 50
2 95
13 85
11 75
16 55
6 35
8 90
14 80
7 70
3 50
3 95
14 85
10 75
5 35
10 90
13 80
6 70
4 50
5 95
15 85
9 75
4 35
11 90
12 80
5 70
2 50
7 95
16 85
8 75
2 35
13 90
11 80
4 70
3 50
8 95
14 85
7 75
1 35
14 90
10 80
3 70
5 50
10 95
13 85
6 75
3 35
16 90
9 80
2 70
6 50
11 95
12 85
5 75
2 35
15 90
8 80
4 70
13 95
11 85
4 75
4 35
14 90
7 80
2 70
14 95
10 85
3 75
5 35
15 90
6 80
1 70
16 95
9 85
2 75
3 35
17 90
5 80
3 70
15 95
8 85
4 75
1 35
16 90
4 80
4 70
17 95
7 85
2 75
2 35
14 90
3 80
2 70
16 95
6 85
1 75
3 35
15 90
2 80
3 70
14 95
5 85
3 75
5 35
16 90
4 80
5 70
15 95
4 85
4 75
7 35
17 90
2 80
6 70
16 95
3 85
2 75
8 35
15 90
1 80
7 70
17 95
2 85
3 75
10 35
16 90
3 80
5 70
15 95
4 85
5 75
11 35
15 90
4 80
3 70
14 95
2 85
6 75
13 35
16 90
2 80
1 70
15 95
1 85
7 75
14 35
15 90
3 80
3 70
16 95
3 85
5 75
16 35
16 90
5 80
2 70
15 95
4 85
3 75
17 35
15 90
6 80
1 70
16 95
2 85
1 75
18 35
16 90
7 80
3 70
15 95
3 85
3 75
20 35
15 90
5 80
2 70
16 95
5 85
2 75
19 35
16 90
3 80
1 70
15 95
6 85
1 75
17 35
15 90
1 80
3 70
16 95
7 85
3 75
16 35
16 90
3 80
2 70
15 95
5 85
2 75
15 35
15 90
2 80
1 70
16 95
3 85
1 75
14 35
16 90
1 80
3 70
15 95
1 85
3 75
15 35
15 90
3 80
4 70
16 95
3 85
2 75
17 35
14 90
2 80
5 70
15 95
2 85
1 75
16 35
13 90
1 80
7 70
16 95
1 85
3 75
14 35
12 90
3 80
5 70
15 95
3 85
4 75
15 35
11 90
2 80
4 70
17 95
2 85
5 75
16 35
10 90
1 80
2 70
19 95
1 85
7 75
15 35
9 90
3 80
1 70
18 95
3 85
5 75
16 35
8 90
4 80
3 70
17 95
2 85
4 75
15 35
7 90
5 80
5 70
16 95
1 85
2 75
16 35
6 90
7 80
4 70
15 95
3 85
1 75
15 35
5 90
5 80
2 70
14 95
2 85
3 75
4 90
4 80
3 70
13 95
1 85
5 75
2 90
2 80
1 70
12 95
3 85
4 75
1 90
1 80
2 70
11 95
4 85
2 75
3 90
3 80
4 70
10 95
5 85
3 75
2 90
5 80
3 70
9 95
7 85
1 75
4 90
4 80
2 70
8 95
5 85
2 75
5 90
2 80
1 70
7 95
4 85
4 75
3 90
3 80
3 70
6 95
2 85
3 75
1 90
1 80
2 70
5 95
1 85
2 75
2 90
2 80
1 70
4 95
3 85
1 75
3 90
4 80
3 70
2 95
5 85
3 75
5 90
3 80
4 70
1 95
4 85
4 75
7 90
2 80
2 70
3 95
3 85
2 75
5 90
1 80
1 70
2 95
2 85
1 75
6 90
3 80
3 70
4 95
4 85
3 75
7 90
4 80
5 70
5 95
2 85
2 75
5 90
2 80
4 70
3 95
3 85
1 75
4 90
1 80
2 70
1 95
1 85
3 75
3 90
3 80
3 70
2 95
2 85
5 75
2 90
5 80
1 70
3 95
1 85
6 75
4 90
6 80
3 70
5 95
3 85
7 75
2 90
7 80
2 70
7 95
4 85
8 75
1 90
8 80
4 70
5 95
2 85
9 75
3 90
9 80
5 70
6 95
1 85
10 75
4 90
10 80
7 95
3 85
8 75
2 90
8 80
5 95
2 85
7 75
1 90
7 80
4 95
1 85
5 75
3 90
5 80
3 95
3 85
2 90
3 80
2 95
5 85
1 90
1 80
1 95
6 85
3 90
3 80
3 95
7 85
5 90
4 95
8 85
4 90
2 95
9 85
2 90
1 95
10 85
3 90
3 95
1 90
2 95
2 90
1 95
1 90
3 95
2 95
1 95
3 95
54 100
14 100
13 100
11 100
10 100
8 100
7 100
5 100
4 100
2 100
1 100
3 100
2 100
4 100
5 100
3 100
1 100
2 100
3 100
5 100
7 100
8 100
10 100
11 100
13 100
14 100
16 100
15 100
14 100
15 100
17 100
16 100
14 100
15 100
16 100
17 100
15 100
16 100
15 100
16 100
15 100
16 100
15 100
16 100
15 100
16 100
15 100
16 100
15 100
16 100
15 100
16 100
15 100
16 100
15 100
16 100
15 100
16 100
15 100
16 100
15 100
16 100
15 100
16 100
15 100
16 100
15 100
16 100
15 100
16 100
15 100
16 100
15 100
14 100
15 100
17 100
19 100
18 100
17 100
16 100
15 100
16 100
14 100
15 100
16 100
17 100
18 100
20 100
19 100
17 100
16 100
15 100
16 100
15 100
16 100
15 100
16 100
15 100
16 100
15 100
53 103
35 103
34 103
33 103
32 103
31 103
30 103
28 103
27 103
26 103
54 105
12 105
13 105
11 105
10 105
8 105
7 105
5 105
4 105
2 105
1 105
3 105
2 105
4 105
5 105
3 105
1 105
2 105
3 105
5 105
7 105
8 105
10 105
11 105
13 105
14 105
15 105
16 105
14 105
13 105
12 105
11 105
12 105
11 105
12 105
11 105
12 105
11 105
12 105
11 105
12 105
11 105
12 105
11 105
12 105
11 105
12 105
11 105
12 105
11 105
12 105
11 105
12 105
11 105
12 105
11 105
12 105
11 105
12 105
11 105
12 105
11 105
12 105
11 105
12 105
11 105
12 105
11 105
12 105
11 105
10 105
9 105
8 105
7 105
6 105
5 105
4 105
3 105
2 105
1 105
3 105
4 105
2 105
1 105
3 105
2 105
1 105
3 105
2 105
1 105
3 105
2 105
1 105
3 105
2 105
1 105
3 105
2 105
1 105
3 105
53 108
33 108
34 108
35 108
36 108
34 108
33 108
32 108
31 108
30 108
28 108
27 108
26 108
54 110
11 110
10 110
8 110
7 110
5 110
4 110
2 110
1 110
3 110
2 110
4 110
5 110
3 110
1 110
2 110
3 110
5 110
7 110
8 110
10 110
11 110
13 110
12 110
11 110
12 110
13 110
14 110
15 110
16 110
14 110
13 110
11 110
12 110
11 110
12 110
11 110
12 110
11 110
12 110
11 110
12 110
11 110
12 110
11 110
12 110
11 110
12 110
11 110
12 110
11 110
12 110
11 110
12 110
11 110
12 110
11 110
12 110
11 110
12 110
11 110
12 110
11 110
12 110
11 110
12 110
11 110
12 110
11 110
10 110
9 110
8 110
7 110
6 110
5 110
4 110
3 110
2 110
1 110
3 110
4 110
2 110
1 110
3 110
2 110
1 110
3 110
2 110
1 110
3 110
2 110
1 110
3 110
2 110
1 110
3 110
2 110
1 110
3 110
2 110
53 113
31 113
32 113
33 113
34 113
35 113
36 113
34 113
33 113
32 113
31 113
30 113
28 113
27 113
26 113
54 115
9 115
10 115
8 115
7 115
5 115
4 115
2 115
1 115
3 115
2 115
4 115
5 115
3 115
1 115
2 115
3 115
5 115
7 115
8 115
10 115
11 115
12 115
13 115
11 115
10 115
9 115
8 115
9 115
8 115
9 115
8 115
9 115
8 115
9 115
8 115
9 115
8 115
9 115
8 115
9 115
8 115
9 115
8 115
9 115
8 115
9 115
8 115
9 115
8 115
9 115
8 115
9 115
8 115
9 115
8 115
9 115
8 115
9 115
8 115
9 115
8 115
9 115
8 115
9 115
8 115
7 115
6 115
5 115
4 115
3 115
2 115
1 115
3 115
4 115
2 115
1 115
3 115
2 115
1 115
3 115
2 115
1 115
3 115
2 115
1 115
3 115
2 115
1 115
3 115
2 115
1 115
3 115
2 115
1 115
3 115
2 115
1 115
3 115
2 115
53 118
29 118
27 118
26 118
54 120
7 120
5 120
4 120
2 120
1 120
3 120
2 120
4 120
5 120
3 120
1 120
2 120
3 120
5 120
7 120
8 120
9 120
10 120
8 120
7 120
6 120
5 120
54 120
6 120
7 120
6 120
5 120
54 120
7 120
6 120
5 120
54 120
7 120
6 120
5 120
54 120
7 120
6 120
5 120
54 120
7 120
6 120
5 120
54 120
7 120
6 120
5 120
54 120
7 120
6 120
5 120
54 120
7 120
6 120
5 120
54 120
7 120
6 120
5 120
54 120
7 120
6 120
5 120
54 120
7 120
6 120
5 120
54 120
7 120
6 120
5 120
54 120
7 120
6 120
5 120
54 120
7 120
6 120
5 120
54 120
7 120
6 120
5 120
54 120
7 120
6 120
5 120
54 120
7 120
6 120
5 120
54 120
7 120
6 120
5 120
4 120
3 120
2 120
1 120
53 123
27 123
26 123
54 125
5 125
4 125
2 125
1 125
3 125
2 125
4 125
5 125
3 125
1 125
2 125
3 125
5 125
7 125
6 125
5 125
54 125
4 125
3 125
54 125
5 125
6 125
7 125
8 125
9 125
10 125
8 125
7 125
5 125
54 125
5 125
54 125
5 125
54 125
5 125
54 125
5 125
54 125
5 125
54 125
5 125
54 125
5 125
54 125
5 125
54 125
5 125
54 125
5 125
54 125
5 125
54 125
5 125
54 125
5 125
54 125
5 125
54 125
5 125
54 125
5 125
4 125
3 125
54 125
5 125
3 125
4 125
3 125
54 125
5 125
7 125
5 125
54 125
5 125
6 125
5 125
54 125
4 125
3 125
54 125
5 125
54 125
5 125
54 125
5 125
54 125
5 125
54 125
5 125
54 125
5 125
54 125
5 125
54 125
5 125
54 125
5 125
54 125
5 125
53 128
25 128
54 130
3 130
2 130
1 130
3 130
4 130
2 130
3 130
5 130
4 130
3 130
1 130
2 130
4 130
5 130
3 130
54 130
2 130
3 130
54 130
3 130
54 130
3 130
54 130
3 130
54 130
3 130
54 130
3 130
54 130
3 130
54 130
3 130
54 130
3 130
54 130
3 130
54 130
3 130
54 130
3 130
54 130
3 130
54 130
3 130
54 130
3 130
54 130
3 130
54 130
3 130
2 130
3 130
4 130
3 130
5 130
7 130
6 130
5 130
4 130
3 130
1 130
54 130
3 130
2 130
3 130
2 130
3 130
2 130
3 130
2 130
3 130
2 130
3 130
2 130
3 130
2 130
3 130
2 130
3 130
2 130
3 130
2 130
3 130
2 130
3 130
2 130
3 130
2 130
3 130
2 130
3 130
2 130
3 130
2 130
3 130
2 130
1 130
54 130
3 130
53 133
24 133
25 133
54 135
2 135
4 135
5 135
3 135
2 135
1 135
3 135
5 135
7 135
8 135
10 135
11 135
13 135
14 135
16 135
17 135
15 135
14 135
13 135
12 135
11 135
10 135
9 135
8 135
7 135
6 135
5 135
4 135
3 135
1 135
2 135
3 135
4 135
2 135
3 135
2 135
3 135
2 135
3 135
2 135
3 135
2 135
3 135
2 135
3 135
2 135
3 135
2 135
3 135
2 135
3 135
2 135
3 135
2 135
3 135
2 135
3 135
2 135
3 135
2 135
3 135
2 135
3 135
2 135
3 135
2 135
3 135
2 135
3 135
2 135
4 135
5 135
6 135
7 135
5 135
4 135
5 135
4 135
5 135
4 135
5 135
4 135
5 135
4 135
5 135
4 135
5 135
4 135
5 135
4 135
5 135
4 135
5 135
4 135
5 135
4 135
5 135
4 135
5 135
52 34
11 34
13 34
14 34
16 34
17 34
15 34
14 34
52 39
13 34
11 39
12 34
13 39
11 34
14 39
10 34
16 39
8 34
17 39
7 34
15 39
5 34
14 39
4 34
52 44
13 39
2 34
11 44
12 39
1 34
13 44
11 39
3 34
14 44
10 39
2 34
16 44
8 39
4 34
17 44
7 39
5 34
15 44
5 39
7 34
14 44
4 39
8 34
52 49
13 44
2 39
10 34
11 49
12 44
1 39
11 34
13 49
11 44
3 39
12 34
14 49
10 44
2 39
13 34
16 49
8 44
4 39
11 34
17 49
7 44
5 39
12 34
15 49
5 44
7 39
14 49
4 44
8 39
52 54
13 49
2 44
10 39
11 54
12 49
1 44
11 39
13 54
11 49
3 44
12 39
14 54
10 49
2 44
13 39
16 54
8 49
4 44
11 39
17 54
7 49
5 44
12 39
15 54
5 49
7 44
14 54
4 49
8 44
52 59
13 54
2 49
10 44
11 59
12 54
1 49
11 44
13 59
11 54
3 49
12 44
14 59
10 54
2 49
13 44
16 59
8 54
4 49
11 44
17 59
7 54
5 49
12 44
15 59
5 54
7 49
14 59
4 54
8 49
52 64
13 59
2 54
10 49
11 64
12 59
1 54
11 49
13 64
11 59
3 54
12 49
14 64
10 59
2 54
13 49
16 64
8 59
4 54
11 49
17 64
7 59
5 54
12 49
15 64
5 59
7 54
14 64
4 59
8 54
52 69
13 64
2 59
10 54
11 69
12 64
1 59
11 54
13 69
11 64
3 59
12 54
14 69
10 64
2 59
13 54
16 69
8 64
4 59
11 54
17 69
7 64
5 59
12 54
15 69
5 64
7 59
14 69
4 64
8 59
52 74
13 69
2 64
10 59
11 74
12 69
1 64
11 59
13 74
11 69
3 64
12 59
14 74
10 69
2 64
13 59
16 74
8 69
4 64
11 59
17 74
7 69
5 64
12 59
15 74
5 69
7 64
14 74
4 69
8 64
52 79
13 74
2 69
10 64
11 79
12 74
1 69
11 64
13 79
11 74
3 69
12 64
14 79
10 74
2 69
13 64
16 79
8 74
4 69
11 64
17 79
7 74
5 69
12 64
15 79
5 74
7 69
14 79
4 74
8 69
52 84
13 79
2 74
10 69
11 84
12 79
1 74
11 69
13 84
11 79
3 74
12 69
14 84
10 79
2 74
13 69
16 84
8 79
4 74
11 69
17 84
7 79
5 74
12 69
15 84
5 79
7 74
14 84
4 79
8 74
52 89
13 84
2 79
10 74
11 89
12 84
1 79
11 74
13 89
11 84
3 79
12 74
14 89
10 84
2 79
13 74
16 89
8 84
4 79
11 74
17 89
7 84
5 79
12 74
15 89
5 84
7 79
14 89
4 84
8 79
52 94
13 89
2 84
10 79
11 94
12 89
1 84
11 79
13 94
11 89
3 84
12 79
14 94
10 89
2 84
13 79
16 94
8 89
4 84
11 79
17 94
7 89
5 84
12 79
15 94
5 89
7 84
14 94
4 89
8 84
52 99
13 94
2 89
10 84
11 99
12 94
1 89
11 84
13 99
11 94
3 89
12 84
14 99
10 94
2 89
13 84
16 99
8 94
4 89
11 84
17 99
7 94
5 89
12 84
15 99
5 94
7 89
14 99
4 94
8 89
52 104
13 99
2 94
10 89
11 104
12 99
1 94
11 89
13 104
11 99
3 94
12 89
14 104
10 99
2 94
13 89
16 104
8 99
4 94
11 89
17 104
7 99
5 94
12 89
15 104
5 99
7 94
14 104
4 99
8 94
52 109
13 104
2 99
10 94
11 109
12 104
1 99
11 94
13 109
11 104
3 99
12 94
14 109
10 104
2 99
13 94
16 109
8 104
4 99
11 94
17 109
7 104
5 99
12 94
15 109
5 104
7 99
14 109
4 104
8 99
52 114
13 109
2 104
10 99
11 114
12 109
1 104
11 99
13 114
11 109
3 104
12 99
14 114
10 109
2 104
13 99
16 114
8 109
4 104
11 99
17 114
7 109
5 104
12 99
15 114
5 109
7 104
14 114
4 109
8 104
52 119
13 114
2 109
10 104
11 119
12 114
1 109
11 104
13 119
11 114
3 109
12 104
14 119
10 114
2 109
13 104
16 119
8 114
4 109
11 104
17 119
7 114
5 109
12 104
15 119
5 114
7 109
14 119
4 114
8 109
52 124
13 119
2 114
10 109
11 124
12 119
1 114
11 109
13 124
11 119
3 114
12 109
14 124
10 119
2 114
13 109
16 124
8 119
4 114
11 109
17 124
7 119
5 114
12 109
15 124
5 119
7 114
14 124
4 119
8 114
52 129
13 124
2 119
10 114
11 129
12 124
1 119
11 114
13 129
11 124
3 119
12 114
14 129
10 124
2 119
13 114
16 129
8 124
4 119
11 114
17 129
7 124
5 119
12 114
15 129
5 124
7 119
14 129
4 124
8 119
52 134
13 129
2 124
10 119
11 134
12 129
1 124
11 119
13 134
11 129
3 124
12 119
14 134
10 129
2 124
13 119
16 134
8 129
4 124
11 119
17 134
7 129
5 124
12 119
15 134
5 129
7 124
14 134
4 129
8 124
52 34
13 134
2 129
10 124
11 34
12 134
1 129
11 124
13 34
11 134
3 129
12 124
14 34
10 134
2 129
13 124
16 34
8 134
4 129
11 124
17 34
7 134
5 129
12 124
15 34
5 134
7 129
14 34
4 134
8 129
13 34
52 39
2 134
10 129
12 34
11 39
1 134
11 129
11 34
13 39
3 134
12 129
10 34
14 39
2 134
13 129
8 34
16 39
4 134
11 129
7 34
17 39
5 134
12 129
5 34
15 39
7 134
4 34
14 39
8 134
2 34
13 39
10 134
52 44
1 34
12 39
11 134
11 44
3 34
11 39
12 134
13 44
2 34
10 39
13 134
14 44
4 34
8 39
11 134
16 44
5 34
7 39
12 134
17 44
7 34
5 39
15 44
8 34
4 39
14 44
10 34
2 39
13 44
52 49
11 34
1 39
12 44
11 49
12 34
3 39
11 44
13 49
13 34
2 39
10 44
14 49
11 34
4 39
8 44
16 49
12 34
5 39
7 44
17 49
7 39
5 44
15 49
8 39
4 44
14 49
10 39
2 44
13 49
52 54
11 39
1 44
12 49
11 54
12 39
3 44
11 49
13 54
13 39
2 44
10 49
14 54
11 39
4 44
8 49
16 54
12 39
5 44
7 49
17 54
7 44
5 49
15 54
8 44
4 49
14 54
10 44
2 49
13 54
52 59
11 44
1 49
12 54
11 59
12 44
3 49
11 54
13 59
13 44
2 49
10 54
14 59
11 44
4 49
8 54
16 59
12 44
5 49
7 54
17 59
7 49
5 54
15 59
8 49
4 54
14 59
10 49
2 54
13 59
52 64
11 49
1 54
12 59
11 64
12 49
3 54
11 59
13 64
13 49
2 54
10 59
14 64
11 49
4 54
8 59
16 64
12 49
5 54
7 59
17 64
7 54
5 59
15 64
8 54
4 59
14 64
10 54
2 59
13 64
52 69
11 54
1 59
12 64
11 69
12 54
3 59
11 64
13 69
13 54
2 59
10 64
14 69
11 54
4 59
8 64
16 69
12 54
5 59
7 64
17 69
7 59
5 64
15 69
8 59
4 64
14 69
10 59
2 64
13 69
52 74
11 59
1 64
12 69
11 74
12 59
3 64
11 69
13 74
13 59
2 64
10 69
14 74
11 59
4 64
8 69
16 74
12 59
5 64
7 69
17 74
7 64
5 69
15 74
8 64
4 69
14 74
10 64
2 69
13 74
52 79
11 64
1 69
12 74
11 79
12 64
3 69
11 74
13 79
13 64
2 69
10 74
14 79
11 64
4 69
8 74
16 79
12 64
5 69
7 74
17 79
7 69
5 74
15 79
8 69
4 74
14 79
10 69
2 74
13 79
52 84
11 69
1 74
12 79
11 84
12 69
3 74
11 79
13 84
13 69
2 74
10 79
14 84
11 69
4 74
8 79
16 84
12 69
5 74
7 79
17 84
7 74
5 79
15 84
8 74
4 79
14 84
10 74
2 79
13 84
52 89
11 74
1 79
12 84
11 89
12 74
3 79
11 84
13 89
13 74
2 79
10 84
14 89
11 74
4 79
8 84
16 89
12 74
5 79
7 84
17 89
7 79
5 84
15 89
8 79
4 84
14 89
10 79
2 84
13 89
52 94
11 79
1 84
12 89
11 94
12 79
3 84
11 89
13 94
13 79
2 84
10 89
14 94
11 79
4 84
8 89
16 94
12 79
5 84
7 89
17 94
7 84
5 89
15 94
8 84
4 89
14 94
10 84
2 89
13 94
52 99
11 84
1 89
12 94
11 99
12 84
3 89
11 94
13 99
13 84
2 89
10 94
14 99
11 84
4 89
8 94
16 99
12 84
5 89
7 94
17 99
7 89
5 94
15 99
8 89
4 94
14 99
10 89
2 94
13 99
52 104
11 89
1 94
12 99
11 104
12 89
3 94
11 99
13 104
13 89
2 94
10 99
14 104
11 89
4 94
8 99
16 104
12 89
5 94
7 99
17 104
7 94
5 99
15 104
8 94
4 99
14 104
10 94
2 99
13 104
52 109
11 94
1 99
12 104
11 109
12 94
3 99
11 104
13 109
13 94
2 99
10 104
14 109
11 94
4 99
8 104
16 109
12 94
5 99
7 104
17 109
7 99
5 104
15 109
8 99
4 104
14 109
10 99
2 104
13 109
52 114
11 99
1 104
12 109
11 114
12 99
3 104
11 109
13 114
13 99
2 104
10 109
14 114
11 99
4 104
8 109
16 114
12 99
5 104
7 109
17 114
7 104
5 109
15 114
8 104
4 109
14 114
10 104
2 109
13 114
52 119
11 104
1 109
12 114
11 119
12 104
3 109
11 114
13 119
13 104
2 109
10 114
14 119
11 104
4 109
8 114
16 119
12 104
5 109
7 114
17 119
7 109
5 114
15 119
8 109
4 114
14 119
10 109
2 114
13 119
52 124
11 109
1 114
12 119
11 124
12 109
3 114
11 119
13 124
13 109
2 114
10 119
14 124
11 109
4 114
8 119
16 124
12 109
5 114
7 119
17 124
7 114
5 119
15 124
8 114
4 119
14 124
10 114
2 119
13 124
52 129
11 114
1 119
12 124
11 129
12 114
3 119
11 124
13 129
13 114
2 119
10 124
14 129
11 114
4 119
8 124
16 129
12 114
5 119
7 124
17 129
7 119
5 124
15 129
8 119
4 124
14 129
10 119
2 124
13 129
52 134
11 119
1 124
12 129
11 134
12 119
3 124
11 129
13 134
13 119
2 124
10 129
14 134
11 119
4 124
8 129
16 134
12 119
5 124
7 129
17 134
7 124
5 129
15 134
8 124
4 129
14 134
10 124
2 129
13 134
52 34
11 124
1 129
12 134
11 34
12 124
3 129
11 134
13 34
13 124
2 129
10 134
14 34
11 124
4 129
8 134
16 34
12 124
5 129
7 134
17 34
7 129
5 134
15 34
8 129
4 134
14 34
10 129
2 134
13 34
52 39
11 129
1 134
12 34
11 39
12 129
3 134
11 34
13 39
13 129
2 134
10 34
14 39
11 129
4 134
8 34
16 39
12 129
5 134
7 34
17 39
7 134
5 34
15 39
8 134
4 34
14 39
10 134
2 34
13 39
52 44
11 134
1 34
12 39
11 44
12 134
3 34
11 39
13 44
13 134
2 34
10 39
14 44
11 134
4 34
8 39
16 44
12 134
5 34
7 39
17 44
7 34
5 39
15 44
8 34
4 39
14 44
10 34
2 39
13 44
52 49
11 34
1 39
12 44
11 49
12 34
3 39
11 44
13 49
13 34
2 39
10 44
14 49
11 34
4 39
8 44
16 49
12 34
5 39
7 44
17 49
7 39
5 44
15 49
8 39
4 44
14 49
10 39
2 44
13 49
52 54
11 39
1 44
12 49
11 54
12 39
3 44
11 49
13 54
13 39
2 44
10 49
14 54
11 39
4 44
8 49
16 54
12 39
5 44
7 49
17 54
7 44
5 49
15 54
8 44
4 49
14 54
10 44
2 49
13 54
52 59
11 44
1 49
12 54
11 59
12 44
3 49
11 54
13 59
13 44
2 49
10 54
14 59
11 44
4 49
8 54
16 59
12 44
5 49
7 54
17 59
7 49
5 54
15 59
8 49
4 54
14 59
10 49
2 54
13 59
52 64
11 49
1 54
12 59
11 64
12 49
3 54
11 59
13 64
13 49
2 54
10 59
14 64
11 49
4 54
8 59
16 64
12 49
5 54
7 59
17 64
7 54
5 59
15 64
8 54
4 59
14 64
10 54
2 59
13 64
52 69
11 54
1 59
12 64
11 69
12 54
3 59
11 64
13 69
13 54
2 59
10 64
14 69
11 54
4 59
8 64
16 69
12 54
5 59
7 64
17 69
7 59
5 64
15 69
8 59
4 64
14 69
10 59
2 64
13 69
52 74
11 59
1 64
12 69
11 74
12 59
3 64
11 69
13 74
13 59
2 64
10 69
14 74
11 59
4 64
8 69
16 74
12 59
5 64
7 69
17 74
7 64
5 69
15 74
8 64
4 69
14 74
10 64
2 69
13 74
52 79
11 64
1 69
12 74
11 79
12 64
3 69
11 74
13 79
13 64
2 69
10 74
14 79
11 64
4 69
8 74
16 79
12 64
5 69
7 74
17 79
7 69
5 74
15 79
8 69
4 74
14 79
10 69
2 74
13 79
52 84
11 69
1 74
12 79
11 84
12 69
3 74
11 79
13 84
13 69
2 74
10 79
14 84
11 69
4 74
8 79
16 84
12 69
5 74
7 79
17 84
7 74
5 79
15 84
8 74
4 79
14 84
10 74
2 79
13 84
52 89
11 74
1 79
12 84
11 89
12 74
3 79
11 84
13 89
13 74
2 79
10 84
14 89
11 74
4 79
8 84
16 89
12 74
5 79
7 84
17 89
7 79
5 84
15 89
8 79
4 84
14 89
10 79
2 84
13 89
52 94
11 79
1 84
12 89
11 94
12 79
3 84
11 89
13 94
13 79
2 84
10 89
14 94
11 79
4 84
8 89
16 94
12 79
5 84
7 89
17 94
7 84
5 89
15 94
8 84
4 89
14 94
10 84
2 89
13 94
52 99
11 84
1 89
12 94
11 99
12 84
3 89
11 94
13 99
13 84
2 89
10 94
14 99
11 84
4 89
8 94
16 99
12 84
5 89
7 94
17 99
7 89
5 94
15 99
8 89
4 94
14 99
10 89
2 94
13 99
52 104
11 89
1 94
12 99
11 104
12 89
3 94
11 99
13 104
13 89
2 94
10 99
14 104
11 89
4 94
8 99
16 104
12 89
5 94
7 99
17 104
7 94
5 99
15 104
8 94
4 99
14 104
10 94
2 99
13 104
52 109
11 94
1 99
12 104
11 109
12 94
3 99
11 104
13 109
13 94
2 99
10 104
14 109
11 94
4 99
8 104
16 109
12 94
5 99
7 104
17 109
7 99
5 104
15 109
8 99
4 104
14 109
10 99
2 104
13 109
52 114
11 99
1 104
12 109
11 114
12 99
3 104
11 109
13 114
13 99
2 104
10 109
14 114
11 99
4 104
8 109
16 114
12 99
5 104
7 109
17 114
7 104
5 109
15 114
8 104
4 109
14 114
10 104
2 109
13 114
52 119
11 104
1 109
12 114
11 119
12 104
3 109
11 114
13 119
13 104
2 109
10 114
14 119
11 104
4 109
8 114
16 119
12 104
5 109
7 114
17 119
7 109
5 114
15 119
8 109
4 114
14 119
10 109
2 114
13 119
52 124
11 109
1 114
12 119
11 124
12 109
3 114
11 119
13 124
13 109
2 114
10 119
14 124
11 109
4 114
8 119
16 124
12 109
5 114
7 119
17 124
7 114
5 119
15 124
8 114
4 119
14 124
10 114
2 119
13 124
52 129
11 114
1 119
12 124
11 129
12 114
3 119
11 124
13 129
13 114
2 119
10 124
14 129
11 114
4 119
8 124
16 129
12 114
5 119
7 124
17 129
7 119
5 124
15 129
8 119
4 124
14 129
10 119
2 124
13 129
52 134
11 119
1 124
12 129
11 134
12 119
3 124
11 129
13 134
13 119
2 124
10 129
14 134
11 119
4 124
8 129
16 134
12 119
5 124
7 129
17 134
7 124
5 129
15 134
8 124
4 129
14 134
10 124
2 129
13 134
52 34
11 124
1 129
12 134
11 34
12 124
3 129
11 134
13 34
13 124
2 129
10 134
14 34
11 124
4 129
8 134
16 34
12 124
5 129
7 134
17 34
7 129
5 134
15 34
8 129
4 134
14 34
10 129
2 134
13 34
52 39
11 129
1 134
12 34
11 39
12 129
3 134
13 39
13 129
2 134
14 39
11 129
4 134
16 39
12 129
5 134
17 39
7 134
15 39
8 134
14 39
10 134
13 39
52 44
11 134
12 39
11 44
12 134
13 44
13 134
14 44
11 134
16 44
12 134
17 44
15 44
14 44
13 44
52 49
12 44
11 49
13 49
14 49
16 49
17 49
15 49
14 49
13 49
52 54
12 49
11 54
13 54
14 54
16 54
17 54
15 54
14 54
13 54
52 59
12 54
11 59
13 59
14 59
16 59
17 59
15 59
14 59
13 59
52 64
12 59
11 64
13 64
14 64
16 64
17 64
15 64
14 64
13 64
52 69
12 64
11 69
13 69
14 69
16 69
17 69
15 69
14 69
13 69
52 74
12 69
11 74
13 74
14 74
16 74
17 74
15 74
14 74
13 74
52 79
12 74
11 79
13 79
14 79
16 79
17 79
15 79
14 79
13 79
52 84
12 79
11 84
13 84
14 84
16 84
17 84
15 84
14 84
13 84
52 89
12 84
11 89
13 89
14 89
16 89
17 89
15 89
14 89
13 89
52 94
12 89
11 94
13 94
14 94
16 94
17 94
15 94
14 94
13 94
52 99
12 94
11 99
13 99
14 99
16 99
17 99
15 99
14 99
13 99
52 104
12 99
11 104
13 104
14 104
16 104
17 104
15 104
14 104
13 104
52 109
12 104
11 109
13 109
14 109
16 109
17 109
15 109
14 109
13 109
52 114
12 109
11 114
13 114
14 114
16 114
17 114
15 114
14 114
13 114
52 119
12 114
11 119
13 119
14 119
16 119
17 119
15 119
14 119
13 119
52 124
12 119
11 124
13 124
14 124
16 124
17 124
15 124
14 124
13 124
52 129
12 124
11 129
13 129
14 129
16 129
17 129
15 129
14 129
13 129
52 134
12 129
11 134
13 134
14 134
16 134
17 134
15 134
14 134
13 134
12 134
53 138
22 138
23 138
21 138
20 138
19 138
17 138
16 138
14 138
13 138
11 138
10 138
8 138
7 138
5 138
4 138
2 138
1 138
3 138
2 138
4 138
5 138
7 138
8 138
10 138
11 138
13 138
14 138
16 138
17 138
19 138
20 138
22 138
21 138
23 138
25 138
24 138
54 140
3 140
2 140
4 140
5 140
3 140
1 140
2 140
3 140
5 140
7 140
8 140
10 140
11 140
13 140
14 140
16 140
17 140
15 140
14 140
13 140
12 140
11 140
10 140
9 140
8 140
7 140
6 140
5 140
4 140
3 140
2 140
1 140
3 140
4 140
2 140
3 140
2 140
3 140
2 140
3 140
2 140
3 140
2 140
3 140
2 140
3 140
2 140
3 140
2 140
3 140
2 140
3 140
2 140
3 140
2 140
3 140
2 140
3 140
2 140
3 140
2 140
3 140
2 140
3 140
2 140
3 140
2 140
3 140
2 140
3 140
1 140
52 139
9 139
10 139
11 139
13 139
14 139
16 139
17 139
15 139
14 139
13 139
12 139
11 139
10 139
9 139
8 139
10 139
9 139
52 139
9 139
52 139
9 139
52 139
9 139
52 139
9 139
52 139
9 139
52 139
9 139
52 139
9 139
52 139
9 139
52 139
9 139
52 139
9 139
52 139
9 139
52 139
9 139
52 139
9 139
52 139
9 139
52 139
9 139
52 139
9 139
52 139
9 139
52 139
9 139
52 139
9 139
10 139
8 139
9 139
52 139
9 139
8 139
7 139
5 139
4 139
2 139
1 139
3 139
2 139
4 139
5 139
7 139
8 139
9 139
52 139
9 139
52 139
9 139
52 139
9 139
52 139
9 139
52 139
9 139
52 139
9 139
52 139
9 139
52 139
9 139
52 139
9 139
52 139
9 139
52 139
9 139
52 139
9 139
52 139
9 139
53 143
20 143
19 143
17 143
16 143
14 143
13 143
11 143
10 143
8 143
7 143
5 143
4 143
2 143
1 143
3 143
2 143
4 143
5 143
7 143
8 143
10 143
11 143
13 143
14 143
16 143
17 143
19 143
20 143
22 143
23 143
21 143
20 143
18 143
17 143
15 143
14 143
16 143
15 143
17 143
18 143
20 143
21 143
23 143
25 143
24 143
52 144
8 144
10 144
11 144
13 144
14 144
16 144
17 144
15 144
14 144
13 144
12 144
11 144
10 144
9 144
8 144
7 144
5 144
4 144
2 144
1 144
3 144
2 144
4 144
5 144
7 144
8 144
9 144
10 144
8 144
9 144
52 144
8 144
9 144
52 144
8 144
9 144
52 144
8 144
9 144
52 144
8 144
9 144
52 144
8 144
9 144
52 144
8 144
9 144
52 144
8 144
9 144
52 144
8 144
9 144
52 144
8 144
9 144
52 144
8 144
9 144
52 144
8 144
9 144
52 144
8 144
9 144
52 144
8 144
9 144
52 144
8 144
9 144
52 144
8 144
9 144
52 144
8 144
9 144
52 144
8 144
9 144
52 144
8 144
10 144
11 144
12 144
13 144
11 144
13 144
14 144
15 144
17 144
19 144
20 144
18 144
17 144
16 144
15 144
17 144
54 145
5 145
4 145
2 145
1 145
3 145
2 145
4 145
5 145
7 145
8 145
10 145
11 145
13 145
14 145
16 145
17 145
15 145
14 145
13 145
12 145
11 145
10 145
9 145
8 145
7 145
6 145
5 145
3 145
1 145
2 145
3 145
5 145
6 145
7 145
5 145
54 145
4 145
3 145
2 145
4 145
3 145
2 145
4 145
3 145
2 145
4 145
3 145
2 145
4 145
3 145
2 145
4 145
3 145
2 145
4 145
3 145
2 145
4 145
3 145
2 145
4 145
3 145
2 145
4 145
3 145
2 145
4 145
3 145
2 145
4 145
3 145
2 145
4 145
3 145
2 145
4 145
3 145
2 145
4 145
3 145
2 145
4 145
3 145
2 145
4 145
3 145
2 145
4 145
3 145
2 145
4 145
3 145
2 145
1 145
3 145
4 145
2 145
4 145
5 145
51 56
51 61
51 66
51 71
51 76
51 81
51 86
51 91
51 96
51 101
51 106
51 111
51 116
51 121
51 126
51 131
51 136
51 141
51 146
55 72
24 72
25 72
55 77
24 77
25 77
55 82
24 82
25 82
55 87
24 87
25 87
55 92
24 92
25 92
55 97
24 97
25 97
55 102
24 102
25 102
55 107
24 107
25 107
55 112
24 112
25 112
55 117
24 117
25 117
55 122
24 122
25 122
55 127
24 127
25 127
55 132
24 132
25 132
55 137
24 137
25 137
55 142
24 142
25 142
55 147
24 147
25 147
53 148
19 148
20 148
18 148
17 148
16 148
14 148
13 148
11 148
10 148
8 148
7 148
5 148
4 148
2 148
1 148
3 148
2 148
4 148
5 148
7 148
8 148
10 148
11 148
13 148
14 148
16 148
17 148
19 148
18 148
20 148
22 148
23 148
21 148
20 148
19 148
17 148
18 148
19 148
18 148
19 148
18 148
19 148
18 148
19 148
18 148
19 148
18 148
19 148
18 148
19 148
18 148
19 148
18 148
19 148
18 148
19 148
18 148
19 148
18 148
19 148
18 148
19 148
18 148
19 148
18 148
19 148
18 148
19 148
18 148
19 148
18 148
19 148
18 148
19 148
20 148
21 148
23 148
25 148
24 148
52 149
6 149
7 149
8 149
10 149
11 149
13 149
14 149
16 149
17 149
15 149
14 149
13 149
12 149
11 149
10 149
9 149
8 149
7 149
6 149
5 149
4 149
2 149
1 149
3 149
2 149
4 149
5 149
7 149
6 149
7 149
5 149
6 149
7 149
6 149
7 149
6 149
7 149
6 149
7 149
6 149
7 149
6 149
7 149
6 149
7 149
6 149
7 149
6 149
7 149
6 149
7 149
6 149
7 149
6 149
7 149
6 149
7 149
6 149
7 149
6 149
7 149
6 149
7 149
6 149
7 149
6 149
7 149
8 149
9 149
10 149
8 149
9 149
10 149
11 149
12 149
13 149
11 149
13 149
14 149
15 149
17 149
19 149
20 149
18 149
17 149
16 149
15 149
17 149
18 149
20 149
22 149
23 149
21 149
20 149
19 149
18 149
19 149
17 149
16 149
54 150
7 150
8 150
10 150
11 150
13 150
14 150
16 150
17 150
15 150
14 150
13 150
12 150
11 150
10 150
9 150
8 150
7 150
6 150
5 150
4 150
2 150
1 150
3 150
2 150
4 150
5 150
7 150
6 150
7 150
5 150
6 150
7 150
6 150
7 150
6 150
7 150
6 150
7 150
6 150
7 150
6 150
7 150
6 150
7 150
6 150
7 150
6 150
7 150
6 150
7 150
6 150
7 150
6 150
7 150
6 150
7 150
6 150
7 150
6 150
7 150
6 150
7 150
6 150
7 150
6 150
7 150
8 150
9 150
10 150
8 150
9 150
10 150
11 150
12 150
13 150
11 150
13 150
14 150
15 150
17 150
19 150
20 150
18 150
17 150
16 150
15 150
17 150
18 150
20 150
22 150
23 150
21 150
20 150
19 150
18 150
19 150
17 150
16 150
14 150
55 152
22 152
23 152
21 152
20 152
19 152
17 152
16 152
14 152
13 152
11 152
10 152
8 152
7 152
5 152
4 152
2 152
1 152
3 152
2 152
4 152
5 152
7 152
8 152
10 152
11 152
13 152
14 152
16 152
17 152
19 152
20 152
22 152
21 152
23 152
25 152
24 152
53 153
17 153
16 153
14 153
13 153
11 153
10 153
8 153
7 153
5 153
4 153
2 153
1 153
3 153
2 153
4 153
5 153
7 153
8 153
10 153
11 153
13 153
14 153
16 153
17 153
19 153
20 153
18 153
17 153
15 153
14 153
16 153
15 153
17 153
18 153
20 153
22 153
23 153
21 153
20 153
19 153
18 153
19 153
17 153
16 153
15 153
16 153
15 153
16 153
15 153
16 153
15 153
16 153
15 153
16 153
15 153
16 153
15 153
16 153
15 153
16 153
15 153
16 153
15 153
16 153
15 153
16 153
15 153
16 153
15 153
16 153
15 153
16 153
15 153
16 153
15 153
16 153
15 153
16 153
15 153
16 153
14 153
15 153
16 153
17 153
16 153
15 153
14 153
16 153
15 153
17 153
16 153
15 153
16 153
15 153
16 153
15 153
16 153
15 153
16 153
52 154
4 154
5 154
3 154
2 154
4 154
3 154
5 154
7 154
8 154
10 154
11 154
13 154
14 154
16 154
17 154
15 154
14 154
13 154
12 154
11 154
10 154
9 154
8 154
7 154
6 154
5 154
4 154
2 154
3 154
4 154
3 154
1 154
2 154
3 154
52 154
4 154
3 154
52 154
4 154
3 154
52 154
4 154
3 154
52 154
4 154
3 154
52 154
4 154
3 154
52 154
4 154
3 154
52 154
4 154
3 154
52 154
4 154
3 154
52 154
4 154
3 154
52 154
4 154
3 154
52 154
4 154
3 154
52 154
4 154
3 154
52 154
4 154
3 154
52 154
4 154
3 154
52 154
4 154
3 154
52 154
4 154
3 154
52 154
4 154
3 154
2 154
1 154
3 154
5 154
6 154
7 154
5 154
4 154
3 154
52 154
4 154
5 154
4 154
3 154
54 155
9 155
10 155
11 155
13 155
14 155
16 155
17 155
15 155
14 155
13 155
12 155
11 155
10 155
9 155
8 155
10 155
54 155
8 155
9 155
54 155
9 155
54 155
9 155
54 155
9 155
54 155
9 155
54 155
9 155
54 155
9 155
54 155
9 155
54 155
9 155
54 155
9 155
54 155
9 155
54 155
9 155
54 155
9 155
54 155
9 155
54 155
9 155
54 155
9 155
54 155
9 155
54 155
9 155
54 155
9 155
54 155
9 155
10 155
8 155
7 155
5 155
3 155
1 155
2 155
4 155
5 155
7 155
8 155
54 155
9 155
8 155
54 155
9 155
54 155
8 155
54 155
9 155
54 155
9 155
54 155
9 155
54 155
9 155
54 155
9 155
54 155
9 155
54 155
9 155
54 155
9 155
54 155
9 155
54 155
9 155
54 155
9 155
54 155
9 155
55 157
20 157
22 157
23 157
25 157
24 157
53 158
15 158
17 158
19 158
20 158
22 158
23 158
25 158
24 158
52 159
2 159
4 159
5 159
7 159
8 159
10 159
11 159
13 159
14 159
16 159
17 159
19 159
20 159
22 159
23 159
25 159
24 159
51 151
2 151
4 151
51 156
5 151
2 156
7 151
4 156
8 151
5 156
10 151
7 156
11 151
8 156
13 151
10 156
14 151
11 156
16 151
13 156
17 151
14 156
19 151
16 156
20 151
17 156
22 151
19 156
23 151
20 156
25 151
22 156
24 151
23 156
25 156
24 156
54 160
11 160
13 160
14 160
16 160
17 160
19 160
20 160
22 160
23 160
25 160
24 160
51 161
2 161
4 161
5 161
7 161
8 161
10 161
11 161
13 161
14 161
16 161
17 161
19 161
20 161
22 161
23 161
25 161
24 161
55 162
18 162
20 162
22 162
23 162
25 162
24 162
53 163
13 163
14 163
16 163
17 163
19 163
20 163
22 163
23 163
25 163
24 163
52 164
2 164
4 164
5 164
7 164
8 164
10 164
11 164
13 164
14 164
16 164
17 164
19 164
20 164
22 164
23 164
25 164
24 164
54 165
13 165
14 165
16 165
17 165
19 165
20 165
22 165
23 165
25 165
24 165
51 166
4 166
5 166
7 166
8 166
10 166
11 166
13 166
14 166
16 166
17 166
19 166
20 166
22 166
23 166
25 166
24 166
55 167
53 168
11 168
13 168
14 168
16 168
17 168
19 168
20 168
22 168
23 168
25 168
24 168
52 169
4 169
5 169
7 169
8 169
10 169
11 169
13 169
14 169
16 169
17 169
19 169
20 169
22 169
23 169
25 169
24 169
54 170
15 170
17 170
19 170
20 170
22 170
23 170
25 170
24 170
51 171
6 171
7 171
8 171
10 171
11 171
13 171
14 171
16 171
17 171
19 171
20 171
22 171
23 171
25 171
24 171
55 172
15 172
17 172
19 172
20 172
22 172
23 172
25 172
24 172
53 173
9 173
10 173
11 173
13 173
14 173
16 173
17 173
19 173
20 173
22 173
23 173
25 173
24 173
52 174
6 174
7 174
8 174
10 174
11 174
13 174
14 174
16 174
17 174
19 174
20 174
22 174
23 174
25 174
24 174
54 175
17 175
19 175
20 175
22 175
23 175
25 175
24 175
51 176
8 176
10 176
11 176
13 176
14 176
16 176
17 176
19 176
20 176
22 176
23 176
25 176
24 176
55 177
13 177
14 177
16 177
17 177
19 177
20 177
22 177
23 177
25 177
24 177
52 179
8 179
10 179
11 179
13 179
14 179
16 179
17 179
19 179
20 179
22 179
23 179
25 179
24 179
54 180
18 180
20 180
22 180
23 180
25 180
24 180
51 181
10 181
11 181
13 181
14 181
16 181
17 181
19 181
20 181
22 181
23 181
25 181
24 181
55 182
11 182
13 182
14 182
16 182
17 182
19 182
20 182
22 182
23 182
25 182
24 182
52 184
9 184
10 184
11 184
13 184
14 184
16 184
17 184
19 184
20 184
22 184
23 184
25 184
24 184
54 185
51 186
12 186
13 186
14 186
16 186
17 186
19 186
20 186
22 186
23 186
25 186
24 186
55 187
9 187
10 187
11 187
13 187
14 187
16 187
17 187
19 187
20 187
22 187
23 187
25 187
24 187
52 189
51 191
14 191
16 191
17 191
19 191
20 191
22 191
23 191
25 191
24 191
55 192
7 192
8 192
10 192
11 192
13 192
14 192
16 192
17 192
19 192
20 192
22 192
23 192
25 192
24 192
51 196
16 196
17 196
19 196
20 196
22 196
23 196
25 196
24 196
55 197
5 197
7 197
8 197
10 197
11 197
13 197
14 197
16 197
17 197
19 197
20 197
22 197
23 197
25 197
24 197
51 201
18 201
20 201
22 201
23 201
25 201
24 201
53 178
55 178
4 178
53 183
5 178
55 183
7 178
4 183
53 188
8 178
5 183
55 188
10 178
7 183
4 188
11 178
53 193
8 183
5 188
13 178
55 193
10 183
7 188
14 178
4 193
11 183
53 198
8 188
16 178
5 193
13 183
55 198
10 188
17 178
7 193
14 183
4 198
11 188
19 178
8 193
16 183
5 198
13 188
20 178
10 193
17 183
7 198
14 188
22 178
11 193
19 183
8 198
16 188
23 178
13 193
20 183
10 198
17 188
25 178
14 193
22 183
11 198
19 188
24 178
16 193
23 183
13 198
20 188
17 193
25 183
14 198
22 188
19 193
24 183
16 198
23 188
20 193
17 198
25 188
22 193
19 198
24 188
23 193
20 198
25 193
22 198
24 193
23 198
25 198
24 198
55 202
3 202
5 202
7 202
8 202
10 202
11 202
13 202
14 202
16 202
17 202
19 202
20 202
22 202
23 202
25 202
24 202
51 206
20 206
22 206
23 206
25 206
24 206
55 207
1 207
3 207
5 207
7 207
8 207
10 207
11 207
13 207
14 207
16 207
17 207
19 207
20 207
22 207
23 207
25 207
24 207
51 211
21 211
23 211
25 211
24 211
55 212
3 212
5 212
7 212
8 212
10 212
11 212
13 212
14 212
16 212
17 212
19 212
20 212
22 212
23 212
25 212
24 212
51 216
23 216
25 216
24 216
55 217
5 217
7 217
8 217
10 217
11 217
13 217
14 217
16 217
17 217
19 217
20 217
22 217
23 217
25 217
24 217
51 221
25 221
24 221
55 222
7 222
8 222
10 222
11 222
13 222
14 222
16 222
17 222
19 222
20 222
22 222
23 222
25 222
24 222
51 226
26 226
27 226
29 226
30 226
31 226
32 226
33 226
34 226
36 226
37 226
38 226
39 226
40 226
42 226
43 226
44 226
45 226
46 226
48 226
49 226
50 226
49 226
48 226
47 226
49 226
50 226
49 226
47 226
48 226
46 226
47 226
49 226
50 226
49 226
50 226
49 226
50 226
49 226
50 226
49 226
50 226
49 226
50 226
49 226
50 226
49 226
50 226
49 226
50 226
49 226
50 226
49 226
50 226
49 226
50 226
49 226
50 226
49 226
50 226
49 226
50 226
49 226
50 226
49 226
50 226
49 226
50 226
49 226
48 226
49 226
50 226
49 226
47 226
46 226
45 226
44 226
43 226
42 226
41 226
43 226
44 226
45 226
46 226
48 226
49 226
50 226
49 226
50 226
49 226
50 226
49 226
50 226
49 226
50 226
49 226
50 226
49 226
50 226
49 226
55 227
9 227
10 227
11 227
13 227
14 227
16 227
17 227
19 227
20 227
22 227
23 227
25 227
24 227
51 231
28 231
30 231
31 231
32 231
33 231
34 231
36 231
37 231
38 231
39 231
40 231
42 231
43 231
44 231
45 231
46 231
48 231
49 231
50 231
49 231
48 231
47 231
49 231
50 231
49 231
47 231
48 231
46 231
47 231
49 231
50 231
49 231
50 231
49 231
50 231
49 231
50 231
49 231
50 231
49 231
50 231
49 231
50 231
49 231
50 231
49 231
50 231
49 231
50 231
49 231
50 231
49 231
50 231
49 231
50 231
49 231
50 231
49 231
50 231
49 231
50 231
49 231
50 231
49 231
50 231
49 231
48 231
49 231
50 231
49 231
47 231
46 231
45 231
44 231
43 231
42 231
41 231
43 231
44 231
45 231
46 231
48 231
49 231
50 231
49 231
50 231
49 231
50 231
49 231
50 231
49 231
50 231
49 231
50 231
49 231
50 231
49 231
50 231
49 231
55 232
11 232
13 232
14 232
16 232
17 232
19 232
20 232
22 232
23 232
25 232
24 232
51 236
30 236
31 236
32 236
33 236
34 236
36 236
37 236
38 236
39 236
40 236
42 236
43 236
44 236
45 236
46 236
48 236
49 236
50 236
49 236
48 236
47 236
49 236
50 236
49 236
47 236
48 236
46 236
47 236
49 236
50 236
49 236
50 236
49 236
50 236
49 236
50 236
49 236
50 236
49 236
50 236
49 236
50 236
49 236
50 236
49 236
50 236
49 236
50 236
49 236
50 236
49 236
50 236
49 236
50 236
49 236
50 236
49 236
50 236
49 236
50 236
49 236
50 236
49 236
50 236
49 236
48 236
49 236
50 236
49 236
47 236
46 236
45 236
44 236
43 236
42 236
41 236
43 236
44 236
45 236
46 236
48 236
49 236
50 236
49 236
50 236
49 236
50 236
49 236
50 236
49 236
50 236
49 236
50 236
49 236
50 236
49 236
50 236
49 236
50 236
55 237