63 720
60 721
56 722
52 723
64 724
58 725
54 726
65 727
53 728
59 729
62 730
55 731
51 732
61 733
57 734
63 735
60 736
56 737
52 738
64 739
58 740
54 741
65 742
53 743
59 744
62 745
55 746
51 747
61 748
57 749
63 750
60 751
56 752
52 753
64 754
58 755
54 756
65 757
53 758
59 759
62 760
55 761
51 762
61 763
57 764
63 765
60 766
56 767
52 768
64 769
58 770
54 771
65 772
53 773
59 774
62 775
55 776
51 777
61 778
57 779
63 780
60 781
56 782
52 783
64 784
58 785
54 786
65 787
53 788
59 789
62 790
55 791
51 792
61 793
57 794
63 795
60 796
56 797
52 798
64 799
58 800
54 801
65 802
53 803
59 804
62 805
55 806
51 807
61 808
57 809
63 810
60 811
56 812
52 813
64 814
58 815
54 816
65 817
53 818
59 819
62 820
55 821
51 822
61 823
57 824
63 825
60 826
56 827
52 828
64 829
58 830
54 831
65 832
53 833
59 834
62 835
55 836
51 837
61 838
57 839
63 840
60 841
56 842
52 843
64 844
58 845
54 846
65 847
53 848
59 849
62 850
55 851
51 852
61 853
57 854
63 855
60 856
56 857
52 858
64 859
58 860
54 861
65 862
53 863
59 864
62 865
55 866
51 867
61 868
57 869
63 870
60 871
56 872
52 873
64 874
58 875
54 876
65 877
53 878
59 879
62 880
55 881
51 882
61 883
57 884
63 885
60 886
56 887
52 888
64 889
58 890
54 891
65 892
53 893
59 894
62 895
55 896
51 897
61 898
57 899
63 900
60 901
56 902
52 903
64 904
58 905
54 906
65 907
53 908
59 909
62 910
55 911
51 912
61 913
57 914
63 915
60 916
56 917
52 918
64 919
58 920
54 921
65 922
53 923
59 924
62 925
55 926
51 927
61 928
57 929
63 930
60 931
56 932
52 933
64 934
58 935
54 936
65 937
53 938
59 939
62 940
55 941
51 942
61 943
57 944
63 945
60 946
56 947
52 948
64 949
58 950
54 951
65 952
53 953
59 954
62 955
55 956
51 957
61 958
57 959
63 960
60 961
56 962
52 963
64 964
58 965
54 966
65 967
53 968
59 969
62 970
55 971
51 972
61 973
57 974
63 975
60 976
56 977
52 978
64 979
58 980
54 981
65 982
53 983
59 984
62 985
55 986
51 987
61 988
57 989
63 990
60 991
56 992
52 993
64 994
58 995
54 996
65 997
53 998
59 999
62 1000
55 1001
51 1002
61 1003
57 1004
63 1005
60 1006
56 1007
52 1008
64 1009
58 1010
54 1011
65 1012
53 1013
59 1014
62 1015
55 1016
51 1017
61 1018
57 1019
63 1020
60 1021
56 1022
52 1023
64 1024
58 1025
54 1026
65 1027
53 1028
59 1029
62 1030
55 1031
51 1032
61 1033
57 1034
63 1035
60 1036
56 1037
52 1038
64 1039
58 1040
54 1041
65 1042
53 1043
59 1044
62 1045
55 1046
51 1047
61 1048
57 1049
63 1050
60 1051
56 1052
52 1053
64 1054
58 1055
54 1056
65 1057
53 1058
59 1059
62 1060
55 1061
51 1062
61 1063
57 1064
63 1065
60 1066
56 1067
52 1068
64 1069
58 1070
54 1071
65 1072
53 1073
59 1074
62 1075
55 1076
51 1077
61 1078
57 1079
63 1080
60 1081
56 1082
52 1083
64 1084
58 1085
54 1086
65 1087
53 1088
59 1089
62 1090
55 1091
51 1092
61 1093
57 1094
63 1095
60 1096
56 1097
52 1098
64 1099
58 1100
54 1101
65 1102
53 1103
59 1104
62 1105
55 1106
51 1107
61 1108
57 1109
63 1110
60 1111
56 1112
52 1113
64 1114
58 1115
54 1116
65 1117
53 1118
59 1119
62 1120
55 1121
51 1122
61 1123
57 1124
63 1125
60 1126
56 1127
52 1128
64 1129
58 1130
54 1131
65 1132
53 1133
59 1134
62 1135
55 1136
51 1137
61 1138
57 1139
63 1140
60 1141
56 1142
52 1143
64 1144
58 1145
54 1146
65 1147
53 1148
59 1149
62 1150
55 1151
51 1152
61 1153
57 1154
63 1155
60 1156
56 1157
52 1158
64 1159
58 1160
54 1161
65 1162
53 1163
59 1164
62 1165
55 1166
51 1167
61 1168
57 1169
63 1170
60 1171
56 1172
52 1173
64 1174
58 1175
54 1176
65 1177
53 1178
59 1179
62 1180
55 1181
51 1182
61 1183
57 1184
63 1185
60 1186
56 1187
52 1188
64 1189
58 1190
54 1191
65 1192
53 1193
59 1194
62 1195
55 1196
51 1197
61 1198
57 1199
63 1200
60 1201
56 1202
52 1203
64 1204
58 1205
54 1206
65 1207
53 1208
59 1209
62 1210
55 1211
51 1212
61 1213
57 1214
63 1215
60 1216
56 1217
52 1218
64 1219
58 1220
54 1221
65 1222
53 1223
59 1224
62 1225
55 1226
51 1227
61 1228
57 1229
63 1230
60 1231
56 1232
52 1233
64 1234
58 1235
54 1236
65 1237
53 1238
59 1239
62 1240
55 1241
51 1242
61 1243
57 1244
63 1245
60 1246
56 1247
52 1248
64 1249
58 1250
54 1251
65 1252
53 1253
59 1254
62 1255
55 1256
51 1257
61 1258
57 1259
63 1260
60 1261
56 1262
52 1263
64 1264
58 1265
54 1266
65 1267
53 1268
59 1269
62 1270
55 1271
51 1272
61 1273
57 1274
63 1275
60 1276
56 1277
52 1278
64 1279
58 1280
54 1281
65 1282
53 1283
59 1284
62 1285
55 1286
51 1287
61 1288
57 1289
63 1290
60 1291
56 1292
52 1293
64 1294
58 1295
54 1296
65 1297
53 1298
59 1299
62 1300
55 1301
51 1302
61 1303
57 1304
63 1305
60 1306
56 1307
52 1308
64 1309
58 1310
54 1311
65 1312
53 1313
59 1314
62 1315
55 1316
51 1317
61 1318
57 1319
63 1320
60 1321
56 1322
52 1323
64 1324
58 1325
54 1326
65 1327
53 1328
59 1329
62 1330
55 1331
51 1332
61 1333
57 1334
63 1335
60 1336
56 1337
52 1338
64 1339
58 1340
54 1341
65 1342
53 1343
59 1344
62 1345
55 1346
51 1347
61 1348
57 1349
63 1350
60 1351
56 1352
52 1353
64 1354
58 1355
54 1356
65 1357
53 1358
59 1359
62 1360
55 1361
51 1362
61 1363
57 1364
63 1365
60 1366
56 1367
52 1368
64 1369
58 1370
54 1371
65 1372
53 1373
59 1374
62 1375
55 1376
51 1377
61 1378
57 1379
63 1380
60 1381
56 1382
52 1383
64 1384
58 1385
54 1386
65 1387
53 1388
59 1389
62 1390
55 1391
51 1392
61 1393
57 1394
63 1395
60 1396
56 1397
52 1398
64 1399
58 1400
54 1401
65 1402
53 1403
59 1404
62 1405
55 1406
51 1407
61 1408
57 1409
63 1410
60 1411
56 1412
52 1413
64 1414
58 1415
54 1416
65 1417
53 1418
59 1419
62 1420
55 1421
51 1422
61 1423
57 1424
63 1425
60 1426
56 1427
52 1428
64 1429
58 1430
54 1431
65 1432
53 1433
59 1434
62 1435
55 1436
51 1437
61 1438
57 1439