1445 55 0 100 1.30002e+10
1450 69 0 100 245072
1451 68 0 100 93361
1455 57 0 100 58351
1457 65 0 100 46680
1463 58 0 100 816907
1465 55 0 100 256742
1470 69 0 100 245072
1471 68 0 100 1.03864e+06
1477 65 0 100 70020
1483 58 0 100 8.00028e+09
1486 52 0 100 233402
1490 69 0 100 233402
1491 68 0 100 35010
1497 65 0 100 93361
1502 61 0 100 116701
1511 68 0 100 23340
1526 52 0 100 233402
1536 53 0 100 140041
1654 51 0 100 315092
1656 53 0 100 245072
1676 53 0 100 245072
1696 53 0 100 233402
1704 64 0 100 1.40001e+10
1698 59 0 100 4.00002e+10
1716 53 0 100 210062
1712 70 0 100 2.40001e+10
1718 59 0 100 256742
1724 64 0 100 1.8e+10
1729 54 0 100 175052
1732 70 0 100 9.00014e+09
1736 53 0 100 186721
1738 59 0 100 233402
1744 64 0 100 9.00004e+09
1675 57 0 100 3.61e+11
1695 57 0 100 2.61e+11
1715 57 0 100 1.61e+11
1735 57 0 100 6.10004e+10
1749 54 0 100 163382
1752 70 0 100 151711
1708 63 0 100 2.31e+11
1728 63 0 100 1.31e+11
1748 63 0 100 3.10001e+10
1756 53 0 100 175051
1758 59 0 100 221731
1761 66 0 100 186721
1703 58 0 100 3.01e+11
1723 58 0 100 2.01e+11
1743 58 0 100 1.01e+11
1763 58 0 100 1.00035e+09
1699 62 0 100 3.32e+11
1719 62 0 100 2.32e+11
1739 62 0 100 1.32e+11
1759 62 0 100 3.20003e+10
1768 63 0 100 23340
1769 54 0 100 140042
1772 70 0 100 175051
1776 53 0 100 151711
1778 59 0 100 198391
1784 64 0 100 23340
1788 63 0 100 23340
1789 54 0 100 116701
1792 70 0 100 186722
1693 67 0 100 5.09e+11
1713 67 0 100 4.09e+11
1733 67 0 100 3.09e+11
1753 67 0 100 2.09e+11
1773 67 0 100 1.09e+11
1793 67 0 100 9.00028e+09
1796 53 0 100 128371
1798 59 0 100 175051
1799 62 0 100 1.50002e+10
1765 55 0 100 2.03e+11
1785 55 0 100 1.03e+11
1745 55 0 100 3.03e+11
1705 55 0 100 5.03001e+11
1805 55 0 100 3.00059e+09
1725 55 0 100 4.03001e+11
1813 67 0 100 3.00016e+09
1824 64 0 100 3.00067e+09
1825 55 0 100 3.00113e+09
1828 63 0 100 653526
1853 67 0 100 653526
1864 64 0 100 315093
1868 63 0 100 245072
1873 67 0 100 233402
1884 64 0 100 256742
1885 55 0 100 291752
1909 54 0 100 93361
1921 66 0 100 11670
1929 54 0 100 58351
1934 51 0 100 105030
1936 53 0 100 93361
1937 65 0 100 23340
1941 66 0 100 93360
1942 61 0 100 93361
1949 54 0 100 933608
1953 67 0 100 361773
1954 51 0 100 186721
1956 53 0 100 186721
1957 65 0 100 93361
1958 59 0 100 525154
1961 66 0 100 186721
1962 61 0 100 186722
1969 54 0 100 781897
1971 68 0 100 1.03864e+06
1975 57 0 100 1.02697e+06
1974 51 0 100 1.30008e+10
1977 65 0 100 770226
1978 59 0 100 11670
1991 68 0 100 571835
1995 57 0 100 140041
1998 59 0 100 81690
2011 68 0 100 46681
2012 70 0 100 116701
2014 51 0 100 455133
2015 57 0 100 46681
2017 65 0 100 175051
2018 59 0 100 35010
2019 62 0 100 221732
2020 60 0 100 175052
2021 66 0 100 455134
2022 61 0 100 175052
2023 58 0 100 116701
2029 54 0 100 513485
2031 68 0 100 35010
2032 70 0 100 105031
2034 51 0 100 478474
2035 57 0 100 81691
2037 65 0 100 501814
2038 59 0 100 81690
2039 62 0 100 116701
2040 60 0 100 58351
2043 58 0 100 105031
2051 68 0 100 23340
2052 70 0 100 163381
2055 57 0 100 23340
2060 60 0 100 46681
2063 58 0 100 163381
2071 68 0 100 23340
2072 70 0 100 58350
2075 57 0 100 35010
2078 59 0 100 455133
2080 60 0 100 81691
2083 58 0 100 58350
2091 68 0 100 1.00363e+06
2095 57 0 100 81691
2092 70 0 100 8.00005e+09
2098 59 0 100 478474
2100 60 0 100 23341
2111 68 0 100 805237
2115 57 0 100 828577
1907 56 0 100 1.106e+12
1867 56 0 100 1.306e+12
1927 56 0 100 1.006e+12
1887 56 0 100 1.206e+12
1947 56 0 100 9.06e+11
1967 56 0 100 8.06001e+11
1987 56 0 100 7.06001e+11
2027 56 0 100 5.06001e+11
2007 56 0 100 6.06001e+11
2047 56 0 100 4.06001e+11
2067 56 0 100 3.06001e+11
1827 56 0 100 1.506e+12
2087 56 0 100 2.06001e+11
1847 56 0 100 1.406e+12
2140 60 0 100 653526
2143 58 0 100 58350
2163 58 0 100 163381
2183 58 0 100 396783
2179 62 0 100 2.30004e+10
2171 68 0 100 1.24001e+11
2190 69 0 100 2.97065e+10
2266 52 0 100 9.00016e+09
2286 52 0 100 1.5e+10
2291 68 0 100 746887
2294 51 0 100 711876
2267 56 0 100 1.36001e+11
2287 56 0 100 3.60006e+10
2295 57 0 100 4.40004e+10