2400 63 0 100 233402
2401 62 0 100 233402
2419 52 0 100 256743
2423 58 0 100 245072
2425 63 0 100 256742
2426 62 0 100 256743
2444 52 0 100 233402
2448 58 0 100 233402
2413 60 0 100 1.41e+11
2438 60 0 100 4.10003e+10
2450 63 0 100 233402
2451 62 0 100 233402
2421 71 0 100 1.87e+11
2446 71 0 100 8.70003e+10
2469 52 0 100 221732
2471 71 0 100 245073
2473 58 0 100 233402
2475 63 0 100 221732
2476 62 0 100 221732
2417 65 0 100 2.58e+11
2442 65 0 100 1.58e+11
2467 65 0 100 5.80004e+10
2494 52 0 100 198392
2498 58 0 100 210062
2500 63 0 100 198391
2501 62 0 100 198392
2519 52 0 100 175052
2523 58 0 100 186721
2424 57 0 100 4.12e+11
2449 57 0 100 3.12e+11
2474 57 0 100 2.12e+11
2499 57 0 100 1.12e+11
2524 57 0 100 1.20005e+10
2525 63 0 100 175051
2526 62 0 100 198392
2670 53 0 100 291753
2683 61 0 100 163381
2685 68 0 100 46681
2688 60 0 100 116701
2689 74 0 100 221732
2690 69 0 100 163382
2694 52 0 100 151712
2695 53 0 100 233402
2697 66 0 100 163382
2696 71 0 100 2.60001e+10
2704 72 0 100 186721
2702 55 0 100 8.00027e+09
2710 68 0 100 58351
2711 64 0 100 128371
2699 57 0 100 4.10003e+10
2712 70 0 100 256742
2714 74 0 100 233402
2720 53 0 100 245072
2717 65 0 100 8.00014e+09
2713 60 0 100 4.30002e+10
2724 57 0 100 186721
2706 67 0 100 7.20002e+10
2727 55 0 100 163382
2728 59 0 100 256742
2729 72 0 100 268412
2731 67 0 100 198392
2733 61 0 100 128371
2734 56 0 100 326763
2735 68 0 100 163382
2737 70 0 100 291753
2739 74 0 100 256742
2736 64 0 100 3.90001e+10
2745 53 0 100 315093
2747 66 0 100 116701
2749 57 0 100 268412
2716 54 0 100 1.19e+11
2741 54 0 100 1.90003e+10
2752 55 0 100 268413
2753 59 0 100 303423
2754 72 0 100 291752
2758 61 0 100 175052
2759 56 0 100 233402
2760 68 0 100 151712
2762 70 0 100 221732
2742 65 0 100 6.00002e+10
2764 74 0 100 280082
2756 67 0 100 4.00003e+10
2772 66 0 100 23341
2730 51 0 100 1.63e+11
2755 51 0 100 6.30003e+10
2774 57 0 100 175051
2765 69 0 100 3.90002e+10
2777 55 0 100 221732
2778 59 0 100 245072
2779 72 0 100 280082
2781 67 0 100 338433
2783 61 0 100 268412
2784 56 0 100 280083
2785 68 0 100 198392
2787 70 0 100 268412
2789 74 0 100 291752
2790 69 0 100 8.00023e+09
2791 54 0 100 245072
2793 75 0 100 245072
2795 53 0 100 303423
2797 66 0 100 11670
2799 57 0 100 151711
2786 64 0 100 7.30001e+10
2802 55 0 100 245072
2803 59 0 100 221732
2804 72 0 100 291752
2806 67 0 100 291753
2808 61 0 100 221732
2809 56 0 100 186722
2810 68 0 100 151712
2812 70 0 100 175052
2811 64 0 100 1.00001e+10
2814 74 0 100 233402
2815 69 0 100 9.00021e+09
2818 75 0 100 186722
2820 53 0 100 233402
2822 66 0 100 210062
2824 57 0 100 198391
2782 73 0 100 1.9e+11
2807 73 0 100 9.00002e+10
2827 55 0 100 338433
2828 59 0 100 268412
2829 72 0 100 338433
2831 67 0 100 291753
2832 73 0 100 175052
2833 61 0 100 245072
2834 56 0 100 163382
2835 68 0 100 175052
2836 64 0 100 70021
2837 70 0 100 151711
2839 74 0 100 210062
2840 69 0 100 233402
2843 75 0 100 163382
2845 53 0 100 210062
2847 66 0 100 198392
2849 57 0 100 105031
2853 59 0 100 151711
2854 72 0 100 210062
2856 67 0 100 233402
2859 56 0 100 116701
2860 68 0 100 175052
2861 64 0 100 11670
2862 70 0 100 116701
2864 74 0 100 175051
2865 69 0 100 210062
2857 73 0 100 3.90002e+10
2868 75 0 100 128371
2870 53 0 100 163382
2874 57 0 100 70020
2816 54 0 100 2.38e+11
2841 54 0 100 1.38e+11
2866 54 0 100 3.80004e+10
2877 55 0 100 245072
2878 59 0 100 128371
2879 72 0 100 186721
2881 67 0 100 210062
2883 61 0 100 233402
2884 56 0 100 105031
2885 68 0 100 186722
2886 64 0 100 23340
2887 70 0 100 93361
2889 74 0 100 151711
2890 69 0 100 233402
2893 75 0 100 105031
2895 53 0 100 140041
2899 57 0 100 46680
2891 54 0 100 4.00002e+10
2902 55 0 100 233402
2903 59 0 100 116701
2904 72 0 100 175051
2906 67 0 100 186722
2908 61 0 100 245072
2909 56 0 100 81691
2910 68 0 100 210062
2912 70 0 100 70021
2914 74 0 100 128371
2915 69 0 100 245072
2916 54 0 100 221732
2918 75 0 100 81691
2920 53 0 100 116701
2924 57 0 100 35010
2882 73 0 100 1.84e+11
2907 73 0 100 8.40003e+10
2927 55 0 100 210062
2928 59 0 100 105031
2929 72 0 100 163381
2931 67 0 100 175052
2932 73 0 100 221732
2933 61 0 100 233402
2934 56 0 100 58351
2935 68 0 100 233402
2937 70 0 100 46681
2939 74 0 100 116701
2940 69 0 100 233402
2941 54 0 100 198392
2943 75 0 100 46681
2945 53 0 100 105031
2949 57 0 100 23340
2855 51 0 100 3.84e+11
2880 51 0 100 2.84e+11
2905 51 0 100 1.84e+11
2930 51 0 100 8.40003e+10
2952 55 0 100 186722
2953 59 0 100 81691
2954 72 0 100 140041
2956 67 0 100 151711
2958 61 0 100 210062
2959 56 0 100 46681
2960 68 0 100 245073
2962 70 0 100 35010
2968 75 0 100 688536
2974 57 0 100 58350
2984 56 0 100 676866
2987 70 0 100 688536
2993 75 0 100 11670
2999 57 0 100 58350
3009 56 0 100 58351
3012 70 0 100 58351
3018 75 0 100 58351
3024 57 0 100 910267
3005 51 0 100 7.61291e+10
3003 59 0 100 7.73373e+10
3020 53 0 100 1.93338e+10
3030 51 0 100 58350
3034 56 0 100 58351
3027 55 0 100 3.20006e+10
3032 73 0 100 2.38539e+10
3028 59 0 100 2.93373e+10
3029 72 0 100 2.88573e+10
3031 67 0 100 2.44545e+10
3033 61 0 100 2.30771e+10
3039 74 0 100 46680
3040 69 0 100 175052
3041 54 0 100 128371
3045 53 0 100 35010
3052 55 0 100 116701
3053 59 0 100 23340
3054 72 0 100 186721
3056 67 0 100 175052
3058 61 0 100 233402
3059 56 0 100 548495
3060 68 0 100 186722
3057 73 0 100 1.00003e+10
3064 74 0 100 93361
3065 69 0 100 221732
3066 54 0 100 116701
3070 53 0 100 11670
3077 55 0 100 105031
3078 59 0 100 23340
3079 72 0 100 46680
3081 67 0 100 58351
3082 73 0 100 291753
3083 61 0 100 116701
3085 68 0 100 3.00018e+09
3089 74 0 100 23340
3090 69 0 100 128371
3091 54 0 100 163382
3095 53 0 100 23340
3102 55 0 100 175052
3104 72 0 100 35010
3107 73 0 100 175052
3108 61 0 100 105031
3109 56 0 100 618516
3112 70 0 100 618515
3114 74 0 100 618515
2771 71 0 100 1.382e+12
2796 71 0 100 1.282e+12
2896 71 0 100 8.82001e+11
2946 71 0 100 6.82001e+11
2921 71 0 100 7.82001e+11
2971 71 0 100 5.82001e+11
3013 60 0 100 4.16232e+11
3021 71 0 100 3.82001e+11
3046 71 0 100 2.82001e+11
3071 71 0 100 1.82001e+11
2871 71 0 100 9.82001e+11
3096 71 0 100 8.20011e+10
2846 71 0 100 1.082e+12
3115 69 0 100 3.00012e+09
3116 54 0 100 58351
3117 65 0 100 198391
3118 75 0 100 291753
3120 53 0 100 70021
3127 55 0 100 58351
3128 59 0 100 58351
3129 72 0 100 11670
3132 73 0 100 163382
3133 61 0 100 81691
3124 57 0 100 3.40003e+10
3134 56 0 100 291753
3137 70 0 100 396784
3139 74 0 100 70020
3141 54 0 100 46681
3143 75 0 100 280083
3144 52 0 100 198392
3145 53 0 100 58351
3148 58 0 100 186721
3150 63 0 100 198391
3152 55 0 100 46681
3153 59 0 100 93361
3154 72 0 100 23340
3155 51 0 100 291752
3157 73 0 100 140041
3158 61 0 100 58351
3159 56 0 100 280083
3164 74 0 100 105031
3166 54 0 100 23340
3168 75 0 100 373443
3169 52 0 100 291753
3170 53 0 100 93361
3173 58 0 100 280082
3175 63 0 100 280082
3176 62 0 100 280083
3177 55 0 100 35011
3178 59 0 100 291753
3180 51 0 100 280082
3149 57 0 100 1.3e+11
3174 57 0 100 3.00004e+10
3182 73 0 100 116701
3183 61 0 100 46680
3189 74 0 100 93361
3191 54 0 100 11670
3193 75 0 100 233402
3195 53 0 100 291753
3200 63 0 100 233402
3201 62 0 100 233402
3202 55 0 100 35011
3207 73 0 100 105031
3209 56 0 100 233402
3208 61 0 100 2.00007e+10
3216 54 0 100 58351
3266 54 0 100 8.79775e+09
3181 67 0 100 3.60001e+11
3206 67 0 100 2.60001e+11
3227 55 0 100 1.67547e+11
3231 67 0 100 1.60001e+11
3256 67 0 100 6.00006e+10
3282 73 0 100 58351
3288 60 0 100 1.02697e+06
3294 52 0 100 256743
3298 58 0 100 525154
3300 63 0 100 256742
3301 62 0 100 256743
3307 73 0 100 70021
3319 52 0 100 151712
3323 58 0 100 420123
3325 63 0 100 151711
3326 62 0 100 151712
3332 73 0 100 221732
3357 73 0 100 58351
3369 52 0 100 980289
3375 63 0 100 58350
3376 62 0 100 58351
3398 58 0 100 58350
3400 63 0 100 11670
3401 62 0 100 11671
3419 52 0 100 23341
3423 58 0 100 23340
3425 63 0 100 23340
3426 62 0 100 23341
3444 52 0 100 46681
3450 63 0 100 46680
3451 62 0 100 46681
3469 52 0 100 58351
3473 58 0 100 70020
3475 63 0 100 58350
3476 62 0 100 58351
3492 65 0 100 105031
3573 58 0 100 140041
3569 52 0 100 7.00014e+09
3575 63 0 100 163381
3576 62 0 100 140042
3579 72 0 100 1.40003e+10
3594 52 0 100 163382
3598 58 0 100 163381