60 1440
66 1441
61 1442
58 1443
64 1444
55 1445
52 1446
56 1447
63 1448
54 1449
69 1450
68 1451
70 1452
67 1453
51 1454
57 1455
53 1456
65 1457
59 1458
62 1459
60 1460
66 1461
61 1462
58 1463
64 1464
55 1465
52 1466
56 1467
63 1468
54 1469
69 1470
68 1471
70 1472
67 1473
51 1474
57 1475
53 1476
65 1477
59 1478
62 1479
60 1480
66 1481
61 1482
58 1483
64 1484
55 1485
52 1486
56 1487
63 1488
54 1489
69 1490
68 1491
70 1492
67 1493
51 1494
57 1495
53 1496
65 1497
59 1498
62 1499
60 1500
66 1501
61 1502
58 1503
64 1504
55 1505
52 1506
56 1507
63 1508
54 1509
69 1510
68 1511
70 1512
67 1513
51 1514
57 1515
53 1516
65 1517
59 1518
62 1519
60 1520
66 1521
61 1522
58 1523
64 1524
55 1525
52 1526
56 1527
63 1528
54 1529
69 1530
68 1531
70 1532
67 1533
51 1534
57 1535
53 1536
65 1537
59 1538
62 1539
60 1540
66 1541
61 1542
58 1543
64 1544
55 1545
52 1546
56 1547
63 1548
54 1549
69 1550
68 1551
70 1552
67 1553
51 1554
57 1555
53 1556
65 1557
59 1558
62 1559
60 1560
66 1561
61 1562
58 1563
64 1564
55 1565
52 1566
56 1567
63 1568
54 1569
69 1570
68 1571
70 1572
67 1573
51 1574
57 1575
53 1576
65 1577
59 1578
62 1579
60 1580
66 1581
61 1582
58 1583
64 1584
55 1585
52 1586
56 1587
63 1588
54 1589
69 1590
68 1591
70 1592
67 1593
51 1594
57 1595
53 1596
65 1597
59 1598
62 1599
60 1600
66 1601
61 1602
58 1603
64 1604
55 1605
52 1606
56 1607
63 1608
54 1609
69 1610
68 1611
70 1612
67 1613
51 1614
57 1615
53 1616
65 1617
59 1618
62 1619
60 1620
66 1621
61 1622
58 1623
64 1624
55 1625
52 1626
56 1627
63 1628
54 1629
69 1630
68 1631
70 1632
67 1633
51 1634
57 1635
53 1636
65 1637
59 1638
62 1639
60 1640
66 1641
61 1642
58 1643
64 1644
55 1645
52 1646
56 1647
63 1648
54 1649
69 1650
68 1651
70 1652
67 1653
51 1654
57 1655
53 1656
65 1657
59 1658
62 1659
60 1660
66 1661
61 1662
58 1663
64 1664
55 1665
52 1666
56 1667
63 1668
54 1669
69 1670
68 1671
70 1672
67 1673
51 1674
57 1675
53 1676
65 1677
59 1678
62 1679
60 1680
66 1681
61 1682
58 1683
64 1684
55 1685
52 1686
56 1687
63 1688
54 1689
69 1690
68 1691
70 1692
67 1693
51 1694
57 1695
53 1696
65 1697
59 1698
62 1699
60 1700
66 1701
61 1702
58 1703
64 1704
55 1705
52 1706
56 1707
63 1708
54 1709
69 1710
68 1711
70 1712
67 1713
51 1714
57 1715
53 1716
65 1717
59 1718
62 1719
60 1720
66 1721
61 1722
58 1723
64 1724
55 1725
52 1726
56 1727
63 1728
54 1729
69 1730
68 1731
70 1732
67 1733
51 1734
57 1735
53 1736
65 1737
59 1738
62 1739
60 1740
66 1741
61 1742
58 1743
64 1744
55 1745
52 1746
56 1747
63 1748
54 1749
69 1750
68 1751
70 1752
67 1753
51 1754
57 1755
53 1756
65 1757
59 1758
62 1759
60 1760
66 1761
61 1762
58 1763
64 1764
55 1765
52 1766
56 1767
63 1768
54 1769
69 1770
68 1771
70 1772
67 1773
51 1774
57 1775
53 1776
65 1777
59 1778
62 1779
60 1780
66 1781
61 1782
58 1783
64 1784
55 1785
52 1786
56 1787
63 1788
54 1789
69 1790
68 1791
70 1792
67 1793
51 1794
57 1795
53 1796
65 1797
59 1798
62 1799
60 1800
66 1801
61 1802
58 1803
64 1804
55 1805
52 1806
56 1807
63 1808
54 1809
69 1810
68 1811
70 1812
67 1813
51 1814
57 1815
53 1816
65 1817
59 1818
62 1819
60 1820
66 1821
61 1822
58 1823
64 1824
55 1825
52 1826
56 1827
63 1828
54 1829
69 1830
68 1831
70 1832
67 1833
51 1834
57 1835
53 1836
65 1837
59 1838
62 1839
60 1840
66 1841
61 1842
58 1843
64 1844
55 1845
52 1846
56 1847
63 1848
54 1849
69 1850
68 1851
70 1852
67 1853
51 1854
57 1855
53 1856
65 1857
59 1858
62 1859
60 1860
66 1861
61 1862
58 1863
64 1864
55 1865
52 1866
56 1867
63 1868
54 1869
69 1870
68 1871
70 1872
67 1873
51 1874
57 1875
53 1876
65 1877
59 1878
62 1879
60 1880
66 1881
61 1882
58 1883
64 1884
55 1885
52 1886
56 1887
63 1888
54 1889
69 1890
68 1891
70 1892
67 1893
51 1894
57 1895
53 1896
65 1897
59 1898
62 1899
60 1900
66 1901
61 1902
58 1903
64 1904
55 1905
52 1906
56 1907
63 1908
54 1909
69 1910
68 1911
70 1912
67 1913
51 1914
57 1915
53 1916
65 1917
59 1918
62 1919
60 1920
66 1921
61 1922
58 1923
64 1924
55 1925
52 1926
56 1927
63 1928
54 1929
69 1930
68 1931
70 1932
67 1933
51 1934
57 1935
53 1936
65 1937
59 1938
62 1939
60 1940
66 1941
61 1942
58 1943
64 1944
55 1945
52 1946
56 1947
63 1948
54 1949
69 1950
68 1951
70 1952
67 1953
51 1954
57 1955
53 1956
65 1957
59 1958
62 1959
60 1960
66 1961
61 1962
58 1963
64 1964
55 1965
52 1966
56 1967
63 1968
54 1969
69 1970
68 1971
70 1972
67 1973
51 1974
57 1975
53 1976
65 1977
59 1978
62 1979
60 1980
66 1981
61 1982
58 1983
64 1984
55 1985
52 1986
56 1987
63 1988
54 1989
69 1990
68 1991
70 1992
67 1993
51 1994
57 1995
53 1996
65 1997
59 1998
62 1999
60 2000
66 2001
61 2002
58 2003
64 2004
55 2005
52 2006
56 2007
63 2008
54 2009
69 2010
68 2011
70 2012
67 2013
51 2014
57 2015
53 2016
65 2017
59 2018
62 2019
60 2020
66 2021
61 2022
58 2023
64 2024
55 2025
52 2026
56 2027
63 2028
54 2029
69 2030
68 2031
70 2032
67 2033
51 2034
57 2035
53 2036
65 2037
59 2038
62 2039
60 2040
66 2041
61 2042
58 2043
64 2044
55 2045
52 2046
56 2047
63 2048
54 2049
69 2050
68 2051
70 2052
67 2053
51 2054
57 2055
53 2056
65 2057
59 2058
62 2059
60 2060
66 2061
61 2062
58 2063
64 2064
55 2065
52 2066
56 2067
63 2068
54 2069
69 2070
68 2071
70 2072
67 2073
51 2074
57 2075
53 2076
65 2077
59 2078
62 2079
60 2080
66 2081
61 2082
58 2083
64 2084
55 2085
52 2086
56 2087
63 2088
54 2089
69 2090
68 2091
70 2092
67 2093
51 2094
57 2095
53 2096
65 2097
59 2098
62 2099
60 2100
66 2101
61 2102
58 2103
64 2104
55 2105
52 2106
56 2107
63 2108
54 2109
69 2110
68 2111
70 2112
67 2113
51 2114
57 2115
53 2116
65 2117
59 2118
62 2119
60 2120
66 2121
61 2122
58 2123
64 2124
55 2125
52 2126
56 2127
63 2128
54 2129
69 2130
68 2131
70 2132
67 2133
51 2134
57 2135
53 2136
65 2137
59 2138
62 2139
60 2140
66 2141
61 2142
58 2143
64 2144
55 2145
52 2146
56 2147
63 2148
54 2149
69 2150
68 2151
70 2152
67 2153
51 2154
57 2155
53 2156
65 2157
59 2158
62 2159
60 2160
66 2161
61 2162
58 2163
64 2164
55 2165
52 2166
56 2167
63 2168
54 2169
69 2170
68 2171
70 2172
67 2173
51 2174
57 2175
53 2176
65 2177
59 2178
62 2179
60 2180
66 2181
61 2182
58 2183
64 2184
55 2185
52 2186
56 2187
63 2188
54 2189
69 2190
68 2191
70 2192
67 2193
51 2194
57 2195
53 2196
65 2197
59 2198
62 2199
60 2200
66 2201
61 2202
58 2203
64 2204
55 2205
52 2206
56 2207
63 2208
54 2209
69 2210
68 2211
70 2212
67 2213
51 2214
57 2215
53 2216
65 2217
59 2218
62 2219
60 2220
66 2221
61 2222
58 2223
64 2224
55 2225
52 2226
56 2227
63 2228
54 2229
69 2230
68 2231
70 2232
67 2233
51 2234
57 2235
53 2236
65 2237
59 2238
62 2239
60 2240
66 2241
61 2242
58 2243
64 2244
55 2245
52 2246
56 2247
63 2248
54 2249
69 2250
68 2251
70 2252
67 2253
51 2254
57 2255
53 2256
65 2257
59 2258
62 2259
60 2260
66 2261
61 2262
58 2263
64 2264
55 2265
52 2266
56 2267
63 2268
54 2269
69 2270
68 2271
70 2272
67 2273
51 2274
57 2275
53 2276
65 2277
59 2278
62 2279
60 2280
66 2281
61 2282
58 2283
64 2284
55 2285
52 2286
56 2287
63 2288
54 2289
69 2290
68 2291
70 2292
67 2293
51 2294
57 2295
53 2296
65 2297
59 2298
62 2299
60 2300
66 2301
61 2302
58 2303
64 2304
55 2305
52 2306
56 2307
63 2308
54 2309
69 2310
68 2311
70 2312
67 2313
51 2314
57 2315
53 2316
65 2317
59 2318
62 2319
60 2320
66 2321
61 2322
58 2323
64 2324
55 2325
52 2326
56 2327
63 2328
54 2329
69 2330
68 2331
70 2332
67 2333
51 2334
57 2335
53 2336
65 2337
59 2338
62 2339
60 2340
66 2341
61 2342
58 2343
64 2344
55 2345
52 2346
56 2347
63 2348
54 2349
69 2350
68 2351
70 2352
67 2353
51 2354
57 2355
53 2356
65 2357
59 2358
62 2359
60 2360
66 2361
61 2362
58 2363
64 2364
55 2365
52 2366
56 2367
63 2368
54 2369
69 2370
68 2371
70 2372
67 2373
51 2374
57 2375
53 2376
65 2377
59 2378
62 2379
60 2380
66 2381
61 2382
58 2383
64 2384
55 2385
52 2386
56 2387
63 2388
54 2389
69 2390
68 2391
70 2392
67 2393
51 2394
57 2395
53 2396
65 2397
59 2398
62 2399