735 63 0 100 151711
721 60 0 100 1.61e+11
736 60 0 100 6.10003e+10
748 61 0 100 221732
750 63 0 100 175051
763 61 0 100 268412
765 63 0 100 268412
773 53 0 100 1.40002e+10
778 61 0 100 221732
793 61 0 100 163381
882 51 0 100 5.10011e+10
897 51 0 100 245072
891 54 0 100 9.00003e+10
906 54 0 100 268413
912 51 0 100 245072
877 65 0 100 2.35e+11
892 65 0 100 1.35e+11
907 65 0 100 3.50003e+10
920 58 0 100 116701
922 65 0 100 116701
927 51 0 100 233402
1002 51 0 100 128371
1008 52 0 100 245072
1010 58 0 100 23341
1011 54 0 100 128371
1012 65 0 100 11670
1017 51 0 100 116701
1023 52 0 100 245072
1025 58 0 100 35011
1026 54 0 100 116701
1027 65 0 100 35010
1032 51 0 100 105031
1038 52 0 100 233402
1039 64 0 100 245072
1041 54 0 100 93361
1047 51 0 100 81691
1053 52 0 100 210062
1055 58 0 100 560165
1056 54 0 100 70021
1062 51 0 100 58351
1068 52 0 100 186722
1069 64 0 100 256742
898 61 0 100 1.334e+12
958 61 0 100 9.34001e+11
988 61 0 100 7.34001e+11
913 61 0 100 1.234e+12
1003 61 0 100 6.34001e+11
1018 61 0 100 5.34001e+11
1033 61 0 100 4.34001e+11
1107 51 0 100 58351
990 63 0 100 8.20001e+11
1020 63 0 100 6.20001e+11
1035 63 0 100 5.20001e+11
1065 63 0 100 3.20001e+11
1114 64 0 100 280082
1116 54 0 100 23340
1119 59 0 100 151711
1122 51 0 100 23341
1124 57 0 100 7.00022e+09
1127 56 0 100 163381
1128 52 0 100 116701
1134 59 0 100 175051
1137 51 0 100 618516
1139 57 0 100 128371
1142 56 0 100 58350
1143 52 0 100 105031
1144 64 0 100 175052
1146 54 0 100 1.12033e+06
1149 59 0 100 46680
1153 61 0 100 408453
1155 63 0 100 140041
1156 60 0 100 198392
1161 54 0 100 81691
1163 53 0 100 163382
1164 59 0 100 478474
1165 62 0 100 198392
1100 58 0 100 4.19e+11
1110 63 0 100 3.56103e+11
1111 60 0 100 3.49427e+11
1115 58 0 100 3.19e+11
1117 65 0 100 3.11095e+11
1126 60 0 100 2.49427e+11
1130 58 0 100 2.19e+11
1132 65 0 100 2.11095e+11
1133 53 0 100 2.08373e+11
1135 62 0 100 2.01648e+11
1138 61 0 100 1.87152e+11
1140 63 0 100 1.56103e+11
1145 58 0 100 1.19001e+11
1160 58 0 100 1.90006e+10
1167 51 0 100 81691
1168 61 0 100 140041
896 55 0 100 1.828e+12
911 55 0 100 1.728e+12
926 55 0 100 1.628e+12
941 55 0 100 1.528e+12
956 55 0 100 1.428e+12
971 55 0 100 1.328e+12
986 55 0 100 1.228e+12
1001 55 0 100 1.128e+12
1016 55 0 100 1.028e+12
1031 55 0 100 9.28e+11
1046 55 0 100 8.28e+11
1061 55 0 100 7.28e+11
1076 55 0 100 6.28e+11
1091 55 0 100 5.28e+11
973 61 0 100 1.31439e+12
1106 55 0 100 4.28001e+11
1121 55 0 100 3.28001e+11
1136 55 0 100 2.28001e+11
1151 55 0 100 1.28001e+11
1166 55 0 100 2.80006e+10
1170 63 0 100 175051
1171 60 0 100 210062
1172 56 0 100 23340
1173 52 0 100 536825
1176 54 0 100 93361
1179 59 0 100 11670
1182 51 0 100 105031
1184 57 0 100 956948
1181 55 0 100 1.60002e+10
1185 63 0 100 175051
1186 60 0 100 221732
1187 56 0 100 11670
1188 52 0 100 548495
1191 54 0 100 105031
1193 53 0 100 140041
1194 59 0 100 35010
1195 62 0 100 175051
1197 51 0 100 116701
1198 61 0 100 116701
1199 57 0 100 525154
1200 63 0 100 198391
1201 60 0 100 233402
1202 56 0 100 46680
1206 54 0 100 128371
1208 53 0 100 128371
1209 59 0 100 58350
1210 62 0 100 140041
1211 55 0 100 175052
1212 51 0 100 151712
1213 61 0 100 105031
1214 57 0 100 478474
1215 63 0 100 221732
1216 60 0 100 221732
1217 56 0 100 58350
1219 64 0 100 536825
1221 54 0 100 140041
1223 53 0 100 105031
1224 59 0 100 70020
1225 62 0 100 128371
1226 55 0 100 198392
1228 61 0 100 81690
1229 57 0 100 11670
1230 63 0 100 233402
1231 60 0 100 198392
1232 56 0 100 81690
1234 64 0 100 525155
1236 54 0 100 175052
1238 53 0 100 93361
1239 59 0 100 81690
1240 62 0 100 105031
1241 55 0 100 221732
1243 61 0 100 70020
1244 57 0 100 35010
1245 63 0 100 221732
1246 60 0 100 175051
1247 56 0 100 81690
1249 64 0 100 478474
1251 54 0 100 175052
1253 53 0 100 81691
1254 59 0 100 105031
1255 62 0 100 93361
1256 55 0 100 233402
1257 51 0 100 198392
1258 61 0 100 58350
1259 57 0 100 58350
1203 52 0 100 3.63e+11
1218 52 0 100 2.63e+11
1233 52 0 100 1.63e+11
1248 52 0 100 6.30002e+10
1264 64 0 100 11670
1273 61 0 100 221732
1279 64 0 100 221732
1283 53 0 100 210062
1288 61 0 100 11670
1298 53 0 100 221732
1300 62 0 100 210062
1314 59 0 100 723546
1315 62 0 100 93361
1319 57 0 100 723546
1320 63 0 100 688536
1321 60 0 100 676866
1322 56 0 100 723546
1324 64 0 100 3.00074e+09
1326 54 0 100 746887
1334 57 0 100 676865
1335 63 0 100 665195
1336 60 0 100 630185
1339 64 0 100 3.70007e+10
1349 57 0 100 700206