1 51 0 100 163381
2 55 0 100 35010
6 51 0 100 175051
7 55 0 100 23340
11 51 0 100 280082
12 55 0 100 81691
16 51 0 100 221732
17 55 0 100 1.1e+10
21 51 0 100 233402
26 51 0 100 256742
19 52 0 100 1.84e+11
24 52 0 100 8.40003e+10
29 52 0 100 256742
31 51 0 100 1.00002e+10
36 51 0 100 8.00022e+09
41 51 0 100 268412
73 53 0 100 9.20003e+10
83 53 0 100 175051
88 53 0 100 163381
93 53 0 100 221732
98 53 0 100 116701
103 53 0 100 116701
108 53 0 100 151711
113 53 0 100 175051
118 53 0 100 46680
123 53 0 100 35010
128 53 0 100 23340
133 53 0 100 35010
138 53 0 100 431793
143 53 0 100 536824
72 55 0 100 1.492e+12
77 55 0 100 1.392e+12
82 55 0 100 1.292e+12
87 55 0 100 1.192e+12
92 55 0 100 1.092e+12
97 55 0 100 9.92e+11
102 55 0 100 8.92001e+11
107 55 0 100 7.92001e+11
112 55 0 100 6.92001e+11
117 55 0 100 5.92001e+11
122 55 0 100 4.92001e+11
127 55 0 100 3.92001e+11
132 55 0 100 2.92001e+11
137 55 0 100 1.92001e+11
142 55 0 100 9.20013e+10
147 55 0 100 35010
148 53 0 100 933608
152 55 0 100 431794
157 55 0 100 70021
158 53 0 100 105031
159 52 0 100 210062
151 51 0 100 1.89e+11
156 51 0 100 8.90002e+10
160 54 0 100 140041
161 51 0 100 210062
162 55 0 100 81691
163 53 0 100 128371
164 52 0 100 210062
165 54 0 100 128371
166 51 0 100 198391
168 53 0 100 140041
169 52 0 100 198391
170 54 0 100 105031
171 51 0 100 186721
172 55 0 100 105031
173 53 0 100 163381
174 52 0 100 186721
175 54 0 100 93361
176 51 0 100 163381
177 55 0 100 128371
179 52 0 100 163381
180 54 0 100 81690
181 51 0 100 151711
182 55 0 100 140041
184 52 0 100 163381
186 51 0 100 140041
187 55 0 100 163381
191 51 0 100 116701
192 55 0 100 175051
196 51 0 100 105031
197 55 0 100 186722
201 51 0 100 81690
178 53 0 100 4.53e+11
183 53 0 100 3.53e+11
188 53 0 100 2.53e+11
193 53 0 100 1.53e+11
198 53 0 100 5.30003e+10
202 55 0 100 198392
206 51 0 100 70020
207 55 0 100 210062
211 51 0 100 58350
212 55 0 100 198392
216 51 0 100 46680
217 55 0 100 186722
221 51 0 100 35010
222 55 0 100 175051
227 55 0 100 163381
232 55 0 100 1.30001e+10