3605 64 0 100 163382
3606 51 0 100 280082
3607 63 0 100 268412
3608 58 0 100 233402
3609 56 0 100 198392
3610 72 0 100 268412
3614 65 0 100 233402
3615 57 0 100 280082
3617 75 0 100 1.00363e+06
3619 76 0 100 93361
3620 59 0 100 11670
3621 61 0 100 93361
3622 79 0 100 198392
3623 68 0 100 291752
3625 54 0 100 93360
3628 80 0 100 116701
3635 64 0 100 175052
3636 51 0 100 291752
3637 63 0 100 280082
3638 58 0 100 898598
3643 60 0 100 781896
3644 65 0 100 303423
3649 76 0 100 781897
3650 59 0 100 81691
3651 61 0 100 81691
3655 54 0 100 140041
3641 71 0 100 4.10003e+10
3616 74 0 100 1.3277e+11
3646 74 0 100 3.27696e+10
3658 80 0 100 233402
3661 78 0 100 315092
3665 64 0 100 315093
3666 51 0 100 420124
3668 58 0 100 303422
3673 60 0 100 151711
3674 65 0 100 280082
3679 76 0 100 151711
3680 59 0 100 793567
3681 61 0 100 35010
3682 79 0 100 280082
3688 80 0 100 221732
3696 51 0 100 140041
3698 58 0 100 2.30002e+10
3709 76 0 100 233402
3710 59 0 100 70021
3711 61 0 100 105031
3712 79 0 100 303422
3715 54 0 100 23340
3718 80 0 100 210062
3721 78 0 100 303422
3627 70 0 100 3.31e+11
3657 70 0 100 2.31e+11
3687 70 0 100 1.31e+11
3717 70 0 100 3.10001e+10
3741 61 0 100 23340
3756 51 0 100 58350
3781 78 0 100 245072
3786 51 0 100 11670
3755 64 0 100 1.31e+11
3785 64 0 100 3.10003e+10
3816 51 0 100 35010
3846 51 0 100 525154
3881 71 0 100 4.59e+11
3911 71 0 100 3.59e+11
3941 71 0 100 2.59e+11
3971 71 0 100 1.59e+11
4001 71 0 100 5.90001e+10
4031 71 0 100 1.10002e+10
4064 65 0 100 210062
4065 57 0 100 198391
4107 70 0 100 303422
4112 73 0 100 233402
4117 63 0 100 151711
4125 57 0 100 455133
4122 67 0 100 7.00029e+09
4128 77 0 100 280082
4136 69 0 100 291753
4137 70 0 100 280082
4142 73 0 100 151711
4147 63 0 100 256742
4152 67 0 100 280083
4154 65 0 100 280082
4155 57 0 100 291752
4158 77 0 100 303422
4166 69 0 100 303423
4167 70 0 100 291752
4172 73 0 100 350103
4180 72 0 100 315093
4182 67 0 100 303423
4188 77 0 100 291752
4254 52 0 100 1.02697e+06
4262 73 0 100 571835
4066 74 0 100 6.55e+11
4096 74 0 100 5.55e+11
4126 74 0 100 4.55e+11
4156 74 0 100 3.55e+11
4270 72 0 100 221732
4272 67 0 100 198392
4278 77 0 100 186721
4283 68 0 100 221731
4284 52 0 100 46680
4286 69 0 100 175052
4287 70 0 100 140041
4292 73 0 100 35010
4300 72 0 100 198392
4302 67 0 100 186722
4308 77 0 100 175051
4313 68 0 100 198391
4314 52 0 100 5.00004e+09
4316 69 0 100 163382
4317 70 0 100 128371
4294 66 0 100 7.60002e+10
4322 73 0 100 11670
4330 72 0 100 175051
4332 67 0 100 175052
4338 77 0 100 163381
4346 69 0 100 245072
4344 52 0 100 1.1e+10
4347 70 0 100 781897
4354 66 0 100 221731
4360 72 0 100 221732
4362 67 0 100 221732
4368 77 0 100 245072
4373 68 0 100 221731
4375 54 0 100 186721
4376 69 0 100 140041
4384 66 0 100 921937
4190 59 0 100 6.56e+11
4202 73 0 100 6.15893e+11
4104 52 0 100 9.4428e+11
4134 52 0 100 8.4428e+11
4164 52 0 100 7.4428e+11
4194 52 0 100 6.4428e+11
4220 59 0 100 5.56e+11
4250 59 0 100 4.56e+11
4280 59 0 100 3.56e+11
4310 59 0 100 2.56e+11
4340 59 0 100 1.56e+11
4370 59 0 100 5.60002e+10
4390 72 0 100 245072
4392 67 0 100 245073
4109 62 0 100 9.64e+11
4139 62 0 100 8.64e+11
4169 62 0 100 7.64e+11
4199 62 0 100 6.64e+11
4229 62 0 100 5.64e+11
4259 62 0 100 4.64e+11
4289 62 0 100 3.64e+11
4319 62 0 100 2.64e+11
4349 62 0 100 1.64e+11
4379 62 0 100 6.40005e+10
4398 77 0 100 140041
4208 58 0 100 6.21841e+11
4391 71 0 100 9.71038e+09
4400 59 0 100 81691
4403 68 0 100 245072
4406 69 0 100 151712
4408 80 0 100 1.80008e+10
4409 62 0 100 1.76094e+10
4414 66 0 100 233402
4422 67 0 100 140042
4428 77 0 100 151711
4430 59 0 100 105031
4433 68 0 100 140041
4436 69 0 100 175052
4248 77 0 100 6.39e+11
4256 69 0 100 6.13077e+11
4257 70 0 100 6.09316e+11
4266 51 0 100 5.79461e+11
4296 51 0 100 4.79461e+11
4326 51 0 100 3.79461e+11
4356 51 0 100 2.79461e+11
4386 51 0 100 1.79461e+11
4416 51 0 100 7.94606e+10
4449 56 0 100 221732
4450 72 0 100 1.00363e+06
4452 67 0 100 151712
4457 75 0 100 233402
4458 77 0 100 175051
4461 61 0 100 723546
4463 68 0 100 151711
4469 62 0 100 548495
4474 66 0 100 140041
4479 56 0 100 245073
4480 72 0 100 163381
4466 69 0 100 6.41232e+10
4482 67 0 100 175052
4487 75 0 100 245072
4488 77 0 100 70020
4490 59 0 100 548495
4491 61 0 100 81691
4493 68 0 100 175051
4495 54 0 100 93360
4497 70 0 100 93361
4504 66 0 100 151711
4506 51 0 100 58350
4509 56 0 100 151712
4510 72 0 100 186721
4512 67 0 100 70021
4517 75 0 100 140041
4519 76 0 100 385113
4521 61 0 100 23340
4522 79 0 100 770226
4508 58 0 100 3.40004e+10
4513 60 0 100 1.94096e+10
4511 71 0 100 2.70004e+10
4525 54 0 100 46680
4527 70 0 100 35010
4528 80 0 100 338433
4529 62 0 100 350103
4531 78 0 100 233402
4534 66 0 100 175051
4535 64 0 100 233402
4536 51 0 100 35010
4537 63 0 100 361773
4538 58 0 100 385113
4539 56 0 100 116701
4540 72 0 100 46680
4542 67 0 100 46681
4543 60 0 100 361773
4544 65 0 100 338433
4545 57 0 100 361773
4547 75 0 100 105031
4548 77 0 100 93361
4549 76 0 100 361773
4551 61 0 100 23340
4552 79 0 100 315093
4558 80 0 100 338433
4559 62 0 100 338433
4560 55 0 100 245072
4561 78 0 100 256742
4564 66 0 100 58350
4565 64 0 100 770227
4566 51 0 100 11670
4567 63 0 100 361773
4516 74 0 100 1.7e+11
4546 74 0 100 7.00004e+10
4568 58 0 100 385113
4569 56 0 100 163382
4570 72 0 100 35010
4572 67 0 100 93361
4573 60 0 100 326763
4574 65 0 100 350103
4575 57 0 100 361773
4576 74 0 100 326763
4577 75 0 100 175052
4578 77 0 100 35010
4579 76 0 100 326763
4580 59 0 100 396784
4582 79 0 100 326763
4583 68 0 100 35010
4584 52 0 100 385113
4588 80 0 100 245072
4589 62 0 100 338433
4590 55 0 100 338433
4591 78 0 100 350103
4593 53 0 100 373443
4594 66 0 100 46680
4595 64 0 100 315093
4596 51 0 100 23340
4597 63 0 100 396783
4598 58 0 100 396783
4599 56 0 100 186722
4600 72 0 100 23340
4602 67 0 100 23341
4604 65 0 100 385113
4605 57 0 100 373443
4607 75 0 100 58351
4608 77 0 100 35010
4609 76 0 100 315093
4610 59 0 100 385114
4612 79 0 100 361773
4613 68 0 100 23340
4617 70 0 100 478474
4618 80 0 100 233402
4619 62 0 100 245072
4620 55 0 100 338433
4621 78 0 100 350103
4623 53 0 100 105031
4625 64 0 100 186722
4626 51 0 100 46680
4627 63 0 100 128371
4628 58 0 100 81691
4630 72 0 100 35010
4632 67 0 100 46681
4633 60 0 100 198391
4634 65 0 100 116701
4635 57 0 100 105030
4638 77 0 100 70020
4639 76 0 100 198392
4640 59 0 100 140042
4641 61 0 100 81691
4642 79 0 100 140041
4643 68 0 100 35010
4645 54 0 100 81690
4648 80 0 100 210062
4649 62 0 100 210062
4650 55 0 100 151711
4651 78 0 100 163381
4654 66 0 100 35010
4655 64 0 100 163382
4656 51 0 100 58350
4657 63 0 100 128371
4658 58 0 100 70020
4662 67 0 100 58351
4663 60 0 100 210062
4664 65 0 100 105031
4665 57 0 100 93360
4669 76 0 100 210062
4671 61 0 100 105031
4672 79 0 100 140041
4673 68 0 100 58350
4675 54 0 100 105031
4676 69 0 100 116701
4678 80 0 100 198392
4679 62 0 100 221732
4680 55 0 100 140041
4681 78 0 100 151711
4684 66 0 100 46680
4685 64 0 100 151712
4686 51 0 100 81691
4687 63 0 100 93361
4688 58 0 100 58350
4689 56 0 100 11671
4692 67 0 100 81691
4693 60 0 100 198391
4694 65 0 100 81691
4695 57 0 100 81690
4697 75 0 100 35010
4699 76 0 100 198392
4701 61 0 100 116701
4702 79 0 100 116701
4703 68 0 100 70020
4705 54 0 100 116701
4708 80 0 100 186722
4709 62 0 100 210062
4710 55 0 100 116701
4711 78 0 100 128371
4715 64 0 100 140041
4716 51 0 100 93361
4718 58 0 100 35010
4719 56 0 100 35011
4723 60 0 100 186721
4724 65 0 100 70021
4725 57 0 100 70020
4727 75 0 100 35010
4729 76 0 100 186722
4730 59 0 100 175052
4732 79 0 100 105031
4698 77 0 100 1.12e+11
4728 77 0 100 1.20001e+10
4733 68 0 100 81690
4722 67 0 100 2.60001e+10
4735 54 0 100 140041
4738 80 0 100 163382
4739 62 0 100 198392
4740 55 0 100 128371
4713 53 0 100 8.60001e+10
4741 78 0 100 128371
4743 53 0 100 58351
4745 64 0 100 116701
4746 51 0 100 93361
4748 58 0 100 490144
4749 56 0 100 478475
4754 65 0 100 548495
4755 57 0 100 548494
4757 75 0 100 548495
4762 79 0 100 548495
4763 68 0 100 630185
4770 55 0 100 1.09699e+06
4774 66 0 100 1.06198e+06
4777 63 0 100 501814
4778 58 0 100 81691
4779 56 0 100 525155
4784 65 0 100 478474
4785 57 0 100 583505
4787 75 0 100 513484
4792 79 0 100 513484
4793 68 0 100 1.06198e+06
4800 55 0 100 630185
4805 64 0 100 548495
4807 63 0 100 513484
4808 58 0 100 723546
4809 56 0 100 1.14367e+06
4814 65 0 100 490144
4815 57 0 100 70020
4852 79 0 100 828577
4948 80 0 100 140042
4969 76 0 100 781897
4993 60 0 100 140041
5023 60 0 100 105031
5030 59 0 100 116701
5031 61 0 100 956948
5029 76 0 100 9.00002e+09
5035 54 0 100 525154