54 0
51 1
55 2
53 3
52 4
54 5
51 6
55 7
53 8
52 9
54 10
51 11
55 12
53 13
52 14
54 15
51 16
55 17
53 18
52 19
54 20
51 21
55 22
53 23
52 24
54 25
51 26
55 27
53 28
52 29
54 30
51 31
55 32
53 33
52 34
54 35
51 36
55 37
53 38
52 39
54 40
51 41
55 42
53 43
52 44
54 45
51 46
55 47
53 48
52 49
54 50
51 51
55 52
53 53
52 54
54 55
51 56
55 57
53 58
52 59
54 60
51 61
55 62
53 63
52 64
54 65
51 66
55 67
53 68
52 69
54 70
51 71
55 72
53 73
52 74
54 75
51 76
55 77
53 78
52 79
54 80
51 81
55 82
53 83
52 84
54 85
51 86
55 87
53 88
52 89
54 90
51 91
55 92
53 93
52 94
54 95
51 96
55 97
53 98
52 99
54 100
51 101
55 102
53 103
52 104
54 105
51 106
55 107
53 108
52 109
54 110
51 111
55 112
53 113
52 114
54 115
51 116
55 117
53 118
52 119
54 120
51 121
55 122
53 123
52 124
54 125
51 126
55 127
53 128
52 129
54 130
51 131
55 132
53 133
52 134
54 135
51 136
55 137
53 138
52 139
54 140
51 141
55 142
53 143
52 144
54 145
51 146
55 147
53 148
52 149
54 150
51 151
55 152
53 153
52 154
54 155
51 156
55 157
53 158
52 159
54 160
51 161
55 162
53 163
52 164
54 165
51 166
55 167
53 168
52 169
54 170
51 171
55 172
53 173
52 174
54 175
51 176
55 177
53 178
52 179
54 180
51 181
55 182
53 183
52 184
54 185
51 186
55 187
53 188
52 189
54 190
51 191
55 192
53 193
52 194
54 195
51 196
55 197
53 198
52 199
54 200
51 201
55 202
53 203
52 204
54 205
51 206
55 207
53 208
52 209
54 210
51 211
55 212
53 213
52 214
54 215
51 216
55 217
53 218
52 219
54 220
51 221
55 222
53 223
52 224
54 225
51 226
55 227
53 228
52 229
54 230
51 231
55 232
53 233
52 234
54 235
51 236
55 237
53 238
52 239