55 3600
78 3601
73 3602
53 3603
66 3604
64 3605
51 3606
63 3607
58 3608
56 3609
72 3610
71 3611
67 3612
60 3613
65 3614
57 3615
74 3616
75 3617
77 3618
76 3619
59 3620
61 3621
79 3622
68 3623
52 3624
54 3625
69 3626
70 3627
80 3628
62 3629
55 3630
78 3631
73 3632
53 3633
66 3634
64 3635
51 3636
63 3637
58 3638
56 3639
72 3640
71 3641
67 3642
60 3643
65 3644
57 3645
74 3646
75 3647
77 3648
76 3649
59 3650
61 3651
79 3652
68 3653
52 3654
54 3655
69 3656
70 3657
80 3658
62 3659
55 3660
78 3661
73 3662
53 3663
66 3664
64 3665
51 3666
63 3667
58 3668
56 3669
72 3670
71 3671
67 3672
60 3673
65 3674
57 3675
74 3676
75 3677
77 3678
76 3679
59 3680
61 3681
79 3682
68 3683
52 3684
54 3685
69 3686
70 3687
80 3688
62 3689
55 3690
78 3691
73 3692
53 3693
66 3694
64 3695
51 3696
63 3697
58 3698
56 3699
72 3700
71 3701
67 3702
60 3703
65 3704
57 3705
74 3706
75 3707
77 3708
76 3709
59 3710
61 3711
79 3712
68 3713
52 3714
54 3715
69 3716
70 3717
80 3718
62 3719
55 3720
78 3721
73 3722
53 3723
66 3724
64 3725
51 3726
63 3727
58 3728
56 3729
72 3730
71 3731
67 3732
60 3733
65 3734
57 3735
74 3736
75 3737
77 3738
76 3739
59 3740
61 3741
79 3742
68 3743
52 3744
54 3745
69 3746
70 3747
80 3748
62 3749
55 3750
78 3751
73 3752
53 3753
66 3754
64 3755
51 3756
63 3757
58 3758
56 3759
72 3760
71 3761
67 3762
60 3763
65 3764
57 3765
74 3766
75 3767
77 3768
76 3769
59 3770
61 3771
79 3772
68 3773
52 3774
54 3775
69 3776
70 3777
80 3778
62 3779
55 3780
78 3781
73 3782
53 3783
66 3784
64 3785
51 3786
63 3787
58 3788
56 3789
72 3790
71 3791
67 3792
60 3793
65 3794
57 3795
74 3796
75 3797
77 3798
76 3799
59 3800
61 3801
79 3802
68 3803
52 3804
54 3805
69 3806
70 3807
80 3808
62 3809
55 3810
78 3811
73 3812
53 3813
66 3814
64 3815
51 3816
63 3817
58 3818
56 3819
72 3820
71 3821
67 3822
60 3823
65 3824
57 3825
74 3826
75 3827
77 3828
76 3829
59 3830
61 3831
79 3832
68 3833
52 3834
54 3835
69 3836
70 3837
80 3838
62 3839
55 3840
78 3841
73 3842
53 3843
66 3844
64 3845
51 3846
63 3847
58 3848
56 3849
72 3850
71 3851
67 3852
60 3853
65 3854
57 3855
74 3856
75 3857
77 3858
76 3859
59 3860
61 3861
79 3862
68 3863
52 3864
54 3865
69 3866
70 3867
80 3868
62 3869
55 3870
78 3871
73 3872
53 3873
66 3874
64 3875
51 3876
63 3877
58 3878
56 3879
72 3880
71 3881
67 3882
60 3883
65 3884
57 3885
74 3886
75 3887
77 3888
76 3889
59 3890
61 3891
79 3892
68 3893
52 3894
54 3895
69 3896
70 3897
80 3898
62 3899
55 3900
78 3901
73 3902
53 3903
66 3904
64 3905
51 3906
63 3907
58 3908
56 3909
72 3910
71 3911
67 3912
60 3913
65 3914
57 3915
74 3916
75 3917
77 3918
76 3919
59 3920
61 3921
79 3922
68 3923
52 3924
54 3925
69 3926
70 3927
80 3928
62 3929
55 3930
78 3931
73 3932
53 3933
66 3934
64 3935
51 3936
63 3937
58 3938
56 3939
72 3940
71 3941
67 3942
60 3943
65 3944
57 3945
74 3946
75 3947
77 3948
76 3949
59 3950
61 3951
79 3952
68 3953
52 3954
54 3955
69 3956
70 3957
80 3958
62 3959
55 3960
78 3961
73 3962
53 3963
66 3964
64 3965
51 3966
63 3967
58 3968
56 3969
72 3970
71 3971
67 3972
60 3973
65 3974
57 3975
74 3976
75 3977
77 3978
76 3979
59 3980
61 3981
79 3982
68 3983
52 3984
54 3985
69 3986
70 3987
80 3988
62 3989
55 3990
78 3991
73 3992
53 3993
66 3994
64 3995
51 3996
63 3997
58 3998
56 3999
72 4000
71 4001
67 4002
60 4003
65 4004
57 4005
74 4006
75 4007
77 4008
76 4009
59 4010
61 4011
79 4012
68 4013
52 4014
54 4015
69 4016
70 4017
80 4018
62 4019
55 4020
78 4021
73 4022
53 4023
66 4024
64 4025
51 4026
63 4027
58 4028
56 4029
72 4030
71 4031
67 4032
60 4033
65 4034
57 4035
74 4036
75 4037
77 4038
76 4039
59 4040
61 4041
79 4042
68 4043
52 4044
54 4045
69 4046
70 4047
80 4048
62 4049
55 4050
78 4051
73 4052
53 4053
66 4054
64 4055
51 4056
63 4057
58 4058
56 4059
72 4060
71 4061
67 4062
60 4063
65 4064
57 4065
74 4066
75 4067
77 4068
76 4069
59 4070
61 4071
79 4072
68 4073
52 4074
54 4075
69 4076
70 4077
80 4078
62 4079
55 4080
78 4081
73 4082
53 4083
66 4084
64 4085
51 4086
63 4087
58 4088
56 4089
72 4090
71 4091
67 4092
60 4093
65 4094
57 4095
74 4096
75 4097
77 4098
76 4099
59 4100
61 4101
79 4102
68 4103
52 4104
54 4105
69 4106
70 4107
80 4108
62 4109
55 4110
78 4111
73 4112
53 4113
66 4114
64 4115
51 4116
63 4117
58 4118
56 4119
72 4120
71 4121
67 4122
60 4123
65 4124
57 4125
74 4126
75 4127
77 4128
76 4129
59 4130
61 4131
79 4132
68 4133
52 4134
54 4135
69 4136
70 4137
80 4138
62 4139
55 4140
78 4141
73 4142
53 4143
66 4144
64 4145
51 4146
63 4147
58 4148
56 4149
72 4150
71 4151
67 4152
60 4153
65 4154
57 4155
74 4156
75 4157
77 4158
76 4159
59 4160
61 4161
79 4162
68 4163
52 4164
54 4165
69 4166
70 4167
80 4168
62 4169
55 4170
78 4171
73 4172
53 4173
66 4174
64 4175
51 4176
63 4177
58 4178
56 4179
72 4180
71 4181
67 4182
60 4183
65 4184
57 4185
74 4186
75 4187
77 4188
76 4189
59 4190
61 4191
79 4192
68 4193
52 4194
54 4195
69 4196
70 4197
80 4198
62 4199
55 4200
78 4201
73 4202
53 4203
66 4204
64 4205
51 4206
63 4207
58 4208
56 4209
72 4210
71 4211
67 4212
60 4213
65 4214
57 4215
74 4216
75 4217
77 4218
76 4219
59 4220
61 4221
79 4222
68 4223
52 4224
54 4225
69 4226
70 4227
80 4228
62 4229
55 4230
78 4231
73 4232
53 4233
66 4234
64 4235
51 4236
63 4237
58 4238
56 4239
72 4240
71 4241
67 4242
60 4243
65 4244
57 4245
74 4246
75 4247
77 4248
76 4249
59 4250
61 4251
79 4252
68 4253
52 4254
54 4255
69 4256
70 4257
80 4258
62 4259
55 4260
78 4261
73 4262
53 4263
66 4264
64 4265
51 4266
63 4267
58 4268
56 4269
72 4270
71 4271
67 4272
60 4273
65 4274
57 4275
74 4276
75 4277
77 4278
76 4279
59 4280
61 4281
79 4282
68 4283
52 4284
54 4285
69 4286
70 4287
80 4288
62 4289
55 4290
78 4291
73 4292
53 4293
66 4294
64 4295
51 4296
63 4297
58 4298
56 4299
72 4300
71 4301
67 4302
60 4303
65 4304
57 4305
74 4306
75 4307
77 4308
76 4309
59 4310
61 4311
79 4312
68 4313
52 4314
54 4315
69 4316
70 4317
80 4318
62 4319
55 4320
78 4321
73 4322
53 4323
66 4324
64 4325
51 4326
63 4327
58 4328
56 4329
72 4330
71 4331
67 4332
60 4333
65 4334
57 4335
74 4336
75 4337
77 4338
76 4339
59 4340
61 4341
79 4342
68 4343
52 4344
54 4345
69 4346
70 4347
80 4348
62 4349
55 4350
78 4351
73 4352
53 4353
66 4354
64 4355
51 4356
63 4357
58 4358
56 4359
72 4360
71 4361
67 4362
60 4363
65 4364
57 4365
74 4366
75 4367
77 4368
76 4369
59 4370
61 4371
79 4372
68 4373
52 4374
54 4375
69 4376
70 4377
80 4378
62 4379
55 4380
78 4381
73 4382
53 4383
66 4384
64 4385
51 4386
63 4387
58 4388
56 4389
72 4390
71 4391
67 4392
60 4393
65 4394
57 4395
74 4396
75 4397
77 4398
76 4399
59 4400
61 4401
79 4402
68 4403
52 4404
54 4405
69 4406
70 4407
80 4408
62 4409
55 4410
78 4411
73 4412
53 4413
66 4414
64 4415
51 4416
63 4417
58 4418
56 4419
72 4420
71 4421
67 4422
60 4423
65 4424
57 4425
74 4426
75 4427
77 4428
76 4429
59 4430
61 4431
79 4432
68 4433
52 4434
54 4435
69 4436
70 4437
80 4438
62 4439
55 4440
78 4441
73 4442
53 4443
66 4444
64 4445
51 4446
63 4447
58 4448
56 4449
72 4450
71 4451
67 4452
60 4453
65 4454
57 4455
74 4456
75 4457
77 4458
76 4459
59 4460
61 4461
79 4462
68 4463
52 4464
54 4465
69 4466
70 4467
80 4468
62 4469
55 4470
78 4471
73 4472
53 4473
66 4474
64 4475
51 4476
63 4477
58 4478
56 4479
72 4480
71 4481
67 4482
60 4483
65 4484
57 4485
74 4486
75 4487
77 4488
76 4489
59 4490
61 4491
79 4492
68 4493
52 4494
54 4495
69 4496
70 4497
80 4498
62 4499
55 4500
78 4501
73 4502
53 4503
66 4504
64 4505
51 4506
63 4507
58 4508
56 4509
72 4510
71 4511
67 4512
60 4513
65 4514
57 4515
74 4516
75 4517
77 4518
76 4519
59 4520
61 4521
79 4522
68 4523
52 4524
54 4525
69 4526
70 4527
80 4528
62 4529
55 4530
78 4531
73 4532
53 4533
66 4534
64 4535
51 4536
63 4537
58 4538
56 4539
72 4540
71 4541
67 4542
60 4543
65 4544
57 4545
74 4546
75 4547
77 4548
76 4549
59 4550
61 4551
79 4552
68 4553
52 4554
54 4555
69 4556
70 4557
80 4558
62 4559
55 4560
78 4561
73 4562
53 4563
66 4564
64 4565
51 4566
63 4567
58 4568
56 4569
72 4570
71 4571
67 4572
60 4573
65 4574
57 4575
74 4576
75 4577
77 4578
76 4579
59 4580
61 4581
79 4582
68 4583
52 4584
54 4585
69 4586
70 4587
80 4588
62 4589
55 4590
78 4591
73 4592
53 4593
66 4594
64 4595
51 4596
63 4597
58 4598
56 4599
72 4600
71 4601
67 4602
60 4603
65 4604
57 4605
74 4606
75 4607
77 4608
76 4609
59 4610
61 4611
79 4612
68 4613
52 4614
54 4615
69 4616
70 4617
80 4618
62 4619
55 4620
78 4621
73 4622
53 4623
66 4624
64 4625
51 4626
63 4627
58 4628
56 4629
72 4630
71 4631
67 4632
60 4633
65 4634
57 4635
74 4636
75 4637
77 4638
76 4639
59 4640
61 4641
79 4642
68 4643
52 4644
54 4645
69 4646
70 4647
80 4648
62 4649
55 4650
78 4651
73 4652
53 4653
66 4654
64 4655
51 4656
63 4657
58 4658
56 4659
72 4660
71 4661
67 4662
60 4663
65 4664
57 4665
74 4666
75 4667
77 4668
76 4669
59 4670
61 4671
79 4672
68 4673
52 4674
54 4675
69 4676
70 4677
80 4678
62 4679
55 4680
78 4681
73 4682
53 4683
66 4684
64 4685
51 4686
63 4687
58 4688
56 4689
72 4690
71 4691
67 4692
60 4693
65 4694
57 4695
74 4696
75 4697
77 4698
76 4699
59 4700
61 4701
79 4702
68 4703
52 4704
54 4705
69 4706
70 4707
80 4708
62 4709
55 4710
78 4711
73 4712
53 4713
66 4714
64 4715
51 4716
63 4717
58 4718
56 4719
72 4720
71 4721
67 4722
60 4723
65 4724
57 4725
74 4726
75 4727
77 4728
76 4729
59 4730
61 4731
79 4732
68 4733
52 4734
54 4735
69 4736
70 4737
80 4738
62 4739
55 4740
78 4741
73 4742
53 4743
66 4744
64 4745
51 4746
63 4747
58 4748
56 4749
72 4750
71 4751
67 4752
60 4753
65 4754
57 4755
74 4756
75 4757
77 4758
76 4759
59 4760
61 4761
79 4762
68 4763
52 4764
54 4765
69 4766
70 4767
80 4768
62 4769
55 4770
78 4771
73 4772
53 4773
66 4774
64 4775
51 4776
63 4777
58 4778
56 4779
72 4780
71 4781
67 4782
60 4783
65 4784
57 4785
74 4786
75 4787
77 4788
76 4789
59 4790
61 4791
79 4792
68 4793
52 4794
54 4795
69 4796
70 4797
80 4798
62 4799
55 4800
78 4801
73 4802
53 4803
66 4804
64 4805
51 4806
63 4807
58 4808
56 4809
72 4810
71 4811
67 4812
60 4813
65 4814
57 4815
74 4816
75 4817
77 4818
76 4819
59 4820
61 4821
79 4822
68 4823
52 4824
54 4825
69 4826
70 4827
80 4828
62 4829
55 4830
78 4831
73 4832
53 4833
66 4834
64 4835
51 4836
63 4837
58 4838
56 4839
72 4840
71 4841
67 4842
60 4843
65 4844
57 4845
74 4846
75 4847
77 4848
76 4849
59 4850
61 4851
79 4852
68 4853
52 4854
54 4855
69 4856
70 4857
80 4858
62 4859
55 4860
78 4861
73 4862
53 4863
66 4864
64 4865
51 4866
63 4867
58 4868
56 4869
72 4870
71 4871
67 4872
60 4873
65 4874
57 4875
74 4876
75 4877
77 4878
76 4879
59 4880
61 4881
79 4882
68 4883
52 4884
54 4885
69 4886
70 4887
80 4888
62 4889
55 4890
78 4891
73 4892
53 4893
66 4894
64 4895
51 4896
63 4897
58 4898
56 4899
72 4900
71 4901
67 4902
60 4903
65 4904
57 4905
74 4906
75 4907
77 4908
76 4909
59 4910
61 4911
79 4912
68 4913
52 4914
54 4915
69 4916
70 4917
80 4918
62 4919
55 4920
78 4921
73 4922
53 4923
66 4924
64 4925
51 4926
63 4927
58 4928
56 4929
72 4930
71 4931
67 4932
60 4933
65 4934
57 4935
74 4936
75 4937
77 4938
76 4939
59 4940
61 4941
79 4942
68 4943
52 4944
54 4945
69 4946
70 4947
80 4948
62 4949
55 4950
78 4951
73 4952
53 4953
66 4954
64 4955
51 4956
63 4957
58 4958
56 4959
72 4960
71 4961
67 4962
60 4963
65 4964
57 4965
74 4966
75 4967
77 4968
76 4969
59 4970
61 4971
79 4972
68 4973
52 4974
54 4975
69 4976
70 4977
80 4978
62 4979
55 4980
78 4981
73 4982
53 4983
66 4984
64 4985
51 4986
63 4987
58 4988
56 4989
72 4990
71 4991
67 4992
60 4993
65 4994
57 4995
74 4996
75 4997
77 4998
76 4999
59 5000
61 5001
79 5002
68 5003
52 5004
54 5005
69 5006
70 5007
80 5008
62 5009
55 5010
78 5011
73 5012
53 5013
66 5014
64 5015
51 5016
63 5017
58 5018
56 5019
72 5020
71 5021
67 5022
60 5023
65 5024
57 5025
74 5026
75 5027
77 5028
76 5029
59 5030
61 5031
79 5032
68 5033
52 5034
54 5035
69 5036
70 5037
80 5038
62 5039