63 2400
62 2401
55 2402
59 2403
72 2404
51 2405
67 2406
73 2407
61 2408
56 2409
68 2410
64 2411
70 2412
60 2413
74 2414
69 2415
54 2416
65 2417
75 2418
52 2419
53 2420
71 2421
66 2422
58 2423
57 2424
63 2425
62 2426
55 2427
59 2428
72 2429
51 2430
67 2431
73 2432
61 2433
56 2434
68 2435
64 2436
70 2437
60 2438
74 2439
69 2440
54 2441
65 2442
75 2443
52 2444
53 2445
71 2446
66 2447
58 2448
57 2449
63 2450
62 2451
55 2452
59 2453
72 2454
51 2455
67 2456
73 2457
61 2458
56 2459
68 2460
64 2461
70 2462
60 2463
74 2464
69 2465
54 2466
65 2467
75 2468
52 2469
53 2470
71 2471
66 2472
58 2473
57 2474
63 2475
62 2476
55 2477
59 2478
72 2479
51 2480
67 2481
73 2482
61 2483
56 2484
68 2485
64 2486
70 2487
60 2488
74 2489
69 2490
54 2491
65 2492
75 2493
52 2494
53 2495
71 2496
66 2497
58 2498
57 2499
63 2500
62 2501
55 2502
59 2503
72 2504
51 2505
67 2506
73 2507
61 2508
56 2509
68 2510
64 2511
70 2512
60 2513
74 2514
69 2515
54 2516
65 2517
75 2518
52 2519
53 2520
71 2521
66 2522
58 2523
57 2524
63 2525
62 2526
55 2527
59 2528
72 2529
51 2530
67 2531
73 2532
61 2533
56 2534
68 2535
64 2536
70 2537
60 2538
74 2539
69 2540
54 2541
65 2542
75 2543
52 2544
53 2545
71 2546
66 2547
58 2548
57 2549
63 2550
62 2551
55 2552
59 2553
72 2554
51 2555
67 2556
73 2557
61 2558
56 2559
68 2560
64 2561
70 2562
60 2563
74 2564
69 2565
54 2566
65 2567
75 2568
52 2569
53 2570
71 2571
66 2572
58 2573
57 2574
63 2575
62 2576
55 2577
59 2578
72 2579
51 2580
67 2581
73 2582
61 2583
56 2584
68 2585
64 2586
70 2587
60 2588
74 2589
69 2590
54 2591
65 2592
75 2593
52 2594
53 2595
71 2596
66 2597
58 2598
57 2599
63 2600
62 2601
55 2602
59 2603
72 2604
51 2605
67 2606
73 2607
61 2608
56 2609
68 2610
64 2611
70 2612
60 2613
74 2614
69 2615
54 2616
65 2617
75 2618
52 2619
53 2620
71 2621
66 2622
58 2623
57 2624
63 2625
62 2626
55 2627
59 2628
72 2629
51 2630
67 2631
73 2632
61 2633
56 2634
68 2635
64 2636
70 2637
60 2638
74 2639
69 2640
54 2641
65 2642
75 2643
52 2644
53 2645
71 2646
66 2647
58 2648
57 2649
63 2650
62 2651
55 2652
59 2653
72 2654
51 2655
67 2656
73 2657
61 2658
56 2659
68 2660
64 2661
70 2662
60 2663
74 2664
69 2665
54 2666
65 2667
75 2668
52 2669
53 2670
71 2671
66 2672
58 2673
57 2674
63 2675
62 2676
55 2677
59 2678
72 2679
51 2680
67 2681
73 2682
61 2683
56 2684
68 2685
64 2686
70 2687
60 2688
74 2689
69 2690
54 2691
65 2692
75 2693
52 2694
53 2695
71 2696
66 2697
58 2698
57 2699
63 2700
62 2701
55 2702
59 2703
72 2704
51 2705
67 2706
73 2707
61 2708
56 2709
68 2710
64 2711
70 2712
60 2713
74 2714
69 2715
54 2716
65 2717
75 2718
52 2719
53 2720
71 2721
66 2722
58 2723
57 2724
63 2725
62 2726
55 2727
59 2728
72 2729
51 2730
67 2731
73 2732
61 2733
56 2734
68 2735
64 2736
70 2737
60 2738
74 2739
69 2740
54 2741
65 2742
75 2743
52 2744
53 2745
71 2746
66 2747
58 2748
57 2749
63 2750
62 2751
55 2752
59 2753
72 2754
51 2755
67 2756
73 2757
61 2758
56 2759
68 2760
64 2761
70 2762
60 2763
74 2764
69 2765
54 2766
65 2767
75 2768
52 2769
53 2770
71 2771
66 2772
58 2773
57 2774
63 2775
62 2776
55 2777
59 2778
72 2779
51 2780
67 2781
73 2782
61 2783
56 2784
68 2785
64 2786
70 2787
60 2788
74 2789
69 2790
54 2791
65 2792
75 2793
52 2794
53 2795
71 2796
66 2797
58 2798
57 2799
63 2800
62 2801
55 2802
59 2803
72 2804
51 2805
67 2806
73 2807
61 2808
56 2809
68 2810
64 2811
70 2812
60 2813
74 2814
69 2815
54 2816
65 2817
75 2818
52 2819
53 2820
71 2821
66 2822
58 2823
57 2824
63 2825
62 2826
55 2827
59 2828
72 2829
51 2830
67 2831
73 2832
61 2833
56 2834
68 2835
64 2836
70 2837
60 2838
74 2839
69 2840
54 2841
65 2842
75 2843
52 2844
53 2845
71 2846
66 2847
58 2848
57 2849
63 2850
62 2851
55 2852
59 2853
72 2854
51 2855
67 2856
73 2857
61 2858
56 2859
68 2860
64 2861
70 2862
60 2863
74 2864
69 2865
54 2866
65 2867
75 2868
52 2869
53 2870
71 2871
66 2872
58 2873
57 2874
63 2875
62 2876
55 2877
59 2878
72 2879
51 2880
67 2881
73 2882
61 2883
56 2884
68 2885
64 2886
70 2887
60 2888
74 2889
69 2890
54 2891
65 2892
75 2893
52 2894
53 2895
71 2896
66 2897
58 2898
57 2899
63 2900
62 2901
55 2902
59 2903
72 2904
51 2905
67 2906
73 2907
61 2908
56 2909
68 2910
64 2911
70 2912
60 2913
74 2914
69 2915
54 2916
65 2917
75 2918
52 2919
53 2920
71 2921
66 2922
58 2923
57 2924
63 2925
62 2926
55 2927
59 2928
72 2929
51 2930
67 2931
73 2932
61 2933
56 2934
68 2935
64 2936
70 2937
60 2938
74 2939
69 2940
54 2941
65 2942
75 2943
52 2944
53 2945
71 2946
66 2947
58 2948
57 2949
63 2950
62 2951
55 2952
59 2953
72 2954
51 2955
67 2956
73 2957
61 2958
56 2959
68 2960
64 2961
70 2962
60 2963
74 2964
69 2965
54 2966
65 2967
75 2968
52 2969
53 2970
71 2971
66 2972
58 2973
57 2974
63 2975
62 2976
55 2977
59 2978
72 2979
51 2980
67 2981
73 2982
61 2983
56 2984
68 2985
64 2986
70 2987
60 2988
74 2989
69 2990
54 2991
65 2992
75 2993
52 2994
53 2995
71 2996
66 2997
58 2998
57 2999
63 3000
62 3001
55 3002
59 3003
72 3004
51 3005
67 3006
73 3007
61 3008
56 3009
68 3010
64 3011
70 3012
60 3013
74 3014
69 3015
54 3016
65 3017
75 3018
52 3019
53 3020
71 3021
66 3022
58 3023
57 3024
63 3025
62 3026
55 3027
59 3028
72 3029
51 3030
67 3031
73 3032
61 3033
56 3034
68 3035
64 3036
70 3037
60 3038
74 3039
69 3040
54 3041
65 3042
75 3043
52 3044
53 3045
71 3046
66 3047
58 3048
57 3049
63 3050
62 3051
55 3052
59 3053
72 3054
51 3055
67 3056
73 3057
61 3058
56 3059
68 3060
64 3061
70 3062
60 3063
74 3064
69 3065
54 3066
65 3067
75 3068
52 3069
53 3070
71 3071
66 3072
58 3073
57 3074
63 3075
62 3076
55 3077
59 3078
72 3079
51 3080
67 3081
73 3082
61 3083
56 3084
68 3085
64 3086
70 3087
60 3088
74 3089
69 3090
54 3091
65 3092
75 3093
52 3094
53 3095
71 3096
66 3097
58 3098
57 3099
63 3100
62 3101
55 3102
59 3103
72 3104
51 3105
67 3106
73 3107
61 3108
56 3109
68 3110
64 3111
70 3112
60 3113
74 3114
69 3115
54 3116
65 3117
75 3118
52 3119
53 3120
71 3121
66 3122
58 3123
57 3124
63 3125
62 3126
55 3127
59 3128
72 3129
51 3130
67 3131
73 3132
61 3133
56 3134
68 3135
64 3136
70 3137
60 3138
74 3139
69 3140
54 3141
65 3142
75 3143
52 3144
53 3145
71 3146
66 3147
58 3148
57 3149
63 3150
62 3151
55 3152
59 3153
72 3154
51 3155
67 3156
73 3157
61 3158
56 3159
68 3160
64 3161
70 3162
60 3163
74 3164
69 3165
54 3166
65 3167
75 3168
52 3169
53 3170
71 3171
66 3172
58 3173
57 3174
63 3175
62 3176
55 3177
59 3178
72 3179
51 3180
67 3181
73 3182
61 3183
56 3184
68 3185
64 3186
70 3187
60 3188
74 3189
69 3190
54 3191
65 3192
75 3193
52 3194
53 3195
71 3196
66 3197
58 3198
57 3199
63 3200
62 3201
55 3202
59 3203
72 3204
51 3205
67 3206
73 3207
61 3208
56 3209
68 3210
64 3211
70 3212
60 3213
74 3214
69 3215
54 3216
65 3217
75 3218
52 3219
53 3220
71 3221
66 3222
58 3223
57 3224
63 3225
62 3226
55 3227
59 3228
72 3229
51 3230
67 3231
73 3232
61 3233
56 3234
68 3235
64 3236
70 3237
60 3238
74 3239
69 3240
54 3241
65 3242
75 3243
52 3244
53 3245
71 3246
66 3247
58 3248
57 3249
63 3250
62 3251
55 3252
59 3253
72 3254
51 3255
67 3256
73 3257
61 3258
56 3259
68 3260
64 3261
70 3262
60 3263
74 3264
69 3265
54 3266
65 3267
75 3268
52 3269
53 3270
71 3271
66 3272
58 3273
57 3274
63 3275
62 3276
55 3277
59 3278
72 3279
51 3280
67 3281
73 3282
61 3283
56 3284
68 3285
64 3286
70 3287
60 3288
74 3289
69 3290
54 3291
65 3292
75 3293
52 3294
53 3295
71 3296
66 3297
58 3298
57 3299
63 3300
62 3301
55 3302
59 3303
72 3304
51 3305
67 3306
73 3307
61 3308
56 3309
68 3310
64 3311
70 3312
60 3313
74 3314
69 3315
54 3316
65 3317
75 3318
52 3319
53 3320
71 3321
66 3322
58 3323
57 3324
63 3325
62 3326
55 3327
59 3328
72 3329
51 3330
67 3331
73 3332
61 3333
56 3334
68 3335
64 3336
70 3337
60 3338
74 3339
69 3340
54 3341
65 3342
75 3343
52 3344
53 3345
71 3346
66 3347
58 3348
57 3349
63 3350
62 3351
55 3352
59 3353
72 3354
51 3355
67 3356
73 3357
61 3358
56 3359
68 3360
64 3361
70 3362
60 3363
74 3364
69 3365
54 3366
65 3367
75 3368
52 3369
53 3370
71 3371
66 3372
58 3373
57 3374
63 3375
62 3376
55 3377
59 3378
72 3379
51 3380
67 3381
73 3382
61 3383
56 3384
68 3385
64 3386
70 3387
60 3388
74 3389
69 3390
54 3391
65 3392
75 3393
52 3394
53 3395
71 3396
66 3397
58 3398
57 3399
63 3400
62 3401
55 3402
59 3403
72 3404
51 3405
67 3406
73 3407
61 3408
56 3409
68 3410
64 3411
70 3412
60 3413
74 3414
69 3415
54 3416
65 3417
75 3418
52 3419
53 3420
71 3421
66 3422
58 3423
57 3424
63 3425
62 3426
55 3427
59 3428
72 3429
51 3430
67 3431
73 3432
61 3433
56 3434
68 3435
64 3436
70 3437
60 3438
74 3439
69 3440
54 3441
65 3442
75 3443
52 3444
53 3445
71 3446
66 3447
58 3448
57 3449
63 3450
62 3451
55 3452
59 3453
72 3454
51 3455
67 3456
73 3457
61 3458
56 3459
68 3460
64 3461
70 3462
60 3463
74 3464
69 3465
54 3466
65 3467
75 3468
52 3469
53 3470
71 3471
66 3472
58 3473
57 3474
63 3475
62 3476
55 3477
59 3478
72 3479
51 3480
67 3481
73 3482
61 3483
56 3484
68 3485
64 3486
70 3487
60 3488
74 3489
69 3490
54 3491
65 3492
75 3493
52 3494
53 3495
71 3496
66 3497
58 3498
57 3499
63 3500
62 3501
55 3502
59 3503
72 3504
51 3505
67 3506
73 3507
61 3508
56 3509
68 3510
64 3511
70 3512
60 3513
74 3514
69 3515
54 3516
65 3517
75 3518
52 3519
53 3520
71 3521
66 3522
58 3523
57 3524
63 3525
62 3526
55 3527
59 3528
72 3529
51 3530
67 3531
73 3532
61 3533
56 3534
68 3535
64 3536
70 3537
60 3538
74 3539
69 3540
54 3541
65 3542
75 3543
52 3544
53 3545
71 3546
66 3547
58 3548
57 3549
63 3550
62 3551
55 3552
59 3553
72 3554
51 3555
67 3556
73 3557
61 3558
56 3559
68 3560
64 3561
70 3562
60 3563
74 3564
69 3565
54 3566
65 3567
75 3568
52 3569
53 3570
71 3571
66 3572
58 3573
57 3574
63 3575
62 3576
55 3577
59 3578
72 3579
51 3580
67 3581
73 3582
61 3583
56 3584
68 3585
64 3586
70 3587
60 3588
74 3589
69 3590
54 3591
65 3592
75 3593
52 3594
53 3595
71 3596
66 3597
58 3598
57 3599