59 240
56 241
58 242
57 243
52 244
60 245
53 246
51 247
54 248
55 249
59 250
56 251
58 252
57 253
52 254
60 255
53 256
51 257
54 258
55 259
59 260
56 261
58 262
57 263
52 264
60 265
53 266
51 267
54 268
55 269
59 270
56 271
58 272
57 273
52 274
60 275
53 276
51 277
54 278
55 279
59 280
56 281
58 282
57 283
52 284
60 285
53 286
51 287
54 288
55 289
59 290
56 291
58 292
57 293
52 294
60 295
53 296
51 297
54 298
55 299
59 300
56 301
58 302
57 303
52 304
60 305
53 306
51 307
54 308
55 309
59 310
56 311
58 312
57 313
52 314
60 315
53 316
51 317
54 318
55 319
59 320
56 321
58 322
57 323
52 324
60 325
53 326
51 327
54 328
55 329
59 330
56 331
58 332
57 333
52 334
60 335
53 336
51 337
54 338
55 339
59 340
56 341
58 342
57 343
52 344
60 345
53 346
51 347
54 348
55 349
59 350
56 351
58 352
57 353
52 354
60 355
53 356
51 357
54 358
55 359
59 360
56 361
58 362
57 363
52 364
60 365
53 366
51 367
54 368
55 369
59 370
56 371
58 372
57 373
52 374
60 375
53 376
51 377
54 378
55 379
59 380
56 381
58 382
57 383
52 384
60 385
53 386
51 387
54 388
55 389
59 390
56 391
58 392
57 393
52 394
60 395
53 396
51 397
54 398
55 399
59 400
56 401
58 402
57 403
52 404
60 405
53 406
51 407
54 408
55 409
59 410
56 411
58 412
57 413
52 414
60 415
53 416
51 417
54 418
55 419
59 420
56 421
58 422
57 423
52 424
60 425
53 426
51 427
54 428
55 429
59 430
56 431
58 432
57 433
52 434
60 435
53 436
51 437
54 438
55 439
59 440
56 441
58 442
57 443
52 444
60 445
53 446
51 447
54 448
55 449
59 450
56 451
58 452
57 453
52 454
60 455
53 456
51 457
54 458
55 459
59 460
56 461
58 462
57 463
52 464
60 465
53 466
51 467
54 468
55 469
59 470
56 471
58 472
57 473
52 474
60 475
53 476
51 477
54 478
55 479
59 480
56 481
58 482
57 483
52 484
60 485
53 486
51 487
54 488
55 489
59 490
56 491
58 492
57 493
52 494
60 495
53 496
51 497
54 498
55 499
59 500
56 501
58 502
57 503
52 504
60 505
53 506
51 507
54 508
55 509
59 510
56 511
58 512
57 513
52 514
60 515
53 516
51 517
54 518
55 519
59 520
56 521
58 522
57 523
52 524
60 525
53 526
51 527
54 528
55 529
59 530
56 531
58 532
57 533
52 534
60 535
53 536
51 537
54 538
55 539
59 540
56 541
58 542
57 543
52 544
60 545
53 546
51 547
54 548
55 549
59 550
56 551
58 552
57 553
52 554
60 555
53 556
51 557
54 558
55 559
59 560
56 561
58 562
57 563
52 564
60 565
53 566
51 567
54 568
55 569
59 570
56 571
58 572
57 573
52 574
60 575
53 576
51 577
54 578
55 579
59 580
56 581
58 582
57 583
52 584
60 585
53 586
51 587
54 588
55 589
59 590
56 591
58 592
57 593
52 594
60 595
53 596
51 597
54 598
55 599
59 600
56 601
58 602
57 603
52 604
60 605
53 606
51 607
54 608
55 609
59 610
56 611
58 612
57 613
52 614
60 615
53 616
51 617
54 618
55 619
59 620
56 621
58 622
57 623
52 624
60 625
53 626
51 627
54 628
55 629
59 630
56 631
58 632
57 633
52 634
60 635
53 636
51 637
54 638
55 639
59 640
56 641
58 642
57 643
52 644
60 645
53 646
51 647
54 648
55 649
59 650
56 651
58 652
57 653
52 654
60 655
53 656
51 657
54 658
55 659
59 660
56 661
58 662
57 663
52 664
60 665
53 666
51 667
54 668
55 669
59 670
56 671
58 672
57 673
52 674
60 675
53 676
51 677
54 678
55 679
59 680
56 681
58 682
57 683
52 684
60 685
53 686
51 687
54 688
55 689
59 690
56 691
58 692
57 693
52 694
60 695
53 696
51 697
54 698
55 699
59 700
56 701
58 702
57 703
52 704
60 705
53 706
51 707
54 708
55 709
59 710
56 711
58 712
57 713
52 714
60 715
53 716
51 717
54 718
55 719