0.001 51 0.269113 0.00023574 0.0122766 0
0.001 52 0.0155979 0.00125413 0.00108209 0
0.001 53 0.402117 0.0066401 0.0165668 0
0.001 54 0.282165 0.00542855 0.0145146 0
0.001 55 0.0075444 0.0102236 0.0183249 0
0.101 51 0.288141 0.000936657 0.012986 0
0.101 52 0.0346762 0.000484727 0.00158404 0
0.101 53 0.421006 0.00737605 0.0176128 0
0.101 54 0.301098 0.00609547 0.0156337 0
0.101 55 0.0264855 0.0103787 0.0187776 0
0.201 51 0.307161 0.00103734 0.0130811 0
0.201 52 0.0536931 0.000103056 0.00274636 0
0.201 53 0.440077 0.00741466 0.019027 0
0.201 54 0.320038 0.00563176 0.0165875 0
0.201 55 0.0454889 0.0103838 0.0196659 0
0.301 51 0.326188 0.00103373 0.0141253 0
0.301 52 0.0727674 3.66235e-06 0.00294461 0
0.301 53 0.459215 0.00734803 0.019945 0
0.301 54 0.339042 0.00542737 0.0171837 0
0.301 55 0.0645158 0.0106113 0.0192998 0
0.401 51 0.345279 0.00150806 0.0150951 0
0.401 52 0.0918385 0.000167109 0.0036574 0
0.401 53 0.478151 0.00834989 0.0183608 0
0.401 54 0.358079 0.00530802 0.0186186 0
0.401 55 0.0836021 0.0100852 0.0178327 0
0.501 51 0.364337 0.00115671 0.0159614 0
0.501 52 0.110896 0.000408266 0.00493446 0
0.501 53 0.497235 0.00851531 0.017732 0
0.501 54 0.377132 0.00537674 0.0194372 0
0.501 55 0.102683 0.0100739 0.0163523 0
0.601 51 0.383346 0.00104773 0.0169861 0
0.601 52 0.12994 0.0005276 0.00537195 0
0.601 53 0.483543 0.00973062 0.0166199 0
0.601 54 0.39615 0.00563649 0.0197287 0
0.601 55 0.121686 0.0099723 0.0156221 0
0.701 51 0.402366 0.000555561 0.0187529 0
0.701 52 0.148983 0.000658006 0.00737645 0
0.701 53 0.464539 0.00999524 0.0150755 0
0.701 54 0.415162 0.00602372 0.0188463 0
0.701 55 0.140719 0.0104995 0.0144891 0
0.801 51 0.421435 0.00031887 0.0194056 0
0.801 52 0.16818 0.000690162 0.00797558 0
0.801 53 0.445429 0.00938175 0.0144925 0
0.801 54 0.434179 0.0056169 0.0177433 0
0.801 55 0.159758 0.0105863 0.0140405 0
0.901 51 0.440463 0.00049285 0.0196229 0
0.901 52 0.187372 0.000804064 0.00840733 0
0.901 53 0.426454 0.00909139 0.0134104 0
0.901 54 0.453061 0.00496692 0.0167999 0
0.901 55 0.178845 0.0104638 0.0128234 0
1.001 51 0.459386 0.000124139 0.0194315 0
1.001 52 0.206447 0.00066032 0.00993312 0
1.001 53 0.407453 0.00862699 0.0120763 0
1.001 54 0.472185 0.00520199 0.0161618 0
1.001 55 0.19783 0.0101856 0.0115192 0
1.101 51 0.478417 4.1748e-05 0.0181852 0
1.101 52 0.225432 0.000478476 0.010642 0
1.101 53 0.388358 0.0081572 0.0107564 0
1.101 54 0.491189 0.00590411 0.0153076 0
1.101 55 0.216899 0.0101201 0.0114306 0
1.201 51 0.497278 0.000243041 0.0167638 0
1.201 52 0.244366 0.000166857 0.0122492 0
1.201 53 0.369313 0.0083398 0.0101828 0
1.201 54 0.489763 0.00562011 0.014308 0
1.201 55 0.235953 0.0101456 0.0104986 0
1.301 51 0.483568 0.000463173 0.0158505 0
1.301 52 0.263399 0.000808143 0.0126819 0
1.301 53 0.350156 0.00837638 0.0095275 0
1.301 54 0.470743 0.00516305 0.0134625 0
1.301 55 0.255045 0.00968684 0.00997547 0
1.401 51 0.464501 0.00011352 0.0156539 0
1.401 52 0.28248 0.0010765 0.0135952 0
1.401 53 0.331033 0.00848091 0.00875292 0
1.401 54 0.451708 0.00506647 0.0128883 0
1.401 55 0.274162 0.00906945 0.00863998 0
1.501 51 0.445424 0.000271211 0.014945 0
1.501 52 0.30147 0.000994724 0.0146011 0
1.501 53 0.312005 0.00820527 0.00733833 0
1.501 54 0.432625 0.00503704 0.0117911 0
1.501 55 0.293286 0.00926517 0.00771058 0
1.601 51 0.42642 0.000115554 0.0138059 0
1.601 52 0.320411 0.00144405 0.0169635 0
1.601 53 0.293014 0.00848476 0.00650702 0
1.601 54 0.413629 0.0060012 0.0101412 0
1.601 55 0.312319 0.00952092 0.00718789 0
1.701 51 0.407475 0.000254557 0.0128888 0
1.701 52 0.33945 0.00188808 0.0185612 0
1.701 53 0.273955 0.00820969 0.00566419 0
1.701 54 0.394612 0.00613367 0.00856153 0
1.701 55 0.331469 0.00999678 0.00693838 0
1.801 51 0.388472 0.000451093 0.0115996 0
1.801 52 0.358474 0.00157387 0.0197794 0
1.801 53 0.254967 0.00800218 0.00424664 1.62057e-08
1.801 54 0.375541 0.00581694 0.00772473 1.62057e-08
1.801 55 0.350492 0.0102835 0.00629237 1.62057e-08
1.901 51 0.369386 5.57021e-05 0.011647 0
1.901 52 0.377402 0.00208365 0.0182281 0
1.901 53 0.236017 0.00816973 0.00225916 0
1.901 54 0.356397 0.00639347 0.00705098 0
1.901 55 0.369524 0.0106812 0.00569532 0
2.001 51 0.350376 0.000459074 0.010459 0
2.001 52 0.396413 0.00233299 0.0170382 0
2.001 53 0.216883 0.00834458 0.00147719 0
2.001 54 0.337488 0.00633145 0.00516873 0
2.001 55 0.388487 0.0105552 0.00495325 0
2.101 51 0.331458 0.000248805 0.0095512 0
2.101 52 0.415428 0.00321897 0.0149856 0
2.101 53 0.197859 0.0087908 0.00030975 0
2.101 54 0.318457 0.00682327 0.00418411 0
2.101 55 0.407514 0.00986825 0.00418085 0
2.201 51 0.312374 0.000638688 0.00832165 0
2.201 52 0.434569 0.00328803 0.0141948 0
2.201 53 0.178893 0.00850693 0.000613443 0
2.201 54 0.299516 0.00561184 0.00262421 0
2.201 55 0.426633 0.0100702 0.00440699 0
2.301 51 0.293422 0.000591582 0.00758434 0
2.301 52 0.453584 0.00319179 0.013166 0
2.301 53 0.159926 0.00845239 0.00191167 0
2.301 54 0.280454 0.00570172 0.00218574 0
2.301 55 0.445556 0.0100036 0.00284034 0
2.401 51 0.274364 0.000277972 0.00697902 0
2.401 52 0.472627 0.00347047 0.0121741 0
2.401 53 0.140812 0.00839751 0.00291682 0
2.401 54 0.261616 0.0054497 0.000836103 0
2.401 55 0.464534 0.00929 0.00268826 0
2.501 51 0.255235 0.00134598 0.00630093 0
2.501 52 0.491742 0.00240393 0.0110643 0
2.501 53 0.121776 0.00873592 0.00476782 0
2.501 54 0.242688 0.00588205 0.000728753 1.06652e-08
2.501 55 0.483577 0.00961161 0.00201106 1.06652e-08
2.601 51 0.236061 0.00148654 0.00661675 0
2.601 52 0.489055 0.00251858 0.010065 0
2.601 53 0.102772 0.00864173 0.00635663 0
2.601 54 0.223648 0.00590254 0.00126493 0
2.601 55 0.496961 0.00993535 0.000569859 0
2.701 51 0.217065 0.0012357 0.0056243 0
2.701 52 0.470067 0.00275768 0.00939992 0
2.701 53 0.0837998 0.00795564 0.00704488 0
2.701 54 0.204645 0.00587876 0.00258847 0
2.701 55 0.477909 0.0102789 0.000332821 0
2.801 51 0.19812 0.000737165 0.00340292 0
2.801 52 0.450957 0.00271732 0.00816051 0
2.801 53 0.0646778 0.00816492 0.00798867 0
2.801 54 0.185602 0.00561727 0.00323699 0
2.801 55 0.458835 0.0102102 0.00120625 0
2.901 51 0.179126 9.45728e-05 0.00272761 0
2.901 52 0.431942 0.00328667 0.00617305 0
2.901 53 0.0455948 0.00810536 0.00867957 0
2.901 54 0.166643 0.00608465 0.0038733 0
2.901 55 0.439814 0.00978522 0.00187935 0
3.001 51 0.16009 0.000352875 0.0017165 0
3.001 52 0.412973 0.00342642 0.00465358 0
3.001 53 0.0265974 0.00809287 0.00957275 0
3.001 54 0.147563 0.00597509 0.00483343 0
3.001 55 0.420756 0.00961059 0.00285642 0
3.101 51 0.141077 0.000143865 0.00100807 0
3.101 52 0.393978 0.00290006 0.00317364 0
3.101 53 0.0076157 0.00810727 0.0107196 0
3.101 54 0.128577 0.00714954 0.00589124 0
3.101 55 0.401664 0.00966625 0.00315338 0
3.201 51 0.122079 0.00010001 0.000382135 0
3.201 52 0.374829 0.00341666 0.00360942 0
3.201 53 0.0117443 0.00826853 0.0113429 0
3.201 54 0.109519 0.00716746 0.00625281 0
3.201 55 0.382642 0.00991621 0.00381963 0
3.301 51 0.103118 0.000159933 0.000786047 0
3.301 52 0.355795 0.00393085 0.00278051 0
3.301 53 0.0308967 0.00767212 0.0120979 0
3.301 54 0.0906009 0.00736251 0.00758891 0
3.301 55 0.363547 0.00949903 0.00477644 0
3.401 51 0.0841418 0.000345211 0.00197875 0
3.401 52 0.336704 0.00392956 0.00125827 0
3.401 53 0.049922 0.00746433 0.0132528 0
3.401 54 0.0715591 0.00707263 0.00900797 0
3.401 55 0.344481 0.00978282 0.00535948 0
3.501 51 0.0650348 0.000601599 0.00253533 0
3.501 52 0.31763 0.00450865 0.000160336 0
3.501 53 0.0689579 0.00683995 0.0137513 0
3.501 54 0.0524377 0.0072777 0.00940275 0
3.501 55 0.325513 0.00938346 0.0065928 0
3.601 51 0.0460403 0.000887988 0.0039002 0
3.601 52 0.298594 0.00507582 0.0010105 0
3.601 53 0.0880677 0.00700862 0.0153583 0
3.601 54 0.0334172 0.00726191 0.0108509 0
3.601 55 0.306456 0.0101539 0.0073821 0
3.701 51 0.0270835 0.00193873 0.00452531 0
3.701 52 0.279539 0.00479011 0.00134811 0
3.701 53 0.10715 0.00736634 0.016066 0
3.701 54 0.0144667 0.00676339 0.0123348 0
3.701 55 0.287424 0.0105336 0.00840098 0
3.801 51 0.00806074 0.00149222 0.0058242 0
3.801 52 0.260483 0.00460148 0.00307514 0
3.801 53 0.126125 0.00686328 0.0172918 0
3.801 54 0.00466791 0.00653077 0.0132629 0
3.801 55 0.268321 0.0101095 0.00935515 0
3.901 51 0.0110378 0.00182691 0.0067341 0
3.901 52 0.241505 0.00452395 0.00438799 0
3.901 53 0.145195 0.00678352 0.0183696 0
3.901 54 0.0236986 0.00668935 0.0136765 0
3.901 55 0.249252 0.00989888 0.0102805 0
4.001 51 0.0301632 0.00183925 0.00727562 0
4.001 52 0.222484 0.00419865 0.00606779 0
4.001 53 0.164156 0.00723227 0.0195529 0
4.001 54 0.0428044 0.00714218 0.0137695 0
4.001 55 0.230278 0.0100857 0.0112736 0
4.101 51 0.0490759 0.00189024 0.00841578 0
4.101 52 0.203415 0.00532933 0.00733878 0
4.101 53 0.183129 0.00747546 0.0191836 0
4.101 54 0.0619232 0.00673557 0.0147619 0
4.101 55 0.211209 0.0105214 0.0123909 0
4.201 51 0.0682331 0.0016619 0.00900649 0
4.201 52 0.184278 0.00574322 0.00806025 0
4.201 53 0.202101 0.00741662 0.0174521 0
4.201 54 0.0809762 0.00779268 0.016394 0
4.201 55 0.192209 0.00973395 0.013627 0
4.301 51 0.087284 0.00203224 0.00976004 0
4.301 52 0.165104 0.0059566 0.00889971 0
4.301 53 0.221161 0.00647441 0.0173165 0
4.301 54 0.099951 0.00735834 0.0173248 0
4.301 55 0.173104 0.0100982 0.0145386 0
4.401 51 0.106398 0.00260286 0.0106375 0
4.401 52 0.145985 0.00557681 0.0094595 0
4.401 53 0.240252 0.00642082 0.0167778 0
4.401 54 0.118911 0.00743032 0.0193182 0
4.401 55 0.154053 0.0101976 0.0149097 0
4.501 51 0.125538 0.00287747 0.01172 0
4.501 52 0.12695 0.00522528 0.0101104 0
4.501 53 0.259306 0.00604219 0.0156628 0
4.501 54 0.137962 0.0075241 0.0192262 0
4.501 55 0.135065 0.0102894 0.0160893 0
4.601 51 0.14468 0.00277138 0.0117215 0
4.601 52 0.10797 0.00565278 0.0110354 0
4.601 53 0.278363 0.0064945 0.0141367 0
4.601 54 0.156837 0.00699321 0.0180639 0
4.601 55 0.115986 0.0102753 0.0172772 0
4.701 51 0.163802 0.0020394 0.0121311 0
4.701 52 0.0889454 0.00531914 0.0115964 0
4.701 53 0.297483 0.00601688 0.0138988 0
4.701 54 0.175808 0.006357 0.0172062 0
4.701 55 0.097075 0.0107175 0.0176891 0
4.801 51 0.182925 0.00202656 0.0128803 0
4.801 52 0.0698823 0.0053128 0.012448 0
4.801 53 0.316583 0.00591007 0.0134477 0
4.801 54 0.194872 0.00724552 0.0164496 0
4.801 55 0.0779991 0.010858 0.0186264 0
4.901 51 0.201856 0.00261454 0.0144124 0
4.901 52 0.0509464 0.00578409 0.0134003 0
4.901 53 0.335696 0.00589492 0.0124346 0
4.901 54 0.213909 0.00755408 0.014548 0
4.901 55 0.0590559 0.0107282 0.0197814 0
