0.001 51 0.283531 0.0198544 0.00414255 0
0.001 52 0.443336 0.0110792 0.0171824 0
0.001 53 0.0506076 0.00740278 0.00245957 0
0.001 54 0.183775 0.0139695 0.00403736 0
0.001 55 0.0155292 0.017242 0.000926443 0
0.001 56 0.335822 0.00171064 0.0182029 0
0.001 57 0.215659 0.0112657 0.0092057 0
0.001 58 0.241581 0.00603149 0.00310906 7.85815e-09
0.001 59 0.0341992 0.0173328 0.0119768 7.85815e-09
0.001 60 0.0946601 0.00129104 0.0126627 7.85815e-09
0.001 61 0.451571 0.0164203 0.0102649 7.85815e-09
0.001 62 0.156672 0.0024878 0.00557211 7.85815e-09
0.001 63 0.402384 0.00180724 0.0174995 7.85815e-09
0.001 64 0.413226 0.00471365 0.00622915 7.85815e-09
0.001 65 0.0941711 0.018206 0.00168974 7.85815e-09
0.001 66 0.405038 0.00949204 0.0149396 7.85815e-09
0.001 67 0.131475 0.0132848 0.000782094 7.85815e-09
0.001 68 0.0997906 0.0164411 0.0180049 7.85815e-09
0.001 69 0.037633 0.0172563 0.00447098 7.85815e-09
0.001 70 0.338327 0.0107742 0.0131166 7.85815e-09
0.001 71 0.498612 0.0030834 0.0159997 7.85815e-09
0.001 72 0.146656 0.0106367 0.00492068 7.85815e-09
0.001 73 0.242158 0.00344072 0.00785643 7.85815e-09
0.001 74 0.247893 0.0185138 0.0157307 7.85815e-09
0.001 75 0.495753 0.00233331 0.0138383 7.85815e-09
0.101 51 0.302472 0.019836 0.00541997 0
0.101 52 0.46238 0.0119146 0.0178894 0
0.101 53 0.069674 0.00677753 0.00360035 0
0.101 54 0.20282 0.01344 0.00515652 0
0.101 55 0.0346105 0.0170118 0.00175392 0
0.101 56 0.354908 0.00193345 0.0187926 0
0.101 57 0.234653 0.0113228 0.0106569 0
0.101 58 0.260592 0.0067574 0.00365732 0
0.101 59 0.0532845 0.0172852 0.0123528 0
0.101 60 0.113792 0.000901781 0.013799 0
0.101 61 0.470587 0.0169537 0.0114614 0
0.101 62 0.17568 0.00203533 0.00700086 0
0.101 63 0.421479 0.00142091 0.0182675 0
0.101 64 0.432379 0.00513795 0.00679706 0
0.101 65 0.113191 0.0175839 0.00236217 0
0.101 66 0.424071 0.00872385 0.0155229 0
0.101 67 0.15058 0.0135004 0.00214646 0
0.101 68 0.118833 0.0175573 0.0189762 0
0.101 69 0.0566636 0.0167452 0.00525632 0
0.101 70 0.357322 0.0106492 0.0140317 0
0.101 71 0.482328 0.00316926 0.0173669 0
0.101 72 0.165638 0.0103558 0.0052358 0
0.101 73 0.261266 0.00386528 0.00857792 0
0.101 74 0.267016 0.0185466 0.016611 0
0.101 75 0.48486 0.00178969 0.0142739 0
0.201 51 0.321507 0.0199585 0.00623716 0
0.201 52 0.481407 0.0118419 0.0189112 0
0.201 53 0.0887587 0.00676443 0.00470048 0
0.201 54 0.221747 0.0132561 0.00677887 0
0.201 55 0.0535947 0.0169557 0.00359942 0
0.201 56 0.373908 0.00293776 0.0190274 0
0.201 57 0.25365 0.0104335 0.0120506 0
0.201 58 0.279674 0.00768649 0.0048101 0
0.201 59 0.0723878 0.0170987 0.0130756 0
0.201 60 0.132806 0.00126314 0.0143115 0
0.201 61 0.489749 0.0164861 0.0122056 0
0.201 62 0.194617 0.0018983 0.00836932 0
0.201 63 0.440539 0.00120781 0.019048 0
0.201 64 0.451381 0.00412625 0.00739265 0
0.201 65 0.13226 0.0174995 0.00362019 0
0.201 66 0.443051 0.00845074 0.0164115 0
0.201 67 0.169712 0.0134927 0.00400723 0
0.201 68 0.137871 0.0177826 0.0199317 0
0.201 69 0.0757708 0.0167613 0.00619688 0
0.201 70 0.376337 0.0108141 0.0146708 0
0.201 71 0.463269 0.00282521 0.0185694 0
0.201 72 0.184713 0.0102537 0.00551691 0
0.201 73 0.280354 0.00385786 0.00942552 0
0.201 74 0.28616 0.0182341 0.0172947 0
0.201 75 0.465793 0.00234771 0.0145483 0
0.301 51 0.340572 0.019827 0.00725543 0
0.301 52 0.499504 0.0112349 0.0194749 0
0.301 53 0.107717 0.00717893 0.00577071 0
0.301 54 0.240805 0.013365 0.00767421 0
0.301 55 0.0726644 0.0181627 0.00455797 0
0.301 56 0.392932 0.00330417 0.0198352 0
0.301 57 0.272666 0.0105401 0.0126013 0
0.301 58 0.298665 0.00688521 0.00572095 0
0.301 59 0.0914748 0.0168512 0.0133072 0
0.301 60 0.151829 0.00119732 0.0148617 0
0.301 61 0.49102 0.0160169 0.0130138 0
0.301 62 0.213628 0.00226401 0.00914718 0
0.301 63 0.45952 0.00170538 0.0197602 0
0.301 64 0.470441 0.00463902 0.007709 0
0.301 65 0.15134 0.0180252 0.0047319 0
0.301 66 0.462158 0.00846041 0.0171529 0
0.301 67 0.188712 0.0132594 0.00510458 0
0.301 68 0.156926 0.0178147 0.0188341 0
0.301 69 0.0947928 0.017011 0.00685698 0
0.301 70 0.39531 0.0109736 0.0162256 0
0.301 71 0.444287 0.00349494 0.0198693 0
0.301 72 0.203719 0.00995174 0.00672968 0
0.301 73 0.29953 0.00388841 0.0105218 0
0.301 74 0.305101 0.0182836 0.0182589 0
0.301 75 0.446809 0.00235695 0.0153306 0
0.401 51 0.359796 0.0192908 0.00753021 0
0.401 52 0.480436 0.0102557 0.0182683 0
0.401 53 0.126891 0.00770999 0.0068002 0
0.401 54 0.259901 0.0136646 0.00794476 0
0.401 55 0.0918449 0.0178897 0.00552861 0
0.401 56 0.41206 0.00325874 0.0185388 0
0.401 57 0.291647 0.00992781 0.01307 0
0.401 58 0.317556 0.00642616 0.00717537 0
0.401 59 0.110486 0.0164182 0.0146816 0
0.401 60 0.170848 0.00227611 0.0165312 0
0.401 61 0.471976 0.0146977 0.0140458 0
0.401 62 0.232569 0.00222728 0.0103458 0
0.401 63 0.478608 0.0018788 0.0190057 0
0.401 64 0.489584 0.00487595 0.00832403 0
0.401 65 0.17028 0.018139 0.00588852 0
0.401 66 0.481215 0.00857192 0.0179144 0
0.401 67 0.207877 0.0135545 0.005748 0
0.401 68 0.175955 0.0183242 0.0177705 0
0.401 69 0.113884 0.0163953 0.00813248 0
0.401 70 0.41426 0.0107487 0.01767 0
0.401 71 0.425318 0.00388776 0.0188404 0
0.401 72 0.222746 0.0101637 0.0076511 0
0.401 73 0.318595 0.00350915 0.0111164 0
0.401 74 0.324169 0.0174625 0.0189376 0
0.401 75 0.427875 0.00247323 0.0162308 0
0.501 51 0.378792 0.0192221 0.00887585 0
0.501 52 0.461499 0.00979036 0.0172801 0
0.501 53 0.145863 0.00740292 0.00788386 0
0.501 54 0.278805 0.0145879 0.00897985 0
0.501 55 0.110895 0.0174352 0.00730603 0
0.501 56 0.431177 0.00291434 0.0187163 0
0.501 57 0.310774 0.00994989 0.0143656 0
0.501 58 0.336588 0.00629476 0.00927955 0
0.501 59 0.129427 0.0159169 0.0159849 0
0.501 60 0.189987 0.00228762 0.017 0
0.501 61 0.453056 0.0148117 0.0149954 0
0.501 62 0.251508 0.00275221 0.0115242 0
0.501 63 0.497557 0.00157845 0.0183238 0
0.501 64 0.491163 0.00477501 0.00979656 0
0.501 65 0.189398 0.0182379 0.00718092 0
0.501 66 0.49949 0.00891138 0.0183691 0
0.501 67 0.226919 0.013436 0.00583672 0
0.501 68 0.194975 0.0174835 0.0159185 0
0.501 69 0.132885 0.0161085 0.0089966 0
0.501 70 0.433273 0.0111109 0.0180471 0
0.501 71 0.406211 0.00412987 0.0176631 0
0.501 72 0.241834 0.00953463 0.00848008 0
0.501 73 0.337627 0.00364717 0.0115949 0
0.501 74 0.343177 0.0175595 0.0191779 0
0.501 75 0.408822 0.00305131 0.017258 0
0.601 51 0.397761 0.0184547 0.0100961 0
0.601 52 0.442501 0.00989531 0.0156399 0
0.601 53 0.164974 0.00795365 0.00818491 0
0.601 54 0.297791 0.0143585 0.00996545 0
0.601 55 0.129982 0.0170375 0.00840812 0
0.601 56 0.450282 0.00230401 0.0179492 0
0.601 57 0.329798 0.00999265 0.0150574 0
0.601 58 0.355565 0.0063297 0.0100649 0
0.601 59 0.148369 0.0157578 0.0177446 0
0.601 60 0.208907 0.00262639 0.0181702 0
0.601 61 0.433907 0.0155044 0.0151413 0
0.601 62 0.270515 0.00204261 0.0125171 0
0.601 63 0.483085 0.00143973 0.0170642 0
0.601 64 0.472087 0.0057392 0.0108933 0
0.601 65 0.208325 0.0183369 0.00796106 0
0.601 66 0.480463 0.00895853 0.0196248 0
0.601 67 0.245904 0.0128797 0.00692198 1.03676e-08
0.601 68 0.214103 0.0164215 0.0152917 1.03676e-08
0.601 69 0.151814 0.0161985 0.0102309 1.03676e-08
0.601 70 0.452352 0.010864 0.0190221 1.03676e-08
0.601 71 0.387275 0.00372713 0.0166241 1.03676e-08
0.601 72 0.260782 0.0093466 0.00915713 1.03676e-08
0.601 73 0.356599 0.00376234 0.0126212 1.03676e-08
0.601 74 0.362187 0.017978 0.0180114 1.03676e-08
0.601 75 0.389788 0.00318847 0.0183985 1.03676e-08
0.701 51 0.416859 0.0185761 0.0112235 0
0.701 52 0.423438 0.00994712 0.0148288 0
0.701 53 0.183967 0.00761443 0.0100659 0
0.701 54 0.316866 0.0146718 0.0107481 0
0.701 55 0.149081 0.0174723 0.00957843 0
0.701 56 0.469368 0.00243795 0.0162439 0
0.701 57 0.34884 0.0102738 0.0165815 0
0.701 58 0.374711 0.00636025 0.0108738 0
0.701 59 0.167425 0.015544 0.0190639 0
0.701 60 0.227785 0.00238743 0.0197094 0
0.701 61 0.41501 0.0159884 0.0163586 0
0.701 62 0.289522 0.00188459 0.0125465 0
0.701 63 0.464025 0.0018091 0.0161637 0
0.701 64 0.453102 0.00620286 0.011998 0
0.701 65 0.227491 0.019171 0.00858217 0
0.701 66 0.46152 0.00826673 0.0183128 0
0.701 67 0.264881 0.0130712 0.00844327 0
0.701 68 0.233169 0.0155607 0.0154263 0
0.701 69 0.170923 0.0166641 0.011212 0
0.701 70 0.471428 0.0108996 0.0192316 0
0.701 71 0.368269 0.0033185 0.0159079 0
0.701 72 0.279851 0.00962015 0.0101809 0
0.701 73 0.37568 0.00325716 0.0131135 0
0.701 74 0.381221 0.0178514 0.0176237 0
0.701 75 0.370659 0.00400441 0.0193499 0
0.801 51 0.435907 0.0186819 0.012374 0
0.801 52 0.404418 0.00997703 0.0144899 0
0.801 53 0.202975 0.00728234 0.0114079 0
0.801 54 0.335819 0.0147936 0.0110709 0
0.801 55 0.168075 0.0185452 0.0102765 0
0.801 56 0.488473 0.00204014 0.0149 0
0.801 57 0.367892 0.0103497 0.0176031 0
0.801 58 0.393766 0.00635116 0.011759 0
0.801 59 0.186534 0.0152573 0.0199664 0
0.801 60 0.246867 0.00254073 0.0188004 0
0.801 61 0.396029 0.0156593 0.0175729 0
0.801 62 0.308535 0.00183571 0.0139605 0
0.801 63 0.445023 0.0017921 0.0155016 0
0.801 64 0.434196 0.00620092 0.0135565 0
0.801 65 0.246438 0.0195029 0.00924826 0
0.801 66 0.442517 0.00809459 0.0169284 0
0.801 67 0.283952 0.0135164 0.009382 0
0.801 68 0.252214 0.0158235 0.0145371 0
0.801 69 0.190051 0.0176028 0.0120391 0
0.801 70 0.490526 0.0108458 0.0198955 0
0.801 71 0.349303 0.0038797 0.0152747 0
0.801 72 0.298775 0.0101064 0.0115688 0
0.801 73 0.394614 0.00287464 0.0138723 0
0.801 74 0.400241 0.018455 0.0171649 0
0.801 75 0.351605 0.00357562 0.0190851 0
0.901 51 0.454979 0.0185714 0.0142074 0
0.901 52 0.385258 0.00970998 0.0141873 0
0.901 53 0.222084 0.00677586 0.011793 0
0.901 54 0.354825 0.0146875 0.0119595 0
0.901 55 0.187172 0.0180922 0.0111961 0
0.901 56 0.492372 0.00236367 0.0141644 0
0.901 57 0.387111 0.0106695 0.0184095 0
0.901 58 0.412799 0.00587959 0.0130049 0
0.901 59 0.205573 0.015028 0.0187577 0
0.901 60 0.265854 0.00187725 0.0169529 0
0.901 61 0.376947 0.0150117 0.0185966 0
0.901 62 0.327604 0.00203349 0.0150455 0
0.901 63 0.426016 0.00257647 0.0143152 0
0.901 64 0.41518 0.00619113 0.0147108 0
0.901 65 0.265542 0.0193085 0.00904097 0
0.901 66 0.423406 0.00830601 0.0161829 0
0.901 67 0.30296 0.0134327 0.0102466 0
0.901 68 0.271227 0.0150522 0.0124969 0
0.901 69 0.209189 0.0179419 0.0128258 0
0.901 70 0.490254 0.0108692 0.018757 0
0.901 71 0.330288 0.00397582 0.0139226 0
0.901 72 0.317764 0.0100601 0.0119679 0
0.901 73 0.413723 0.00289794 0.01449 0
0.901 74 0.419248 0.0195471 0.0163691 0
0.901 75 0.33261 0.00294959 0.0178547 0
1.001 51 0.473886 0.0186942 0.0158024 0
1.001 52 0.366297 0.0105928 0.0132525 0
1.001 53 0.241118 0.00718907 0.0131357 0
1.001 54 0.373724 0.015032 0.0134207 0
1.001 55 0.206154 0.017938 0.0125779 0
1.001 56 0.473345 0.00208758 0.01285 0
1.001 57 0.406155 0.0107105 0.0189988 0
1.001 58 0.431796 0.00563807 0.0130532 0
1.001 59 0.22463 0.0150195 0.0175382 0
1.001 60 0.284893 0.00116939 0.0158438 0
1.001 61 0.357954 0.014756 0.0199437 0
1.001 62 0.346709 0.00186022 0.0161383 0
1.001 63 0.406986 0.00339627 0.0132971 0
1.001 64 0.396118 0.00592621 0.0158787 0
1.001 65 0.28453 0.0191968 0.00976738 0
1.001 66 0.404422 0.00873443 0.0148656 0
1.001 67 0.32192 0.013606 0.011061 0
1.001 68 0.290417 0.0146813 0.0122599 0
1.001 69 0.228265 0.0178862 0.0137151 0
1.001 70 0.471381 0.011658 0.0177649 0
1.001 71 0.311177 0.00404523 0.0133684 0
1.001 72 0.336793 0.0105274 0.0136302 0
1.001 73 0.432831 0.00326737 0.0147031 0
1.001 74 0.438339 0.0192591 0.0155708 0
1.001 75 0.313569 0.00261012 0.0166489 0
1.101 51 0.492691 0.0184088 0.0170052 0
1.101 52 0.347247 0.010748 0.012783 0
1.101 53 0.260069 0.00739032 0.0148529 0
1.101 54 0.392708 0.0150775 0.0143352 0
1.101 55 0.225217 0.0177039 0.0132455 0
1.101 56 0.454278 0.00119986 0.0120366 0
1.101 57 0.425168 0.0102286 0.01996 0
1.101 58 0.45092 0.00562778 0.013944 0
1.101 59 0.243693 0.0150282 0.0162859 0
1.101 60 0.30397 0.000946696 0.0154134 0
1.101 61 0.338831 0.015442 0.019905 0
1.101 62 0.365781 0.00187629 0.0173061 0
1.101 63 0.387972 0.00322278 0.0120549 0
1.101 64 0.37702 0.00565684 0.0167268 0
1.101 65 0.303605 0.0189311 0.010302 0
1.101 66 0.385333 0.00878331 0.0140577 0
1.101 67 0.340931 0.0144405 0.0121208 0
1.101 68 0.309557 0.0148137 0.0113805 0
1.101 69 0.247328 0.0182514 0.0147621 0
1.101 70 0.45235 0.0116624 0.0165059 0
1.101 71 0.292028 0.00374834 0.0133877 0
1.101 72 0.35595 0.0101042 0.0140039 0
1.101 73 0.451903 0.00416879 0.015833 0
1.101 74 0.457374 0.0199989 0.0152391 0
1.101 75 0.294603 0.00276004 0.0155644 0
1.201 51 0.488087 0.0186568 0.0178617 0
1.201 52 0.32821 0.0103763 0.0120799 0
1.201 53 0.279136 0.00776179 0.0162091 0
1.201 54 0.411682 0.0153827 0.0156867 0
1.201 55 0.244313 0.0181836 0.0142223 0
1.201 56 0.435341 0.00137637 0.0107016 0
1.201 57 0.444165 0.0100298 0.0195102 0
1.201 58 0.469958 0.00538541 0.0153373 0
1.201 59 0.262661 0.0150031 0.0152877 0
1.201 60 0.323064 0.000248165 0.0146112 0
1.201 61 0.319763 0.0150713 0.0192933 0
1.201 62 0.384806 0.00211882 0.0184012 0
1.201 63 0.368874 0.00279362 0.0114314 0
1.201 64 0.35799 0.00604337 0.0173084 0
1.201 65 0.322593 0.0191172 0.0103264 0
1.201 66 0.366301 0.00849556 0.0129721 0
1.201 67 0.359873 0.0140356 0.0134268 0
1.201 68 0.328636 0.0147287 0.0100083 0
1.201 69 0.266437 0.0182255 0.0159341 0
1.201 70 0.433238 0.0117046 0.0160931 0
1.201 71 0.273044 0.00364511 0.012199 0
1.201 72 0.374926 0.0106313 0.0156598 0
1.201 73 0.47086 0.00376118 0.0170756 0
1.201 74 0.47648 0.0195731 0.0139791 0
1.201 75 0.275539 0.00248266 0.0151352 0
1.301 51 0.469059 0.0186842 0.0195647 0
1.301 52 0.309196 0.0103186 0.0107347 0
1.301 53 0.298271 0.0087315 0.0175141 0
1.301 54 0.430628 0.0149972 0.0171431 0
1.301 55 0.263381 0.0181186 0.015348 0
1.301 56 0.416288 0.0017462 0.0102593 0
1.301 57 0.463205 0.0109388 0.0185593 0
1.301 58 0.489008 0.00541493 0.0171341 0
1.301 59 0.281714 0.0144423 0.0143574 0
1.301 60 0.342093 3.30315e-05 0.0135282 0
1.301 61 0.300703 0.015606 0.0176954 0
1.301 62 0.404035 0.00200615 0.0190103 0
1.301 63 0.349851 0.00293372 0.0100043 0
1.301 64 0.338857 0.0063842 0.0184196 0
1.301 65 0.341725 0.0186329 0.0116447 0
1.301 66 0.347236 0.0088234 0.0120729 0
1.301 67 0.378989 0.0140125 0.0141816 0
1.301 68 0.347641 0.0155632 0.00848346 0
1.301 69 0.285527 0.0182548 0.0167243 0
1.301 70 0.414288 0.0118567 0.0147954 0
1.301 71 0.253989 0.003478 0.0108813 0
1.301 72 0.394015 0.010625 0.016166 0
1.301 73 0.489962 0.00365367 0.0183569 0
1.301 74 0.495463 0.0198984 0.0128609 0
1.301 75 0.256469 0.0027203 0.0141181 0
1.401 51 0.450033 0.0189886 0.0191203 0
1.401 52 0.29016 0.00996471 0.0100205 0
1.401 53 0.317326 0.00865864 0.0192359 0
1.401 54 0.449617 0.0157179 0.0176954 0
1.401 55 0.282349 0.0177705 0.0165349 0
1.401 56 0.39721 0.00188966 0.00944154 0
1.401 57 0.482101 0.0111798 0.0166519 0
1.401 58 0.491669 0.00582662 0.0189229 0
1.401 59 0.300806 0.0146794 0.0133876 0
1.401 60 0.361253 0.00045832 0.0123919 0
1.401 61 0.281693 0.0158814 0.017066 0
1.401 62 0.422972 0.00260473 0.0191759 0
1.401 63 0.330844 0.0030887 0.00900213 0
1.401 64 0.319743 0.00637448 0.0196818 0
1.401 65 0.360762 0.0181022 0.0124652 0
1.401 66 0.328109 0.00883489 0.011083 0
1.401 67 0.398021 0.0138635 0.0153553 0
1.401 68 0.366572 0.0149462 0.0074787 0
1.401 69 0.30462 0.0183862 0.0179149 0
1.401 70 0.39518 0.0125124 0.0140854 0
1.401 71 0.234918 0.0027111 0.00979905 0
1.401 72 0.413094 0.0108435 0.0176339 0
1.401 73 0.490666 0.00364741 0.0197214 0
1.401 74 0.485198 0.019959 0.0122632 0
1.401 75 0.237354 0.00235353 0.0128455 0
1.501 51 0.431053 0.0195558 0.0173899 0
1.501 52 0.271066 0.0108488 0.00949404 0
1.501 53 0.336346 0.00916576 0.019333 0
1.501 54 0.468684 0.0154488 0.0189263 0
1.501 55 0.301345 0.018007 0.0169045 0
1.501 56 0.378226 0.00244682 0.0081429 0
1.501 57 0.498815 0.0119803 0.014816 0
1.501 58 0.472602 0.00579572 0.0198156 0
1.501 59 0.319983 0.0152998 0.0131146 0
1.501 60 0.380246 0.000596362 0.011436 0
1.501 61 0.262579 0.0158159 0.0164603 0
1.501 62 0.442055 0.00285031 0.0186325 0
1.501 63 0.311819 0.00326895 0.00785208 0
1.501 64 0.300636 0.00595324 0.0188011 0
1.501 65 0.379602 0.0181786 0.0137744 0
1.501 66 0.30899 0.00871466 0.0100859 0
1.501 67 0.417005 0.0141375 0.0156826 0
1.501 68 0.385492 0.0154629 0.00640222 0
1.501 69 0.323715 0.0181593 0.0179545 0
1.501 70 0.3761 0.0123705 0.013624 0
1.501 71 0.215815 0.00283102 0.00866453 0
1.501 72 0.432221 0.0107687 0.0185578 0
1.501 73 0.471559 0.003511 0.0194478 0
1.501 74 0.466117 0.0199096 0.0113113 0
1.501 75 0.218293 0.00213194 0.0113579 0
1.601 51 0.411989 0.0192181 0.0167281 0
1.601 52 0.252013 0.0104013 0.00918829 8.53698e-09
1.601 53 0.355236 0.00978877 0.0177615 8.53698e-09
1.601 54 0.487768 0.0149259 0.0198394 8.53698e-09
1.601 55 0.320388 0.0179451 0.0178758 8.53698e-09
1.601 56 0.359187 0.00260879 0.00745793 8.53698e-09
1.601 57 0.479812 0.0119583 0.0127001 8.53698e-09
1.601 58 0.453496 0.0057839 0.0189867 8.53698e-09
1.601 59 0.338992 0.0153892 0.0121536 8.53698e-09
1.601 60 0.399223 0.000833945 0.0104143 8.53698e-09
1.601 61 0.243527 0.0156697 0.0157121 8.53698e-09
1.601 62 0.460992 0.00227598 0.0170474 8.53698e-09
1.601 63 0.292725 0.00327207 0.00651698 8.53698e-09
1.601 64 0.281525 0.00552352 0.0178254 8.53698e-09
1.601 65 0.398672 0.0185035 0.0140368 8.53698e-09
1.601 66 0.289991 0.00931413 0.00915028 8.53698e-09
1.601 67 0.436029 0.0137859 0.0162502 8.53698e-09
1.601 68 0.404468 0.0163485 0.00459742 8.53698e-09
1.601 69 0.342917 0.0187758 0.0187199 8.53698e-09
1.601 70 0.357051 0.012175 0.012255 8.53698e-09
1.601 71 0.19689 0.00294736 0.00765992 8.53698e-09
1.601 72 0.451159 0.0108665 0.0194245 8.53698e-09
1.601 73 0.452547 0.00288788 0.0185795 8.53698e-09
1.601 74 0.447099 0.0197714 0.00981364 8.53698e-09
1.601 75 0.199275 0.00239672 0.0103223 8.53698e-09
1.701 51 0.392916 0.0191695 0.0161582 0
1.701 52 0.232972 0.0102236 0.00836389 0
1.701 53 0.374378 0.00954975 0.0176361 0
1.701 54 0.493089 0.0150131 0.0185797 0
1.701 55 0.339353 0.0185938 0.0181156 0
1.701 56 0.34015 0.00261074 0.00571937 0
1.701 57 0.46077 0.0125488 0.011115 0
1.701 58 0.434402 0.00528753 0.016942 0
1.701 59 0.357932 0.0153782 0.0108246 0
1.701 60 0.418238 0.000707564 0.00970092 0
1.701 61 0.224424 0.015555 0.0145767 0
1.701 62 0.480069 0.00219704 0.0159546 0
1.701 63 0.273781 0.00339232 0.00567281 0
1.701 64 0.262432 0.00589637 0.0171755 0
1.701 65 0.417709 0.0182262 0.0152047 0
1.701 66 0.270855 0.00915081 0.00855069 0
1.701 67 0.45502 0.0139929 0.0181444 0
1.701 68 0.423434 0.016816 0.00327468 0
1.701 69 0.361873 0.0190664 0.0193764 0
1.701 70 0.337971 0.0118671 0.0115557 0
1.701 71 0.177902 0.00283739 0.00675101 0
1.701 72 0.470165 0.0108588 0.0189667 0
1.701 73 0.433563 0.00264429 0.0181792 0
1.701 74 0.428168 0.0194631 0.00838805 0
1.701 75 0.180314 0.00280152 0.00879711 0
1.801 51 0.373879 0.0195334 0.0151025 0
1.801 52 0.213833 0.00989812 0.00747427 0
1.801 53 0.393433 0.00958157 0.0172784 0
1.801 54 0.474097 0.0148383 0.018583 0
1.801 55 0.358271 0.0187905 0.0191884 0
1.801 56 0.3211 0.00204387 0.00463627 0
1.801 57 0.441643 0.012582 0.0106561 0
1.801 58 0.415311 0.00473472 0.0151391 0
1.801 59 0.376951 0.0154311 0.0101046 0
1.801 60 0.43725 0.00138798 0.00862841 0
1.801 61 0.205508 0.0153487 0.0139648 0
1.801 62 0.499078 0.00241127 0.0152135 0
1.801 63 0.254786 0.00361465 0.00430591 9.20359e-09
1.801 64 0.243453 0.00561963 0.0155967 9.20359e-09
1.801 65 0.436933 0.0188256 0.0152909 9.20359e-09
1.801 66 0.251696 0.00862047 0.00814017 1.9855e-08
1.801 67 0.47408 0.0131587 0.0180884 1.9855e-08
1.801 68 0.442497 0.0167693 0.0031396 1.9855e-08
1.801 69 0.380943 0.0195663 0.019761 1.9855e-08
1.801 70 0.318864 0.0119023 0.0102622 1.9855e-08
1.801 71 0.158854 0.00245207 0.00536267 1.9855e-08
1.801 72 0.489304 0.0107213 0.0186588 1.9855e-08
1.801 73 0.41453 0.00336617 0.017726 1.9855e-08
1.801 74 0.409135 0.0191717 0.00695185 1.9855e-08
1.801 75 0.161268 0.00302293 0.00752303 1.9855e-08
1.901 51 0.354857 0.0187667 0.0137233 0
1.901 52 0.194756 0.00946761 0.00656035 0
1.901 53 0.412499 0.0104717 0.0170364 0
1.901 54 0.455192 0.0141185 0.0173793 0
1.901 55 0.377253 0.0189416 0.0191034 0
1.901 56 0.302129 0.00184609 0.00369552 0
1.901 57 0.422593 0.0125544 0.00965489 0
1.901 58 0.396264 0.00491451 0.0140045 0
1.901 59 0.395919 0.0150148 0.00912401 0
1.901 60 0.456366 0.00182474 0.0079486 0
1.901 61 0.186454 0.0156311 0.0134581 0
1.901 62 0.481527 0.00234138 0.0144701 0
1.901 63 0.235834 0.0029949 0.00311012 0
1.901 64 0.224395 0.00587272 0.0146587 0
1.901 65 0.456091 0.0189186 0.0160573 0
1.901 66 0.232674 0.00917085 0.00732107 0
1.901 67 0.493094 0.012984 0.0191075 0
1.901 68 0.461403 0.0162201 0.0014422 0
1.901 69 0.399916 0.0194428 0.0180539 0
1.901 70 0.299878 0.0121606 0.00886809 0
1.901 71 0.13985 0.00343125 0.00409134 0
1.901 72 0.49163 0.0102166 0.0174808 0
1.901 73 0.39558 0.00261697 0.0166631 0
1.901 74 0.390122 0.0190655 0.00633486 0
1.901 75 0.142259 0.00223463 0.00654198 0
2.001 51 0.335843 0.0189965 0.01316 0
2.001 52 0.175659 0.00904714 0.0056966 0
2.001 53 0.43149 0.0110597 0.0159163 0
2.001 54 0.436204 0.0144234 0.0172007 0
2.001 55 0.396246 0.0196509 0.0175868 0
2.001 56 0.283035 0.00216538 0.00311747 0
2.001 57 0.403578 0.0124015 0.00836105 0
2.001 58 0.377228 0.00509018 0.0133919 0
2.001 59 0.414923 0.0147152 0.00785444 0
2.001 60 0.475348 0.00155028 0.00697979 0
2.001 61 0.167416 0.0161916 0.0122143 0
2.001 62 0.462467 0.00218064 0.0129344 0
2.001 63 0.216717 0.00270279 0.0016187 0
2.001 64 0.205286 0.00564132 0.0138587 0
2.001 65 0.475118 0.0188347 0.0166929 0
2.001 66 0.213638 0.00908579 0.00603511 0
2.001 67 0.487309 0.0134199 0.0195728 0
2.001 68 0.48045 0.0168764 0.000582287 0
2.001 69 0.418943 0.0191835 0.0160463 0
2.001 70 0.280881 0.0114126 0.00777586 0
2.001 71 0.120779 0.00277818 0.00302792 0
2.001 72 0.472517 0.0101512 0.0167592 0
2.001 73 0.376481 0.00302592 0.0158552 0
2.001 74 0.371145 0.019241 0.0052489 0
2.001 75 0.123294 0.00302335 0.00487916 0
2.101 51 0.316741 0.0187524 0.012527 0
2.101 52 0.156549 0.00860032 0.00461109 0
2.101 53 0.450683 0.0109209 0.0153905 0
2.101 54 0.417163 0.0149149 0.0164534 0
2.101 55 0.415269 0.0197182 0.0165113 0
2.101 56 0.263977 0.00231215 0.00232882 0
2.101 57 0.384475 0.0128444 0.00760846 0
2.101 58 0.358228 0.00560705 0.0127937 0
2.101 59 0.433849 0.0148117 0.00629812 0
2.101 60 0.494326 0.00110631 0.00682421 0
2.101 61 0.148265 0.0155725 0.0114877 0
2.101 62 0.443273 0.00242322 0.0125477 0
2.101 63 0.197583 0.00415875 0.000869526 0
2.101 64 0.18624 0.00567902 0.0125403 0
2.101 65 0.494179 0.0185987 0.0180526 0
2.101 66 0.194674 0.00929721 0.00568694 0
2.101 67 0.46821 0.0128268 0.0195014 0
2.101 68 0.499411 0.0169824 0.00133917 0
2.101 69 0.438002 0.018833 0.0152844 0
2.101 70 0.261871 0.011208 0.00749341 0
2.101 71 0.101705 0.00319404 0.00225293 0
2.101 72 0.453534 0.010053 0.0155251 0
2.101 73 0.357353 0.00326904 0.0150363 0
2.101 74 0.352144 0.0196638 0.00419767 0
2.101 75 0.104092 0.00255583 0.00417142 0
2.201 51 0.297704 0.0186986 0.0122052 0
2.201 52 0.137429 0.0083074 0.0040737 0
2.201 53 0.469673 0.0107271 0.0139816 0
2.201 54 0.398183 0.0148185 0.0154576 0
2.201 55 0.434453 0.0195873 0.0158357 0
2.201 56 0.244899 0.0024198 0.00139214 8.85889e-09
2.201 57 0.365469 0.0120748 0.00663095 8.85889e-09
2.201 58 0.339125 0.0059004 0.0116481 8.85889e-09
2.201 59 0.452923 0.0151255 0.00509414 8.85889e-09
2.201 60 0.48632 0.00107499 0.00653944 8.85889e-09
2.201 61 0.129169 0.0157389 0.0111787 8.85889e-09
2.201 62 0.424168 0.0027216 0.0115686 8.85889e-09
2.201 63 0.17844 0.00424217 0.00028806 8.85889e-09
2.201 64 0.167256 0.00629458 0.0114048 8.85889e-09
2.201 65 0.486641 0.0186445 0.0192343 8.85889e-09
2.201 66 0.175678 0.00934225 0.00478222 8.85889e-09
2.201 67 0.449134 0.0127942 0.0188755 8.85889e-09
2.201 68 0.481611 0.0167227 0.00230917 8.85889e-09
2.201 69 0.457139 0.0191811 0.0149509 8.85889e-09
2.201 70 0.242803 0.0114001 0.00645875 1.67843e-08
2.201 71 0.0826419 0.00300739 0.00127248 1.67843e-08
2.201 72 0.434489 0.00955981 0.014981 1.67843e-08
2.201 73 0.338107 0.00360814 0.0141595 1.67843e-08
2.201 74 0.333118 0.0191109 0.00260216 1.67843e-08
2.201 75 0.0850717 0.00252268 0.00300307 1.67843e-08
2.301 51 0.278671 0.019095 0.0118105 0
2.301 52 0.118366 0.00786277 0.00336946 0
2.301 53 0.48874 0.0106727 0.0127954 0
2.301 54 0.379161 0.0146165 0.0139341 0
2.301 55 0.453567 0.019947 0.0154285 0
2.301 56 0.225951 0.00243507 0.000556309 0
2.301 57 0.346527 0.0122712 0.0060734 0
2.301 58 0.319972 0.00549687 0.0104214 0
2.301 59 0.472081 0.0151934 0.00470351 0
2.301 60 0.467256 0.000930695 0.00523022 0
2.301 61 0.110069 0.0166193 0.00978374 0
2.301 62 0.405141 0.00340079 0.011346 0
2.301 63 0.159363 0.0035976 0.00124014 0
2.301 64 0.148185 0.00649408 0.010721 0
2.301 65 0.467612 0.0183591 0.019183 0
2.301 66 0.156636 0.00946536 0.00414914 0
2.301 67 0.430054 0.0128267 0.0178952 0
2.301 68 0.462608 0.0166516 0.00355285 0
2.301 69 0.476247 0.0186677 0.0136217 0
2.301 70 0.223742 0.0117045 0.00520107 0
2.301 71 0.0636455 0.00325933 0.000864684 0
2.301 72 0.41554 0.0105546 0.0136604 0
2.301 73 0.319003 0.00368652 0.0129789 0
2.301 74 0.314032 0.0194116 0.0019848 0
2.301 75 0.0661238 0.00213783 0.00140677 0
2.401 51 0.259615 0.019062 0.00979122 0
2.401 52 0.0994223 0.00769836 0.00186666 0
2.401 53 0.492151 0.0104186 0.0122819 0
2.401 54 0.360118 0.014997 0.0127742 0
2.401 55 0.472595 0.0198412 0.0144596 0
2.401 56 0.206914 0.00220667 0.00144013 0
2.401 57 0.327577 0.0122167 0.00501311 0
2.401 58 0.300852 0.00563188 0.00914814 0
2.401 59 0.491142 0.0149388 0.00404446 0
2.401 60 0.448123 0.00125436 0.00355045 0
2.401 61 0.0910661 0.0173101 0.00870861 0
2.401 62 0.386232 0.00376159 0.0103521 0
2.401 63 0.140346 0.00329829 0.00227464 0
2.401 64 0.129078 0.00586589 0.00997847 0
2.401 65 0.448629 0.0182298 0.0181291 0
2.401 66 0.137617 0.00964894 0.00228118 0
2.401 67 0.411076 0.0127098 0.0164685 0
2.401 68 0.443602 0.0166609 0.00438746 0
2.401 69 0.495248 0.0182399 0.013151 0
2.401 70 0.204681 0.0121311 0.0042975 0
2.401 71 0.0446676 0.00258892 1.40396e-06 0
2.401 72 0.396548 0.0109005 0.0127697 0
2.401 73 0.300051 0.00376592 0.011494 0
2.401 74 0.294954 0.0184785 0.000911019 0
2.401 75 0.0470103 0.00238701 0.0011527 0
2.501 51 0.240568 0.0197038 0.00909236 0
2.501 52 0.0804147 0.00765132 0.000932896 0
2.501 53 0.473002 0.0104989 0.0113864 0
2.501 54 0.340973 0.0154128 0.0120574 0
2.501 55 0.491523 0.0196617 0.0125751 0
2.501 56 0.187875 0.00196305 0.00239272 0
2.501 57 0.308408 0.0127922 0.00468733 0
2.501 58 0.281833 0.00529654 0.0080788 0
2.501 59 0.489621 0.015046 0.00272337 0
2.501 60 0.429044 0.00181933 0.00318502 0
2.501 61 0.0720544 0.0174627 0.00767703 0
2.501 62 0.36717 0.00372784 0.00966819 0
2.501 63 0.121242 0.00413293 0.00316896 0
2.501 64 0.110061 0.00576714 0.00916785 0
2.501 65 0.429618 0.0187235 0.016717 0
2.501 66 0.118575 0.00980602 0.00151212 0
2.501 67 0.392049 0.0123702 0.015889 0
2.501 68 0.424654 0.017205 0.00572984 0
2.501 69 0.485331 0.0184139 0.0119225 0
2.501 70 0.185641 0.0124755 0.00317974 0
2.501 71 0.0255131 0.00243409 0.000685385 0
2.501 72 0.377591 0.0110134 0.011259 0
2.501 73 0.280991 0.00445441 0.00993907 0
2.501 74 0.275964 0.0184972 0.000488156 0
2.501 75 0.0279618 0.00237555 0.000569876 0
2.601 51 0.221426 0.0199131 0.00841663 0
2.601 52 0.0614259 0.00747698 0.000244523 0
2.601 53 0.453954 0.0103679 0.0105699 0
2.601 54 0.321918 0.0147914 0.0111991 0
2.601 55 0.489182 0.0194666 0.0117511 0
2.601 56 0.168854 0.00217196 0.00370439 0
2.601 57 0.289363 0.0125426 0.00374009 0
2.601 58 0.262771 0.00541529 0.00761725 0
2.601 59 0.470637 0.0145 0.00175159 0
2.601 60 0.409927 0.00194907 0.00224753 0
2.601 61 0.0528228 0.0170041 0.00762543 0
2.601 62 0.348133 0.00332189 0.00915562 0
2.601 63 0.102151 0.00439943 0.00421651 0
2.601 64 0.0910626 0.00535652 0.00821736 0
2.601 65 0.41057 0.0179161 0.0156038 0
2.601 66 0.0996319 0.0106552 0.000885079 0
2.601 67 0.373017 0.0124892 0.0150817 0
2.601 68 0.405483 0.0172037 0.00632457 0
2.601 69 0.466247 0.0187329 0.0108414 0
2.601 70 0.166692 0.0122949 0.00156004 0
2.601 71 0.00646543 0.00328524 0.000758944 0
2.601 72 0.35862 0.010543 0.010388 0
2.601 73 0.261914 0.00423936 0.0088746 0
2.601 74 0.256927 0.0180987 0.00109618 0
2.601 75 0.00904194 0.00254154 0.00104651 0
2.701 51 0.20233 0.0192944 0.00785581 0
2.701 52 0.0423408 0.00674661 0.000219039 0
2.701 53 0.434849 0.0106015 0.0103487 0
2.701 54 0.3028 0.0155719 0.0103449 0
2.701 55 0.470155 0.0194626 0.0111591 0
2.701 56 0.149838 0.00183695 0.0047685 0
2.701 57 0.270178 0.012152 0.00296006 0
2.701 58 0.243873 0.00560497 0.00591724 8.23709e-09
2.701 59 0.451552 0.0137449 0.000760552 8.23709e-09
2.701 60 0.390874 0.00169479 0.000953115 8.23709e-09
2.701 61 0.0337291 0.0167391 0.00711449 8.23709e-09
2.701 62 0.329172 0.00334089 0.00795935 8.23709e-09
2.701 63 0.0831146 0.00456513 0.00470464 8.23709e-09
2.701 64 0.0720632 0.00634702 0.0071618 8.23709e-09
2.701 65 0.391465 0.0179131 0.0139137 8.23709e-09
2.701 66 0.080508 0.0108345 2.16576e-05 8.23709e-09
2.701 67 0.353979 0.0115172 0.0143955 8.23709e-09
2.701 68 0.386518 0.0170636 0.00699009 8.23709e-09
2.701 69 0.447092 0.0181755 0.0102515 8.23709e-09
2.701 70 0.147708 0.0123316 0.00117637 8.23709e-09
2.701 71 0.0129368 0.00338162 0.00158603 8.23709e-09
2.701 72 0.339649 0.011203 0.00904871 8.23709e-09
2.701 73 0.242936 0.00415669 0.00820521 8.23709e-09
2.701 74 0.237823 0.0182885 0.00209791 8.23709e-09
2.701 75 0.0101691 0.00261955 0.00196102 8.23709e-09
2.801 51 0.183282 0.0188339 0.00640079 0
2.801 52 0.0233347 0.00656281 0.000906256 0
2.801 53 0.4158 0.0106069 0.0100075 0
2.801 54 0.283774 0.0161198 0.00931555 0
2.801 55 0.451151 0.0194908 0.0102564 0
2.801 56 0.130886 0.0010161 0.00550494 0
2.801 57 0.251166 0.0117245 0.00192611 9.40672e-08
2.801 58 0.224667 0.00559863 0.005033 9.40672e-08
2.801 59 0.432367 0.0135302 0.000446316 9.40672e-08
2.801 60 0.371883 0.00223072 0.000502362 9.40672e-08
2.801 61 0.0147111 0.0164416 0.00657337 9.40672e-08
2.801 62 0.310122 0.00251824 0.00727489 9.40672e-08
2.801 63 0.0641194 0.0045165 0.00638858 9.40672e-08
2.801 64 0.0531488 0.00678283 0.00583133 9.40672e-08
2.801 65 0.372471 0.0178817 0.0125952 9.40672e-08
2.801 66 0.0614408 0.0106606 0.00103849 9.40672e-08
2.801 67 0.334915 0.0110294 0.0139832 9.40672e-08
2.801 68 0.367472 0.0178163 0.00814331 9.40672e-08
2.801 69 0.428106 0.0182573 0.00825557 9.40672e-08
2.801 70 0.128687 0.0122006 0.000137879 9.40672e-08
2.801 71 0.0320505 0.00389979 0.00183072 9.40672e-08
2.801 72 0.320634 0.0108744 0.00839491 9.40672e-08
2.801 73 0.223998 0.0040447 0.0066858 9.40672e-08
2.801 74 0.218719 0.018631 0.00310886 9.40672e-08
2.801 75 0.0291338 0.00229386 0.0028935 9.40672e-08
2.901 51 0.164239 0.0188761 0.00553838 0
2.901 52 0.00429828 0.00685986 0.00171975 0
2.901 53 0.396821 0.0105658 0.00849782 0
2.901 54 0.264803 0.0160406 0.00796593 0
2.901 55 0.432141 0.0197993 0.00867871 0
2.901 56 0.111756 0.00122251 0.00592039 0
2.901 57 0.232177 0.0122396 0.000880663 0
2.901 58 0.205637 0.00592811 0.00335274 0
2.901 59 0.413402 0.0137687 0.00108945 0
2.901 60 0.352776 0.00203457 0.00147268 0
2.901 61 0.00438222 0.0169559 0.00570625 0
2.901 62 0.291149 0.00330989 0.00553342 0
2.901 63 0.0451431 0.00399885 0.00718683 0
2.901 64 0.0341109 0.00642436 0.00545514 0
2.901 65 0.35353 0.0173398 0.0113415 0
2.901 66 0.0423634 0.0113548 0.00121074 0
2.901 67 0.315908 0.0114951 0.013208 0
2.901 68 0.348476 0.0176026 0.00876198 0
2.901 69 0.409111 0.0180181 0.00664511 0
2.901 70 0.109567 0.0126299 0.000888388 0
2.901 71 0.0510667 0.00304276 0.00310659 0
2.901 72 0.301566 0.0111069 0.00745576 0
2.901 73 0.204903 0.00410462 0.00573405 0
2.901 74 0.19964 0.0183841 0.00413729 0
2.901 75 0.0482224 0.00286418 0.00361088 0
3.001 51 0.145189 0.0184515 0.00477213 0
3.001 52 0.0150958 0.0069475 0.00265568 0
3.001 53 0.377847 0.0105921 0.00751177 0
3.001 54 0.245741 0.0157172 0.00701629 0
3.001 55 0.413033 0.0198449 0.00814439 0
3.001 56 0.0927998 0.00141891 0.00746093 0
3.001 57 0.213214 0.0120005 0.000683358 0
3.001 58 0.186734 0.0063225 0.00213011 0
3.001 59 0.394376 0.0140086 0.00159605 0
3.001 60 0.333795 0.00157579 0.00239661 0
3.001 61 0.0233412 0.016932 0.00461013 0
3.001 62 0.27207 0.00292834 0.00509811 0
3.001 63 0.0260033 0.00452766 0.00806373 0
3.001 64 0.0150992 0.00599562 0.00455308 0
3.001 65 0.334487 0.0175293 0.0112919 0
3.001 66 0.0234881 0.0110177 0.00270938 0
3.001 67 0.296827 0.0110414 0.0115185 0
3.001 68 0.329419 0.017373 0.00958713 0
3.001 69 0.389909 0.0179108 0.00603878 0
3.001 70 0.0906042 0.0125554 0.00135522 0
3.001 71 0.0700831 0.00235693 0.00480881 0
3.001 72 0.28244 0.0109533 0.0067365 0
3.001 73 0.185893 0.0044392 0.00486911 0
3.001 74 0.180587 0.0186117 0.00509531 0
3.001 75 0.0672186 0.00367691 0.00464238 0
3.101 51 0.12608 0.0185058 0.00417119 0
3.101 52 0.0341051 0.00690982 0.00317764 0
3.101 53 0.358766 0.0100091 0.00592171 0
3.101 54 0.226699 0.0153747 0.00633282 0
3.101 55 0.393971 0.0198407 0.00734739 0
3.101 56 0.0737213 0.00158762 0.00856543 0
3.101 57 0.194167 0.0114726 0.00202197 0
3.101 58 0.167676 0.00626053 0.000886374 0
3.101 59 0.375346 0.0139608 0.00246346 0
3.101 60 0.314671 0.000974658 0.00358612 0
3.101 61 0.0423644 0.0172698 0.00349638 0
3.101 62 0.253063 0.00299829 0.00327758 1.0943e-08
3.101 63 0.00709777 0.0040887 0.00977142 1.0943e-08
3.101 64 0.00430107 0.00627188 0.00379356 1.0943e-08
3.101 65 0.315537 0.0171388 0.00952943 1.0943e-08
3.101 66 0.00445269 0.0108536 0.00390249 1.0943e-08
3.101 67 0.277698 0.011004 0.0109768 1.0943e-08
3.101 68 0.310455 0.0173183 0.0109357 1.0943e-08
3.101 69 0.370798 0.0179248 0.00537316 1.0943e-08
3.101 70 0.0714299 0.0127034 0.00177738 1.0943e-08
3.101 71 0.0891432 0.00224592 0.00586059 1.0943e-08
3.101 72 0.263359 0.0110027 0.00533285 1.0943e-08
3.101 73 0.166858 0.004525 0.00363196 1.0943e-08
3.101 74 0.161628 0.0189361 0.00650155 1.0943e-08
3.101 75 0.0863852 0.00273205 0.00432773 1.0943e-08
3.201 51 0.106963 0.0194783 0.00358639 0
3.201 52 0.0530888 0.0066443 0.00423118 0
3.201 53 0.339641 0.0101753 0.00466207 0
3.201 54 0.207752 0.0151767 0.00572992 0
3.201 55 0.37489 0.0194917 0.00675533 0
3.201 56 0.0546659 0.00155327 0.0100058 0
3.201 57 0.175188 0.0115619 0.00325296 0
3.201 58 0.148689 0.00608648 0.000183396 0
3.201 59 0.356287 0.0139027 0.00303112 0
3.201 60 0.295522 0.00117659 0.00511624 0
3.201 61 0.0615178 0.0168771 0.00263327 0
3.201 62 0.234138 0.00295061 0.00299709 0
3.201 63 0.0121319 0.00425864 0.0106327 0
3.201 64 0.023298 0.00590958 0.00252217 0
3.201 65 0.296443 0.0177032 0.00839178 0
3.201 66 0.0148188 0.0109318 0.00559272 0
3.201 67 0.258661 0.0106644 0.00913516 0
3.201 68 0.29133 0.01711 0.0118553 0
3.201 69 0.351763 0.0177329 0.00466684 0
3.201 70 0.0524311 0.0115805 0.00327261 0
3.201 71 0.108166 0.00281248 0.00653333 0
3.201 72 0.244333 0.0115747 0.00467611 1.34027e-08
3.201 73 0.147869 0.00465445 0.00251539 1.34027e-08
3.201 74 0.142642 0.0195012 0.00728333 1.34027e-08
3.201 75 0.105327 0.00238579 0.0052723 1.34027e-08
3.301 51 0.0880467 0.0197767 0.00312706 0
3.301 52 0.0721324 0.00638403 0.00541141 0
3.301 53 0.320567 0.0105577 0.00333958 0
3.301 54 0.188749 0.0153665 0.00491657 0
3.301 55 0.355889 0.019096 0.00643272 0
3.301 56 0.0356268 0.000764182 0.0115644 0
3.301 57 0.156176 0.0120846 0.00451469 0
3.301 58 0.129706 0.00620852 0.00114099 0
3.301 59 0.337166 0.0136755 0.00362902 0
3.301 60 0.276469 0.00147499 0.00619806 0
3.301 61 0.0805656 0.0169141 0.00169018 0
3.301 62 0.215047 0.00311565 0.00208529 0
3.301 63 0.0311715 0.00466121 0.0114042 0
3.301 64 0.0422414 0.00589404 0.000874953 0
3.301 65 0.277387 0.01791 0.00761669 0
3.301 66 0.0336586 0.0111142 0.00736263 0
3.301 67 0.23964 0.0108361 0.00858372 0
3.301 68 0.27233 0.0171688 0.012784 0
3.301 69 0.332646 0.0180379 0.00441991 0
3.301 70 0.0333474 0.0111878 0.00429048 0
3.301 71 0.127222 0.00291355 0.00738836 0
3.301 72 0.225349 0.0117477 0.0042422 0
3.301 73 0.128911 0.00425729 0.00151071 0
3.301 74 0.123621 0.0193733 0.00822147 0
3.301 75 0.124461 0.00211629 0.00604349 0
3.401 51 0.0691564 0.0197992 0.00142356 0
3.401 52 0.0912513 0.00663746 0.00673322 0
3.401 53 0.301546 0.0109619 0.00200291 0
3.401 54 0.169696 0.0156558 0.00359064 0
3.401 55 0.336984 0.0187457 0.00500982 0
3.401 56 0.0166161 0.000508275 0.0119019 0
3.401 57 0.137092 0.0118085 0.00602297 0
3.401 58 0.110631 0.00559517 0.00259374 0
3.401 59 0.318085 0.0138673 0.00372792 0
3.401 60 0.257448 0.0010976 0.00756895 0
3.401 61 0.0994819 0.0171768 0.000928539 0
3.401 62 0.195901 0.00320487 0.00104559 0
3.401 63 0.0501339 0.00488576 0.0128142 0
3.401 64 0.0613307 0.00571128 0.000371927 0
3.401 65 0.258342 0.0179437 0.00575064 0
3.401 66 0.05258 0.010999 0.00857677 0
3.401 67 0.220577 0.0113172 0.00772182 0
3.401 68 0.253399 0.0174282 0.0141366 0
3.401 69 0.313607 0.0188005 0.00281928 0
3.401 70 0.0143527 0.0117214 0.00500534 0
3.401 71 0.146274 0.00288677 0.00869815 0
3.401 72 0.206316 0.0114733 0.0028965 0
3.401 73 0.109916 0.00401394 0.0001831 0
3.401 74 0.104489 0.0194271 0.00931495 0
3.401 75 0.143452 0.00210828 0.00738695 0
3.501 51 0.0500585 0.0194651 0.000424813 0
3.501 52 0.110212 0.00649562 0.00767167 0
3.501 53 0.282564 0.0110113 0.00101847 0
3.501 54 0.150504 0.0162792 0.00300899 0
3.501 55 0.317981 0.0189512 0.00378776 0
3.501 56 0.00253263 0.000520345 0.0130227 0
3.501 57 0.118072 0.0117917 0.00646014 0
3.501 58 0.091592 0.00558105 0.00300485 0
3.501 59 0.299051 0.0136772 0.00472435 0
3.501 60 0.238364 0.00116955 0.00872366 0
3.501 61 0.118536 0.016481 0.000236114 0
3.501 62 0.176806 0.00291468 0.000101173 0
3.501 63 0.0692045 0.00501866 0.0137504 0
3.501 64 0.0803422 0.00628162 0.00156327 0
3.501 65 0.239322 0.0177693 0.00447714 0
3.501 66 0.0716598 0.0108686 0.00923886 0
3.501 67 0.201489 0.0110692 0.00680692 0
3.501 68 0.234307 0.0173443 0.0147263 0
3.501 69 0.294546 0.0185769 0.00235124 0
3.501 70 0.00481622 0.0117488 0.00656875 0
3.501 71 0.165376 0.00278994 0.00933927 0
3.501 72 0.187286 0.0106587 0.00179585 0
3.501 73 0.0908187 0.00407167 0.00119862 0
3.501 74 0.0854335 0.0194461 0.010289 0
3.501 75 0.162564 0.00227813 0.00855872 0
3.601 51 0.0310866 0.019084 0.000447625 0
3.601 52 0.129232 0.00679526 0.00863967 0
3.601 53 0.263494 0.0112011 0.00120774 0
3.601 54 0.131432 0.0168279 0.00167383 0
3.601 55 0.299002 0.0193566 0.0036188 0
3.601 56 0.0215287 0.00022425 0.0136082 0
3.601 57 0.0990773 0.0109643 0.00814436 0
3.601 58 0.0726337 0.00581351 0.00402137 0
3.601 59 0.279978 0.0134612 0.00514909 0
3.601 60 0.219337 0.00178193 0.00950953 0
3.601 61 0.137696 0.0157514 0.000583045 0
3.601 62 0.157781 0.00218989 0.000846219 0
3.601 63 0.0882096 0.00554895 0.0147055 0
3.601 64 0.0992848 0.00658763 0.00237171 0
3.601 65 0.220239 0.0174336 0.00383653 0
3.601 66 0.0907295 0.010458 0.00900498 0
3.601 67 0.182454 0.0111977 0.00629066 0
3.601 68 0.215353 0.0175068 0.0157435 0
3.601 69 0.275519 0.0186007 0.0015771 0
3.601 70 0.0239072 0.0118017 0.00793282 0
3.601 71 0.184369 0.00298015 0.0103657 0
3.601 72 0.168174 0.0108409 0.000994128 0
3.601 73 0.0717758 0.00393398 0.00199331 0
3.601 74 0.0665234 0.0184116 0.0103835 0
3.601 75 0.181549 0.00228761 0.00987303 0
3.701 51 0.0121144 0.0186082 0.0012758 0
3.701 52 0.148236 0.00664632 0.00959108 0
3.701 53 0.244445 0.0113376 0.00080101 2.27295e-08
3.701 54 0.112462 0.0173589 0.000386213 2.27295e-08
3.701 55 0.279978 0.0193127 0.00345705 2.27295e-08
3.701 56 0.0406949 0.00021853 0.0146332 2.27295e-08
3.701 57 0.0801765 0.0105657 0.00941555 2.27295e-08
3.701 58 0.0535765 0.00573084 0.0046675 2.27295e-08
3.701 59 0.26103 0.0137988 0.00633208 2.27295e-08
3.701 60 0.200269 0.00190852 0.0105695 2.27295e-08
3.701 61 0.156716 0.0155561 0.00167841 2.27295e-08
3.701 62 0.1388 0.00210006 0.00198937 2.27295e-08
3.701 63 0.1072 0.00590078 0.0154712 2.27295e-08
3.701 64 0.118299 0.00717189 0.00343417 2.27295e-08
3.701 65 0.201164 0.0168252 0.00287907 2.27295e-08
3.701 66 0.109726 0.0116783 0.0100932 2.27295e-08
3.701 67 0.163503 0.0104221 0.00505472 2.27295e-08
3.701 68 0.196392 0.0174853 0.0167792 2.27295e-08
3.701 69 0.25642 0.018745 0.000597055 2.27295e-08
3.701 70 0.0429769 0.0127798 0.00949056 2.27295e-08
3.701 71 0.203465 0.00330037 0.0105984 2.27295e-08
3.701 72 0.149153 0.0113243 0.0011112 2.27295e-08
3.701 73 0.0527274 0.00326964 0.00248392 2.27295e-08
3.701 74 0.0473817 0.0184988 0.0111193 2.27295e-08
3.701 75 0.200613 0.00256661 0.0112442 2.27295e-08
3.801 51 0.00720274 0.0185138 0.00270081 0
3.801 52 0.167186 0.00659349 0.0111431 0
3.801 53 0.22541 0.0111847 8.42986e-05 0
3.801 54 0.0934112 0.0169433 0.00102044 0
3.801 55 0.261028 0.0190214 0.0022589 0
3.801 56 0.0596079 0.00167892 0.0167011 0
3.801 57 0.0610736 0.0100076 0.0103382 0
3.801 58 0.0345 0.00589712 0.00606861 0
3.801 59 0.242058 0.0143527 0.00789825 0
3.801 60 0.181266 0.00238969 0.0115678 0
3.801 61 0.175775 0.015355 0.00216422 0
3.801 62 0.119942 0.00220785 0.00358716 0
3.801 63 0.126277 0.00622829 0.0163467 0
3.801 64 0.137283 0.00750642 0.00423664 0
3.801 65 0.182019 0.0170202 0.00201208 0
3.801 66 0.128725 0.0116607 0.0105704 0
3.801 67 0.144402 0.00951028 0.00443344 0
3.801 68 0.177363 0.0178861 0.0169493 0
3.801 69 0.23742 0.0183254 0.000609941 0
3.801 70 0.0620408 0.0129023 0.0107533 0
3.801 71 0.222512 0.00333897 0.011797 0
3.801 72 0.130036 0.0111654 0.00225686 0
3.801 73 0.0336372 0.00367863 0.00298737 0
3.801 74 0.0285066 0.018635 0.0119487 0
3.801 75 0.219694 0.00281949 0.0116725 0
3.901 51 0.0261297 0.0182885 0.00444676 0
3.901 52 0.186357 0.00634568 0.0116647 0
3.901 53 0.206326 0.0114481 0.00070747 0
3.901 54 0.0742402 0.0170015 0.00143811 0
3.901 55 0.242018 0.0188461 0.00112796 0
3.901 56 0.0784767 0.001681 0.0174617 0
3.901 57 0.0419165 0.0100856 0.0103557 0
3.901 58 0.0153919 0.00597234 0.00741903 0
3.901 59 0.22297 0.0149901 0.00863672 0
3.901 60 0.16218 0.00223284 0.0126746 0
3.901 61 0.194891 0.0156287 0.00266886 0
3.901 62 0.100855 0.0016025 0.00474975 0
3.901 63 0.145315 0.00602195 0.0174371 0
3.901 64 0.156369 0.00753662 0.0048151 0
3.901 65 0.16307 0.0169909 0.000326795 0
3.901 66 0.147625 0.0116174 0.0122323 0
3.901 67 0.125409 0.00913608 0.00324296 0
3.901 68 0.158275 0.0184458 0.0176083 0
3.901 69 0.218313 0.0186755 0.00179925 0
3.901 70 0.0810208 0.0126183 0.0120891 0
3.901 71 0.241461 0.00363507 0.0123344 0
3.901 72 0.110938 0.0110868 0.00305517 0
3.901 73 0.014665 0.00307246 0.00385535 0
3.901 74 0.00945661 0.018736 0.0135694 0
3.901 75 0.23873 0.0027799 0.0126821 0
4.001 51 0.0450338 0.0190418 0.00525299 0
4.001 52 0.205371 0.00677306 0.0127841 0
4.001 53 0.187268 0.0115517 0.00184021 0
4.001 54 0.0551786 0.0173845 0.00270608 0
4.001 55 0.222911 0.0188093 0.000315891 0
4.001 56 0.0975287 0.00252039 0.0177846 0
4.001 57 0.0228862 0.0105716 0.0115101 0
4.001 58 0.00395147 0.00571606 0.00801464 0
4.001 59 0.203832 0.0149121 0.0088348 0
4.001 60 0.143207 0.0022931 0.0136566 0
4.001 61 0.213893 0.0162822 0.00401802 0
4.001 62 0.081975 0.00144144 0.0053937 0
4.001 63 0.164384 0.005961 0.0182417 0
4.001 64 0.175561 0.00762834 0.0055432 0
4.001 65 0.144146 0.0176918 0.00134287 0
4.001 66 0.166618 0.0115151 0.0136 0
4.001 67 0.106364 0.00979045 0.00177606 0
4.001 68 0.139347 0.0185714 0.0186877 0
4.001 69 0.199183 0.0186738 0.00199224 0
4.001 70 0.099992 0.012607 0.0134503 0
4.001 71 0.26053 0.00329698 0.0132955 0
4.001 72 0.0917922 0.011329 0.00416388 0
4.001 73 0.00450949 0.00284211 0.0043318 0
4.001 74 0.0098566 0.0187272 0.0144888 0
4.001 75 0.257765 0.00211967 0.0134498 0
4.101 51 0.0641122 0.019089 0.00695952 0
4.101 52 0.224341 0.0059091 0.013498 0
4.101 53 0.168204 0.0112051 0.00268542 0
4.101 54 0.0360319 0.0174062 0.00355831 0
4.101 55 0.203985 0.0189962 0.000988808 0
4.101 56 0.116615 0.00223334 0.0183154 0
4.101 57 0.00383372 0.0106629 0.0129023 0
4.101 58 0.0229673 0.00558879 0.00893143 0
4.101 59 0.184802 0.0147482 0.0101718 0
4.101 60 0.124121 0.00232568 0.0153139 0
4.101 61 0.232899 0.0165618 0.00516015 0
4.101 62 0.0629975 0.00145575 0.00622149 0
4.101 63 0.183217 0.00577441 0.019568 0
4.101 64 0.194635 0.00725504 0.00633561 0
4.101 65 0.125113 0.0181009 0.00199402 0
4.101 66 0.185599 0.0117617 0.0144794 0
4.101 67 0.0873119 0.00957921 0.00114887 0
4.101 68 0.120302 0.0188874 0.0198671 0
4.101 69 0.179983 0.0191072 0.00289096 0
4.101 70 0.119124 0.0126288 0.0142472 0
4.101 71 0.279433 0.00383873 0.0156439 0
4.101 72 0.0727112 0.0105906 0.00445591 0
4.101 73 0.0235662 0.00256137 0.00560832 0
4.101 74 0.0287935 0.0182458 0.0163603 0
4.101 75 0.276777 0.00287663 0.0143355 0
4.201 51 0.0832144 0.0186658 0.00792836 0
4.201 52 0.243203 0.00670203 0.0151903 0
4.201 53 0.149127 0.0112652 0.00416392 0
4.201 54 0.0168818 0.0175528 0.00488322 0
4.201 55 0.185 0.0196341 0.00242748 0
4.201 56 0.135637 0.00256501 0.0193964 0
4.201 57 0.0152155 0.0104195 0.0136689 0
4.201 58 0.0419777 0.00619363 0.010411 0
4.201 59 0.165787 0.0143628 0.011081 0
4.201 60 0.1051 0.00234869 0.0161521 0
4.201 61 0.252 0.0173636 0.00592577 8.10711e-09
4.201 62 0.0440249 0.0019398 0.0081073 8.10711e-09
4.201 63 0.202123 0.00631849 0.0189804 8.10711e-09
4.201 64 0.213625 0.00672595 0.00757027 8.10711e-09
4.201 65 0.106147 0.0181772 0.00297895 8.10711e-09
4.201 66 0.204656 0.0113339 0.0158828 8.10711e-09
4.201 67 0.0681823 0.00899544 0.000112683 8.10711e-09
4.201 68 0.101276 0.0188006 0.0192763 8.10711e-09
4.201 69 0.161042 0.0199628 0.00326219 8.10711e-09
4.201 70 0.138139 0.0122919 0.0152408 8.10711e-09
4.201 71 0.298474 0.00317753 0.0169498 8.10711e-09
4.201 72 0.0536604 0.00988318 0.00490259 8.10711e-09
4.201 73 0.0424848 0.00250061 0.00635431 8.10711e-09
4.201 74 0.0477724 0.0182585 0.0170622 8.10711e-09
4.201 75 0.295769 0.00304289 0.0151817 8.10711e-09
4.301 51 0.102168 0.019161 0.00909251 0
4.301 52 0.26221 0.00684534 0.0162145 0
4.301 53 0.130119 0.0109055 0.00574519 0
4.301 54 0.00242352 0.0173174 0.00602342 0
4.301 55 0.165856 0.01967 0.00302163 0
4.301 56 0.154727 0.00219202 0.0197583 0
4.301 57 0.0342421 0.010983 0.0147693 0
4.301 58 0.0610283 0.00619817 0.0116556 0
4.301 59 0.146825 0.0142761 0.0128703 0
4.301 60 0.0859854 0.00231062 0.016821 0
4.301 61 0.271194 0.0171444 0.00566794 0
4.301 62 0.0250817 0.00161876 0.0101057 0
4.301 63 0.22113 0.00637679 0.0187208 0
4.301 64 0.232677 0.00714007 0.00942261 0
4.301 65 0.0870072 0.0175397 0.00377257 0
4.301 66 0.223625 0.0119137 0.0169873 0
4.301 67 0.0491368 0.00850902 0.00090329 0
4.301 68 0.0821728 0.0191237 0.0183208 0
4.301 69 0.142078 0.0197775 0.00380334 0
4.301 70 0.157094 0.0126555 0.0165544 0
4.301 71 0.317643 0.00380759 0.0180701 0
4.301 72 0.0345931 0.0105512 0.00673857 0
4.301 73 0.061462 0.00292606 0.00745341 0
4.301 74 0.0667998 0.0194668 0.0181606 0
4.301 75 0.314729 0.00318701 0.0167155 0
4.401 51 0.121272 0.0189408 0.00968706 0
4.401 52 0.281377 0.00690857 0.0169732 0
4.401 53 0.111064 0.0113049 0.00712521 0
4.401 54 0.0215591 0.017345 0.00712921 0
4.401 55 0.146878 0.0195388 0.00446869 0
4.401 56 0.173594 0.00236134 0.0179705 0
4.401 57 0.0533673 0.0110447 0.0146599 0
4.401 58 0.0800597 0.00643088 0.0121996 0
4.401 59 0.12785 0.0141815 0.0137515 0
4.401 60 0.066988 0.00225302 0.0172582 0
4.401 61 0.290373 0.0172454 0.00620184 0
4.401 62 0.00583926 0.0014458 0.0103815 0
4.401 63 0.240231 0.00608265 0.0182434 0
4.401 64 0.251599 0.00673918 0.0107205 0
4.401 65 0.0679919 0.0172301 0.0051063 0
4.401 66 0.242709 0.0108632 0.0178109 0
4.401 67 0.0300572 0.00830388 0.00163146 0
4.401 68 0.0631846 0.0195896 0.0172054 0
4.401 69 0.123128 0.0199705 0.00513615 0
4.401 70 0.176198 0.0121795 0.0172084 0
4.401 71 0.336634 0.00454855 0.0188964 0
4.401 72 0.0154928 0.0102196 0.00728427 0
4.401 73 0.0804352 0.00310729 0.00937542 0
4.401 74 0.0858882 0.0198278 0.0191003 0
4.401 75 0.33376 0.00221056 0.017277 0
4.501 51 0.140282 0.0187879 0.010724 0
4.501 52 0.300384 0.00662049 0.0185377 0
4.501 53 0.0918792 0.0113675 0.00793626 0
4.501 54 0.0405767 0.0167228 0.00854605 0
4.501 55 0.127821 0.0198278 0.00525447 0
4.501 56 0.192604 0.00317176 0.0176779 0
4.501 57 0.0724398 0.0112 0.0154587 0
4.501 58 0.0991213 0.00668711 0.013216 0
4.501 59 0.108842 0.0141029 0.0152899 0
4.501 60 0.0480029 0.001588 0.0182086 0
4.501 61 0.309361 0.0169996 0.00709862 0
4.501 62 0.0134801 0.000906419 0.0122477 0
4.501 63 0.2593 0.00737065 0.0179949 0
4.501 64 0.270586 0.00650033 0.0118293 0
4.501 65 0.0489419 0.0174533 0.00580054 0
4.501 66 0.261695 0.0114295 0.018806 0
4.501 67 0.0109925 0.00813796 0.00179609 0
4.501 68 0.0441974 0.0194756 0.0161811 0
4.501 69 0.104161 0.0191872 0.00626878 0
4.501 70 0.195314 0.0122961 0.0182412 0
4.501 71 0.355704 0.00479856 0.0194131 0
4.501 72 0.00396917 0.0106451 0.00816132 0
4.501 73 0.099496 0.00370066 0.0103294 0
4.501 74 0.104987 0.0198618 0.0196923 0
4.501 75 0.352932 0.00200292 0.0180363 0
4.601 51 0.159269 0.0197244 0.0122683 0
4.601 52 0.319387 0.00658805 0.0189356 0
4.601 53 0.0727928 0.0113545 0.00872945 0
4.601 54 0.0595828 0.0171475 0.00940838 0
4.601 55 0.108786 0.0195687 0.00608411 0
4.601 56 0.211715 0.00342175 0.0160385 0
4.601 57 0.0914651 0.0115293 0.0166996 0
4.601 58 0.118157 0.00709216 0.0140469 0
4.601 59 0.0897051 0.0137075 0.0158531 0
4.601 60 0.0289711 0.00131386 0.0194973 0
4.601 61 0.328395 0.0165843 0.00843756 0
4.601 62 0.0324102 0.000837719 0.0138127 0
4.601 63 0.278379 0.00707006 0.0165316 0
4.601 64 0.28965 0.00619512 0.0131486 0
4.601 65 0.029846 0.0176018 0.00676584 0
4.601 66 0.280747 0.0113499 0.0194987 0
4.601 67 0.0082854 0.00797015 0.00263119 0
4.601 68 0.0252276 0.0194202 0.0146202 0
4.601 69 0.0850857 0.0181861 0.00770683 0
4.601 70 0.214333 0.0124103 0.0187097 0
4.601 71 0.37481 0.00472324 0.019876 0
4.601 72 0.0230732 0.00978871 0.00915598 0
4.601 73 0.118478 0.00387552 0.0107251 0
4.601 74 0.124054 0.0198814 0.0188113 0
4.601 75 0.3719 0.00205244 0.0191873 0
4.701 51 0.178322 0.0197488 0.0127976 0
4.701 52 0.338408 0.00667642 0.0198946 0
4.701 53 0.0538128 0.0119551 0.00958688 0
4.701 54 0.078707 0.0171322 0.0105906 0
4.701 55 0.0896782 0.019536 0.00660371 0
4.701 56 0.230767 0.00300083 0.0142988 0
4.701 57 0.110359 0.0118328 0.0174716 0
4.701 58 0.137133 0.00707094 0.0150498 0
4.701 59 0.0706313 0.0134513 0.0168906 0
4.701 60 0.00985073 0.00123234 0.0192145 0
4.701 61 0.34746 0.0167559 0.0100515 0
4.701 62 0.0514075 0.00077841 0.0143435 0
4.701 63 0.297477 0.00712818 0.0164411 0
4.701 64 0.308638 0.00606929 0.0143036 0
4.701 65 0.0108403 0.0175005 0.00713985 0
4.701 66 0.299789 0.0115835 0.0191103 0
4.701 67 0.0272333 0.00744035 0.00331446 0
4.701 68 0.00616189 0.0198269 0.0137423 0
4.701 69 0.0658994 0.0179225 0.00810185 0
4.701 70 0.233297 0.0117748 0.0194538 0
4.701 71 0.393898 0.00464307 0.0186135 0
4.701 72 0.0421442 0.00934722 0.0100272 0
4.701 73 0.137604 0.00375637 0.0110784 0
4.701 74 0.143131 0.0194021 0.0180752 0
4.701 75 0.390917 0.00318664 0.0195972 0
4.801 51 0.197389 0.0197261 0.0140443 0
4.801 52 0.357459 0.00652525 0.0185383 0
4.801 53 0.0348144 0.012578 0.00945876 0
4.801 54 0.0977884 0.0176379 0.0116417 0
4.801 55 0.0706017 0.0197847 0.00808197 0
4.801 56 0.249751 0.00280391 0.0133532 0
4.801 57 0.12936 0.0121086 0.0189846 0
4.801 58 0.156017 0.00723949 0.0160648 0
4.801 59 0.0515432 0.0134861 0.0172044 0
4.801 60 0.00938925 0.00077807 0.0177822 0
4.801 61 0.366576 0.0167804 0.0108537 0
4.801 62 0.0704606 0.00110058 0.0157242 0
4.801 63 0.316481 0.00634368 0.0152463 0
4.801 64 0.327714 0.00573237 0.0152983 0
4.801 65 0.00820093 0.0176481 0.00807159 0
4.801 66 0.318865 0.0118048 0.0176776 0
4.801 67 0.0463813 0.00725715 0.00438679 0
4.801 68 0.0130936 0.0194219 0.0123502 0
4.801 69 0.0468033 0.0177265 0.00784175 0
4.801 70 0.252382 0.0123149 0.0197028 0
4.801 71 0.41289 0.00494955 0.0175929 0
4.801 72 0.0611939 0.00922414 0.0112989 0
4.801 73 0.156549 0.00379415 0.0130172 0
4.801 74 0.162164 0.0192627 0.0169482 0
4.801 75 0.410057 0.00297249 0.0197776 0
4.901 51 0.216448 0.0195306 0.015225 0
4.901 52 0.376422 0.00655374 0.0175986 0
4.901 53 0.015791 0.0125078 0.0107143 0
4.901 54 0.116835 0.0182004 0.012712 0
4.901 55 0.0516018 0.0191971 0.00926343 0
4.901 56 0.268939 0.00345537 0.0125007 0
4.901 57 0.14847 0.0124847 0.0197575 0
4.901 58 0.175031 0.00726966 0.0168969 0
4.901 59 0.0324515 0.0131092 0.018783 0
4.901 60 0.0283786 0.00129683 0.0167663 0
4.901 61 0.385692 0.0169896 0.0122551 0
4.901 62 0.0895177 0.00111615 0.0163409 0
4.901 63 0.335496 0.00586534 0.0142652 0
4.901 64 0.346778 0.00573578 0.0161525 0
4.901 65 0.0273862 0.0168913 0.0083902 0
4.901 66 0.337906 0.0121584 0.0158029 0
4.901 67 0.0654165 0.00762476 0.00529519 0
4.901 68 0.0320825 0.0197104 0.0113104 0
4.901 69 0.0277565 0.0177476 0.00862354 0
4.901 70 0.271411 0.012465 0.0189215 0
4.901 71 0.431873 0.00486297 0.0158867 0
4.901 72 0.0803084 0.00930263 0.0118748 0
4.901 73 0.175607 0.0034368 0.0144891 0
4.901 74 0.181271 0.0197435 0.016212 0
4.901 75 0.429196 0.00260465 0.0189095 0
