0.001 51 0.416668 0.00831165 0.0123028 0
0.001 52 0.0321273 0.00393384 0.0114781 0
0.001 53 0.145556 0.00446725 0.000753457 0
0.001 54 0.0471029 0.00366941 0.0168549 0
0.001 55 0.0466956 0.0103492 0.00192241 0
0.001 56 0.499643 0.0125479 0.0128443 0
0.001 57 0.342422 0.00898188 0.00348585 0
0.001 58 0.409991 0.0141696 0.0188055 0
0.001 59 0.367268 0.00270807 0.0175823 0
0.001 60 0.345056 0.0176299 0.0186422 0
0.001 61 0.368409 0.00453973 0.00789482 0
0.001 62 0.287548 0.0178747 0.00967377 0
0.001 63 0.219063 0.0140933 0.00466733 0
0.001 64 0.485629 0.00953538 0.0152786 0
0.001 65 0.0852405 0.0180379 0.0197279 0
0.001 66 0.120336 0.0157091 0.017554 0
0.001 67 0.146939 0.00687849 0.00537684 0
0.001 68 0.121181 0.0044112 0.0193592 0
0.001 69 0.0133123 0.0120622 0.0114335 0
0.001 70 0.386492 0.00381533 0.0056878 0
0.101 51 0.435718 0.00803451 0.0126604 0
0.101 52 0.0511264 0.00386918 0.012752 0
0.101 53 0.164545 0.0043203 0.00166895 0
0.101 54 0.0660895 0.00345184 0.0178742 0
0.101 55 0.0657834 0.0111319 0.00272056 0
0.101 56 0.481041 0.0119049 0.014462 0
0.101 57 0.361306 0.00951924 0.00417867 0
0.101 58 0.429061 0.0150146 0.019754 0
0.101 59 0.386327 0.00251103 0.0185863 0
0.101 60 0.364027 0.0176161 0.0197787 0
0.101 61 0.387456 0.00450742 0.00880307 0
0.101 62 0.306556 0.0181594 0.0105308 0
0.101 63 0.238132 0.0139141 0.00549911 0
0.101 64 0.495101 0.00988521 0.0162085 0
0.101 65 0.10421 0.0184483 0.0198594 0
0.101 66 0.139401 0.0160662 0.0181324 0
0.101 67 0.165913 0.00686167 0.00673337 0
0.101 68 0.140106 0.00394981 0.0198445 0
0.101 69 0.0323793 0.0117679 0.0117604 0
0.101 70 0.40546 0.00382771 0.00661294 0
0.201 51 0.454849 0.00870598 0.0128753 0
0.201 52 0.0701142 0.00338492 0.0140796 0
0.201 53 0.183609 0.00475984 0.0025412 0
0.201 54 0.0851125 0.00324068 0.0187982 0
0.201 55 0.0846953 0.0110849 0.00387082 0
0.201 56 0.461967 0.012154 0.0160762 0
0.201 57 0.380436 0.00922788 0.00509451 0
0.201 58 0.448172 0.0147162 0.019524 0
0.201 59 0.405398 0.0026591 0.0188689 0
0.201 60 0.3832 0.0172916 0.0188037 0
0.201 61 0.406497 0.00392611 0.00992298 0
0.201 62 0.325565 0.0179217 0.0119242 0
0.201 63 0.257018 0.013719 0.0069736 0
0.201 64 0.476068 0.0094804 0.0166955 0
0.201 65 0.123193 0.0175767 0.0186469 0
0.201 66 0.158528 0.0154536 0.0188612 0
0.201 67 0.184999 0.00706885 0.00825133 0
0.201 68 0.159152 0.00393289 0.0197244 0
0.201 69 0.0514026 0.0112784 0.0121299 0
0.201 70 0.424504 0.00377712 0.00740431 0
0.301 51 0.473865 0.00847353 0.014023 0
0.301 52 0.0891546 0.0035103 0.014956 0
0.301 53 0.202655 0.00511154 0.00334026 0
0.301 54 0.103976 0.00285636 0.0192962 0
0.301 55 0.103673 0.0107944 0.00475339 0
0.301 56 0.442929 0.0124486 0.017223 0
0.301 57 0.399518 0.00914012 0.00532712 0
0.301 58 0.467257 0.0146555 0.0181578 0
0.301 59 0.424475 0.00238439 0.0194619 0
0.301 60 0.402306 0.0167175 0.0178432 0
0.301 61 0.425457 0.00371411 0.0115963 0
0.301 62 0.344671 0.0182781 0.0128996 0
0.301 63 0.276121 0.0137422 0.00734762 0
0.301 64 0.457012 0.00968916 0.0174072 0
0.301 65 0.142164 0.0172254 0.0176902 0
0.301 66 0.177465 0.0156182 0.0193075 0
0.301 67 0.20408 0.00697837 0.00922194 0
0.301 68 0.178136 0.00387958 0.0187992 0
0.301 69 0.0704603 0.011189 0.0131856 0
0.301 70 0.44352 0.00412226 0.00839128 0
0.401 51 0.492903 0.00881837 0.0145189 0
0.401 52 0.108164 0.00312863 0.0153576 0
0.401 53 0.22163 0.00553209 0.00348504 0
0.401 54 0.12309 0.00280904 0.0188991 0
0.401 55 0.122736 0.0105519 0.00580284 0
0.401 56 0.423804 0.012452 0.0183458 0
0.401 57 0.418677 0.00868236 0.00561647 0
0.401 58 0.486185 0.0149712 0.0169393 0
0.401 59 0.443508 0.00206271 0.0195454 0
0.401 60 0.421352 0.0168013 0.0173527 0
0.401 61 0.444446 0.00374198 0.0125662 0
0.401 62 0.363754 0.0185173 0.014294 0
0.401 63 0.295169 0.0147787 0.00859152 0
0.401 64 0.43803 0.00938996 0.0182425 0
0.401 65 0.161186 0.0170001 0.016797 0
0.401 66 0.196533 0.0153646 0.0199903 0
0.401 67 0.223038 0.00717528 0.0112023 0
0.401 68 0.197103 0.00329182 0.0175426 0
0.401 69 0.0894622 0.0108332 0.0149583 0
0.401 70 0.462564 0.00413581 0.00990178 0
0.501 51 0.487521 0.00891574 0.0158416 0
0.501 52 0.127186 0.00284332 0.0165459 0
0.501 53 0.240626 0.00598037 0.00411837 0
0.501 54 0.142215 0.00243983 0.0177824 0
0.501 55 0.141764 0.0106322 0.00698012 0
0.501 56 0.404765 0.0125908 0.0193131 0
0.501 57 0.437747 0.00816563 0.00679049 0
0.501 58 0.494612 0.0149875 0.0154463 0
0.501 59 0.462446 0.00224354 0.0193502 0
0.501 60 0.440359 0.0168206 0.0166616 0
0.501 61 0.463514 0.00446324 0.0138895 0
0.501 62 0.382912 0.0185341 0.0151946 0
0.501 63 0.314112 0.0153149 0.0100817 0
0.501 64 0.419061 0.00958915 0.019002 0
0.501 65 0.180303 0.0162319 0.0155536 0
0.501 66 0.215588 0.0149308 0.0188748 0
0.501 67 0.242162 0.00693452 0.0118041 0
0.501 68 0.216061 0.00355007 0.0164599 0
0.501 69 0.108527 0.0110856 0.0159593 0
0.501 70 0.481643 0.00415502 0.0108682 0
0.601 51 0.468429 0.00856172 0.0165211 0
0.601 52 0.1463 0.00337236 0.0171029 0
0.601 53 0.259748 0.00553814 0.00489568 0
0.601 54 0.161287 0.00240211 0.0171916 0
0.601 55 0.160766 0.0112995 0.007444 0
0.601 56 0.385734 0.0131386 0.0197499 0
0.601 57 0.456633 0.00810329 0.00885289 0
0.601 58 0.475517 0.0142132 0.0153164 0
0.601 59 0.481401 0.00202903 0.0180915 0
0.601 60 0.459416 0.0160229 0.0160527 0
0.601 61 0.482658 0.00366408 0.0155476 0
0.601 62 0.401877 0.018052 0.0166668 0
0.601 63 0.333033 0.0156542 0.0110479 0
0.601 64 0.400031 0.0103761 0.0199677 0
0.601 65 0.199277 0.0171095 0.0149605 0
0.601 66 0.234627 0.015412 0.0174944 0
0.601 67 0.261155 0.00668735 0.0126588 0
0.601 68 0.235034 0.00332637 0.0149259 0
0.601 69 0.127615 0.0108771 0.0166646 0
0.601 70 0.499132 0.00390979 0.0122054 0
0.701 51 0.44928 0.00870834 0.0174067 0
0.701 52 0.165351 0.00304189 0.0181273 0
0.701 53 0.278837 0.00575768 0.00567693 0
0.701 54 0.180444 0.00188291 0.016447 0
0.701 55 0.179842 0.0122109 0.00837179 0
0.701 56 0.366565 0.0136767 0.01842 0
0.701 57 0.475696 0.00723382 0.0104026 0
0.701 58 0.456543 0.0151241 0.013652 0
0.701 59 0.499237 0.00203581 0.0167084 0
0.701 60 0.478439 0.0161287 0.0148281 0
0.701 61 0.498207 0.00381498 0.0166779 0
0.701 62 0.421002 0.0178641 0.017291 0
0.701 63 0.352062 0.0156336 0.0119425 0
0.701 64 0.38103 0.0105949 0.0190816 0
0.701 65 0.218342 0.0175711 0.0141734 0
0.701 66 0.253678 0.015675 0.0161534 0
0.701 67 0.28017 0.00739349 0.0140688 0
0.701 68 0.25413 0.0034422 0.0141972 0
0.701 69 0.146598 0.0102693 0.0179006 0
0.701 70 0.480164 0.00429675 0.0131676 0
0.801 51 0.430239 0.00928487 0.0184257 0
0.801 52 0.184408 0.003135 0.0196506 0
0.801 53 0.297867 0.00628893 0.00658067 0
0.801 54 0.199408 0.00167933 0.015289 0
0.801 55 0.198849 0.0128867 0.00945226 0
0.801 56 0.347588 0.0131351 0.0183352 0
0.801 57 0.494837 0.00737476 0.0116296 0
0.801 58 0.43747 0.0149786 0.0128573 0
0.801 59 0.480252 0.00226472 0.0159684 0
0.801 60 0.497443 0.0164911 0.0142194 0
0.801 61 0.479193 0.0034801 0.0179972 0
0.801 62 0.439896 0.0178398 0.0180673 0
0.801 63 0.371056 0.016601 0.0129107 0
0.801 64 0.361935 0.0103406 0.0184858 0
0.801 65 0.237383 0.0181405 0.0132056 0
0.801 66 0.27278 0.015635 0.0150321 0
0.801 67 0.299177 0.00759324 0.0153591 0
0.801 68 0.273168 0.00316889 0.0137472 0
0.801 69 0.165596 0.0111155 0.0183006 0
0.801 70 0.461069 0.00346229 0.0144256 0
0.901 51 0.411246 0.00964727 0.0191904 0
0.901 52 0.203453 0.00341533 0.0196145 0
0.901 53 0.31689 0.00643236 0.00706383 0
0.901 54 0.218406 0.00149486 0.0140762 0
0.901 55 0.217794 0.0120787 0.010937 0
0.901 56 0.32858 0.0133553 0.0173938 0
0.901 57 0.48608 0.0077712 0.0132193 0
0.901 58 0.418542 0.0142276 0.0121379 0
0.901 59 0.461277 0.00272956 0.0149685 0
0.901 60 0.483262 0.0161238 0.0142005 0
0.901 61 0.460172 0.0037901 0.0189393 0
0.901 62 0.458904 0.0191513 0.0192273 0
0.901 63 0.390068 0.0169499 0.0140022 0
0.901 64 0.342838 0.0102116 0.017935 0
0.901 65 0.256388 0.0177536 0.0130854 0
0.901 66 0.291843 0.0150006 0.0152708 0
0.901 67 0.318357 0.00785075 0.0166723 0
0.901 68 0.292094 0.00391839 0.0115336 0
0.901 69 0.184551 0.0102474 0.0196131 0
0.901 70 0.441981 0.00391729 0.0156536 0
1.001 51 0.392215 0.0101579 0.019174 0
1.001 52 0.222466 0.00401939 0.0184173 0
1.001 53 0.336019 0.00622837 0.00739818 0
1.001 54 0.237356 0.00139116 0.0127834 0
1.001 55 0.236731 0.0121704 0.0124704 0
1.001 56 0.309553 0.0138002 0.0161031 0
1.001 57 0.467045 0.00817859 0.0138638 0
1.001 58 0.399546 0.014548 0.0109032 0
1.001 59 0.442239 0.00256419 0.0132901 0
1.001 60 0.464228 0.0160081 0.0131291 0
1.001 61 0.441059 0.0037058 0.0193006 0
1.001 62 0.477892 0.0188229 0.0186442 0
1.001 63 0.408975 0.0170839 0.0148488 0
1.001 64 0.323765 0.00910989 0.016601 0
1.001 65 0.275454 0.0179071 0.0118099 0
1.001 66 0.310917 0.0155532 0.0141246 0
1.001 67 0.337364 0.00812077 0.0174604 0
1.001 68 0.311124 0.0035073 0.0106921 0
1.001 69 0.203629 0.0104329 0.0195423 0
1.001 70 0.422963 0.00362437 0.0166016 0
1.101 51 0.373184 0.010552 0.0181059 0
1.101 52 0.241507 0.00430063 0.0171246 0
1.101 53 0.355137 0.0058757 0.00834709 0
1.101 54 0.256354 0.00175908 0.0121748 0
1.101 55 0.255872 0.0118565 0.0137417 0
1.101 56 0.290491 0.0132499 0.0149263 0
1.101 57 0.44788 0.00850981 0.014719 0
1.101 58 0.380479 0.0147987 0.0104439 0
1.101 59 0.423204 0.00212351 0.0123285 0
1.101 60 0.445113 0.0161181 0.0124048 0
1.101 61 0.422055 0.0035623 0.0194118 0
1.101 62 0.496817 0.0188845 0.0171693 0
1.101 63 0.428075 0.0170925 0.0154367 0
1.101 64 0.304848 0.00924077 0.0152502 0
1.101 65 0.29458 0.017615 0.0110148 0
1.101 66 0.330015 0.0149875 0.0129595 0
1.101 67 0.35646 0.00799065 0.0190459 0
1.101 68 0.330135 0.00307245 0.0100096 0
1.101 69 0.22275 0.0100085 0.0187004 0
1.101 70 0.403837 0.00377739 0.0177953 0
1.201 51 0.354158 0.0109579 0.0166055 0
1.201 52 0.2605 0.00402083 0.0154284 0
1.201 53 0.374244 0.00620181 0.00914851 0
1.201 54 0.275362 0.00163696 0.0114562 0
1.201 55 0.274939 0.0120437 0.0145477 0
1.201 56 0.271398 0.0132763 0.0140755 0
1.201 57 0.428869 0.00840707 0.0153521 0
1.201 58 0.361387 0.0152834 0.00914872 0
1.201 59 0.40422 0.00227243 0.0114507 0
1.201 60 0.426124 0.0167428 0.0119498 0
1.201 61 0.402935 0.00428667 0.0194288 0
1.201 62 0.484016 0.0193396 0.0154622 0
1.201 63 0.447141 0.0173582 0.0156501 0
1.201 64 0.285716 0.00874057 0.01492 0
1.201 65 0.313579 0.0175514 0.0104361 0
1.201 66 0.348968 0.0146415 0.0120713 0
1.201 67 0.375601 0.0080039 0.0199084 0
1.201 68 0.349198 0.00268387 0.00919361 0
1.201 69 0.241714 0.00980025 0.0179596 0
1.201 70 0.384858 0.00323404 0.0192426 0
1.301 51 0.335053 0.0114607 0.0159604 0
1.301 52 0.27952 0.00429146 0.0145956 0
1.301 53 0.3932 0.00617259 0.00980366 0
1.301 54 0.294526 0.0024915 0.0112164 0
1.301 55 0.293944 0.0124605 0.0155442 0
1.301 56 0.252356 0.0131319 0.0132797 0
1.301 57 0.409849 0.0090757 0.017319 0
1.301 58 0.342332 0.0152303 0.00853052 0
1.301 59 0.385158 0.00188614 0.0104665 0
1.301 60 0.407061 0.0164095 0.010949 0
1.301 61 0.383933 0.00412443 0.0190625 0
1.301 62 0.465009 0.0191665 0.0142127 0
1.301 63 0.46638 0.0168386 0.0167161 0
1.301 64 0.266609 0.00859625 0.0135913 0
1.301 65 0.332582 0.0169541 0.00896745 0
1.301 66 0.367999 0.0143941 0.0104714 0
1.301 67 0.394637 0.00796631 0.0189702 0
1.301 68 0.368259 0.0025995 0.00893782 0
1.301 69 0.260723 0.0104758 0.016741 0
1.301 70 0.365886 0.00367034 0.0196504 0
1.401 51 0.31603 0.0111281 0.0150264 0
1.401 52 0.298642 0.00461091 0.0140606 0
1.401 53 0.412085 0.00654919 0.0106394 0
1.401 54 0.313593 0.00216843 0.0105533 0
1.401 55 0.313044 0.0128568 0.0164898 0
1.401 56 0.233376 0.0138934 0.0119516 0
1.401 57 0.390828 0.00998651 0.0184772 0
1.401 58 0.32327 0.0150951 0.00761339 0
1.401 59 0.366186 0.00215597 0.00939052 0
1.401 60 0.388016 0.0160891 0.0100753 0
1.401 61 0.364955 0.00381012 0.0175267 0
1.401 62 0.445995 0.0183935 0.0126012 0
1.401 63 0.485293 0.0168434 0.0180221 0
1.401 64 0.247592 0.00876064 0.0126453 0
1.401 65 0.351678 0.0172307 0.00763818 0
1.401 66 0.387015 0.0147167 0.00961061 0
1.401 67 0.413604 0.0077696 0.0179606 0
1.401 68 0.387408 0.00280102 0.00776905 0
1.401 69 0.279755 0.0111948 0.0158235 0
1.401 70 0.346858 0.00407461 0.0185327 0
1.501 51 0.297019 0.0114578 0.0142333 0
1.501 52 0.31771 0.00519478 0.0131819 0
1.501 53 0.431099 0.00636203 0.0120465 0
1.501 54 0.332631 0.00139289 0.00963381 0
1.501 55 0.332087 0.0145012 0.0171402 0
1.501 56 0.214284 0.0145819 0.0113157 0
1.501 57 0.371852 0.00946288 0.0194534 0
1.501 58 0.304223 0.0146935 0.00642004 0
1.501 59 0.347081 0.00179347 0.0082996 0
1.501 60 0.368905 0.0161076 0.0091864 0
1.501 61 0.345889 0.00360695 0.0162589 0
1.501 62 0.427032 0.0179493 0.0114206 0
1.501 63 0.495641 0.0170128 0.019533 0
1.501 64 0.228462 0.00878526 0.0121124 0
1.501 65 0.370682 0.0174614 0.00625289 0
1.501 66 0.406053 0.0141151 0.00888174 0
1.501 67 0.432695 0.00758443 0.0169286 0
1.501 68 0.406425 0.00193896 0.00696086 0
1.501 69 0.298733 0.0116763 0.0146304 0
1.501 70 0.327942 0.00425458 0.0172106 0
1.601 51 0.277941 0.0114447 0.0131725 0
1.601 52 0.336769 0.00503044 0.0126152 0
1.601 53 0.450119 0.00630199 0.0129369 0
1.601 54 0.351741 0.00115267 0.00891535 0
1.601 55 0.351119 0.0147562 0.0181659 0
1.601 56 0.195311 0.014562 0.010667 0
1.601 57 0.35302 0.00979365 0.0180399 0
1.601 58 0.285121 0.0149197 0.0061021 0
1.601 59 0.328072 0.00162673 0.00691157 0
1.601 60 0.34986 0.0165861 0.00780575 0
1.601 61 0.326782 0.00368912 0.0155662 0
1.601 62 0.408024 0.0178879 0.00982054 0
1.601 63 0.476606 0.016802 0.0198142 0
1.601 64 0.209401 0.00909093 0.0108696 0
1.601 65 0.389646 0.0175845 0.00488832 0
1.601 66 0.425144 0.0139838 0.00888977 0
1.601 67 0.451834 0.00802085 0.0159789 0
1.601 68 0.425469 0.00221487 0.00587545 0
1.601 69 0.317912 0.0116255 0.0138604 0
1.601 70 0.308826 0.00354665 0.0169359 0
1.701 51 0.258921 0.0123785 0.0117634 0
1.701 52 0.355964 0.00553958 0.0117615 0
1.701 53 0.469274 0.006463 0.0142248 0
1.701 54 0.370793 0.0012246 0.00790954 0
1.701 55 0.370199 0.014937 0.0191898 0
1.701 56 0.176268 0.0144942 0.0101085 0
1.701 57 0.334002 0.00932164 0.0169649 0
1.701 58 0.266177 0.0148433 0.00455109 0
1.701 59 0.309031 0.0018396 0.00573191 0
1.701 60 0.330831 0.0169869 0.00652582 0
1.701 61 0.307645 0.00373792 0.0150386 0
1.701 62 0.388975 0.0180233 0.00879599 0
1.701 63 0.457609 0.0164949 0.0186237 0
1.701 64 0.190402 0.00970137 0.0096987 0
1.701 65 0.408691 0.0170242 0.00461381 0
1.701 66 0.444077 0.0129996 0.00729778 0
1.701 67 0.470877 0.00800567 0.0153347 0
1.701 68 0.444525 0.00285777 0.004598 0
1.701 69 0.337072 0.0115623 0.0126893 0
1.701 70 0.289804 0.00342773 0.0156091 0
1.801 51 0.239876 0.0125946 0.010746 0
1.801 52 0.375069 0.00596986 0.0106307 0
1.801 53 0.488307 0.00586216 0.0151467 0
1.801 54 0.389854 0.00114224 0.00684568 0
1.801 55 0.389329 0.015571 0.0197533 0
1.801 56 0.157216 0.0142487 0.0088651 0
1.801 57 0.315011 0.00897489 0.0160391 0
1.801 58 0.247174 0.015596 0.00377615 1.41273e-08
1.801 59 0.289936 0.001727 0.00463278 1.41273e-08
1.801 60 0.311783 0.0173854 0.00487182 1.41273e-08
1.801 61 0.288579 0.0035728 0.0140262 1.41273e-08
1.801 62 0.369933 0.0185492 0.00703458 1.41273e-08
1.801 63 0.43851 0.0167639 0.0175767 1.41273e-08
1.801 64 0.171359 0.00985521 0.00857295 1.41273e-08
1.801 65 0.427832 0.0175022 0.00356155 1.41273e-08
1.801 66 0.4631 0.0134316 0.00627633 1.41273e-08
1.801 67 0.490002 0.00830395 0.0141325 1.41273e-08
1.801 68 0.463588 0.00293512 0.00357967 1.41273e-08
1.801 69 0.356113 0.0112591 0.0118257 1.41273e-08
1.801 70 0.270747 0.00405054 0.0140897 1.41273e-08
1.901 51 0.220747 0.0117073 0.0101829 0
1.901 52 0.394167 0.00538819 0.00917465 0
1.901 53 0.492469 0.00549747 0.015691 0
1.901 54 0.408868 0.0001915 0.00571171 0
1.901 55 0.408397 0.0155458 0.0196377 0
1.901 56 0.138254 0.0140947 0.00749233 0
1.901 57 0.296012 0.00941651 0.0142711 0
1.901 58 0.228137 0.0159263 0.00233421 0
1.901 59 0.270904 0.0013381 0.00353969 0
1.901 60 0.292718 0.0177866 0.00361266 0
1.901 61 0.269665 0.0036312 0.0121299 0
1.901 62 0.350851 0.0183215 0.00561248 0
1.901 63 0.419394 0.0160107 0.0164418 0
1.901 64 0.152217 0.00973412 0.00775525 0
1.901 65 0.446824 0.0167676 0.00300679 0
1.901 66 0.482146 0.013429 0.00506189 0
1.901 67 0.490803 0.00804112 0.0130998 0
1.901 68 0.482627 0.00256212 0.00282689 0
1.901 69 0.375125 0.0107412 0.0109241 0
1.901 70 0.251724 0.00342565 0.0125726 0
2.001 51 0.201769 0.0113345 0.0096188 0
2.001 52 0.413206 0.00565264 0.00799605 0
2.001 53 0.473388 0.00515865 0.0170233 0
2.001 54 0.427875 0.000442002 0.0043226 0
2.001 55 0.427459 0.015948 0.0186859 0
2.001 56 0.119195 0.0142955 0.0069204 0
2.001 57 0.277015 0.00942765 0.01323 0
2.001 58 0.209245 0.0154737 0.000853204 0
2.001 59 0.251878 0.00150004 0.00189088 9.5362e-09
2.001 60 0.273733 0.0171188 0.00259261 9.5362e-09
2.001 61 0.250629 0.00340469 0.0106615 9.5362e-09
2.001 62 0.331852 0.0183303 0.00426163 9.5362e-09
2.001 63 0.400364 0.0160869 0.0163078 9.5362e-09
2.001 64 0.133233 0.0101432 0.00673921 9.5362e-09
2.001 65 0.465924 0.0162839 0.00227083 9.5362e-09
2.001 66 0.498541 0.0135282 0.00377009 9.5362e-09
2.001 67 0.471817 0.0083786 0.0119655 9.5362e-09
2.001 68 0.498271 0.00257767 0.00252869 9.5362e-09
2.001 69 0.394128 0.0110245 0.0104459 9.5362e-09
2.001 70 0.232727 0.00370893 0.0118437 9.5362e-09
2.101 51 0.182759 0.011697 0.00896003 0
2.101 52 0.432256 0.00582541 0.0068393 0
2.101 53 0.454288 0.00556387 0.0176308 0
2.101 54 0.446805 0.0010241 0.00368697 0
2.101 55 0.446482 0.0160018 0.0175009 0
2.101 56 0.100168 0.0142706 0.00635351 0
2.101 57 0.25792 0.00957498 0.0127581 0
2.101 58 0.190178 0.0151627 0.00026553 0
2.101 59 0.232842 0.00151933 0.00169529 0
2.101 60 0.254584 0.0162936 0.00119887 1.21936e-08
2.101 61 0.231636 0.00364302 0.00970522 1.21936e-08
2.101 62 0.312888 0.0179424 0.00337915 1.21936e-08
2.101 63 0.381226 0.0166323 0.0152281 1.21936e-08
2.101 64 0.114111 0.0105396 0.00584181 1.21936e-08
2.101 65 0.484978 0.015269 0.000544183 1.21936e-08
2.101 66 0.479562 0.0139683 0.00261108 1.21936e-08
2.101 67 0.452679 0.00870775 0.0117263 1.21936e-08
2.101 68 0.479198 0.00201188 0.0022254 1.21936e-08
2.101 69 0.41309 0.0108714 0.00972936 1.21936e-08
2.101 70 0.213658 0.00403583 0.0111211 1.21936e-08
2.201 51 0.163733 0.0117331 0.00833343 0
2.201 52 0.451298 0.00593777 0.00556082 0
2.201 53 0.435342 0.00549798 0.0184412 0
2.201 54 0.465773 0.000924241 0.00193819 0
2.201 55 0.465554 0.0167886 0.0166273 0
2.201 56 0.081091 0.0143098 0.00564195 0
2.201 57 0.238897 0.00979127 0.0118378 0
2.201 58 0.171085 0.014878 0.000842733 0
2.201 59 0.213842 0.00123119 0.000251102 0
2.201 60 0.235529 0.0164484 0.000217243 0
2.201 61 0.212619 0.0034517 0.0078235 0
2.201 62 0.293822 0.0173529 0.00252115 0
2.201 63 0.362121 0.016308 0.0142251 0
2.201 64 0.0951395 0.0101559 0.00492686 0
2.201 65 0.495562 0.0151361 0.00071351 0
2.201 66 0.460604 0.0140201 0.0015119 0
2.201 67 0.433674 0.00820158 0.010991 0
2.201 68 0.460088 0.00168775 0.00132554 0
2.201 69 0.432125 0.0107444 0.00836174 0
2.201 70 0.194681 0.00438747 0.00951896 0
2.301 51 0.144705 0.0120173 0.00725964 0
2.301 52 0.470308 0.00524169 0.00406718 0
2.301 53 0.416275 0.00580378 0.0198632 0
2.301 54 0.484813 0.00148116 0.00106974 0
2.301 55 0.484529 0.0170578 0.0155553 0
2.301 56 0.0620706 0.0143832 0.00433383 0
2.301 57 0.21986 0.010562 0.0107705 0
2.301 58 0.152334 0.0153002 0.00203752 0
2.301 59 0.194781 0.000462412 0.000711919 0
2.301 60 0.216555 0.0159595 0.00119569 0
2.301 61 0.193592 0.00311505 0.00680594 0
2.301 62 0.274905 0.017792 0.000786059 0
2.301 63 0.343063 0.0161213 0.0140615 0
2.301 64 0.0761561 0.0100816 0.00320969 0
2.301 65 0.476538 0.0148835 0.00207703 0
2.301 66 0.441484 0.013596 0.000513594 0
2.301 67 0.414645 0.00757561 0.00931007 0
2.301 68 0.441125 0.00140866 0.000620832 0
2.301 69 0.45106 0.0104243 0.00713606 0
2.301 70 0.175691 0.00424045 0.00742162 0
2.401 51 0.125651 0.0117472 0.00663228 0
2.401 52 0.489296 0.00505372 0.00261912 0
2.401 53 0.397393 0.00609649 0.0184762 0
2.401 54 0.495857 0.00163941 0.000356841 0
2.401 55 0.495979 0.0168591 0.0140135 0
2.401 56 0.0430353 0.014289 0.00358445 0
2.401 57 0.200881 0.0105164 0.00983963 0
2.401 58 0.133361 0.0147542 0.00320062 0
2.401 59 0.175686 0.000408882 0.000915551 0
2.401 60 0.197551 0.016075 0.00194017 0
2.401 61 0.174523 0.00221351 0.00610393 0
2.401 62 0.255961 0.0178991 0.00063033 7.6956e-09
2.401 63 0.323939 0.0161639 0.0137585 7.6956e-09
2.401 64 0.0570884 0.0100662 0.00236347 7.6956e-09
2.401 65 0.457403 0.0146578 0.00294296 7.6956e-09
2.401 66 0.422316 0.0144998 0.000321388 7.6956e-09
2.401 67 0.395519 0.00746081 0.00804623 7.6956e-09
2.401 68 0.422148 0.00158055 0.00030211 7.6956e-09
2.401 69 0.470269 0.0102893 0.00604802 7.6956e-09
2.401 70 0.156691 0.00425382 0.00648451 7.6956e-09
2.501 51 0.106637 0.011761 0.00586815 0
2.501 52 0.491239 0.00444918 0.00219207 0
2.501 53 0.3783 0.00603402 0.0176497 0
2.501 54 0.476815 0.00132066 0.00061178 0
2.501 55 0.477079 0.0168002 0.0128925 0
2.501 56 0.0239876 0.0136463 0.00272533 0
2.501 57 0.181917 0.010455 0.0088713 0
2.501 58 0.114296 0.0154015 0.00320958 0
2.501 59 0.156725 0.0003344 0.00251305 0
2.501 60 0.178599 0.0156099 0.00273486 0
2.501 61 0.155589 0.0024119 0.00470348 0
2.501 62 0.236995 0.0171117 0.00206812 0
2.501 63 0.304964 0.0163983 0.0127347 0
2.501 64 0.0379146 0.0098974 0.00122707 0
2.501 65 0.438308 0.0145975 0.00362979 0
2.501 66 0.403314 0.014499 0.000226876 0
2.501 67 0.376363 0.00768715 0.0081663 0
2.501 68 0.403206 0.00161559 0.000968525 0
2.501 69 0.489349 0.0104494 0.00485156 0
2.501 70 0.137625 0.00446232 0.00626302 0
2.601 51 0.0874983 0.0114748 0.00520027 0
2.601 52 0.472125 0.00409808 0.00120407 0
2.601 53 0.359154 0.00630167 0.017127 0
2.601 54 0.45773 0.00156248 0.00128054 0
2.601 55 0.457981 0.0165517 0.0121456 0
2.601 56 0.00505751 0.013448 0.000861392 0
2.601 57 0.162844 0.010207 0.00787551 0
2.601 58 0.0952584 0.0148186 0.00441826 0
2.601 59 0.137731 0.00058251 0.00387442 0
2.601 60 0.159482 0.015712 0.00288545 0
2.601 61 0.136663 0.00221039 0.00313953 0
2.601 62 0.218003 0.0172333 0.00289175 0
2.601 63 0.285823 0.0159909 0.0121065 0
2.601 64 0.0188848 0.00987748 0.000308965 0
2.601 65 0.419173 0.0148469 0.00496608 0
2.601 66 0.384312 0.0139866 0.00123452 0
2.601 67 0.357376 0.00848026 0.00769773 0
2.601 68 0.384313 0.00045369 0.00162034 0
2.601 69 0.491297 0.00994706 0.00385982 0
2.601 70 0.118621 0.00502264 0.00514712 0
2.701 51 0.0684695 0.0117963 0.0038296 0
2.701 52 0.453089 0.00351312 0.00059681 0
2.701 53 0.340085 0.00718626 0.0165816 0
2.701 54 0.43868 0.000813468 0.00266639 0
2.701 55 0.438891 0.0164094 0.0113261 0
2.701 56 0.0142285 0.0133614 0.000188685 0
2.701 57 0.143811 0.010183 0.00748416 0
2.701 58 0.0761989 0.0146937 0.00558989 0
2.701 59 0.118596 0.000418021 0.00472317 0
2.701 60 0.140569 0.0157298 0.00465024 0
2.701 61 0.117607 0.00151046 0.00249666 0
2.701 62 0.198975 0.0176933 0.00458585 0
2.701 63 0.266707 0.0158021 0.0111202 0
2.701 64 0.000245216 0.00995154 0.000493549 0
2.701 65 0.400265 0.0145668 0.00678807 0
2.701 66 0.365279 0.0138829 0.00282123 0
2.701 67 0.338428 0.00869442 0.00673035 0
2.701 68 0.365315 0.000387504 0.00295737 0
2.701 69 0.472263 0.0098771 0.00181804 0
2.701 70 0.0996898 0.00471258 0.00277921 0
2.801 51 0.0495655 0.0110992 0.00327494 0
2.801 52 0.434037 0.00337142 0.000282296 0
2.801 53 0.321107 0.00769213 0.0159547 0
2.801 54 0.419591 0.000530953 0.00322109 0
2.801 55 0.419839 0.0158365 0.0101855 0
2.801 56 0.0333033 0.0134775 0.000891051 0
2.801 57 0.1249 0.00964544 0.00602502 0
2.801 58 0.0572076 0.0147537 0.00638835 0
2.801 59 0.0995656 0.000259457 0.00600349 0
2.801 60 0.121514 0.0154288 0.00570709 0
2.801 61 0.0985029 0.00159359 0.000747763 0
2.801 62 0.179892 0.0170325 0.0052872 0
2.801 63 0.247652 0.0156923 0.0104423 0
2.801 64 0.0192776 0.0094066 0.00177944 0
2.801 65 0.381085 0.0141168 0.00728487 0
2.801 66 0.346321 0.0144943 0.00344264 0
2.801 67 0.31932 0.00860519 0.00557501 0
2.801 68 0.346176 0.000163761 0.00382469 0
2.801 69 0.453185 0.00976314 0.000766932 0
2.801 70 0.0806682 0.0047826 0.0017419 0
2.901 51 0.0305753 0.011558 0.0026213 0
2.901 52 0.41503 0.00373152 0.000830994 0
2.901 53 0.302064 0.0078869 0.0155018 0
2.901 54 0.400684 0.000903542 0.00459617 0
2.901 55 0.400857 0.0158857 0.00890643 0
2.901 56 0.0524079 0.013593 0.00165541 0
2.901 57 0.105902 0.0104624 0.00451438 0
2.901 58 0.0382306 0.0139493 0.00791537 0
2.901 59 0.0804282 6.88276e-05 0.00673393 0
2.901 60 0.102544 0.0160388 0.00669208 0
2.901 61 0.0794446 0.00124635 0.000228707 0
2.901 62 0.160746 0.0167253 0.00628434 0
2.901 63 0.228608 0.015595 0.00950246 0
2.901 64 0.0383929 0.00988449 0.00294613 0
2.901 65 0.362038 0.0140979 0.00881857 0
2.901 66 0.327304 0.015127 0.0044566 0
2.901 67 0.300233 0.00833202 0.0043874 0
2.901 68 0.327186 0.000309177 0.00442437 0
2.901 69 0.43417 0.00978981 0.000122738 0
2.901 70 0.0616743 0.00525511 0.00119818 0
3.001 51 0.0115715 0.0109586 0.0013067 0
3.001 52 0.396009 0.00441129 0.0019774 0
3.001 53 0.283054 0.00725774 0.0146673 0
3.001 54 0.381587 0.000543294 0.00570698 0
3.001 55 0.381831 0.0167126 0.00853662 0
3.001 56 0.0713563 0.014165 0.00337738 0
3.001 57 0.0868619 0.0102119 0.00308253 0
3.001 58 0.0193157 0.0137206 0.00906338 0
3.001 59 0.0614677 0.000450267 0.00775483 0
3.001 60 0.0835183 0.0163757 0.00706997 0
3.001 61 0.0603389 0.0024811 0.000929227 0
3.001 62 0.14164 0.016779 0.00664863 0
3.001 63 0.209611 0.0153657 0.00833472 0
3.001 64 0.0574008 0.00985849 0.00421707 0
3.001 65 0.342979 0.0144046 0.0103848 0
3.001 66 0.308204 0.0159028 0.00514501 0
3.001 67 0.281247 0.00883461 0.0029583 0
3.001 68 0.308124 0.000300372 0.00425216 0
3.001 69 0.415201 0.0105797 0.00191967 0
3.001 70 0.0426637 0.00524084 0.000474834 0
3.101 51 0.00772467 0.0105923 0.000453668 0
3.101 52 0.377034 0.0042169 0.00368383 0
3.101 53 0.26408 0.00722658 0.0140776 0
3.101 54 0.362605 0.00083439 0.0073793 0
3.101 55 0.362717 0.0162094 0.00747603 0
3.101 56 0.0904012 0.0138974 0.00396203 0
3.101 57 0.067886 0.0100265 0.00191597 0
3.101 58 0.000388771 0.0136615 0.0105836 0
3.101 59 0.042388 0.000446398 0.00910803 0
3.101 60 0.0644478 0.0159861 0.00799369 0
3.101 61 0.0412316 0.00260538 0.002425 0
3.101 62 0.122574 0.0165032 0.00728323 0
3.101 63 0.190557 0.0151602 0.00692242 0
3.101 64 0.0764914 0.0101295 0.00469265 0
3.101 65 0.324006 0.0148037 0.0121699 0
3.101 66 0.289255 0.0156953 0.00667161 0
3.101 67 0.262186 0.00882786 0.00232922 0
3.101 68 0.289013 0.00037112 0.00490501 0
3.101 69 0.396166 0.01136 0.00306014 0
3.101 70 0.0236881 0.00543486 0.000697777 0
3.201 51 0.0267279 0.0101742 0.000710311 0
3.201 52 0.358067 0.00319827 0.00453678 0
3.201 53 0.244925 0.00655261 0.0135246 0
3.201 54 0.343636 0.00173031 0.00838518 0
3.201 55 0.343664 0.0161354 0.00655322 0
3.201 56 0.109416 0.0132942 0.00406272 0
3.201 57 0.0488719 0.00950963 0.000204907 0
3.201 58 0.0187007 0.0136973 0.0114624 0
3.201 59 0.0232335 8.81011e-05 0.00955404 0
3.201 60 0.0454116 0.0155583 0.00875974 0
3.201 61 0.0222673 0.00255187 0.00385587 0
3.201 62 0.103536 0.0163508 0.00815331 0
3.201 63 0.171475 0.0147321 0.00578591 0
3.201 64 0.0954858 0.0103354 0.00557678 0
3.201 65 0.305065 0.0152398 0.0126817 0
3.201 66 0.270163 0.0147441 0.0075453 0
3.201 67 0.243217 0.00893868 0.000385927 1.60047e-08
3.201 68 0.269954 0.000113727 0.00644338 1.60047e-08
3.201 69 0.377137 0.0109528 0.00345442 1.60047e-08
3.201 70 0.0046744 0.00483372 0.00157955 1.60047e-08
3.301 51 0.0458489 0.0106698 0.00216611 0
3.301 52 0.339047 0.0030796 0.00512307 0
3.301 53 0.225903 0.00679256 0.0124994 0
3.301 54 0.324625 0.00211541 0.00984195 0
3.301 55 0.324568 0.0165532 0.0052435 0
3.301 56 0.128415 0.0137265 0.00553207 0
3.301 57 0.0297846 0.00979099 0.000115837 0
3.301 58 0.0377719 0.0139074 0.0121352 0
3.301 59 0.00422531 0.000187692 0.0103012 0
3.301 60 0.0263 0.0154244 0.0100807 0
3.301 61 0.00329066 0.00205066 0.00557788 0
3.301 62 0.0844257 0.016123 0.0085766 0
3.301 63 0.152367 0.0151417 0.0051409 0
3.301 64 0.114561 0.0100338 0.0065537 0
3.301 65 0.286073 0.0152466 0.0139901 0
3.301 66 0.251086 0.0148651 0.00869331 0
3.301 67 0.22405 0.00942224 6.77233e-05 0
3.301 68 0.250852 8.22172e-05 0.00720188 0
3.301 69 0.358019 0.0111078 0.00425754 0
3.301 70 0.0145306 0.00424581 0.00280491 0
3.401 51 0.0648884 0.0102404 0.00276105 0
3.401 52 0.319964 0.0027547 0.00654725 0
3.401 53 0.206772 0.00619799 0.0112866 0
3.401 54 0.305618 0.00258922 0.0106964 0
3.401 55 0.305564 0.0166129 0.00409501 0
3.401 56 0.147433 0.0134549 0.00747031 0
3.401 57 0.0106128 0.00895398 0.00098998 0
3.401 58 0.0568227 0.0140377 0.0126678 0
3.401 59 0.0149118 0.000320944 0.0110131 0
3.401 60 0.00721109 0.0154825 0.0102866 0
3.401 61 0.0157914 0.00248678 0.00655315 0
3.401 62 0.0654457 0.0154236 0.00965357 0
3.401 63 0.13327 0.0157862 0.00353988 0
3.401 64 0.133542 0.0101881 0.00729784 0
3.401 65 0.267058 0.0155084 0.0158057 0
3.401 66 0.232032 0.0145288 0.00855539 0
3.401 67 0.205006 0.00943556 0.00111705 0
3.401 68 0.231762 0.000713509 0.00787464 0
3.401 69 0.339006 0.0107856 0.00521018 0
3.401 70 0.0336311 0.00490846 0.0038341 0
3.501 51 0.0839102 0.0103471 0.00364086 0
3.501 52 0.30084 0.00216756 0.00678906 0
3.501 53 0.187703 0.00574455 0.0104006 0
3.501 54 0.2865 0.00255883 0.0117101 0
3.501 55 0.286518 0.0160585 0.00304625 0
3.501 56 0.16634 0.0139452 0.00906677 0
3.501 57 0.00862133 0.0082058 0.00162818 0
3.501 58 0.0758593 0.0137213 0.0138653 0
3.501 59 0.0339323 0.000328747 0.0124624 0
3.501 60 0.0120607 0.0157406 0.0105188 0
3.501 61 0.0347771 0.00319041 0.00792053 0
3.501 62 0.0463989 0.0144923 0.0107092 0
3.501 63 0.114237 0.0154904 0.00368558 0
3.501 64 0.15249 0.0105766 0.0088934 0
3.501 65 0.248103 0.0153101 0.017073 0
3.501 66 0.212999 0.0136661 0.00969882 0
3.501 67 0.185919 0.00914329 0.00169663 0
3.501 68 0.212715 0.000715154 0.00904502 0
3.501 69 0.319989 0.0101747 0.0064719 0
3.501 70 0.0527154 0.00587564 0.00506111 0
3.601 51 0.102864 0.0105047 0.00463694 0
3.601 52 0.281873 0.00267225 0.0084623 0
3.601 53 0.168577 0.00560553 0.009432 0
3.601 54 0.26737 0.00268266 0.0128443 0
3.601 55 0.267504 0.0164914 0.00192347 0
3.601 56 0.185278 0.0137279 0.0102671 0
3.601 57 0.0275727 0.00762007 0.00241728 0
3.601 58 0.0949115 0.0138436 0.014874 0
3.601 59 0.0528682 0.000957628 0.0138666 0
3.601 60 0.0311149 0.0156131 0.0113785 0
3.601 61 0.0537745 0.0036761 0.00924504 0
3.601 62 0.0273237 0.0143385 0.0107629 0
3.601 63 0.0952476 0.0150915 0.00280061 0
3.601 64 0.171623 0.0107 0.00925322 0
3.601 65 0.228882 0.0150849 0.0181519 0
3.601 66 0.193982 0.0142363 0.0106177 0
3.601 67 0.166847 0.00844963 0.00255574 0
3.601 68 0.193615 0.000774931 0.0097238 0
3.601 69 0.300921 0.00986793 0.00732837 0
3.601 70 0.0717593 0.00587461 0.00544147 0
3.701 51 0.121938 0.0108226 0.00509231 0
3.701 52 0.262812 0.00298135 0.00942682 0
3.701 53 0.149503 0.00592279 0.00905295 0
3.701 54 0.248305 0.00271482 0.012498 0
3.701 55 0.248627 0.0164616 0.00055025 1.72209e-08
3.701 56 0.204342 0.0140881 0.0109726 1.72209e-08
3.701 57 0.0466572 0.00804944 0.00286522 1.72209e-08
3.701 58 0.113956 0.0138882 0.0158873 1.72209e-08
3.701 59 0.0718053 0.0010867 0.0152621 1.72209e-08
3.701 60 0.0501738 0.0152283 0.0124789 1.72209e-08
3.701 61 0.0727577 0.00397466 0.00980836 1.72209e-08
3.701 62 0.0082002 0.0148448 0.012114 1.72209e-08
3.701 63 0.076083 0.015213 0.00128493 1.72209e-08
3.701 64 0.19064 0.0107621 0.0106344 1.72209e-08
3.701 65 0.209801 0.014824 0.0185654 1.72209e-08
3.701 66 0.174907 0.0146263 0.0112855 1.72209e-08
3.701 67 0.147738 0.00815324 0.00295776 1.72209e-08
3.701 68 0.174677 0.000383622 0.0108925 1.72209e-08
3.701 69 0.281927 0.00922677 0.00869032 1.72209e-08
3.701 70 0.0907336 0.00525999 0.00662383 1.72209e-08
3.801 51 0.140971 0.0112692 0.00635543 0
3.801 52 0.243949 0.00249747 0.0112674 0
3.801 53 0.130445 0.00571694 0.00820166 0
3.801 54 0.229324 0.00259134 0.0134309 0
3.801 55 0.229587 0.0169382 0.000302977 0
3.801 56 0.223438 0.0140419 0.0118845 0
3.801 57 0.0656696 0.00804961 0.00311095 0
3.801 58 0.133012 0.0140272 0.01695 0
3.801 59 0.0907223 0.00221266 0.0164881 0
3.801 60 0.0692544 0.0155632 0.014358 0
3.801 61 0.0918419 0.00337488 0.00976848 0
3.801 62 0.0112747 0.0152899 0.0136254 0
3.801 63 0.056941 0.0148293 0.000810118 0
3.801 64 0.209799 0.0115299 0.0115101 0
3.801 65 0.190775 0.0141365 0.0199208 0
3.801 66 0.155785 0.0143487 0.0124096 0
3.801 67 0.128798 0.00846532 0.00414136 0
3.801 68 0.155639 0.000121701 0.0115392 0
3.801 69 0.262968 0.00983119 0.0096208 0
3.801 70 0.109724 0.00523684 0.00712185 0
3.901 51 0.16006 0.0114716 0.00756059 0
3.901 52 0.22488 0.00229316 0.0120046 0
3.901 53 0.111558 0.00552489 0.00699855 0
3.901 54 0.210136 0.00258144 0.0143986 0
3.901 55 0.210558 0.0165411 0.00207985 0
3.901 56 0.242439 0.0143702 0.0131597 0
3.901 57 0.0848359 0.00739936 0.00356661 0
3.901 58 0.151964 0.0143754 0.0182451 0
3.901 59 0.109786 0.00186468 0.0175219 0
3.901 60 0.0883342 0.0155703 0.0156066 0
3.901 61 0.110793 0.00416346 0.011233 0
3.901 62 0.0303883 0.0145633 0.014759 0
3.901 63 0.0377773 0.0149352 8.19325e-05 0
3.901 64 0.228901 0.0114041 0.0125243 0
3.901 65 0.171792 0.0137644 0.0187955 0
3.901 66 0.136789 0.0139261 0.0132576 0
3.901 67 0.109827 0.00845203 0.00563152 0
3.901 68 0.136519 0.000561643 0.0118948 0
3.901 69 0.243919 0.00954552 0.0103969 0
3.901 70 0.128749 0.00553234 0.00872691 0
4.001 51 0.179201 0.0117187 0.0082197 0
4.001 52 0.205771 0.00164083 0.012805 0
4.001 53 0.0924577 0.00579762 0.00577391 0
4.001 54 0.191101 0.0019704 0.0151704 0
4.001 55 0.191639 0.0173702 0.00315994 0
4.001 56 0.261497 0.0140494 0.0140571 0
4.001 57 0.10385 0.00732689 0.00440947 0
4.001 58 0.170999 0.0139087 0.0193899 0
4.001 59 0.128885 0.00268139 0.0191959 0
4.001 60 0.10733 0.0162355 0.0171341 0
4.001 61 0.129915 0.00378989 0.0115025 0
4.001 62 0.0493363 0.0140403 0.0152903 0
4.001 63 0.018779 0.0142421 0.000614542 0
4.001 64 0.24798 0.0119361 0.0134954 0
4.001 65 0.152702 0.0139853 0.0181446 0
4.001 66 0.117774 0.0138571 0.0142062 0
4.001 67 0.0908775 0.00786117 0.00725981 0
4.001 68 0.117427 0.000911568 0.0126184 0
4.001 69 0.224893 0.00973932 0.0114354 0
4.001 70 0.147803 0.00472225 0.00973386 0
4.101 51 0.198418 0.0122178 0.00874662 0
4.101 52 0.186704 0.00205967 0.0130166 0
4.101 53 0.0734309 0.00591973 0.00428797 0
4.101 54 0.172112 0.00271264 0.0168026 0
4.101 55 0.172544 0.0174461 0.00431704 0
4.101 56 0.280611 0.0141394 0.0148023 0
4.101 57 0.122704 0.00719676 0.00592457 0
4.101 58 0.189982 0.0132829 0.019525 0
4.101 59 0.147977 0.00195315 0.0194964 0
4.101 60 0.126333 0.0163382 0.0179609 0
4.101 61 0.148871 0.00436794 0.012289 0
4.101 62 0.0684456 0.0142346 0.016336 0
4.101 63 0.000523222 0.0153155 0.0015016 0
4.101 64 0.266847 0.0126492 0.0146429 0
4.101 65 0.13371 0.0142807 0.0180439 0
4.101 66 0.0988306 0.0133129 0.0157016 0
4.101 67 0.0718599 0.00789313 0.00803803 0
4.101 68 0.0983333 0.000525311 0.0130031 0
4.101 69 0.205716 0.00937434 0.0126641 0
4.101 70 0.166888 0.00503814 0.0105932 0
4.201 51 0.217337 0.0124762 0.0100888 0
4.201 52 0.167581 0.00166522 0.0140242 0
4.201 53 0.0543715 0.00558463 0.00307847 0
4.201 54 0.153051 0.00332514 0.0178521 0
4.201 55 0.153512 0.01782 0.00453258 0
4.201 56 0.299638 0.0144709 0.0158826 0
4.201 57 0.141757 0.00626593 0.0072751 0
4.201 58 0.208898 0.0131593 0.0197429 0
4.201 59 0.167091 0.00170588 0.0184044 0
4.201 60 0.145378 0.0171556 0.0185119 0
4.201 61 0.168034 0.00452711 0.0131043 0
4.201 62 0.0874725 0.0142815 0.016825 0
4.201 63 0.0195413 0.0147171 0.00222905 0
4.201 64 0.285791 0.0128393 0.0155738 0
4.201 65 0.114679 0.0143277 0.0168045 0
4.201 66 0.0797783 0.0132041 0.0165462 0
4.201 67 0.052878 0.00797727 0.0090035 0
4.201 68 0.0793603 0.000704949 0.013923 0
4.201 69 0.186733 0.00917033 0.0137716 0
4.201 70 0.1859 0.0047314 0.0107817 0
4.301 51 0.236321 0.01255 0.0109774 0
4.301 52 0.148564 0.000726633 0.0151108 0
4.301 53 0.0353747 0.00600807 0.00235769 0
4.301 54 0.133994 0.00365851 0.0188729 0
4.301 55 0.134534 0.0180244 0.00580288 0
4.301 56 0.318765 0.0152669 0.0171555 0
4.301 57 0.160731 0.00648255 0.00860579 0
4.301 58 0.228067 0.0128319 0.0190337 0
4.301 59 0.186092 0.000879033 0.0178141 0
4.301 60 0.164383 0.016722 0.019616 0
4.301 61 0.187054 0.00418237 0.0136508 0
4.301 62 0.106445 0.0139216 0.0177238 0
4.301 63 0.0385438 0.0149956 0.00368719 0
4.301 64 0.30484 0.0121938 0.0165706 0
4.301 65 0.0958083 0.0147763 0.0154901 0
4.301 66 0.0608483 0.013358 0.0174102 0
4.301 67 0.0339053 0.0078197 0.0105751 0
4.301 68 0.0603208 0.00109762 0.0141409 0
4.301 69 0.167741 0.00991517 0.0147119 0
4.301 70 0.204929 0.00522138 0.012537 0
4.401 51 0.255212 0.0122771 0.0124296 0
4.401 52 0.129556 0.00122516 0.0160557 0
4.401 53 0.0164994 0.00638443 0.00124144 0
4.401 54 0.115069 0.00372391 0.0197983 0
4.401 55 0.115436 0.018645 0.00700046 0
4.401 56 0.337949 0.0144784 0.0176812 0
4.401 57 0.179726 0.00692497 0.00931393 0
4.401 58 0.246962 0.0124824 0.01732 0
4.401 59 0.205118 0.000510383 0.017214 0
4.401 60 0.183304 0.0163278 0.0196484 0
4.401 61 0.206049 0.00348415 0.0150288 0
4.401 62 0.125501 0.0137864 0.0184833 0
4.401 63 0.0575981 0.014809 0.00446216 0
4.401 64 0.323865 0.0117731 0.0176348 0
4.401 65 0.0768219 0.0148604 0.0141627 0
4.401 66 0.041854 0.0140556 0.0188643 0
4.401 67 0.0148488 0.00734499 0.0114483 0
4.401 68 0.0411677 0.00113787 0.0136513 0
4.401 69 0.148803 0.00974867 0.0162941 0
4.401 70 0.223986 0.00529415 0.013981 0
4.501 51 0.274291 0.0120605 0.0137676 0
4.501 52 0.110428 0.00159655 0.0163653 0
4.501 53 0.00250555 0.00556314 0.000683506 0
4.501 54 0.0961439 0.00361116 0.0184477 0
4.501 55 0.0963761 0.0177491 0.00801807 0
4.501 56 0.357026 0.0149768 0.0184126 0
4.501 57 0.198701 0.00715946 0.0106351 0
4.501 58 0.26615 0.0118166 0.0165851 0
4.501 59 0.224112 6.4241e-05 0.0158054 0
4.501 60 0.202294 0.0165662 0.0195945 0
4.501 61 0.225063 0.00317432 0.0158908 0
4.501 62 0.144549 0.0146469 0.0191133 0
4.501 63 0.0766729 0.0150789 0.00501714 0
4.501 64 0.342912 0.0127417 0.0187592 0
4.501 65 0.0578535 0.0144839 0.0133104 0
4.501 66 0.0228074 0.0140326 0.0199242 0
4.501 67 0.00458652 0.00751793 0.0127352 0
4.501 68 0.02216 0.00104316 0.0149347 0
4.501 69 0.129744 0.00990477 0.0179685 0
4.501 70 0.242916 0.00473146 0.0157306 0
4.601 51 0.293366 0.0119044 0.0146 0
4.601 52 0.0913751 0.00194391 0.0174561 0
4.601 53 0.0215073 0.00632456 0.000134923 0
4.601 54 0.077184 0.0029669 0.0183812 0
4.601 55 0.0772556 0.017716 0.0092066 0
4.601 56 0.376005 0.01574 0.0199 0
4.601 57 0.21785 0.00767241 0.0115875 0
4.601 58 0.285255 0.0121396 0.0167518 0
4.601 59 0.24317 0.00077437 0.014814 0
4.601 60 0.221335 0.0165293 0.0190697 0
4.601 61 0.244084 0.0033413 0.0170165 0
4.601 62 0.163595 0.014441 0.0198137 0
4.601 63 0.0956892 0.0147307 0.00531139 0
4.601 64 0.362001 0.0131963 0.0191965 0
4.601 65 0.0388616 0.0144926 0.0117637 0
4.601 66 0.00382767 0.0144162 0.0186939 0
4.601 67 0.0235726 0.00739564 0.014214 0
4.601 68 0.0030487 0.00112604 0.0154778 0
4.601 69 0.110673 0.0101234 0.018002 0
4.601 70 0.261976 0.00489421 0.0165025 0
4.701 51 0.312369 0.0119708 0.0154267 0
4.701 52 0.0724173 0.00148268 0.0186864 0
4.701 53 0.0405121 0.00689519 0.00128924 0
4.701 54 0.0582057 0.00200631 0.017436 0
4.701 55 0.0581754 0.0179835 0.0101087 0
4.701 56 0.395068 0.0154461 0.0196395 0
4.701 57 0.236784 0.00774224 0.0124914 0
4.701 58 0.304382 0.0118131 0.0162758 0
4.701 59 0.262132 0.000290195 0.0142031 0
4.701 60 0.240308 0.0164678 0.0185483 0
4.701 61 0.263127 0.00359401 0.0174221 0
4.701 62 0.182556 0.0145299 0.0186424 0
4.701 63 0.114679 0.0152882 0.00655323 0
4.701 64 0.381087 0.0136832 0.0198492 0
4.701 65 0.0198128 0.0141659 0.0110196 0
4.701 66 0.0152403 0.0146079 0.0175402 0
4.701 67 0.0425734 0.00689924 0.014645 0
4.701 68 0.0160262 0.00109838 0.016555 0
4.701 69 0.0917054 0.00989035 0.0188127 0
4.701 70 0.280946 0.00507335 0.0181222 0
4.801 51 0.331387 0.0120215 0.0162691 0
4.801 52 0.0534399 0.000945953 0.0198807 0
4.801 53 0.0594874 0.00645787 0.00133781 0
4.801 54 0.0392165 0.00253898 0.0161439 0
4.801 55 0.0390767 0.0176489 0.0110942 0
4.801 56 0.413959 0.0147489 0.0185523 0
4.801 57 0.25597 0.00840846 0.0131846 0
4.801 58 0.323497 0.0107959 0.0150012 0
4.801 59 0.281217 0.000502559 0.0132433 0
4.801 60 0.259407 0.0160476 0.018093 0
4.801 61 0.282128 0.00411315 0.0183757 0
4.801 62 0.201609 0.0146224 0.0180883 0
4.801 63 0.133742 0.0157507 0.00746931 0
4.801 64 0.400046 0.0134841 0.018815 0
4.801 65 0.000969349 0.0145239 0.0102836 0
4.801 66 0.034287 0.0149787 0.0164246 0
4.801 67 0.0616482 0.00682091 0.0150938 0
4.801 68 0.0349942 0.00126372 0.0174488 0
4.801 69 0.072619 0.00962887 0.0198371 0
4.801 70 0.299921 0.00487045 0.0188688 0
4.901 51 0.350397 0.0118541 0.0173025 0
4.901 52 0.0343233 0.000753321 0.0193078 0
4.901 53 0.0784362 0.00615647 0.0020968 0
4.901 54 0.0202783 0.00258582 0.0145848 0
4.901 55 0.0199472 0.0175148 0.0122462 0
4.901 56 0.433039 0.0138874 0.0182722 0
4.901 57 0.275105 0.00786792 0.0140726 0
4.901 58 0.342547 0.0110389 0.0136741 0
4.901 59 0.300319 0.000841709 0.0125566 0
4.901 60 0.278516 0.0157431 0.0167547 0
4.901 61 0.301097 0.00437865 0.0195981 0
4.901 62 0.220659 0.0147304 0.0172619 0
4.901 63 0.152799 0.0162373 0.00849101 0
4.901 64 0.419113 0.0133338 0.0180281 0
4.901 65 0.01806 0.0147968 0.00893596 0
4.901 66 0.0532532 0.0150198 0.0145685 0
4.901 67 0.0807213 0.00717209 0.0156828 0
4.901 68 0.0540219 0.000942089 0.0185355 0
4.901 69 0.0534835 0.00943157 0.0189365 0
4.901 70 0.318923 0.0044234 0.0197502 0
