0.001 51 0.254471 0.00312175 0.019336 0
0.001 52 0.194548 0.00279558 0.00895634 0
0.001 53 0.122479 0.013798 0.00564757 0
0.001 54 0.30509 0.00687304 0.00768571 0
0.001 55 0.478694 0.0142296 0.00300339 0
0.001 56 0.372948 0.0176399 0.00773808 0
0.001 57 0.167745 0.00915407 0.017762 0
0.001 58 0.267668 0.00520416 0.00835055 0
0.001 59 0.000587336 0.00520508 0.0174108 0
0.001 60 0.494028 0.00789865 0.0154622 0
0.101 51 0.273654 0.00257066 0.0197924 0
0.101 52 0.213582 0.00300009 0.00945699 0
0.101 53 0.141564 0.0139194 0.0069808 0
0.101 54 0.324023 0.00623018 0.0083285 0
0.101 55 0.49766 0.0138346 0.00355551 0
0.101 56 0.391978 0.0172372 0.00851962 0
0.101 57 0.186814 0.00917735 0.0191134 0
0.101 58 0.286795 0.00534233 0.00883146 0
0.101 59 0.0195419 0.00510238 0.0184846 0
0.101 60 0.486869 0.00757999 0.016398 0
0.201 51 0.292647 0.00305898 0.019261 0
0.201 52 0.232455 0.00330252 0.0106492 0
0.201 53 0.160705 0.0142526 0.00762587 0
0.201 54 0.343071 0.00680033 0.00990076 0
0.201 55 0.483124 0.0126146 0.0044275 0
0.201 56 0.411045 0.0173959 0.00983778 0
0.201 57 0.205841 0.00912496 0.0197867 0
0.201 58 0.305897 0.00513872 0.00945266 0
0.201 59 0.0385619 0.00524379 0.0196412 0
0.201 60 0.467867 0.00743037 0.0174186 0
0.301 51 0.311552 0.00326003 0.0175989 0
0.301 52 0.251496 0.00399729 0.011413 0
0.301 53 0.179595 0.0135678 0.00829821 0
0.301 54 0.362088 0.0069274 0.0108606 0
0.301 55 0.464087 0.0127717 0.00520015 0
0.301 56 0.429967 0.0172496 0.0107722 0
0.301 57 0.224979 0.00839137 0.0193448 0
0.301 58 0.324928 0.00503181 0.0105669 0
0.301 59 0.0575937 0.00474325 0.0194249 0
0.301 60 0.44883 0.00771292 0.018737 0
0.401 51 0.330539 0.00300058 0.0161618 0
0.401 52 0.270576 0.00455767 0.012174 0
0.401 53 0.19857 0.0140661 0.00936473 0
0.401 54 0.381109 0.00724987 0.011886 0
0.401 55 0.445049 0.0126008 0.00646688 0
0.401 56 0.44898 0.0165234 0.0115333 0
0.401 57 0.244051 0.00849749 0.0188473 0
0.401 58 0.343929 0.00560794 0.0118228 0
0.401 59 0.0766361 0.00533997 0.0176148 0
0.401 60 0.429745 0.00737084 0.0193247 0
0.501 51 0.349591 0.00240666 0.0150439 0
0.501 52 0.289622 0.00435911 0.0137418 0
0.501 53 0.217589 0.0137755 0.00981274 0
0.501 54 0.400156 0.00776829 0.0131871 0
0.501 55 0.425948 0.0124117 0.00743 0
0.501 56 0.467958 0.0164416 0.0122557 0
0.501 57 0.263131 0.00830908 0.0177105 0
0.501 58 0.362855 0.00581723 0.0134081 0
0.501 59 0.0956051 0.00535054 0.0162476 0
0.501 60 0.410671 0.00714839 0.0196719 0
0.601 51 0.368655 0.00298646 0.0141563 0
0.601 52 0.308623 0.00459963 0.0146481 0
0.601 53 0.236618 0.0142601 0.010267 0
0.601 54 0.419234 0.00762591 0.0139908 0
0.601 55 0.40696 0.0120855 0.00851516 0
0.601 56 0.487011 0.0168721 0.0129586 0
0.601 57 0.282084 0.00818907 0.016997 0
0.601 58 0.381916 0.00588256 0.0150091 0
0.601 59 0.114731 0.00499319 0.0152643 0
0.601 60 0.391669 0.00752114 0.0190813 0
0.701 51 0.387785 0.00282792 0.0136499 0
0.701 52 0.327669 0.00514208 0.0152572 0
0.701 53 0.255651 0.0144901 0.0116797 0
0.701 54 0.438343 0.00806131 0.0145337 0
0.701 55 0.387954 0.0119908 0.00967673 0
0.701 56 0.493826 0.0157911 0.0145762 0
0.701 57 0.301082 0.00856464 0.0156508 0
0.701 58 0.400909 0.00568724 0.0158509 0
0.701 59 0.13368 0.00497811 0.0139473 0
0.701 60 0.37269 0.00728453 0.0173205 0
0.801 51 0.406767 0.00347545 0.0131738 0
0.801 52 0.346688 0.00477119 0.0153722 0
0.801 53 0.274777 0.0142505 0.0120227 0
0.801 54 0.457306 0.00827678 0.0153499 0
0.801 55 0.368943 0.0121786 0.0104811 0
0.801 56 0.474807 0.0155611 0.0156363 0
0.801 57 0.320225 0.00854097 0.014792 0
0.801 58 0.419973 0.00615412 0.016315 0
0.801 59 0.152714 0.00438879 0.0132466 0
0.801 60 0.353633 0.00767889 0.0170255 0
0.901 51 0.42578 0.00285252 0.0117301 0
0.901 52 0.365662 0.00550917 0.0166266 0
0.901 53 0.293858 0.0145646 0.0132527 0
0.901 54 0.476315 0.00850424 0.0160255 0
0.901 55 0.349928 0.0115943 0.0108798 0
0.901 56 0.455674 0.0150919 0.0163921 0
0.901 57 0.339264 0.00873169 0.0129952 0
0.901 58 0.439076 0.0063749 0.017225 0
0.901 59 0.171821 0.00431835 0.012315 0
0.901 60 0.334525 0.00826766 0.0161726 0
1.001 51 0.444957 0.00291726 0.0110683 0
1.001 52 0.384609 0.00522296 0.016958 0
1.001 53 0.312828 0.0147189 0.0141531 0
1.001 54 0.495401 0.00861507 0.016405 0
1.001 55 0.33084 0.0115186 0.0117674 0
1.001 56 0.43666 0.0153899 0.0169293 0
1.001 57 0.35818 0.00887069 0.0118541 0
1.001 58 0.458125 0.00640692 0.0179581 0
1.001 59 0.190919 0.00502782 0.0111315 0
1.001 60 0.315375 0.00883074 0.015446 0
1.101 51 0.463858 0.00292421 0.00939993 0
1.101 52 0.403608 0.00482646 0.0176471 0
1.101 53 0.331751 0.0148138 0.0147017 0
1.101 54 0.485413 0.00801183 0.0165843 0
1.101 55 0.311878 0.0116344 0.0128521 0
1.101 56 0.417505 0.0147944 0.0175539 0
1.101 57 0.37706 0.00892441 0.0105332 0
1.101 58 0.477201 0.00572582 0.0189284 0
1.101 59 0.20992 0.00461613 0.00977978 0
1.101 60 0.296398 0.00845134 0.0147251 0
1.201 51 0.482826 0.00295144 0.00799654 0
1.201 52 0.422643 0.00475099 0.0197216 0
1.201 53 0.350836 0.0145683 0.015357 0
1.201 54 0.466344 0.00777819 0.0173412 0
1.201 55 0.292781 0.0115087 0.0137724 0
1.201 56 0.3985 0.0150089 0.0184945 0
1.201 57 0.396107 0.00808469 0.00941613 0
1.201 58 0.496309 0.00596062 0.0195218 0
1.201 59 0.228933 0.00455557 0.00820762 0
1.201 60 0.277398 0.00830972 0.0132819 0
1.301 51 0.498053 0.00336228 0.00670639 0
1.301 52 0.441692 0.00506469 0.0193487 0
1.301 53 0.369931 0.0147695 0.0165658 0
1.301 54 0.447424 0.00782093 0.0187286 0
1.301 55 0.273734 0.0113731 0.0145497 0
1.301 56 0.379464 0.0156605 0.019779 0
1.301 57 0.415197 0.00794361 0.00884437 0
1.301 58 0.484506 0.00589488 0.0189745 0
1.301 59 0.24805 0.00408322 0.0073682 8.1278e-09
1.301 60 0.258385 0.00820665 0.0122056 8.1278e-09
1.401 51 0.478984 0.00331874 0.00609583 0
1.401 52 0.46069 0.00481134 0.0179651 0
1.401 53 0.388962 0.0153267 0.0167184 0
1.401 54 0.428476 0.00794105 0.019695 0
1.401 55 0.254671 0.0114893 0.0154487 0
1.401 56 0.360434 0.0157817 0.0197518 0
1.401 57 0.434242 0.00695484 0.00739227 0
1.401 58 0.465432 0.00640832 0.0180583 0
1.401 59 0.267068 0.00391361 0.00689068 0
1.401 60 0.239466 0.00758644 0.0109595 0
1.501 51 0.459979 0.00367435 0.00503756 0
1.501 52 0.479748 0.00466416 0.017452 0
1.501 53 0.407952 0.0150759 0.017879 0
1.501 54 0.409388 0.00785514 0.0191497 0
1.501 55 0.235689 0.0106363 0.0162316 0
1.501 56 0.34142 0.0156032 0.0180643 0
1.501 57 0.453213 0.00686069 0.00645217 0
1.501 58 0.446439 0.00647839 0.0164961 0
1.501 59 0.286119 0.00373464 0.0066319 0
1.501 60 0.220433 0.00772602 0.00949366 0
1.601 51 0.441019 0.00498055 0.00398703 0
1.601 52 0.498734 0.00371754 0.0160263 0
1.601 53 0.426998 0.0152314 0.0190682 0
1.601 54 0.390398 0.00789849 0.0178877 0
1.601 55 0.216729 0.0101065 0.0173106 0
1.601 56 0.322415 0.0156378 0.0171428 0
1.601 57 0.47219 0.0075183 0.00597818 0
1.601 58 0.427442 0.00620903 0.0155164 0
1.601 59 0.305149 0.00376452 0.00627715 0
1.601 60 0.201314 0.00788117 0.00914339 0
1.701 51 0.421962 0.00475977 0.00291433 0
1.701 52 0.481939 0.00388442 0.0146074 0
1.701 53 0.446021 0.0149794 0.0199043 0
1.701 54 0.371382 0.00795766 0.0173472 0
1.701 55 0.1977 0.00907415 0.0178268 0
1.701 56 0.303425 0.0145081 0.0155981 0
1.701 57 0.491294 0.0076672 0.00424907 0
1.701 58 0.408442 0.00636889 0.0147296 0
1.701 59 0.32425 0.00395898 0.00485121 0
1.701 60 0.182349 0.00819914 0.00771743 0
1.801 51 0.402944 0.00517673 0.00234174 0
1.801 52 0.462922 0.00414258 0.0134401 0
1.801 53 0.465075 0.0146649 0.0183824 0
1.801 54 0.35235 0.00766613 0.0163659 0
1.801 55 0.178576 0.00976062 0.0187066 0
1.801 56 0.284417 0.0145275 0.0144437 0
1.801 57 0.489741 0.007409 0.00254371 0
1.801 58 0.389386 0.00538718 0.0139285 0
1.801 59 0.343191 0.00380739 0.00355412 0
1.801 60 0.163257 0.00860665 0.00639694 0
1.901 51 0.38393 0.0045793 0.00199965 0
1.901 52 0.443973 0.00460255 0.0123916 0
1.901 53 0.484088 0.0143924 0.0176982 0
1.901 54 0.333178 0.00774637 0.0149795 0
1.901 55 0.159572 0.0103332 0.0186588 0
1.901 56 0.265393 0.0146074 0.0131593 0
1.901 57 0.470792 0.00740293 0.00179101 0
1.901 58 0.370413 0.00496795 0.0120429 0
1.901 59 0.362071 0.0037813 0.00265086 0
1.901 60 0.144166 0.00824711 0.00518672 0
2.001 51 0.364962 0.00515305 0.00120889 0
2.001 52 0.424867 0.0042617 0.011522 0
2.001 53 0.496583 0.0142312 0.0168173 0
2.001 54 0.314183 0.00753567 0.0137047 0
2.001 55 0.140536 0.0099243 0.0197777 0
2.001 56 0.246378 0.0154001 0.0125841 0
2.001 57 0.451697 0.00772613 0.000292915 0
2.001 58 0.351477 0.00544625 0.0102751 0
2.001 59 0.381166 0.00364095 0.00180348 0
2.001 60 0.125158 0.00830107 0.0039198 0
2.101 51 0.3459 0.00502458 0.000176837 0
2.101 52 0.405816 0.0040445 0.0111424 0
2.101 53 0.477458 0.0143326 0.0158015 0
2.101 54 0.295137 0.00758036 0.0123894 0
2.101 55 0.121429 0.0103383 0.019233 0
2.101 56 0.227417 0.0149624 0.0120584 0
2.101 57 0.432601 0.00769089 0.000425027 0
2.101 58 0.332338 0.00547256 0.00953482 0
2.101 59 0.400188 0.00348928 0.000336254 0
2.101 60 0.106072 0.00889539 0.00348344 0
2.201 51 0.326941 0.00559989 0.000794286 0
2.201 52 0.386799 0.00349719 0.00969319 0
2.201 53 0.458445 0.0135898 0.0152666 0
2.201 54 0.276144 0.00715172 0.0104718 0
2.201 55 0.10242 0.0100143 0.0182193 0
2.201 56 0.208344 0.014881 0.0112169 0
2.201 57 0.413502 0.00793332 0.000988205 0
2.201 58 0.313364 0.00572585 0.00829474 0
2.201 59 0.419243 0.00319392 7.36869e-05 0
2.201 60 0.0869799 0.0085088 0.00246753 0
2.301 51 0.307908 0.00573935 0.00156542 0
2.301 52 0.367898 0.00289327 0.0088221 0
2.301 53 0.439434 0.0138687 0.0143551 0
2.301 54 0.257172 0.00735392 0.0100259 0
2.301 55 0.0834563 0.00968043 0.016901 0
2.301 56 0.189339 0.0148956 0.0091966 0
2.301 57 0.394564 0.00827816 0.00139989 0
2.301 58 0.294347 0.00616496 0.00722627 0
2.301 59 0.438296 0.00338707 0.000952786 0
2.301 60 0.0679994 0.00936466 0.00159448 0
2.401 51 0.288865 0.00573247 0.00192799 0
2.401 52 0.348823 0.00252639 0.00723633 0
2.401 53 0.420433 0.0140075 0.0127741 0
2.401 54 0.238081 0.00764469 0.00914475 0
2.401 55 0.0644683 0.0102003 0.016674 0
2.401 56 0.170236 0.0154896 0.0087828 0
2.401 57 0.37556 0.00785262 0.00243357 0
2.401 58 0.275302 0.00653951 0.00615824 0
2.401 59 0.457334 0.0031848 0.00145779 0
2.401 60 0.0490053 0.00984837 0.00120187 0
2.501 51 0.269745 0.00591783 0.00301033 0
2.501 52 0.329651 0.00271199 0.00591148 0
2.501 53 0.401401 0.0137497 0.0117856 0
2.501 54 0.219006 0.00702924 0.00873999 0
2.501 55 0.0455632 0.0105824 0.0156785 0
2.501 56 0.1511 0.0153898 0.00829496 0
2.501 57 0.356561 0.00763439 0.00345977 0
2.501 58 0.256333 0.00681561 0.0052254 9.75792e-09
2.501 59 0.476391 0.00390906 0.00174781 9.75792e-09
2.501 60 0.0299188 0.0102865 0.00062741 9.75792e-09
2.601 51 0.250616 0.00621482 0.00366187 2.69131e-08
2.601 52 0.310629 0.00310097 0.0047914 2.69131e-08
2.601 53 0.382298 0.0129601 0.011006 2.69131e-08
2.601 54 0.199907 0.00648949 0.00822151 2.69131e-08
2.601 55 0.0266181 0.0105407 0.0150747 2.69131e-08
2.601 56 0.132146 0.0153815 0.00652455 2.69131e-08
2.601 57 0.337517 0.00780415 0.00403568 2.69131e-08
2.601 58 0.23723 0.00653076 0.00472136 2.69131e-08
2.601 59 0.495366 0.00399507 0.002245 2.69131e-08
2.601 60 0.0108876 0.00986092 0.000523564 2.69131e-08
2.701 51 0.231535 0.00611583 0.00472306 0
2.701 52 0.291547 0.00334496 0.00386441 0
2.701 53 0.363097 0.013179 0.0104847 0
2.701 54 0.180838 0.00752153 0.0073374 0
2.701 55 0.00768769 0.0106056 0.0129893 0
2.701 56 0.113158 0.0158784 0.0058244 0
2.701 57 0.318417 0.00877561 0.00476107 0
2.701 58 0.218198 0.00671909 0.00331516 0
2.701 59 0.485484 0.00434157 0.00344383 0
2.701 60 0.00822877 0.0101562 0.00123729 0
2.801 51 0.21243 0.00609981 0.00604727 0
2.801 52 0.272507 0.00338486 0.00332397 0
2.801 53 0.344147 0.0129429 0.00905599 0
2.801 54 0.161773 0.00792375 0.00601437 0
2.801 55 0.0112859 0.0108286 0.0122375 0
2.801 56 0.094139 0.0164836 0.00448791 0
2.801 57 0.299346 0.00888269 0.0058317 0
2.801 58 0.1992 0.00705936 0.00287977 0
2.801 59 0.466472 0.00431327 0.004733 0
2.801 60 0.0271283 0.00932741 0.00246343 0
2.901 51 0.193526 0.00565645 0.00651176 0
2.901 52 0.25338 0.00381618 0.00298591 1.29172e-08
2.901 53 0.325114 0.0124655 0.00741323 1.29172e-08
2.901 54 0.142712 0.0079786 0.00548307 1.29172e-08
2.901 55 0.0303132 0.0111587 0.0115378 1.29172e-08
2.901 56 0.0751832 0.0161589 0.0035134 1.29172e-08
2.901 57 0.280381 0.00889642 0.00671624 1.29172e-08
2.901 58 0.180095 0.00725646 0.00274267 1.29172e-08
2.901 59 0.447425 0.00374215 0.00568432 1.29172e-08
2.901 60 0.0462206 0.00926176 0.00352245 1.29172e-08
3.001 51 0.174439 0.00582653 0.0071761 0
3.001 52 0.234447 0.00332187 0.00197596 0
3.001 53 0.306012 0.0134315 0.00601964 0
3.001 54 0.1237 0.00763113 0.00456707 0
3.001 55 0.0493169 0.0112987 0.0103644 0
3.001 56 0.0561763 0.0168422 0.00256606 0
3.001 57 0.261377 0.00936717 0.00832274 0
3.001 58 0.161186 0.00781772 0.00143663 0
3.001 59 0.428319 0.00313964 0.00632857 0
3.001 60 0.0651607 0.00939191 0.00511589 0
3.101 51 0.15541 0.00580256 0.00834719 0
3.101 52 0.215403 0.00321441 0.000725093 0
3.101 53 0.286905 0.0135152 0.00558238 0
3.101 54 0.104745 0.00760383 0.00355682 0
3.101 55 0.0684382 0.0104863 0.00990039 0
3.101 56 0.0370999 0.0169483 0.00164517 0
3.101 57 0.242372 0.00810835 0.00902137 0
3.101 58 0.142169 0.00793865 0.000933915 0
3.101 59 0.409295 0.00307609 0.00755349 0
3.101 60 0.0843631 0.00921922 0.00536007 0
3.201 51 0.136287 0.00579886 0.00964499 0
3.201 52 0.196299 0.00264148 0.000161115 0
3.201 53 0.267759 0.0136024 0.0052538 0
3.201 54 0.0856354 0.00720767 0.00188737 0
3.201 55 0.0875966 0.0108141 0.00928848 0
3.201 56 0.0180948 0.0169463 0.000653024 0
3.201 57 0.22325 0.00774299 0.0100338 0
3.201 58 0.122978 0.00802888 0.000936211 0
3.201 59 0.390125 0.00252314 0.00866859 0
3.201 60 0.103333 0.00915588 0.00691024 0
3.301 51 0.117172 0.00633234 0.0109979 0
3.301 52 0.17727 0.00261427 0.0014936 0
3.301 53 0.248673 0.0141997 0.00377213 2.25024e-08
3.301 54 0.0665183 0.00755589 0.00141795 2.25024e-08
3.301 55 0.106693 0.0109317 0.00859127 2.25024e-08
3.301 56 0.000982514 0.0166837 0.00100832 2.25024e-08
3.301 57 0.204201 0.00781385 0.0105551 2.25024e-08
3.301 58 0.103993 0.00761106 0.000104928 2.25024e-08
3.301 59 0.371104 0.00257283 0.00967869 2.25024e-08
3.301 60 0.122424 0.00906556 0.00795875 2.25024e-08
3.401 51 0.098089 0.00636965 0.01271 0
3.401 52 0.158193 0.00299834 0.00300431 0
3.401 53 0.229596 0.014606 0.00313167 0
3.401 54 0.0474035 0.00736475 0.000235867 0
3.401 55 0.125745 0.0102718 0.00722803 0
3.401 56 0.0200074 0.0162939 0.00191813 0
3.401 57 0.185068 0.00766367 0.0117374 0
3.401 58 0.0850272 0.00768792 0.00164082 0
3.401 59 0.352106 0.00164334 0.0101515 0
3.401 60 0.141396 0.00878795 0.00928661 0
3.501 51 0.0789419 0.00633922 0.0131109 0
3.501 52 0.139129 0.00342732 0.00417247 0
3.501 53 0.210593 0.0147995 0.00214614 0
3.501 54 0.0283076 0.00706969 0.0007878 0
3.501 55 0.144845 0.0103865 0.00659652 0
3.501 56 0.0390134 0.0161707 0.00313445 0
3.501 57 0.165957 0.00812181 0.0130315 0
3.501 58 0.0660418 0.00840636 0.00265628 0
3.501 59 0.333001 0.00194408 0.010623 0
3.501 60 0.160416 0.00922462 0.0106735 0
3.601 51 0.0597622 0.00574233 0.013793 0
3.601 52 0.120042 0.00366602 0.00536265 0
3.601 53 0.191515 0.0142035 0.00128968 0
3.601 54 0.00925833 0.0079918 0.00246822 0
3.601 55 0.163958 0.00974784 0.00535519 0
3.601 56 0.0580315 0.0165472 0.00341356 0
3.601 57 0.146779 0.00780947 0.013549 0
3.601 58 0.0470685 0.00854752 0.00383882 0
3.601 59 0.314119 0.00158811 0.0115248 0
3.601 60 0.179466 0.00977758 0.0116762 0
3.701 51 0.0407184 0.00613466 0.015025 0
3.701 52 0.101021 0.00386183 0.00648888 0
3.701 53 0.172452 0.0139823 0.000556067 0
3.701 54 0.00997113 0.00757838 0.00386128 0
3.701 55 0.182976 0.0111789 0.00421108 0
3.701 56 0.077048 0.0168978 0.00429395 0
3.701 57 0.127784 0.0076067 0.0139107 0
3.701 58 0.0279901 0.00882586 0.00448887 0
3.701 59 0.295037 0.00135822 0.0118211 0
3.701 60 0.198545 0.00942368 0.0125314 0
3.801 51 0.0216465 0.00586916 0.0154791 0
3.801 52 0.081955 0.00397161 0.00760742 0
3.801 53 0.153346 0.0135775 7.35632e-05 0
3.801 54 0.029027 0.00735276 0.00474151 0
3.801 55 0.202066 0.0107129 0.00280687 0
3.801 56 0.0960531 0.0160279 0.00534712 0
3.801 57 0.10878 0.00735784 0.0146781 0
3.801 58 0.00901789 0.00803932 0.00551253 0
3.801 59 0.276034 0.00191206 0.0127448 0
3.801 60 0.217532 0.00931137 0.0137823 0
3.901 51 0.0026984 0.00566118 0.0173722 0
3.901 52 0.0629874 0.00358565 0.00958211 0
3.901 53 0.134285 0.0142664 0.000539734 0
3.901 54 0.0480576 0.00694963 0.00621447 0
3.901 55 0.220969 0.0109149 0.00124513 0
3.901 56 0.115108 0.0165544 0.00607429 0
3.901 57 0.0897642 0.00771061 0.0155854 0
3.901 58 0.010259 0.00839797 0.00688242 0
3.901 59 0.257063 0.0018708 0.013586 0
3.901 60 0.236495 0.00918803 0.0145647 0
4.001 51 0.0163583 0.00532055 0.0177322 0
4.001 52 0.043847 0.00372542 0.00929208 0
4.001 53 0.115248 0.0134283 0.00113482 0
4.001 54 0.0670957 0.00652559 0.00756967 0
4.001 55 0.240042 0.0109097 0.000207084 0
4.001 56 0.13414 0.0167687 0.00690014 0
4.001 57 0.0707171 0.00755771 0.0167192 0
4.001 58 0.0291952 0.00840466 0.00736723 0
4.001 59 0.237932 0.00244797 0.0149854 0
4.001 60 0.255573 0.00943232 0.0161796 0
4.101 51 0.0354237 0.00487404 0.019015 0
4.101 52 0.0247602 0.00428226 0.0098855 0
4.101 53 0.0962147 0.0137485 0.00209845 0
4.101 54 0.0861621 0.00720398 0.00857964 0
4.101 55 0.259268 0.0110597 0.00021361 8.69124e-09
4.101 56 0.15331 0.0174539 0.00764375 8.69124e-09
4.101 57 0.0516897 0.00799008 0.0173945 8.69124e-09
4.101 58 0.0482541 0.00810217 0.00921912 8.69124e-09
4.101 59 0.218944 0.00255329 0.0162377 8.69124e-09
4.101 60 0.274722 0.00950489 0.0169831 8.69124e-09
4.201 51 0.0545905 0.00444909 0.0193136 0
4.201 52 0.00565871 0.00421152 0.0109247 0
4.201 53 0.0771014 0.0137786 0.00330051 0
4.201 54 0.105039 0.0073253 0.0102396 0
4.201 55 0.278251 0.0111171 0.00180502 0
4.201 56 0.172334 0.0174379 0.00925829 0
4.201 57 0.0326319 0.0073158 0.0181192 0
4.201 58 0.0671912 0.00747803 0.00961513 0
4.201 59 0.199917 0.00225567 0.0178423 0
4.201 60 0.293703 0.0100395 0.0184457 0
4.301 51 0.0735859 0.00399332 0.0198064 0
4.301 52 0.0137058 0.0034527 0.0116777 0
4.301 53 0.0580758 0.0133564 0.00416051 0
4.301 54 0.124024 0.00735601 0.0116166 0
4.301 55 0.297265 0.010792 0.00280058 0
4.301 56 0.191467 0.0171652 0.00998464 0
4.301 57 0.0136039 0.00730475 0.0191778 0
4.301 58 0.08621 0.0075309 0.0104516 0
4.301 59 0.18083 0.00264875 0.0185093 0
4.301 60 0.312776 0.00942603 0.0194476 0
4.401 51 0.092782 0.00401951 0.0192697 0
4.401 52 0.0327249 0.00339979 0.0122464 0
4.401 53 0.0390908 0.0131153 0.00532123 0
4.401 54 0.143097 0.00717032 0.0124086 0
4.401 55 0.316324 0.0110492 0.00382692 0
4.401 56 0.210387 0.0174366 0.010746 0
4.401 57 0.00561373 0.00751762 0.0197656 0
4.401 58 0.105233 0.00789003 0.011334 0
4.401 59 0.161708 0.00211901 0.019072 0
4.401 60 0.331835 0.00910635 0.019083 0
4.501 51 0.111813 0.00438762 0.017852 0
4.501 52 0.051687 0.00318793 0.0138399 0
4.501 53 0.0200248 0.012561 0.00573455 0
4.501 54 0.162174 0.00721851 0.0132833 0
4.501 55 0.335392 0.0111192 0.00481906 0
4.501 56 0.229498 0.0178957 0.01153 0
4.501 57 0.0246722 0.00803861 0.019737 0
4.501 58 0.124276 0.00794023 0.0121749 0
4.501 59 0.142678 0.00132694 0.0195386 0
4.501 60 0.350804 0.00937964 0.0184548 0
4.601 51 0.130867 0.00371991 0.0165091 0
4.601 52 0.0708225 0.003416 0.0146644 0
4.601 53 0.00107934 0.012074 0.00701587 0
4.601 54 0.181202 0.00710736 0.0147037 0
4.601 55 0.354504 0.0119659 0.00586678 0
4.601 56 0.248523 0.0179983 0.0125662 0
4.601 57 0.043677 0.00778225 0.0184022 0
4.601 58 0.143289 0.00757077 0.0137353 0
4.601 59 0.123699 0.00140511 0.0178202 0
4.601 60 0.369776 0.00905203 0.0168219 0
4.701 51 0.149918 0.0020441 0.0160004 0
4.701 52 0.0897381 0.00342061 0.0157925 0
4.701 53 0.0181827 0.0120881 0.0079 0
4.701 54 0.200291 0.00756924 0.0157711 0
4.701 55 0.37356 0.0109058 0.00630585 0
4.701 56 0.2676 0.0179817 0.013217 0
4.701 57 0.0626213 0.00812505 0.0173652 0
4.701 58 0.162394 0.00713526 0.0144764 0
4.701 59 0.104541 0.0010637 0.0168218 0
4.701 60 0.388758 0.00900835 0.0149725 0
4.801 51 0.169055 0.00145025 0.0151879 0
4.801 52 0.108849 0.00385752 0.0167489 0
4.801 53 0.0372485 0.0124909 0.00911268 0
4.801 54 0.219218 0.00822165 0.0171931 0
4.801 55 0.392561 0.0110838 0.00698346 0
4.801 56 0.286649 0.0173766 0.0135408 0
4.801 57 0.0817542 0.00886335 0.0160149 0
4.801 58 0.18137 0.00612661 0.0151304 0
4.801 59 0.0854281 0.0013502 0.0168043 0
4.801 60 0.407762 0.00863416 0.0135987 0
4.901 51 0.18813 0.00163159 0.0141658 0
4.901 52 0.127968 0.00332618 0.0167105 0
4.901 53 0.0563759 0.0120701 0.00978662 0
4.901 54 0.238326 0.00849725 0.0180006 0
4.901 55 0.411468 0.0102671 0.00788503 0
4.901 56 0.305641 0.0175218 0.0150062 0
4.901 57 0.100737 0.00934322 0.014768 0
4.901 58 0.200341 0.00625151 0.0162611 0
4.901 59 0.0664258 0.0015619 0.0156291 0
4.901 60 0.42682 0.00849743 0.0126834 0
