0.001 51 0.261345 0.0156313 0.0177148 0
0.001 52 0.483634 0.0125161 0.0178269 0
0.001 53 0.00564165 0.00768831 0.00695519 0
0.001 54 0.0902742 0.00913521 0.017476 0
0.001 55 0.0381396 0.0108428 0.00415586 0
0.001 56 0.441959 0.00930321 0.0048569 0
0.001 57 0.175332 0.00376694 0.00327685 0
0.001 58 0.319961 0.0184154 0.0119245 0
0.001 59 0.141254 0.0142555 0.0141574 0
0.001 60 0.187863 0.00304347 0.00553661 0
0.001 61 0.254579 0.00669202 0.00760639 8.42955e-09
0.001 62 0.137252 0.0122992 0.00172938 8.42955e-09
0.001 63 0.296454 0.0132094 0.000287968 8.42955e-09
0.001 64 0.0401302 0.00105338 0.00571971 8.42955e-09
0.001 65 0.353178 0.0109387 0.0129733 8.42955e-09
0.101 51 0.280501 0.0151293 0.0185985 0
0.101 52 0.497004 0.0115849 0.018499 0
0.101 53 0.0246141 0.00846521 0.00746732 0
0.101 54 0.109298 0.00861423 0.018248 0
0.101 55 0.0571198 0.011139 0.00444738 0
0.101 56 0.460858 0.00890193 0.00624792 0
0.101 57 0.194401 0.00390987 0.00436822 0
0.101 58 0.339002 0.0186649 0.0133551 0
0.101 59 0.160314 0.0143108 0.014976 0
0.101 60 0.206875 0.00317938 0.00663435 0
0.101 61 0.273499 0.00649736 0.00912041 0
0.101 62 0.156272 0.0122275 0.00257443 0
0.101 63 0.315549 0.012928 0.00100849 0
0.101 64 0.0592925 0.00154683 0.00632069 0
0.101 65 0.37218 0.0104929 0.0132883 0
0.201 51 0.299481 0.0148168 0.0193437 0
0.201 52 0.478013 0.0106872 0.0199844 0
0.201 53 0.0435585 0.00860342 0.0080557 0
0.201 54 0.128348 0.00880645 0.0199233 0
0.201 55 0.07619 0.0112234 0.00504839 0
0.201 56 0.479905 0.00964029 0.00684209 0
0.201 57 0.213432 0.00333921 0.00550758 0
0.201 58 0.358061 0.0183442 0.0136664 0
0.201 59 0.179324 0.0140394 0.0161824 0
0.201 60 0.225882 0.00271617 0.00753237 0
0.201 61 0.292545 0.00640725 0.0102176 0
0.201 62 0.175309 0.0121036 0.00332085 0
0.201 63 0.334584 0.0127382 0.00187699 0
0.201 64 0.0782792 0.00231167 0.00695079 0
0.201 65 0.391296 0.010407 0.0136992 0
0.301 51 0.318595 0.0146116 0.0191866 0
0.301 52 0.458959 0.0105893 0.0188486 0
0.301 53 0.062632 0.00909165 0.00941374 0
0.301 54 0.147431 0.00852001 0.0194705 0
0.301 55 0.0950636 0.0110053 0.00604752 0
0.301 56 0.498903 0.00971743 0.00757157 0
0.301 57 0.232369 0.00349856 0.00711367 0
0.301 58 0.37708 0.0177332 0.0145045 0
0.301 59 0.198499 0.0133692 0.0166344 0
0.301 60 0.244927 0.00276205 0.00791841 0
0.301 61 0.311508 0.00702196 0.0108872 0
0.301 62 0.194254 0.012255 0.00326999 0
0.301 63 0.353639 0.0122139 0.00274005 0
0.301 64 0.0973081 0.00194673 0.00768791 0
0.301 65 0.410334 0.010517 0.0139533 0
0.401 51 0.337559 0.0150347 0.0178898 0
0.401 52 0.439967 0.0116135 0.0177164 0
0.401 53 0.0817264 0.008697 0.0105266 0
0.401 54 0.166454 0.00884899 0.0189146 0
0.401 55 0.114096 0.0108817 0.00582645 0
0.401 56 0.481904 0.00997657 0.00773848 0
0.401 57 0.251316 0.00300668 0.00780441 0
0.401 58 0.39598 0.0180256 0.0151003 0
0.401 59 0.217539 0.0136704 0.0178995 0
0.401 60 0.263937 0.0028132 0.00850657 0
0.401 61 0.330581 0.00713389 0.0113911 0
0.401 62 0.21333 0.0129925 0.00355135 0
0.401 63 0.372543 0.0123687 0.00313835 0
0.401 64 0.116411 0.0020667 0.00735448 0
0.401 65 0.429395 0.0107529 0.015225 0
0.501 51 0.356635 0.0149324 0.016574 0
0.501 52 0.421064 0.0117378 0.0166436 0
0.501 53 0.100694 0.00873004 0.0117457 0
0.501 54 0.185482 0.00896532 0.017325 0
0.501 55 0.133226 0.00977917 0.00662014 0
0.501 56 0.462869 0.01015 0.00878109 0
0.501 57 0.270233 0.0025908 0.00908857 0
0.501 58 0.414994 0.0178264 0.016719 0
0.501 59 0.236516 0.0133672 0.0181568 0
0.501 60 0.283042 0.00211327 0.00891797 0
0.501 61 0.349684 0.00749628 0.0120206 0
0.501 62 0.232227 0.0125194 0.00460729 0
0.501 63 0.391685 0.0120855 0.0043114 0
0.501 64 0.135518 0.0020975 0.00738642 0
0.501 65 0.448507 0.0104438 0.016017 0
0.601 51 0.37565 0.0144393 0.015468 0
0.601 52 0.402075 0.0120737 0.0153766 0
0.601 53 0.119759 0.00842061 0.0131467 0
0.601 54 0.204545 0.00912811 0.0158377 0
0.601 55 0.15213 0.00995929 0.00786686 0
0.601 56 0.443768 0.00965487 0.00918129 0
0.601 57 0.289261 0.00241907 0.0103008 0
0.601 58 0.434037 0.0173403 0.0168329 0
0.601 59 0.255725 0.0125904 0.0178716 0
0.601 60 0.302057 0.00139264 0.00937594 0
0.601 61 0.368696 0.00763746 0.0125198 0
0.601 62 0.251189 0.0123164 0.0062075 1.66995e-08
0.601 63 0.410679 0.0126749 0.00532345 1.66995e-08
0.601 64 0.154553 0.00192708 0.00767716 1.66995e-08
0.601 65 0.467566 0.0108839 0.0175142 1.66995e-08
0.701 51 0.394685 0.0139832 0.0145824 0
0.701 52 0.382985 0.0121071 0.0140395 0
0.701 53 0.138814 0.00845769 0.0127669 0
0.701 54 0.223635 0.00953577 0.0151676 0
0.701 55 0.171274 0.0107816 0.00829906 0
0.701 56 0.424733 0.00981967 0.0107876 0
0.701 57 0.308238 0.00279025 0.0103321 0
0.701 58 0.452991 0.0169355 0.0175647 0
0.701 59 0.274733 0.0128343 0.0183449 0
0.701 60 0.320961 0.00153566 0.0107109 0
0.701 61 0.387808 0.00735581 0.0138223 0
0.701 62 0.270221 0.0122579 0.00766327 0
0.701 63 0.429789 0.0122984 0.00641064 0
0.701 64 0.173584 0.00190061 0.00877111 0
0.701 65 0.486538 0.0113173 0.0183969 0
0.801 51 0.413597 0.0137243 0.0131873 0
0.801 52 0.36383 0.0122678 0.0136659 0
0.801 53 0.157894 0.00832334 0.0129218 0
0.801 54 0.242797 0.00919705 0.0146712 0
0.801 55 0.190348 0.0109782 0.00938081 0
0.801 56 0.405721 0.0101549 0.0113671 0
0.801 57 0.327277 0.00259878 0.0112246 0
0.801 58 0.472037 0.0173921 0.0183604 0
0.801 59 0.293716 0.0124741 0.0192237 0
0.801 60 0.3399 0.00214307 0.0115908 0
0.801 61 0.406844 0.00773984 0.0147569 0
0.801 62 0.289249 0.012808 0.00819239 0
0.801 63 0.448691 0.0125751 0.00723561 0
0.801 64 0.192562 0.00127791 0.00999349 0
0.801 65 0.494184 0.0118859 0.0192769 0
0.901 51 0.432634 0.0137814 0.0123049 0
0.901 52 0.344806 0.0118719 0.012865 0
0.901 53 0.176832 0.00861321 0.0142196 0
0.901 54 0.26176 0.00913894 0.0134568 0
0.901 55 0.209424 0.011185 0.00953354 0
0.901 56 0.386655 0.0100778 0.0125688 0
0.901 57 0.346266 0.00283102 0.0120643 0
0.901 58 0.491022 0.017446 0.0192904 0
0.901 59 0.312761 0.0120542 0.0198134 0
0.901 60 0.358947 0.00224498 0.0126434 0
0.901 61 0.425855 0.00794766 0.0158014 0
0.901 62 0.308225 0.0123709 0.0100583 0
0.901 63 0.46763 0.0119768 0.00869473 0
0.901 64 0.211559 0.00107051 0.0105973 0
0.901 65 0.475145 0.0120769 0.0196158 0
1.001 51 0.451624 0.014159 0.0116769 0
1.001 52 0.32572 0.0120534 0.0117868 0
1.001 53 0.195921 0.00888207 0.0147749 0
1.001 54 0.280754 0.00885124 0.0124997 0
1.001 55 0.228354 0.011495 0.010709 0
1.001 56 0.367593 0.0102634 0.0136979 0
1.001 57 0.365211 0.00261231 0.0130516 0
1.001 58 0.489531 0.0173222 0.0197438 0
1.001 59 0.331879 0.0117746 0.0187741 0
1.001 60 0.377919 0.00243363 0.0140737 0
1.001 61 0.444989 0.00747236 0.0167632 0
1.001 62 0.327287 0.0130347 0.0108025 0
1.001 63 0.486783 0.0115236 0.00910674 0
1.001 64 0.230575 0.00145272 0.0120975 0
1.001 65 0.456199 0.0125135 0.0188005 0
1.101 51 0.47059 0.0135936 0.010267 0
1.101 52 0.30667 0.0115938 0.0106242 0
1.101 53 0.215029 0.00828202 0.0145961 0
1.101 54 0.299743 0.00809847 0.0108828 0
1.101 55 0.247452 0.0117625 0.0118395 0
1.101 56 0.348513 0.0108202 0.0143995 0
1.101 57 0.384382 0.00258519 0.0139399 0
1.101 58 0.470503 0.0171744 0.0192863 0
1.101 59 0.350777 0.0120223 0.0177756 0
1.101 60 0.397031 0.00214416 0.0150813 0
1.101 61 0.464099 0.00783387 0.0169209 0
1.101 62 0.346338 0.0132388 0.0108903 0
1.101 63 0.49404 0.0120744 0.0102939 0
1.101 64 0.249537 0.00145836 0.0127427 0
1.101 65 0.437094 0.0122278 0.0178608 0
1.201 51 0.489702 0.0134995 0.00875633 0
1.201 52 0.287673 0.0113343 0.00926899 0
1.201 53 0.234067 0.00708743 0.0156064 0
1.201 54 0.318889 0.00851697 0.010522 0
1.201 55 0.266507 0.01155 0.0120656 0
1.201 56 0.329452 0.0108368 0.0151476 0
1.201 57 0.4034 0.00263762 0.0150586 0
1.201 58 0.45144 0.0174277 0.018572 0
1.201 59 0.369799 0.0114985 0.0161095 0
1.201 60 0.416186 0.00160541 0.0160161 0
1.201 61 0.483117 0.00787744 0.0181684 0
1.201 62 0.365396 0.0132478 0.0121682 0
1.201 63 0.475044 0.011386 0.01111 0
1.201 64 0.26845 0.00124544 0.0133386 0
1.201 65 0.417954 0.0122945 0.0177115 0
1.301 51 0.491144 0.0135082 0.00738362 0
1.301 52 0.268706 0.0112201 0.00810718 0
1.301 53 0.253124 0.00754932 0.0160839 0
1.301 54 0.338042 0.00769711 0.00964058 0
1.301 55 0.285494 0.0118961 0.0122749 0
1.301 56 0.310441 0.0110983 0.0158234 0
1.301 57 0.422426 0.00308689 0.0161842 0
1.301 58 0.432392 0.016849 0.0172249 0
1.301 59 0.388856 0.0110074 0.0162098 0
1.301 60 0.435293 0.00187158 0.0173794 0
1.301 61 0.497607 0.00801089 0.0186686 0
1.301 62 0.384452 0.0133075 0.0126231 0
1.301 63 0.455936 0.0113601 0.0119871 0
1.301 64 0.287478 0.00049643 0.0143286 0
1.301 65 0.398889 0.0122652 0.0171891 0
1.401 51 0.472086 0.0137046 0.00614851 0
1.401 52 0.249748 0.0118334 0.00775307 1.191e-08
1.401 53 0.272153 0.00763681 0.0170616 1.191e-08
1.401 54 0.35694 0.00815038 0.00896868 1.191e-08
1.401 55 0.304473 0.0115915 0.0140526 1.191e-08
1.401 56 0.291427 0.010905 0.0173965 1.191e-08
1.401 57 0.441519 0.00276236 0.0168826 1.191e-08
1.401 58 0.413441 0.01653 0.0163149 1.191e-08
1.401 59 0.407926 0.0113212 0.0154011 1.191e-08
1.401 60 0.45422 0.00207008 0.0181062 1.191e-08
1.401 61 0.478632 0.00723696 0.0198017 1.191e-08
1.401 62 0.40351 0.0134166 0.0134893 1.191e-08
1.401 63 0.436855 0.0123116 0.0123609 1.191e-08
1.401 64 0.306488 0.000904996 0.0152768 1.191e-08
1.401 65 0.379771 0.0123245 0.0165937 1.191e-08
1.501 51 0.453025 0.0135138 0.004928 0
1.501 52 0.230828 0.0115214 0.00628864 0
1.501 53 0.291206 0.0074129 0.0183132 0
1.501 54 0.376085 0.00896238 0.00821576 0
1.501 55 0.323495 0.0117369 0.0144299 0
1.501 56 0.272412 0.0107631 0.0187044 0
1.501 57 0.46048 0.00290496 0.0179422 0
1.501 58 0.394394 0.0165461 0.0158313 0
1.501 59 0.426917 0.011944 0.0138378 0
1.501 60 0.473138 0.00191352 0.0191533 0
1.501 61 0.459528 0.0071043 0.0187749 0
1.501 62 0.422615 0.0134662 0.0152346 0
1.501 63 0.417812 0.0128214 0.01323 0
1.501 64 0.325428 0.0014037 0.0175306 0
1.501 65 0.360746 0.0126725 0.0154789 0
1.601 51 0.43399 0.0135223 0.00334732 0
1.601 52 0.211768 0.0107733 0.00534396 0
1.601 53 0.310189 0.00695094 0.0193473 0
1.601 54 0.395024 0.00842822 0.00719837 0
1.601 55 0.342602 0.0110505 0.0156375 0
1.601 56 0.253305 0.0108168 0.0199156 0
1.601 57 0.479537 0.0033703 0.0187725 0
1.601 58 0.375304 0.0171948 0.0152004 0
1.601 59 0.445866 0.011408 0.0131974 0
1.601 60 0.492165 0.00190403 0.0197745 0
1.601 61 0.440393 0.00641728 0.0176647 0
1.601 62 0.441554 0.013514 0.0173052 0
1.601 63 0.39872 0.0127322 0.0144547 0
1.601 64 0.344449 0.00111626 0.0184111 0
1.601 65 0.341696 0.0119214 0.0146471 0
1.701 51 0.414947 0.0134229 0.00266013 0
1.701 52 0.192673 0.0112016 0.00474364 0
1.701 53 0.329236 0.00678147 0.0192279 0
1.701 54 0.414069 0.00803735 0.00575834 0
1.701 55 0.361657 0.0108717 0.0163538 0
1.701 56 0.234295 0.0107811 0.0191747 0
1.701 57 0.498546 0.00409123 0.0197791 0
1.701 58 0.356255 0.0174004 0.014162 0
1.701 59 0.464899 0.011008 0.0120069 0
1.701 60 0.488686 0.00121191 0.0186398 0
1.701 61 0.421351 0.00607735 0.0167037 0
1.701 62 0.460588 0.0140796 0.0177691 0
1.701 63 0.379695 0.0134151 0.0157891 0
1.701 64 0.36353 0.00134894 0.019587 0
1.701 65 0.322653 0.0115096 0.0135569 0
1.801 51 0.395966 0.0128119 0.00140067 0
1.801 52 0.173552 0.0108903 0.00383785 0
1.801 53 0.348335 0.00657229 0.0187276 0
1.801 54 0.433191 0.00803081 0.00500105 0
1.801 55 0.380665 0.0114026 0.017777 0
1.801 56 0.215207 0.0101802 0.0180849 0
1.801 57 0.482312 0.00425899 0.0183597 0
1.801 58 0.337274 0.0172522 0.0125428 0
1.801 59 0.483946 0.0108822 0.0111234 0
1.801 60 0.4697 0.000544603 0.0174157 0
1.801 61 0.402331 0.00648268 0.0155112 0
1.801 62 0.479554 0.0133434 0.0185731 0
1.801 63 0.36074 0.0139555 0.0170487 0
1.801 64 0.382623 0.00140162 0.0196703 0
1.801 65 0.303654 0.0117801 0.0116858 0
1.901 51 0.377005 0.0122571 0.00030853 0
1.901 52 0.1546 0.0103859 0.00281025 0
1.901 53 0.367339 0.0059317 0.0173433 0
1.901 54 0.452317 0.00743843 0.00386828 0
1.901 55 0.399755 0.0109931 0.0192132 0
1.901 56 0.196061 0.00999183 0.017202 0
1.901 57 0.463226 0.00370684 0.0174772 0
1.901 58 0.318247 0.0177223 0.0123552 0
1.901 59 0.496645 0.0109718 0.0108655 0
1.901 60 0.450661 0.000588474 0.0158897 0
1.901 61 0.38325 0.00582698 0.0146997 0
1.901 62 0.498624 0.0130037 0.0197236 0
1.901 63 0.341577 0.0141144 0.0175806 0
1.901 64 0.401669 0.00161265 0.0182243 0
1.901 65 0.284745 0.011948 0.0108706 0
2.001 51 0.357912 0.012577 0.000742431 0
2.001 52 0.135485 0.0105083 0.00187023 0
2.001 53 0.386447 0.00590537 0.0161139 0
2.001 54 0.47132 0.00854805 0.0027696 0
2.001 55 0.418615 0.0116905 0.0189948 0
2.001 56 0.177095 0.0109051 0.0163877 0
2.001 57 0.444303 0.00371992 0.0163465 0
2.001 58 0.299236 0.0172139 0.0117415 0
2.001 59 0.47769 0.0111518 0.00961072 0
2.001 60 0.431697 0.000838358 0.0147157 0
2.001 61 0.364242 0.00526499 0.0134381 0
2.001 62 0.482196 0.0126759 0.0193911 0
2.001 63 0.322638 0.0136571 0.0193866 0
2.001 64 0.420594 0.00121832 0.0178363 0
2.001 65 0.265666 0.0117764 0.0105408 0
2.101 51 0.338788 0.0123247 0.000976281 0
2.101 52 0.116456 0.0112568 0.000490489 0
2.101 53 0.405485 0.00640046 0.0151806 0
2.101 54 0.490258 0.0091371 0.00132683 0
2.101 55 0.437563 0.0110369 0.0176339 0
2.101 56 0.158066 0.0098768 0.015258 0
2.101 57 0.425264 0.00377996 0.0155894 0
2.101 58 0.280182 0.0170751 0.0110894 0
2.101 59 0.458655 0.0107045 0.00876786 0
2.101 60 0.412618 0.000447897 0.0142996 0
2.101 61 0.345249 0.00497535 0.0122223 0
2.101 62 0.463103 0.0121158 0.0186538 0
2.101 63 0.303611 0.0135154 0.0197937 0
2.101 64 0.439538 0.00107663 0.0173127 0
2.101 65 0.246578 0.0114057 0.00938472 0
2.201 51 0.319809 0.0124422 0.00204926 0
2.201 52 0.0974214 0.011378 0.000333457 0
2.201 53 0.42451 0.00604508 0.0141947 0
2.201 54 0.490697 0.00925347 0.000300289 0
2.201 55 0.456519 0.0112477 0.0162964 0
2.201 56 0.139056 0.00985539 0.0144741 0
2.201 57 0.406243 0.00390317 0.0139713 0
2.201 58 0.261092 0.0168619 0.00949446 0
2.201 59 0.439708 0.0103134 0.00774977 0
2.201 60 0.393621 9.07464e-05 0.0131127 0
2.201 61 0.326275 0.00501734 0.0107975 0
2.201 62 0.444279 0.0119962 0.0171213 0
2.201 63 0.284688 0.0131459 0.0187781 0
2.201 64 0.458708 0.000780132 0.016545 0
2.201 65 0.22757 0.0121497 0.00823555 0
2.301 51 0.300757 0.012671 0.00296206 0
2.301 52 0.078391 0.0112552 0.000429917 0
2.301 53 0.443658 0.00595934 0.0136462 0
2.301 54 0.471768 0.0085045 0.00170829 0
2.301 55 0.47556 0.0106454 0.0148792 0
2.301 56 0.119999 0.00982501 0.0137083 0
2.301 57 0.387107 0.00362959 0.0138587 0
2.301 58 0.242078 0.0171045 0.00857062 0
2.301 59 0.420708 0.01023 0.00706452 0
2.301 60 0.374588 0.000361424 0.0115205 0
2.301 61 0.307283 0.0044554 0.0100394 0
2.301 62 0.425224 0.0128573 0.0154382 0
2.301 63 0.26575 0.0129608 0.0178125 0
2.301 64 0.477559 0.000789695 0.0146897 0
2.301 65 0.20843 0.013112 0.00754609 0
2.401 51 0.281795 0.0132059 0.00317831 0
2.401 52 0.0593091 0.0115778 0.00127289 0
2.401 53 0.462717 0.00629149 0.0126394 0
2.401 54 0.452683 0.00910497 0.00284033 0
2.401 55 0.494539 0.0102209 0.0136661 0
2.401 56 0.10092 0.0105901 0.0127084 0
2.401 57 0.367973 0.00395409 0.0134128 0
2.401 58 0.223202 0.0162948 0.00708968 0
2.401 59 0.401642 0.0100524 0.0057032 0
2.401 60 0.355563 0.000308963 0.0099797 0
2.401 61 0.288104 0.00438368 0.0100059 0
2.401 62 0.40626 0.0130195 0.0151374 0
2.401 63 0.246726 0.0126761 0.0164754 0
2.401 64 0.496564 0.000445244 0.0134574 0
2.401 65 0.189378 0.0133432 0.00622649 0
2.501 51 0.262836 0.012692 0.00430637 0
2.501 52 0.0402628 0.0115242 0.00227917 0
2.501 53 0.481822 0.00646683 0.0118392 0
2.501 54 0.433657 0.00816866 0.00342812 0
2.501 55 0.486041 0.0106129 0.0121632 0
2.501 56 0.0817287 0.0106378 0.0121247 0
2.501 57 0.348793 0.00395673 0.0123035 0
2.501 58 0.204153 0.0161863 0.00587007 0
2.501 59 0.382454 0.00980141 0.00486763 0
2.501 60 0.336489 0.000769804 0.00942534 0
2.501 61 0.269133 0.0043966 0.00923937 0
2.501 62 0.387262 0.0127264 0.013267 0
2.501 63 0.22758 0.0122794 0.0156351 0
2.501 64 0.484342 5.72995e-05 0.0128444 0
2.501 65 0.170353 0.0136026 0.00451636 0
2.601 51 0.243728 0.0130212 0.00520178 1.00191e-08
2.601 52 0.0211639 0.0122934 0.00244964 1.00191e-08
2.601 53 0.49899 0.00684715 0.0117881 1.00191e-08
2.601 54 0.414768 0.00902954 0.00456733 1.00191e-08
2.601 55 0.467068 0.0110836 0.0108812 1.00191e-08
2.601 56 0.0626933 0.0109529 0.010201 1.00191e-08
2.601 57 0.329768 0.00429761 0.0120891 1.00191e-08
2.601 58 0.185132 0.016701 0.00535261 1.00191e-08
2.601 59 0.363409 0.00952343 0.00362466 1.00191e-08
2.601 60 0.317468 0.000913988 0.0084758 1.00191e-08
2.601 61 0.249936 0.00446346 0.00851603 1.00191e-08
2.601 62 0.36823 0.0131049 0.0124622 1.00191e-08
2.601 63 0.208643 0.0122978 0.0147998 1.00191e-08
2.601 64 0.465277 0.000420174 0.0118881 1.00191e-08
2.601 65 0.151358 0.0133602 0.00384545 1.00191e-08
2.701 51 0.224731 0.0132874 0.00616818 0
2.701 52 0.00216676 0.0126896 0.00267697 0
2.701 53 0.479977 0.00733304 0.0099508 0
2.701 54 0.395658 0.00823902 0.00485596 0
2.701 55 0.447981 0.0110926 0.00986625 0
2.701 56 0.0437194 0.0116767 0.00922213 0
2.701 57 0.31076 0.00466241 0.0101948 0
2.701 58 0.166028 0.0166902 0.00481277 0
2.701 59 0.344295 0.0090225 0.00280476 0
2.701 60 0.298375 0.000806173 0.00764145 0
2.701 61 0.230772 0.00472696 0.00715994 0
2.701 62 0.349197 0.0125503 0.0114583 0
2.701 63 0.189596 0.0124591 0.0135793 0
2.701 64 0.446235 0.000537546 0.0112445 0
2.701 65 0.132304 0.0130459 0.00251722 0
2.801 51 0.205652 0.0131109 0.00626891 0
2.801 52 0.0170042 0.0129776 0.00349271 0
2.801 53 0.46098 0.00738098 0.00904703 0
2.801 54 0.3766 0.00893666 0.00522285 0
2.801 55 0.428931 0.0108516 0.00896889 0
2.801 56 0.0247577 0.0118857 0.00844307 0
2.801 57 0.291691 0.00426871 0.00891306 0
2.801 58 0.146997 0.0169626 0.00406126 0
2.801 59 0.325172 0.00880132 0.00232097 0
2.801 60 0.279346 7.70724e-05 0.00680883 0
2.801 61 0.211757 0.00490204 0.00604693 0
2.801 62 0.330254 0.0130662 0.0100021 0
2.801 63 0.170477 0.012776 0.0128064 0
2.801 64 0.427335 0.000353397 0.0110899 0
2.801 65 0.113106 0.0128154 0.00151445 0
2.901 51 0.18651 0.0137595 0.0077628 0
2.901 52 0.0360706 0.0139594 0.00517013 0
2.901 53 0.442025 0.00832262 0.00766838 0
2.901 54 0.357472 0.00901408 0.00616187 0
2.901 55 0.409874 0.010123 0.00811561 0
2.901 56 0.00574553 0.0118082 0.00744885 0
2.901 57 0.272601 0.00377934 0.00726184 0
2.901 58 0.128029 0.0171987 0.00273664 0
2.901 59 0.306214 0.0092062 0.0010173 0
2.901 60 0.260287 0.000499664 0.00606208 0
2.901 61 0.192666 0.00459883 0.00579004 0
2.901 62 0.311161 0.0131078 0.00846529 0
2.901 63 0.151447 0.0135517 0.0111535 0
2.901 64 0.408215 2.86854e-05 0.0104791 0
2.901 65 0.0939718 0.0129024 0.00084178 0
3.001 51 0.167478 0.0134971 0.00903599 0
3.001 52 0.0550605 0.0137143 0.00662496 0
3.001 53 0.423033 0.00801902 0.00707362 0
3.001 54 0.338471 0.0090821 0.00694846 0
3.001 55 0.390786 0.010138 0.00658645 0
3.001 56 0.0132312 0.0117698 0.00628859 0
3.001 57 0.253581 0.00390806 0.0061945 8.56908e-09
3.001 58 0.109014 0.0169111 0.00164349 8.56908e-09
3.001 59 0.28714 0.00926649 0.000896028 8.56908e-09
3.001 60 0.241269 0.000522795 0.00520108 8.56908e-09
3.001 61 0.173647 0.00448521 0.00506408 8.56908e-09
3.001 62 0.292065 0.0127854 0.00781908 8.56908e-09
3.001 63 0.132336 0.0129668 0.0106184 8.56908e-09
3.001 64 0.389116 0.000469031 0.0103107 8.56908e-09
3.001 65 0.0749221 0.0124797 0.000334325 8.56908e-09
3.101 51 0.148581 0.0137517 0.010111 0
3.101 52 0.0742018 0.0141485 0.00726821 0
3.101 53 0.404118 0.00759102 0.00578892 0
3.101 54 0.31935 0.00920162 0.00795032 0
3.101 55 0.371707 0.00985412 0.00508634 0
3.101 56 0.0322394 0.0118971 0.00507277 0
3.101 57 0.234629 0.00452234 0.00511449 0
3.101 58 0.0899116 0.0173537 0.00142927 0
3.101 59 0.268167 0.00910294 0.000490299 0
3.101 60 0.222288 0.000265875 0.00449521 0
3.101 61 0.154575 0.00412484 0.00423575 0
3.101 62 0.272946 0.012817 0.00629898 0
3.101 63 0.113363 0.0136155 0.00884652 0
3.101 64 0.370175 0.000368344 0.00873209 0
3.101 65 0.0559146 0.0125584 0.00092386 0
3.201 51 0.129517 0.0135769 0.0111707 0
3.201 52 0.0930678 0.0142875 0.00882113 0
3.201 53 0.384981 0.0076759 0.00419083 0
3.201 54 0.300373 0.00858024 0.00945981 0
3.201 55 0.35273 0.00987917 0.00363656 0
3.201 56 0.0511752 0.0121937 0.00434754 0
3.201 57 0.215666 0.0054142 0.00414215 0
3.201 58 0.0709524 0.0166484 0.000142281 0
3.201 59 0.249104 0.00945154 0.000781761 4.41307e-07
3.201 60 0.203163 0.000407785 0.00352318 4.41307e-07
3.201 61 0.135586 0.0044096 0.00284681 4.41307e-07
3.201 62 0.25393 0.0128959 0.00541911 4.55532e-07
3.201 63 0.0943093 0.0141769 0.00740538 4.55532e-07
3.201 64 0.351061 0.000123257 0.00770359 4.55532e-07
3.201 65 0.0369131 0.0130142 0.00158486 4.55532e-07
3.301 51 0.110498 0.0142384 0.0116098 0
3.301 52 0.112181 0.0144481 0.00929872 0
3.301 53 0.365855 0.00788766 0.00383961 0
3.301 54 0.281291 0.00869062 0.0102792 0
3.301 55 0.333722 0.00928197 0.00182731 0
3.301 56 0.0702811 0.0121049 0.00353814 0
3.301 57 0.19673 0.00570184 0.0026521 0
3.301 58 0.0518881 0.0171582 0.00105344 0
3.301 59 0.23003 0.00880287 0.00182666 0
3.301 60 0.184028 0.000673999 0.00270391 0
3.301 61 0.116539 0.00561394 0.00163833 0
3.301 62 0.234914 0.0130365 0.00459745 0
3.301 63 0.0753031 0.0142334 0.0067444 0
3.301 64 0.331996 0.00030325 0.00646294 0
3.301 65 0.0179806 0.0129785 0.00236131 0
3.401 51 0.0914451 0.0134464 0.012604 0
3.401 52 0.131269 0.0145519 0.0101358 0
3.401 53 0.346749 0.00783465 0.00277079 0
3.401 54 0.262207 0.00892724 0.0115337 0
3.401 55 0.314694 0.00983315 0.00115483 0
3.401 56 0.0893562 0.0121363 0.00226359 0
3.401 57 0.177717 0.00549349 0.00113579 0
3.401 58 0.0328456 0.0171591 0.00178765 0
3.401 59 0.211032 0.00886017 0.00264862 0
3.401 60 0.164879 0.000798536 0.00257383 0
3.401 61 0.0975403 0.00552885 0.000931301 0
3.401 62 0.215938 0.0128367 0.00373861 0
3.401 63 0.0563049 0.0142062 0.00547666 0
3.401 64 0.312949 0.000109792 0.00529841 0
3.401 65 0.00123583 0.0134128 0.00291854 0
3.501 51 0.0723561 0.0136236 0.0134385 0
3.501 52 0.150391 0.0142222 0.0115965 0
3.501 53 0.327668 0.00850286 0.00247584 0
3.501 54 0.2432 0.00815422 0.0129124 0
3.501 55 0.295816 0.00970376 0.000569311 0
3.501 56 0.108484 0.0121027 0.00154696 0
3.501 57 0.158673 0.0052092 0.000504786 0
3.501 58 0.0139637 0.0169969 0.00322034 0
3.501 59 0.191935 0.0087981 0.00393101 0
3.501 60 0.145893 0.000484958 0.00205662 0
3.501 61 0.078357 0.00571051 3.98136e-05 0
3.501 62 0.196922 0.012497 0.00310336 0
3.501 63 0.0371281 0.0138151 0.00486864 0
3.501 64 0.29391 0.000292076 0.00397751 0
3.501 65 0.0202488 0.012597 0.00398853 0
3.601 51 0.0533617 0.0147533 0.0139427 0
3.601 52 0.169509 0.0142146 0.0126628 0
3.601 53 0.308593 0.00892389 0.00184828 0
3.601 54 0.224209 0.00862418 0.0139489 0
3.601 55 0.276834 0.00970561 0.00204343 0
3.601 56 0.127534 0.011939 0.000852209 0
3.601 57 0.139764 0.00566777 0.00105245 0
3.601 58 0.0051788 0.01663 0.00364526 0
3.601 59 0.172884 0.00897334 0.00574138 0
3.601 60 0.126756 0.000132507 0.00190315 0
3.601 61 0.0592951 0.0058397 0.00110215 0
3.601 62 0.177884 0.0132966 0.00195334 0
3.601 63 0.0181565 0.0142358 0.00352403 0
3.601 64 0.274909 3.97393e-06 0.00299722 0
3.601 65 0.0393213 0.0128493 0.00432581 0
3.701 51 0.0343166 0.0142446 0.0152288 0
3.701 52 0.188527 0.0137537 0.0133267 0
3.701 53 0.289596 0.00900157 0.0010381 0
3.701 54 0.205201 0.00973026 0.0145279 0
3.701 55 0.25776 0.00901472 0.00302063 1.07628e-08
3.701 56 0.146687 0.0120819 0.000684237 1.07628e-08
3.701 57 0.120718 0.0059053 0.00171686 1.07628e-08
3.701 58 0.0243217 0.0160788 0.00469436 1.07628e-08
3.701 59 0.153946 0.00885778 0.00683838 1.07628e-08
3.701 60 0.107667 0.000323998 3.4327e-07 1.07628e-08
3.701 61 0.0402029 0.00585611 0.0017169 1.07628e-08
3.701 62 0.158821 0.0131221 0.000929904 1.07628e-08
3.701 63 0.000873015 0.0143405 0.00189506 1.07628e-08
3.701 64 0.255879 0.000493291 0.00249242 1.07628e-08
3.701 65 0.0584028 0.0128595 0.00551054 1.07628e-08
3.801 51 0.0153932 0.0136129 0.0162666 0
3.801 52 0.207521 0.0131342 0.0142977 0
3.801 53 0.270477 0.0084286 0.000166218 0
3.801 54 0.186231 0.00961757 0.0154865 0
3.801 55 0.238738 0.00924476 0.00316334 0
3.801 56 0.165747 0.012229 0.0004237 0
3.801 57 0.101563 0.00641817 0.00196541 0
3.801 58 0.043333 0.0156451 0.0059888 0
3.801 59 0.134925 0.00843715 0.00767416 0
3.801 60 0.0886098 0.000786401 0.000589013 0
3.801 61 0.0212083 0.00588739 0.00310694 0
3.801 62 0.139791 0.0130508 8.51366e-05 0
3.801 63 0.0200709 0.0142533 0.000622332 0
3.801 64 0.23676 0.00033956 0.00163621 0
3.801 65 0.0774729 0.0128843 0.00630287 0
3.901 51 0.00392456 0.0138498 0.0175402 0
3.901 52 0.226599 0.0125904 0.0155972 0
3.901 53 0.251384 0.00807249 0.00103193 1.12994e-07
3.901 54 0.167155 0.0100098 0.0167656 1.12994e-07
3.901 55 0.219608 0.00970633 0.00458444 1.12994e-07
3.901 56 0.184797 0.0123979 0.002091 1.12994e-07
3.901 57 0.0826084 0.00628504 0.00362193 1.12994e-07
3.901 58 0.0624288 0.0160103 0.00744653 1.12994e-07
3.901 59 0.115805 0.00832476 0.00855867 1.12994e-07
3.901 60 0.0696824 0.000691393 0.00145488 1.12994e-07
3.901 61 0.00227067 0.00568995 0.00402873 1.12994e-07
3.901 62 0.12091 0.0131419 0.000892118 1.12994e-07
3.901 63 0.0390723 0.0143317 0.000551032 1.12994e-07
3.901 64 0.217599 0.000458028 0.00058395 1.12994e-07
3.901 65 0.0965939 0.0133695 0.00676463 1.12994e-07
4.001 51 0.0228779 0.013792 0.0188087 0
4.001 52 0.245757 0.0125919 0.0167668 0
4.001 53 0.232325 0.00859579 0.00141199 0
4.001 54 0.147977 0.0102776 0.0179302 0
4.001 55 0.200587 0.0101824 0.00584102 0
4.001 56 0.203763 0.0121808 0.00290476 0
4.001 57 0.0636187 0.00687366 0.00515183 0
4.001 58 0.0813696 0.0156956 0.00949737 0
4.001 59 0.0968139 0.00802073 0.0104891 0
4.001 60 0.0506388 0.000244331 0.00250407 0
4.001 61 0.0171209 0.00667401 0.00558603 0
4.001 62 0.101758 0.0133485 0.00205571 0
4.001 63 0.0581387 0.0146091 0.00125999 0
4.001 64 0.198531 0.000175616 0.000675926 0
4.001 65 0.115557 0.0133128 0.00782058 0
4.101 51 0.0418815 0.0137616 0.0197789 0
4.101 52 0.264737 0.0129674 0.0180861 0
4.101 53 0.213233 0.00846698 0.00267042 0
4.101 54 0.128982 0.0101894 0.0188313 0
4.101 55 0.181507 0.0106222 0.00563378 0
4.101 56 0.222785 0.0113747 0.00452297 0
4.101 57 0.044671 0.00694053 0.0064602 0
4.101 58 0.100463 0.0151666 0.0101082 0
4.101 59 0.0777052 0.00762441 0.0117687 0
4.101 60 0.031649 0.000858604 0.00373499 0
4.101 61 0.0360742 0.00588374 0.00677681 0
4.101 62 0.0827201 0.013398 0.0033575 0
4.101 63 0.0771826 0.0150469 0.00139214 0
4.101 64 0.179395 0.000192739 0.00191965 0
4.101 65 0.134626 0.0134117 0.00874679 0
4.201 51 0.0610081 0.0131096 0.0187036 0
4.201 52 0.283873 0.0135004 0.0195624 0
4.201 53 0.19416 0.00829075 0.00323298 0
4.201 54 0.110025 0.00878144 0.0194251 0
4.201 55 0.162511 0.0106237 0.00642662 0
4.201 56 0.2418 0.0120819 0.00570322 0
4.201 57 0.0256099 0.00703852 0.00733036 0
4.201 58 0.119525 0.0153271 0.010722 0
4.201 59 0.0586833 0.00757797 0.0123726 0
4.201 60 0.0125256 0.00124315 0.00406898 0
4.201 61 0.0550997 0.00587957 0.00815 0
4.201 62 0.0636854 0.0131877 0.00374203 0
4.201 63 0.0963913 0.0149806 0.00216043 0
4.201 64 0.160459 0.000233663 0.00343742 0
4.201 65 0.153489 0.0134616 0.00945955 0
4.301 51 0.0800568 0.012716 0.017616 0
4.301 52 0.302798 0.0138157 0.0189419 0
4.301 53 0.175064 0.00827276 0.00418232 0
4.301 54 0.0910368 0.00919862 0.0177018 0
4.301 55 0.143386 0.0105849 0.00722876 0
4.301 56 0.26092 0.0121442 0.00642617 0
4.301 57 0.0066112 0.00721633 0.00859636 0
4.301 58 0.138549 0.01571 0.0116175 0
4.301 59 0.0396062 0.00811963 0.0133237 0
4.301 60 0.00680163 0.00126965 0.00485145 0
4.301 61 0.0742009 0.00686723 0.00877239 0
4.301 62 0.0447099 0.0131927 0.00520281 0
4.301 63 0.11541 0.0154332 0.00320794 0
4.301 64 0.141392 0.000570511 0.00441189 0
4.301 65 0.172473 0.0131116 0.0110017 0
4.401 51 0.0992497 0.0125921 0.0168857 0
4.401 52 0.321939 0.0136983 0.0179786 0
4.401 53 0.156137 0.00837203 0.0061966 0
4.401 54 0.0720862 0.00931443 0.0157062 0
4.401 55 0.124312 0.0101723 0.00904118 0
4.401 56 0.279938 0.0122233 0.00826132 0
4.401 57 0.01268 0.00723555 0.00900748 0
4.401 58 0.157683 0.0149895 0.0117456 0
4.401 59 0.0205813 0.00866418 0.0139333 0
4.401 60 0.0259622 0.00174494 0.0051519 0
4.401 61 0.0932433 0.00697421 0.00994417 0
4.401 62 0.0256448 0.0134432 0.00713204 0
4.401 63 0.134507 0.0157486 0.00416948 0
4.401 64 0.122334 0.000921455 0.00522399 0
4.401 65 0.191509 0.0138026 0.0117936 0
4.501 51 0.118248 0.0120976 0.0160062 0
4.501 52 0.341027 0.0140214 0.0170623 0
4.501 53 0.13714 0.00788258 0.00695287 0
4.501 54 0.0530016 0.00944937 0.0148378 0
4.501 55 0.105384 0.0107087 0.010216 0
4.501 56 0.298927 0.0118158 0.010007 0
4.501 57 0.0316752 0.00768449 0.01013 0
4.501 58 0.176715 0.0148491 0.0130654 0
4.501 59 0.00143827 0.00819554 0.0147681 0
4.501 60 0.0450917 0.00167982 0.00558432 0
4.501 61 0.112274 0.00681982 0.0110457 0
4.501 62 0.00653535 0.0137424 0.00768424 0
4.501 63 0.153498 0.0153398 0.00524825 0
4.501 64 0.103244 0.000995482 0.00576702 0
4.501 65 0.210525 0.014363 0.01254 0
4.601 51 0.137318 0.0124708 0.0149964 0
4.601 52 0.359982 0.0133984 0.0148899 0
4.601 53 0.118235 0.00925909 0.00766488 0
4.601 54 0.0339348 0.0101993 0.0138115 0
4.601 55 0.086368 0.0113725 0.0114745 0
4.601 56 0.317928 0.011476 0.0105579 0
4.601 57 0.0507416 0.00782179 0.0115217 0
4.601 58 0.195777 0.0147192 0.013752 0
4.601 59 0.0177962 0.00893187 0.0161338 0
4.601 60 0.0641783 0.00170222 0.00608653 0
4.601 61 0.131421 0.00633451 0.0118632 0
4.601 62 0.0125753 0.0132513 0.008621 0
4.601 63 0.172598 0.014876 0.00613482 0
4.601 64 0.084397 0.00105684 0.00637357 0
4.601 65 0.229584 0.0145409 0.012918 0
4.701 51 0.156371 0.0123535 0.0138476 0
4.701 52 0.379105 0.0128594 0.0134296 0
4.701 53 0.0991802 0.0089492 0.00913786 0
4.701 54 0.0149394 0.00995024 0.0130202 0
4.701 55 0.0672587 0.010941 0.0125728 0
4.701 56 0.336832 0.011336 0.0114559 0
4.701 57 0.0697444 0.00745456 0.013514 0
4.701 58 0.214797 0.0149709 0.0138332 0
4.701 59 0.0368357 0.00858608 0.0174356 0
4.701 60 0.0832654 0.00153222 0.00657243 0
4.701 61 0.15043 0.00593503 0.0128351 0
4.701 62 0.031654 0.0141189 0.00978292 0
4.701 63 0.191606 0.0146013 0.00749007 0
4.701 64 0.0654431 0.00114163 0.00722015 0
4.701 65 0.248621 0.0154019 0.0139238 0
4.801 51 0.175338 0.0123533 0.012425 0
4.801 52 0.398149 0.0131184 0.0125104 0
4.801 53 0.0801091 0.00880911 0.00986304 0
4.801 54 0.0042446 0.00959091 0.0115798 0
4.801 55 0.0482299 0.0115913 0.0135374 0
4.801 56 0.355962 0.0115506 0.0123159 0
4.801 57 0.0888073 0.00735333 0.0149732 0
4.801 58 0.233777 0.0148342 0.015676 0
4.801 59 0.0558337 0.00817719 0.0190921 0
4.801 60 0.102207 0.00172693 0.00779555 0
4.801 61 0.169472 0.00682275 0.0136397 0
4.801 62 0.0506622 0.0136263 0.0107467 0
4.801 63 0.210676 0.0144236 0.00867016 0
4.801 64 0.0463774 0.00123993 0.00867168 0
4.801 65 0.267676 0.0151559 0.0149659 0
4.901 51 0.194346 0.012475 0.0116672 0
4.901 52 0.417221 0.0139481 0.0122107 0
4.901 53 0.0610632 0.00907477 0.0106269 0
4.901 54 0.0233045 0.0104617 0.0105155 0
4.901 55 0.0291174 0.0114265 0.0150016 0
4.901 56 0.374937 0.010985 0.0142196 0
4.901 57 0.10792 0.00769382 0.016719 0
4.901 58 0.252849 0.0148563 0.0164893 0
4.901 59 0.0748777 0.00806472 0.0193118 0
4.901 60 0.121234 0.00135245 0.00953643 0
4.901 61 0.188501 0.00671511 0.0146374 0
4.901 62 0.0698167 0.013177 0.011669 0
4.901 63 0.229806 0.0152104 0.0100521 0
4.901 64 0.0274241 0.00155549 0.00986557 0
4.901 65 0.286672 0.0153319 0.0168609 0
