0.001 51 0.466803 0.0169192 0.0156142 0
0.001 52 0.351778 0.00359085 0.0155492 0
0.001 53 0.233137 0.00689972 0.00803478 0
0.001 54 0.28727 0.0178162 0.00960044 0
0.001 55 0.0517171 0.0168185 0.00432794 0
0.001 56 0.223411 0.0184059 0.00217682 0
0.001 57 0.081588 0.000903554 0.00750313 0
0.001 58 0.0772065 0.00726839 0.0199498 0
0.001 59 0.492999 0.00262543 0.0149109 0
0.001 60 0.302914 0.0182527 0.00872814 0
0.001 61 0.231004 0.00667722 0.0195734 0
0.001 62 0.443334 0.000338257 0.0195462 0
0.001 63 0.418283 0.00190523 0.0163004 0
0.001 64 0.00453112 0.00479052 0.0119232 0
0.001 65 0.411055 0.00713109 0.00157442 0
0.001 66 0.358103 0.0168239 0.00194779 0
0.001 67 0.250592 0.0138257 0.00457752 2.10542e-08
0.001 68 0.00718607 0.0181029 0.0165574 2.10542e-08
0.001 69 0.462629 0.00256372 0.0147419 2.10542e-08
0.001 70 0.165302 0.00877041 0.0148931 2.10542e-08
0.001 71 0.174068 0.0124664 0.0174637 2.10542e-08
0.001 72 0.037746 0.00268071 0.00910216 2.10542e-08
0.001 73 0.160437 0.0157887 0.0170793 2.10542e-08
0.001 74 0.34033 0.0157681 0.0122725 2.10542e-08
0.001 75 0.143427 0.00337761 0.0143625 2.10542e-08
0.001 76 0.167513 0.00722928 0.00345733 2.10542e-08
0.001 77 0.101003 0.0114115 0.004145 2.10542e-08
0.001 78 0.494122 0.0140848 0.00716386 2.10542e-08
0.001 79 0.222141 0.0143272 0.00414394 2.10542e-08
0.001 80 0.343865 0.00507369 0.0157298 2.10542e-08
0.101 51 0.485719 0.0175535 0.0165461 0
0.101 52 0.370834 0.00414102 0.0168896 0
0.101 53 0.252255 0.00696598 0.00798887 9.6876e-09
0.101 54 0.306263 0.0179133 0.0110215 9.6876e-09
0.101 55 0.0707349 0.0166486 0.00502566 9.6876e-09
0.101 56 0.242384 0.0185511 0.00409536 9.6876e-09
0.101 57 0.100602 0.000564775 0.00836644 9.6876e-09
0.101 58 0.0962985 0.00748712 0.0198611 9.6876e-09
0.101 59 0.48778 0.00194254 0.015747 9.6876e-09
0.101 60 0.321923 0.0175462 0.0104116 9.6876e-09
0.101 61 0.250098 0.00679466 0.0187053 9.6876e-09
0.101 62 0.46243 0.000165338 0.0192513 9.6876e-09
0.101 63 0.43737 0.00170389 0.0170455 9.6876e-09
0.101 64 0.0235625 0.00534511 0.0129155 9.6876e-09
0.101 65 0.430247 0.00670951 0.00178982 9.6876e-09
0.101 66 0.377126 0.01731 0.00332523 9.6876e-09
0.101 67 0.269786 0.0141086 0.00507504 9.6876e-09
0.101 68 0.0261125 0.0177562 0.0170963 9.6876e-09
0.101 69 0.481699 0.00234153 0.0154273 9.6876e-09
0.101 70 0.184409 0.00864019 0.0162525 9.6876e-09
0.101 71 0.193024 0.0127805 0.018409 9.6876e-09
0.101 72 0.056889 0.00229274 0.0101346 9.6876e-09
0.101 73 0.179478 0.015717 0.0183128 9.6876e-09
0.101 74 0.359397 0.0156402 0.0129682 9.6876e-09
0.101 75 0.162438 0.00347408 0.015001 9.6876e-09
0.101 76 0.18647 0.00746373 0.00430786 9.6876e-09
0.101 77 0.120025 0.0119084 0.00595718 9.6876e-09
0.101 78 0.486617 0.0140347 0.00839635 9.6876e-09
0.101 79 0.241151 0.0139891 0.00572032 9.6876e-09
0.101 80 0.363118 0.00461853 0.0160244 9.6876e-09
0.201 51 0.494933 0.0170393 0.0180058 0
0.201 52 0.389844 0.00430665 0.0174172 0
0.201 53 0.271312 0.0069564 0.00931254 0
0.201 54 0.325339 0.0187705 0.0119783 0
0.201 55 0.0897604 0.0170116 0.00633718 0
0.201 56 0.261442 0.0188398 0.00482573 0
0.201 57 0.119566 0.000364331 0.00954962 0
0.201 58 0.115461 0.00720501 0.0190439 0
0.201 59 0.46882 0.000959732 0.0161607 0
0.201 60 0.34093 0.0175707 0.0115731 0
0.201 61 0.269118 0.00628053 0.0175148 0
0.201 62 0.481486 0.000373224 0.0177449 0
0.201 63 0.456309 0.00164602 0.0183401 0
0.201 64 0.0426353 0.00598357 0.0134431 0
0.201 65 0.449206 0.00653608 0.00227498 0
0.201 66 0.396107 0.0168635 0.00450808 0
0.201 67 0.288814 0.0141181 0.00583374 0
0.201 68 0.0450886 0.0175675 0.0188157 0
0.201 69 0.498856 0.00205467 0.0169909 0
0.201 70 0.203535 0.00922841 0.0171624 0
0.201 71 0.211996 0.0131218 0.0193831 0
0.201 72 0.0758151 0.00207224 0.0114843 0
0.201 73 0.198464 0.0152077 0.0187581 0
0.201 74 0.378453 0.0156247 0.0145597 0
0.201 75 0.181511 0.00384526 0.015991 0
0.201 76 0.20557 0.0067239 0.00485591 0
0.201 77 0.139064 0.0115726 0.00749037 0
0.201 78 0.467541 0.0139051 0.00975409 0
0.201 79 0.260215 0.014061 0.00660093 0
0.201 80 0.38222 0.00485484 0.0165243 0
0.301 51 0.475942 0.0169239 0.0187769 0
0.301 52 0.408847 0.00380894 0.0187142 0
0.301 53 0.29033 0.00690706 0.0100367 0
0.301 54 0.344454 0.0191637 0.0131186 0
0.301 55 0.108837 0.0175327 0.00755904 0
0.301 56 0.280432 0.0185264 0.00623284 0
0.301 57 0.138565 2.8511e-05 0.00977281 0
0.301 58 0.134463 0.00783248 0.0179885 0
0.301 59 0.449749 0.00118076 0.0170378 0
0.301 60 0.359928 0.0168701 0.012687 0
0.301 61 0.288179 0.00642449 0.0165753 0
0.301 62 0.499354 0.000900979 0.0168887 0
0.301 63 0.475487 0.00202911 0.0189707 0
0.301 64 0.0616407 0.00609107 0.0138425 0
0.301 65 0.468184 0.00739304 0.00322359 0
0.301 66 0.415243 0.0162138 0.00525414 0
0.301 67 0.307833 0.0140865 0.00667786 0
0.301 68 0.0640421 0.0180827 0.0195619 0
0.301 69 0.479876 0.00183025 0.0183332 0
0.301 70 0.222601 0.00972509 0.0182913 0
0.301 71 0.231084 0.012946 0.0197386 0
0.301 72 0.0948806 0.00234856 0.0124782 0
0.301 73 0.217487 0.0151249 0.0191073 0
0.301 74 0.397515 0.0160755 0.015193 0
0.301 75 0.200543 0.00411031 0.0171426 0
0.301 76 0.224617 0.00704323 0.00649532 0
0.301 77 0.158102 0.0118209 0.008322 0
0.301 78 0.448454 0.0134588 0.0109465 0
0.301 79 0.279257 0.014336 0.00769657 0
0.301 80 0.401306 0.00447706 0.017667 0
0.401 51 0.456902 0.0167187 0.0194718 0
0.401 52 0.427914 0.0042856 0.018629 0
0.401 53 0.309486 0.00649537 0.0102031 0
0.401 54 0.363488 0.0196068 0.0138558 0
0.401 55 0.12782 0.0177139 0.0086113 0
0.401 56 0.299598 0.0186361 0.00686163 0
0.401 57 0.157603 0.000261632 0.0105698 0
0.401 58 0.153425 0.00797949 0.0167181 0
0.401 59 0.430712 0.00121072 0.0179315 0
0.401 60 0.379058 0.0166847 0.013334 0
0.401 61 0.307241 0.00583121 0.0153755 0
0.401 62 0.480395 0.00128649 0.0158344 0
0.401 63 0.494479 0.00238999 0.0197649 0
0.401 64 0.080741 0.00568792 0.0144316 0
0.401 65 0.487252 0.00705795 0.00464388 0
0.401 66 0.434249 0.0168395 0.00629438 0
0.401 67 0.32695 0.01458 0.00795561 0
0.401 68 0.0831785 0.0181252 0.0186142 0
0.401 69 0.460774 0.00194755 0.0199308 0
0.401 70 0.241666 0.00914441 0.0190764 0
0.401 71 0.250111 0.0133891 0.0193678 0
0.401 72 0.113709 0.00282444 0.0136751 0
0.401 73 0.236519 0.0150001 0.0194849 0
0.401 74 0.41653 0.0162783 0.0158503 0
0.401 75 0.219508 0.00480496 0.0184342 0
0.401 76 0.243617 0.00696729 0.00796477 0
0.401 77 0.177136 0.0109921 0.00877556 0
0.401 78 0.429397 0.0137515 0.0120491 0
0.401 79 0.298355 0.0141659 0.00825803 0
0.401 80 0.420351 0.00449102 0.0190062 0
0.501 51 0.437856 0.0165055 0.0171632 0
0.501 52 0.446984 0.0044515 0.0199104 0
0.501 53 0.328465 0.00655571 0.0123687 0
0.501 54 0.382527 0.0194338 0.0142269 0
0.501 55 0.146865 0.0171908 0.00944123 0
0.501 56 0.31853 0.0182497 0.00822417 0
0.501 57 0.176666 0.000129916 0.0110976 0
0.501 58 0.172582 0.00872422 0.0160957 0
0.501 59 0.411711 0.0011296 0.0192711 0
0.501 60 0.398055 0.0169035 0.0143253 0
0.501 61 0.326278 0.00702358 0.0143091 0
0.501 62 0.461266 0.00166275 0.0146451 0
0.501 63 0.486412 0.00288687 0.0185856 0
0.501 64 0.0997643 0.00543559 0.0154496 0
0.501 65 0.493686 0.00681394 0.00620495 0
0.501 66 0.453283 0.0161433 0.00749383 0
0.501 67 0.345941 0.0141867 0.00957511 0
0.501 68 0.10212 0.0181182 0.0163969 0
0.501 69 0.441806 0.00247931 0.01825 0
0.501 70 0.260627 0.0089896 0.0195256 0
0.501 71 0.269162 0.0129051 0.0183309 0
0.501 72 0.132715 0.0030872 0.0149767 0
0.501 73 0.255374 0.0148677 0.0194622 0
0.501 74 0.435553 0.0164213 0.0168198 0
0.501 75 0.238524 0.00591542 0.0193187 0
0.501 76 0.26261 0.00721956 0.00934516 0
0.501 77 0.196082 0.0110991 0.0100091 0
0.501 78 0.410269 0.0133819 0.0134217 0
0.501 79 0.317326 0.014347 0.00964505 0
0.501 80 0.439451 0.00534282 0.0195451 0
0.601 51 0.418843 0.0166808 0.0166083 0
0.601 52 0.465905 0.00409284 0.0185569 0
0.601 53 0.347416 0.00649344 0.0131107 0
0.601 54 0.401598 0.0193092 0.0156737 0
0.601 55 0.165907 0.0172837 0.0109012 0
0.601 56 0.33757 0.0179228 0.00920634 0
0.601 57 0.195644 0.000429124 0.011958 0
0.601 58 0.191799 0.00881435 0.0148126 0
0.601 59 0.392709 0.00127116 0.0198846 0
0.601 60 0.417029 0.0164061 0.0155536 0
0.601 61 0.345454 0.00651031 0.0136869 0
0.601 62 0.442396 0.000884169 0.0141915 0
0.601 63 0.467334 0.00305019 0.0172981 0
0.601 64 0.118889 0.0063266 0.0164982 0
0.601 65 0.474674 0.00691421 0.00755917 0
0.601 66 0.472401 0.0169909 0.00880486 0
0.601 67 0.364941 0.0145264 0.00950745 0
0.601 68 0.12109 0.0180742 0.0151782 0
0.601 69 0.422815 0.00210025 0.0172715 0
0.601 70 0.27954 0.00789522 0.0186006 0
0.601 71 0.288204 0.013463 0.0165787 0
0.601 72 0.151822 0.00298391 0.0164106 0
0.601 73 0.274481 0.0144318 0.0189858 0
0.601 74 0.454505 0.0162165 0.0177728 0
0.601 75 0.257593 0.00567536 0.0195787 0
0.601 76 0.2816 0.00714244 0.0101617 0
0.601 77 0.215098 0.0106724 0.0113914 0
0.601 78 0.391307 0.0141645 0.0150813 0
0.601 79 0.336349 0.0141637 0.0112436 0
0.601 80 0.45851 0.00538243 0.0188587 0
0.701 51 0.399621 0.0165754 0.015796 0
0.701 52 0.484903 0.00449333 0.0171503 0
0.701 53 0.366535 0.00658747 0.0143084 0
0.701 54 0.420706 0.019429 0.016898 0
0.701 55 0.184975 0.0174304 0.012246 0
0.701 56 0.356658 0.0179298 0.0108298 0
0.701 57 0.214653 0.000586895 0.0128246 0
0.701 58 0.210811 0.00824079 0.0137089 0
0.701 59 0.373605 0.00174481 0.0189973 0
0.701 60 0.435981 0.0170969 0.0169115 0
0.701 61 0.364413 0.00656919 0.0122867 0
0.701 62 0.423358 0.000253867 0.0126389 0
0.701 63 0.448268 0.00263252 0.0167559 0
0.701 64 0.137861 0.00719482 0.0170067 0
0.701 65 0.455577 0.00752623 0.00867236 0
0.701 66 0.491424 0.016701 0.0100931 0
0.701 67 0.383983 0.0139323 0.0103081 0
0.701 68 0.140021 0.017658 0.0145075 0
0.701 69 0.403723 0.00205527 0.0168711 0
0.701 70 0.298557 0.00752517 0.0174057 0
0.701 71 0.30723 0.0131286 0.0156486 0
0.701 72 0.170852 0.00311276 0.0164358 0
0.701 73 0.293564 0.0143927 0.0184121 0
0.701 74 0.473527 0.0160401 0.0185609 0
0.701 75 0.27659 0.00577972 0.0188244 0
0.701 76 0.300417 0.0064541 0.0116032 0
0.701 77 0.234063 0.00981545 0.0119456 0
0.701 78 0.372218 0.0147419 0.0160346 0
0.701 79 0.355472 0.0139299 0.0114066 0
0.701 80 0.477556 0.00547082 0.017446 0
0.801 51 0.380571 0.016399 0.0146199 0
0.801 52 0.495869 0.00394775 0.0161309 0
0.801 53 0.385493 0.00726011 0.0154641 0
0.801 54 0.439899 0.019478 0.0171298 0
0.801 55 0.203905 0.0177101 0.0136665 0
0.801 56 0.375642 0.0178493 0.012276 0
0.801 57 0.233661 0.000582292 0.0129565 0
0.801 58 0.229807 0.00829433 0.0118221 0
0.801 59 0.354661 0.00223028 0.0186227 0
0.801 60 0.455072 0.0170759 0.0181126 0
0.801 61 0.383412 0.00648873 0.0110082 0
0.801 62 0.404285 0.000586473 0.0111371 0
0.801 63 0.429363 0.00295749 0.0151992 0
0.801 64 0.157012 0.00732756 0.0177511 0
0.801 65 0.436422 0.00803778 0.0102815 0
0.801 66 0.489206 0.0175078 0.0110157 0
0.801 67 0.403053 0.0141497 0.0111252 0
0.801 68 0.159058 0.018444 0.0135175 0
0.801 69 0.38463 0.00190199 0.0157628 0
0.801 70 0.317651 0.00805318 0.0162568 0
0.801 71 0.326315 0.0132451 0.0149036 0
0.801 72 0.18988 0.00338876 0.017156 0
0.801 73 0.31265 0.0143588 0.0182282 0
0.801 74 0.492488 0.0159777 0.0196144 0
0.801 75 0.295608 0.00565386 0.017809 0
0.801 76 0.319459 0.00590759 0.0117931 0
0.801 77 0.253083 0.0100724 0.0126658 0
0.801 78 0.353228 0.0147075 0.0173804 0
0.801 79 0.37451 0.0135191 0.0127451 0
0.801 80 0.49654 0.00574458 0.0167061 0
0.901 51 0.361582 0.0161887 0.013662 0
0.901 52 0.476823 0.00429437 0.0150115 0
0.901 53 0.40453 0.00682081 0.016449 0
0.901 54 0.458888 0.018618 0.01864 0
0.901 55 0.222997 0.0177603 0.0148986 0
0.901 56 0.394697 0.0180437 0.0133126 0
0.901 57 0.252682 0.000921564 0.014029 0
0.901 58 0.248832 0.00847823 0.0116761 0
0.901 59 0.335572 0.00198087 0.0184045 0
0.901 60 0.474194 0.0175696 0.0186302 0
0.901 61 0.402419 0.00644042 0.0102411 0
0.901 62 0.38517 0.000297429 0.00993026 0
0.901 63 0.410155 0.0028989 0.0145526 0
0.901 64 0.176092 0.00666494 0.0182235 0
0.901 65 0.417406 0.0079415 0.0108965 0
0.901 66 0.470097 0.016997 0.0126264 0
0.901 67 0.422139 0.0149522 0.0122209 0
0.901 68 0.178189 0.018237 0.0125856 0
0.901 69 0.365671 0.00202251 0.0139432 0
0.901 70 0.336842 0.00808437 0.015322 0
0.901 71 0.345352 0.0133322 0.0140045 0
0.901 72 0.208962 0.00233784 0.0185627 0
0.901 73 0.331675 0.0138107 0.0172164 0
0.901 74 0.488388 0.0158822 0.0192299 0
0.901 75 0.314678 0.00552694 0.0168217 0
0.901 76 0.338541 0.00561051 0.0131288 0
0.901 77 0.272034 0.0102311 0.014755 0
0.901 78 0.334195 0.0142972 0.0179162 0
0.901 79 0.393603 0.012975 0.0132857 0
0.901 80 0.484342 0.00630706 0.0168875 0
1.001 51 0.342458 0.0159295 0.0124216 0
1.001 52 0.457716 0.00472804 0.0138026 0
1.001 53 0.423486 0.00739004 0.0175525 0
1.001 54 0.477903 0.01905 0.0193642 0
1.001 55 0.242022 0.0177171 0.0157111 0
1.001 56 0.413826 0.0180642 0.0144475 0
1.001 57 0.271782 0.000973557 0.0149969 0
1.001 58 0.267819 0.00869549 0.00982569 0
1.001 59 0.316472 0.00257052 0.0174192 0
1.001 60 0.493258 0.0179488 0.0190148 0
1.001 61 0.421502 0.0068934 0.00944652 0
1.001 62 0.366193 0.000129825 0.00849755 0
1.001 63 0.391073 0.0030373 0.0141183 0
1.001 64 0.195118 0.00573541 0.019913 0
1.001 65 0.398299 0.00801696 0.0113801 0
1.001 66 0.451016 0.0170742 0.0126408 0
1.001 67 0.441186 0.0149996 0.013272 0
1.001 68 0.19719 0.01802 0.0121889 0
1.001 69 0.34669 0.0024236 0.012209 0
1.001 70 0.355967 0.00719841 0.0146031 0
1.001 71 0.364228 0.0126829 0.0124557 0
1.001 72 0.227981 0.00207506 0.0194159 0
1.001 73 0.350735 0.0138311 0.0160312 0
1.001 74 0.469363 0.0155559 0.0184298 0
1.001 75 0.333656 0.00528606 0.0155001 0
1.001 76 0.357511 0.00490571 0.0146536 0
1.001 77 0.291099 0.0102893 0.0154748 0
1.001 78 0.315218 0.0143524 0.0195067 0
1.001 79 0.412621 0.0132059 0.013799 0
1.001 80 0.465289 0.00643884 0.0162151 0
1.101 51 0.32347 0.0156594 0.0115988 0
1.101 52 0.438683 0.00467046 0.0127186 0
1.101 53 0.442463 0.00730027 0.0184118 0
1.101 54 0.497052 0.0188815 0.0195838 0
1.101 55 0.261048 0.0173797 0.016246 0
1.101 56 0.432823 0.0186354 0.0146805 0
1.101 57 0.290812 0.00126166 0.0165146 0
1.101 58 0.28676 0.00897969 0.00872425 0
1.101 59 0.297519 0.00250858 0.0160919 0
1.101 60 0.487506 0.0185137 0.0198698 0
1.101 61 0.440415 0.00750325 0.0078008 0
1.101 62 0.347138 0.000350625 0.00773083 0
1.101 63 0.371987 0.00338668 0.0131606 0
1.101 64 0.213993 0.00555193 0.0186409 0
1.101 65 0.379183 0.00738443 0.0119842 0
1.101 66 0.432085 0.0167948 0.0132902 0
1.101 67 0.460189 0.0148335 0.0143668 0
1.101 68 0.21617 0.0179128 0.0107819 0
1.101 69 0.327635 0.00231811 0.0110886 0
1.101 70 0.37499 0.00726846 0.0139927 0
1.101 71 0.383221 0.0128152 0.01114 0
1.101 72 0.247158 0.00285811 0.0198641 0
1.101 73 0.369753 0.0134824 0.0143929 0
1.101 74 0.450356 0.0157113 0.017875 0
1.101 75 0.352697 0.00546592 0.0146834 0
1.101 76 0.376594 0.00433324 0.014959 0
1.101 77 0.310149 0.010515 0.0163144 0
1.101 78 0.296186 0.0144782 0.0196974 0
1.101 79 0.431675 0.0130625 0.0149126 0
1.101 80 0.446228 0.00660258 0.0156223 0
1.201 51 0.304467 0.0159895 0.0106171 0
1.201 52 0.4196 0.00447628 0.0112429 0
1.201 53 0.461565 0.00741859 0.0184921 0
1.201 54 0.483764 0.0191114 0.0194436 0
1.201 55 0.280155 0.017383 0.0176915 0
1.201 56 0.451829 0.0188547 0.0159087 0
1.201 57 0.309843 0.000598124 0.0174595 0
1.201 58 0.305686 0.0090401 0.00755958 0
1.201 59 0.278394 0.00251417 0.0157996 0
1.201 60 0.468385 0.0182226 0.0191091 0
1.201 61 0.4595 0.007748 0.00704942 0
1.201 62 0.328053 0.000572974 0.00690175 0
1.201 63 0.352954 0.00397926 0.012606 0
1.201 64 0.233066 0.00560761 0.0178117 0
1.201 65 0.360149 0.00760583 0.0130961 0
1.201 66 0.41301 0.0163742 0.0133608 0
1.201 67 0.479303 0.015216 0.0151374 0
1.201 68 0.235127 0.0181255 0.0091638 0
1.201 69 0.308588 0.00326395 0.0102307 0
1.201 70 0.394012 0.0070553 0.0130081 0
1.201 71 0.402276 0.0132266 0.00950771 0
1.201 72 0.266129 0.0033711 0.0187813 0
1.201 73 0.388628 0.0139197 0.0134124 0
1.201 74 0.431338 0.0156245 0.0169159 0
1.201 75 0.371742 0.00581434 0.0135127 0
1.201 76 0.395675 0.0043375 0.0158275 0
1.201 77 0.3292 0.0107371 0.0174818 0
1.201 78 0.277129 0.0141404 0.0187556 0
1.201 79 0.450675 0.0133777 0.016718 0
1.201 80 0.427368 0.00633247 0.0140306 0
1.301 51 0.285508 0.0158436 0.00911469 0
1.301 52 0.400506 0.00516124 0.00973741 0
1.301 53 0.480488 0.00742048 0.0195978 0
1.301 54 0.464584 0.0197855 0.0182705 0
1.301 55 0.299207 0.0169488 0.0189088 0
1.301 56 0.4708 0.0187662 0.016712 0
1.301 57 0.32867 0.000331714 0.0189443 0
1.301 58 0.324736 0.00919208 0.00628926 0
1.301 59 0.25946 0.00302609 0.0146803 0
1.301 60 0.449364 0.0184844 0.0177999 0
1.301 61 0.478549 0.00792444 0.00579089 0
1.301 62 0.309058 0.000736902 0.0054966 0
1.301 63 0.333974 0.00390115 0.0123615 0
1.301 64 0.252093 0.00530426 0.0165105 0
1.301 65 0.341007 0.00779003 0.0137164 0
1.301 66 0.393824 0.0165957 0.013877 0
1.301 67 0.498283 0.0141559 0.0157205 0
1.301 68 0.254054 0.0188417 0.00805108 0
1.301 69 0.289625 0.00388462 0.00951917 0
1.301 70 0.412997 0.00780127 0.0118221 0
1.301 71 0.421202 0.0125914 0.00814439 0
1.301 72 0.285154 0.00262869 0.0176865 0
1.301 73 0.407661 0.014218 0.0117983 0
1.301 74 0.412272 0.0159744 0.016256 0
1.301 75 0.390736 0.00590571 0.0121274 0
1.301 76 0.414783 0.00446302 0.0164982 0
1.301 77 0.348313 0.0112259 0.0193104 0
1.301 78 0.258115 0.0143997 0.0173621 0
1.301 79 0.469562 0.0141765 0.0182264 0
1.301 80 0.408253 0.00620812 0.0134775 0
1.401 51 0.266509 0.0158135 0.00822233 0
1.401 52 0.381377 0.0049414 0.00857259 0
1.401 53 0.499486 0.00737793 0.0190265 0
1.401 54 0.445506 0.0197281 0.0178664 0
1.401 55 0.318237 0.0166751 0.0198838 0
1.401 56 0.489889 0.018828 0.0174435 0
1.401 57 0.347662 0.000699776 0.019825 0
1.401 58 0.343873 0.00880521 0.00583435 0
1.401 59 0.240458 0.00337671 0.0137582 0
1.401 60 0.430465 0.0181435 0.0157325 0
1.401 61 0.49762 0.00776001 0.0042966 0
1.401 62 0.290013 0.000906875 0.00408336 0
1.401 63 0.315104 0.00410928 0.0113713 0
1.401 64 0.271129 0.00443945 0.015645 0
1.401 65 0.321971 0.00758792 0.0143753 0
1.401 66 0.374876 0.0169274 0.0155581 0
1.401 67 0.482621 0.0136156 0.017165 0
1.401 68 0.273032 0.0188631 0.00723758 0
1.401 69 0.270666 0.00409099 0.00795839 0
1.401 70 0.432113 0.00757975 0.0106788 0
1.401 71 0.44007 0.012348 0.00633155 0
1.401 72 0.304196 0.00267271 0.0163362 0
1.401 73 0.426625 0.0138554 0.010673 0
1.401 74 0.393374 0.0156209 0.0148709 0
1.401 75 0.40976 0.00536502 0.0111297 0
1.401 76 0.433833 0.00462822 0.0169715 0
1.401 77 0.367273 0.0108866 0.0192858 0
1.401 78 0.239159 0.0136401 0.0163522 0
1.401 79 0.488567 0.0142712 0.0196165 0
1.401 80 0.389242 0.00663966 0.0130029 0
1.501 51 0.247452 0.0156763 0.00765457 7.77648e-09
1.501 52 0.36224 0.00512011 0.00754949 7.77648e-09
1.501 53 0.481231 0.00747683 0.0185417 7.77648e-09
1.501 54 0.426653 0.018881 0.0167823 7.77648e-09
1.501 55 0.337384 0.0164417 0.0194087 7.77648e-09
1.501 56 0.491063 0.0191965 0.0182566 7.77648e-09
1.501 57 0.366717 0.000326732 0.0189742 7.77648e-09
1.501 58 0.362904 0.0095265 0.00500108 7.77648e-09
1.501 59 0.2214 0.00209368 0.0135019 7.77648e-09
1.501 60 0.411346 0.0179132 0.0149162 7.77648e-09
1.501 61 0.483189 0.00801262 0.00365582 7.77648e-09
1.501 62 0.270876 0.000326149 0.00324664 7.77648e-09
1.501 63 0.295994 0.00438491 0.0100919 7.77648e-09
1.501 64 0.290251 0.00448913 0.0145082 7.77648e-09
1.501 65 0.302857 0.00704334 0.0146538 7.77648e-09
1.501 66 0.355841 0.0162356 0.0167453 7.77648e-09
1.501 67 0.463577 0.0138706 0.0181224 7.77648e-09
1.501 68 0.292121 0.0184716 0.00639411 7.77648e-09
1.501 69 0.251566 0.00449764 0.0067499 1.74418e-08
1.501 70 0.451025 0.00840921 0.00956994 1.74418e-08
1.501 71 0.459201 0.0122127 0.00526048 1.74418e-08
1.501 72 0.323301 0.00225809 0.0155319 1.74418e-08
1.501 73 0.445609 0.0136839 0.0102535 1.74418e-08
1.501 74 0.374331 0.0155965 0.0141007 1.74418e-08
1.501 75 0.428746 0.00456219 0.00996896 1.74418e-08
1.501 76 0.452935 0.00461009 0.0168856 1.74418e-08
1.501 77 0.386342 0.0101173 0.0186485 1.74418e-08
1.501 78 0.220149 0.0131825 0.015487 1.74418e-08
1.501 79 0.492121 0.0142406 0.018702 1.74418e-08
1.501 80 0.370206 0.00677786 0.0125838 1.74418e-08
1.601 51 0.228409 0.0158089 0.00675824 0
1.601 52 0.343247 0.00496634 0.00620097 0
1.601 53 0.462225 0.00694549 0.0178451 0
1.601 54 0.407583 0.0191805 0.0155806 0
1.601 55 0.356449 0.0162414 0.0180636 0
1.601 56 0.472056 0.0196664 0.018781 0
1.601 57 0.385784 0.000474839 0.0178611 0
1.601 58 0.382041 0.00962866 0.00430448 0
1.601 59 0.202308 0.00186866 0.0121505 0
1.601 60 0.392277 0.0181032 0.0144462 0
1.601 61 0.46409 0.00747905 0.00269965 0
1.601 62 0.251873 0.000428208 0.00217115 7.57916e-09
1.601 63 0.276928 0.00347412 0.00933203 7.57916e-09
1.601 64 0.309338 0.00417085 0.0136427 7.57916e-09
1.601 65 0.283778 0.00761507 0.0156251 7.57916e-09
1.601 66 0.336767 0.0179334 0.0178447 7.57916e-09
1.601 67 0.44451 0.0140194 0.0185476 7.57916e-09
1.601 68 0.311181 0.0184652 0.00531309 7.57916e-09
1.601 69 0.232627 0.00360332 0.00580972 7.57916e-09
1.601 70 0.470054 0.00873382 0.00796335 7.57916e-09
1.601 71 0.47832 0.0117871 0.00446283 7.57916e-09
1.601 72 0.342265 0.00301709 0.0152606 7.57916e-09
1.601 73 0.464652 0.0135953 0.00887917 7.57916e-09
1.601 74 0.355274 0.0155657 0.0130519 7.57916e-09
1.601 75 0.447828 0.00417127 0.00936293 7.57916e-09
1.601 76 0.472028 0.00485255 0.0176296 7.57916e-09
1.601 77 0.405452 0.0103199 0.0183605 7.57916e-09
1.601 78 0.201132 0.0134543 0.0146154 7.57916e-09
1.601 79 0.473116 0.0141216 0.0169062 7.57916e-09
1.601 80 0.351139 0.00688198 0.0112827 7.57916e-09
1.701 51 0.209353 0.0151825 0.00537449 0
1.701 52 0.324148 0.0046228 0.00639489 0
1.701 53 0.443209 0.00767735 0.0171614 0
1.701 54 0.388533 0.0194284 0.0141656 0
1.701 55 0.375598 0.0166014 0.0176934 0
1.701 56 0.453001 0.0196849 0.019562 0
1.701 57 0.404832 0.000298645 0.0168659 0
1.701 58 0.401033 0.00923943 0.00371588 0
1.701 59 0.183228 0.00136324 0.0114966 0
1.701 60 0.373238 0.0177972 0.0140779 0
1.701 61 0.444977 0.00795079 0.00186113 0
1.701 62 0.232895 0.000834849 0.00140288 0
1.701 63 0.257909 0.00355278 0.00785343 0
1.701 64 0.328367 0.004105 0.012407 0
1.701 65 0.264726 0.00780307 0.0167614 0
1.701 66 0.317645 0.017846 0.0190082 0
1.701 67 0.425473 0.0137192 0.0196753 0
1.701 68 0.330245 0.019052 0.00388409 0
1.701 69 0.213642 0.00360746 0.00555378 0
1.701 70 0.489051 0.00864948 0.00657442 0
1.701 71 0.497289 0.0114888 0.00361151 0
1.701 72 0.361402 0.00348637 0.0136361 0
1.701 73 0.48368 0.0138468 0.00753612 0
1.701 74 0.336315 0.0156889 0.0118188 0
1.701 75 0.466803 0.00527112 0.00805311 0
1.701 76 0.491076 0.00431312 0.0180486 0
1.701 77 0.424433 0.0104552 0.0173288 0
1.701 78 0.18205 0.0129614 0.0135786 0
1.701 79 0.454068 0.0142762 0.0152011 0
1.701 80 0.332095 0.00682314 0.0106402 0
1.801 51 0.190258 0.0150266 0.00391811 0
1.801 52 0.305223 0.00453135 0.0052434 0
1.801 53 0.42418 0.00768376 0.0167171 0
1.801 54 0.369483 0.0193813 0.0130483 0
1.801 55 0.394646 0.0168483 0.016793 0
1.801 56 0.433984 0.0192419 0.0198104 0
1.801 57 0.423956 2.68612e-05 0.0159722 0
1.801 58 0.420072 0.0099967 0.00266285 0
1.801 59 0.164236 0.00205693 0.0108027 0
1.801 60 0.354161 0.0175842 0.0133621 0
1.801 61 0.426065 0.00820334 0.000748094 0
1.801 62 0.213802 0.00132209 0.000515883 0
1.801 63 0.238926 0.00393225 0.00707471 0
1.801 64 0.347488 0.00465402 0.0113942 0
1.801 65 0.24567 0.0076551 0.018215 0
1.801 66 0.298584 0.0170468 0.0194145 0
1.801 67 0.40645 0.0131371 0.0193945 0
1.801 68 0.349304 0.0191351 0.00171324 0
1.801 69 0.194624 0.00412728 0.00499847 0
1.801 70 0.49184 0.00776798 0.00572103 0
1.801 71 0.483471 0.0123231 0.00170737 0
1.801 72 0.380441 0.00317181 0.0115532 0
1.801 73 0.497025 0.0136947 0.00691337 0
1.801 74 0.317311 0.0159579 0.0109965 0
1.801 75 0.485837 0.0057777 0.00711579 0
1.801 76 0.489948 0.00452695 0.019636 0
1.801 77 0.443477 0.0109746 0.0165973 0
1.801 78 0.163053 0.0134695 0.0125629 0
1.801 79 0.434951 0.0141318 0.014444 0
1.801 80 0.312988 0.00645956 0.00918969 0
1.901 51 0.171077 0.0151631 0.00266731 0
1.901 52 0.286232 0.00487842 0.00440681 0
1.901 53 0.405139 0.00687482 0.0160767 0
1.901 54 0.350391 0.0195016 0.0126845 0
1.901 55 0.413746 0.0172294 0.0160611 0
1.901 56 0.414872 0.0194652 0.0190227 0
1.901 57 0.443086 7.26284e-05 0.0153085 0
1.901 58 0.43908 0.00979731 0.00168183 0
1.901 59 0.1453 0.00184878 0.0101159 0
1.901 60 0.335114 0.0175424 0.0126782 0
1.901 61 0.406946 0.00778904 7.43309e-05 0
1.901 62 0.194723 0.00137066 0.000159216 0
1.901 63 0.219878 0.00352711 0.00665831 0
1.901 64 0.366538 0.00489977 0.0101487 0
1.901 65 0.22664 0.00769231 0.0189007 0
1.901 66 0.279408 0.0165269 0.0196525 0
1.901 67 0.387477 0.0140195 0.0184842 0
1.901 68 0.368311 0.0193261 0.000457906 0
1.901 69 0.175569 0.00421556 0.00366226 0
1.901 70 0.472754 0.00811261 0.00507939 0
1.901 71 0.464601 0.0118282 0.000181564 0
1.901 72 0.399503 0.00363632 0.0101343 0
1.901 73 0.477907 0.0142155 0.0068213 0
1.901 74 0.298219 0.0161949 0.0111354 0
1.901 75 0.495056 0.0053365 0.00615601 0
1.901 76 0.470913 0.0042596 0.0193089 0
1.901 77 0.462479 0.0107821 0.0155876 0
1.901 78 0.144015 0.0136114 0.0120009 0
1.901 79 0.415868 0.0145315 0.0128258 0
1.901 80 0.293946 0.0059584 0.00813412 0
2.001 51 0.151993 0.0153765 0.00151312 0
2.001 52 0.267126 0.00503469 0.00310543 0
2.001 53 0.386055 0.00729774 0.0145927 0
2.001 54 0.3313 0.0197683 0.011474 0
2.001 55 0.432862 0.0171994 0.0153243 0
2.001 56 0.395731 0.018862 0.0177224 0
2.001 57 0.462183 0.000189381 0.0142076 0
2.001 58 0.458154 0.00988174 0.000574181 0
2.001 59 0.12628 0.00219886 0.00894607 0
2.001 60 0.315978 0.0178414 0.0117535 0
2.001 61 0.387899 0.00769502 0.000693094 0
2.001 62 0.175642 0.00159471 0.00146514 0
2.001 63 0.200726 0.00409211 0.00616983 0
2.001 64 0.385518 0.00478334 0.00970602 0
2.001 65 0.207666 0.0081292 0.0197112 0
2.001 66 0.260369 0.0172389 0.0184717 0
2.001 67 0.368438 0.0136472 0.018448 0
2.001 68 0.387408 0.0193008 0.000666335 0
2.001 69 0.156531 0.00470939 0.0028746 0
2.001 70 0.453758 0.0072614 0.00339477 0
2.001 71 0.445517 0.0117464 0.00126958 0
2.001 72 0.418659 0.00437192 0.00939613 0
2.001 73 0.458825 0.0135232 0.00607575 0
2.001 74 0.27924 0.0167111 0.0099766 0
2.001 75 0.476038 0.00487037 0.00541225 0
2.001 76 0.451937 0.00444569 0.0183432 0
2.001 77 0.481486 0.0109568 0.0145831 0
2.001 78 0.124893 0.0132494 0.0108738 0
2.001 79 0.396785 0.0146497 0.0119368 0
2.001 80 0.274852 0.00668366 0.00777944 0
2.101 51 0.132956 0.0162781 0.000297902 0
2.101 52 0.248252 0.00565842 0.00243618 2.71798e-08
2.101 53 0.367035 0.00753948 0.0133212 2.71798e-08
2.101 54 0.312257 0.0195731 0.00998556 2.71798e-08
2.101 55 0.451871 0.0179528 0.0148832 2.71798e-08
2.101 56 0.376744 0.0195351 0.0158805 2.71798e-08
2.101 57 0.481244 6.25483e-05 0.0134505 2.71798e-08
2.101 58 0.477147 0.00962264 0.00044777 2.71798e-08
2.101 59 0.107154 0.00284368 0.00830613 2.71798e-08
2.101 60 0.296887 0.0175742 0.0111654 2.71798e-08
2.101 61 0.368929 0.00756545 0.00239663 2.71798e-08
2.101 62 0.156621 0.0016431 0.00219668 2.71798e-08
2.101 63 0.181667 0.00426804 0.00572861 2.71798e-08
2.101 64 0.40455 0.00437336 0.00838292 2.71798e-08
2.101 65 0.188603 0.00773319 0.0189161 2.71798e-08
2.101 66 0.241372 0.016644 0.0180881 2.71798e-08
2.101 67 0.34937 0.0128674 0.0182708 2.71798e-08
2.101 68 0.406493 0.0182073 0.000779001 2.71798e-08
2.101 69 0.137502 0.00573332 0.00199243 2.71798e-08
2.101 70 0.434716 0.00724975 0.00252192 2.71798e-08
2.101 71 0.426518 0.011992 0.00218842 2.71798e-08
2.101 72 0.437665 0.0040433 0.00843163 2.71798e-08
2.101 73 0.439718 0.0128828 0.005234 2.71798e-08
2.101 74 0.260143 0.0168642 0.00868178 2.71798e-08
2.101 75 0.456985 0.00457092 0.00450459 2.71798e-08
2.101 76 0.432805 0.00480381 0.0173635 2.71798e-08
2.101 77 0.499071 0.0110656 0.0133831 2.71798e-08
2.101 78 0.105891 0.0136385 0.00922789 2.71798e-08
2.101 79 0.377814 0.0155011 0.0110196 2.71798e-08
2.101 80 0.255786 0.00665137 0.00816979 2.71798e-08
2.201 51 0.113885 0.0157885 0.000370465 0
2.201 52 0.229192 0.00558249 0.00129813 0
2.201 53 0.347935 0.00758556 0.012368 0
2.201 54 0.293221 0.0199142 0.00918442 0
2.201 55 0.47091 0.0182652 0.0134784 0
2.201 56 0.357737 0.0197103 0.0146487 0
2.201 57 0.499482 3.77542e-05 0.0122927 0
2.201 58 0.496205 0.00980742 0.000960709 0
2.201 59 0.0881049 0.00255632 0.0070633 0
2.201 60 0.277845 0.0173466 0.00961237 0
2.201 61 0.349895 0.00778979 0.00365869 0
2.201 62 0.137641 0.00184961 0.00317563 0
2.201 63 0.162639 0.00439328 0.00528199 0
2.201 64 0.423627 0.00500665 0.00721325 0
2.201 65 0.169615 0.00828965 0.0182085 0
2.201 66 0.222247 0.0171453 0.0173665 0
2.201 67 0.330439 0.0132459 0.0176705 0
2.201 68 0.425543 0.0172721 0.00145019 0
2.201 69 0.118503 0.00591582 0.000934475 0
2.201 70 0.415728 0.00785098 0.00123391 0
2.201 71 0.407514 0.012684 0.00329539 0
2.201 72 0.456757 0.00452445 0.00735737 0
2.201 73 0.420667 0.0121742 0.00398826 0
2.201 74 0.241185 0.0164959 0.007537 0
2.201 75 0.438028 0.00466071 0.00339853 0
2.201 76 0.413736 0.00479063 0.0171099 0
2.201 77 0.479994 0.0114327 0.0123366 0
2.201 78 0.0869527 0.0141322 0.00805038 0
2.201 79 0.358764 0.0157084 0.0104248 0
2.201 80 0.236852 0.0063579 0.00709587 0
2.301 51 0.0948332 0.0158289 0.000982274 0
2.301 52 0.210177 0.00596614 0.00125791 0
2.301 53 0.328845 0.0072372 0.0114106 0
2.301 54 0.274233 0.019775 0.00778178 0
2.301 55 0.489793 0.0181923 0.0114877 0
2.301 56 0.338748 0.0198869 0.0138233 0
2.301 57 0.480455 0.000229095 0.0112887 0
2.301 58 0.484818 0.0100244 0.00263896 0
2.301 59 0.0691247 0.00203159 0.00565368 0
2.301 60 0.25873 0.017577 0.00824756 0
2.301 61 0.330824 0.00828164 0.00554891 0
2.301 62 0.118471 0.00210395 0.00451227 0
2.301 63 0.143557 0.00435257 0.00376418 0
2.301 64 0.442619 0.0058353 0.00615101 0
2.301 65 0.150568 0.00771098 0.0169573 0
2.301 66 0.203201 0.0171685 0.0163976 0
2.301 67 0.311283 0.0132821 0.0170161 0
2.301 68 0.444558 0.0172044 0.00234228 0
2.301 69 0.0994499 0.0061898 0.00032065 0
2.301 70 0.396654 0.00775087 0.000382564 0
2.301 71 0.388542 0.012403 0.00354237 0
2.301 72 0.475772 0.0049272 0.0065021 0
2.301 73 0.401647 0.0119629 0.00384862 0
2.301 74 0.22212 0.0161684 0.00575329 0
2.301 75 0.418947 0.00508598 0.00250121 0
2.301 76 0.394739 0.00526778 0.0168297 0
2.301 77 0.460942 0.0121998 0.011167 0
2.301 78 0.0677505 0.0140877 0.00759086 0
2.301 79 0.339824 0.0160518 0.00927956 0
2.301 80 0.217858 0.00570055 0.00702413 0
2.401 51 0.075803 0.0160043 0.00219571 0
2.401 52 0.191167 0.00616142 0.000275542 0
2.401 53 0.309747 0.00745747 0.0106385 0
2.401 54 0.255189 0.0198169 0.00643388 0
2.401 55 0.49088 0.017876 0.0108629 0
2.401 56 0.319768 0.0198065 0.0120723 0
2.401 57 0.461496 9.12934e-05 0.0104286 0
2.401 58 0.465678 0.0100481 0.00333231 0
2.401 59 0.0501431 0.00193534 0.00505158 0
2.401 60 0.239655 0.0175148 0.00763257 0
2.401 61 0.311907 0.00789885 0.00657564 0
2.401 62 0.0994792 0.00198956 0.00509274 0
2.401 63 0.124617 0.00406794 0.00241689 0
2.401 64 0.461535 0.00555255 0.00537345 0
2.401 65 0.131531 0.00808782 0.0155168 0
2.401 66 0.184108 0.0174583 0.0160142 0
2.401 67 0.292299 0.0128379 0.0151258 0
2.401 68 0.463544 0.0172712 0.00330271 0
2.401 69 0.0804131 0.00555304 0.000114543 0
2.401 70 0.377602 0.00756318 0.000402695 0
2.401 71 0.369422 0.0121982 0.00407383 0
2.401 72 0.494834 0.00428564 0.00535546 0
2.401 73 0.382694 0.0122897 0.00354035 0
2.401 74 0.203233 0.0171092 0.00468379 0
2.401 75 0.400014 0.00490399 0.00165422 0
2.401 76 0.375829 0.0045287 0.0162552 0
2.401 77 0.441889 0.0125772 0.0103809 0
2.401 78 0.0487368 0.0141425 0.00560136 0
2.401 79 0.320838 0.0158671 0.00849534 0
2.401 80 0.198803 0.0059214 0.00656831 0
2.501 51 0.0568265 0.016236 0.0039434 0
2.501 52 0.172023 0.00520946 0.000711135 0
2.501 53 0.29076 0.00718842 0.0094951 0
2.501 54 0.236143 0.0198773 0.00554313 0
2.501 55 0.471794 0.0184314 0.0106884 0
2.501 56 0.300703 0.0194734 0.0102118 0
2.501 57 0.4425 0.000468616 0.00933274 0
2.501 58 0.446662 0.0102429 0.00463533 0
2.501 59 0.0311576 0.00159065 0.00388411 0
2.501 60 0.220514 0.0177841 0.00711418 0
2.501 61 0.292847 0.00801926 0.00719345 0
2.501 62 0.0805403 0.00186227 0.00604546 0
2.501 63 0.105599 0.00413815 0.00150753 0
2.501 64 0.480541 0.0054673 0.00420346 0
2.501 65 0.112432 0.0082469 0.0148712 0
2.501 66 0.165117 0.0174651 0.0150211 0
2.501 67 0.273257 0.0136316 0.0142306 0
2.501 68 0.482588 0.0170192 0.00405167 0
2.501 69 0.0613184 0.00582174 0.000901984 0
2.501 70 0.358414 0.00693991 0.00100392 0
2.501 71 0.350458 0.011714 0.00551571 0
2.501 72 0.485998 0.00365184 0.0038173 0
2.501 73 0.363616 0.0117266 0.00232111 0
2.501 74 0.18422 0.0168664 0.00239333 0
2.501 75 0.380939 0.00501136 0.00131806 0
2.501 76 0.356776 0.0038093 0.0152167 0
2.501 77 0.422998 0.0129801 0.00910377 0
2.501 78 0.029787 0.0139262 0.00492325 0
2.501 79 0.301799 0.0164035 0.00755715 0
2.501 80 0.179848 0.00619602 0.00577643 0
2.601 51 0.037782 0.0164821 0.00430058 0
2.601 52 0.153017 0.00558298 0.00162579 0
2.601 53 0.271796 0.00699278 0.00819602 0
2.601 54 0.217087 0.0192779 0.0044766 0
2.601 55 0.452845 0.0178764 0.00970684 0
2.601 56 0.281638 0.0197872 0.00978647 0
2.601 57 0.423586 0.000266294 0.00769092 0
2.601 58 0.427705 0.0104847 0.00547653 0
2.601 59 0.0121699 0.00158872 0.0024677 0
2.601 60 0.201548 0.0170954 0.00560966 0
2.601 61 0.273695 0.0070972 0.0084418 0
2.601 62 0.0614536 0.00197347 0.00669079 0
2.601 63 0.0866026 0.00430919 0.00014654 0
2.601 64 0.499591 0.00568358 0.00262748 0
2.601 65 0.0934726 0.00834254 0.0129817 0
2.601 66 0.146033 0.0170881 0.0143849 0
2.601 67 0.254231 0.0135222 0.0132087 0
2.601 68 0.498288 0.0175426 0.00435924 0
2.601 69 0.0423205 0.00605052 0.00161884 0
2.601 70 0.33938 0.0073442 0.0010031 0
2.601 71 0.331475 0.0113062 0.00620038 0
2.601 72 0.466997 0.00434784 0.00339371 0
2.601 73 0.344563 0.0121941 0.00147315 0
2.601 74 0.165133 0.0168617 0.00117435 0
2.601 75 0.361891 0.00541387 0.000180058 0
2.601 76 0.337711 0.00372674 0.0138296 0
2.601 77 0.403827 0.0134332 0.00885245 0
2.601 78 0.0107278 0.0137766 0.00387667 0
2.601 79 0.282685 0.0169215 0.00627943 0
2.601 80 0.160813 0.00638551 0.00448039 0
2.701 51 0.0186966 0.0164381 0.00465496 0
2.701 52 0.134018 0.00562931 0.00330908 0
2.701 53 0.252724 0.00716578 0.00657714 1.28887e-08
2.701 54 0.198009 0.0195785 0.00382281 1.28887e-08
2.701 55 0.433962 0.0174143 0.0084455 1.28887e-08
2.701 56 0.262505 0.0195274 0.00910395 1.28887e-08
2.701 57 0.404475 0.00108059 0.00631946 1.28887e-08
2.701 58 0.408639 0.0106217 0.00643715 1.28887e-08
2.701 59 0.00713898 0.00187016 0.00170127 1.28887e-08
2.701 60 0.182364 0.0166204 0.00428309 1.28887e-08
2.701 61 0.254637 0.00714826 0.0100033 1.28887e-08
2.701 62 0.0424798 0.00187767 0.00803715 1.28887e-08
2.701 63 0.0675825 0.00453601 0.000933306 1.28887e-08
2.701 64 0.481214 0.00608733 0.00232169 1.28887e-08
2.701 65 0.0744546 0.00841738 0.011856 1.28887e-08
2.701 66 0.127027 0.0168055 0.013308 1.28887e-08
2.701 67 0.235262 0.0140814 0.0126982 1.28887e-08
2.701 68 0.479279 0.0171847 0.00537895 1.28887e-08
2.701 69 0.0231988 0.00553864 0.00274919 1.28887e-08
2.701 70 0.320316 0.00746136 0.00211487 1.28887e-08
2.701 71 0.312503 0.0117635 0.00693107 1.28887e-08
2.701 72 0.447965 0.00372619 0.00237229 1.28887e-08
2.701 73 0.325453 0.0123913 0.000731513 1.28887e-08
2.701 74 0.14613 0.017707 3.05108e-05 1.28887e-08
2.701 75 0.342903 0.00519207 0.00220598 1.28887e-08
2.701 76 0.318733 0.00347726 0.012641 1.28887e-08
2.701 77 0.384826 0.0130972 0.00783519 1.28887e-08
2.701 78 0.00843433 0.0139816 0.0028881 1.28887e-08
2.701 79 0.263567 0.0164427 0.00541076 1.28887e-08
2.701 80 0.14182 0.00702224 0.00312884 1.28887e-08
2.801 51 0.000531545 0.0170539 0.0065111 0
2.801 52 0.115037 0.00587633 0.00404075 0
2.801 53 0.233707 0.00766059 0.00512586 0
2.801 54 0.179043 0.0199107 0.00205418 0
2.801 55 0.414844 0.0169113 0.00819715 0
2.801 56 0.243568 0.0196213 0.00823149 0
2.801 57 0.385546 0.0014524 0.00517583 0
2.801 58 0.389575 0.010765 0.00702007 0
2.801 59 0.0261353 0.000928663 1.74378e-05 0
2.801 60 0.163407 0.0166757 0.00371417 0
2.801 61 0.235545 0.00770418 0.0104237 0
2.801 62 0.0234071 0.00258143 0.00926712 0
2.801 63 0.0484241 0.0043088 0.00250118 0
2.801 64 0.462265 0.00602869 0.000893451 0
2.801 65 0.0554687 0.00860513 0.0108863 0
2.801 66 0.107926 0.0167119 0.0126335 0
2.801 67 0.216261 0.0132449 0.0112027 0
2.801 68 0.460152 0.0170865 0.006096 0
2.801 69 0.00419532 0.00563088 0.00331896 0
2.801 70 0.301321 0.007349 0.00354015 0
2.801 71 0.293459 0.0120515 0.00809314 0
2.801 72 0.428925 0.00349418 0.00118047 0
2.801 73 0.306455 0.0130503 0.000366245 0
2.801 74 0.127014 0.0178662 0.000415684 0
2.801 75 0.323899 0.00546436 0.00282126 0
2.801 76 0.299717 0.00300041 0.0116279 0
2.801 77 0.365815 0.0130877 0.00642718 0
2.801 78 0.0275529 0.0144099 0.00205018 0
2.801 79 0.244545 0.0162587 0.00397255 8.93319e-09
2.801 80 0.122736 0.00706619 0.00235121 8.93319e-09
2.901 51 0.0195154 0.0164994 0.00725872 0
2.901 52 0.0959457 0.00650338 0.00511965 0
2.901 53 0.21477 0.00810015 0.00410522 0
2.901 54 0.160044 0.0198447 0.000461734 0
2.901 55 0.395682 0.0172398 0.00733986 0
2.901 56 0.22455 0.0198864 0.00733893 0
2.901 57 0.366429 0.00149412 0.00431106 0
2.901 58 0.370601 0.00989894 0.00830498 0
2.901 59 0.045113 0.00168015 0.00151173 0
2.901 60 0.144507 0.0166905 0.00199106 0
2.901 61 0.216598 0.00726332 0.0114219 0
2.901 62 0.0043659 0.00184899 0.00984833 0
2.901 63 0.0294725 0.00421005 0.00296193 0
2.901 64 0.44322 0.0066211 0.000289306 0
2.901 65 0.0363628 0.00865752 0.010253 0
2.901 66 0.0889505 0.0168684 0.0109162 0
2.901 67 0.197183 0.0125489 0.0103396 0
2.901 68 0.441039 0.0174034 0.00708311 0
2.901 69 0.0148309 0.00550209 0.00410386 0
2.901 70 0.282254 0.00731742 0.00457554 0
2.901 71 0.27436 0.0124809 0.00907853 0
2.901 72 0.409927 0.00337239 0.000149807 0
2.901 73 0.287472 0.0130356 0.00173747 0
2.901 74 0.108056 0.0179256 0.00216832 0
2.901 75 0.304852 0.00506971 0.00475653 0
2.901 76 0.280567 0.00338971 0.0108835 0
2.901 77 0.346816 0.0139396 0.00495128 0
2.901 78 0.0467241 0.014501 0.00174295 0
2.901 79 0.225491 0.0159482 0.00267391 0
2.901 80 0.103777 0.00738563 0.00209685 0
3.001 51 0.0386642 0.0165991 0.00781063 0
3.001 52 0.0769699 0.00652314 0.00549701 0
3.001 53 0.195741 0.00784205 0.00274581 0
3.001 54 0.140996 0.0199546 0.000585435 0
3.001 55 0.376579 0.0170334 0.00631813 0
3.001 56 0.205453 0.0194518 0.00688945 0
3.001 57 0.347425 0.00092337 0.00370561 0
3.001 58 0.351631 0.0100512 0.00952328 0
3.001 59 0.0642204 0.00160254 0.00209355 0
3.001 60 0.125431 0.0169494 0.00159343 0
3.001 61 0.197685 0.00785445 0.0120959 0
3.001 62 0.0149303 0.0017585 0.011134 0
3.001 63 0.0103974 0.00365564 0.00384376 0
3.001 64 0.424112 0.00614318 0.00141879 0
3.001 65 0.0173101 0.0085465 0.00937528 0
3.001 66 0.0700175 0.017088 0.0095009 0
3.001 67 0.178076 0.0117585 0.00904547 0
3.001 68 0.421999 0.0176365 0.00730128 0
3.001 69 0.0338952 0.00597463 0.00445242 0
3.001 70 0.263229 0.00790298 0.00541188 0
3.001 71 0.255239 0.012559 0.00970504 0
3.001 72 0.390869 0.00321014 0.000666067 0
3.001 73 0.268523 0.0129698 0.00319733 0
3.001 74 0.0890042 0.0177577 0.00311144 0
3.001 75 0.285893 0.00524772 0.00668838 0
3.001 76 0.261563 0.0029581 0.00970467 0
3.001 77 0.327893 0.0142109 0.00389382 0
3.001 78 0.0657662 0.0149184 0.000994887 0
3.001 79 0.206341 0.0154861 0.00227392 0
3.001 80 0.0846552 0.0064928 0.00081227 0
3.101 51 0.0576369 0.0170084 0.00919681 0
3.101 52 0.0579714 0.0067825 0.00664103 0
3.101 53 0.176769 0.0081186 0.00168114 0
3.101 54 0.12191 0.019723 0.00132793 0
3.101 55 0.35751 0.0168796 0.00501145 0
3.101 56 0.186481 0.0194232 0.00549944 0
3.101 57 0.32841 0.00121944 0.00209286 0
3.101 58 0.332566 0.0100114 0.0105834 0
3.101 59 0.0831587 0.0015683 0.00307112 0
3.101 60 0.106311 0.0170135 0.000824917 0
3.101 61 0.178762 0.00807764 0.0125729 0
3.101 62 0.033992 0.00262355 0.0115884 0
3.101 63 0.00890249 0.00346935 0.00516175 0
3.101 64 0.404921 0.00664363 0.00218446 0
3.101 65 0.0018199 0.00838667 0.00838106 0
3.101 66 0.0510451 0.0169351 0.00781973 0
3.101 67 0.159019 0.0120775 0.0085237 0
3.101 68 0.402919 0.0173328 0.00903325 0
3.101 69 0.0530059 0.0068071 0.00576491 0
3.101 70 0.244227 0.0073055 0.00639015 9.29378e-09
3.101 71 0.236275 0.0130945 0.0106481 9.29378e-09
3.101 72 0.37182 0.00325478 0.00193111 9.29378e-09
3.101 73 0.249549 0.0128885 0.00418108 3.83661e-08
3.101 74 0.0699573 0.0175044 0.00475897 3.83661e-08
3.101 75 0.266868 0.00526525 0.00718907 3.83661e-08
3.101 76 0.242418 0.00278409 0.00882943 3.83661e-08
3.101 77 0.308814 0.014461 0.002872 3.83661e-08
3.101 78 0.0848147 0.0147295 0.000340307 3.83661e-08
3.101 79 0.187305 0.0154161 0.0013684 3.83661e-08
3.101 80 0.0655651 0.00703508 0.000265602 3.83661e-08
3.201 51 0.0767231 0.0168954 0.0104339 0
3.201 52 0.0388328 0.00742827 0.00667948 0
3.201 53 0.157745 0.00828014 0.000584708 0
3.201 54 0.102925 0.0194024 0.00244702 0
3.201 55 0.338502 0.0168282 0.0040625 0
3.201 56 0.167389 0.01919 0.00487332 0
3.201 57 0.309363 0.0019534 0.00195104 0
3.201 58 0.313502 0.00986128 0.0118392 0
3.201 59 0.102284 0.00152275 0.00403395 0
3.201 60 0.0872961 0.0162724 7.97199e-05 0
3.201 61 0.159657 0.00874807 0.0136081 0
3.201 62 0.0529216 0.00256033 0.0117836 0
3.201 63 0.0278561 0.00387097 0.00562157 0
3.201 64 0.385815 0.00728229 0.00328456 0
3.201 65 0.0208675 0.00831771 0.00803239 0
3.201 66 0.0320252 0.0181035 0.00728153 0
3.201 67 0.139966 0.0119848 0.00736858 0
3.201 68 0.383847 0.0174511 0.00925473 0
3.201 69 0.0720738 0.00688869 0.00674285 0
3.201 70 0.225158 0.00735305 0.00746783 0
3.201 71 0.217195 0.0128631 0.0119364 0
3.201 72 0.352822 0.00280041 0.00286812 0
3.201 73 0.230481 0.0127059 0.00460871 0
3.201 74 0.0509115 0.0178969 0.00553726 0
3.201 75 0.247756 0.00486132 0.00800234 7.92512e-09
3.201 76 0.223346 0.00278192 0.00821637 7.92512e-09
3.201 77 0.289819 0.0142049 0.00191234 7.92512e-09
3.201 78 0.10383 0.0147943 0.000885749 7.92512e-09
3.201 79 0.168188 0.0157849 0.000656968 7.92512e-09
3.201 80 0.0465319 0.00643984 0.0011674 7.92512e-09
3.301 51 0.09572 0.0172333 0.011801 0
3.301 52 0.0199301 0.00716576 0.00792831 0
3.301 53 0.138688 0.00845922 0.000328422 0
3.301 54 0.0840087 0.0193097 0.00353887 0
3.301 55 0.319491 0.0168128 0.00303141 0
3.301 56 0.148446 0.0187947 0.00335915 0
3.301 57 0.290183 0.00206983 0.00113785 0
3.301 58 0.294464 0.00943339 0.012915 0
3.301 59 0.121345 0.00125912 0.0048347 0
3.301 60 0.068395 0.0170903 0.00125538 0
3.301 61 0.140593 0.00880903 0.0144338 0
3.301 62 0.0720109 0.0025493 0.0125136 0
3.301 63 0.0469198 0.00331983 0.00735756 0
3.301 64 0.366766 0.00659051 0.00490476 0
3.301 65 0.0398994 0.00816781 0.00689298 0
3.301 66 0.0130547 0.0175609 0.0059759 0
3.301 67 0.121035 0.012191 0.00579026 0
3.301 68 0.364796 0.017277 0.010204 0
3.301 69 0.0911474 0.00655353 0.00772534 0
3.301 70 0.206239 0.0069038 0.00807815 0
3.301 71 0.198165 0.0127706 0.012654 0
3.301 72 0.333869 0.00239507 0.00485181 0
3.301 73 0.211401 0.0120389 0.00499116 0
3.301 74 0.0318774 0.0172389 0.00674517 0
3.301 75 0.228732 0.00581032 0.00944281 0
3.301 76 0.2044 0.00363836 0.00657395 0
3.301 77 0.270824 0.0140742 0.000724808 0
3.301 78 0.12284 0.015045 0.00228134 0
3.301 79 0.148998 0.016019 0.000374361 0
3.301 80 0.0274807 0.00606291 0.0021116 0
3.401 51 0.11464 0.0168972 0.0135513 0
3.401 52 0.000915734 0.00739777 0.00846374 0
3.401 53 0.119626 0.00866181 0.00028339 0
3.401 54 0.0650064 0.0195512 0.00470182 0
3.401 55 0.300407 0.0168903 0.00233727 0
3.401 56 0.129427 0.0189137 0.00193342 0
3.401 57 0.271273 0.00184823 0.000893214 0
3.401 58 0.275377 0.0102798 0.0139444 0
3.401 59 0.140446 0.00143238 0.00581861 0
3.401 60 0.0494797 0.0178494 0.00272922 0
3.401 61 0.121545 0.00917351 0.015384 0
3.401 62 0.0910636 0.00236417 0.0134689 0
3.401 63 0.0659437 0.00350593 0.00830959 0
3.401 64 0.347665 0.00604648 0.00558858 0
3.401 65 0.0589988 0.0080295 0.00622434 0
3.401 66 0.00627104 0.0171804 0.00548191 0
3.401 67 0.101987 0.0120851 0.00519365 0
3.401 68 0.345798 0.0170291 0.0114176 0
3.401 69 0.110239 0.00597983 0.00786283 0
3.401 70 0.187111 0.00636244 0.0096251 0
3.401 71 0.179082 0.0136971 0.0139516 0
3.401 72 0.314919 0.00260152 0.00606757 0
3.401 73 0.192298 0.0128258 0.00621816 0
3.401 74 0.0128722 0.0178973 0.0084145 0
3.401 75 0.209762 0.00687529 0.0110021 0
3.401 76 0.185316 0.00395852 0.00613843 0
3.401 77 0.251791 0.0142511 0.000731441 3.46894e-08
3.401 78 0.141886 0.015085 0.00358029 3.46894e-08
3.401 79 0.129897 0.0157305 0.00107214 3.46894e-08
3.401 80 0.00844453 0.0061022 0.00324668 3.46894e-08
3.501 51 0.133749 0.0167433 0.0150362 0
3.501 52 0.0183046 0.00724548 0.0102825 0
3.501 53 0.100701 0.00748868 0.000697763 0
3.501 54 0.0460138 0.0191991 0.00571759 0
3.501 55 0.281239 0.0167396 0.00146615 0
3.501 56 0.110406 0.0191001 0.000712526 0
3.501 57 0.252166 0.00186161 0.00178809 1.02088e-08
3.501 58 0.256433 0.00971131 0.0146562 1.02088e-08
3.501 59 0.15945 0.00125531 0.00670845 1.02088e-08
3.501 60 0.030455 0.0174487 0.00354527 1.02088e-08
3.501 61 0.102492 0.00953833 0.01658 1.02088e-08
3.501 62 0.110168 0.00338739 0.0141299 1.02088e-08
3.501 63 0.0849943 0.00341577 0.00866795 1.02088e-08
3.501 64 0.328641 0.00625844 0.00760349 1.02088e-08
3.501 65 0.0778985 0.00800329 0.00491361 1.02088e-08
3.501 66 0.0253416 0.017563 0.0049055 1.02088e-08
3.501 67 0.0829607 0.0119716 0.00419309 1.02088e-08
3.501 68 0.326948 0.0168151 0.0127793 1.02088e-08
3.501 69 0.129266 0.00625014 0.00920668 1.02088e-08
3.501 70 0.168072 0.00696136 0.0103842 1.02088e-08
3.501 71 0.160023 0.0135885 0.0149772 1.02088e-08
3.501 72 0.295853 0.00228408 0.00738661 1.02088e-08
3.501 73 0.173211 0.013818 0.00718715 1.02088e-08
3.501 74 0.00663719 0.0183498 0.00917794 1.02088e-08
3.501 75 0.190735 0.00674581 0.0122081 1.02088e-08
3.501 76 0.166304 0.00400765 0.0056187 1.02088e-08
3.501 77 0.232776 0.0148973 0.00171726 1.02088e-08
3.501 78 0.160921 0.0150143 0.00426153 1.02088e-08
3.501 79 0.110783 0.015458 0.00139978 1.02088e-08
3.501 80 0.0107982 0.00636457 0.00455997 1.02088e-08
3.601 51 0.152818 0.0165707 0.0167322 0
3.601 52 0.0373772 0.00730034 0.0116233 0
3.601 53 0.0816178 0.0077439 0.00185943 0
3.601 54 0.0269427 0.0189822 0.00715627 0
3.601 55 0.262377 0.0170547 0.000123436 0
3.601 56 0.0914527 0.0188015 8.22076e-05 0
3.601 57 0.233167 0.00189528 0.00312346 0
3.601 58 0.237442 0.00884062 0.015537 0
3.601 59 0.178473 0.0015769 0.00761039 0
3.601 60 0.0114573 0.0175569 0.00481036 0
3.601 61 0.0835511 0.00982178 0.0169823 0
3.601 62 0.129141 0.00266005 0.0156464 0
3.601 63 0.103985 0.00333906 0.010109 0
3.601 64 0.309569 0.00595892 0.00777146 0
3.601 65 0.0970415 0.00794099 0.00412888 0
3.601 66 0.044397 0.0176853 0.00319607 0
3.601 67 0.0640018 0.0121405 0.00227702 0
3.601 68 0.307934 0.0173709 0.0138191 0
3.601 69 0.148309 0.00603176 0.0105641 0
3.601 70 0.148976 0.00706577 0.0104413 0
3.601 71 0.140984 0.0134423 0.0160236 0
3.601 72 0.276776 0.00205773 0.0075799 0
3.601 73 0.154217 0.0138334 0.00822452 0
3.601 74 0.0257155 0.0182955 0.00995684 0
3.601 75 0.171719 0.00702302 0.0129901 0
3.601 76 0.14739 0.00428504 0.00417499 0
3.601 77 0.213925 0.0151937 0.00272991 0
3.601 78 0.179933 0.014513 0.00508387 0
3.601 79 0.091789 0.0151522 0.00217664 0
3.601 80 0.0297144 0.00648771 0.00513184 0
3.701 51 0.171872 0.0174565 0.0175617 0
3.701 52 0.0564192 0.00730168 0.0115895 0
3.701 53 0.0625091 0.00705637 0.00345976 0
3.701 54 0.00796255 0.018463 0.00860722 0
3.701 55 0.243361 0.017734 0.00113862 0
3.701 56 0.0724408 0.0188294 0.00104962 0
3.701 57 0.214071 0.00124557 0.00390499 0
3.701 58 0.218472 0.00824727 0.0164764 0
3.701 59 0.19742 0.00240578 0.00913331 0
3.701 60 0.00771752 0.0177883 0.00543666 0
3.701 61 0.0644125 0.00978575 0.0173345 0
3.701 62 0.148254 0.00305947 0.0169194 0
3.701 63 0.122974 0.00329071 0.0109226 0
3.701 64 0.29065 0.00499489 0.00957425 0
3.701 65 0.116183 0.00783327 0.00289921 0
3.701 66 0.0634052 0.0173741 0.00224018 0
3.701 67 0.0449719 0.0128225 0.00107332 0
3.701 68 0.28888 0.0174333 0.0151637 0
3.701 69 0.167316 0.00550338 0.010755 0
3.701 70 0.12992 0.00682789 0.0107216 0
3.701 71 0.12185 0.013089 0.0171383 0
3.701 72 0.257681 0.00244326 0.00861031 0
3.701 73 0.135187 0.0139658 0.00931982 0
3.701 74 0.0447849 0.0181969 0.0108853 0
3.701 75 0.15274 0.0067232 0.0145003 0
3.701 76 0.128327 0.00470914 0.00362085 0
3.701 77 0.194916 0.0151553 0.00395243 0
3.701 78 0.198931 0.0143688 0.00569118 0
3.701 79 0.0727103 0.015524 0.00331344 0
3.701 80 0.048828 0.0062039 0.00598695 0
3.801 51 0.190897 0.0177902 0.0183088 0
3.801 52 0.0753562 0.006903 0.0130427 0
3.801 53 0.0433975 0.00620518 0.00410374 0
3.801 54 0.0112699 0.0187649 0.00993511 0
3.801 55 0.224201 0.0180899 0.00193123 0
3.801 56 0.0532916 0.0179091 0.00154568 0
3.801 57 0.195009 0.00133899 0.00477653 0
3.801 58 0.199451 0.00788948 0.0172648 0
3.801 59 0.216456 0.00256879 0.0102232 0
3.801 60 0.0268158 0.0178337 0.00669099 0
3.801 61 0.0453333 0.00962022 0.0179168 0
3.801 62 0.167354 0.0028106 0.0179236 0
3.801 63 0.141953 0.00317775 0.01233 0
3.801 64 0.271679 0.00459125 0.0108901 0
3.801 65 0.135257 0.00820067 0.00229715 0
3.801 66 0.0824297 0.016337 0.00120403 0
3.801 67 0.0259891 0.0128592 0.000218564 0
3.801 68 0.269861 0.017238 0.0164726 0
3.801 69 0.186337 0.00569114 0.0118188 0
3.801 70 0.110805 0.00729811 0.0115706 0
3.801 71 0.102806 0.0127969 0.0188343 0
3.801 72 0.238518 0.00220952 0.00926073 0
3.801 73 0.116194 0.013821 0.0107334 0
3.801 74 0.0639589 0.018613 0.0113419 0
3.801 75 0.133675 0.00727644 0.0159321 0
3.801 76 0.109251 0.0045283 0.00227232 0
3.801 77 0.175872 0.0154061 0.00510218 0
3.801 78 0.217972 0.0134872 0.00626197 0
3.801 79 0.0536758 0.0153099 0.00376704 0
3.801 80 0.0678174 0.00630129 0.00766344 0
3.901 51 0.210006 0.018234 0.0186987 0
3.901 52 0.0944619 0.00722676 0.0130813 0
3.901 53 0.0244205 0.00599935 0.00516113 0
3.901 54 0.0302242 0.0183504 0.0111723 0
3.901 55 0.205012 0.0182331 0.00229823 0
3.901 56 0.0342244 0.0177546 0.00252382 0
3.901 57 0.175952 0.000625366 0.00530907 0
3.901 58 0.180527 0.00731916 0.0184768 0
3.901 59 0.235488 0.00299955 0.0112304 0
3.901 60 0.0457877 0.0180468 0.00830081 0
3.901 61 0.0262896 0.00987517 0.0186213 0
3.901 62 0.186378 0.00303474 0.0192061 0
3.901 63 0.161009 0.00388989 0.0124154 0
3.901 64 0.25262 0.00387459 0.0112919 0
3.901 65 0.15443 0.00898214 0.00254517 0
3.901 66 0.101467 0.0161494 0.000325393 0
3.901 67 0.0069185 0.0117366 0.00133912 0
3.901 68 0.250791 0.0177503 0.0169411 0
3.901 69 0.20543 0.00557001 0.0123161 0
3.901 70 0.0918574 0.00752599 0.0127953 0
3.901 71 0.0836629 0.0131194 0.0193249 0
3.901 72 0.219547 0.00248336 0.0101385 0
3.901 73 0.0971669 0.0136117 0.0118554 0
3.901 74 0.0829564 0.0187042 0.0119701 0
3.901 75 0.114754 0.00686572 0.0163601 0
3.901 76 0.0902045 0.00500131 0.00102141 0
3.901 77 0.156789 0.015281 0.00539906 0
3.901 78 0.236994 0.0140844 0.00646952 0
3.901 79 0.0346928 0.0152355 0.00468629 0
3.901 80 0.0868953 0.00694891 0.00874195 0
4.001 51 0.228954 0.0191167 0.0197409 0
4.001 52 0.113611 0.00729852 0.0139243 0
4.001 53 0.00535192 0.00624354 0.00633366 0
4.001 54 0.0493384 0.0190308 0.0117172 0
4.001 55 0.185926 0.0193239 0.00351194 0
4.001 56 0.0151646 0.0175426 0.00355846 0
4.001 57 0.156922 0.00079053 0.00600679 0
4.001 58 0.161548 0.00709602 0.0192797 0
4.001 59 0.254423 0.00352103 0.0127188 0
4.001 60 0.0648303 0.0180916 0.00953675 0
4.001 61 0.00727336 0.0103079 0.019688 0
4.001 62 0.205423 0.00351043 0.0198381 0
4.001 63 0.179958 0.0038597 0.0138172 0
4.001 64 0.233601 0.00345036 0.0119339 0
4.001 65 0.173387 0.00906491 0.000855985 0
4.001 66 0.120607 0.0153879 0.00142746 0
4.001 67 0.0123168 0.0117335 0.00212191 0
4.001 68 0.231649 0.0174464 0.0179243 0
4.001 69 0.224572 0.00574283 0.0128999 0
4.001 70 0.0728232 0.00740555 0.0138422 0
4.001 71 0.0646411 0.0127118 0.0185224 0
4.001 72 0.200546 0.00210551 0.0106227 0
4.001 73 0.0781577 0.0136568 0.0125322 0
4.001 74 0.101957 0.0188933 0.01261 0
4.001 75 0.095751 0.00688493 0.017161 0
4.001 76 0.0711053 0.00546389 0.000172534 0
4.001 77 0.137779 0.0156166 0.00722889 0
4.001 78 0.256028 0.0142698 0.00794377 0
4.001 79 0.015605 0.0150562 0.00487275 0
4.001 80 0.10587 0.00698254 0.0100661 0
4.101 51 0.247911 0.0197482 0.0194421 0
4.101 52 0.132607 0.00709431 0.0157875 0
4.101 53 0.0138031 0.00687291 0.00717851 0
4.101 54 0.0683633 0.0192999 0.0122103 0
4.101 55 0.166907 0.0186637 0.00496586 0
4.101 56 0.00409108 0.0173705 0.0039406 0
4.101 57 0.137835 0.00118886 0.00715178 0
4.101 58 0.142433 0.00721301 0.0197164 0
4.101 59 0.273333 0.00345534 0.0142179 0
4.101 60 0.0837951 0.0178396 0.0111669 0
4.101 61 0.0118556 0.0107369 0.0193883 0
4.101 62 0.224452 0.00361101 0.0192368 0
4.101 63 0.198938 0.00369174 0.015287 0
4.101 64 0.214586 0.00317622 0.0132353 0
4.101 65 0.192376 0.00899736 0.00078036 0
4.101 66 0.139669 0.0150588 0.00235285 0
4.101 67 0.0312331 0.0120461 0.00365246 0
4.101 68 0.212612 0.0166847 0.0192361 0
4.101 69 0.243665 0.00649978 0.0140941 0
4.101 70 0.05378 0.00702191 0.0155289 0
4.101 71 0.0456409 0.0125045 0.0172636 0
4.101 72 0.181521 0.00251574 0.0113122 0
4.101 73 0.0592134 0.0133976 0.0144057 0
4.101 74 0.120848 0.0191096 0.0137045 0
4.101 75 0.0768138 0.00760233 0.0182317 0
4.101 76 0.0520517 0.00610816 0.00109803 0
4.101 77 0.118786 0.0155354 0.00842191 0
4.101 78 0.274965 0.0143454 0.00856268 0
4.101 79 0.00374643 0.0151506 0.00592146 0
4.101 80 0.12496 0.00676986 0.0103202 0
4.201 51 0.266928 0.0192703 0.018233 0
4.201 52 0.151679 0.00680928 0.017125 0
4.201 53 0.0329236 0.00634266 0.00777763 0
4.201 54 0.0873046 0.0193603 0.0130545 0
4.201 55 0.147885 0.0188061 0.00585428 0
4.201 56 0.0231452 0.0170475 0.00499435 0
4.201 57 0.11881 0.00162765 0.00839109 0
4.201 58 0.123496 0.00726471 0.0186057 0
4.201 59 0.292381 0.00366232 0.0156185 0
4.201 60 0.102748 0.0180634 0.0125477 0
4.201 61 0.030991 0.0104829 0.0185111 0
4.201 62 0.2435 0.00355471 0.0176605 0
4.201 63 0.21806 0.00383382 0.0162875 0
4.201 64 0.195529 0.00310631 0.0130359 0
4.201 65 0.211368 0.00909839 0.00186097 0
4.201 66 0.158736 0.015148 0.00252544 0
4.201 67 0.0502666 0.011935 0.00483758 0
4.201 68 0.193722 0.0165739 0.0198227 0
4.201 69 0.262653 0.00713407 0.0145527 0
4.201 70 0.0347832 0.00690118 0.0168243 0
4.201 71 0.0266051 0.0126202 0.0164232 0
4.201 72 0.162455 0.00301557 0.0125621 0
4.201 73 0.0403149 0.0134578 0.0159825 0
4.201 74 0.139737 0.0186109 0.014541 0
4.201 75 0.0577264 0.00772639 0.0187998 0
4.201 76 0.0330548 0.00651943 0.00167324 0
4.201 77 0.0998089 0.0159515 0.00933571 0
4.201 78 0.29401 0.0143157 0.00920697 0
4.201 79 0.0227008 0.0151278 0.00692389 0
4.201 80 0.144063 0.00653013 0.0111452 0
4.301 51 0.286024 0.0189685 0.0180128 0
4.301 52 0.170801 0.00744466 0.0183877 0
4.301 53 0.0518941 0.00643466 0.00883778 0
4.301 54 0.106424 0.0192882 0.0136975 0
4.301 55 0.128831 0.018938 0.00662264 0
4.301 56 0.0421714 0.0168366 0.00601119 0
4.301 57 0.0998283 0.00225252 0.0096422 0
4.301 58 0.104504 0.00747283 0.0170277 0
4.301 59 0.311365 0.00381064 0.0173703 0
4.301 60 0.121785 0.018336 0.0126549 0
4.301 61 0.0500222 0.0113009 0.0166745 0
4.301 62 0.262508 0.00336233 0.0162616 0
4.301 63 0.237097 0.00422049 0.0171675 0
4.301 64 0.176477 0.00257648 0.0138712 0
4.301 65 0.230406 0.00864257 0.00250141 0
4.301 66 0.177828 0.0150603 0.00284955 0
4.301 67 0.0693042 0.0117741 0.00594531 0
4.301 68 0.174644 0.0158313 0.0192778 0
4.301 69 0.281695 0.00714314 0.0157731 0
4.301 70 0.0158733 0.00731718 0.0185869 0
4.301 71 0.00771025 0.0126105 0.0152437 0
4.301 72 0.143427 0.00350218 0.0129428 0
4.301 73 0.0212436 0.0131531 0.0169857 0
4.301 74 0.158798 0.019136 0.0152279 0
4.301 75 0.0387147 0.00786301 0.0197036 0
4.301 76 0.0140319 0.00575881 0.00259945 0
4.301 77 0.0806804 0.0160889 0.00969364 0
4.301 78 0.313094 0.0151894 0.00981686 0
4.301 79 0.0416682 0.0153782 0.008331 0
4.301 80 0.162966 0.00580423 0.0126093 0
4.401 51 0.30505 0.0188853 0.0171141 0
4.401 52 0.189801 0.0080544 0.0195279 0
4.401 53 0.070876 0.00755209 0.0101692 0
4.401 54 0.125372 0.019889 0.0151388 0
4.401 55 0.109865 0.0186199 0.00765577 0
4.401 56 0.0612197 0.0172741 0.00697667 0
4.401 57 0.0807766 0.00188289 0.0103083 0
4.401 58 0.0855081 0.00733129 0.0153605 0
4.401 59 0.330335 0.00379106 0.0185741 0
4.401 60 0.140902 0.0187706 0.0135245 0
4.401 61 0.0691081 0.0117671 0.0159245 0
4.401 62 0.281541 0.00385623 0.0149621 0
4.401 63 0.256189 0.00424581 0.0179652 0
4.401 64 0.157391 0.00263783 0.0149779 0
4.401 65 0.249344 0.00829545 0.00452661 3.176e-08
4.401 66 0.1969 0.0150776 0.0033386 3.176e-08
4.401 67 0.0882072 0.0120715 0.00639831 3.176e-08
4.401 68 0.155681 0.0167338 0.0176332 3.176e-08
4.401 69 0.300841 0.00808081 0.0167635 3.176e-08
4.401 70 0.0032793 0.00740881 0.0196028 3.176e-08
4.401 71 0.0114965 0.0130143 0.0144943 3.176e-08
4.401 72 0.124442 0.00316199 0.0139563 3.176e-08
4.401 73 0.00226791 0.0128275 0.01793 3.176e-08
4.401 74 0.177863 0.0185325 0.0164924 3.176e-08
4.401 75 0.0197177 0.00785206 0.018723 3.176e-08
4.401 76 0.00524259 0.00534056 0.00369305 3.176e-08
4.401 77 0.0616238 0.0155805 0.0103829 3.176e-08
4.401 78 0.332087 0.0156492 0.011113 3.176e-08
4.401 79 0.0607226 0.0155832 0.00952799 3.176e-08
4.401 80 0.181979 0.00522863 0.0138242 3.176e-08
4.501 51 0.323992 0.0184603 0.0160593 0
4.501 52 0.208795 0.00852927 0.0192924 0
4.501 53 0.0900172 0.00730343 0.011612 0
4.501 54 0.14443 0.0197371 0.0160968 0
4.501 55 0.090885 0.018728 0.00859591 0
4.501 56 0.0804177 0.0175118 0.00763395 0
4.501 57 0.0617892 0.00211661 0.0111902 0
4.501 58 0.0663729 0.0074572 0.0142498 0
4.501 59 0.349431 0.00319739 0.019199 0
4.501 60 0.159947 0.0190092 0.0136445 0
4.501 61 0.0881817 0.0112696 0.0150949 0
4.501 62 0.300592 0.0044943 0.0143421 0
4.501 63 0.275177 0.00403403 0.0188625 0
4.501 64 0.138274 0.00284409 0.0161064 0
4.501 65 0.268371 0.00842223 0.00579299 0
4.501 66 0.215902 0.0154517 0.00456041 0
4.501 67 0.107187 0.0118728 0.00738766 0
4.501 68 0.136566 0.0167745 0.0168301 0
4.501 69 0.319853 0.00830898 0.0174603 0
4.501 70 0.0222554 0.00745259 0.0181397 0
4.501 71 0.0305081 0.0126376 0.0136466 0
4.501 72 0.105369 0.00343365 0.0155662 0
4.501 73 0.0171364 0.0129082 0.0191872 0
4.501 74 0.196898 0.0188577 0.0177479 0
4.501 75 0.000668075 0.00868661 0.0179703 0
4.501 76 0.0242077 0.00553427 0.00463736 0
4.501 77 0.0426041 0.0152599 0.011495 0
4.501 78 0.351076 0.0156558 0.0121042 0
4.501 79 0.0797397 0.0156187 0.0104741 0
4.501 80 0.201001 0.00572318 0.0152771 0
4.601 51 0.343079 0.0181051 0.0146831 0
4.601 52 0.227826 0.00817564 0.019162 0
4.601 53 0.109057 0.00758374 0.012928 0
4.601 54 0.163473 0.0195816 0.01725 0
4.601 55 0.0718031 0.0191005 0.00854343 0
4.601 56 0.099385 0.0177757 0.00910504 0
4.601 57 0.0427339 0.00238606 0.0121801 0
4.601 58 0.047247 0.00740843 0.0133682 0
4.601 59 0.368561 0.00307495 0.0194426 0
4.601 60 0.178956 0.0191954 0.0144509 0
4.601 61 0.10724 0.0109518 0.0142061 0
4.601 62 0.319603 0.00434316 0.0126723 0
4.601 63 0.294235 0.0047284 0.0197862 0
4.601 64 0.119147 0.00272826 0.0165593 0
4.601 65 0.287462 0.0081281 0.00710978 0
4.601 66 0.235028 0.0155773 0.0057964 0
4.601 67 0.126281 0.0120036 0.00855984 0
4.601 68 0.11754 0.0175742 0.0154931 0
4.601 69 0.338995 0.00862692 0.0181653 0
4.601 70 0.0413579 0.00710991 0.0169651 0
4.601 71 0.049524 0.0124271 0.012273 0
4.601 72 0.086313 0.00345058 0.0167154 0
4.601 73 0.0362071 0.0128743 0.0199163 0
4.601 74 0.215872 0.0188643 0.018885 0
4.601 75 0.018544 0.00884563 0.0168554 0
4.601 76 0.0431917 0.00594867 0.00597622 0
4.601 77 0.0236018 0.0156012 0.0125851 0
4.601 78 0.370046 0.0155515 0.0132554 0
4.601 79 0.0987589 0.0149941 0.0113912 0
4.601 80 0.220028 0.00488079 0.0164959 0
4.701 51 0.362079 0.0178663 0.0134825 0
4.701 52 0.246881 0.00857329 0.0180008 0
4.701 53 0.128092 0.00830763 0.013896 0
4.701 54 0.182548 0.0193165 0.0183165 0
4.701 55 0.0527268 0.0183557 0.00994396 0
4.701 56 0.118395 0.0168551 0.00994562 0
4.701 57 0.0237478 0.00285568 0.0132062 0
4.701 58 0.0282138 0.00793479 0.0124555 0
4.701 59 0.387571 0.00331159 0.0191815 0
4.701 60 0.19804 0.0192887 0.0153939 0
4.701 61 0.12633 0.0111083 0.0134116 0
4.701 62 0.338463 0.00394456 0.0116256 0
4.701 63 0.313235 0.00507444 0.0184625 0
4.701 64 0.100132 0.00269115 0.0171711 0
4.701 65 0.306411 0.00758825 0.00743173 0
4.701 66 0.253936 0.0159044 0.00682622 7.80469e-09
4.701 67 0.145335 0.012695 0.00953672 7.80469e-09
4.701 68 0.0984344 0.0177854 0.0147901 7.80469e-09
4.701 69 0.357972 0.0089216 0.0190347 7.80469e-09
4.701 70 0.060409 0.0067744 0.0155677 7.80469e-09
4.701 71 0.0684761 0.0125423 0.0116109 7.80469e-09
4.701 72 0.0672417 0.00345052 0.0171686 7.80469e-09
4.701 73 0.0553355 0.0128178 0.0186976 7.80469e-09
4.701 74 0.234951 0.0195028 0.0197867 7.80469e-09
4.701 75 0.0375273 0.00914705 0.0159041 7.80469e-09
4.701 76 0.0622212 0.00532241 0.00700031 7.80469e-09
4.701 77 0.00463046 0.0158622 0.014268 7.80469e-09
4.701 78 0.389018 0.0154664 0.0143764 7.80469e-09
4.701 79 0.117886 0.0149631 0.0116978 7.80469e-09
4.701 80 0.239003 0.00417457 0.0180126 7.80469e-09
4.801 51 0.381101 0.0175883 0.0122216 0
4.801 52 0.265925 0.00893296 0.0171004 0
4.801 53 0.147113 0.00801307 0.0144447 0
4.801 54 0.20164 0.0192738 0.0191288 0
4.801 55 0.0335887 0.018703 0.0104701 0
4.801 56 0.137424 0.0159019 0.0115906 0
4.801 57 0.00466009 0.00279674 0.0142439 0
4.801 58 0.00911314 0.00775265 0.0114089 0
4.801 59 0.406618 0.00359726 0.0181816 0
4.801 60 0.217118 0.0199154 0.0162884 0
4.801 61 0.145432 0.0115448 0.0126521 0
4.801 62 0.357484 0.00413502 0.0106867 0
4.801 63 0.332304 0.00435786 0.0174662 0
4.801 64 0.0811747 0.00231862 0.0188276 0
4.801 65 0.325443 0.00807282 0.00847784 0
4.801 66 0.272957 0.0165594 0.00836686 0
4.801 67 0.164388 0.0130471 0.0108704 0
4.801 68 0.0794774 0.0176162 0.0140656 0
4.801 69 0.376918 0.00891103 0.019813 0
4.801 70 0.0793634 0.00590926 0.0149766 0
4.801 71 0.0875008 0.0125113 0.0108549 0
4.801 72 0.0482242 0.00339408 0.0179932 0
4.801 73 0.0742732 0.0127374 0.0178443 0
4.801 74 0.254095 0.0190522 0.0195797 0
4.801 75 0.056621 0.00963749 0.0151715 0
4.801 76 0.0813009 0.00535503 0.0076091 0
4.801 77 0.0145869 0.0155268 0.0150692 0
4.801 78 0.408073 0.015869 0.0158437 0
4.801 79 0.13698 0.0155796 0.0123879 0
4.801 80 0.25794 0.00426198 0.0188214 0
4.901 51 0.400134 0.017468 0.0109134 0
4.901 52 0.285026 0.00941976 0.016256 0
4.901 53 0.166055 0.00809135 0.0154864 0
4.901 54 0.220763 0.0190652 0.0195523 0
4.901 55 0.0146031 0.0175834 0.0117695 0
4.901 56 0.156515 0.0160011 0.0123272 0
4.901 57 0.0145719 0.00238236 0.0153967 0
4.901 58 0.0102947 0.0080152 0.0108646 0
4.901 59 0.425607 0.00330369 0.0170343 0
4.901 60 0.236097 0.0195189 0.0179177 0
4.901 61 0.164393 0.0115808 0.0114762 0
4.901 62 0.376496 0.00362045 0.00989518 0
4.901 63 0.351351 0.00480114 0.0170075 0
4.901 64 0.0621757 0.00255617 0.0198103 0
4.901 65 0.344484 0.00802394 0.00945859 0
4.901 66 0.291943 0.0161965 0.00940329 0
4.901 67 0.183287 0.0133818 0.0114957 0
4.901 68 0.060536 0.017413 0.0121441 0
4.901 69 0.395976 0.00846808 0.0186456 0
4.901 70 0.0983145 0.00551917 0.0137981 0
4.901 71 0.106586 0.0131325 0.00928937 0
4.901 72 0.0291779 0.00321335 0.0191635 0
4.901 73 0.0934139 0.0125582 0.017529 0
4.901 74 0.273183 0.0190699 0.0187095 0
4.901 75 0.0756783 0.01035 0.0146632 0
4.901 76 0.100252 0.00560104 0.00916539 0
4.901 77 0.0336471 0.0156911 0.0164941 0
4.901 78 0.427175 0.0154923 0.0168111 0
4.901 79 0.156031 0.0160528 0.0138198 0
4.901 80 0.276942 0.0048016 0.0198857 0
