0 734
0 735
0 736
0 737
0 738
0 739
0 740
0 741
0 742
0 743
0 744
0 745
0 746
0 747
0 748
0 749
0 750
0 751
0 752
55 753
48 753
49 753
46 753
47 753
50 753
45 753
44 753
43 753
41 753
42 753
40 753
39 753
38 753
37 753
35 753
36 753
34 753
33 753
32 753
31 753
30 753
28 753
29 753
27 753
26 753
0 754
0 756
0 759
0 761
0 762
0 764
0 767
0 768
0 770
0 772
55 773
46 773
47 773
45 773
48 773
49 773
44 773
50 773
43 773
41 773
42 773
40 773
39 773
38 773
37 773
35 773
36 773
34 773
33 773
32 773
31 773
30 773
28 773
29 773
27 773
26 773
0 774
0 776
0 779
0 781
0 782
0 784
0 787
0 788
0 790
0 792
55 793
44 793
45 793
56 793
43 793
46 793
41 793
42 793
47 793
48 793
40 793
49 793
39 793
50 793
38 793
37 793
35 793
36 793
34 793
33 793
32 793
31 793
30 793
28 793
29 793
27 793
26 793
0 794
0 796
0 799
0 801
0 802
0 804
0 807
0 808
0 810
0 812
55 813
42 813
43 813
40 813
41 813
44 813
39 813
45 813
38 813
46 813
37 813
47 813
48 813
35 813
36 813
49 813
34 813
50 813
33 813
32 813
31 813
30 813
28 813
29 813
27 813
26 813
0 814
0 816
54 817
60 817
0 819
0 821
0 822
0 824
0 827
0 828
0 830
0 832
55 833
41 833
40 833
42 833
43 833
39 833
44 833
38 833
58 833
60 833
45 833
37 833
46 833
35 833
36 833
47 833
48 833
34 833
49 833
33 833
50 833
32 833
31 833
30 833
28 833
29 833
27 833
26 833
0 834
0 836
0 839
0 841
0 842
58 843
60 843
51 843
0 844
60 845
51 845
0 847
0 848
0 850
0 852
0 854
0 856
0 859
0 861
0 862
0 864
0 867
0 868
0 870
0 872
0 874
0 876
52 878
60 878
0 879
0 881
0 882
0 884
0 887
0 888
0 890
57 891
60 891
0 892
0 894
0 896
0 899
0 901
0 902
58 903
56 903
0 904
0 907
0 908
0 910
0 912
0 914
0 916
0 919
0 921
0 922
0 924
0 927
0 928
0 930
0 932
0 934
0 936
54 937
58 937
0 939
0 941
0 942
0 944
0 947
0 948
0 950
0 952
0 954
0 956
0 959
0 961
0 962
0 964
59 966
25 966
23 966
24 966
21 966
22 966
20 966
18 966
19 966
17 966
15 966
16 966
14 966
13 966
11 966
12 966
10 966
8 966
9 966
7 966
5 966
6 966
3 966
4 966
1 966
2 966
0 967
0 968
0 970
57 971
41 971
40 971
42 971
43 971
39 971
44 971
38 971
45 971
37 971
46 971
35 971
36 971
47 971
48 971
34 971
49 971
33 971
50 971
51 971
32 971
31 971
30 971
28 971
29 971
27 971
26 971
0 972
0 974
51 975
50 975
49 975
47 975
48 975
46 975
45 975
44 975
54 975
43 975
52 975
41 975
42 975
57 975
40 975
39 975
38 975
37 975
53 975
35 975
36 975
56 975
34 975
33 975
32 975
31 975
30 975
28 975
29 975
27 975
26 975
59 975
0 976
54 977
52 977
52 978
54 978
0 979
56 980
53 980
0 981
0 982
0 984
59 986
26 986
27 986
28 986
29 986
30 986
31 986
32 986
33 986
34 986
35 986
36 986
37 986
38 986
39 986
40 986
41 986
42 986
43 986
57 986
44 986
45 986
46 986
47 986
48 986
49 986
51 986
50 986
0 987
0 988
0 990
57 991
43 991
41 991
42 991
44 991
40 991
45 991
39 991
46 991
38 991
47 991
48 991
37 991
49 991
51 991
35 991
36 991
50 991
34 991
33 991
32 991
31 991
30 991
28 991
29 991
27 991
26 991
0 992
0 994
51 995
48 995
46 995
47 995
49 995
45 995
52 995
58 995
50 995
44 995
57 995
43 995
41 995
42 995
40 995
39 995
38 995
37 995
35 995
36 995
34 995
33 995
32 995
31 995
30 995
28 995
29 995
59 995
27 995
26 995
0 996
52 998
58 998
0 999
0 1001
0 1002
0 1004
59 1006
28 1006
27 1006
29 1006
30 1006
26 1006
31 1006
32 1006
33 1006
34 1006
35 1006
36 1006
37 1006
38 1006
39 1006
40 1006
41 1006
42 1006
43 1006
44 1006
57 1006
45 1006
46 1006
51 1006
48 1006
47 1006
49 1006
50 1006
0 1007
0 1008
0 1010
57 1011
45 1011
44 1011
46 1011
51 1011
43 1011
47 1011
48 1011
41 1011
42 1011
49 1011
40 1011
50 1011
39 1011
38 1011
37 1011
35 1011
36 1011
34 1011
33 1011
32 1011
31 1011
30 1011
28 1011
29 1011
59 1011
27 1011
26 1011
0 1012
0 1014
51 1015
46 1015
57 1015
47 1015
48 1015
45 1015
49 1015
44 1015
50 1015
43 1015
41 1015
42 1015
53 1015
54 1015
40 1015
39 1015
38 1015
37 1015
35 1015
36 1015
34 1015
33 1015
32 1015
31 1015
30 1015
28 1015
29 1015
59 1015
27 1015
26 1015
0 1016
54 1017
53 1017
0 1019
0 1021
0 1022
0 1024
60 1025
22 1025
20 1025
21 1025
23 1025
18 1025
19 1025
24 1025
25 1025
17 1025
15 1025
16 1025
14 1025
13 1025
11 1025
12 1025
10 1025
8 1025
9 1025
7 1025
5 1025
6 1025
3 1025
4 1025
1 1025
2 1025
59 1026
30 1026
28 1026
29 1026
31 1026
27 1026
32 1026
26 1026
33 1026
34 1026
35 1026
36 1026
37 1026
38 1026
39 1026
40 1026
41 1026
42 1026
43 1026
44 1026
51 1026
45 1026
46 1026
57 1026
48 1026
47 1026
49 1026
50 1026
0 1027
0 1028
0 1030
57 1031
47 1031
46 1031
48 1031
49 1031
45 1031
51 1031
50 1031
44 1031
43 1031
41 1031
42 1031
40 1031
39 1031
38 1031
37 1031
35 1031
36 1031
34 1031
33 1031
32 1031
31 1031
59 1031
30 1031
28 1031
29 1031
27 1031
26 1031
0 1032
0 1034
51 1035
44 1035
43 1035
45 1035
41 1035
42 1035
53 1035
58 1035
46 1035
40 1035
47 1035
48 1035
57 1035
39 1035
49 1035
38 1035
50 1035
37 1035
35 1035
36 1035
34 1035
33 1035
32 1035
31 1035
59 1035
30 1035
28 1035
29 1035
27 1035
26 1035
0 1036
0 1039
0 1041
0 1042
0 1044
60 1045
20 1045
18 1045
19 1045
21 1045
22 1045
17 1045
23 1045
15 1045
16 1045
24 1045
25 1045
14 1045
13 1045
11 1045
12 1045
10 1045
8 1045
9 1045
7 1045
5 1045
6 1045
3 1045
4 1045
1 1045
2 1045
59 1046
32 1046
31 1046
33 1046
30 1046
34 1046
28 1046
29 1046
35 1046
36 1046
27 1046
37 1046
26 1046
38 1046
39 1046
40 1046
41 1046
42 1046
43 1046
51 1046
44 1046
45 1046
46 1046
47 1046
48 1046
49 1046
57 1046
50 1046
0 1047
0 1048
0 1050
57 1051
48 1051
49 1051
46 1051
47 1051
50 1051
45 1051
44 1051
43 1051
51 1051
41 1051
42 1051
40 1051
39 1051
38 1051
37 1051
35 1051
36 1051
34 1051
33 1051
32 1051
59 1051
31 1051
30 1051
28 1051
29 1051
27 1051
26 1051
0 1052
0 1054
51 1055
42 1055
40 1055
41 1055
43 1055
39 1055
44 1055
38 1055
45 1055
37 1055
46 1055
35 1055
36 1055
47 1055
48 1055
34 1055
49 1055
57 1055
33 1055
59 1055
50 1055
32 1055
31 1055
30 1055
28 1055
29 1055
27 1055
26 1055
0 1056
0 1059
0 1061
0 1062
0 1064
60 1065
18 1065
17 1065
19 1065
20 1065
15 1065
16 1065
21 1065
22 1065
14 1065
23 1065
13 1065
24 1065
25 1065
11 1065
12 1065
10 1065
8 1065
9 1065
7 1065
5 1065
6 1065
3 1065
4 1065
1 1065
2 1065
59 1066
33 1066
34 1066
32 1066
35 1066
36 1066
31 1066
37 1066
30 1066
38 1066
28 1066
29 1066
39 1066
27 1066
40 1066
26 1066
41 1066
42 1066
51 1066
43 1066
44 1066
45 1066
46 1066
47 1066
48 1066
49 1066
57 1066
50 1066
0 1067
0 1068
0 1070
57 1071
49 1071
50 1071
47 1071
48 1071
46 1071
45 1071
44 1071
43 1071
41 1071
42 1071
40 1071
51 1071
39 1071
38 1071
37 1071
35 1071
36 1071
59 1071
34 1071
33 1071
32 1071
31 1071
30 1071
28 1071
29 1071
27 1071
26 1071
0 1072
0 1074
51 1075
40 1075
41 1075
39 1075
42 1075
43 1075
38 1075
44 1075
37 1075
45 1075
35 1075
36 1075
46 1075
34 1075
59 1075
47 1075
48 1075
33 1075
49 1075
57 1075
32 1075
50 1075
31 1075
30 1075
28 1075
29 1075
27 1075
26 1075
0 1076
0 1079
0 1081
0 1082
0 1084
60 1085
16 1085
17 1085
14 1085
15 1085
18 1085
19 1085
13 1085
20 1085
11 1085
12 1085
21 1085
22 1085
10 1085
23 1085
8 1085
9 1085
24 1085
25 1085
7 1085
5 1085
6 1085
3 1085
4 1085
1 1085
2 1085
59 1086
35 1086
36 1086
34 1086
37 1086
33 1086
38 1086
32 1086
39 1086
51 1086
31 1086
40 1086
30 1086
41 1086
42 1086
28 1086
29 1086
43 1086
27 1086
44 1086
26 1086
45 1086
46 1086
47 1086
48 1086
57 1086
49 1086
50 1086
0 1087
0 1088
0 1090
57 1091
47 1091
48 1091
46 1091
49 1091
45 1091
50 1091
44 1091
43 1091
41 1091
42 1091
40 1091
39 1091
51 1091
38 1091
37 1091
35 1091
36 1091
59 1091
34 1091
33 1091
32 1091
31 1091
30 1091
28 1091
29 1091
27 1091
26 1091
0 1092
0 1094
51 1095
38 1095
39 1095
37 1095
59 1095
40 1095
35 1095
36 1095
41 1095
42 1095
34 1095
43 1095
33 1095
44 1095
32 1095
45 1095
31 1095
46 1095
30 1095
47 1095
48 1095
57 1095
28 1095
29 1095
49 1095
27 1095
50 1095
26 1095
0 1096
0 1099
0 1101
0 1102
0 1104
60 1105
14 1105
15 1105
13 1105
16 1105
17 1105
11 1105
12 1105
18 1105
19 1105
10 1105
20 1105
8 1105
9 1105
21 1105
22 1105
7 1105
23 1105
5 1105
6 1105
24 1105
25 1105
3 1105
4 1105
1 1105
2 1105
59 1106
37 1106
38 1106
51 1106
35 1106
36 1106
39 1106
34 1106
40 1106
33 1106
41 1106
42 1106
32 1106
43 1106
31 1106
44 1106
30 1106
45 1106
57 1106
28 1106
29 1106
46 1106
27 1106
47 1106
48 1106
26 1106
49 1106
50 1106
0 1107
0 1108
0 1110
57 1111
45 1111
46 1111
44 1111
47 1111
48 1111
43 1111
49 1111
41 1111
42 1111
50 1111
40 1111
39 1111
38 1111
59 1111
37 1111
51 1111
35 1111
36 1111
34 1111
33 1111
32 1111
31 1111
30 1111
28 1111
29 1111
27 1111
26 1111
0 1112
0 1114
51 1115
36 1115
37 1115
34 1115
35 1115
38 1115
59 1115
33 1115
39 1115
32 1115
40 1115
31 1115
41 1115
42 1115
30 1115
43 1115
28 1115
29 1115
44 1115
27 1115
45 1115
57 1115
26 1115
46 1115
47 1115
48 1115
49 1115
50 1115
0 1116
0 1119
0 1121
0 1122
0 1124
60 1125
12 1125
13 1125
11 1125
14 1125
10 1125
15 1125
16 1125
8 1125
9 1125
17 1125
7 1125
18 1125
19 1125
5 1125
6 1125
20 1125
3 1125
4 1125
21 1125
22 1125
1 1125
2 1125
23 1125
24 1125
25 1125
59 1126
39 1126
40 1126
38 1126
41 1126
42 1126
37 1126
43 1126
35 1126
36 1126
51 1126
44 1126
57 1126
34 1126
45 1126
33 1126
46 1126
32 1126
47 1126
48 1126
31 1126
49 1126
30 1126
50 1126
28 1126
29 1126
27 1126
26 1126
0 1127
0 1128
0 1130
57 1131
43 1131
44 1131
41 1131
42 1131
45 1131
59 1131
40 1131
46 1131
39 1131
47 1131
48 1131
38 1131
49 1131
37 1131
50 1131
35 1131
36 1131
34 1131
51 1131
33 1131
32 1131
31 1131
30 1131
28 1131
29 1131
27 1131
26 1131
0 1132
0 1134
51 1135
34 1135
35 1135
33 1135
36 1135
37 1135
32 1135
38 1135
31 1135
39 1135
30 1135
40 1135
59 1135
28 1135
29 1135
41 1135
42 1135
27 1135
43 1135
57 1135
26 1135
44 1135
45 1135
46 1135
47 1135
48 1135
49 1135
50 1135
0 1136
0 1139
0 1141
0 1142
0 1144
60 1145
10 1145
11 1145
8 1145
9 1145
12 1145
13 1145
7 1145
14 1145
5 1145
6 1145
15 1145
16 1145
3 1145
4 1145
17 1145
1 1145
2 1145
18 1145
19 1145
20 1145
21 1145
22 1145
23 1145
24 1145
25 1145
59 1146
41 1146
40 1146
42 1146
43 1146
57 1146
39 1146
44 1146
38 1146
45 1146
37 1146
46 1146
35 1146
36 1146
47 1146
48 1146
51 1146
34 1146
49 1146
33 1146
50 1146
32 1146
58 1146
31 1146
30 1146
28 1146
29 1146
27 1146
26 1146
0 1147
0 1148
0 1150
57 1151
41 1151
42 1151
59 1151
40 1151
43 1151
39 1151
44 1151
38 1151
45 1151
37 1151
46 1151
35 1151
36 1151
47 1151
48 1151
34 1151
49 1151
33 1151
51 1151
50 1151
32 1151
31 1151
30 1151
28 1151
29 1151
27 1151
26 1151
0 1152
0 1154
51 1155
32 1155
33 1155
31 1155
34 1155
58 1155
30 1155
35 1155
36 1155
28 1155
29 1155
37 1155
27 1155
38 1155
26 1155
39 1155
40 1155
41 1155
42 1155
57 1155
43 1155
59 1155
44 1155
45 1155
46 1155
47 1155
48 1155
49 1155
50 1155
0 1156
0 1159
0 1161
0 1162
58 1163
30 1163
28 1163
29 1163
31 1163
51 1163
27 1163
32 1163
26 1163
33 1163
34 1163
35 1163
36 1163
37 1163
38 1163
39 1163
40 1163
57 1163
42 1163
41 1163
59 1163
43 1163
44 1163
45 1163
46 1163
47 1163
48 1163
49 1163
50 1163
0 1164
60 1165
8 1165
9 1165
7 1165
10 1165
5 1165
6 1165
11 1165
3 1165
4 1165
12 1165
13 1165
1 1165
2 1165
14 1165
15 1165
16 1165
17 1165
18 1165
19 1165
20 1165
21 1165
22 1165
23 1165
24 1165
25 1165
59 1166
43 1166
41 1166
42 1166
44 1166
40 1166
57 1166
45 1166
39 1166
46 1166
38 1166
47 1166
48 1166
37 1166
49 1166
35 1166
36 1166
50 1166
34 1166
33 1166
32 1166
51 1166
31 1166
30 1166
58 1166
28 1166
29 1166
27 1166
26 1166
0 1167
0 1168
0 1170
57 1171
39 1171
40 1171
38 1171
41 1171
42 1171
37 1171
43 1171
59 1171
35 1171
36 1171
44 1171
34 1171
45 1171
33 1171
46 1171
32 1171
51 1171
47 1171
48 1171
31 1171
49 1171
30 1171
58 1171
50 1171
28 1171
29 1171
27 1171
26 1171
0 1172
0 1174
51 1175
30 1175
31 1175
28 1175
29 1175
32 1175
58 1175
27 1175
33 1175
26 1175
34 1175
35 1175
36 1175
37 1175
38 1175
39 1175
57 1175
40 1175
41 1175
42 1175
43 1175
44 1175
59 1175
45 1175
46 1175
47 1175
48 1175
49 1175
50 1175
0 1176
0 1179
0 1181
0 1182
58 1183
28 1183
29 1183
27 1183
30 1183
51 1183
26 1183
31 1183
54 1183
32 1183
33 1183
34 1183
35 1183
36 1183
37 1183
38 1183
57 1183
39 1183
40 1183
41 1183
42 1183
43 1183
44 1183
59 1183
45 1183
46 1183
47 1183
48 1183
49 1183
50 1183
0 1184
60 1185
6 1185
7 1185
5 1185
8 1185
3 1185
4 1185
9 1185
10 1185
1 1185
2 1185
11 1185
12 1185
13 1185
14 1185
15 1185
16 1185
17 1185
18 1185
19 1185
20 1185
21 1185
22 1185
23 1185
24 1185
25 1185
59 1186
45 1186
44 1186
46 1186
43 1186
47 1186
48 1186
41 1186
42 1186
49 1186
40 1186
50 1186
39 1186
57 1186
38 1186
37 1186
35 1186
36 1186
34 1186
33 1186
32 1186
31 1186
30 1186
51 1186
28 1186
58 1186
29 1186
27 1186
26 1186
0 1187
0 1188
0 1190
57 1191
37 1191
38 1191
35 1191
36 1191
39 1191
34 1191
40 1191
33 1191
41 1191
42 1191
32 1191
43 1191
31 1191
44 1191
30 1191
51 1191
45 1191
59 1191
28 1191
29 1191
46 1191
27 1191
58 1191
47 1191
48 1191
26 1191
49 1191
50 1191
0 1192
0 1194
51 1195
28 1195
29 1195
27 1195
30 1195
58 1195
26 1195
31 1195
32 1195
33 1195
34 1195
35 1195
36 1195
37 1195
57 1195
38 1195
39 1195
40 1195
41 1195
42 1195
43 1195
44 1195
45 1195
59 1195
46 1195
47 1195
48 1195
49 1195
50 1195
0 1196
0 1199
0 1201
0 1202
58 1203
26 1203
27 1203
28 1203
29 1203
51 1203
30 1203
31 1203
32 1203
33 1203
34 1203
52 1203
35 1203
36 1203
37 1203
57 1203
38 1203
39 1203
40 1203
41 1203
42 1203
43 1203
44 1203
45 1203
46 1203
59 1203
48 1203
47 1203
49 1203
50 1203
0 1204
60 1205
4 1205
5 1205
2 1205
3 1205
6 1205
7 1205
1 1205
8 1205
9 1205
10 1205
11 1205
12 1205
13 1205
14 1205
15 1205
16 1205
17 1205
56 1205
18 1205
19 1205
20 1205
21 1205
22 1205
23 1205
24 1205
25 1205
54 1205
59 1206
47 1206
46 1206
48 1206
49 1206
45 1206
50 1206
44 1206
43 1206
41 1206
42 1206
40 1206
39 1206
38 1206
37 1206
57 1206
35 1206
36 1206
34 1206
33 1206
32 1206
31 1206
30 1206
28 1206
29 1206
58 1206
27 1206
51 1206
26 1206
0 1207
0 1208
0 1210
57 1211
36 1211
34 1211
35 1211
37 1211
33 1211
38 1211
32 1211
39 1211
31 1211
40 1211
30 1211
41 1211
42 1211
28 1211
29 1211
43 1211
27 1211
51 1211
44 1211
26 1211
58 1211
45 1211
46 1211
47 1211
48 1211
59 1211
49 1211
50 1211
0 1212
0 1214
51 1215
27 1215
26 1215
28 1215
29 1215
58 1215
30 1215
31 1215
32 1215
33 1215
52 1215
34 1215
35 1215
36 1215
57 1215
37 1215
38 1215
39 1215
40 1215
41 1215
42 1215
43 1215
44 1215
45 1215
46 1215
47 1215
48 1215
59 1215
49 1215
50 1215
0 1216
0 1219
0 1221
0 1222
58 1223
25 1223
23 1223
24 1223
21 1223
22 1223
54 1223
20 1223
18 1223
19 1223
17 1223
15 1223
16 1223
14 1223
56 1223
13 1223
11 1223
12 1223
10 1223
8 1223
9 1223
7 1223
5 1223
6 1223
3 1223
4 1223
60 1223
1 1223
2 1223
0 1224
60 1225
2 1225
3 1225
1 1225
4 1225
5 1225
6 1225
7 1225
8 1225
9 1225
10 1225
11 1225
12 1225
13 1225
14 1225
15 1225
16 1225
56 1225
17 1225
18 1225
19 1225
20 1225
21 1225
22 1225
23 1225
54 1225
24 1225
25 1225
58 1225
59 1226
49 1226
47 1226
48 1226
50 1226
46 1226
45 1226
44 1226
43 1226
41 1226
42 1226
40 1226
39 1226
38 1226
37 1226
35 1226
36 1226
34 1226
57 1226
33 1226
32 1226
52 1226
31 1226
30 1226
28 1226
29 1226
27 1226
26 1226
51 1226
58 1226
25 1226
23 1226
24 1226
21 1226
22 1226
54 1226
20 1226
18 1226
19 1226
17 1226
15 1226
16 1226
14 1226
56 1226
13 1226
11 1226
12 1226
10 1226
8 1226
9 1226
7 1226
5 1226
6 1226
3 1226
4 1226
1 1226
2 1226
60 1226
0 1227
0 1228
0 1230
57 1231
34 1231
33 1231
35 1231
36 1231
32 1231
52 1231
37 1231
31 1231
38 1231
30 1231
39 1231
28 1231
29 1231
40 1231
27 1231
41 1231
42 1231
26 1231
51 1231
43 1231
44 1231
45 1231
46 1231
47 1231
48 1231
49 1231
59 1231
50 1231
0 1232
0 1234
51 1235
0 1236
54 1237
21 1237
20 1237
22 1237
23 1237
18 1237
19 1237
24 1237
25 1237
58 1237
17 1237
51 1237
15 1237
16 1237
56 1237
14 1237
13 1237
11 1237
12 1237
10 1237
8 1237
9 1237
7 1237
5 1237
6 1237
3 1237
4 1237
1 1237
60 1237
2 1237
52 1238
31 1238
30 1238
32 1238
28 1238
29 1238
33 1238
57 1238
27 1238
34 1238
26 1238
35 1238
36 1238
51 1238
37 1238
25 1238
38 1238
23 1238
24 1238
58 1238
39 1238
21 1238
22 1238
40 1238
20 1238
54 1238
41 1238
42 1238
18 1238
19 1238
43 1238
17 1238
44 1238
15 1238
16 1238
45 1238
56 1238
14 1238
46 1238
13 1238
47 1238
48 1238
11 1238
12 1238
49 1238
59 1238
10 1238
50 1238
8 1238
9 1238
7 1238
5 1238
6 1238
3 1238
4 1238
1 1238
60 1238
2 1238
0 1239
56 1240
14 1240
13 1240
15 1240
16 1240
11 1240
12 1240
17 1240
10 1240
18 1240
19 1240
8 1240
9 1240
20 1240
54 1240
7 1240
22 1240
21 1240
5 1240
6 1240
23 1240
3 1240
4 1240
24 1240
25 1240
58 1240
1 1240
60 1240
2 1240
51 1240
0 1241
0 1242
58 1243
23 1243
24 1243
21 1243
22 1243
25 1243
51 1243
54 1243
20 1243
18 1243
19 1243
17 1243
15 1243
16 1243
56 1243
14 1243
13 1243
11 1243
12 1243
10 1243
8 1243
9 1243
7 1243
5 1243
6 1243
3 1243
4 1243
1 1243
60 1243
2 1243
0 1244
60 1245
1 1245
2 1245
3 1245
4 1245
5 1245
6 1245
7 1245
8 1245
9 1245
10 1245
11 1245
12 1245
13 1245
14 1245
56 1245
15 1245
16 1245
17 1245
18 1245
19 1245
20 1245
54 1245
21 1245
22 1245
23 1245
58 1245
25 1245
24 1245
51 1245
59 1246
49 1246
50 1246
47 1246
48 1246
46 1246
45 1246
44 1246
43 1246
41 1246
42 1246
40 1246
39 1246
38 1246
37 1246
35 1246
36 1246
34 1246
33 1246
57 1246
32 1246
31 1246
30 1246
52 1246
28 1246
29 1246
27 1246
26 1246
0 1247
0 1248
0 1250
57 1251
32 1251
33 1251
31 1251
34 1251
30 1251
52 1251
35 1251
36 1251
28 1251
29 1251
37 1251
27 1251
38 1251
26 1251
39 1251
40 1251
41 1251
42 1251
43 1251
44 1251
45 1251
46 1251
47 1251
48 1251
49 1251
59 1251
50 1251
0 1252
0 1254
51 1255
24 1255
23 1255
25 1255
58 1255
21 1255
22 1255
20 1255
18 1255
19 1255
54 1255
17 1255
15 1255
16 1255
14 1255
13 1255
56 1255
11 1255
12 1255
10 1255
8 1255
9 1255
7 1255
5 1255
6 1255
3 1255
4 1255
1 1255
60 1255
2 1255
0 1256
54 1257
19 1257
17 1257
18 1257
20 1257
15 1257
16 1257
21 1257
22 1257
14 1257
23 1257
51 1257
58 1257
13 1257
25 1257
24 1257
11 1257
12 1257
56 1257
10 1257
8 1257
9 1257
7 1257
5 1257
6 1257
3 1257
4 1257
1 1257
2 1257
60 1257
52 1258
29 1258
27 1258
28 1258
30 1258
26 1258
31 1258
57 1258
32 1258
33 1258
34 1258
35 1258
36 1258
37 1258
38 1258
39 1258
40 1258
41 1258
42 1258
43 1258
44 1258
45 1258
46 1258
47 1258
48 1258
49 1258
59 1258
50 1258
0 1259
56 1260
12 1260
11 1260
13 1260
10 1260
14 1260
8 1260
9 1260
15 1260
16 1260
7 1260
17 1260
5 1260
6 1260
18 1260
19 1260
54 1260
3 1260
4 1260
20 1260
1 1260
2 1260
60 1260
21 1260
22 1260
23 1260
51 1260
58 1260
25 1260
24 1260
0 1261
0 1262
58 1263
21 1263
22 1263
20 1263
23 1263
51 1263
18 1263
19 1263
24 1263
25 1263
17 1263
54 1263
15 1263
16 1263
14 1263
13 1263
11 1263
12 1263
56 1263
10 1263
8 1263
9 1263
7 1263
5 1263
6 1263
3 1263
4 1263
1 1263
2 1263
60 1263
0 1264
60 1265
2 1265
3 1265
1 1265
4 1265
5 1265
6 1265
7 1265
8 1265
9 1265
10 1265
11 1265
56 1265
12 1265
13 1265
14 1265
15 1265
16 1265
17 1265
18 1265
19 1265
54 1265
20 1265
21 1265
22 1265
58 1265
23 1265
51 1265
24 1265
25 1265
59 1266
47 1266
48 1266
46 1266
49 1266
45 1266
50 1266
44 1266
43 1266
41 1266
42 1266
40 1266
39 1266
38 1266
37 1266
35 1266
36 1266
34 1266
33 1266
32 1266
31 1266
57 1266
30 1266
28 1266
29 1266
27 1266
52 1266
26 1266
0 1267
0 1268
0 1270
57 1271
30 1271
31 1271
28 1271
29 1271
32 1271
27 1271
52 1271
33 1271
26 1271
34 1271
35 1271
36 1271
37 1271
38 1271
39 1271
40 1271
41 1271
42 1271
43 1271
44 1271
45 1271
46 1271
47 1271
48 1271
59 1271
49 1271
50 1271
0 1272
0 1274
51 1275
22 1275
20 1275
21 1275
23 1275
58 1275
18 1275
19 1275
24 1275
25 1275
54 1275
17 1275
15 1275
16 1275
14 1275
13 1275
11 1275
12 1275
10 1275
56 1275
8 1275
9 1275
7 1275
5 1275
6 1275
3 1275
4 1275
60 1275
1 1275
2 1275
0 1276
54 1277
17 1277
15 1277
16 1277
18 1277
19 1277
14 1277
20 1277
58 1277
13 1277
22 1277
21 1277
11 1277
12 1277
23 1277
51 1277
10 1277
56 1277
24 1277
25 1277
8 1277
9 1277
7 1277
5 1277
6 1277
3 1277
4 1277
60 1277
1 1277
2 1277
52 1278
27 1278
26 1278
28 1278
29 1278
30 1278
57 1278
31 1278
32 1278
33 1278
34 1278
53 1278
35 1278
36 1278
37 1278
38 1278
39 1278
40 1278
41 1278
42 1278
43 1278
44 1278
45 1278
46 1278
59 1278
47 1278
48 1278
49 1278
50 1278
0 1279
56 1280
10 1280
8 1280
9 1280
11 1280
7 1280
12 1280
13 1280
5 1280
6 1280
14 1280
3 1280
4 1280
60 1280
15 1280
16 1280
1 1280
2 1280
17 1280
54 1280
18 1280
19 1280
20 1280
58 1280
22 1280
51 1280
21 1280
23 1280
24 1280
25 1280
0 1281
0 1282
58 1283
20 1283
18 1283
19 1283
21 1283
22 1283
51 1283
54 1283
17 1283
23 1283
15 1283
16 1283
24 1283
25 1283
14 1283
13 1283
11 1283
12 1283
10 1283
56 1283
8 1283
9 1283
7 1283
5 1283
6 1283
3 1283
4 1283
60 1283
1 1283
2 1283
0 1284
60 1285
4 1285
5 1285
2 1285
3 1285
6 1285
7 1285
1 1285
8 1285
9 1285
10 1285
56 1285
11 1285
12 1285
13 1285
14 1285
15 1285
16 1285
17 1285
54 1285
18 1285
19 1285
20 1285
58 1285
21 1285
22 1285
51 1285
23 1285
24 1285
25 1285
59 1286
45 1286
46 1286
44 1286
47 1286
48 1286
43 1286
49 1286
41 1286
42 1286
50 1286
40 1286
39 1286
38 1286
37 1286
35 1286
36 1286
53 1286
34 1286
33 1286
32 1286
31 1286
30 1286
28 1286
29 1286
57 1286
27 1286
26 1286
52 1286
0 1287
0 1288
53 1289
33 1289
32 1289
34 1289
31 1289
35 1289
36 1289
30 1289
37 1289
28 1289
29 1289
57 1289
38 1289
27 1289
39 1289
26 1289
52 1289
40 1289
41 1289
42 1289
43 1289
44 1289
45 1289
59 1289
46 1289
47 1289
48 1289
49 1289
50 1289
0 1290
57 1291
28 1291
29 1291
27 1291
30 1291
26 1291
52 1291
31 1291
32 1291
53 1291
33 1291
34 1291
35 1291
36 1291
37 1291
38 1291
39 1291
40 1291
41 1291
42 1291
43 1291
44 1291
45 1291
59 1291
46 1291
47 1291
48 1291
49 1291
50 1291
0 1292
0 1294
51 1295
20 1295
18 1295
19 1295
21 1295
22 1295
58 1295
17 1295
23 1295
15 1295
16 1295
54 1295
24 1295
25 1295
14 1295
52 1295
13 1295
11 1295
12 1295
10 1295
8 1295
9 1295
56 1295
7 1295
5 1295
6 1295
60 1295
3 1295
4 1295
1 1295
2 1295
0 1296
54 1297
15 1297
14 1297
16 1297
17 1297
13 1297
18 1297
19 1297
58 1297
11 1297
12 1297
20 1297
51 1297
10 1297
21 1297
22 1297
8 1297
9 1297
56 1297
23 1297
7 1297
24 1297
25 1297
5 1297
6 1297
60 1297
52 1297
3 1297
4 1297
1 1297
2 1297
52 1298
0 1299
56 1300
8 1300
7 1300
9 1300
10 1300
60 1300
5 1300
11 1300
6 1300
3 1300
4 1300
12 1300
13 1300
1 1300
2 1300
14 1300
54 1300
16 1300
15 1300
17 1300
18 1300
19 1300
58 1300
20 1300
51 1300
21 1300
22 1300
23 1300
24 1300
25 1300
52 1300
0 1301
0 1302
58 1303
18 1303
19 1303
17 1303
20 1303
51 1303
15 1303
16 1303
21 1303
22 1303
14 1303
54 1303
23 1303
13 1303
24 1303
25 1303
11 1303
12 1303
52 1303
10 1303
8 1303
9 1303
7 1303
60 1303
56 1303
5 1303
6 1303
3 1303
4 1303
1 1303
2 1303
0 1304
60 1305
6 1305
7 1305
5 1305
8 1305
56 1305
3 1305
4 1305
9 1305
10 1305
1 1305
2 1305
11 1305
12 1305
13 1305
14 1305
54 1305
16 1305
15 1305
17 1305
18 1305
19 1305
58 1305
20 1305
51 1305
21 1305
22 1305
23 1305
24 1305
25 1305
52 1305
0 1307
0 1308
53 1309
31 1309
30 1309
32 1309
28 1309
29 1309
33 1309
57 1309
27 1309
34 1309
26 1309
35 1309
36 1309
37 1309
38 1309
39 1309
40 1309
41 1309
42 1309
43 1309
59 1309
44 1309
45 1309
46 1309
47 1309
48 1309
49 1309
50 1309
0 1310
57 1311
26 1311
27 1311
28 1311
29 1311
30 1311
31 1311
53 1311
32 1311
33 1311
34 1311
35 1311
36 1311
37 1311
38 1311
39 1311
40 1311
41 1311
42 1311
43 1311
59 1311
44 1311
45 1311
46 1311
47 1311
48 1311
49 1311
50 1311
0 1312
0 1314
51 1315
18 1315
17 1315
19 1315
20 1315
58 1315
15 1315
16 1315
21 1315
22 1315
54 1315
14 1315
23 1315
13 1315
24 1315
25 1315
52 1315
11 1315
12 1315
10 1315
8 1315
9 1315
7 1315
56 1315
60 1315
5 1315
6 1315
3 1315
4 1315
1 1315
2 1315
0 1316
54 1317
13 1317
11 1317
12 1317
14 1317
10 1317
15 1317
16 1317
8 1317
9 1317
17 1317
58 1317
7 1317
56 1317
60 1317
18 1317
19 1317
51 1317
5 1317
6 1317
55 1317
20 1317
3 1317
4 1317
21 1317
22 1317
1 1317
2 1317
23 1317
24 1317
25 1317
52 1317
52 1318
24 1318
23 1318
25 1318
21 1318
22 1318
20 1318
18 1318
19 1318
58 1318
17 1318
51 1318
15 1318
16 1318
14 1318
13 1318
54 1318
11 1318
12 1318
10 1318
8 1318
9 1318
7 1318
56 1318
60 1318
5 1318
6 1318
55 1318
3 1318
4 1318
1 1318
2 1318
0 1319
56 1320
6 1320
55 1320
5 1320
7 1320
3 1320
4 1320
8 1320
60 1320
1 1320
2 1320
9 1320
10 1320
11 1320
12 1320
13 1320
54 1320
14 1320
15 1320
16 1320
17 1320
58 1320
18 1320
19 1320
51 1320
20 1320
21 1320
22 1320
23 1320
24 1320
25 1320
52 1320
57 1320
26 1320
27 1320
28 1320
29 1320
30 1320
53 1320
31 1320
32 1320
33 1320
34 1320
35 1320
36 1320
37 1320
38 1320
39 1320
40 1320
41 1320
42 1320
43 1320
44 1320
45 1320
46 1320
47 1320
48 1320
49 1320
50 1320
0 1321
0 1322
58 1323
16 1323
17 1323
14 1323
15 1323
18 1323
19 1323
13 1323
54 1323
20 1323
11 1323
12 1323
21 1323
22 1323
10 1323
23 1323
52 1323
8 1323
9 1323
60 1323
25 1323
24 1323
7 1323
57 1323
5 1323
6 1323
56 1323
3 1323
4 1323
1 1323
2 1323
0 1324
60 1325
8 1325
9 1325
7 1325
10 1325
5 1325
6 1325
56 1325
11 1325
3 1325
4 1325
12 1325
13 1325
54 1325
1 1325
2 1325
14 1325
15 1325
16 1325
17 1325
58 1325
18 1325
19 1325
20 1325
21 1325
22 1325
23 1325
52 1325
25 1325
24 1325
57 1325
0 1327
0 1328
53 1329
29 1329
27 1329
28 1329
30 1329
26 1329
31 1329
57 1329
32 1329
33 1329
34 1329
35 1329
36 1329
37 1329
38 1329
39 1329
40 1329
41 1329
42 1329
43 1329
44 1329
45 1329
46 1329
47 1329
48 1329
49 1329
50 1329
0 1330
0 1332
0 1334
0 1336
54 1337
11 1337
12 1337
10 1337
60 1337
13 1337
8 1337
9 1337
14 1337
58 1337
7 1337
55 1337
16 1337
15 1337
5 1337
6 1337
17 1337
51 1337
3 1337
4 1337
56 1337
18 1337
19 1337
1 1337
2 1337
20 1337
21 1337
22 1337
23 1337
52 1337
24 1337
25 1337
57 1337
52 1338
22 1338
20 1338
21 1338
23 1338
18 1338
19 1338
24 1338
25 1338
17 1338
57 1338
15 1338
16 1338
51 1338
14 1338
58 1338
13 1338
11 1338
12 1338
54 1338
10 1338
60 1338
8 1338
9 1338
7 1338
5 1338
6 1338
3 1338
4 1338
56 1338
1 1338
2 1338
0 1339
56 1340
4 1340
2 1340
3 1340
5 1340
1 1340
6 1340
7 1340
8 1340
9 1340
10 1340
60 1340
11 1340
54 1340
12 1340
13 1340
14 1340
58 1340
16 1340
15 1340
17 1340
51 1340
18 1340
19 1340
20 1340
21 1340
22 1340
23 1340
52 1340
24 1340
25 1340
57 1340
0 1341
0 1342
58 1343
14 1343
15 1343
13 1343
16 1343
17 1343
11 1343
12 1343
18 1343
19 1343
10 1343
54 1343
60 1343
20 1343
8 1343
9 1343
21 1343
22 1343
52 1343
7 1343
23 1343
5 1343
6 1343
24 1343
25 1343
3 1343
4 1343
56 1343
1 1343
2 1343
0 1344
60 1345
10 1345
11 1345
54 1345
8 1345
9 1345
55 1345
12 1345
13 1345
7 1345
14 1345
58 1345
5 1345
6 1345
16 1345
15 1345
3 1345
4 1345
56 1345
17 1345
1 1345
2 1345
18 1345
19 1345
20 1345
21 1345
22 1345
52 1345
23 1345
24 1345
25 1345
0 1347
0 1348
53 1349
27 1349
26 1349
28 1349
29 1349
30 1349
31 1349
32 1349
33 1349
34 1349
35 1349
36 1349
37 1349
38 1349
39 1349
40 1349
41 1349
42 1349
43 1349
44 1349
45 1349
46 1349
47 1349
48 1349
49 1349
50 1349
0 1350
0 1352
55 1353
10 1353
54 1353
8 1353
11 1353
60 1353
9 1353
7 1353
13 1353
12 1353
5 1353
6 1353
14 1353
58 1353
3 1353
4 1353
15 1353
16 1353
1 1353
2 1353
56 1353
17 1353
18 1353
19 1353
20 1353
52 1353
22 1353
21 1353
23 1353
24 1353
25 1353
0 1354
0 1356
54 1357
9 1357
10 1357
8 1357
11 1357
55 1357
60 1357
7 1357
13 1357
12 1357
5 1357
6 1357
14 1357
58 1357
3 1357
4 1357
15 1357
16 1357
1 1357
2 1357
56 1357
17 1357
18 1357
19 1357
20 1357
52 1357
22 1357
21 1357
23 1357
24 1357
25 1357
52 1358
20 1358
18 1358
19 1358
21 1358
22 1358
17 1358
23 1358
15 1358
16 1358
24 1358
25 1358
14 1358
13 1358
58 1358
11 1358
60 1358
12 1358
10 1358
54 1358
55 1358
8 1358
9 1358
7 1358
5 1358
6 1358
3 1358
4 1358
1 1358
2 1358
56 1358
0 1359
56 1360
2 1360
3 1360
1 1360
4 1360
5 1360
6 1360
7 1360
8 1360
9 1360
10 1360
54 1360
11 1360
55 1360
60 1360
13 1360
58 1360
12 1360
14 1360
15 1360
16 1360
17 1360
18 1360
19 1360
20 1360
52 1360
21 1360
22 1360
23 1360
24 1360
25 1360
0 1361
0 1362
58 1363
12 1363
13 1363
60 1363
55 1363
11 1363
14 1363
10 1363
15 1363
16 1363
8 1363
9 1363
54 1363
17 1363
7 1363
18 1363
19 1363
5 1363
6 1363
20 1363
52 1363
3 1363
4 1363
21 1363
22 1363
1 1363
56 1363
2 1363
23 1363
24 1363
25 1363
53 1363
26 1363
27 1363
28 1363
29 1363
30 1363
31 1363
32 1363
33 1363
34 1363
35 1363
36 1363
37 1363
38 1363
39 1363
40 1363
41 1363
42 1363
43 1363
44 1363
45 1363
46 1363
47 1363
48 1363
49 1363
50 1363
0 1364
60 1365
12 1365
58 1365
11 1365
55 1365
13 1365
10 1365
14 1365
8 1365
9 1365
54 1365
15 1365
16 1365
7 1365
17 1365
5 1365
6 1365
18 1365
19 1365
3 1365
4 1365
20 1365
52 1365
1 1365
56 1365
2 1365
21 1365
22 1365
23 1365
24 1365
25 1365
53 1365
26 1365
27 1365
28 1365
29 1365
30 1365
31 1365
32 1365
33 1365
34 1365
35 1365
36 1365
37 1365
38 1365
39 1365
40 1365
41 1365
42 1365
43 1365
44 1365
45 1365
46 1365
47 1365
48 1365
49 1365
50 1365
0 1367
0 1368
53 1369
26 1369
27 1369
28 1369
29 1369
30 1369
31 1369
32 1369
33 1369
34 1369
35 1369
36 1369
37 1369
38 1369
39 1369
40 1369
41 1369
42 1369
43 1369
44 1369
45 1369
46 1369
47 1369
48 1369
49 1369
50 1369
0 1370
0 1372
55 1373
12 1373
58 1373
13 1373
51 1373
60 1373
11 1373
14 1373
10 1373
15 1373
16 1373
8 1373
9 1373
17 1373
7 1373
54 1373
18 1373
19 1373
52 1373
5 1373
6 1373
20 1373
3 1373
4 1373
21 1373
22 1373
1 1373
56 1373
2 1373
23 1373
24 1373
25 1373
53 1373
0 1374
51 1375
60 1375
13 1375
11 1375
12 1375
14 1375
55 1375
58 1375
10 1375
15 1375
16 1375
8 1375
9 1375
17 1375
7 1375
54 1375
18 1375
19 1375
52 1375
5 1375
6 1375
20 1375
3 1375
4 1375
21 1375
22 1375
1 1375
56 1375
2 1375
23 1375
24 1375
25 1375
53 1375
0 1376
54 1377
7 1377
8 1377
5 1377
6 1377
9 1377
10 1377
3 1377
4 1377
11 1377
58 1377
1 1377
56 1377
2 1377
13 1377
51 1377
55 1377
12 1377
14 1377
60 1377
15 1377
16 1377
17 1377
18 1377
19 1377
52 1377
20 1377
21 1377
22 1377
23 1377
24 1377
25 1377
53 1377
52 1378
18 1378
19 1378
17 1378
20 1378
15 1378
16 1378
21 1378
22 1378
60 1378
14 1378
23 1378
13 1378
24 1378
25 1378
11 1378
12 1378
51 1378
55 1378
58 1378
53 1378
10 1378
8 1378
9 1378
7 1378
54 1378
5 1378
6 1378
3 1378
4 1378
1 1378
56 1378
2 1378
0 1379
56 1380
1 1380
2 1380
3 1380
4 1380
5 1380
6 1380
7 1380
8 1380
54 1380
9 1380
10 1380
11 1380
58 1380
12 1380
13 1380
51 1380
55 1380
14 1380
60 1380
15 1380
16 1380
17 1380
18 1380
19 1380
52 1380
20 1380
21 1380
22 1380
23 1380
24 1380
25 1380
53 1380
0 1381
0 1382
58 1383
10 1383
11 1383
8 1383
9 1383
12 1383
13 1383
55 1383
7 1383
54 1383
14 1383
60 1383
5 1383
6 1383
15 1383
16 1383
3 1383
4 1383
17 1383
52 1383
1 1383
56 1383
2 1383
19 1383
18 1383
20 1383
21 1383
22 1383
23 1383
24 1383
25 1383
53 1383
0 1384
60 1385
14 1385
13 1385
15 1385
16 1385
55 1385
11 1385
12 1385
17 1385
52 1385
10 1385
58 1385
19 1385
18 1385
8 1385
9 1385
20 1385
7 1385
54 1385
21 1385
22 1385
5 1385
6 1385
23 1385
3 1385
4 1385
24 1385
25 1385
53 1385
1 1385
2 1385
56 1385
0 1387
0 1388
53 1389
24 1389
25 1389
23 1389
21 1389
22 1389
20 1389
18 1389
19 1389
17 1389
52 1389
15 1389
16 1389
14 1389
60 1389
13 1389
55 1389
11 1389
12 1389
10 1389
58 1389
8 1389
9 1389
7 1389
54 1389
5 1389
6 1389
3 1389
4 1389
1 1389
2 1389
56 1389
0 1390
0 1392
55 1393
13 1393
14 1393
11 1393
12 1393
15 1393
16 1393
60 1393
10 1393
58 1393
17 1393
52 1393
8 1393
9 1393
18 1393
19 1393
7 1393
20 1393
5 1393
6 1393
54 1393
21 1393
22 1393
3 1393
4 1393
23 1393
53 1393
1 1393
2 1393
56 1393
25 1393
24 1393
0 1394
0 1396
54 1397
5 1397
6 1397
3 1397
4 1397
56 1397
7 1397
1 1397
2 1397
8 1397
9 1397
10 1397
58 1397
11 1397
12 1397
13 1397
14 1397
55 1397
15 1397
16 1397
17 1397
52 1397
18 1397
19 1397
20 1397
21 1397
22 1397
23 1397
53 1397
25 1397
24 1397
52 1398
16 1398
17 1398
14 1398
15 1398
18 1398
19 1398
13 1398
55 1398
20 1398
11 1398
12 1398
21 1398
22 1398
10 1398
58 1398
23 1398
53 1398
8 1398
9 1398
25 1398
24 1398
7 1398
5 1398
6 1398
54 1398
3 1398
4 1398
56 1398
1 1398
2 1398
0 1399
56 1400
3 1400
4 1400
1 1400
2 1400
5 1400
54 1400
7 1400
6 1400
8 1400
9 1400
10 1400
58 1400
11 1400
12 1400
13 1400
14 1400
55 1400
15 1400
16 1400
17 1400
52 1400
18 1400
19 1400
20 1400
21 1400
22 1400
23 1400
53 1400
25 1400
24 1400
0 1401
0 1402
58 1403
8 1403
9 1403
7 1403
10 1403
5 1403
6 1403
11 1403
3 1403
4 1403
56 1403
54 1403
12 1403
13 1403
1 1403
2 1403
14 1403
55 1403
16 1403
15 1403
17 1403
52 1403
60 1403
18 1403
19 1403
20 1403
21 1403
22 1403
23 1403
53 1403
24 1403
25 1403
0 1404
60 1405
16 1405
52 1405
14 1405
15 1405
17 1405
55 1405
13 1405
18 1405
19 1405
11 1405
12 1405
20 1405
10 1405
21 1405
22 1405
8 1405
9 1405
58 1405
23 1405
53 1405
7 1405
24 1405
25 1405
5 1405
6 1405
3 1405
4 1405
56 1405
54 1405
1 1405
2 1405
0 1407
0 1408
53 1409
22 1409
23 1409
20 1409
21 1409
24 1409
25 1409
18 1409
19 1409
17 1409
15 1409
16 1409
52 1409
14 1409
55 1409
13 1409
11 1409
12 1409
10 1409
8 1409
9 1409
58 1409
7 1409
5 1409
6 1409
3 1409
4 1409
54 1409
56 1409
1 1409
2 1409
0 1410
0 1412
55 1413
15 1413
16 1413
52 1413
14 1413
17 1413
60 1413
13 1413
18 1413
19 1413
57 1413
11 1413
12 1413
20 1413
10 1413
21 1413
22 1413
8 1413
9 1413
23 1413
53 1413
7 1413
58 1413
24 1413
25 1413
5 1413
6 1413
3 1413
4 1413
54 1413
56 1413
1 1413
2 1413
0 1414
0 1416
54 1417
3 1417
4 1417
1 1417
2 1417
5 1417
56 1417
6 1417
7 1417
8 1417
58 1417
9 1417
10 1417
11 1417
12 1417
13 1417
14 1417
52 1417
16 1417
55 1417
15 1417
57 1417
60 1417
17 1417
18 1417
19 1417
20 1417
21 1417
22 1417
53 1417
23 1417
24 1417
25 1417
52 1418
14 1418
15 1418
13 1418
16 1418
17 1418
55 1418
11 1418
12 1418
18 1418
19 1418
57 1418
60 1418
10 1418
20 1418
8 1418
9 1418
21 1418
22 1418
53 1418
7 1418
58 1418
23 1418
5 1418
6 1418
56 1418
24 1418
25 1418
3 1418
4 1418
54 1418
1 1418
2 1418
0 1419
56 1420
5 1420
6 1420
3 1420
4 1420
54 1420
7 1420
58 1420
1 1420
2 1420
8 1420
9 1420
10 1420
11 1420
12 1420
13 1420
14 1420
52 1420
16 1420
15 1420
57 1420
60 1420
17 1420
55 1420
18 1420
19 1420
20 1420
21 1420
22 1420
53 1420
23 1420
24 1420
25 1420
0 1421
0 1422
58 1423
6 1423
7 1423
5 1423
8 1423
56 1423
3 1423
4 1423
9 1423
10 1423
1 1423
2 1423
54 1423
11 1423
12 1423
13 1423
14 1423
52 1423
15 1423
16 1423
17 1423
55 1423
57 1423
18 1423
19 1423
20 1423
21 1423
22 1423
53 1423
23 1423
24 1423
25 1423
0 1424
0 1427
0 1428
53 1429
20 1429
21 1429
18 1429
19 1429
22 1429
23 1429
55 1429
17 1429
24 1429
25 1429
15 1429
16 1429
52 1429
14 1429
13 1429
11 1429
12 1429
10 1429
8 1429
9 1429
7 1429
56 1429
58 1429
5 1429
6 1429
3 1429
4 1429
1 1429
2 1429
54 1429
0 1430
0 1432
55 1433
17 1433
18 1433
15 1433
16 1433
19 1433
20 1433
14 1433
21 1433
22 1433
53 1433
13 1433
52 1433
23 1433
11 1433
12 1433
24 1433
25 1433
10 1433
8 1433
9 1433
7 1433
56 1433
5 1433
6 1433
58 1433
3 1433
4 1433
1 1433
54 1433
2 1433
0 1434
0 1436
54 1437
1 1437
2 1437
3 1437
4 1437
5 1437
58 1437
7 1437
6 1437
8 1437
56 1437
9 1437
10 1437
11 1437
12 1437
13 1437
52 1437
14 1437
15 1437
16 1437
17 1437
55 1437
19 1437
18 1437
20 1437
53 1437
21 1437
22 1437
23 1437
24 1437
25 1437
52 1438
13 1438
11 1438
12 1438
14 1438
10 1438
15 1438
16 1438
8 1438
9 1438
17 1438
55 1438
7 1438
56 1438
19 1438
18 1438
5 1438
6 1438
58 1438
20 1438
53 1438
3 1438
4 1438
21 1438
22 1438
1 1438
54 1438
2 1438
23 1438
24 1438
25 1438
0 1439
56 1440
7 1440
5 1440
6 1440
8 1440
58 1440
3 1440
4 1440
9 1440
10 1440
1 1440
54 1440
2 1440
11 1440
12 1440
13 1440
52 1440
14 1440
15 1440
16 1440
17 1440
55 1440
19 1440
18 1440
20 1440
53 1440
21 1440
22 1440
23 1440
24 1440
25 1440
0 1441
0 1442
58 1443
4 1443
5 1443
2 1443
3 1443
6 1443
7 1443
1 1443
54 1443
8 1443
56 1443
9 1443
10 1443
11 1443
12 1443
13 1443
52 1443
14 1443
15 1443
16 1443
17 1443
18 1443
19 1443
55 1443
20 1443
53 1443
21 1443
22 1443
23 1443
24 1443
25 1443
0 1444
0 1447
0 1448
53 1449
18 1449
19 1449
55 1449
17 1449
20 1449
15 1449
16 1449
21 1449
22 1449
14 1449
23 1449
13 1449
24 1449
25 1449
11 1449
12 1449
10 1449
8 1449
9 1449
56 1449
7 1449
5 1449
6 1449
3 1449
4 1449
58 1449
1 1449
54 1449
2 1449
0 1450
0 1452
55 1453
19 1453
20 1453
17 1453
18 1453
21 1453
22 1453
53 1453
15 1453
16 1453
23 1453
14 1453
24 1453
25 1453
13 1453
11 1453
12 1453
10 1453
52 1453
8 1453
9 1453
56 1453
7 1453
5 1453
6 1453
3 1453
4 1453
58 1453
1 1453
54 1453
2 1453
0 1454
0 1456
54 1457
2 1457
3 1457
1 1457
4 1457
5 1457
58 1457
6 1457
7 1457
8 1457
9 1457
10 1457
56 1457
11 1457
52 1457
12 1457
13 1457
14 1457
15 1457
16 1457
17 1457
53 1457
19 1457
18 1457
20 1457
55 1457
21 1457
22 1457
23 1457
24 1457
25 1457
52 1458
11 1458
10 1458
12 1458
13 1458
8 1458
9 1458
56 1458
14 1458
7 1458
15 1458
16 1458
5 1458
6 1458
17 1458
53 1458
3 1458
4 1458
58 1458
19 1458
18 1458
1 1458
2 1458
54 1458
20 1458
55 1458
21 1458
22 1458
23 1458
24 1458
25 1458
0 1459
56 1460
9 1460
8 1460
10 1460
52 1460
7 1460
11 1460
5 1460
6 1460
12 1460
13 1460
3 1460
4 1460
58 1460
14 1460
1 1460
2 1460
54 1460
15 1460
16 1460
17 1460
53 1460
19 1460
18 1460
20 1460
55 1460
21 1460
22 1460
23 1460
24 1460
25 1460
0 1461
0 1462
58 1463
3 1463
54 1463
1 1463
2 1463
4 1463
5 1463
6 1463
7 1463
8 1463
9 1463
10 1463
56 1463
11 1463
52 1463
12 1463
13 1463
14 1463
15 1463
16 1463
17 1463
53 1463
19 1463
18 1463
55 1463
20 1463
21 1463
22 1463
23 1463
24 1463
25 1463
0 1464
0 1467
0 1468
53 1469
16 1469
17 1469
14 1469
15 1469
18 1469
19 1469
13 1469
20 1469
55 1469
11 1469
12 1469
22 1469
21 1469
10 1469
52 1469
56 1469
23 1469
8 1469
9 1469
24 1469
25 1469
7 1469
5 1469
6 1469
3 1469
4 1469
54 1469
1 1469
2 1469
58 1469
0 1470
0 1472
55 1473
21 1473
22 1473
20 1473
23 1473
18 1473
19 1473
24 1473
25 1473
53 1473
17 1473
15 1473
16 1473
14 1473
13 1473
11 1473
12 1473
10 1473
56 1473
8 1473
9 1473
52 1473
7 1473
5 1473
6 1473
3 1473
4 1473
54 1473
1 1473
58 1473
2 1473
0 1474
0 1476
54 1477
4 1477
5 1477
2 1477
3 1477
6 1477
7 1477
1 1477
58 1477
8 1477
9 1477
10 1477
11 1477
56 1477
12 1477
13 1477
14 1477
15 1477
16 1477
17 1477
53 1477
18 1477
19 1477
20 1477
21 1477
22 1477
55 1477
23 1477
24 1477
25 1477
0 1479
56 1480
11 1480
10 1480
12 1480
13 1480
8 1480
9 1480
14 1480
7 1480
15 1480
16 1480
53 1480
5 1480
6 1480
17 1480
3 1480
4 1480
54 1480
18 1480
19 1480
1 1480
58 1480
2 1480
20 1480
21 1480
22 1480
55 1480
23 1480
24 1480
25 1480
0 1481
0 1482
58 1483
1 1483
2 1483
3 1483
4 1483
5 1483
54 1483
6 1483
7 1483
8 1483
9 1483
10 1483
11 1483
56 1483
13 1483
12 1483
14 1483
15 1483
16 1483
53 1483
17 1483
18 1483
19 1483
20 1483
21 1483
22 1483
23 1483
55 1483
24 1483
25 1483
0 1484
0 1487
0 1488
53 1489
14 1489
15 1489
13 1489
16 1489
17 1489
11 1489
12 1489
56 1489
18 1489
19 1489
10 1489
20 1489
8 1489
9 1489
21 1489
22 1489
7 1489
23 1489
55 1489
5 1489
6 1489
54 1489
24 1489
25 1489
3 1489
4 1489
1 1489
58 1489
2 1489
0 1490
0 1492
55 1493
23 1493
24 1493
21 1493
22 1493
25 1493
20 1493
18 1493
19 1493
17 1493
15 1493
16 1493
14 1493
53 1493
13 1493
56 1493
11 1493
12 1493
10 1493
8 1493
9 1493
7 1493
5 1493
6 1493
54 1493
3 1493
4 1493
1 1493
58 1493
2 1493
0 1494
0 1496
54 1497
6 1497
5 1497
7 1497
3 1497
4 1497
8 1497
1 1497
2 1497
58 1497
9 1497
10 1497
11 1497
12 1497
13 1497
14 1497
53 1497
56 1497
16 1497
15 1497
17 1497
18 1497
19 1497
20 1497
21 1497
22 1497
23 1497
55 1497
25 1497
24 1497
52 1498
54 1498
6 1498
5 1498
7 1498
3 1498
4 1498
8 1498
1 1498
2 1498
58 1498
9 1498
10 1498
11 1498
12 1498
13 1498
14 1498
53 1498
56 1498
16 1498
15 1498
17 1498
18 1498
19 1498
20 1498
21 1498
22 1498
23 1498
55 1498
25 1498
24 1498
0 1499
56 1500
13 1500
11 1500
12 1500
14 1500
53 1500
10 1500
15 1500
16 1500
8 1500
9 1500
17 1500
7 1500
52 1500
54 1500
18 1500
19 1500
5 1500
6 1500
20 1500
3 1500
4 1500
21 1500
22 1500
1 1500
2 1500
58 1500
23 1500
55 1500
25 1500
24 1500
0 1501
0 1502
58 1503
3 1503
1 1503
2 1503
4 1503
5 1503
6 1503
7 1503
52 1503
54 1503
8 1503
9 1503
10 1503
11 1503
12 1503
13 1503
14 1503
53 1503
56 1503
15 1503
16 1503
17 1503
18 1503
19 1503
20 1503
21 1503
22 1503
23 1503
24 1503
25 1503
55 1503
59 1503
60 1503
0 1504
60 1505
59 1505
59 1506
60 1506
0 1507
0 1508
53 1509
13 1509
11 1509
12 1509
14 1509
56 1509
10 1509
15 1509
16 1509
8 1509
9 1509
17 1509
7 1509
54 1509
18 1509
19 1509
5 1509
6 1509
20 1509
3 1509
4 1509
58 1509
21 1509
22 1509
1 1509
2 1509
23 1509
24 1509
25 1509
55 1509
0 1510
0 1512
55 1513
25 1513
23 1513
24 1513
21 1513
22 1513
20 1513
18 1513
19 1513
17 1513
15 1513
16 1513
14 1513
13 1513
53 1513
11 1513
12 1513
10 1513
8 1513
9 1513
7 1513
54 1513
57 1513
5 1513
6 1513
3 1513
4 1513
58 1513
1 1513
2 1513
0 1514
0 1516
54 1517
8 1517
57 1517
7 1517
9 1517
10 1517
5 1517
6 1517
11 1517
3 1517
4 1517
58 1517
12 1517
13 1517
53 1517
1 1517
2 1517
14 1517
15 1517
16 1517
17 1517
18 1517
19 1517
20 1517
21 1517
22 1517
23 1517
24 1517
25 1517
55 1517
52 1518
58 1518
4 1518
2 1518
3 1518
5 1518
1 1518
6 1518
7 1518
8 1518
54 1518
57 1518
9 1518
10 1518
11 1518
12 1518
13 1518
53 1518
14 1518
15 1518
16 1518
17 1518
18 1518
19 1518
20 1518
21 1518
22 1518
23 1518
24 1518
25 1518
55 1518
0 1519
0 1521
0 1522
58 1523
5 1523
52 1523
3 1523
4 1523
6 1523
7 1523
1 1523
2 1523
8 1523
54 1523
10 1523
9 1523
11 1523
53 1523
13 1523
12 1523
14 1523
15 1523
16 1523
17 1523
18 1523
19 1523
20 1523
21 1523
22 1523
23 1523
24 1523
25 1523
55 1523
0 1524
0 1527
0 1528
53 1529
11 1529
10 1529
12 1529
13 1529
8 1529
9 1529
54 1529
14 1529
7 1529
15 1529
16 1529
5 1529
6 1529
58 1529
17 1529
3 1529
4 1529
52 1529
18 1529
19 1529
1 1529
2 1529
51 1529
20 1529
21 1529
22 1529
23 1529
24 1529
25 1529
55 1529
26 1529
27 1529
28 1529
29 1529
30 1529
31 1529
32 1529
33 1529
34 1529
35 1529
36 1529
37 1529
38 1529
39 1529
40 1529
41 1529
42 1529
43 1529
44 1529
45 1529
46 1529
47 1529
48 1529
49 1529
50 1529
0 1530
0 1532
55 1533
26 1533
27 1533
28 1533
29 1533
30 1533
31 1533
32 1533
33 1533
34 1533
35 1533
36 1533
37 1533
38 1533
39 1533
40 1533
41 1533
42 1533
43 1533
44 1533
45 1533
46 1533
47 1533
48 1533
49 1533
50 1533
0 1534
0 1536
54 1537
10 1537
8 1537
9 1537
11 1537
53 1537
7 1537
12 1537
13 1537
5 1537
6 1537
58 1537
14 1537
3 1537
4 1537
57 1537
15 1537
16 1537
1 1537
2 1537
17 1537
18 1537
19 1537
20 1537
21 1537
22 1537
23 1537
24 1537
25 1537
0 1539
0 1541
0 1542
0 1544
0 1547
0 1548
53 1549
9 1549
10 1549
8 1549
11 1549
7 1549
12 1549
13 1549
5 1549
6 1549
14 1549
3 1549
4 1549
15 1549
16 1549
1 1549
2 1549
17 1549
18 1549
19 1549
20 1549
21 1549
22 1549
23 1549
24 1549
25 1549
0 1550
0 1552
55 1553
27 1553
28 1553
26 1553
29 1553
30 1553
31 1553
32 1553
33 1553
34 1553
35 1553
36 1553
37 1553
38 1553
39 1553
40 1553
41 1553
42 1553
43 1553
44 1553
45 1553
46 1553
47 1553
48 1553
49 1553
50 1553
0 1554
0 1556
0 1559
0 1561
0 1562
0 1564
0 1567
0 1568
53 1569
7 1569
8 1569
5 1569
6 1569
9 1569
10 1569
3 1569
4 1569
11 1569
1 1569
2 1569
12 1569
13 1569
14 1569
15 1569
16 1569
17 1569
18 1569
19 1569
20 1569
21 1569
22 1569
23 1569
24 1569
25 1569
0 1570
0 1572
55 1573
29 1573
30 1573
27 1573
28 1573
31 1573
26 1573
32 1573
33 1573
34 1573
35 1573
36 1573
37 1573
38 1573
39 1573
40 1573
41 1573
42 1573
43 1573
44 1573
45 1573
46 1573
47 1573
48 1573
49 1573
50 1573
0 1574
0 1576
0 1579
0 1581
0 1582
0 1584
0 1587
0 1588
53 1589
5 1589
6 1589
3 1589
4 1589
7 1589
1 1589
2 1589
8 1589
9 1589
10 1589
11 1589
12 1589
13 1589
14 1589
15 1589
16 1589
17 1589
18 1589
19 1589
20 1589
21 1589
22 1589
23 1589
24 1589
25 1589
0 1590
0 1592
55 1593
31 1593
32 1593
30 1593
33 1593
28 1593
29 1593
34 1593
27 1593
35 1593
36 1593
26 1593
37 1593
38 1593
39 1593
40 1593
41 1593
42 1593
43 1593
44 1593
45 1593
46 1593
47 1593
48 1593
49 1593
50 1593
0 1594
0 1596
0 1599
0 1601
0 1602
0 1604
59 1606
54 1606
0 1607
0 1608
53 1609
3 1609
4 1609
1 1609
2 1609
5 1609
6 1609
7 1609
8 1609
9 1609
10 1609
11 1609
12 1609
13 1609
14 1609
15 1609
16 1609
17 1609
18 1609
19 1609
20 1609
21 1609
22 1609
23 1609
24 1609
25 1609
0 1610
0 1612
55 1613
33 1613
34 1613
32 1613
35 1613
36 1613
31 1613
37 1613
30 1613
38 1613
28 1613
29 1613
39 1613
27 1613
40 1613
26 1613
41 1613
42 1613
43 1613
44 1613
45 1613
46 1613
47 1613
48 1613
49 1613
50 1613
0 1614
0 1616
0 1619
0 1621
0 1622
58 1623
59 1623
0 1624
59 1626
51 1626
0 1627
0 1628
53 1629
1 1629
2 1629
3 1629
4 1629
5 1629
6 1629
7 1629
8 1629
9 1629
10 1629
11 1629
12 1629
13 1629
14 1629
51 1629
15 1629
16 1629
59 1629
17 1629
18 1629
19 1629
20 1629
21 1629
22 1629
23 1629
24 1629
25 1629
0 1630
0 1632
55 1633
35 1633
36 1633
34 1633
37 1633
33 1633
38 1633
32 1633
39 1633
31 1633
40 1633
30 1633
41 1633
42 1633
28 1633
29 1633
43 1633
27 1633
44 1633
26 1633
45 1633
46 1633
47 1633
48 1633
49 1633
50 1633
0 1634
51 1635
59 1635
0 1636
0 1639
0 1641
0 1642
0 1644
0 1647
0 1648
53 1649
2 1649
1 1649
3 1649
4 1649
5 1649
6 1649
7 1649
8 1649
9 1649
10 1649
11 1649
12 1649
13 1649
14 1649
15 1649
16 1649
17 1649
18 1649
19 1649
20 1649
21 1649
22 1649
23 1649
24 1649
25 1649
0 1650
0 1652
55 1653
37 1653
38 1653
35 1653
36 1653
39 1653
34 1653
40 1653
33 1653
41 1653
42 1653
32 1653
43 1653
31 1653
44 1653
30 1653
45 1653
28 1653
29 1653
46 1653
27 1653
47 1653
48 1653
26 1653
49 1653
50 1653
0 1654
0 1656
52 1658
59 1658
0 1659
0 1661
0 1662
0 1664
59 1666
52 1666
0 1667
0 1668
53 1669
4 1669
2 1669
3 1669
5 1669
1 1669
6 1669
7 1669
8 1669
9 1669
10 1669
11 1669
12 1669
13 1669
14 1669
15 1669
16 1669
17 1669
18 1669
19 1669
20 1669
21 1669
22 1669
23 1669
24 1669
25 1669
0 1670
0 1672
55 1673
39 1673
40 1673
38 1673
41 1673
42 1673
37 1673
43 1673
35 1673
36 1673
44 1673
34 1673
45 1673
33 1673
46 1673
32 1673
47 1673
48 1673
31 1673
49 1673
30 1673
50 1673
28 1673
29 1673
27 1673
26 1673
0 1674
0 1676
0 1679
0 1681
0 1682
0 1684
0 1687
0 1688
53 1689
6 1689
5 1689
7 1689
3 1689
4 1689
8 1689
1 1689
2 1689
9 1689
10 1689
11 1689
12 1689
13 1689
14 1689
15 1689
16 1689
17 1689
18 1689
19 1689
20 1689
21 1689
22 1689
23 1689
24 1689
25 1689
0 1690
0 1692
55 1693
41 1693
40 1693
42 1693
43 1693
39 1693
44 1693
38 1693
45 1693
37 1693
46 1693
35 1693
36 1693
47 1693
48 1693
34 1693
49 1693
33 1693
50 1693
32 1693
31 1693
30 1693
28 1693
29 1693
27 1693
26 1693
0 1694
0 1696
0 1699
0 1701
0 1702
0 1704
0 1707
0 1708
0 1710
0 1712