0 2925
0 2926
0 2927
0 2928
0 2929
0 2930
0 2931
0 2932
0 2933
0 2934
0 2935
0 2936
0 2937
0 2938
0 2939
0 2940
0 2941
0 2942
0 2943
0 2947
55 2948
9 2948
10 2948
8 2948
11 2948
7 2948
12 2948
13 2948
5 2948
6 2948
14 2948
3 2948
4 2948
15 2948
16 2948
1 2948
2 2948
17 2948
18 2948
19 2948
20 2948
53 2948
67 2948
21 2948
22 2948
23 2948
24 2948
25 2948
0 2949
0 2951
64 2952
51 2952
56 2952
58 2952
0 2953
61 2954
59 2954
0 2955
0 2959
56 2960
58 2960
64 2960
51 2960
63 2961
27 2961
26 2961
28 2961
29 2961
30 2961
31 2961
32 2961
33 2961
34 2961
35 2961
36 2961
37 2961
38 2961
39 2961
57 2961
40 2961
41 2961
42 2961
43 2961
61 2961
44 2961
59 2961
45 2961
46 2961
47 2961
48 2961
51 2961
58 2961
64 2961
49 2961
50 2961
0 2962
59 2964
61 2964
57 2965
39 2965
40 2965
38 2965
41 2965
42 2965
37 2965
43 2965
61 2965
35 2965
36 2965
44 2965
59 2965
34 2965
45 2965
33 2965
46 2965
32 2965
47 2965
48 2965
51 2965
58 2965
64 2965
31 2965
49 2965
30 2965
50 2965
28 2965
29 2965
63 2965
27 2965
26 2965
0 2967
0 2969
51 2970
58 2970
64 2970
67 2971
21 2971
53 2971
20 2971
22 2971
23 2971
18 2971
19 2971
24 2971
25 2971
17 2971
15 2971
16 2971
14 2971
13 2971
11 2971
12 2971
55 2971
10 2971
8 2971
9 2971
7 2971
5 2971
6 2971
3 2971
4 2971
1 2971
2 2971
53 2972
21 2972
67 2972
20 2972
22 2972
23 2972
18 2972
19 2972
24 2972
25 2972
17 2972
15 2972
16 2972
14 2972
13 2972
11 2972
12 2972
55 2972
10 2972
8 2972
9 2972
7 2972
5 2972
6 2972
3 2972
4 2972
1 2972
2 2972
0 2973
58 2974
51 2974
0 2977
55 2978
11 2978
12 2978
10 2978
13 2978
8 2978
9 2978
14 2978
7 2978
15 2978
16 2978
5 2978
6 2978
17 2978
3 2978
4 2978
18 2978
19 2978
1 2978
2 2978
20 2978
21 2978
22 2978
53 2978
67 2978
23 2978
24 2978
25 2978
0 2979
0 2981
0 2983
61 2984
59 2984
0 2985
0 2989
63 2991
29 2991
27 2991
28 2991
30 2991
26 2991
31 2991
32 2991
33 2991
34 2991
35 2991
36 2991
37 2991
38 2991
39 2991
40 2991
41 2991
42 2991
57 2991
43 2991
44 2991
61 2991
45 2991
59 2991
46 2991
47 2991
48 2991
49 2991
51 2991
58 2991
50 2991
0 2992
59 2994
61 2994
64 2994
57 2995
41 2995
42 2995
40 2995
43 2995
39 2995
44 2995
61 2995
38 2995
45 2995
59 2995
64 2995
37 2995
46 2995
35 2995
36 2995
47 2995
48 2995
34 2995
49 2995
51 2995
58 2995
33 2995
50 2995
32 2995
31 2995
30 2995
28 2995
29 2995
63 2995
27 2995
26 2995
0 2997
0 2999
51 3000
58 3000
67 3001
53 3001
23 3001
21 3001
22 3001
24 3001
25 3001
20 3001
18 3001
19 3001
17 3001
15 3001
16 3001
55 3001
14 3001
13 3001
11 3001
12 3001
10 3001
8 3001
9 3001
7 3001
5 3001
6 3001
3 3001
4 3001
1 3001
2 3001
53 3002
23 3002
67 3002
21 3002
22 3002
24 3002
25 3002
20 3002
18 3002
19 3002
17 3002
15 3002
16 3002
55 3002
14 3002
13 3002
11 3002
12 3002
10 3002
8 3002
9 3002
7 3002
5 3002
6 3002
3 3002
4 3002
1 3002
2 3002
0 3003
58 3004
51 3004
60 3006
56 3006
0 3007
55 3008
13 3008
14 3008
11 3008
12 3008
15 3008
16 3008
10 3008
17 3008
8 3008
9 3008
18 3008
19 3008
7 3008
20 3008
5 3008
6 3008
21 3008
22 3008
3 3008
4 3008
23 3008
53 3008
67 3008
1 3008
2 3008
25 3008
24 3008
0 3009
0 3011
64 3012
60 3012
0 3013
61 3014
59 3014
0 3015
0 3019
0 3022
59 3024
61 3024
57 3025
43 3025
44 3025
41 3025
42 3025
45 3025
40 3025
46 3025
61 3025
39 3025
47 3025
48 3025
59 3025
38 3025
49 3025
37 3025
50 3025
51 3025
58 3025
35 3025
36 3025
34 3025
33 3025
32 3025
31 3025
30 3025
28 3025
29 3025
27 3025
26 3025
0 3027
0 3029
51 3030
58 3030
67 3031
53 3031
25 3031
23 3031
24 3031
21 3031
22 3031
20 3031
18 3031
19 3031
17 3031
15 3031
16 3031
14 3031
55 3031
13 3031
11 3031
12 3031
10 3031
8 3031
9 3031
7 3031
5 3031
6 3031
3 3031
4 3031
1 3031
2 3031
53 3032
25 3032
67 3032
23 3032
24 3032
21 3032
22 3032
20 3032
18 3032
19 3032
17 3032
15 3032
16 3032
14 3032
55 3032
13 3032
11 3032
12 3032
10 3032
8 3032
9 3032
7 3032
5 3032
6 3032
3 3032
4 3032
1 3032
2 3032
0 3033
58 3034
51 3034
70 3034
0 3037
55 3038
15 3038
16 3038
14 3038
17 3038
13 3038
18 3038
19 3038
11 3038
12 3038
20 3038
10 3038
21 3038
22 3038
8 3038
9 3038
23 3038
7 3038
24 3038
25 3038
5 3038
6 3038
53 3038
67 3038
3 3038
4 3038
1 3038
2 3038
0 3039
0 3041
0 3043
61 3044
51 3044
59 3044
58 3044
0 3045
0 3049
56 3050
62 3050
0 3052
59 3054
51 3054
61 3054
58 3054
57 3055
45 3055
44 3055
46 3055
43 3055
47 3055
48 3055
41 3055
42 3055
49 3055
51 3055
58 3055
61 3055
40 3055
50 3055
59 3055
39 3055
62 3055
38 3055
56 3055
37 3055
35 3055
36 3055
34 3055
33 3055
32 3055
31 3055
30 3055
28 3055
29 3055
27 3055
26 3055
53 3055
67 3055
0 3057
0 3059
51 3060
58 3060
67 3061
53 3061
26 3061
27 3061
28 3061
29 3061
30 3061
31 3061
32 3061
33 3061
34 3061
35 3061
36 3061
37 3061
38 3061
39 3061
40 3061
41 3061
42 3061
62 3061
64 3061
43 3061
44 3061
45 3061
46 3061
47 3061
48 3061
51 3061
49 3061
59 3061
61 3061
58 3061
50 3061
53 3062
26 3062
67 3062
27 3062
28 3062
29 3062
30 3062
31 3062
32 3062
33 3062
34 3062
35 3062
36 3062
37 3062
38 3062
39 3062
40 3062
41 3062
42 3062
62 3062
64 3062
43 3062
44 3062
45 3062
46 3062
47 3062
48 3062
51 3062
49 3062
59 3062
61 3062
58 3062
50 3062
0 3063
58 3064
51 3064
0 3067
55 3068
17 3068
18 3068
15 3068
16 3068
19 3068
20 3068
14 3068
21 3068
22 3068
13 3068
23 3068
11 3068
12 3068
24 3068
25 3068
10 3068
8 3068
9 3068
7 3068
5 3068
6 3068
3 3068
4 3068
1 3068
2 3068
0 3069
0 3071
0 3073
61 3074
59 3074
70 3074
0 3075
70 3078
59 3078
61 3078
0 3079
0 3082
59 3084
61 3084
0 3087
0 3089
67 3091
53 3091
27 3091
28 3091
26 3091
29 3091
30 3091
31 3091
32 3091
33 3091
34 3091
35 3091
36 3091
37 3091
38 3091
39 3091
40 3091
41 3091
42 3091
43 3091
44 3091
45 3091
46 3091
47 3091
48 3091
57 3091
49 3091
70 3091
50 3091
59 3091
61 3091
53 3092
28 3092
67 3092
27 3092
29 3092
30 3092
26 3092
31 3092
32 3092
33 3092
34 3092
35 3092
36 3092
37 3092
38 3092
39 3092
40 3092
41 3092
42 3092
43 3092
44 3092
45 3092
46 3092
47 3092
48 3092
57 3092
49 3092
70 3092
50 3092
61 3092
59 3092
0 3093
0 3097
55 3098
19 3098
17 3098
18 3098
20 3098
15 3098
16 3098
21 3098
22 3098
14 3098
23 3098
13 3098
24 3098
25 3098
11 3098
12 3098
10 3098
8 3098
9 3098
7 3098
5 3098
6 3098
3 3098
4 3098
1 3098
2 3098
0 3099
0 3101
0 3103
61 3104
57 3104
59 3104
0 3105
0 3109
56 3110
63 3110
63 3111
64 3111
0 3112
59 3114
57 3114
61 3114
57 3115
59 3115
61 3115
0 3117
0 3119
67 3121
53 3121
29 3121
30 3121
27 3121
28 3121
31 3121
26 3121
32 3121
33 3121
34 3121
35 3121
36 3121
37 3121
38 3121
39 3121
40 3121
41 3121
42 3121
43 3121
44 3121
58 3121
45 3121
62 3121
46 3121
47 3121
48 3121
49 3121
57 3121
59 3121
61 3121
50 3121
60 3121
53 3122
30 3122
67 3122
28 3122
29 3122
31 3122
27 3122
32 3122
26 3122
33 3122
34 3122
35 3122
36 3122
37 3122
38 3122
39 3122
40 3122
41 3122
42 3122
43 3122
44 3122
58 3122
45 3122
62 3122
46 3122
47 3122
48 3122
49 3122
57 3122
59 3122
61 3122
50 3122
60 3122
0 3123
58 3124
62 3124
60 3126
57 3126
0 3127
0 3129
0 3131
0 3133
61 3134
59 3134
0 3135
0 3139
0 3142
59 3144
61 3144
57 3145
60 3145
0 3147
0 3149
53 3152
31 3152
32 3152
67 3152
30 3152
33 3152
28 3152
29 3152
34 3152
27 3152
35 3152
36 3152
26 3152
37 3152
38 3152
39 3152
40 3152
41 3152
42 3152
43 3152
44 3152
45 3152
46 3152
47 3152
48 3152
59 3152
61 3152
49 3152
57 3152
60 3152
50 3152
0 3153
60 3156
57 3156
0 3157
0 3159
0 3161
0 3163
61 3164
59 3164
0 3165
0 3169
63 3171
58 3171
0 3172
59 3174
61 3174
57 3175
60 3175
62 3175
0 3177
0 3179
67 3181
64 3181
53 3182
33 3182
34 3182
32 3182
35 3182
36 3182
31 3182
56 3182
66 3182
37 3182
30 3182
38 3182
28 3182
29 3182
39 3182
27 3182
40 3182
58 3182
26 3182
41 3182
42 3182
63 3182
43 3182
44 3182
45 3182
59 3182
46 3182
61 3182
47 3182
48 3182
57 3182
60 3182
49 3182
50 3182
0 3183
60 3186
57 3186
0 3187
0 3189
0 3191
64 3192
66 3192
68 3192
0 3193
61 3194
59 3194
0 3195
66 3197
64 3197
0 3199
0 3202
59 3204
61 3204
57 3205
60 3205
65 3206
56 3206
0 3207
0 3209
0 3213
60 3216
57 3216
0 3217
0 3219
0 3221
64 3222
65 3222
0 3223
61 3224
59 3224
0 3225
0 3229
63 3231
57 3231
60 3231
0 3232
59 3234
61 3234
57 3235
0 3237
0 3239
0 3243
60 3246
57 3246
0 3247
55 3248
64 3248
54 3248
0 3249
0 3251
64 3252
54 3252
55 3252
0 3253
61 3254
59 3254
0 3255
52 3256
64 3256
55 3256
66 3257
58 3257
0 3259
56 3260
69 3260
0 3262
59 3264
61 3264
57 3265
60 3265
0 3267
0 3269
67 3271
53 3271
59 3271
53 3272
59 3272
67 3272
0 3273
69 3275
0 3277
0 3279
0 3281
64 3282
69 3282
0 3283
61 3284
59 3284
68 3284
0 3285
0 3289
0 3292
59 3294
61 3294
0 3297
0 3299
51 3300
55 3300
67 3301
53 3301
53 3302
67 3302
0 3303
58 3304
32 3304
31 3304
33 3304
51 3304
55 3304
30 3304
34 3304
28 3304
29 3304
35 3304
36 3304
27 3304
37 3304
59 3304
61 3304
26 3304
38 3304
39 3304
60 3304
66 3304
40 3304
41 3304
42 3304
53 3304
43 3304
67 3304
44 3304
45 3304
46 3304
47 3304
48 3304
49 3304
50 3304
60 3306
66 3306
0 3307
55 3308
51 3308
58 3308
32 3308
31 3308
33 3308
30 3308
34 3308
28 3308
29 3308
35 3308
36 3308
27 3308
37 3308
59 3308
61 3308
26 3308
38 3308
60 3308
39 3308
66 3308
40 3308
41 3308
42 3308
53 3308
43 3308
67 3308
44 3308
45 3308
46 3308
47 3308
48 3308
49 3308
50 3308
0 3309
0 3311
0 3313
61 3314
59 3314
0 3315
52 3316
51 3316
0 3319
0 3322
59 3324
61 3324
65 3326
60 3326
0 3327
54 3328
70 3328
0 3329
51 3330
69 3330
67 3331
53 3331
53 3332
67 3332
0 3333
58 3334
30 3334
31 3334
28 3334
29 3334
32 3334
51 3334
69 3334
27 3334
33 3334
54 3334
70 3334
26 3334
34 3334
35 3334
36 3334
59 3334
61 3334
37 3334
60 3334
65 3334
38 3334
39 3334
40 3334
41 3334
42 3334
43 3334
53 3334
44 3334
67 3334
45 3334
46 3334
47 3334
48 3334
49 3334
50 3334
69 3335
51 3335
60 3336
65 3336
37 3336
35 3336
36 3336
38 3336
61 3336
34 3336
59 3336
39 3336
33 3336
54 3336
40 3336
32 3336
52 3336
70 3336
41 3336
42 3336
31 3336
58 3336
43 3336
53 3336
51 3336
30 3336
69 3336
44 3336
67 3336
28 3336
29 3336
45 3336
27 3336
46 3336
26 3336
47 3336
48 3336
49 3336
50 3336
0 3337
0 3339
0 3341
0 3343
61 3344
54 3344
59 3344
0 3345
52 3346
70 3346
66 3347
62 3347
70 3348
52 3348
61 3348
54 3348
59 3348
0 3349
0 3352
68 3353
42 3353
40 3353
41 3353
43 3353
62 3353
66 3353
39 3353
44 3353
53 3353
38 3353
45 3353
67 3353
37 3353
46 3353
35 3353
36 3353
47 3353
48 3353
59 3353
34 3353
49 3353
33 3353
52 3353
61 3353
50 3353
32 3353
31 3353
69 3353
70 3353
30 3353
28 3353
29 3353
58 3353
27 3353
26 3353
59 3354
0 3357
0 3359
67 3361
53 3361
53 3362
67 3362
0 3363
58 3364
28 3364
29 3364
27 3364
30 3364
26 3364
31 3364
32 3364
33 3364
59 3364
61 3364
34 3364
35 3364
36 3364
55 3364
37 3364
57 3364
38 3364
39 3364
65 3364
40 3364
41 3364
42 3364
43 3364
44 3364
45 3364
53 3364
67 3364
46 3364
47 3364
48 3364
49 3364
50 3364
0 3367
55 3368
57 3368
0 3369
0 3371
0 3373
61 3374
0 3375
52 3376
57 3376
66 3377
43 3377
41 3377
42 3377
44 3377
62 3377
65 3377
40 3377
45 3377
39 3377
46 3377
53 3377
67 3377
38 3377
47 3377
48 3377
37 3377
49 3377
35 3377
36 3377
50 3377
57 3377
60 3377
34 3377
52 3377
33 3377
32 3377
59 3377
31 3377
30 3377
28 3377
29 3377
27 3377
58 3377
26 3377
0 3379
63 3381
67 3381
53 3381
0 3382
68 3383
44 3383
43 3383
45 3383
66 3383
41 3383
42 3383
46 3383
53 3383
62 3383
40 3383
65 3383
47 3383
48 3383
39 3383
49 3383
38 3383
50 3383
37 3383
35 3383
36 3383
60 3383
34 3383
33 3383
57 3383
69 3383
32 3383
59 3383
31 3383
61 3383
30 3383
28 3383
29 3383
27 3383
58 3383
26 3383
59 3384
61 3384
57 3385
65 3386
40 3386
39 3386
41 3386
42 3386
38 3386
43 3386
37 3386
44 3386
66 3386
68 3386
35 3386
36 3386
45 3386
60 3386
34 3386
46 3386
33 3386
57 3386
69 3386
47 3386
48 3386
53 3386
67 3386
32 3386
59 3386
49 3386
31 3386
61 3386
50 3386
30 3386
28 3386
29 3386
58 3386
27 3386
26 3386
0 3387
0 3389
67 3391
53 3391
53 3392
67 3392
0 3393
58 3394
26 3394
27 3394
28 3394
29 3394
30 3394
31 3394
59 3394
61 3394
32 3394
33 3394
60 3394
34 3394
57 3394
69 3394
35 3394
36 3394
37 3394
38 3394
39 3394
40 3394
41 3394
42 3394
65 3394
43 3394
44 3394
66 3394
68 3394
45 3394
46 3394
47 3394
48 3394
53 3394
67 3394
49 3394
50 3394
69 3395
57 3395
60 3396
33 3396
32 3396
34 3396
57 3396
69 3396
31 3396
59 3396
35 3396
36 3396
30 3396
61 3396
37 3396
28 3396
29 3396
38 3396
58 3396
27 3396
39 3396
26 3396
40 3396
41 3396
42 3396
65 3396
43 3396
44 3396
66 3396
68 3396
45 3396
46 3396
47 3396
48 3396
53 3396
67 3396
49 3396
50 3396
0 3397
0 3399
0 3401
0 3403
0 3405
66 3407
45 3407
44 3407
46 3407
68 3407
43 3407
47 3407
48 3407
41 3407
42 3407
65 3407
49 3407
53 3407
67 3407
40 3407
50 3407
39 3407
38 3407
37 3407
35 3407
36 3407
34 3407
33 3407
32 3407
60 3407
31 3407
30 3407
59 3407
61 3407
28 3407
29 3407
27 3407
26 3407
58 3407
0 3409
0 3412
68 3413
46 3413
45 3413
47 3413
48 3413
66 3413
44 3413
49 3413
53 3413
67 3413
43 3413
65 3413
50 3413
41 3413
42 3413
40 3413
39 3413
38 3413
37 3413
35 3413
36 3413
34 3413
33 3413
32 3413
60 3413
31 3413
30 3413
59 3413
28 3413
29 3413
61 3413
27 3413
26 3413
58 3413
59 3414
61 3414
65 3416
42 3416
40 3416
41 3416
43 3416
39 3416
44 3416
38 3416
45 3416
66 3416
37 3416
68 3416
46 3416
35 3416
36 3416
47 3416
48 3416
34 3416
49 3416
53 3416
67 3416
33 3416
50 3416
32 3416
60 3416
31 3416
30 3416
59 3416
28 3416
29 3416
61 3416
27 3416
26 3416
58 3416
0 3417
0 3419
67 3421
53 3421
53 3422
67 3422
0 3423
58 3424
25 3424
23 3424
24 3424
21 3424
22 3424
20 3424
18 3424
19 3424
17 3424
64 3424
15 3424
16 3424
14 3424
13 3424
11 3424
12 3424
10 3424
8 3424
9 3424
7 3424
5 3424
6 3424
3 3424
4 3424
1 3424
2 3424
60 3426
31 3426
30 3426
32 3426
28 3426
29 3426
59 3426
61 3426
33 3426
27 3426
34 3426
26 3426
35 3426
36 3426
58 3426
37 3426
25 3426
38 3426
23 3426
24 3426
39 3426
21 3426
22 3426
40 3426
20 3426
41 3426
42 3426
18 3426
19 3426
43 3426
65 3426
17 3426
64 3426
44 3426
15 3426
16 3426
45 3426
14 3426
46 3426
66 3426
68 3426
13 3426
48 3426
47 3426
11 3426
12 3426
53 3426
67 3426
49 3426
10 3426
50 3426
8 3426
9 3426
7 3426
5 3426
6 3426
3 3426
4 3426
1 3426
2 3426
0 3427
0 3429
0 3431
64 3432
17 3432
18 3432
15 3432
16 3432
56 3432
19 3432
20 3432
14 3432
21 3432
22 3432
13 3432
23 3432
11 3432
12 3432
24 3432
25 3432
10 3432
58 3432
8 3432
9 3432
7 3432
5 3432
6 3432
3 3432
4 3432
1 3432
2 3432
0 3433
61 3434
59 3434
28 3434
27 3434
29 3434
30 3434
26 3434
31 3434
60 3434
32 3434
33 3434
34 3434
35 3434
36 3434
37 3434
62 3434
69 3434
38 3434
39 3434
40 3434
41 3434
42 3434
43 3434
65 3434
44 3434
45 3434
46 3434
47 3434
48 3434
66 3434
68 3434
49 3434
50 3434
53 3434
67 3434
0 3435
66 3437
47 3437
46 3437
48 3437
49 3437
68 3437
45 3437
50 3437
53 3437
67 3437
44 3437
65 3437
43 3437
41 3437
42 3437
40 3437
39 3437
38 3437
37 3437
35 3437
36 3437
34 3437
33 3437
32 3437
31 3437
60 3437
30 3437
28 3437
29 3437
27 3437
59 3437
61 3437
26 3437
0 3439
56 3440
16 3440
14 3440
15 3440
17 3440
64 3440
13 3440
18 3440
19 3440
11 3440
12 3440
20 3440
10 3440
21 3440
22 3440
8 3440
9 3440
23 3440
7 3440
24 3440
25 3440
58 3440
5 3440
6 3440
3 3440
4 3440
1 3440
2 3440
0 3442
68 3443
48 3443
46 3443
47 3443
49 3443
66 3443
45 3443
50 3443
53 3443
67 3443
44 3443
65 3443
43 3443
41 3443
42 3443
40 3443
39 3443
38 3443
37 3443
35 3443
36 3443
34 3443
33 3443
32 3443
31 3443
30 3443
60 3443
28 3443
29 3443
61 3443
27 3443
59 3443
26 3443
59 3444
61 3444
65 3446
44 3446
43 3446
45 3446
41 3446
42 3446
46 3446
40 3446
47 3446
48 3446
66 3446
68 3446
39 3446
49 3446
38 3446
50 3446
53 3446
67 3446
37 3446
35 3446
36 3446
34 3446
33 3446
32 3446
31 3446
30 3446
60 3446
28 3446
29 3446
61 3446
27 3446
59 3446
26 3446
0 3447
0 3449
67 3451
53 3451
53 3452
67 3452
0 3453
58 3454
24 3454
23 3454
25 3454
21 3454
22 3454
20 3454
18 3454
19 3454
64 3454
17 3454
15 3454
16 3454
14 3454
56 3454
13 3454
11 3454
12 3454
10 3454
8 3454
9 3454
7 3454
5 3454
6 3454
3 3454
4 3454
1 3454
2 3454
60 3456
29 3456
27 3456
28 3456
30 3456
26 3456
59 3456
61 3456
31 3456
32 3456
33 3456
34 3456
35 3456
36 3456
37 3456
38 3456
39 3456
40 3456
41 3456
42 3456
43 3456
44 3456
65 3456
45 3456
46 3456
47 3456
48 3456
49 3456
66 3456
67 3456
68 3456
50 3456
53 3456
0 3457
55 3458
63 3458
0 3459
0 3461
64 3462
15 3462
16 3462
14 3462
17 3462
56 3462
13 3462
18 3462
19 3462
11 3462
12 3462
20 3462
10 3462
21 3462
22 3462
8 3462
9 3462
23 3462
58 3462
7 3462
24 3462
25 3462
5 3462
6 3462
3 3462
4 3462
1 3462
2 3462
0 3463
61 3464
0 3465
52 3466
40 3466
39 3466
41 3466
42 3466
38 3466
43 3466
63 3466
37 3466
44 3466
55 3466
35 3466
36 3466
45 3466
65 3466
62 3466
34 3466
46 3466
33 3466
47 3466
48 3466
32 3466
49 3466
53 3466
66 3466
67 3466
68 3466
31 3466
50 3466
30 3466
28 3466
29 3466
60 3466
27 3466
26 3466
59 3466
61 3466
66 3467
49 3467
47 3467
48 3467
50 3467
53 3467
67 3467
68 3467
65 3467
46 3467
45 3467
44 3467
43 3467
41 3467
42 3467
40 3467
52 3467
63 3467
39 3467
55 3467
38 3467
37 3467
35 3467
36 3467
62 3467
34 3467
33 3467
32 3467
31 3467
30 3467
28 3467
29 3467
60 3467
27 3467
26 3467
59 3467
61 3467
0 3469
56 3470
14 3470
13 3470
15 3470
16 3470
64 3470
11 3470
12 3470
17 3470
10 3470
18 3470
19 3470
8 3470
9 3470
20 3470
7 3470
21 3470
22 3470
5 3470
6 3470
23 3470
51 3470
58 3470
3 3470
4 3470
24 3470
25 3470
1 3470
2 3470
0 3472
68 3473
50 3473
49 3473
66 3473
47 3473
48 3473
67 3473
65 3473
46 3473
53 3473
45 3473
44 3473
43 3473
41 3473
42 3473
40 3473
52 3473
39 3473
38 3473
37 3473
35 3473
36 3473
62 3473
34 3473
33 3473
32 3473
31 3473
30 3473
28 3473
29 3473
27 3473
60 3473
26 3473
59 3473
61 3473
59 3474
26 3474
61 3474
27 3474
28 3474
29 3474
60 3474
30 3474
31 3474
32 3474
33 3474
62 3474
34 3474
35 3474
36 3474
37 3474
38 3474
39 3474
40 3474
41 3474
42 3474
52 3474
43 3474
44 3474
45 3474
46 3474
65 3474
47 3474
48 3474
49 3474
53 3474
66 3474
67 3474
68 3474
50 3474
65 3476
46 3476
45 3476
47 3476
48 3476
44 3476
49 3476
53 3476
66 3476
67 3476
68 3476
43 3476
50 3476
41 3476
42 3476
40 3476
52 3476
39 3476
38 3476
37 3476
35 3476
36 3476
62 3476
34 3476
33 3476
32 3476
31 3476
30 3476
28 3476
29 3476
27 3476
60 3476
26 3476
59 3476
61 3476
0 3477
0 3479
67 3481
53 3481
53 3482
67 3482
0 3483
58 3484
22 3484
20 3484
21 3484
23 3484
51 3484
18 3484
19 3484
24 3484
25 3484
17 3484
59 3484
61 3484
15 3484
16 3484
14 3484
64 3484
13 3484
56 3484
11 3484
12 3484
10 3484
8 3484
9 3484
7 3484
5 3484
6 3484
3 3484
4 3484
1 3484
2 3484
69 3485
63 3485
60 3486
27 3486
26 3486
28 3486
29 3486
59 3486
61 3486
30 3486
31 3486
32 3486
33 3486
62 3486
34 3486
35 3486
36 3486
37 3486
38 3486
39 3486
69 3486
40 3486
63 3486
41 3486
42 3486
52 3486
43 3486
44 3486
45 3486
46 3486
65 3486
48 3486
67 3486
47 3486
66 3486
68 3486
49 3486
53 3486
50 3486
0 3487
0 3489
62 3490
33 3490
32 3490
34 3490
31 3490
35 3490
36 3490
30 3490
37 3490
28 3490
29 3490
38 3490
60 3490
27 3490
39 3490
26 3490
40 3490
63 3490
69 3490
59 3490
61 3490
41 3490
42 3490
52 3490
43 3490
44 3490
45 3490
46 3490
47 3490
48 3490
53 3490
65 3490
67 3490
49 3490
66 3490
68 3490
50 3490
0 3491
64 3492
13 3492
14 3492
11 3492
12 3492
15 3492
16 3492
56 3492
10 3492
17 3492
8 3492
9 3492
18 3492
19 3492
7 3492
20 3492
5 3492
6 3492
21 3492
22 3492
58 3492
3 3492
4 3492
23 3492
1 3492
2 3492
24 3492
25 3492
59 3492
61 3492
0 3493
61 3494
59 3494
25 3494
23 3494
24 3494
21 3494
22 3494
58 3494
20 3494
18 3494
19 3494
17 3494
15 3494
16 3494
64 3494
14 3494
13 3494
11 3494
12 3494
56 3494
10 3494
8 3494
9 3494
7 3494
5 3494
6 3494
3 3494
4 3494
1 3494
2 3494
0 3495
52 3496
42 3496
40 3496
41 3496
43 3496
39 3496
44 3496
38 3496
45 3496
37 3496
46 3496
67 3496
35 3496
36 3496
47 3496
48 3496
65 3496
53 3496
34 3496
49 3496
66 3496
68 3496
33 3496
62 3496
50 3496
32 3496
31 3496
30 3496
28 3496
29 3496
60 3496
27 3496
26 3496
59 3496
25 3496
61 3496
23 3496
24 3496
21 3496
22 3496
20 3496
51 3496
58 3496
18 3496
19 3496
17 3496
15 3496
16 3496
64 3496
14 3496
13 3496
11 3496
12 3496
56 3496
10 3496
8 3496
9 3496
7 3496
5 3496
6 3496
3 3496
4 3496
1 3496
2 3496
66 3497
49 3497
47 3497
48 3497
50 3497
65 3497
68 3497
53 3497
67 3497
46 3497
45 3497
44 3497
43 3497
52 3497
41 3497
42 3497
40 3497
39 3497
38 3497
37 3497
35 3497
36 3497
34 3497
33 3497
62 3497
32 3497
31 3497
30 3497
28 3497
29 3497
60 3497
27 3497
26 3497
59 3497
25 3497
61 3497
23 3497
24 3497
21 3497
22 3497
20 3497
51 3497
58 3497
18 3497
19 3497
17 3497
15 3497
16 3497
64 3497
14 3497
13 3497
11 3497
12 3497
56 3497
10 3497
8 3497
9 3497
7 3497
5 3497
6 3497
3 3497
4 3497
1 3497
2 3497
0 3499
56 3500
12 3500
11 3500
13 3500
64 3500
10 3500
14 3500
8 3500
9 3500
15 3500
16 3500
7 3500
17 3500
5 3500
6 3500
18 3500
19 3500
3 3500
4 3500
20 3500
51 3500
58 3500
1 3500
2 3500
22 3500
21 3500
23 3500
24 3500
25 3500
59 3500
61 3500
0 3502
68 3503
48 3503
49 3503
46 3503
47 3503
50 3503
65 3503
66 3503
45 3503
53 3503
67 3503
44 3503
54 3503
43 3503
52 3503
41 3503
42 3503
40 3503
39 3503
38 3503
37 3503
35 3503
36 3503
34 3503
33 3503
32 3503
62 3503
31 3503
30 3503
28 3503
29 3503
27 3503
26 3503
60 3503
59 3504
25 3504
61 3504
23 3504
24 3504
21 3504
22 3504
51 3504
20 3504
58 3504
18 3504
19 3504
17 3504
15 3504
16 3504
14 3504
13 3504
64 3504
11 3504
12 3504
56 3504
10 3504
8 3504
9 3504
7 3504
5 3504
6 3504
3 3504
4 3504
1 3504
2 3504
65 3506
48 3506
66 3506
46 3506
47 3506
68 3506
49 3506
45 3506
53 3506
67 3506
50 3506
44 3506
54 3506
43 3506
52 3506
41 3506
42 3506
40 3506
39 3506
38 3506
37 3506
35 3506
36 3506
34 3506
33 3506
32 3506
62 3506
31 3506
30 3506
28 3506
29 3506
27 3506
26 3506
60 3506
0 3507
0 3509
67 3511
53 3511
53 3512
67 3512
0 3513
58 3514
20 3514
18 3514
19 3514
21 3514
22 3514
51 3514
17 3514
23 3514
15 3514
16 3514
24 3514
25 3514
59 3514
61 3514
14 3514
60 3514
13 3514
64 3514
26 3514
11 3514
12 3514
27 3514
10 3514
56 3514
28 3514
29 3514
8 3514
9 3514
30 3514
7 3514
31 3514
62 3514
5 3514
6 3514
32 3514
3 3514
4 3514
33 3514
1 3514
2 3514
34 3514
35 3514
36 3514
37 3514
38 3514
39 3514
40 3514
41 3514
42 3514
43 3514
52 3514
44 3514
45 3514
67 3514
46 3514
53 3514
47 3514
48 3514
49 3514
65 3514
66 3514
68 3514
50 3514
60 3516
26 3516
27 3516
28 3516
29 3516
30 3516
31 3516
62 3516
32 3516
33 3516
34 3516
35 3516
36 3516
37 3516
38 3516
39 3516
40 3516
41 3516
42 3516
43 3516
52 3516
44 3516
45 3516
67 3516
46 3516
53 3516
47 3516
48 3516
66 3516
49 3516
68 3516
65 3516
50 3516
0 3517
55 3518
67 3518
0 3519
62 3520
31 3520
30 3520
32 3520
28 3520
29 3520
33 3520
27 3520
34 3520
26 3520
35 3520
36 3520
60 3520
37 3520
38 3520
39 3520
40 3520
41 3520
42 3520
69 3520
43 3520
52 3520
44 3520
45 3520
54 3520
67 3520
46 3520
53 3520
55 3520
47 3520
48 3520
66 3520
68 3520
49 3520
65 3520
50 3520
0 3521
64 3522
11 3522
12 3522
10 3522
13 3522
56 3522
8 3522
9 3522
14 3522
7 3522
15 3522
16 3522
5 3522
6 3522
17 3522
3 3522
4 3522
18 3522
19 3522
51 3522
1 3522
2 3522
20 3522
58 3522
21 3522
22 3522
23 3522
59 3522
61 3522
25 3522
24 3522
60 3522
0 3523
61 3524
0 3525
52 3526
44 3526
67 3526
43 3526
45 3526
69 3526
41 3526
46 3526
42 3526
47 3526
48 3526
66 3526
68 3526
40 3526
49 3526
65 3526
39 3526
50 3526
38 3526
37 3526
35 3526
36 3526
34 3526
33 3526
32 3526
31 3526
62 3526
30 3526
28 3526
29 3526
27 3526
26 3526
60 3526
25 3526
23 3526
24 3526
59 3526
21 3526
22 3526
61 3526
58 3526
20 3526
18 3526
19 3526
51 3526
17 3526
15 3526
16 3526
14 3526
13 3526
11 3526
12 3526
64 3526
10 3526
56 3526
8 3526
9 3526
7 3526
5 3526
6 3526
3 3526
4 3526
1 3526
2 3526
66 3527
47 3527
46 3527
48 3527
49 3527
68 3527
45 3527
52 3527
50 3527
65 3527
53 3527
44 3527
67 3527
43 3527
69 3527
41 3527
42 3527
40 3527
39 3527
38 3527
37 3527
35 3527
36 3527
34 3527
33 3527
32 3527
31 3527
62 3527
30 3527
28 3527
29 3527
27 3527
26 3527
60 3527
25 3527
23 3527
24 3527
59 3527
21 3527
22 3527
61 3527
58 3527
20 3527
18 3527
19 3527
51 3527
17 3527
15 3527
16 3527
14 3527
13 3527
11 3527
12 3527
64 3527
10 3527
56 3527
8 3527
9 3527
7 3527
5 3527
6 3527
3 3527
4 3527
1 3527
2 3527
0 3529
56 3530
10 3530
8 3530
9 3530
11 3530
64 3530
7 3530
13 3530
12 3530
5 3530
6 3530
14 3530
3 3530
4 3530
15 3530
16 3530
1 3530
2 3530
17 3530
18 3530
19 3530
51 3530
58 3530
20 3530
21 3530
22 3530
23 3530
59 3530
61 3530
24 3530
25 3530
60 3530
0 3532
68 3533
47 3533
54 3533
48 3533
49 3533
66 3533
46 3533
50 3533
65 3533
45 3533
52 3533
44 3533
67 3533
43 3533
69 3533
53 3533
41 3533
42 3533
40 3533
39 3533
38 3533
37 3533
35 3533
36 3533
34 3533
33 3533
32 3533
31 3533
30 3533
62 3533
28 3533
29 3533
27 3533
26 3533
60 3533
25 3533
23 3533
24 3533
21 3533
22 3533
59 3533
61 3533
20 3533
18 3533
19 3533
58 3533
17 3533
51 3533
15 3533
16 3533
14 3533
13 3533
11 3533
12 3533
10 3533
56 3533
64 3533
8 3533
9 3533
7 3533
5 3533
6 3533
3 3533
4 3533
1 3533
2 3533
59 3534
23 3534
61 3534
21 3534
22 3534
24 3534
25 3534
20 3534
60 3534
18 3534
19 3534
58 3534
17 3534
51 3534
15 3534
16 3534
14 3534
13 3534
11 3534
12 3534
10 3534
56 3534
64 3534
8 3534
9 3534
7 3534
5 3534
6 3534
3 3534
4 3534
1 3534
2 3534
65 3536
50 3536
49 3536
47 3536
48 3536
54 3536
46 3536
66 3536
68 3536
45 3536
52 3536
44 3536
67 3536
43 3536
69 3536
53 3536
41 3536
42 3536
40 3536
39 3536
38 3536
37 3536
35 3536
36 3536
34 3536
33 3536
32 3536
31 3536
30 3536
62 3536
28 3536
29 3536
27 3536
26 3536
0 3537
54 3538
46 3538
68 3538
45 3538
47 3538
48 3538
52 3538
66 3538
44 3538
67 3538
49 3538
65 3538
43 3538
50 3538
41 3538
42 3538
40 3538
39 3538
38 3538
37 3538
35 3538
36 3538
34 3538
33 3538
32 3538
31 3538
30 3538
62 3538
28 3538
29 3538
27 3538
26 3538
0 3539
51 3540
18 3540
17 3540
19 3540
20 3540
58 3540
15 3540
16 3540
21 3540
22 3540
14 3540
23 3540
59 3540
61 3540
13 3540
24 3540
25 3540
60 3540
11 3540
12 3540
10 3540
56 3540
64 3540
8 3540
9 3540
7 3540
5 3540
6 3540
3 3540
4 3540
1 3540
2 3540
67 3541
69 3541
43 3541
41 3541
42 3541
44 3541
40 3541
45 3541
52 3541
39 3541
46 3541
54 3541
66 3541
68 3541
38 3541
48 3541
47 3541
37 3541
65 3541
49 3541
35 3541
36 3541
50 3541
34 3541
33 3541
32 3541
31 3541
30 3541
62 3541
28 3541
29 3541
27 3541
26 3541
53 3542
67 3542
69 3542
43 3542
41 3542
42 3542
44 3542
40 3542
45 3542
52 3542
39 3542
46 3542
54 3542
66 3542
68 3542
38 3542
48 3542
47 3542
37 3542
65 3542
49 3542
35 3542
36 3542
50 3542
34 3542
33 3542
32 3542
31 3542
30 3542
62 3542
28 3542
29 3542
27 3542
26 3542
0 3543
58 3544
18 3544
17 3544
19 3544
20 3544
51 3544
15 3544
16 3544
21 3544
22 3544
14 3544
23 3544
59 3544
61 3544
13 3544
24 3544
25 3544
60 3544
11 3544
12 3544
10 3544
64 3544
8 3544
9 3544
56 3544
7 3544
5 3544
6 3544
3 3544
4 3544
1 3544
2 3544
69 3545
43 3545
67 3545
41 3545
42 3545
44 3545
53 3545
40 3545
45 3545
52 3545
39 3545
46 3545
54 3545
66 3545
68 3545
38 3545
47 3545
48 3545
37 3545
49 3545
65 3545
35 3545
36 3545
50 3545
34 3545
33 3545
32 3545
31 3545
30 3545
62 3545
28 3545
29 3545
27 3545
26 3545
60 3546
24 3546
25 3546
59 3546
23 3546
21 3546
22 3546
61 3546
20 3546
18 3546
19 3546
17 3546
51 3546
58 3546
15 3546
16 3546
14 3546
13 3546
11 3546
12 3546
10 3546
64 3546
8 3546
9 3546
56 3546
7 3546
5 3546
6 3546
3 3546
4 3546
1 3546
2 3546
0 3547
0 3549
62 3550
29 3550
27 3550
28 3550
30 3550
26 3550
31 3550
32 3550
33 3550
34 3550
35 3550
36 3550
37 3550
38 3550
39 3550
40 3550
41 3550
42 3550
43 3550
67 3550
69 3550
53 3550
44 3550
45 3550
52 3550
66 3550
68 3550
46 3550
47 3550
48 3550
54 3550
49 3550
65 3550
50 3550
0 3551
64 3552
10 3552
8 3552
9 3552
11 3552
56 3552
7 3552
12 3552
13 3552
5 3552
6 3552
14 3552
3 3552
4 3552
15 3552
16 3552
1 3552
2 3552
17 3552
51 3552
58 3552
19 3552
18 3552
20 3552
21 3552
22 3552
61 3552
23 3552
59 3552
24 3552
25 3552
60 3552
0 3553
61 3554
59 3554
0 3555
52 3556
46 3556
45 3556
47 3556
48 3556
66 3556
68 3556
44 3556
69 3556
49 3556
65 3556
43 3556
67 3556
50 3556
41 3556
42 3556
53 3556
40 3556
39 3556
38 3556
37 3556
35 3556
36 3556
34 3556
33 3556
32 3556
31 3556
30 3556
28 3556
29 3556
62 3556
27 3556
26 3556
66 3557
45 3557
46 3557
44 3557
69 3557
47 3557
48 3557
52 3557
68 3557
43 3557
67 3557
49 3557
65 3557
41 3557
42 3557
53 3557
50 3557
40 3557
39 3557
38 3557
37 3557
35 3557
36 3557
34 3557
33 3557
32 3557
31 3557
30 3557
28 3557
29 3557
62 3557
27 3557
26 3557
0 3559
56 3560
8 3560
7 3560
9 3560
10 3560
64 3560
5 3560
6 3560
11 3560
3 3560
4 3560
12 3560
13 3560
1 3560
2 3560
14 3560
15 3560
16 3560
17 3560
51 3560
58 3560
18 3560
19 3560
20 3560
21 3560
22 3560
59 3560
61 3560
23 3560
60 3560
25 3560
24 3560
0 3562
68 3563
45 3563
44 3563
46 3563
52 3563
66 3563
69 3563
43 3563
48 3563
47 3563
41 3563
42 3563
67 3563
49 3563
54 3563
65 3563
40 3563
50 3563
39 3563
38 3563
37 3563
35 3563
36 3563
34 3563
33 3563
32 3563
31 3563
30 3563
28 3563
29 3563
27 3563
62 3563
26 3563
59 3564
21 3564
61 3564
20 3564
22 3564
23 3564
18 3564
19 3564
24 3564
25 3564
60 3564
58 3564
17 3564
15 3564
16 3564
51 3564
14 3564
13 3564
11 3564
12 3564
10 3564
64 3564
8 3564
9 3564
7 3564
56 3564
5 3564
6 3564
3 3564
4 3564
1 3564
2 3564
65 3566
48 3566
46 3566
47 3566
49 3566
52 3566
54 3566
45 3566
66 3566
68 3566
69 3566
50 3566
44 3566
43 3566
41 3566
42 3566
67 3566
40 3566
39 3566
38 3566
37 3566
35 3566
36 3566
34 3566
33 3566
32 3566
31 3566
30 3566
28 3566
29 3566
27 3566
62 3566
26 3566
0 3567
54 3568
48 3568
46 3568
47 3568
49 3568
52 3568
65 3568
45 3568
66 3568
68 3568
69 3568
50 3568
44 3568
43 3568
41 3568
42 3568
67 3568
40 3568
39 3568
38 3568
37 3568
35 3568
36 3568
34 3568
33 3568
32 3568
31 3568
30 3568
28 3568
29 3568
27 3568
62 3568
26 3568
0 3569
51 3570
16 3570
14 3570
15 3570
17 3570
58 3570
13 3570
18 3570
19 3570
11 3570
12 3570
20 3570
59 3570
61 3570
10 3570
22 3570
21 3570
8 3570
9 3570
64 3570
23 3570
60 3570
7 3570
56 3570
24 3570
25 3570
5 3570
6 3570
3 3570
4 3570
1 3570
2 3570
0 3573
58 3574
16 3574
17 3574
51 3574
14 3574
18 3574
19 3574
15 3574
13 3574
20 3574
59 3574
61 3574
11 3574
12 3574
21 3574
22 3574
10 3574
23 3574
60 3574
8 3574
9 3574
64 3574
24 3574
25 3574
7 3574
56 3574
5 3574
6 3574
3 3574
4 3574
1 3574
2 3574
69 3575
45 3575
44 3575
46 3575
66 3575
68 3575
43 3575
47 3575
48 3575
52 3575
65 3575
41 3575
42 3575
49 3575
54 3575
40 3575
50 3575
39 3575
38 3575
37 3575
35 3575
36 3575
34 3575
33 3575
32 3575
31 3575
30 3575
28 3575
29 3575
27 3575
62 3575
26 3575
60 3576
22 3576
23 3576
20 3576
59 3576
61 3576
21 3576
24 3576
25 3576
18 3576
19 3576
58 3576
17 3576
15 3576
16 3576
51 3576
14 3576
13 3576
11 3576
12 3576
10 3576
8 3576
9 3576
64 3576
7 3576
56 3576
5 3576
6 3576
3 3576
4 3576
1 3576
2 3576
0 3577
0 3579
62 3580
27 3580
26 3580
28 3580
29 3580
30 3580
31 3580
32 3580
33 3580
34 3580
35 3580
36 3580
37 3580
38 3580
39 3580
40 3580
41 3580
42 3580
67 3580
43 3580
66 3580
68 3580
44 3580
45 3580
69 3580
46 3580
47 3580
48 3580
52 3580
65 3580
49 3580
54 3580
50 3580
0 3581
64 3582
8 3582
7 3582
9 3582
10 3582
56 3582
5 3582
11 3582
6 3582
3 3582
4 3582
12 3582
13 3582
1 3582
2 3582
14 3582
15 3582
16 3582
51 3582
58 3582
17 3582
18 3582
19 3582
70 3582
20 3582
59 3582
61 3582
21 3582
22 3582
23 3582
60 3582
24 3582
25 3582
0 3583
61 3584
59 3584
20 3584
18 3584
19 3584
21 3584
22 3584
60 3584
17 3584
70 3584
23 3584
15 3584
16 3584
58 3584
24 3584
25 3584
14 3584
51 3584
13 3584
11 3584
12 3584
10 3584
8 3584
9 3584
7 3584
56 3584
64 3584
5 3584
6 3584
3 3584
4 3584
1 3584
2 3584
0 3585
52 3586
48 3586
46 3586
47 3586
49 3586
54 3586
65 3586
45 3586
50 3586
69 3586
44 3586
66 3586
68 3586
43 3586
41 3586
42 3586
40 3586
39 3586
38 3586
37 3586
35 3586
36 3586
34 3586
33 3586
32 3586
31 3586
30 3586
28 3586
29 3586
62 3586
27 3586
26 3586
66 3587
43 3587
44 3587
41 3587
42 3587
45 3587
68 3587
40 3587
46 3587
65 3587
69 3587
39 3587
48 3587
47 3587
38 3587
54 3587
49 3587
52 3587
37 3587
50 3587
35 3587
36 3587
34 3587
33 3587
32 3587
31 3587
30 3587
28 3587
29 3587
62 3587
27 3587
26 3587
70 3588
18 3588
17 3588
19 3588
20 3588
59 3588
61 3588
15 3588
16 3588
58 3588
21 3588
22 3588
60 3588
14 3588
51 3588
23 3588
13 3588
24 3588
25 3588
11 3588
12 3588
10 3588
8 3588
9 3588
7 3588
56 3588
64 3588
5 3588
6 3588
3 3588
4 3588
1 3588
2 3588
0 3589
56 3590
6 3590
5 3590
7 3590
64 3590
3 3590
4 3590
8 3590
1 3590
2 3590
9 3590
10 3590
11 3590
12 3590
13 3590
14 3590
51 3590
16 3590
15 3590
58 3590
17 3590
18 3590
19 3590
20 3590
59 3590
61 3590
21 3590
22 3590
60 3590
23 3590
57 3590
24 3590
25 3590
0 3592
68 3593
43 3593
41 3593
42 3593
44 3593
66 3593
67 3593
40 3593
45 3593
39 3593
46 3593
65 3593
69 3593
38 3593
48 3593
47 3593
37 3593
49 3593
52 3593
35 3593
36 3593
50 3593
54 3593
34 3593
33 3593
32 3593
31 3593
30 3593
28 3593
29 3593
27 3593
26 3593
62 3593
59 3594
19 3594
61 3594
17 3594
18 3594
20 3594
15 3594
16 3594
70 3594
21 3594
22 3594
60 3594
51 3594
14 3594
58 3594
23 3594
13 3594
24 3594
25 3594
11 3594
12 3594
10 3594
8 3594
9 3594
7 3594
64 3594
5 3594
6 3594
56 3594
3 3594
4 3594
1 3594
2 3594
65 3596
46 3596
47 3596
69 3596
45 3596
48 3596
49 3596
52 3596
44 3596
50 3596
54 3596
43 3596
66 3596
68 3596
41 3596
42 3596
67 3596
40 3596
39 3596
38 3596
37 3596
35 3596
36 3596
34 3596
33 3596
32 3596
31 3596
30 3596
28 3596
29 3596
27 3596
26 3596
62 3596
0 3597
54 3598
50 3598
49 3598
52 3598
47 3598
48 3598
46 3598
65 3598
69 3598
45 3598
44 3598
43 3598
66 3598
68 3598
41 3598
42 3598
67 3598
40 3598
39 3598
38 3598
37 3598
35 3598
36 3598
34 3598
33 3598
32 3598
31 3598
30 3598
28 3598
29 3598
27 3598
26 3598
62 3598
0 3599
51 3600
14 3600
58 3600
13 3600
16 3600
15 3600
11 3600
12 3600
70 3600
17 3600
10 3600
18 3600
19 3600
61 3600
8 3600
9 3600
20 3600
59 3600
7 3600
64 3600
21 3600
22 3600
57 3600
60 3600
5 3600
56 3600
6 3600
23 3600
3 3600
4 3600
24 3600
25 3600
1 3600
2 3600
62 3600
26 3600
27 3600
28 3600
29 3600
30 3600
31 3600
32 3600
33 3600
34 3600
35 3600
36 3600
37 3600
38 3600
39 3600
67 3600
40 3600
41 3600
42 3600
43 3600
66 3600
68 3600
44 3600
45 3600
46 3600
65 3600
69 3600
48 3600
47 3600
54 3600
49 3600
52 3600
50 3600
67 3601
40 3601
39 3601
41 3601
42 3601
38 3601
43 3601
66 3601
68 3601
37 3601
44 3601
35 3601
36 3601
45 3601
34 3601
46 3601
65 3601
69 3601
33 3601
48 3601
47 3601
32 3601
54 3601
49 3601
52 3601
31 3601
50 3601
30 3601
28 3601
29 3601
27 3601
26 3601
62 3601
0 3603
58 3604
14 3604
15 3604
51 3604
16 3604
17 3604
70 3604
13 3604
18 3604
19 3604
59 3604
61 3604
11 3604
12 3604
20 3604
60 3604
10 3604
22 3604
57 3604
21 3604
8 3604
9 3604
23 3604
7 3604
64 3604
24 3604
25 3604
5 3604
56 3604
6 3604
62 3604
3 3604
4 3604
26 3604
1 3604
2 3604
27 3604
28 3604
29 3604
30 3604
31 3604
32 3604
33 3604
34 3604
35 3604
36 3604
37 3604
38 3604
39 3604
67 3604
40 3604
41 3604
42 3604
43 3604
66 3604
68 3604
44 3604
45 3604
65 3604
46 3604
47 3604
48 3604
69 3604
49 3604
52 3604
54 3604
50 3604
69 3605
47 3605
46 3605
48 3605
49 3605
65 3605
50 3605
52 3605
54 3605
45 3605
44 3605
43 3605
66 3605
68 3605
41 3605
42 3605
67 3605
40 3605
39 3605
38 3605
37 3605
35 3605
36 3605
34 3605
33 3605
32 3605
31 3605
30 3605
28 3605
29 3605
27 3605
26 3605
62 3605
60 3606
20 3606
21 3606
18 3606
19 3606
59 3606
61 3606
22 3606
23 3606
57 3606
70 3606
17 3606
24 3606
25 3606
15 3606
16 3606
62 3606
51 3606
14 3606
58 3606
26 3606
13 3606
27 3606
11 3606
12 3606
28 3606
29 3606
10 3606
30 3606
8 3606
9 3606
31 3606
7 3606
64 3606
32 3606
5 3606
56 3606
6 3606
33 3606
3 3606
4 3606
34 3606
1 3606
2 3606
35 3606
36 3606
37 3606
38 3606
39 3606
67 3606
40 3606
41 3606
42 3606
43 3606
66 3606
68 3606
44 3606
45 3606
65 3606
46 3606
47 3606
48 3606
69 3606
49 3606
52 3606
54 3606
50 3606
0 3607
0 3609
62 3610
0 3611
64 3612
6 3612
7 3612
56 3612
5 3612
8 3612
3 3612
4 3612
9 3612
10 3612
1 3612
2 3612
11 3612
12 3612
13 3612
14 3612
51 3612
58 3612
15 3612
16 3612
17 3612
70 3612
18 3612
19 3612
59 3612
61 3612
20 3612
57 3612
60 3612
21 3612
22 3612
23 3612
24 3612
25 3612
62 3612
0 3613
61 3614
59 3614
0 3615
52 3616
50 3616
49 3616
54 3616
47 3616
48 3616
69 3616
46 3616
45 3616
65 3616
44 3616
43 3616
41 3616
42 3616
66 3616
68 3616
40 3616
39 3616
67 3616
38 3616
37 3616
35 3616
36 3616
34 3616
33 3616
32 3616
31 3616
30 3616
28 3616
29 3616
27 3616
26 3616
62 3616
66 3617
41 3617
42 3617
40 3617
43 3617
68 3617
39 3617
67 3617
44 3617
65 3617
38 3617
45 3617
37 3617
46 3617
35 3617
36 3617
47 3617
48 3617
34 3617
49 3617
52 3617
54 3617
69 3617
33 3617
50 3617
32 3617
31 3617
30 3617
28 3617
29 3617
27 3617
26 3617
62 3617
70 3618
16 3618
14 3618
15 3618
17 3618
59 3618
61 3618
13 3618
51 3618
58 3618
18 3618
19 3618
11 3618
12 3618
20 3618
57 3618
60 3618
10 3618
21 3618
22 3618
8 3618
9 3618
23 3618
7 3618
24 3618
25 3618
5 3618
6 3618
64 3618
62 3618
3 3618
4 3618
56 3618
1 3618
2 3618
0 3619
56 3620
4 3620
5 3620
2 3620
3 3620
6 3620
7 3620
64 3620
1 3620
8 3620
9 3620
10 3620
11 3620
12 3620
13 3620
51 3620
14 3620
58 3620
15 3620
16 3620
70 3620
17 3620
59 3620
61 3620
18 3620
19 3620
20 3620
57 3620
60 3620
21 3620
22 3620
23 3620
24 3620
25 3620
62 3620
0 3622
68 3623
41 3623
40 3623
42 3623
43 3623
66 3623
39 3623
67 3623
44 3623
65 3623
38 3623
45 3623
37 3623
46 3623
35 3623
36 3623
47 3623
48 3623
34 3623
49 3623
52 3623
54 3623
69 3623
33 3623
50 3623
32 3623
31 3623
30 3623
28 3623
29 3623
27 3623
26 3623
62 3623
25 3623
23 3623
24 3623
21 3623
22 3623
57 3623
60 3623
20 3623
18 3623
19 3623
59 3623
61 3623
17 3623
15 3623
16 3623
70 3623
14 3623
13 3623
51 3623
58 3623
11 3623
12 3623
10 3623
8 3623
9 3623
7 3623
5 3623
6 3623
64 3623
3 3623
4 3623
56 3623
1 3623
2 3623
59 3624
17 3624
61 3624
15 3624
16 3624
18 3624
19 3624
70 3624
14 3624
20 3624
57 3624
60 3624
13 3624
51 3624
58 3624
21 3624
22 3624
11 3624
12 3624
23 3624
10 3624
24 3624
25 3624
8 3624
9 3624
62 3624
7 3624
5 3624
6 3624
64 3624
3 3624
4 3624
56 3624
1 3624
2 3624
57 3625
20 3625
60 3625
18 3625
21 3625
22 3625
19 3625
59 3625
61 3625
23 3625
17 3625
24 3625
25 3625
15 3625
16 3625
70 3625
62 3625
14 3625
13 3625
51 3625
58 3625
11 3625
12 3625
10 3625
8 3625
9 3625
7 3625
5 3625
6 3625
64 3625
3 3625
4 3625
56 3625
1 3625
2 3625
65 3626
44 3626
45 3626
43 3626
46 3626
41 3626
42 3626
47 3626
48 3626
40 3626
66 3626
68 3626
49 3626
52 3626
54 3626
69 3626
39 3626
50 3626
38 3626
67 3626
37 3626
35 3626
36 3626
34 3626
33 3626
32 3626
31 3626
30 3626
28 3626
29 3626
27 3626
26 3626
62 3626
25 3626
23 3626
24 3626
21 3626
22 3626
57 3626
60 3626
20 3626
18 3626
19 3626
59 3626
61 3626
17 3626
15 3626
16 3626
70 3626
14 3626
13 3626
51 3626
58 3626
11 3626
12 3626
10 3626
8 3626
9 3626
7 3626
5 3626
6 3626
64 3626
3 3626
4 3626
56 3626
1 3626
2 3626
0 3627
54 3628
48 3628
46 3628
47 3628
49 3628
52 3628
69 3628
45 3628
65 3628
50 3628
44 3628
43 3628
41 3628
42 3628
40 3628
66 3628
68 3628
39 3628
38 3628
67 3628
37 3628
35 3628
36 3628
34 3628
33 3628
32 3628
31 3628
30 3628
28 3628
29 3628
27 3628
26 3628
0 3629
51 3630
12 3630
58 3630
11 3630
13 3630
10 3630
14 3630
8 3630
9 3630
15 3630
16 3630
70 3630
7 3630
17 3630
59 3630
61 3630
5 3630
6 3630
18 3630
19 3630
3 3630
4 3630
56 3630
64 3630
20 3630
57 3630
60 3630
1 3630
2 3630
21 3630
22 3630
23 3630
24 3630
25 3630
62 3630
67 3631
38 3631
37 3631
39 3631
35 3631
36 3631
40 3631
66 3631
68 3631
34 3631
42 3631
41 3631
33 3631
43 3631
32 3631
44 3631
65 3631
31 3631
45 3631
30 3631
46 3631
28 3631
29 3631
47 3631
48 3631
27 3631
49 3631
52 3631
54 3631
69 3631
26 3631
50 3631
53 3632
67 3632
38 3632
37 3632
39 3632
35 3632
36 3632
40 3632
66 3632
68 3632
34 3632
42 3632
41 3632
33 3632
43 3632
32 3632
44 3632
65 3632
31 3632
45 3632
30 3632
46 3632
28 3632
29 3632
47 3632
48 3632
54 3632
27 3632
49 3632
52 3632
69 3632
26 3632
50 3632
0 3633
58 3634
12 3634
13 3634
51 3634
14 3634
70 3634
11 3634
16 3634
15 3634
10 3634
17 3634
59 3634
61 3634
8 3634
9 3634
18 3634
19 3634
60 3634
7 3634
20 3634
57 3634
5 3634
6 3634
21 3634
22 3634
3 3634
4 3634
56 3634
64 3634
23 3634
1 3634
2 3634
24 3634
25 3634
62 3634
69 3635
49 3635
52 3635
47 3635
48 3635
50 3635
54 3635
46 3635
45 3635
44 3635
65 3635
43 3635
41 3635
42 3635
40 3635
66 3635
68 3635
39 3635
38 3635
67 3635
37 3635
53 3635
35 3635
36 3635
34 3635
33 3635
32 3635
31 3635
30 3635
28 3635
29 3635
27 3635
26 3635
60 3636
19 3636
57 3636
17 3636
18 3636
20 3636
15 3636
16 3636
59 3636
61 3636
21 3636
22 3636
14 3636
70 3636
23 3636
13 3636
58 3636
24 3636
25 3636
62 3636
11 3636
12 3636
51 3636
10 3636
8 3636
9 3636
7 3636
5 3636
6 3636
3 3636
4 3636
56 3636
64 3636
1 3636
2 3636
0 3637
0 3639
62 3640
24 3640
23 3640
25 3640
21 3640
22 3640
20 3640
18 3640
19 3640
57 3640
60 3640
17 3640
15 3640
16 3640
59 3640
61 3640
14 3640
70 3640
13 3640
11 3640
12 3640
51 3640
58 3640
10 3640
8 3640
9 3640
7 3640
5 3640
6 3640
3 3640
4 3640
64 3640
1 3640
2 3640
56 3640
0 3641
64 3642
4 3642
5 3642
2 3642
56 3642
3 3642
6 3642
7 3642
1 3642
8 3642
9 3642
10 3642
11 3642
51 3642
58 3642
13 3642
12 3642
14 3642
70 3642
15 3642
16 3642
17 3642
59 3642
61 3642
18 3642
19 3642
57 3642
60 3642
20 3642
21 3642
22 3642
23 3642
24 3642
25 3642
62 3642
0 3643
61 3644
16 3644
59 3644
14 3644
15 3644
17 3644
13 3644
70 3644
18 3644
19 3644
57 3644
60 3644
11 3644
12 3644
58 3644
20 3644
10 3644
51 3644
21 3644
22 3644
8 3644
9 3644
23 3644
7 3644
24 3644
25 3644
62 3644
5 3644
6 3644
3 3644
4 3644
64 3644
1 3644
2 3644
56 3644
0 3645
52 3646
48 3646
46 3646
47 3646
49 3646
54 3646
69 3646
45 3646
50 3646
44 3646
43 3646
65 3646
41 3646
42 3646
66 3646
68 3646
40 3646
39 3646
38 3646
37 3646
67 3646
35 3646
36 3646
34 3646
33 3646
32 3646
31 3646
30 3646
28 3646
29 3646
27 3646
26 3646
66 3647
39 3647
40 3647
38 3647
41 3647
42 3647
68 3647
37 3647
67 3647
43 3647
65 3647
35 3647
36 3647
44 3647
34 3647
45 3647
33 3647
46 3647
54 3647
32 3647
48 3647
47 3647
31 3647
69 3647
49 3647
52 3647
30 3647
50 3647
28 3647
29 3647
27 3647
26 3647
70 3648
14 3648
13 3648
15 3648
16 3648
61 3648
11 3648
12 3648
58 3648
17 3648
59 3648
10 3648
51 3648
18 3648
19 3648
57 3648
60 3648
8 3648
9 3648
20 3648
7 3648
21 3648
22 3648
5 3648
6 3648
23 3648
62 3648
3 3648
4 3648
64 3648
25 3648
24 3648
1 3648
2 3648
56 3648
0 3649
56 3650
2 3650
3 3650
1 3650
4 3650
5 3650
64 3650
6 3650
7 3650
8 3650
9 3650
10 3650
11 3650
51 3650
58 3650
13 3650
12 3650
14 3650
70 3650
15 3650
16 3650
59 3650
61 3650
17 3650
60 3650
19 3650
18 3650
57 3650
20 3650
21 3650
22 3650
23 3650
62 3650
25 3650
24 3650
0 3652
68 3653
39 3653
38 3653
40 3653
66 3653
37 3653
67 3653
41 3653
42 3653
35 3653
36 3653
53 3653
43 3653
65 3653
34 3653
44 3653
33 3653
45 3653
32 3653
46 3653
54 3653
31 3653
47 3653
48 3653
52 3653
30 3653
49 3653
69 3653
28 3653
29 3653
50 3653
27 3653
26 3653
59 3654
61 3654
15 3654
14 3654
16 3654
17 3654
70 3654
18 3654
19 3654
57 3654
60 3654
13 3654
20 3654
11 3654
12 3654
21 3654
22 3654
10 3654
51 3654
58 3654
23 3654
62 3654
8 3654
9 3654
24 3654
25 3654
7 3654
5 3654
6 3654
3 3654
4 3654
64 3654
1 3654
56 3654
2 3654
57 3655
18 3655
60 3655
19 3655
20 3655
17 3655
21 3655
22 3655
15 3655
16 3655
23 3655
62 3655
70 3655
14 3655
59 3655
61 3655
24 3655
25 3655
13 3655
11 3655
12 3655
10 3655
51 3655
58 3655
8 3655
9 3655
7 3655
5 3655
6 3655
3 3655
4 3655
64 3655
1 3655
56 3655
2 3655
65 3656
42 3656
43 3656
40 3656
41 3656
44 3656
39 3656
66 3656
68 3656
45 3656
38 3656
46 3656
54 3656
37 3656
67 3656
47 3656
48 3656
52 3656
35 3656
36 3656
53 3656
49 3656
69 3656
34 3656
50 3656
33 3656
32 3656
31 3656
30 3656
28 3656
29 3656
27 3656
26 3656
0 3657
54 3658
46 3658
45 3658
47 3658
48 3658
52 3658
44 3658
49 3658
69 3658
43 3658
65 3658
50 3658
41 3658
42 3658
40 3658
39 3658
66 3658
68 3658
38 3658
37 3658
35 3658
36 3658
53 3658
67 3658
34 3658
33 3658
32 3658
31 3658
30 3658
28 3658
29 3658
27 3658
26 3658
0 3659
51 3660
10 3660
58 3660
8 3660
9 3660
11 3660
7 3660
12 3660
13 3660
5 3660
6 3660
14 3660
70 3660
3 3660
4 3660
64 3660
15 3660
16 3660
59 3660
61 3660
1 3660
56 3660
2 3660
17 3660
57 3660
60 3660
19 3660
18 3660
20 3660
21 3660
22 3660
23 3660
62 3660
24 3660
25 3660
67 3661
36 3661
53 3661
34 3661
35 3661
37 3661
33 3661
38 3661
66 3661
32 3661
39 3661
31 3661
40 3661
30 3661
41 3661
42 3661
28 3661
29 3661
43 3661
65 3661
27 3661
44 3661
26 3661
45 3661
46 3661
54 3661
47 3661
48 3661
52 3661
49 3661
69 3661
50 3661
53 3662
67 3662
36 3662
34 3662
35 3662
37 3662
33 3662
38 3662
66 3662
32 3662
39 3662
31 3662
40 3662
30 3662
41 3662
42 3662
28 3662
29 3662
43 3662
65 3662
27 3662
44 3662
26 3662
45 3662
46 3662
54 3662
47 3662
48 3662
52 3662
49 3662
69 3662
50 3662
0 3663
58 3664
10 3664
11 3664
51 3664
8 3664
12 3664
13 3664
9 3664
7 3664
14 3664
61 3664
70 3664
5 3664
6 3664
16 3664
15 3664
59 3664
3 3664
4 3664
57 3664
60 3664
17 3664
1 3664
56 3664
2 3664
64 3664
18 3664
19 3664
20 3664
21 3664
22 3664
23 3664
62 3664
24 3664
25 3664
69 3665
49 3665
50 3665
47 3665
48 3665
52 3665
54 3665
46 3665
45 3665
44 3665
43 3665
41 3665
42 3665
65 3665
40 3665
39 3665
66 3665
38 3665
37 3665
35 3665
36 3665
67 3665
34 3665
53 3665
33 3665
32 3665
31 3665
30 3665
28 3665
29 3665
27 3665
26 3665
60 3666
17 3666
57 3666
15 3666
16 3666
18 3666
19 3666
14 3666
59 3666
61 3666
20 3666
13 3666
70 3666
21 3666
22 3666
11 3666
12 3666
23 3666
62 3666
10 3666
51 3666
58 3666
24 3666
25 3666
8 3666
9 3666
7 3666
5 3666
6 3666
3 3666
4 3666
1 3666
56 3666
2 3666
64 3666
0 3667
0 3669
62 3670
22 3670
20 3670
21 3670
23 3670
18 3670
19 3670
24 3670
25 3670
57 3670
60 3670
17 3670
15 3670
16 3670
14 3670
59 3670
61 3670
13 3670
70 3670
11 3670
12 3670
10 3670
51 3670
58 3670
8 3670
9 3670
7 3670
5 3670
6 3670
3 3670
4 3670
1 3670
56 3670
2 3670
64 3670
0 3671
64 3672
2 3672
3 3672
1 3672
4 3672
5 3672
56 3672
6 3672
7 3672
8 3672
9 3672
10 3672
51 3672
11 3672
58 3672
12 3672
13 3672
70 3672
14 3672
59 3672
61 3672
15 3672
16 3672
17 3672
57 3672
60 3672
18 3672
19 3672
20 3672
21 3672
22 3672
23 3672
62 3672
24 3672
25 3672
0 3673
61 3674
14 3674
59 3674
13 3674
15 3674
16 3674
11 3674
12 3674
70 3674
17 3674
57 3674
60 3674
10 3674
58 3674
18 3674
19 3674
8 3674
9 3674
51 3674
20 3674
7 3674
21 3674
22 3674
5 3674
6 3674
23 3674
62 3674
3 3674
4 3674
24 3674
25 3674
1 3674
56 3674
2 3674
64 3674
0 3675
52 3676
46 3676
47 3676
45 3676
54 3676
48 3676
49 3676
69 3676
44 3676
50 3676
43 3676
41 3676
42 3676
40 3676
65 3676
39 3676
38 3676
66 3676
37 3676
35 3676
36 3676
34 3676
53 3676
67 3676
33 3676
32 3676
31 3676
30 3676
28 3676
29 3676
27 3676
26 3676
66 3677
37 3677
38 3677
35 3677
36 3677
39 3677
34 3677
53 3677
67 3677
40 3677
33 3677
41 3677
42 3677
65 3677
32 3677
43 3677
31 3677
44 3677
30 3677
45 3677
54 3677
28 3677
29 3677
46 3677
52 3677
27 3677
48 3677
47 3677
26 3677
49 3677
69 3677
50 3677
70 3678
12 3678
11 3678
13 3678
61 3678
10 3678
58 3678
14 3678
59 3678
8 3678
9 3678
51 3678
15 3678
16 3678
7 3678
17 3678
57 3678
60 3678
5 3678
6 3678
18 3678
19 3678
3 3678
4 3678
20 3678
1 3678
56 3678
64 3678
2 3678
21 3678
22 3678
23 3678
62 3678
24 3678
25 3678
0 3679
56 3680
1 3680
2 3680
64 3680
3 3680
4 3680
5 3680
6 3680
7 3680
8 3680
51 3680
10 3680
9 3680
58 3680
11 3680
70 3680
13 3680
12 3680
14 3680
59 3680
61 3680
15 3680
16 3680
60 3680
17 3680
57 3680
18 3680
19 3680
20 3680
21 3680
22 3680
62 3680
23 3680
24 3680
25 3680
0 3682
68 3683
37 3683
35 3683
36 3683
38 3683
66 3683
34 3683
67 3683
39 3683
33 3683
40 3683
65 3683
32 3683
42 3683
41 3683
31 3683
43 3683
30 3683
44 3683
28 3683
29 3683
45 3683
52 3683
27 3683
46 3683
26 3683
47 3683
48 3683
69 3683
49 3683
50 3683
59 3684
61 3684
13 3684
11 3684
12 3684
14 3684
70 3684
10 3684
58 3684
15 3684
16 3684
60 3684
8 3684
9 3684
51 3684
17 3684
57 3684
7 3684
18 3684
19 3684
5 3684
6 3684
20 3684
3 3684
4 3684
21 3684
22 3684
62 3684
1 3684
56 3684
64 3684
2 3684
23 3684
24 3684
25 3684
57 3685
16 3685
60 3685
14 3685
17 3685
15 3685
13 3685
18 3685
19 3685
59 3685
61 3685
11 3685
12 3685
70 3685
20 3685
10 3685
21 3685
22 3685
62 3685
8 3685
9 3685
51 3685
58 3685
23 3685
7 3685
24 3685
25 3685
5 3685
6 3685
3 3685
4 3685
1 3685
56 3685
64 3685
2 3685
65 3686
40 3686
41 3686
39 3686
42 3686
43 3686
38 3686
44 3686
54 3686
37 3686
66 3686
68 3686
45 3686
52 3686
35 3686
36 3686
46 3686
34 3686
67 3686
47 3686
48 3686
69 3686
33 3686
49 3686
32 3686
50 3686
31 3686
30 3686
28 3686
29 3686
27 3686
26 3686
0 3687
54 3688
44 3688
43 3688
45 3688
52 3688
41 3688
42 3688
46 3688
40 3688
65 3688
47 3688
48 3688
69 3688
39 3688
49 3688
38 3688
50 3688
37 3688
66 3688
68 3688
35 3688
36 3688
34 3688
67 3688
33 3688
32 3688
31 3688
30 3688
28 3688
29 3688
27 3688
26 3688
0 3689
51 3690
8 3690
58 3690
7 3690
10 3690
9 3690
5 3690
6 3690
11 3690
70 3690
3 3690
4 3690
12 3690
13 3690
1 3690
64 3690
2 3690
56 3690
14 3690
59 3690
61 3690
15 3690
16 3690
57 3690
60 3690
17 3690
18 3690
19 3690
20 3690
21 3690
22 3690
62 3690
23 3690
24 3690
25 3690
67 3691
34 3691
33 3691
35 3691
36 3691
32 3691
37 3691
66 3691
31 3691
38 3691
30 3691
39 3691
28 3691
29 3691
40 3691
65 3691
27 3691
41 3691
42 3691
26 3691
43 3691
44 3691
54 3691
45 3691
52 3691
46 3691
47 3691
48 3691
69 3691
49 3691
50 3691
0 3693
58 3694
8 3694
9 3694
51 3694
10 3694
7 3694
11 3694
70 3694
5 3694
6 3694
12 3694
13 3694
61 3694
3 3694
4 3694
14 3694
59 3694
1 3694
64 3694
2 3694
56 3694
15 3694
16 3694
57 3694
60 3694
17 3694
18 3694
19 3694
20 3694
21 3694
22 3694
62 3694
23 3694
24 3694
25 3694
69 3695
47 3695
48 3695
52 3695
46 3695
49 3695
45 3695
50 3695
44 3695
54 3695
43 3695
41 3695
42 3695
65 3695
40 3695
39 3695
38 3695
37 3695
66 3695
35 3695
36 3695
67 3695
34 3695
33 3695
32 3695
31 3695
30 3695
28 3695
29 3695
27 3695
26 3695
60 3696
15 3696
57 3696
14 3696
16 3696
17 3696
13 3696
59 3696
61 3696
18 3696
19 3696
11 3696
12 3696
20 3696
10 3696
70 3696
21 3696
22 3696
62 3696
8 3696
9 3696
58 3696
23 3696
7 3696
51 3696
24 3696
25 3696
5 3696
6 3696
3 3696
4 3696
1 3696
64 3696
2 3696
56 3696
0 3697
0 3699
0 3701
64 3702
1 3702
2 3702
3 3702
4 3702
56 3702
5 3702
6 3702
7 3702
8 3702
51 3702
58 3702
9 3702
10 3702
11 3702
70 3702
12 3702
13 3702
59 3702
61 3702
14 3702
57 3702
60 3702
16 3702
15 3702
17 3702
18 3702
19 3702
20 3702
62 3702
21 3702
22 3702
23 3702
24 3702
25 3702
0 3703
61 3704
12 3704
59 3704
11 3704
13 3704
70 3704
14 3704
57 3704
60 3704
10 3704
16 3704
15 3704
8 3704
9 3704
17 3704
7 3704
51 3704
58 3704
18 3704
19 3704
5 3704
6 3704
20 3704
62 3704
3 3704
4 3704
56 3704
21 3704
22 3704
1 3704
64 3704
2 3704
23 3704
24 3704
25 3704
0 3705
52 3706
44 3706
45 3706
43 3706
54 3706
46 3706
69 3706
41 3706
42 3706
48 3706
47 3706
40 3706
49 3706
39 3706
65 3706
50 3706
38 3706
37 3706
35 3706
36 3706
66 3706
34 3706
33 3706
53 3706
67 3706
32 3706
31 3706
30 3706
28 3706
29 3706
27 3706
26 3706
66 3707
35 3707
36 3707
34 3707
37 3707
33 3707
53 3707
67 3707
38 3707
32 3707
39 3707
65 3707
31 3707
40 3707
30 3707
41 3707
42 3707
28 3707
29 3707
43 3707
54 3707
27 3707
44 3707
52 3707
26 3707
45 3707
46 3707
69 3707
48 3707
47 3707
49 3707
50 3707
70 3708
10 3708
8 3708
9 3708
11 3708
7 3708
51 3708
58 3708
12 3708
13 3708
59 3708
61 3708
5 3708
6 3708
14 3708
57 3708
60 3708
3 3708
4 3708
56 3708
16 3708
15 3708
1 3708
64 3708
2 3708
17 3708
18 3708
19 3708
20 3708
62 3708
21 3708
22 3708
23 3708
24 3708
25 3708
0 3709
56 3710
3 3710
4 3710
1 3710
2 3710
5 3710
64 3710
6 3710
7 3710
51 3710
8 3710
58 3710
9 3710
10 3710
70 3710
11 3710
61 3710
13 3710
12 3710
59 3710
14 3710
57 3710
60 3710
15 3710
16 3710
17 3710
18 3710
19 3710
20 3710
62 3710
21 3710
22 3710
23 3710
24 3710
25 3710
0 3712
59 3714
61 3714
11 3714
10 3714
12 3714
13 3714
70 3714
8 3714
14 3714
57 3714
60 3714
9 3714
7 3714
51 3714
15 3714
16 3714
58 3714
5 3714
6 3714
17 3714
3 3714
4 3714
56 3714
18 3714
19 3714
1 3714
2 3714
64 3714
20 3714
21 3714
22 3714
23 3714
24 3714
25 3714
57 3715
14 3715
60 3715
13 3715
15 3715
16 3715
11 3715
12 3715
59 3715
61 3715
17 3715
10 3715
70 3715
18 3715
19 3715
8 3715
9 3715
20 3715
7 3715
51 3715
58 3715
21 3715
22 3715
5 3715
6 3715
23 3715
3 3715
4 3715
56 3715
24 3715
25 3715
1 3715
2 3715
64 3715
65 3716
39 3716
38 3716
40 3716
37 3716
41 3716
42 3716
35 3716
36 3716
66 3716
43 3716
34 3716
44 3716
52 3716
33 3716
67 3716
45 3716
69 3716
32 3716
46 3716
31 3716
47 3716
48 3716
30 3716
49 3716
28 3716
29 3716
50 3716
27 3716
26 3716
0 3717
0 3719
51 3720
6 3720
7 3720
58 3720
56 3720
5 3720
8 3720
3 3720
4 3720
9 3720
10 3720
70 3720
1 3720
2 3720
64 3720
11 3720
59 3720
61 3720
12 3720
13 3720
14 3720
57 3720
60 3720
15 3720
16 3720
17 3720
18 3720
19 3720
20 3720
62 3720
21 3720
22 3720
23 3720
24 3720
25 3720
67 3721
32 3721
31 3721
33 3721
30 3721
34 3721
66 3721
28 3721
29 3721
36 3721
35 3721
27 3721
37 3721
26 3721
38 3721
65 3721
39 3721
40 3721
41 3721
42 3721
43 3721
52 3721
54 3721
44 3721
45 3721
69 3721
46 3721
47 3721
48 3721
49 3721
50 3721
0 3723
58 3724
7 3724
51 3724
5 3724
8 3724
6 3724
3 3724
4 3724
9 3724
10 3724
70 3724
56 3724
1 3724
2 3724
64 3724
11 3724
59 3724
61 3724
12 3724
13 3724
14 3724
57 3724
60 3724
15 3724
16 3724
17 3724
18 3724
19 3724
20 3724
62 3724
21 3724
22 3724
23 3724
24 3724
25 3724
69 3725
45 3725
46 3725
44 3725
52 3725
47 3725
48 3725
43 3725
49 3725
41 3725
42 3725
50 3725
40 3725
39 3725
38 3725
65 3725
37 3725
35 3725
36 3725
34 3725
66 3725
33 3725
32 3725
67 3725
31 3725
30 3725
28 3725
29 3725
27 3725
26 3725
60 3726
13 3726
57 3726
11 3726
12 3726
14 3726
10 3726
59 3726
61 3726
15 3726
16 3726
8 3726
9 3726
70 3726
17 3726
7 3726
58 3726
18 3726
19 3726
5 3726
6 3726
51 3726
20 3726
62 3726
3 3726
4 3726
56 3726
21 3726
22 3726
1 3726
2 3726
64 3726
23 3726
24 3726
25 3726
0 3727
0 3729
62 3730
19 3730
17 3730
18 3730
20 3730
15 3730
16 3730
21 3730
22 3730
14 3730
23 3730
13 3730
57 3730
60 3730
24 3730
25 3730
11 3730
12 3730
10 3730
59 3730
61 3730
8 3730
9 3730
70 3730
7 3730
58 3730
5 3730
6 3730
51 3730
3 3730
4 3730
64 3730
56 3730
1 3730
2 3730
0 3731
64 3732
3 3732
4 3732
1 3732
2 3732
5 3732
51 3732
56 3732
7 3732
6 3732
58 3732
8 3732
70 3732
10 3732
9 3732
11 3732
59 3732
61 3732
12 3732
13 3732
57 3732
60 3732
14 3732
15 3732
16 3732
17 3732
18 3732
19 3732
62 3732
20 3732
21 3732
22 3732
23 3732
24 3732
25 3732
0 3733
61 3734
10 3734
59 3734
8 3734
9 3734
11 3734
70 3734
7 3734
12 3734
13 3734
57 3734
60 3734
5 3734
6 3734
51 3734
56 3734
58 3734
14 3734
3 3734
4 3734
64 3734
15 3734
16 3734
1 3734
2 3734
17 3734
18 3734
19 3734
62 3734
20 3734
21 3734
22 3734
23 3734
24 3734
25 3734
0 3735
52 3736
42 3736
43 3736
40 3736
41 3736
44 3736
69 3736
39 3736
45 3736
38 3736
46 3736
37 3736
65 3736
47 3736
48 3736
35 3736
36 3736
49 3736
66 3736
34 3736
50 3736
33 3736
32 3736
31 3736
67 3736
30 3736
28 3736
29 3736
27 3736
26 3736
66 3737
33 3737
34 3737
32 3737
35 3737
36 3737
31 3737
67 3737
37 3737
65 3737
30 3737
38 3737
28 3737
29 3737
39 3737
27 3737
40 3737
26 3737
41 3737
42 3737
43 3737
52 3737
44 3737
69 3737
45 3737
46 3737
47 3737
48 3737
49 3737
50 3737
70 3738
8 3738
7 3738
9 3738
10 3738
5 3738
6 3738
56 3738
58 3738
11 3738
59 3738
61 3738
3 3738
4 3738
64 3738
51 3738
12 3738
13 3738
57 3738
60 3738
1 3738
2 3738
14 3738
15 3738
16 3738
17 3738
18 3738
19 3738
62 3738
20 3738
21 3738
22 3738
23 3738
24 3738
25 3738
0 3739
56 3740
5 3740
6 3740
51 3740
58 3740
3 3740
7 3740
4 3740
64 3740
1 3740
8 3740
70 3740
2 3740
9 3740
10 3740
61 3740
11 3740
59 3740
12 3740
13 3740
57 3740
60 3740
14 3740
15 3740
16 3740
17 3740
18 3740
19 3740
62 3740
20 3740
21 3740
22 3740
23 3740
24 3740
25 3740
0 3742
59 3744
61 3744
9 3744
8 3744
10 3744
70 3744
11 3744
60 3744
7 3744
13 3744
12 3744
57 3744
5 3744
6 3744
56 3744
58 3744
14 3744
3 3744
4 3744
64 3744
51 3744
15 3744
16 3744
1 3744
2 3744
17 3744
18 3744
19 3744
20 3744
21 3744
22 3744
23 3744
24 3744
25 3744
57 3745
12 3745
60 3745
11 3745
13 3745
10 3745
59 3745
61 3745
14 3745
8 3745
9 3745
15 3745
16 3745
7 3745
70 3745
17 3745
5 3745
6 3745
56 3745
58 3745
18 3745
19 3745
3 3745
4 3745
64 3745
51 3745
20 3745
1 3745
2 3745
21 3745
22 3745
23 3745
24 3745
25 3745
65 3746
37 3746
35 3746
36 3746
38 3746
66 3746
34 3746
39 3746
33 3746
40 3746
32 3746
41 3746
42 3746
31 3746
67 3746
43 3746
52 3746
69 3746
30 3746
44 3746
28 3746
29 3746
45 3746
27 3746
46 3746
26 3746
47 3746
48 3746
49 3746
50 3746
0 3747
0 3749
51 3750
4 3750
5 3750
58 3750
64 3750
2 3750
3 3750
6 3750
7 3750
56 3750
1 3750
8 3750
70 3750
9 3750
10 3750
59 3750
61 3750
11 3750
57 3750
60 3750
13 3750
12 3750
14 3750
15 3750
16 3750
17 3750
62 3750
18 3750
19 3750
20 3750
21 3750
22 3750
23 3750
24 3750
25 3750
67 3751
30 3751
31 3751
28 3751
29 3751
32 3751
27 3751
33 3751
66 3751
26 3751
34 3751
35 3751
36 3751
37 3751
38 3751
39 3751
40 3751
41 3751
42 3751
52 3751
43 3751
69 3751
44 3751
45 3751
46 3751
47 3751
48 3751
49 3751
50 3751
0 3753
58 3754
5 3754
51 3754
64 3754
3 3754
6 3754
7 3754
56 3754
4 3754
1 3754
8 3754
70 3754
2 3754
9 3754
10 3754
59 3754
61 3754
11 3754
57 3754
60 3754
13 3754
12 3754
14 3754
15 3754
16 3754
17 3754
62 3754
18 3754
19 3754
20 3754
21 3754
22 3754
23 3754
24 3754
25 3754
69 3755
43 3755
44 3755
41 3755
42 3755
52 3755
45 3755
40 3755
46 3755
39 3755
47 3755
48 3755
38 3755
49 3755
37 3755
50 3755
35 3755
36 3755
65 3755
34 3755
33 3755
66 3755
32 3755
31 3755
30 3755
67 3755
28 3755
29 3755
27 3755
26 3755
60 3756
11 3756
57 3756
10 3756
13 3756
12 3756
8 3756
9 3756
59 3756
61 3756
14 3756
7 3756
56 3756
70 3756
15 3756
16 3756
5 3756
6 3756
17 3756
62 3756
3 3756
4 3756
51 3756
58 3756
64 3756
18 3756
19 3756
1 3756
2 3756
20 3756
21 3756
22 3756
23 3756
24 3756
25 3756
0 3757
0 3759
0 3761
64 3762
5 3762
6 3762
3 3762
4 3762
51 3762
58 3762
7 3762
56 3762
70 3762
1 3762
2 3762
8 3762
59 3762
61 3762
9 3762
10 3762
11 3762
57 3762
60 3762
12 3762
13 3762
14 3762
15 3762
16 3762
17 3762
18 3762
19 3762
20 3762
21 3762
22 3762
23 3762
24 3762
25 3762
0 3763
61 3764
8 3764
59 3764
7 3764
9 3764
10 3764
56 3764
70 3764
5 3764
11 3764
57 3764
60 3764
6 3764
64 3764
3 3764
4 3764
51 3764
58 3764
12 3764
13 3764
1 3764
2 3764
14 3764
15 3764
16 3764
17 3764
18 3764
19 3764
20 3764
21 3764
22 3764
23 3764
24 3764
25 3764
0 3765
52 3766
40 3766
41 3766
39 3766
42 3766
43 3766
69 3766
38 3766
44 3766
37 3766
45 3766
35 3766
36 3766
46 3766
34 3766
47 3766
48 3766
33 3766
49 3766
32 3766
66 3766
50 3766
31 3766
30 3766
67 3766
28 3766
29 3766
27 3766
26 3766
66 3767
32 3767
31 3767
33 3767
30 3767
67 3767
34 3767
28 3767
29 3767
35 3767
36 3767
27 3767
37 3767
26 3767
38 3767
39 3767
40 3767
52 3767
42 3767
41 3767
43 3767
69 3767
44 3767
45 3767
46 3767
47 3767
48 3767
49 3767
50 3767
70 3768
6 3768
7 3768
64 3768
8 3768
56 3768
59 3768
61 3768
5 3768
9 3768
10 3768
3 3768
4 3768
51 3768
58 3768
11 3768
57 3768
60 3768
1 3768
2 3768
12 3768
13 3768
14 3768
15 3768
16 3768
17 3768
62 3768
18 3768
19 3768
20 3768
21 3768
22 3768
23 3768
24 3768
25 3768
0 3769
56 3770
7 3770
8 3770
5 3770
6 3770
64 3770
9 3770
10 3770
59 3770
61 3770
70 3770
3 3770
4 3770
58 3770
11 3770
57 3770
60 3770
1 3770
2 3770
51 3770
12 3770
13 3770
14 3770
15 3770
16 3770
17 3770
62 3770
18 3770
19 3770
20 3770
21 3770
22 3770
23 3770
24 3770
25 3770
0 3772
59 3774
57 3775
10 3775
11 3775
60 3775
8 3775
9 3775
12 3775
13 3775
7 3775
64 3775
56 3775
59 3775
61 3775
14 3775
5 3775
6 3775
70 3775
15 3775
16 3775
3 3775
4 3775
17 3775
1 3775
2 3775
51 3775
18 3775
19 3775
20 3775
21 3775
22 3775
23 3775
24 3775
25 3775
0 3777
0 3779
51 3780
2 3780
3 3780
1 3780
4 3780
5 3780
58 3780
6 3780
7 3780
64 3780
70 3780
8 3780
56 3780
59 3780
61 3780
9 3780
10 3780
57 3780
60 3780
11 3780
12 3780
13 3780
14 3780
15 3780
16 3780
17 3780
18 3780
19 3780
20 3780
21 3780
22 3780
23 3780
24 3780
25 3780
67 3781
28 3781
29 3781
27 3781
30 3781
26 3781
31 3781
66 3781
32 3781
33 3781
34 3781
35 3781
36 3781
37 3781
38 3781
39 3781
52 3781
40 3781
41 3781
42 3781
69 3781
43 3781
44 3781
45 3781
46 3781
47 3781
48 3781
49 3781
50 3781
0 3783
58 3784
3 3784
1 3784
2 3784
4 3784
5 3784
51 3784
6 3784
7 3784
64 3784
70 3784
8 3784
56 3784
59 3784
61 3784
9 3784
10 3784
57 3784
60 3784
11 3784
12 3784
13 3784
14 3784
15 3784
16 3784
62 3784
17 3784
18 3784
19 3784
20 3784
21 3784
22 3784
23 3784
63 3784
24 3784
25 3784
69 3785
41 3785
42 3785
52 3785
40 3785
43 3785
39 3785
44 3785
38 3785
45 3785
37 3785
46 3785
35 3785
36 3785
47 3785
48 3785
34 3785
49 3785
33 3785
50 3785
32 3785
31 3785
66 3785
30 3785
28 3785
29 3785
67 3785
27 3785
26 3785
60 3786
57 3786
9 3786
10 3786
8 3786
11 3786
56 3786
7 3786
59 3786
61 3786
64 3786
12 3786
13 3786
5 3786
70 3786
6 3786
14 3786
3 3786
4 3786
15 3786
16 3786
62 3786
1 3786
2 3786
51 3786
58 3786
17 3786
18 3786
19 3786
20 3786
21 3786
22 3786
23 3786
63 3786
24 3786
25 3786
0 3787
0 3789
62 3790
15 3790
14 3790
16 3790
17 3790
13 3790
18 3790
19 3790
11 3790
12 3790
20 3790
10 3790
57 3790
21 3790
22 3790
8 3790
9 3790
56 3790
60 3790
23 3790
7 3790
59 3790
61 3790
64 3790
24 3790
25 3790
5 3790
6 3790
3 3790
4 3790
70 3790
1 3790
51 3790
2 3790
0 3791
64 3792
7 3792
8 3792
5 3792
6 3792
9 3792
10 3792
56 3792
57 3792
59 3792
60 3792
61 3792
3 3792
4 3792
70 3792
11 3792
1 3792
51 3792
2 3792
12 3792
13 3792
14 3792
15 3792
16 3792
17 3792
18 3792
19 3792
20 3792
21 3792
22 3792
23 3792
24 3792
25 3792
0 3793
61 3794
6 3794
59 3794
5 3794
7 3794
64 3794
70 3794
3 3794
56 3794
57 3794
60 3794
8 3794
4 3794
1 3794
51 3794
9 3794
10 3794
2 3794
11 3794
12 3794
13 3794
14 3794
15 3794
16 3794
17 3794
18 3794
19 3794
20 3794
21 3794
22 3794
63 3794
23 3794
24 3794
25 3794
0 3795
52 3796
38 3796
39 3796
37 3796
40 3796
69 3796
35 3796
36 3796
42 3796
41 3796
34 3796
43 3796
33 3796
44 3796
32 3796
45 3796
31 3796
46 3796
30 3796
66 3796
47 3796
48 3796
28 3796
29 3796
49 3796
27 3796
67 3796
50 3796
26 3796
66 3797
30 3797
28 3797
29 3797
31 3797
27 3797
67 3797
32 3797
26 3797
33 3797
34 3797
35 3797
36 3797
37 3797
38 3797
52 3797
39 3797
40 3797
69 3797
42 3797
41 3797
43 3797
44 3797
45 3797
46 3797
47 3797
48 3797
49 3797
50 3797
70 3798
4 3798
5 3798
2 3798
3 3798
6 3798
7 3798
59 3798
61 3798
1 3798
51 3798
8 3798
57 3798
60 3798
64 3798
10 3798
9 3798
56 3798
11 3798
12 3798
13 3798
14 3798
62 3798
15 3798
16 3798
17 3798
18 3798
19 3798
20 3798
21 3798
22 3798
63 3798
23 3798
24 3798
25 3798
0 3799
56 3800
9 3800
10 3800
57 3800
11 3800
8 3800
60 3800
64 3800
12 3800
13 3800
7 3800
14 3800
62 3800
5 3800
6 3800
59 3800
61 3800
15 3800
16 3800
3 3800
4 3800
70 3800
17 3800
1 3800
51 3800
2 3800
18 3800
19 3800
20 3800
21 3800
22 3800
63 3800
23 3800
24 3800
25 3800
63 3801
21 3801
20 3801
22 3801
23 3801
18 3801
19 3801
24 3801
25 3801
17 3801
15 3801
16 3801
62 3801
14 3801
13 3801
11 3801
12 3801
10 3801
56 3801
8 3801
9 3801
57 3801
7 3801
60 3801
64 3801
5 3801
6 3801
59 3801
61 3801
3 3801
4 3801
70 3801
1 3801
51 3801
2 3801
0 3802
59 3804
61 3804
5 3804
6 3804
3 3804
4 3804
70 3804
7 3804
1 3804
51 3804
2 3804
8 3804
57 3804
60 3804
64 3804
10 3804
56 3804
9 3804
11 3804
12 3804
13 3804
14 3804
62 3804
15 3804
16 3804
17 3804
18 3804
19 3804
20 3804
63 3804
22 3804
21 3804
23 3804
24 3804
25 3804
57 3805
8 3805
9 3805
60 3805
64 3805
7 3805
10 3805
56 3805
5 3805
6 3805
59 3805
61 3805
11 3805
3 3805
4 3805
70 3805
12 3805
13 3805
1 3805
51 3805
2 3805
14 3805
15 3805
16 3805
17 3805
18 3805
19 3805
20 3805
63 3805
22 3805
21 3805
23 3805
24 3805
25 3805
0 3807
0 3809
51 3810
1 3810
2 3810
3 3810
4 3810
70 3810
5 3810
59 3810
61 3810
6 3810
7 3810
8 3810
57 3810
60 3810
64 3810
10 3810
56 3810
9 3810
11 3810
12 3810
13 3810
14 3810
15 3810
16 3810
17 3810
18 3810
19 3810
20 3810
63 3810
21 3810
22 3810
23 3810
24 3810
25 3810
67 3811
26 3811
27 3811
28 3811
29 3811
30 3811
66 3811
31 3811
32 3811
33 3811
34 3811
35 3811
36 3811
37 3811
38 3811
52 3811
39 3811
69 3811
40 3811
41 3811
42 3811
43 3811
44 3811
45 3811
46 3811
47 3811
48 3811
49 3811
50 3811
0 3813
69 3815
39 3815
40 3815
38 3815
52 3815
41 3815
42 3815
37 3815
43 3815
35 3815
36 3815
44 3815
34 3815
45 3815
33 3815
46 3815
32 3815
47 3815
48 3815
31 3815
49 3815
30 3815
50 3815
28 3815
29 3815
66 3815
67 3815
27 3815
26 3815
60 3816
0 3817
55 3818
36 3818
34 3818
35 3818
37 3818
52 3818
33 3818
38 3818
32 3818
39 3818
69 3818
31 3818
40 3818
30 3818
41 3818
42 3818
28 3818
29 3818
66 3818
43 3818
27 3818
44 3818
26 3818
67 3818
45 3818
46 3818
47 3818
48 3818
49 3818
50 3818
0 3819
0 3821
64 3822
9 3822
10 3822
57 3822
8 3822
11 3822
56 3822
7 3822
12 3822
13 3822
5 3822
6 3822
14 3822
3 3822
4 3822
59 3822
61 3822
15 3822
16 3822
1 3822
2 3822
51 3822
70 3822
17 3822
18 3822
19 3822
20 3822
63 3822
21 3822
22 3822
23 3822
24 3822
25 3822
67 3822
26 3822
27 3822
28 3822
29 3822
66 3822
30 3822
31 3822
32 3822
33 3822
34 3822
35 3822
36 3822
37 3822
52 3822
38 3822
39 3822
69 3822
40 3822
41 3822
42 3822
43 3822
44 3822
45 3822
46 3822
47 3822
48 3822
49 3822
50 3822
0 3823
61 3824
4 3824
59 3824
2 3824
3 3824
5 3824
51 3824
70 3824
1 3824
6 3824
7 3824
8 3824
57 3824
9 3824
10 3824
64 3824
11 3824
56 3824
12 3824
13 3824
14 3824
15 3824
16 3824
17 3824
18 3824
19 3824
20 3824
63 3824
21 3824
22 3824
23 3824
24 3824
25 3824
67 3824
26 3824
27 3824
28 3824
29 3824
66 3824
30 3824
31 3824
32 3824
33 3824
34 3824
35 3824
36 3824
37 3824
52 3824
38 3824
69 3824
39 3824
40 3824
41 3824
42 3824
43 3824
44 3824
45 3824
46 3824
47 3824
48 3824
49 3824
50 3824
0 3825
52 3826
37 3826
35 3826
36 3826
38 3826
69 3826
34 3826
39 3826
33 3826
40 3826
32 3826
41 3826
42 3826
31 3826
43 3826
30 3826
44 3826
28 3826
29 3826
45 3826
27 3826
66 3826
46 3826
26 3826
67 3826
47 3826
48 3826
49 3826
50 3826
66 3827
28 3827
27 3827
29 3827
30 3827
26 3827
67 3827
31 3827
32 3827
33 3827
34 3827
35 3827
36 3827
55 3827
37 3827
52 3827
38 3827
69 3827
39 3827
40 3827
41 3827
42 3827
43 3827
44 3827
45 3827
46 3827
47 3827
48 3827
49 3827
50 3827
70 3828
2 3828
3 3828
51 3828
1 3828
4 3828
5 3828
59 3828
61 3828
6 3828
7 3828
57 3828
8 3828
9 3828
10 3828
64 3828
11 3828
56 3828
12 3828
13 3828
14 3828
15 3828
16 3828
17 3828
18 3828
19 3828
20 3828
63 3828
21 3828
22 3828
23 3828
24 3828
25 3828
67 3828
26 3828
27 3828
28 3828
29 3828
66 3828
30 3828
31 3828
32 3828
33 3828
34 3828
35 3828
36 3828
55 3828
37 3828
52 3828
38 3828
69 3828
39 3828
40 3828
41 3828
42 3828
43 3828
44 3828
45 3828
46 3828
47 3828
48 3828
49 3828
50 3828
0 3829
56 3830
11 3830
10 3830
12 3830
13 3830
64 3830
8 3830
14 3830
9 3830
7 3830
57 3830
15 3830
16 3830
5 3830
6 3830
17 3830
3 3830
4 3830
59 3830
61 3830
18 3830
19 3830
1 3830
2 3830
51 3830
70 3830
20 3830
63 3830
21 3830
22 3830
23 3830
24 3830
25 3830
67 3830
26 3830
27 3830
28 3830
29 3830
66 3830
30 3830
31 3830
32 3830
33 3830
34 3830
35 3830
36 3830
55 3830
37 3830
52 3830
38 3830
69 3830
39 3830
40 3830
41 3830
42 3830
43 3830
44 3830
45 3830
46 3830
47 3830
48 3830
49 3830
50 3830
63 3831
19 3831
17 3831
18 3831
20 3831
15 3831
16 3831
21 3831
22 3831
14 3831
23 3831
13 3831
24 3831
25 3831
11 3831
12 3831
56 3831
62 3831
67 3831
10 3831
64 3831
26 3831
8 3831
9 3831
27 3831
66 3831
7 3831
57 3831
29 3831
28 3831
5 3831
6 3831
30 3831
3 3831
4 3831
59 3831
61 3831
31 3831
1 3831
2 3831
51 3831
70 3831
32 3831
33 3831
34 3831
35 3831
36 3831
55 3831
37 3831
52 3831
38 3831
69 3831
39 3831
40 3831
41 3831
42 3831
43 3831
44 3831
45 3831
46 3831
47 3831
48 3831
49 3831
50 3831
0 3832
59 3834
61 3834
4 3834
51 3834
2 3834
5 3834
3 3834
6 3834
7 3834
57 3834
1 3834
70 3834
8 3834
9 3834
10 3834
11 3834
56 3834
64 3834
13 3834
12 3834
62 3834
14 3834
15 3834
16 3834
17 3834
18 3834
19 3834
63 3834
20 3834
21 3834
22 3834
23 3834
24 3834
25 3834
67 3834
57 3835
6 3835
7 3835
5 3835
8 3835
3 3835
4 3835
51 3835
59 3835
61 3835
9 3835
10 3835
1 3835
70 3835
2 3835
11 3835
56 3835
64 3835
13 3835
12 3835
62 3835
14 3835
15 3835
16 3835
17 3835
18 3835
19 3835
63 3835
20 3835
21 3835
22 3835
23 3835
24 3835
25 3835
67 3835
0 3837
0 3839
51 3840
3 3840
4 3840
61 3840
1 3840
70 3840
2 3840
5 3840
59 3840
6 3840
7 3840
57 3840
8 3840
9 3840
10 3840
11 3840
56 3840
62 3840
64 3840
13 3840
12 3840
14 3840
15 3840
16 3840
17 3840
18 3840
19 3840
63 3840
20 3840
21 3840
22 3840
23 3840
24 3840
25 3840
67 3840
67 3841
25 3841
23 3841
24 3841
21 3841
22 3841
20 3841
18 3841
19 3841
63 3841
17 3841
15 3841
16 3841
14 3841
13 3841
11 3841
12 3841
56 3841
62 3841
10 3841
64 3841
8 3841
9 3841
7 3841
57 3841
5 3841
6 3841
3 3841
4 3841
51 3841
61 3841
1 3841
70 3841
2 3841
59 3841
0 3843
69 3845
37 3845
38 3845
35 3845
36 3845
52 3845
39 3845
34 3845
55 3845
40 3845
33 3845
41 3845
42 3845
32 3845
43 3845
31 3845
44 3845
30 3845
45 3845
28 3845
29 3845
46 3845
66 3845
27 3845
47 3845
48 3845
26 3845
49 3845
67 3845
50 3845
25 3845
23 3845
24 3845
21 3845
22 3845
20 3845
18 3845
19 3845
17 3845
63 3845
15 3845
16 3845
14 3845
13 3845
11 3845
12 3845
56 3845
62 3845
10 3845
64 3845
8 3845
9 3845
7 3845
5 3845
6 3845
57 3845
3 3845
4 3845
51 3845
61 3845
1 3845
70 3845
2 3845
59 3845
0 3847
55 3848
34 3848
33 3848
35 3848
36 3848
52 3848
32 3848
37 3848
69 3848
31 3848
38 3848
30 3848
39 3848
28 3848
29 3848
40 3848
66 3848
27 3848
41 3848
42 3848
26 3848
43 3848
67 3848
44 3848
25 3848
45 3848
23 3848
24 3848
46 3848
21 3848
22 3848
47 3848
48 3848
20 3848
49 3848
18 3848
19 3848
50 3848
17 3848
63 3848
15 3848
16 3848
14 3848
13 3848
56 3848
11 3848
12 3848
10 3848
62 3848
64 3848
8 3848
9 3848
7 3848
5 3848
6 3848
57 3848
3 3848
4 3848
51 3848
1 3848
70 3848
2 3848
59 3848
61 3848
0 3849
62 3850
64 3850
11 3850
10 3850
12 3850
13 3850
56 3850
8 3850
9 3850
14 3850
7 3850
15 3850
16 3850
5 3850
6 3850
57 3850
17 3850
63 3850
3 3850
4 3850
51 3850
19 3850
18 3850
1 3850
2 3850
59 3850
61 3850
20 3850
70 3850
21 3850
22 3850
23 3850
24 3850
25 3850
67 3850
0 3851
64 3852
11 3852
62 3852
10 3852
12 3852
13 3852
56 3852
8 3852
9 3852
14 3852
7 3852
15 3852
16 3852
5 3852
6 3852
57 3852
17 3852
63 3852
3 3852
4 3852
51 3852
19 3852
18 3852
1 3852
70 3852
2 3852
59 3852
61 3852
20 3852
21 3852
22 3852
23 3852
24 3852
25 3852
67 3852
0 3853
61 3854
2 3854
59 3854
1 3854
3 3854
4 3854
70 3854
5 3854
51 3854
57 3854
60 3854
7 3854
6 3854
8 3854
9 3854
10 3854
11 3854
62 3854
64 3854
13 3854
56 3854
12 3854
14 3854
15 3854
16 3854
17 3854
63 3854
19 3854
18 3854
20 3854
21 3854
22 3854
23 3854
24 3854
25 3854
67 3854
0 3855
52 3856
35 3856
34 3856
36 3856
37 3856
55 3856
69 3856
38 3856
33 3856
39 3856
32 3856
40 3856
31 3856
41 3856
42 3856
30 3856
43 3856
28 3856
29 3856
44 3856
27 3856
45 3856
26 3856
66 3856
46 3856
47 3856
48 3856
49 3856
50 3856
66 3857
26 3857
27 3857
28 3857
29 3857
30 3857
31 3857
32 3857
33 3857
55 3857
34 3857
35 3857
36 3857
52 3857
37 3857
69 3857
38 3857
39 3857
40 3857
41 3857
42 3857
43 3857
44 3857
45 3857
46 3857
47 3857
48 3857
49 3857
50 3857
70 3858
1 3858
2 3858
61 3858
3 3858
4 3858
59 3858
5 3858
51 3858
57 3858
58 3858
60 3858
6 3858
7 3858
8 3858
9 3858
10 3858
11 3858
64 3858
13 3858
56 3858
12 3858
14 3858
15 3858
16 3858
17 3858
63 3858
18 3858
19 3858
20 3858
21 3858
22 3858
23 3858
24 3858
25 3858
67 3858
0 3859
56 3860
13 3860
11 3860
12 3860
14 3860
64 3860
10 3860
15 3860
16 3860
8 3860
9 3860
17 3860
63 3860
7 3860
18 3860
19 3860
5 3860
6 3860
20 3860
3 3860
4 3860
58 3860
51 3860
57 3860
60 3860
21 3860
22 3860
1 3860
59 3860
61 3860
70 3860
2 3860
23 3860
24 3860
25 3860
67 3860
63 3861
17 3861
15 3861
16 3861
18 3861
19 3861
56 3861
14 3861
20 3861
13 3861
21 3861
22 3861
11 3861
12 3861
64 3861
23 3861
10 3861
24 3861
25 3861
67 3861
8 3861
9 3861
7 3861
5 3861
6 3861
3 3861
4 3861
58 3861
51 3861
57 3861
60 3861
1 3861
59 3861
61 3861
70 3861
2 3861
0 3862
59 3864
57 3865
4 3865
5 3865
51 3865
2 3865
3 3865
7 3865
58 3865
60 3865
6 3865
1 3865
59 3865
61 3865
70 3865
8 3865
9 3865
10 3865
11 3865
12 3865
13 3865
64 3865
14 3865
56 3865
15 3865
16 3865
17 3865
63 3865
18 3865
19 3865
20 3865
21 3865
22 3865
23 3865
67 3865
25 3865
24 3865
0 3867
0 3869
51 3870
5 3870
6 3870
3 3870
4 3870
60 3870
7 3870
57 3870
58 3870
1 3870
59 3870
61 3870
2 3870
70 3870
8 3870
9 3870
10 3870
11 3870
12 3870
13 3870
64 3870
14 3870
56 3870
15 3870
16 3870
17 3870
63 3870
18 3870
19 3870
20 3870
21 3870
22 3870
23 3870
67 3870
25 3870
24 3870
67 3871
23 3871
24 3871
21 3871
22 3871
25 3871
20 3871
18 3871
19 3871
63 3871
17 3871
15 3871
16 3871
56 3871
14 3871
13 3871
64 3871
11 3871
12 3871
10 3871
8 3871
9 3871
7 3871
5 3871
6 3871
51 3871
3 3871
4 3871
60 3871
57 3871
58 3871
1 3871
59 3871
61 3871
2 3871
70 3871
0 3873
69 3875
35 3875
36 3875
52 3875
34 3875
37 3875
33 3875
55 3875
38 3875
32 3875
39 3875
31 3875
40 3875
30 3875
41 3875
42 3875
28 3875
29 3875
43 3875
27 3875
44 3875
26 3875
45 3875
46 3875
47 3875
48 3875
49 3875
50 3875
0 3877
55 3878
32 3878
31 3878
33 3878
52 3878
30 3878
34 3878
28 3878
29 3878
35 3878
36 3878
69 3878
27 3878
37 3878
26 3878
38 3878
66 3878
39 3878
40 3878
41 3878
42 3878
43 3878
44 3878
45 3878
46 3878
47 3878
48 3878
49 3878
50 3878
0 3879
0 3881
64 3882
13 3882
11 3882
12 3882
14 3882
56 3882
10 3882
16 3882
63 3882
15 3882
8 3882
9 3882
17 3882
7 3882
51 3882
18 3882
19 3882
5 3882
6 3882
20 3882
3 3882
4 3882
57 3882
21 3882
22 3882
1 3882
61 3882
2 3882
70 3882
23 3882
67 3882
59 3882
24 3882
25 3882
0 3883
61 3884
59 3884
0 3885
52 3886
33 3886
32 3886
34 3886
55 3886
69 3886
36 3886
31 3886
35 3886
30 3886
37 3886
28 3886
29 3886
38 3886
27 3886
39 3886
26 3886
40 3886
41 3886
42 3886
43 3886
44 3886
45 3886
46 3886
47 3886
48 3886
49 3886
50 3886
66 3887
25 3887
23 3887
24 3887
21 3887
22 3887
67 3887
20 3887
18 3887
19 3887
17 3887
15 3887
16 3887
63 3887
64 3887
14 3887
56 3887
13 3887
11 3887
12 3887
10 3887
8 3887
9 3887
7 3887
51 3887
5 3887
6 3887
3 3887
4 3887
57 3887
70 3887
1 3887
61 3887
2 3887
59 3887
70 3888
3 3888
4 3888
57 3888
1 3888
61 3888
2 3888
5 3888
59 3888
6 3888
7 3888
51 3888
8 3888
9 3888
10 3888
11 3888
12 3888
13 3888
14 3888
56 3888
64 3888
16 3888
15 3888
63 3888
17 3888
18 3888
19 3888
20 3888
21 3888
22 3888
23 3888
67 3888
24 3888
25 3888
66 3888
0 3889
56 3890
15 3890
63 3890
14 3890
16 3890
17 3890
64 3890
18 3890
19 3890
13 3890
20 3890
11 3890
12 3890
21 3890
22 3890
10 3890
23 3890
67 3890
8 3890
9 3890
24 3890
25 3890
7 3890
51 3890
66 3890
5 3890
6 3890
3 3890
4 3890
70 3890
1 3890
59 3890
61 3890
2 3890
57 3890
63 3891
15 3891
56 3891
14 3891
16 3891
17 3891
64 3891
18 3891
19 3891
13 3891
20 3891
11 3891
12 3891
21 3891
22 3891
10 3891
23 3891
67 3891
8 3891
9 3891
24 3891
25 3891
7 3891
51 3891
66 3891
5 3891
6 3891
3 3891
4 3891
70 3891
1 3891
59 3891
61 3891
2 3891
57 3891
0 3892
59 3894
61 3894
57 3895
2 3895
3 3895
1 3895
4 3895
5 3895
59 3895
61 3895
70 3895
6 3895
7 3895
8 3895
51 3895
9 3895
10 3895
11 3895
12 3895
13 3895
14 3895
63 3895
64 3895
16 3895
15 3895
56 3895
17 3895
18 3895
19 3895
20 3895
21 3895
22 3895
23 3895
67 3895
24 3895
25 3895
0 3897
0 3899
51 3900
7 3900
8 3900
62 3900
5 3900
6 3900
9 3900
10 3900
3 3900
4 3900
70 3900
11 3900
1 3900
59 3900
2 3900
57 3900
61 3900
12 3900
13 3900
14 3900
63 3900
64 3900
16 3900
56 3900
15 3900
17 3900
18 3900
19 3900
20 3900
21 3900
22 3900
67 3900
23 3900
24 3900
25 3900
67 3901
21 3901
22 3901
20 3901
23 3901
18 3901
19 3901
24 3901
25 3901
17 3901
15 3901
16 3901
56 3901
14 3901
63 3901
64 3901
13 3901
11 3901
12 3901
10 3901
8 3901
9 3901
7 3901
51 3901
62 3901
5 3901
6 3901
3 3901
4 3901
70 3901
1 3901
59 3901
2 3901
57 3901
61 3901
0 3903
58 3904
62 3904
69 3905
34 3905
33 3905
35 3905
36 3905
32 3905
52 3905
37 3905
31 3905
55 3905
38 3905
30 3905
39 3905
28 3905
29 3905
40 3905
27 3905
41 3905
42 3905
26 3905
43 3905
44 3905
45 3905
46 3905
47 3905
48 3905
49 3905
50 3905
0 3907
55 3908
30 3908
28 3908
29 3908
31 3908
27 3908
32 3908
26 3908
33 3908
69 3908
34 3908
35 3908
36 3908
37 3908
38 3908
39 3908
40 3908
41 3908
42 3908
43 3908
44 3908
45 3908
46 3908
47 3908
48 3908
49 3908
50 3908
0 3909
62 3910
58 3910
0 3911
64 3912
15 3912
14 3912
16 3912
17 3912
56 3912
63 3912
18 3912
19 3912
13 3912
20 3912
67 3912
11 3912
12 3912
22 3912
21 3912
10 3912
23 3912
8 3912
9 3912
51 3912
24 3912
25 3912
7 3912
58 3912
62 3912
5 3912
6 3912
3 3912
4 3912
70 3912
1 3912
57 3912
2 3912
59 3912
61 3912
0 3913
61 3914
59 3914
0 3915
52 3916
31 3916
30 3916
32 3916
55 3916
28 3916
33 3916
69 3916
29 3916
34 3916
27 3916
35 3916
36 3916
26 3916
37 3916
38 3916
39 3916
40 3916
41 3916
42 3916
43 3916
44 3916
45 3916
46 3916
47 3916
48 3916
49 3916
50 3916
70 3918
5 3918
6 3918
3 3918
4 3918
61 3918
7 3918
1 3918
57 3918
2 3918
59 3918
8 3918
51 3918
10 3918
9 3918
11 3918
12 3918
13 3918
14 3918
63 3918
15 3918
16 3918
64 3918
17 3918
56 3918
18 3918
19 3918
20 3918
67 3918
22 3918
21 3918
23 3918
24 3918
25 3918
0 3919
56 3920
17 3920
15 3920
16 3920
18 3920
19 3920
64 3920
63 3920
14 3920
20 3920
67 3920
13 3920
22 3920
21 3920
11 3920
12 3920
23 3920
10 3920
24 3920
25 3920
8 3920
9 3920
51 3920
7 3920
5 3920
6 3920
70 3920
3 3920
4 3920
61 3920
1 3920
57 3920
2 3920
59 3920
63 3921
13 3921
11 3921
12 3921
14 3921
10 3921
15 3921
16 3921
64 3921
8 3921
9 3921
51 3921
17 3921
56 3921
7 3921
18 3921
19 3921
5 3921
6 3921
70 3921
20 3921
67 3921
3 3921
4 3921
61 3921
22 3921
21 3921
1 3921
57 3921
2 3921
59 3921
23 3921
24 3921
25 3921
0 3922
59 3924
61 3924
57 3925
1 3925
2 3925
3 3925
4 3925
5 3925
59 3925
61 3925
70 3925
7 3925
6 3925
8 3925
51 3925
10 3925
9 3925
11 3925
12 3925
13 3925
14 3925
63 3925
15 3925
16 3925
64 3925
17 3925
56 3925
18 3925
19 3925
20 3925
53 3925
67 3925
22 3925
21 3925
23 3925
24 3925
25 3925
0 3927
0 3929
51 3930
9 3930
10 3930
8 3930
11 3930
7 3930
12 3930
13 3930
63 3930
5 3930
6 3930
70 3930
14 3930
3 3930
4 3930
59 3930
61 3930
15 3930
16 3930
1 3930
57 3930
2 3930
17 3930
64 3930
18 3930
19 3930
20 3930
53 3930
67 3930
21 3930
22 3930
23 3930
24 3930
25 3930
67 3931
19 3931
20 3931
53 3931
17 3931
18 3931
21 3931
22 3931
15 3931
16 3931
64 3931
23 3931
14 3931
24 3931
25 3931
13 3931
63 3931
11 3931
12 3931
10 3931
51 3931
8 3931
9 3931
7 3931
5 3931
6 3931
70 3931
3 3931
4 3931
59 3931
61 3931
1 3931
57 3931
2 3931
53 3932
0 3933
69 3935
32 3935
31 3935
33 3935
30 3935
34 3935
28 3935
29 3935
55 3935
35 3935
36 3935
27 3935
37 3935
26 3935
38 3935
39 3935
40 3935
41 3935
42 3935
43 3935
44 3935
45 3935
46 3935
47 3935
48 3935
49 3935
50 3935
0 3937
55 3938
28 3938
29 3938
27 3938
30 3938
26 3938
31 3938
69 3938
32 3938
33 3938
34 3938
35 3938
36 3938
37 3938
38 3938
39 3938
40 3938
41 3938
42 3938
43 3938
44 3938
45 3938
46 3938
47 3938
48 3938
49 3938
50 3938
0 3939
0 3941
64 3942
17 3942
15 3942
16 3942
18 3942
19 3942
14 3942
20 3942
53 3942
67 3942
13 3942
21 3942
22 3942
11 3942
12 3942
63 3942
23 3942
10 3942
51 3942
24 3942
25 3942
8 3942
9 3942
7 3942
70 3942
5 3942
6 3942
3 3942
4 3942
59 3942
61 3942
1 3942
2 3942
57 3942
0 3943
61 3944
59 3944
0 3945
70 3948
7 3948
5 3948
6 3948
8 3948
61 3948
3 3948
4 3948
9 3948
10 3948
59 3948
1 3948
2 3948
57 3948
11 3948
51 3948
63 3948
13 3948
12 3948
14 3948
15 3948
16 3948
17 3948
64 3948
18 3948
19 3948
56 3948
67 3948
20 3948
53 3948
21 3948
22 3948
23 3948
24 3948
25 3948
0 3949
56 3950
63 3951
11 3951
12 3951
51 3951
13 3951
10 3951
14 3951
8 3951
9 3951
15 3951
16 3951
7 3951
70 3951
17 3951
64 3951
5 3951
6 3951
61 3951
18 3951
19 3951
53 3951
67 3951
3 3951
4 3951
57 3951
59 3951
20 3951
56 3951
1 3951
2 3951
21 3951
22 3951
23 3951
24 3951
25 3951
0 3952
59 3954
61 3954
57 3955
3 3955
4 3955
1 3955
2 3955
5 3955
60 3955
62 3955
6 3955
7 3955
59 3955
61 3955
8 3955
70 3955
9 3955
10 3955
11 3955
51 3955
63 3955
12 3955
13 3955
14 3955
15 3955
16 3955
17 3955
64 3955
19 3955
18 3955
53 3955
67 3955
20 3955
21 3955
22 3955
23 3955
24 3955
25 3955
0 3957
0 3959
51 3960
11 3960
63 3960
12 3960
13 3960
10 3960
14 3960
8 3960
9 3960
15 3960
16 3960
7 3960
70 3960
17 3960
67 3960
5 3960
6 3960
59 3960
61 3960
19 3960
18 3960
53 3960
64 3960
3 3960
4 3960
57 3960
60 3960
62 3960
20 3960
1 3960
2 3960
21 3960
22 3960
23 3960
24 3960
25 3960
67 3961
17 3961
18 3961
53 3961
64 3961
15 3961
16 3961
19 3961
20 3961
14 3961
21 3961
22 3961
13 3961
23 3961
11 3961
12 3961
51 3961
24 3961
25 3961
10 3961
63 3961
8 3961
9 3961
7 3961
70 3961
5 3961
6 3961
59 3961
61 3961
3 3961
4 3961
57 3961
60 3961
62 3961
1 3961
2 3961
53 3962
64 3962
67 3962
17 3962
18 3962
15 3962
16 3962
19 3962
20 3962
14 3962
21 3962
22 3962
13 3962
23 3962
11 3962
12 3962
51 3962
24 3962
25 3962
10 3962
63 3962
8 3962
9 3962
7 3962
70 3962
5 3962
6 3962
59 3962
61 3962
3 3962
4 3962
57 3962
60 3962
62 3962
1 3962
2 3962
0 3963
69 3965
30 3965
28 3965
29 3965
31 3965
55 3965
27 3965
32 3965
26 3965
33 3965
34 3965
35 3965
36 3965
37 3965
38 3965
39 3965
40 3965
41 3965
42 3965
43 3965
44 3965
45 3965
46 3965
47 3965
48 3965
49 3965
50 3965
60 3966
62 3966
0 3967
55 3968
26 3968
27 3968
28 3968
29 3968
30 3968
69 3968
31 3968
32 3968
33 3968
34 3968
35 3968
36 3968
37 3968
38 3968
39 3968
40 3968
41 3968
42 3968
43 3968
44 3968
45 3968
46 3968
47 3968
48 3968
49 3968
50 3968
0 3969
0 3971
0 3973
61 3974
59 3974
0 3975
66 3977
64 3977
70 3978
9 3978
8 3978
10 3978
63 3978
7 3978
59 3978
61 3978
11 3978
5 3978
6 3978
12 3978
13 3978
51 3978
3 3978
4 3978
57 3978
14 3978
1 3978
2 3978
15 3978
16 3978
17 3978
53 3978
67 3978
18 3978
19 3978
20 3978
64 3978
66 3978
21 3978
22 3978
23 3978
24 3978
25 3978
55 3978
26 3978
27 3978
28 3978
29 3978
30 3978
69 3978
31 3978
32 3978
33 3978
34 3978
35 3978
36 3978
37 3978
38 3978
39 3978
40 3978
41 3978
42 3978
43 3978
44 3978
45 3978
46 3978
47 3978
48 3978
49 3978
50 3978
0 3979
63 3981
9 3981
10 3981
61 3981
8 3981
11 3981
70 3981
7 3981
59 3981
12 3981
13 3981
51 3981
5 3981
6 3981
14 3981
3 3981
4 3981
57 3981
15 3981
16 3981
1 3981
2 3981
17 3981
53 3981
67 3981
18 3981
19 3981
20 3981
64 3981
66 3981
21 3981
22 3981
23 3981
24 3981
25 3981
55 3981
26 3981
27 3981
28 3981
29 3981
30 3981
69 3981
31 3981
32 3981
33 3981
34 3981
35 3981
36 3981
37 3981
38 3981
39 3981
40 3981
41 3981
42 3981
43 3981
44 3981
45 3981
46 3981
47 3981
48 3981
49 3981
50 3981
0 3982
59 3984
61 3984
57 3985
5 3985
6 3985
3 3985
4 3985
7 3985
1 3985
2 3985
8 3985
59 3985
61 3985
9 3985
10 3985
63 3985
70 3985
11 3985
12 3985
13 3985
51 3985
14 3985
15 3985
16 3985
17 3985
53 3985
67 3985
18 3985
19 3985
20 3985
64 3985
66 3985
21 3985
22 3985
23 3985
24 3985
25 3985
55 3985
26 3985
27 3985
28 3985
29 3985
69 3985
30 3985
31 3985
32 3985
33 3985
34 3985
35 3985
36 3985
37 3985
38 3985
39 3985
40 3985
41 3985
42 3985
43 3985
44 3985
45 3985
46 3985
47 3985
48 3985
49 3985
50 3985
0 3987
0 3989
51 3990
13 3990
11 3990
12 3990
14 3990
10 3990
70 3990
15 3990
16 3990
8 3990
9 3990
63 3990
17 3990
53 3990
67 3990
7 3990
59 3990
61 3990
18 3990
19 3990
5 3990
6 3990
57 3990
20 3990
3 3990
4 3990
21 3990
22 3990
1 3990
2 3990
23 3990
24 3990
25 3990
55 3990
67 3991
16 3991
53 3991
14 3991
15 3991
17 3991
13 3991
51 3991
18 3991
19 3991
11 3991
12 3991
20 3991
10 3991
70 3991
21 3991
22 3991
8 3991
9 3991
63 3991
23 3991
7 3991
59 3991
61 3991
24 3991
25 3991
5 3991
6 3991
57 3991
55 3991
3 3991
4 3991
1 3991
2 3991
53 3992
67 3992
15 3992
16 3992
51 3992
14 3992
17 3992
13 3992
18 3992
19 3992
11 3992
12 3992
20 3992
10 3992
70 3992
21 3992
22 3992
8 3992
9 3992
63 3992
23 3992
7 3992
59 3992
61 3992
24 3992
25 3992
5 3992
6 3992
57 3992
55 3992
3 3992
4 3992
1 3992
2 3992
0 3993
69 3995
28 3995
27 3995
29 3995
30 3995
26 3995
31 3995
55 3995
32 3995
33 3995
34 3995
35 3995
36 3995
37 3995
38 3995
39 3995
40 3995
41 3995
42 3995
43 3995
44 3995
45 3995
46 3995
47 3995
48 3995
49 3995
50 3995
0 3997
55 3998
25 3998
23 3998
24 3998
21 3998
22 3998
56 3998
20 3998
65 3998
18 3998
19 3998
17 3998
15 3998
16 3998
53 3998
67 3998
51 3998
14 3998
13 3998
11 3998
12 3998
10 3998
70 3998
8 3998
9 3998
61 3998
63 3998
7 3998
59 3998
5 3998
6 3998
57 3998
3 3998
4 3998
1 3998
2 3998
0 3999
0 4001
0 4003
61 4004
59 4004
0 4005
70 4008
11 4008
10 4008
12 4008
13 4008
8 4008
9 4008
59 4008
61 4008
14 4008
51 4008
67 4008
7 4008
57 4008
63 4008
16 4008
15 4008
53 4008
5 4008
6 4008
17 4008
3 4008
4 4008
18 4008
19 4008
1 4008
2 4008
20 4008
21 4008
22 4008
64 4008
23 4008
65 4008
24 4008
25 4008
55 4008
0 4009
63 4011
7 4011
8 4011
57 4011
5 4011
9 4011
10 4011
61 4011
6 4011
3 4011
4 4011
11 4011
70 4011
59 4011
1 4011
2 4011
12 4011
13 4011
14 4011
51 4011
67 4011
16 4011
15 4011
53 4011
17 4011
18 4011
19 4011
20 4011
21 4011
22 4011
64 4011
23 4011
65 4011
24 4011
25 4011
55 4011
0 4012
59 4014
61 4014
57 4015
7 4015
8 4015
63 4015
5 4015
6 4015
9 4015
10 4015
3 4015
4 4015
11 4015
59 4015
61 4015
70 4015
1 4015
2 4015
13 4015
12 4015
14 4015
51 4015
53 4015
67 4015
16 4015
15 4015
17 4015
18 4015
19 4015
20 4015
21 4015
22 4015
23 4015
24 4015
25 4015
55 4015
0 4017
0 4019
51 4020
15 4020
53 4020
67 4020
16 4020
17 4020
14 4020
18 4020
19 4020
13 4020
20 4020
11 4020
12 4020
70 4020
21 4020
22 4020
10 4020
61 4020
23 4020
8 4020
9 4020
59 4020
24 4020
25 4020
55 4020
7 4020
63 4020
57 4020
5 4020
6 4020
3 4020
4 4020
1 4020
2 4020
67 4021
14 4021
51 4021
53 4021
13 4021
16 4021
15 4021
11 4021
12 4021
70 4021
17 4021
10 4021
61 4021
18 4021
19 4021
8 4021
9 4021
59 4021
20 4021
7 4021
63 4021
57 4021
21 4021
22 4021
5 4021
6 4021
23 4021
3 4021
4 4021
24 4021
25 4021
55 4021
1 4021
2 4021
53 4022
14 4022
67 4022
13 4022
15 4022
16 4022
51 4022
11 4022
12 4022
70 4022
17 4022
10 4022
61 4022
18 4022
19 4022
8 4022
9 4022
59 4022
20 4022
7 4022
63 4022
57 4022
21 4022
22 4022
5 4022
6 4022
23 4022
3 4022
4 4022
24 4022
25 4022
55 4022
1 4022
2 4022
0 4023
0 4027
55 4028
23 4028
24 4028
21 4028
22 4028
25 4028
20 4028
18 4028
19 4028
17 4028
15 4028
16 4028
51 4028
53 4028
67 4028
14 4028
13 4028
70 4028
11 4028
12 4028
10 4028
59 4028
61 4028
8 4028
9 4028
7 4028
63 4028
57 4028
5 4028
6 4028
3 4028
4 4028
1 4028
2 4028
0 4029
0 4031
0 4033
61 4034
59 4034
0 4035
66 4037
51 4037
58 4037
16 4037
14 4037
15 4037
17 4037
13 4037
53 4037
67 4037
70 4037
18 4037
19 4037
11 4037
12 4037
20 4037
10 4037
59 4037
61 4037
21 4037
22 4037
8 4037
9 4037
57 4037
23 4037
54 4037
55 4037
64 4037
7 4037
24 4037
25 4037
5 4037
6 4037
63 4037
3 4037
4 4037
1 4037
2 4037
70 4038
13 4038
53 4038
67 4038
11 4038
12 4038
14 4038
10 4038
59 4038
61 4038
15 4038
16 4038
8 4038
9 4038
57 4038
17 4038
51 4038
58 4038
66 4038
7 4038
18 4038
19 4038
5 4038
6 4038
63 4038
20 4038
3 4038
4 4038
21 4038
22 4038
1 4038
2 4038
23 4038
54 4038
55 4038
64 4038
24 4038
25 4038
0 4039
63 4041
5 4041
6 4041
3 4041
4 4041
7 4041
1 4041
2 4041
8 4041
57 4041
10 4041
9 4041
11 4041
61 4041
12 4041
13 4041
67 4041
59 4041
14 4041
53 4041
70 4041
15 4041
16 4041
66 4041
17 4041
51 4041
58 4041
18 4041
19 4041
20 4041
21 4041
22 4041
23 4041
54 4041
55 4041
64 4041
24 4041
25 4041
0 4042
59 4044
61 4044
57 4045
9 4045
8 4045
10 4045
7 4045
11 4045
5 4045
6 4045
63 4045
12 4045
13 4045
53 4045
59 4045
61 4045
67 4045
3 4045
4 4045
14 4045
70 4045
1 4045
2 4045
15 4045
16 4045
66 4045
17 4045
51 4045
58 4045
18 4045
19 4045
20 4045
21 4045
22 4045
23 4045
55 4045
24 4045
25 4045
0 4047
0 4049
51 4050
17 4050
15 4050
16 4050
18 4050
19 4050
14 4050
20 4050
13 4050
53 4050
67 4050
21 4050
22 4050
11 4050
12 4050
61 4050
23 4050
55 4050
10 4050
57 4050
24 4050
25 4050
52 4050
64 4050
8 4050
9 4050
56 4050
69 4050
7 4050
5 4050
6 4050
3 4050
4 4050
63 4050
1 4050
2 4050
67 4051
12 4051
13 4051
53 4051
61 4051
11 4051
14 4051
10 4051
57 4051
15 4051
16 4051
8 4051
9 4051
17 4051
51 4051
7 4051
18 4051
19 4051
5 4051
6 4051
20 4051
3 4051
4 4051
63 4051
21 4051
22 4051
1 4051
2 4051
23 4051
55 4051
24 4051
25 4051
52 4051
64 4051
56 4051
69 4051
53 4052
12 4052
61 4052
67 4052
11 4052
13 4052
10 4052
57 4052
14 4052
70 4052
8 4052
9 4052
15 4052
16 4052
7 4052
17 4052
51 4052
5 4052
6 4052
18 4052
19 4052
3 4052
4 4052
63 4052
20 4052
1 4052
2 4052
21 4052
22 4052
23 4052
55 4052
24 4052
25 4052
52 4052
64 4052
56 4052
69 4052
0 4053
69 4055
56 4055
0 4057
55 4058
22 4058
20 4058
21 4058
23 4058
18 4058
19 4058
24 4058
25 4058
64 4058
17 4058
51 4058
56 4058
15 4058
16 4058
66 4058
68 4058
70 4058
14 4058
13 4058
11 4058
12 4058
53 4058
61 4058
67 4058
10 4058
57 4058
59 4058
8 4058
9 4058
7 4058
5 4058
6 4058
3 4058
4 4058
63 4058
1 4058
2 4058
0 4059
0 4061
64 4062
0 4063
61 4064
59 4064
0 4065
0 4069
63 4071
3 4071
4 4071
1 4071
2 4071
5 4071
6 4071
7 4071
8 4071
9 4071
10 4071
11 4071
53 4071
57 4071
67 4071
12 4071
13 4071
14 4071
59 4071
61 4071
68 4071
15 4071
16 4071
17 4071
18 4071
19 4071
51 4071
58 4071
65 4071
20 4071
21 4071
22 4071
55 4071
23 4071
24 4071
25 4071
69 4071
64 4071
0 4072
68 4073
59 4073
61 4073
59 4074
61 4074
68 4074
57 4075
11 4075
53 4075
67 4075
12 4075
13 4075
10 4075
14 4075
61 4075
68 4075
8 4075
9 4075
15 4075
16 4075
59 4075
7 4075
17 4075
5 4075
6 4075
18 4075
19 4075
51 4075
65 4075
3 4075
4 4075
63 4075
20 4075
55 4075
58 4075
1 4075
2 4075
22 4075
21 4075
23 4075
24 4075
25 4075
65 4076
58 4076
0 4077
0 4079
51 4080
19 4080
17 4080
18 4080
20 4080
55 4080
15 4080
16 4080
21 4080
22 4080
61 4080
14 4080
23 4080
59 4080
13 4080
68 4080
24 4080
25 4080
11 4080
12 4080
57 4080
10 4080
53 4080
67 4080
8 4080
9 4080
7 4080
5 4080
6 4080
3 4080
4 4080
63 4080
1 4080
2 4080
67 4081
10 4081
53 4081
57 4081
8 4081
9 4081
11 4081
12 4081
7 4081
13 4081
68 4081
5 4081
6 4081
14 4081
61 4081
3 4081
4 4081
63 4081
15 4081
16 4081
59 4081
1 4081
2 4081
17 4081
18 4081
19 4081
51 4081
20 4081
55 4081
21 4081
22 4081
23 4081
24 4081
25 4081
53 4082
10 4082
11 4082
67 4082
8 4082
9 4082
12 4082
13 4082
57 4082
7 4082
14 4082
61 4082
5 4082
6 4082
15 4082
16 4082
59 4082
3 4082
4 4082
17 4082
1 4082
2 4082
63 4082
18 4082
19 4082
20 4082
51 4082
55 4082
21 4082
22 4082
23 4082
24 4082
25 4082
0 4083
60 4086
66 4086
0 4087
55 4088
20 4088
51 4088
18 4088
21 4088
22 4088
19 4088
23 4088
17 4088
24 4088
25 4088
15 4088
16 4088
61 4088
14 4088
59 4088
13 4088
11 4088
12 4088
57 4088
66 4088
10 4088
53 4088
67 4088
60 4088
8 4088
9 4088
7 4088
5 4088
6 4088
3 4088
4 4088
1 4088
2 4088
63 4088
0 4089
0 4091
0 4093
61 4094
59 4094
0 4095
66 4097
60 4097
0 4099
63 4101
1 4101
2 4101
3 4101
4 4101
5 4101
6 4101
7 4101
8 4101
9 4101
10 4101
53 4101
67 4101
11 4101
12 4101
13 4101
57 4101
14 4101
15 4101
16 4101
61 4101
17 4101
59 4101
18 4101
19 4101
20 4101
51 4101
55 4101
21 4101
22 4101
23 4101
24 4101
25 4101
0 4102
59 4104
61 4104
57 4105
12 4105
13 4105
11 4105
14 4105
10 4105
15 4105
16 4105
61 4105
8 4105
9 4105
53 4105
67 4105
17 4105
59 4105
7 4105
18 4105
19 4105
55 4105
5 4105
6 4105
20 4105
51 4105
3 4105
4 4105
21 4105
22 4105
1 4105
63 4105
2 4105
23 4105
24 4105
25 4105
0 4107
0 4109
51 4110
21 4110
20 4110
22 4110
23 4110
18 4110
19 4110
55 4110
24 4110
25 4110
17 4110
15 4110
16 4110
61 4110
14 4110
59 4110
13 4110
57 4110
11 4110
12 4110
10 4110
8 4110
9 4110
53 4110
67 4110
7 4110
5 4110
6 4110
3 4110
4 4110
1 4110
63 4110
2 4110
67 4111
8 4111
53 4111
7 4111
10 4111
9 4111
5 4111
6 4111
11 4111
3 4111
4 4111
12 4111
13 4111
1 4111
63 4111
2 4111
14 4111
57 4111
15 4111
16 4111
17 4111
61 4111
18 4111
19 4111
55 4111
59 4111
20 4111
51 4111
22 4111
21 4111
23 4111
24 4111
25 4111
53 4112
8 4112
9 4112
67 4112
7 4112
10 4112
5 4112
6 4112
11 4112
3 4112
4 4112
12 4112
13 4112
1 4112
2 4112
14 4112
57 4112
60 4112
63 4112
15 4112
16 4112
65 4112
17 4112
61 4112
70 4112
18 4112
19 4112
55 4112
59 4112
54 4112
20 4112
51 4112
22 4112
21 4112
23 4112
24 4112
25 4112
0 4113
69 4115
51 4115
21 4115
20 4115
22 4115
23 4115
18 4115
19 4115
55 4115
24 4115
25 4115
17 4115
54 4115
70 4115
15 4115
16 4115
61 4115
57 4115
65 4115
14 4115
59 4115
13 4115
60 4115
11 4115
12 4115
10 4115
8 4115
9 4115
53 4115
7 4115
67 4115
5 4115
6 4115
3 4115
4 4115
1 4115
2 4115
63 4115
60 4116
65 4116
0 4117
55 4118
18 4118
17 4118
19 4118
20 4118
54 4118
70 4118
15 4118
16 4118
61 4118
21 4118
22 4118
51 4118
69 4118
57 4118
14 4118
59 4118
23 4118
13 4118
60 4118
65 4118
24 4118
25 4118
11 4118
12 4118
10 4118
8 4118
9 4118
7 4118
53 4118
67 4118
5 4118
6 4118
3 4118
4 4118
1 4118
63 4118
2 4118
0 4119
0 4121
0 4123
61 4124
59 4124
0 4125
52 4126
70 4126
70 4128
52 4128
0 4129
63 4131
2 4131
3 4131
1 4131
4 4131
5 4131
6 4131
7 4131
8 4131
53 4131
67 4131
9 4131
10 4131
11 4131
62 4131
66 4131
12 4131
13 4131
14 4131
57 4131
16 4131
15 4131
55 4131
61 4131
17 4131
59 4131
18 4131
19 4131
54 4131
20 4131
52 4131
70 4131
21 4131
22 4131
23 4131
51 4131
24 4131
25 4131
0 4132
59 4134
54 4134
61 4134
57 4135
15 4135
14 4135
16 4135
17 4135
13 4135
18 4135
19 4135
54 4135
55 4135
61 4135
11 4135
12 4135
20 4135
70 4135
52 4135
59 4135
10 4135
21 4135
22 4135
8 4135
9 4135
62 4135
66 4135
23 4135
7 4135
53 4135
67 4135
24 4135
25 4135
5 4135
6 4135
3 4135
4 4135
1 4135
2 4135
63 4135
0 4137
54 4138
59 4138
61 4138
0 4139
67 4141
53 4142
6 4142
7 4142
67 4142
5 4142
8 4142
3 4142
4 4142
9 4142
10 4142
66 4142
1 4142
2 4142
63 4142
11 4142
62 4142
12 4142
13 4142
14 4142
15 4142
16 4142
57 4142
17 4142
18 4142
19 4142
52 4142
61 4142
20 4142
69 4142
70 4142
21 4142
22 4142
23 4142
24 4142
25 4142
0 4143
69 4145
70 4145
0 4147
55 4148
16 4148
14 4148
15 4148
17 4148
57 4148
13 4148
18 4148
19 4148
52 4148
61 4148
11 4148
12 4148
20 4148
69 4148
70 4148
59 4148
10 4148
21 4148
22 4148
8 4148
9 4148
23 4148
7 4148
53 4148
24 4148
25 4148
5 4148
6 4148
67 4148
3 4148
4 4148
63 4148
1 4148
2 4148
0 4149
0 4151
0 4153
61 4154
59 4154
69 4154
0 4155
0 4159
63 4161
4 4161
2 4161
3 4161
5 4161
53 4161
67 4161
1 4161
7 4161
6 4161
8 4161
9 4161
10 4161
11 4161
12 4161
13 4161
62 4161
65 4161
14 4161
15 4161
16 4161
55 4161
17 4161
52 4161
57 4161
18 4161
19 4161
20 4161
59 4161
61 4161
69 4161
21 4161
22 4161
23 4161
24 4161
25 4161
0 4162
59 4164
57 4165
17 4165
52 4165
15 4165
16 4165
18 4165
19 4165
14 4165
55 4165
20 4165
59 4165
61 4165
13 4165
21 4165
22 4165
11 4165
12 4165
23 4165
10 4165
62 4165
65 4165
24 4165
25 4165
8 4165
9 4165
7 4165
5 4165
6 4165
3 4165
4 4165
53 4165
63 4165
67 4165
1 4165
2 4165
65 4166
62 4166
0 4167
0 4169
67 4171
53 4172
4 4172
5 4172
63 4172
67 4172
2 4172
3 4172
6 4172
7 4172
1 4172
8 4172
9 4172
10 4172
11 4172
65 4172
12 4172
13 4172
62 4172
14 4172
15 4172
16 4172
17 4172
57 4172
18 4172
19 4172
69 4172
20 4172
61 4172
60 4172
21 4172
22 4172
59 4172
23 4172
24 4172
25 4172
0 4173
69 4175
60 4175
60 4176
69 4176
0 4177
0 4179
0 4181
0 4183
61 4184
59 4184
0 4185
0 4189
63 4191
6 4191
5 4191
7 4191
3 4191
4 4191
53 4191
8 4191
1 4191
2 4191
67 4191
9 4191
10 4191
11 4191
12 4191
13 4191
14 4191
15 4191
16 4191
17 4191
18 4191
19 4191
57 4191
20 4191
21 4191
22 4191
61 4191
23 4191
59 4191
24 4191
25 4191
0 4192
59 4194
61 4194
0 4197
0 4199
51 4200
58 4200
53 4202
2 4202
3 4202
1 4202
4 4202
5 4202
6 4202
7 4202
63 4202
8 4202
9 4202
10 4202
11 4202
12 4202
13 4202
14 4202
15 4202
16 4202
17 4202
18 4202
19 4202
20 4202
21 4202
22 4202
23 4202
61 4202
24 4202
25 4202
59 4202
51 4202
58 4202
0 4203
58 4204
51 4204
0 4207
0 4209
0 4211
0 4213
61 4214
59 4214
0 4215
0 4219
63 4221
8 4221
7 4221
9 4221
10 4221
5 4221
6 4221
11 4221
3 4221
4 4221
12 4221
13 4221
1 4221
53 4221
2 4221
14 4221
15 4221
16 4221
69 4221
17 4221
62 4221
18 4221
19 4221
20 4221
21 4221
22 4221
23 4221
61 4221
24 4221
25 4221
59 4221
0 4222
59 4224
61 4224
0 4227
0 4229
51 4230
58 4230
53 4232
1 4232
2 4232
3 4232
4 4232
5 4232
6 4232
7 4232
8 4232
63 4232
10 4232
9 4232
11 4232
12 4232
13 4232
14 4232
15 4232
16 4232
17 4232
18 4232
19 4232
20 4232
21 4232
22 4232
23 4232
24 4232
25 4232
59 4232
61 4232
0 4233
58 4234
51 4234
0 4237
0 4239
0 4241
0 4243
61 4244
59 4244
0 4245
66 4247
67 4247
0 4249
63 4251
10 4251
55 4251
8 4251
9 4251
11 4251
7 4251
12 4251
13 4251
5 4251
6 4251
14 4251
3 4251
4 4251
15 4251
16 4251
1 4251
2 4251
53 4251
67 4251
17 4251
68 4251
18 4251
19 4251
20 4251
21 4251
22 4251
23 4251
24 4251
25 4251
59 4251
61 4251
0 4252
59 4254
61 4254
0 4257
0 4259
51 4260
58 4260
53 4262
3 4262
1 4262
2 4262
4 4262
5 4262
6 4262
7 4262
8 4262
9 4262
10 4262
11 4262
63 4262
12 4262
13 4262
14 4262
15 4262
16 4262
17 4262
18 4262
19 4262
20 4262
21 4262
22 4262
23 4262
24 4262
25 4262
59 4262
61 4262
0 4263
58 4264
51 4264
0 4267
0 4269
0 4271
0 4273
61 4274
59 4274
0 4275
0 4279
63 4281
12 4281
11 4281
13 4281
10 4281
14 4281
8 4281
9 4281
15 4281
16 4281
7 4281
17 4281
5 4281
6 4281
18 4281
19 4281
3 4281
4 4281
53 4281
20 4281
1 4281
2 4281
21 4281
22 4281
23 4281
24 4281
25 4281
0 4282
59 4284
61 4284
0 4287
0 4289
51 4290
58 4290
53 4292
5 4292
3 4292
4 4292
6 4292
7 4292
1 4292
66 4292
2 4292
65 4292
8 4292
9 4292
10 4292
11 4292
12 4292
13 4292
63 4292
14 4292
15 4292
16 4292
17 4292
18 4292
19 4292
20 4292
21 4292
22 4292
23 4292
24 4292
25 4292
0 4293
58 4294
51 4294
0 4297
0 4299
0 4301
0 4303
61 4304
59 4304
0 4305
0 4309
63 4311
14 4311
13 4311
15 4311
16 4311
11 4311
12 4311
17 4311
10 4311
18 4311
19 4311
8 4311
9 4311
20 4311
7 4311
53 4311
21 4311
22 4311
5 4311
67 4311
6 4311
23 4311
3 4311
4 4311
52 4311
54 4311
24 4311
25 4311
1 4311
2 4311
0 4312
59 4314
61 4314
0 4317
0 4319
51 4320
58 4320
67 4321
52 4321
53 4322
6 4322
7 4322
55 4322
5 4322
8 4322
3 4322
4 4322
54 4322
66 4322
9 4322
10 4322
1 4322
2 4322
68 4322
11 4322
12 4322
13 4322
14 4322
63 4322
15 4322
16 4322
17 4322
18 4322
19 4322
20 4322
21 4322
22 4322
23 4322
24 4322
25 4322
0 4323
58 4324
51 4324
60 4326
57 4326
0 4327
55 4328
66 4328
0 4329
0 4331
0 4333
61 4334
59 4334
0 4335
52 4336
68 4336
0 4339
0 4342
68 4343
52 4343
59 4344
61 4344
57 4345
60 4345
0 4347
0 4349
51 4350
58 4350
53 4352
8 4352
9 4352
7 4352
10 4352
5 4352
6 4352
66 4352
69 4352
11 4352
3 4352
4 4352
68 4352
12 4352
13 4352
1 4352
2 4352
55 4352
65 4352
14 4352
15 4352
16 4352
17 4352
18 4352
19 4352
20 4352
21 4352
22 4352
23 4352
24 4352
25 4352
0 4353
58 4354
51 4354
69 4355
66 4355
68 4355
60 4356
57 4356
0 4357
55 4358
65 4358
0 4359
0 4361
0 4363
61 4364
59 4364
0 4365
0 4369
0 4372
59 4374
61 4374
57 4375
60 4375
0 4377
0 4379
51 4380
58 4380
53 4382
10 4382
11 4382
8 4382
9 4382
12 4382
13 4382
7 4382
14 4382
5 4382
6 4382
15 4382
16 4382
3 4382
4 4382
17 4382
1 4382
2 4382
18 4382
19 4382
20 4382
21 4382
22 4382
23 4382
24 4382
25 4382
0 4383