52 0.08 5
52 0.008 4.92
53 0.08 5
53 0.008 4.92
54 0.08 5
54 0.008 4.92
53 0.08 4.929
53 0.008 4.849
54 0.08 4.912
54 0.008 4.832
53 0.08 4.841
53 0.008 4.761
54 0.08 4.824
54 0.008 4.744
54 0.16 4.736
53 0.016 4.753
53 0.08 4.737
53 0.008 4.657
53 0.16 4.649
53 0.08 4.489
53 0.008 4.409
54 0.08 4.576
54 0.008 4.496
53 0.16 4.401
54 0.016 4.488
54 0.08 4.472
54 0.008 4.392
54 0.16 4.384
53 0.08 4.241
53 0.008 4.161
54 0.08 4.224
54 0.008 4.144
51 0.08 5
51 0.008 4.92
54 0.08 5
54 0.008 4.92
52 0.008 5
51 0.08 4.912
51 0.008 4.832
54 0.08 4.912
54 0.008 4.832
52 0.008 4.992
51 0.08 4.824
51 0.008 4.744
54 0.08 4.824
54 0.008 4.744
52 0.008 4.984
55 0.008 5
51 0.08 4.736
51 0.008 4.656
54 0.08 4.736
54 0.008 4.656
52 0.008 4.976
55 0.008 4.992
51 0.08 4.648
51 0.008 4.568
54 0.08 4.648
54 0.008 4.568
52 0.008 4.968
55 0.008 4.984
52 0.008 5
55 0.008 4.976
52 0.008 4.992
55 0.008 4.968
52 0.008 4.984
55 0.008 4.96
52 0.008 4.976
55 0.008 4.952
52 0.008 4.968
55 0.008 4.944
52 0.008 4.96
55 0.008 5
52 0.008 4.952
55 0.008 4.992
52 0.008 4.944
55 0.008 4.984
53 0.08 5
53 0.008 4.92
55 0.008 4.976
53 0.08 4.912
53 0.008 4.832
55 0.008 4.968
53 0.08 4.824
53 0.008 4.744
55 0.008 4.96
55 0.08 4.952
55 0.008 4.872
55 0.008 4.864
55 0.08 4.856
55 0.008 4.776
55 0.008 4.768
53 0.08 5
53 0.008 4.92
55 0.08 4.76
55 0.008 4.68
55 0.008 4.672
53 0.16 4.912
52 0.016 5
55 0.016 4.664
54 0.016 4.999
51 0.016 4.999
53 0.08 4.752
53 0.008 4.672
55 0.008 4.648
53 0.08 4.664
53 0.008 4.584
55 0.008 5
53 0.08 4.576
53 0.008 4.496
55 0.08 4.992
55 0.008 4.912
55 0.08 4.904
55 0.008 4.824
53 0.08 4.488
53 0.008 4.408
55 0.08 4.816
55 0.008 4.736
53 0.08 4.4
53 0.008 4.32
55 0.08 4.728
55 0.008 4.648
53 0.08 4.312
53 0.008 4.232
55 0.08 4.64
55 0.008 4.56
53 0.08 4.934
53 0.008 4.854
55 0.08 4.552
55 0.008 4.472
53 0.08 4.846
53 0.008 4.766
55 0.08 4.464
55 0.008 4.384
53 0.08 4.758
53 0.008 4.678
55 0.08 4.376
55 0.008 4.296
53 0.16 4.67
52 0.016 5
55 0.016 4.288
55 0.08 4.272
55 0.008 4.192
55 0.16 4.184
54 0.016 5
51 0.016 5
53 0.08 4.51
53 0.008 4.43
55 0.08 4.024
55 0.008 3.944
55 0.16 3.936
52 0.016 4.984
53 0.016 4.422
53 0.08 4.406
53 0.008 4.326
53 0.16 4.318
54 0.016 4.984
51 0.016 4.984
53 0.08 4.158
53 0.008 4.078
55 0.08 4.486
55 0.008 4.406
55 0.008 4.398
53 0.08 4.07
53 0.008 3.99
55 0.08 4.39
55 0.008 4.31
53 0.08 3.982
53 0.008 3.902
53 0.008 3.894
55 0.08 4.302
55 0.008 4.222
53 0.08 3.886
53 0.008 3.806
53 0.008 3.798
55 0.08 4.214
55 0.008 4.134
53 0.08 3.79
53 0.008 3.71
55 0.08 4.126
55 0.008 4.046
53 0.08 3.702
53 0.008 3.622
55 0.08 4.038
55 0.008 3.958
55 0.008 3.95
53 0.08 3.824
53 0.008 3.744
55 0.08 3.942
55 0.008 3.862
53 0.08 3.736
53 0.008 3.656
53 0.008 3.648
53 0.008 3.64
55 0.08 3.854
55 0.008 3.774
55 0.008 3.766
53 0.08 3.632
53 0.008 3.552
53 0.008 3.544
53 0.008 3.536
55 0.08 3.758
55 0.008 3.678
55 0.008 3.67
53 0.16 3.528
55 0.016 3.662
55 0.08 3.646
55 0.008 3.566
55 0.16 3.558
52 0.016 5
54 0.016 5
51 0.016 5
53 0.08 3.368
53 0.008 3.288
53 0.008 3.28
55 0.08 3.398
55 0.008 3.318
55 0.008 3.31
55 0.16 3.302
53 0.016 3.272
53 0.08 3.256
53 0.008 3.176
53 0.16 3.168
52 0.016 4.984
54 0.016 4.984
51 0.016 4.984
53 0.08 3.008
53 0.008 2.928
53 0.008 2.92
55 0.08 3.352
55 0.008 3.272
55 0.008 3.264
55 0.008 3.256
53 0.08 2.912
53 0.008 2.832
53 0.008 2.824
55 0.08 3.248
55 0.008 3.168
55 0.008 3.16
55 0.008 3.152
53 0.08 2.816
53 0.008 2.736
53 0.008 2.728
55 0.08 3.144
55 0.008 3.064
53 0.08 2.72
53 0.008 2.64
53 0.008 2.632
55 0.08 3.056
55 0.008 2.976
53 0.08 2.624
53 0.008 2.544
53 0.008 2.536
55 0.08 2.968
55 0.008 2.888
53 0.08 2.528
53 0.008 2.448
55 0.08 2.88
55 0.008 2.8
55 0.008 2.792
53 0.08 3.192
53 0.008 3.112
55 0.08 2.784
55 0.008 2.704
55 0.008 2.696
53 0.08 3.104
53 0.008 3.024
53 0.008 3.016
55 0.08 2.688
55 0.008 2.608
53 0.08 3.008
53 0.008 2.928
53 0.008 2.92
55 0.08 2.6
55 0.008 2.52
53 0.16 2.912
55 0.016 2.512
55 0.08 2.496
55 0.008 2.416
55 0.16 2.408
52 0.016 5
54 0.016 5
51 0.016 5
53 0.08 2.752
53 0.008 2.672
53 0.008 2.664
55 0.08 2.248
55 0.008 2.168
55 0.16 2.16
52 0.016 4.984
53 0.016 2.656
53 0.08 2.64
53 0.008 2.56
53 0.16 2.552
54 0.016 4.984
51 0.016 4.984
53 0.08 2.392
53 0.008 2.312
55 0.08 2.752
55 0.008 2.672
55 0.008 2.664
53 0.08 2.304
53 0.008 2.224
54 0.08 4.968
54 0.008 4.888
55 0.08 2.656
55 0.008 2.576
55 0.008 2.568
53 0.08 2.216
53 0.008 2.136
54 0.08 4.88
54 0.008 4.8
55 0.08 2.56
55 0.008 2.48
53 0.08 2.128
53 0.008 2.048
53 0.008 2.04
55 0.08 2.472
55 0.008 2.392
53 0.08 2.032
53 0.008 1.952
53 0.008 1.944
55 0.08 2.384
55 0.008 2.304
53 0.08 1.936
53 0.008 1.856
53 0.008 1.848
54 0.08 4.988
54 0.008 4.908
55 0.08 2.296
55 0.008 2.216
55 0.008 2.208
53 0.08 2.036
53 0.008 1.956
54 0.08 4.9
54 0.008 4.82
55 0.08 2.2
55 0.008 2.12
55 0.008 2.112
53 0.008 1.948
53 0.08 1.94
53 0.008 1.86
53 0.008 1.852
54 0.08 4.812
54 0.008 4.732
55 0.08 2.104
55 0.008 2.024
55 0.008 2.016
54 0.16 4.724
51 0.016 5
55 0.016 2.008
55 0.08 1.992
55 0.008 1.912
55 0.16 1.904
53 0.016 1.844
53 0.08 1.828
53 0.008 1.748
53 0.16 1.74
53 0.008 1.58
53 0.08 1.572
53 0.008 1.492
53 0.008 1.484
54 0.08 4.564
54 0.008 4.484
55 0.08 1.744
55 0.008 1.664
53 0.008 1.476
53 0.16 1.468
55 0.016 1.656
55 0.08 1.64
55 0.008 1.56
55 0.16 1.552
54 0.016 4.476
54 0.08 4.46
54 0.008 4.38
54 0.16 4.372
51 0.016 4.984
53 0.08 1.308
53 0.008 1.228
53 0.008 1.22
55 0.08 1.392
55 0.008 1.312
55 0.16 1.304
54 0.016 4.212
51 0.016 4.968
53 0.016 1.212
53 0.08 1.196
53 0.008 1.116
53 0.16 1.108
53 0.008 0.948
53 0.08 0.94
53 0.008 0.86
53 0.008 0.852
54 0.08 4.196
54 0.008 4.116
55 0.08 1.34
55 0.008 1.26
55 0.008 1.252
53 0.008 0.844
53 0.08 0.836
53 0.008 0.756
54 0.08 4.108
54 0.008 4.028
55 0.08 1.244
55 0.008 1.164
55 0.008 1.156
53 0.008 0.748
53 0.08 0.74
53 0.008 0.66
54 0.08 4.02
54 0.008 3.94
55 0.08 1.148
55 0.008 1.068
55 0.008 1.06
53 0.008 0.652
53 0.08 0.644
53 0.008 0.564
53 0.008 0.556
54 0.08 3.932
54 0.008 3.852
55 0.08 1.052
55 0.008 0.972
53 0.008 0.548
53 0.08 0.54
53 0.008 0.46
53 0.008 0.452
54 0.08 3.844
54 0.008 3.764
55 0.08 0.964
55 0.008 0.884
53 0.008 0.444
53 0.08 0.436
53 0.008 0.356
53 0.008 0.348
54 0.08 4.121
54 0.008 4.041
55 0.08 0.876
55 0.008 0.796
55 0.008 0.788
53 0.008 0.34
53 0.08 0.697
53 0.008 0.617
53 0.008 0.609
54 0.08 4.033
54 0.008 3.953
55 0.08 0.78
55 0.008 0.7
55 0.008 0.692
53 0.008 0.601
53 0.08 0.593
53 0.008 0.513
54 0.08 3.945
54 0.008 3.865
55 0.08 0.684
55 0.008 0.604
55 0.008 0.596
54 0.16 3.857
51 0.016 5
55 0.016 0.588
55 0.08 0.572
55 0.008 0.492
55 0.16 0.484
53 0.016 0.505
53 0.08 0.489
53 0.008 0.409
53 0.16 0.401
53 0.008 0.241
53 0.08 0.233
53 0.008 0.153
53 0.008 0.145
54 0.08 3.697
54 0.008 3.617
55 0.08 0.324
55 0.008 0.244
55 0.008 0.236
53 0.008 0.137
53 0.16 0.129
53 0.08 0
53 0.008 0
53 0.008 0
54 0.08 3.609
54 0.008 3.529
54 0.008 3.521
55 0.08 0.228
55 0.008 0.148
55 0.008 0.14
55 0.16 0.132
54 0.016 3.513
54 0.08 3.497
54 0.008 3.417
54 0.16 3.409
51 0.016 4.984
53 0.016 0
53 0.08 0
53 0.008 0
53 0.16 0
53 0.008 0
53 0.08 0
53 0.008 0
53 0.008 0
54 0.08 3.249
54 0.008 3.169
54 0.008 3.161
55 0.08 0.365
55 0.008 0.285
55 0.008 0.277
53 0.008 0
51 0.08 4.968
51 0.008 4.888
52 0.08 5
52 0.008 4.92
53 0.08 0
53 0.008 0
53 0.008 0
54 0.08 3.153
54 0.008 3.073
54 0.008 3.065
55 0.08 0.269
55 0.008 0.189
55 0.008 0.181
55 0.008 0.173
53 0.008 0
51 0.08 4.88
51 0.008 4.8
52 0.08 4.912
52 0.008 4.832
53 0.08 0
53 0.008 0
54 0.08 3.057
54 0.008 2.977
54 0.008 2.969
55 0.08 0.165
55 0.008 0.085
55 0.008 0.077
55 0.008 0.069
53 0.008 0
51 0.08 4.792
51 0.008 4.712
52 0.08 4.824
52 0.008 4.744
53 0.08 0
53 0.008 0
53 0.008 0
54 0.08 2.961
54 0.008 2.881
55 0.08 0.061
55 0.008 0
55 0.008 0
53 0.008 0
53 0.08 0
53 0.008 0
53 0.008 0
54 0.08 2.873
54 0.008 2.793
55 0.08 0
55 0.008 0
53 0.008 0
53 0.08 0
53 0.008 0
53 0.008 0
54 0.08 3.205
54 0.008 3.125
54 0.008 3.117
55 0.08 0
55 0.008 0
53 0.008 0
53 0.08 0.42
53 0.008 0.34
53 0.008 0.332
54 0.08 3.109
54 0.008 3.029
55 0.08 0
55 0.008 0
55 0.008 0
53 0.008 0.324
53 0.08 0.316
53 0.008 0.236
53 0.008 0.228
54 0.08 3.021
54 0.008 2.941
55 0.08 0
55 0.008 0
55 0.008 0
54 0.16 2.933
51 0.016 5
55 0.016 0
55 0.08 0
55 0.008 0
55 0.16 0
52 0.016 5
53 0.08 0.22
53 0.008 0.14
53 0.008 0.132
54 0.08 2.773
54 0.008 2.693
55 0.08 0
55 0.008 0
55 0.008 0
53 0.16 0.124
53 0.08 0
53 0.008 0
53 0.008 0
54 0.08 2.685
54 0.008 2.605
55 0.08 0
55 0.008 0
55 0.16 0
51 0.016 4.984
52 0.016 4.984
54 0.016 2.597
54 0.08 2.581
54 0.008 2.501
54 0.16 2.493
53 0.08 0
53 0.008 0
53 0.008 0
54 0.08 2.333
54 0.008 2.253
54 0.008 2.245
55 0.08 0.42
55 0.008 0.34
53 0.08 0
53 0.008 0
53 0.008 0
54 0.08 2.237
54 0.008 2.157
54 0.008 2.149
55 0.08 0.332
55 0.008 0.252
55 0.008 0.244
53 0.08 0
53 0.008 0
53 0.008 0
54 0.08 2.141
54 0.008 2.061
55 0.08 0.236
55 0.008 0.156
55 0.008 0.148
53 0.08 0
53 0.008 0
53 0.008 0
54 0.08 2.053
54 0.008 1.973
55 0.08 0.14
55 0.008 0.06
55 0.008 0.052
53 0.08 0
53 0.008 0
53 0.008 0
54 0.08 1.965
54 0.008 1.885
54 0.008 1.877
55 0.08 0.044
55 0.008 0
55 0.008 0
53 0.08 0
53 0.008 0
53 0.008 0
54 0.08 2.257
54 0.008 2.177
54 0.008 2.169
55 0.08 0
55 0.008 0
53 0.08 0.388
53 0.008 0.308
53 0.008 0.3
54 0.08 2.161
54 0.008 2.081
54 0.008 2.073
55 0.08 0
55 0.008 0
55 0.008 0
53 0.08 0.292
53 0.008 0.212
53 0.008 0.204
54 0.08 2.065
54 0.008 1.985
54 0.008 1.977
55 0.08 0
55 0.008 0
55 0.008 0
54 0.16 1.969
51 0.016 5
55 0.016 0
55 0.08 0
55 0.008 0
55 0.16 0
52 0.016 5
53 0.08 0.196
53 0.008 0.116
53 0.008 0.108
54 0.08 1.809
54 0.008 1.729
55 0.08 0
55 0.008 0
55 0.008 0
53 0.16 0.1
53 0.08 0
53 0.008 0
53 0.008 0
54 0.08 1.721
54 0.008 1.641
55 0.08 0
55 0.008 0
55 0.008 0
55 0.16 0
52 0.016 4.984
51 0.016 4.984
54 0.016 1.633
54 0.08 1.617
54 0.008 1.537
54 0.16 1.529
53 0.08 0
53 0.008 0
53 0.008 0
54 0.08 1.369
54 0.008 1.289
54 0.008 1.281
55 0.08 0.388
55 0.008 0.308
53 0.08 0
53 0.008 0
53 0.008 0
54 0.08 1.273
54 0.008 1.193
54 0.008 1.185
55 0.08 0.3
55 0.008 0.22
55 0.008 0.212
53 0.08 0
53 0.008 0
53 0.008 0
54 0.08 1.177
54 0.008 1.097
54 0.008 1.089
55 0.08 0.204
55 0.008 0.124
55 0.008 0.116
53 0.08 0
53 0.008 0
54 0.08 1.081
54 0.008 1.001
55 0.08 0.108
55 0.008 0.028
55 0.008 0.02
53 0.08 0
53 0.008 0
53 0.008 0
54 0.08 0.993
54 0.008 0.913
55 0.08 0.012
55 0.008 0
55 0.008 0
53 0.08 0
53 0.008 0
53 0.008 0
54 0.08 1.426
54 0.008 1.346
54 0.008 1.338
55 0.08 0
55 0.008 0
53 0.08 0.521
53 0.008 0.441
53 0.008 0.433
54 0.08 1.33
54 0.008 1.25
54 0.008 1.242
55 0.08 0
55 0.008 0
55 0.008 0
53 0.08 0.425
53 0.008 0.345
53 0.008 0.337
54 0.08 1.234
54 0.008 1.154
54 0.008 1.146
55 0.08 0
55 0.008 0
55 0.008 0
54 0.16 1.138
51 0.016 5
55 0.016 0
55 0.08 0
55 0.008 0
55 0.16 0
52 0.016 5
53 0.08 0.329
53 0.008 0.249
53 0.008 0.241
54 0.08 0.978
54 0.008 0.898
55 0.08 0
55 0.008 0
55 0.008 0
53 0.16 0.233
53 0.08 0.073
53 0.008 0
53 0.008 0
54 0.08 0.89
54 0.008 0.81
55 0.08 0
55 0.008 0
55 0.008 0
55 0.16 0
52 0.016 4.984
51 0.016 4.984
54 0.016 0.802
54 0.08 0.786
54 0.008 0.706
54 0.16 0.698
53 0.08 0
53 0.008 0
53 0.008 0
54 0.08 0.538
54 0.008 0.458
54 0.008 0.45
55 0.08 0.521
55 0.008 0.441
55 0.008 0.433
53 0.08 0
53 0.008 0
53 0.008 0
54 0.08 0.442
54 0.008 0.362
54 0.008 0.354
55 0.08 0.425
55 0.008 0.345
53 0.08 0
53 0.008 0
53 0.008 0
54 0.08 0.346
54 0.008 0.266
54 0.008 0.258
55 0.08 0.337
55 0.008 0.257
55 0.008 0.249
53 0.08 0
53 0.008 0
53 0.008 0
54 0.08 0.25
54 0.008 0.17
54 0.008 0.162
55 0.08 0.241
55 0.008 0.161
55 0.008 0.153
53 0.08 0
53 0.008 0
53 0.008 0
54 0.08 0.154
54 0.008 0.074
55 0.08 0.145
55 0.008 0.065
55 0.008 0.057
53 0.08 0
53 0.008 0
53 0.008 0
54 0.08 0.429
54 0.008 0.349
54 0.008 0.341
55 0.08 0.049
55 0.008 0
55 0.008 0
53 0.08 0.363
53 0.008 0.283
53 0.008 0.275
54 0.08 0.333
54 0.008 0.253
54 0.008 0.245
55 0.08 0
55 0.008 0
53 0.08 0.267
53 0.008 0.187
53 0.008 0.179
54 0.08 0.237
54 0.008 0.157
54 0.008 0.149
55 0.08 0
55 0.008 0
55 0.008 0
54 0.16 0.141
51 0.016 5
55 0.016 0
55 0.08 0
55 0.008 0
55 0.16 0
52 0.016 5
53 0.08 0.171
53 0.008 0.091
53 0.008 0.083
54 0.08 0
54 0.008 0
54 0.008 0
55 0.08 0
55 0.008 0
55 0.008 0
53 0.16 0.075
53 0.08 0
53 0.008 0
53 0.008 0
54 0.08 0
54 0.008 0
55 0.08 0
55 0.008 0
55 0.008 0
55 0.16 0
52 0.016 4.984
51 0.016 4.984
54 0.016 0
54 0.08 0
54 0.008 0
54 0.16 0
53 0.08 0
53 0.008 0
53 0.008 0
54 0.08 0
54 0.008 0
54 0.008 0
55 0.08 0.363
55 0.008 0.283
55 0.008 0.275
53 0.08 0
53 0.008 0
53 0.008 0
54 0.08 0
54 0.008 0
54 0.008 0
55 0.08 0.267
55 0.008 0.187
53 0.08 0
53 0.008 0
53 0.008 0
54 0.08 0
54 0.008 0
54 0.008 0
55 0.08 0.179
55 0.008 0.099
55 0.008 0.091
53 0.08 0
53 0.008 0
53 0.008 0
54 0.08 0
54 0.008 0
54 0.008 0
55 0.08 0.083
55 0.008 0.003
55 0.008 0
53 0.08 0
53 0.008 0
54 0.08 0
54 0.008 0
55 0.08 0
55 0.008 0
55 0.008 0
53 0.08 0
53 0.008 0
53 0.008 0
54 0.08 0.053
54 0.008 0
54 0.008 0
55 0.08 0
55 0.008 0
55 0.008 0
53 0.08 0.053
53 0.008 0
53 0.008 0
54 0.08 0
54 0.008 0
54 0.008 0
55 0.08 0
55 0.008 0
55 0.008 0
53 0.08 0
53 0.008 0
53 0.008 0
54 0.08 0
54 0.008 0
54 0.008 0
55 0.08 0
55 0.008 0
55 0.008 0
54 0.16 0
51 0.016 5
55 0.016 0
55 0.08 0
55 0.008 0
55 0.16 0
52 0.016 5
53 0.08 0
53 0.008 0
53 0.008 0
54 0.08 0
54 0.008 0
54 0.008 0
55 0.08 0
55 0.008 0
55 0.008 0
53 0.16 0
53 0.08 0
53 0.008 0
53 0.008 0
54 0.08 0
54 0.008 0
55 0.08 0
55 0.008 0
55 0.008 0
55 0.16 0
52 0.016 4.984
54 0.016 0
54 0.08 0
54 0.008 0
54 0.16 0
51 0.016 4.984
53 0.08 0
53 0.008 0
53 0.008 0
54 0.08 0
54 0.008 0
55 0.08 0.053
55 0.008 0
55 0.008 0
54 0.008 0
53 0.08 0
53 0.008 0
53 0.008 0
54 0.08 0
54 0.008 0
54 0.008 0
55 0.08 0
55 0.008 0
55 0.008 0
54 0.008 0
53 0.08 0
53 0.008 0
53 0.008 0
54 0.08 0
54 0.008 0
54 0.008 0
55 0.08 0
55 0.008 0
55 0.008 0
54 0.008 0
53 0.08 0
53 0.008 0
53 0.008 0
54 0.08 0
54 0.008 0
54 0.008 0
55 0.08 0
55 0.008 0
55 0.008 0
54 0.008 0
53 0.08 0
53 0.008 0
53 0.008 0
54 0.08 0
54 0.008 0
54 0.008 0
55 0.08 0
55 0.008 0
55 0.008 0
54 0.008 0.229
53 0.08 0
53 0.008 0
53 0.008 0
54 0.08 0.221
54 0.008 0.141
55 0.08 0
55 0.008 0
55 0.008 0
54 0.008 0.133
53 0.08 0.229
53 0.008 0.149
53 0.008 0.141
54 0.08 0.125
54 0.008 0.045
54 0.008 0.037
55 0.08 0
55 0.008 0
55 0.008 0
54 0.008 0.029
53 0.08 0.133
53 0.008 0.053
53 0.008 0.045
54 0.08 0.021
54 0.008 0
54 0.008 0
55 0.08 0
55 0.008 0
54 0.16 0
51 0.016 5
55 0.016 0
55 0.08 0
55 0.008 0
55 0.16 0
52 0.016 5
54 0.008 0
53 0.08 0.037
53 0.008 0
53 0.008 0
54 0.08 0
54 0.008 0
54 0.008 0
55 0.08 0
55 0.008 0
55 0.008 0
51 0.008 4.984
54 0.008 0
53 0.16 0
54 0.016 0
54 0.08 0
54 0.008 0
54 0.16 0
51 0.016 4.976
55 0.016 0
55 0.08 0
55 0.008 0
55 0.16 0
52 0.016 4.984
53 0.08 0
53 0.008 0
53 0.008 0
54 0.08 0
54 0.008 0
54 0.008 0
55 0.08 0
55 0.008 0
55 0.008 0
55 0.16 0
52 0.016 4.968
51 0.016 4.96
54 0.016 0
54 0.08 0
54 0.008 0
54 0.16 0
51 0.008 4.944
54 0.008 0
53 0.08 0
53 0.008 0
54 0.08 0
54 0.008 0
55 0.08 0.229
55 0.008 0.149
55 0.008 0.141
51 0.008 4.936
54 0.008 0
53 0.08 0
53 0.008 0
53 0.008 0
54 0.08 0
54 0.008 0
54 0.008 0
55 0.08 0.133
55 0.008 0.053
55 0.008 0.045
51 0.008 4.928
54 0.008 0
53 0.08 0
53 0.008 0
53 0.008 0
54 0.08 0
54 0.008 0
54 0.008 0
55 0.08 0.037
55 0.008 0
55 0.008 0
51 0.008 4.92
54 0.008 0
53 0.08 0
53 0.008 0
53 0.008 0
54 0.08 0
54 0.008 0
54 0.008 0
55 0.08 0
55 0.008 0
55 0.008 0
51 0.008 4.912
54 0.008 0
53 0.08 0
53 0.008 0
53 0.008 0
54 0.08 0
54 0.008 0
54 0.008 0
55 0.08 0
55 0.008 0
55 0.008 0
51 0.008 5
54 0.008 0.229
53 0.08 0
53 0.008 0
54 0.08 0.221
54 0.008 0.141
54 0.008 0.133
55 0.08 0
55 0.008 0
55 0.008 0
51 0.008 4.992
54 0.008 0.125
53 0.08 0.229
53 0.008 0.149
53 0.008 0.141
54 0.08 0.117
54 0.008 0.037
55 0.08 0
55 0.008 0
55 0.008 0
51 0.008 4.984
54 0.008 0.029
53 0.08 0.133
53 0.008 0.053
53 0.008 0.045
54 0.08 0.021
54 0.008 0
54 0.008 0
55 0.08 0
55 0.008 0
55 0.008 0
54 0.16 0
51 0.016 4.976
53 0.016 0.037
53 0.08 0.021
53 0.008 0
53 0.16 0
51 0.008 4.96
54 0.008 0
53 0.08 0
53 0.008 0
53 0.008 0
54 0.08 0
54 0.008 0
54 0.008 0
55 0.08 0
55 0.008 0
55 0.008 0
51 0.008 4.952
54 0.008 0
53 0.16 0
54 0.016 0
54 0.08 0
54 0.008 0
54 0.16 0
51 0.016 4.944
53 0.08 0
53 0.008 0
53 0.008 0
54 0.08 0
54 0.008 0
54 0.008 0
55 0.08 0
55 0.008 0
55 0.008 0
55 0.16 0
52 0.016 5
51 0.016 4.928
51 0.008 4.912
54 0.008 0
53 0.08 0
53 0.008 0
54 0.08 0
54 0.008 0
54 0.008 0
55 0.08 0.229
55 0.008 0.149
55 0.008 0.141
51 0.008 4.904
53 0.08 0
53 0.008 0
54 0.08 0
54 0.008 0
55 0.08 0.133
55 0.008 0.053
55 0.008 0.045
51 0.008 4.896
53 0.08 0
53 0.008 0
53 0.008 0
54 0.08 0
54 0.008 0
54 0.008 0
55 0.08 0.037
55 0.008 0
55 0.008 0
51 0.008 4.888
53 0.08 0
53 0.008 0
53 0.008 0
54 0.08 0
54 0.008 0
54 0.008 0
55 0.08 0
55 0.008 0
55 0.008 0
51 0.008 4.88
53 0.08 0
53 0.008 0
53 0.008 0
54 0.08 0
54 0.008 0
54 0.008 0
55 0.08 0
55 0.008 0
55 0.008 0
51 0.008 5
53 0.08 0
53 0.008 0
54 0.08 0.595
54 0.008 0.515
54 0.008 0.507
55 0.08 0
55 0.008 0
55 0.008 0
53 0.08 0.595
53 0.008 0.515
54 0.08 0.499
54 0.008 0.419
55 0.08 0
55 0.008 0
55 0.008 0
53 0.08 0.507
53 0.008 0.427
53 0.008 0.419
54 0.08 0.411
54 0.008 0.331
54 0.008 0.323
55 0.08 0
55 0.008 0
55 0.008 0
54 0.16 0.315
51 0.016 4.992
53 0.016 0.411
53 0.08 0.395
53 0.008 0.315
53 0.16 0.307
53 0.08 0.147
53 0.008 0.067
53 0.008 0.059
54 0.08 0.155
54 0.008 0.075
54 0.008 0.067
55 0.08 0
55 0.008 0
55 0.008 0
53 0.16 0.051
54 0.016 0.059
54 0.08 0.043
54 0.008 0
54 0.16 0
51 0.016 4.976
53 0.08 0
53 0.008 0
53 0.008 0
54 0.08 0
54 0.008 0
54 0.008 0
55 0.08 0
55 0.008 0
55 0.008 0
55 0.16 0
52 0.016 5
53 0.08 0
53 0.008 0
54 0.08 0
54 0.008 0
54 0.008 0
55 0.08 0.595
55 0.008 0.515
55 0.008 0.507
53 0.08 0
53 0.008 0
54 0.08 0
54 0.008 0
55 0.08 0.499
55 0.008 0.419
55 0.008 0.411
53 0.08 0
53 0.008 0
54 0.08 0
54 0.008 0
54 0.008 0
55 0.08 0.403
55 0.008 0.323
55 0.008 0.315
53 0.08 0
53 0.008 0
53 0.008 0
54 0.08 0
54 0.008 0
54 0.008 0
55 0.08 0.307
55 0.008 0.227
55 0.008 0.219
53 0.08 0
53 0.008 0
53 0.008 0
54 0.08 0
54 0.008 0
54 0.008 0
55 0.08 0.211
55 0.008 0.131
55 0.008 0.123
53 0.08 0
53 0.008 0
54 0.08 0.679
54 0.008 0.599
54 0.008 0.591
55 0.08 0.115
55 0.008 0.035
55 0.008 0.027
53 0.08 0.679
53 0.008 0.599
54 0.08 0.583
54 0.008 0.503
55 0.08 0.019
55 0.008 0
55 0.008 0
53 0.08 0.591
53 0.008 0.511
54 0.08 0.495
54 0.008 0.415
55 0.08 0
55 0.008 0
55 0.008 0
54 0.16 0.407
51 0.016 5
53 0.016 0.503
53 0.08 0.487
53 0.008 0.407
53 0.16 0.399
53 0.08 0.239
53 0.008 0.159
53 0.008 0.151
54 0.08 0.247
54 0.008 0.167
54 0.008 0.159
55 0.08 0
55 0.008 0
55 0.008 0
53 0.16 0.143
54 0.016 0.151
54 0.08 0.135
54 0.008 0.055
54 0.16 0.047
51 0.016 4.984
53 0.08 0
53 0.008 0
53 0.008 0
54 0.08 0
54 0.008 0
54 0.008 0
55 0.08 0
55 0.008 0
55 0.008 0
55 0.16 0
52 0.016 5
53 0.08 0
53 0.008 0
54 0.08 0
54 0.008 0
54 0.008 0
55 0.08 0.679
55 0.008 0.599
55 0.008 0.591
53 0.08 0
53 0.008 0
54 0.08 0
54 0.008 0
55 0.08 0.583
55 0.008 0.503
55 0.008 0.495
53 0.08 0
53 0.008 0
54 0.08 0
54 0.008 0
55 0.08 0.487
55 0.008 0.407
55 0.008 0.399
53 0.08 0
53 0.008 0
54 0.08 0
54 0.008 0
54 0.008 0
55 0.08 0.391
55 0.008 0.311
55 0.008 0.303
53 0.08 0
53 0.008 0
53 0.008 0
54 0.08 0
54 0.008 0
54 0.008 0
55 0.08 0.295
55 0.008 0.215
55 0.008 0.207
53 0.08 0
53 0.008 0
54 0.08 0.727
54 0.008 0.647
54 0.008 0.639
55 0.08 0.199
55 0.008 0.119
55 0.008 0.111
53 0.08 0.727
53 0.008 0.647
54 0.08 0.631
54 0.008 0.551
54 0.008 0.543
55 0.08 0.103
55 0.008 0.023
55 0.008 0.015
53 0.08 0.639
53 0.008 0.559
54 0.08 0.535
54 0.008 0.455
55 0.08 0.007
55 0.008 0
55 0.008 0
54 0.16 0.447
51 0.016 5
53 0.016 0.551
53 0.08 0.535
53 0.008 0.455
53 0.16 0.447
53 0.08 0.287
53 0.008 0.207
54 0.08 0.287
54 0.008 0.207
54 0.008 0.199
55 0.08 0
55 0.008 0
55 0.008 0
53 0.16 0.199
54 0.016 0.191
54 0.08 0.175
54 0.008 0.095
54 0.16 0.087
51 0.016 4.984
53 0.08 0.039
53 0.008 0
53 0.008 0
54 0.08 0
54 0.008 0
54 0.008 0
55 0.08 0
55 0.008 0
55 0.008 0
55 0.16 0
52 0.016 5
52 0.08 4.984
52 0.008 4.904
53 0.08 0
53 0.008 0
54 0.08 0
54 0.008 0
54 0.008 0
55 0.08 0.727
55 0.008 0.647
55 0.008 0.639
53 0.08 0
53 0.008 0
54 0.08 0
54 0.008 0
54 0.008 0
55 0.08 0.631
55 0.008 0.551
55 0.008 0.543
53 0.08 0
53 0.008 0
54 0.08 0
54 0.008 0
55 0.08 0.535
55 0.008 0.455
55 0.008 0.447
53 0.08 0
53 0.008 0
54 0.08 0
54 0.008 0
55 0.08 0.439
55 0.008 0.359
55 0.008 0.351
52 0.08 4.896
52 0.008 4.816
53 0.08 0
53 0.008 0
54 0.08 0
54 0.008 0
54 0.008 0
55 0.08 0.343
55 0.008 0.263
52 0.16 4.808
55 0.016 0.255
55 0.08 0.239
55 0.008 0.159
55 0.16 0.151
52 0.08 4.942
52 0.008 4.862
53 0.08 0
53 0.008 0
54 0.08 0.294
54 0.008 0.214
54 0.008 0.206
55 0.08 0
55 0.008 0
55 0.008 0
52 0.08 4.854
52 0.008 4.774
53 0.08 0.294
53 0.008 0.214
54 0.08 0.198
54 0.008 0.118
54 0.008 0.11
55 0.08 0
55 0.008 0
55 0.008 0
52 0.08 4.766
52 0.008 4.686
53 0.08 0.206
53 0.008 0.126
54 0.08 0.102
54 0.008 0.022
55 0.08 0
55 0.008 0
55 0.008 0
54 0.16 0.014
51 0.016 5
53 0.016 0.118
53 0.08 0.102
53 0.008 0.022
53 0.16 0.014
51 0.08 4.984
51 0.008 4.904
52 0.08 4.678
52 0.008 4.598
53 0.08 0
53 0.008 0
54 0.08 0
54 0.008 0
55 0.08 0
55 0.008 0
55 0.008 0
52 0.08 4.59
52 0.008 4.51
54 0.08 0
54 0.008 0
54 0.008 0
55 0.08 0
55 0.008 0
55 0.008 0
55 0.16 0
52 0.016 4.502
52 0.08 4.486
52 0.008 4.406
52 0.16 4.398
52 0.08 4.238
52 0.008 4.158
54 0.08 0
54 0.008 0
54 0.008 0
55 0.08 0.294
55 0.008 0.214
55 0.008 0.206
52 0.08 4.15
52 0.008 4.07
53 0.08 0
53 0.008 0
54 0.08 0
54 0.008 0
54 0.008 0
55 0.08 0.198
55 0.008 0.118
55 0.008 0.11
52 0.08 4.062
52 0.008 3.982
53 0.08 0
53 0.008 0
54 0.08 0
54 0.008 0
55 0.08 0.102
55 0.008 0.022
55 0.008 0.014
52 0.08 3.974
52 0.008 3.894
52 0.008 3.886
53 0.08 0
53 0.008 0
54 0.08 0
54 0.008 0
55 0.08 0.006
55 0.008 0
55 0.008 0
51 0.08 4.896
51 0.008 4.816
52 0.08 3.878
52 0.008 3.798
54 0.08 0
54 0.008 0
54 0.008 0
55 0.08 0
55 0.008 0
55 0.008 0
52 0.16 3.79
55 0.016 0
55 0.08 0
55 0.008 0
55 0.16 0
51 0.08 5
51 0.008 4.92
52 0.08 3.834
52 0.008 3.754
54 0.08 0.204
54 0.008 0.124
54 0.008 0.116
55 0.08 0
55 0.008 0
55 0.008 0
52 0.08 3.746
52 0.008 3.666
54 0.08 0.108
54 0.008 0.028
54 0.008 0.02
55 0.08 0
55 0.008 0
55 0.008 0
52 0.08 3.658
52 0.008 3.578
52 0.008 3.57
54 0.08 0.012
54 0.008 0
55 0.08 0
55 0.008 0
55 0.008 0
55 0.008 0
54 0.16 0
51 0.016 4.912
53 0.016 0.204
52 0.08 3.562
52 0.008 3.482
52 0.008 3.474
52 0.008 3.466
54 0.08 0
54 0.008 0
55 0.08 0
55 0.008 0
55 0.008 0
55 0.008 0
51 0.08 4.896
51 0.008 4.816
52 0.08 3.458
52 0.008 3.378
54 0.08 0
54 0.008 0
55 0.08 0
55 0.008 0
55 0.008 0
55 0.16 0
52 0.016 3.37
52 0.08 3.354
52 0.008 3.274
52 0.16 3.266
52 0.08 3.106
52 0.008 3.026
54 0.08 0
54 0.008 0
54 0.008 0
55 0.08 0.204
55 0.008 0.124
55 0.008 0.116
52 0.08 3.018
52 0.008 2.938
54 0.08 0
54 0.008 0
54 0.008 0
55 0.08 0.108
55 0.008 0.028
55 0.008 0.02
52 0.08 2.93
52 0.008 2.85
54 0.08 0
54 0.008 0
54 0.008 0
55 0.08 0.012
55 0.008 0
55 0.008 0
52 0.08 2.842
52 0.008 2.762
52 0.008 2.754
54 0.08 0
54 0.008 0
55 0.08 0
55 0.008 0
55 0.008 0
51 0.08 4.808
51 0.008 4.728
52 0.08 2.746
52 0.008 2.666
52 0.008 2.658
54 0.08 0
54 0.008 0
55 0.08 0
55 0.008 0
55 0.008 0
52 0.16 2.65
55 0.016 0
55 0.08 0
55 0.008 0
55 0.16 0
51 0.08 4.886
51 0.008 4.806
52 0.08 2.656
52 0.008 2.576
54 0.08 0.166
54 0.008 0.086
54 0.008 0.078
55 0.08 0
55 0.008 0
52 0.08 2.568
52 0.008 2.488
54 0.08 0.07
54 0.008 0
54 0.008 0
55 0.08 0
55 0.008 0
55 0.008 0
52 0.08 2.48
52 0.008 2.4
54 0.08 0
54 0.008 0
54 0.008 0
55 0.08 0
55 0.008 0
55 0.008 0
54 0.16 0
51 0.016 4.798
53 0.016 0.354
52 0.08 2.392
52 0.008 2.312
52 0.008 2.304
54 0.08 0
54 0.008 0
55 0.08 0
55 0.008 0
55 0.008 0
51 0.08 4.782
51 0.008 4.702
52 0.08 2.296
52 0.008 2.216
52 0.008 2.208
54 0.08 0
54 0.008 0
55 0.08 0
55 0.008 0
55 0.008 0
55 0.16 0
52 0.016 2.2
52 0.08 2.184
52 0.008 2.104
52 0.16 2.096
51 0.16 4.694
54 0.016 0
54 0.08 0
54 0.008 0
54 0.16 0
53 0.016 0.338
51 0.08 4.534
51 0.008 4.454
52 0.08 1.936
52 0.008 1.856
54 0.08 0
54 0.008 0
55 0.08 0.166
55 0.008 0.086
52 0.08 1.848
52 0.008 1.768
54 0.08 0
54 0.008 0
54 0.008 0
55 0.08 0.078
55 0.008 0
55 0.008 0
52 0.08 1.76
52 0.008 1.68
54 0.08 0
54 0.008 0
54 0.008 0
55 0.08 0
55 0.008 0
55 0.008 0
52 0.08 1.672
52 0.008 1.592
54 0.08 0
54 0.008 0
55 0.08 0
55 0.008 0
55 0.008 0
52 0.08 1.584
52 0.008 1.504
52 0.008 1.496
54 0.08 0
54 0.008 0
55 0.08 0
55 0.008 0
55 0.008 0
52 0.16 1.488
55 0.016 0
55 0.08 0
55 0.008 0
55 0.16 0
51 0.08 4.623
51 0.008 4.543
52 0.08 1.505
52 0.008 1.425
54 0.08 0.177
54 0.008 0.097
55 0.08 0
55 0.008 0
55 0.008 0
51 0.08 4.535
51 0.008 4.455
52 0.08 1.417
52 0.008 1.337
54 0.08 0.089
54 0.008 0.009
54 0.008 0.001
55 0.08 0
55 0.008 0
55 0.008 0
52 0.08 1.329
52 0.008 1.249
54 0.08 0
54 0.008 0
54 0.008 0
55 0.08 0
55 0.008 0
55 0.008 0
54 0.16 0
51 0.016 4.447
53 0.016 0.499
52 0.08 1.241
52 0.008 1.161
54 0.08 0
54 0.008 0
55 0.08 0
55 0.008 0
55 0.008 0
52 0.08 1.153
52 0.008 1.073
52 0.008 1.065
54 0.08 0
54 0.008 0
55 0.08 0
55 0.008 0
55 0.008 0
55 0.16 0
52 0.016 1.057
52 0.08 1.041
52 0.008 0.961
52 0.16 0.953
51 0.08 4.431
51 0.008 4.351
52 0.08 0.793
52 0.008 0.713
52 0.008 0.705
54 0.08 0
54 0.008 0
55 0.08 0.177
55 0.008 0.097
55 0.008 0.089
51 0.08 4.343
51 0.008 4.263
52 0.08 0.697
52 0.008 0.617
54 0.08 0
54 0.008 0
55 0.08 0.081
55 0.008 0.001
52 0.08 0.609
52 0.008 0.529
52 0.008 0.521
54 0.08 0
54 0.008 0
54 0.008 0
55 0.08 0
55 0.008 0
55 0.008 0
55 0.008 0
52 0.08 0.513
52 0.008 0.433
52 0.008 0.425
54 0.08 0
54 0.008 0
55 0.08 0
55 0.008 0
55 0.008 0
55 0.008 0
52 0.08 0.417
52 0.008 0.337
52 0.008 0.329
52 0.008 0.321
54 0.08 0
54 0.008 0
55 0.08 0
55 0.008 0
55 0.008 0
55 0.008 0
52 0.16 0.313
55 0.016 0
55 0.08 0
55 0.008 0
55 0.16 0
51 0.08 4.95
51 0.008 4.87
52 0.08 0.848
52 0.008 0.768
52 0.008 0.76
52 0.008 0.752
54 0.08 0.695
54 0.008 0.615
55 0.08 0
55 0.008 0
55 0.008 0
55 0.008 0
52 0.08 0.744
52 0.008 0.664
54 0.08 0.607
54 0.008 0.527
55 0.08 0
55 0.008 0
52 0.08 0.656
52 0.008 0.576
54 0.08 0.519
54 0.008 0.439
54 0.008 0.431
55 0.08 0
55 0.008 0
55 0.008 0
54 0.16 0.423
51 0.016 4.862
53 0.016 1.178
52 0.08 0.568
52 0.008 0.488
52 0.008 0.48
54 0.08 0.263
54 0.008 0.183
55 0.08 0
55 0.008 0
55 0.008 0
55 0.008 0
52 0.08 0.472
52 0.008 0.392
52 0.008 0.384
54 0.08 0.175
54 0.008 0.095
55 0.08 0
55 0.008 0
55 0.008 0
55 0.16 0
52 0.016 0.376
52 0.08 0.36
52 0.008 0.28
52 0.16 0.272
52 0.08 0.112
52 0.008 0.032
52 0.008 0.024
54 0.08 0.087
54 0.008 0.007
55 0.08 0.695
55 0.008 0.615
55 0.008 0.607
51 0.08 4.846
51 0.008 4.766
52 0.08 0.016
52 0.008 0
52 0.008 0
54 0.08 0
54 0.008 0
55 0.08 0.599
55 0.008 0.519
52 0.08 0
52 0.008 0
54 0.08 0
54 0.008 0
55 0.08 0.511
55 0.008 0.431
55 0.008 0.423
52 0.08 0
52 0.008 0
54 0.08 0
54 0.008 0
55 0.08 0.415
55 0.008 0.335
55 0.008 0.327
52 0.08 0
52 0.008 0
52 0.008 0
54 0.08 0
54 0.008 0
55 0.08 0.319
55 0.008 0.239
55 0.008 0.231
52 0.16 0
55 0.016 0.223
55 0.08 0.207
55 0.008 0.127
55 0.16 0.119
52 0.08 0.155
52 0.008 0.075
52 0.008 0.067
54 0.08 0.155
54 0.008 0.075
55 0.08 0
55 0.008 0
55 0.008 0
51 0.08 4.913
51 0.008 4.833
52 0.08 0.059
52 0.008 0
52 0.008 0
54 0.08 0.067
54 0.008 0
55 0.08 0
55 0.008 0
52 0.08 0
52 0.008 0
55 0.08 0
55 0.008 0
52 0.08 0
52 0.008 0
53 0.08 1.317
53 0.008 1.237
54 0.08 0
54 0.008 0
55 0.08 0
55 0.008 0
55 0.008 0
53 0.16 1.229
54 0.016 0
54 0.08 0
54 0.008 0
54 0.16 0
52 0.08 0
52 0.008 0
52 0.008 0
53 0.08 1.069
53 0.008 0.989
54 0.08 0
54 0.008 0
54 0.008 0
55 0.08 0
55 0.008 0
55 0.008 0
55 0.16 0
52 0.016 0
52 0.08 0
52 0.008 0
52 0.16 0
52 0.08 0
52 0.008 0
52 0.008 0
53 0.08 0.981
53 0.008 0.901
54 0.08 0
54 0.008 0
54 0.008 0
55 0.08 0.155
55 0.008 0.075
55 0.008 0.067
51 0.08 4.825
51 0.008 4.745
52 0.08 0
52 0.008 0
52 0.008 0
53 0.08 0.893
53 0.008 0.813
54 0.08 0
54 0.008 0
54 0.008 0
55 0.08 0.059
55 0.008 0
51 0.08 4.737
51 0.008 4.657
52 0.08 0
52 0.008 0
53 0.08 0.805
53 0.008 0.725
54 0.08 0
54 0.008 0
55 0.08 0
55 0.008 0
52 0.08 0
52 0.008 0
55 0.08 0
55 0.008 0
55 0.008 0
52 0.08 0
52 0.008 0
52 0.008 0
55 0.08 0
55 0.008 0
55 0.008 0
52 0.16 0
55 0.016 0
55 0.08 0
55 0.008 0
55 0.16 0
52 0.08 0.707
52 0.008 0.627
52 0.008 0.619
54 0.08 0.707
54 0.008 0.627
55 0.08 0
55 0.008 0
55 0.008 0
52 0.08 0.611
52 0.008 0.531
52 0.008 0.523
54 0.08 0.619
54 0.008 0.539
55 0.08 0
55 0.008 0
52 0.08 0.515
52 0.008 0.435
52 0.008 0.427
55 0.08 0
55 0.008 0
52 0.08 0.419
52 0.008 0.339
55 0.08 0
55 0.008 0
52 0.08 0.331
52 0.008 0.251
52 0.008 0.243
55 0.08 0
55 0.008 0
55 0.008 0
55 0.16 0
52 0.016 0.235
52 0.08 0.219
52 0.008 0.139
52 0.16 0.131
52 0.08 0
52 0.008 0
52 0.008 0
55 0.08 0.707
55 0.008 0.627
55 0.008 0.619
52 0.08 0
52 0.008 0
52 0.008 0
55 0.08 0.611
55 0.008 0.531
52 0.08 0
52 0.008 0
52 0.008 0
55 0.08 0.523
55 0.008 0.443
52 0.08 0
52 0.008 0
55 0.08 0.435
55 0.008 0.355
52 0.08 0
52 0.008 0
55 0.08 0.347
55 0.008 0.267
55 0.008 0.259
52 0.16 0
55 0.016 0.251
55 0.08 0.235
55 0.008 0.155
55 0.16 0.147
52 0.08 0.492
52 0.008 0.412
52 0.008 0.404
55 0.08 0
55 0.008 0
55 0.008 0
52 0.08 0.396
52 0.008 0.316
52 0.008 0.308
55 0.08 0
55 0.008 0
51 0.08 5
51 0.008 4.92
52 0.08 0.3
52 0.008 0.22
52 0.008 0.212
55 0.08 0
55 0.008 0
51 0.08 4.912
51 0.008 4.832
52 0.08 0.204
52 0.008 0.124
55 0.08 0
55 0.008 0
52 0.08 0.116
52 0.008 0.036
55 0.08 0
55 0.008 0
55 0.16 0
52 0.016 0.028
52 0.08 0.012
52 0.008 0
52 0.16 0
52 0.08 0
52 0.008 0
52 0.008 0
55 0.08 0.492
55 0.008 0.412
55 0.008 0.404
52 0.08 0
52 0.008 0
52 0.008 0
55 0.08 0.396
55 0.008 0.316
51 0.08 4.824
51 0.008 4.744
52 0.08 0
52 0.008 0
52 0.008 0
55 0.08 0.308
55 0.008 0.228
51 0.08 4.736
51 0.008 4.656
52 0.08 0
52 0.008 0
52 0.008 0
55 0.08 0.22
55 0.008 0.14
51 0.08 4.648
51 0.008 4.568
52 0.08 0
52 0.008 0
55 0.08 0.132
55 0.008 0.052
52 0.16 0
55 0.016 0.044
55 0.08 0.028
55 0.008 0
55 0.16 0
52 0.08 0.699
52 0.008 0.619
52 0.008 0.611
55 0.08 0
55 0.008 0
52 0.08 0.603
52 0.008 0.523
52 0.008 0.515
55 0.08 0
55 0.008 0
51 0.08 5
51 0.008 4.92
52 0.08 0.507
52 0.008 0.427
52 0.008 0.419
55 0.08 0
55 0.008 0
51 0.08 4.912
51 0.008 4.832
52 0.08 0.411
52 0.008 0.331
52 0.008 0.323
55 0.08 0
55 0.008 0
52 0.08 0.315
52 0.008 0.235
55 0.08 0
55 0.008 0
55 0.16 0
52 0.016 0.227
52 0.08 0.211
52 0.008 0.131
52 0.16 0.123
52 0.008 0
52 0.08 0
52 0.008 0
55 0.08 0.699
55 0.008 0.619
52 0.008 0
52 0.08 0
52 0.008 0
52 0.008 0
55 0.08 0.611
55 0.008 0.531
52 0.008 0
52 0.08 0
52 0.008 0
52 0.008 0
55 0.08 0.523
55 0.008 0.443
52 0.008 0
52 0.08 0
52 0.008 0
52 0.008 0
55 0.08 0.435
55 0.008 0.355
52 0.008 0
51 0.08 4.824
51 0.008 4.744
52 0.08 0
52 0.008 0
54 0.08 1.722
54 0.008 1.642
55 0.08 0.347
55 0.008 0.267
52 0.16 0
55 0.016 0.259
55 0.08 0.243
55 0.008 0.163
55 0.16 0.155
52 0.008 0
55 0.008 0
51 0.08 4.954
51 0.008 4.874
52 0.08 0.218
52 0.008 0.138
54 0.08 1.852
54 0.008 1.772
52 0.008 0.13
55 0.008 0
51 0.08 4.866
51 0.008 4.786
52 0.08 0.122
52 0.008 0.042
52 0.008 0.034
54 0.08 1.764
54 0.008 1.684
52 0.008 0.026
55 0.008 0
52 0.08 0.018
52 0.008 0
52 0.008 0
52 0.008 0
55 0.008 0
52 0.08 0
52 0.008 0
52 0.008 0
52 0.008 0
55 0.008 0
52 0.08 0
52 0.008 0
52 0.008 0
55 0.008 0
52 0.08 0
52 0.008 0
52 0.008 0
55 0.008 0.218
52 0.08 0
52 0.008 0
52 0.008 0
52 0.008 0
55 0.008 0.21
52 0.08 0
52 0.008 0
52 0.008 0
52 0.008 0
55 0.008 0.202
52 0.08 0
52 0.008 0
52 0.008 0
52 0.008 0
55 0.008 0.194
52 0.08 0
52 0.008 0
52 0.16 0
55 0.016 0.186
53 0.016 2.833
51 0.016 4.778
54 0.016 1.676
52 0.008 0
55 0.008 0.17
52 0.08 0.634
52 0.008 0.554
52 0.008 0.546
55 0.008 0.162
52 0.08 0.538
52 0.008 0.458
52 0.008 0.45
55 0.008 0.154
52 0.08 0.442
52 0.008 0.362
52 0.008 0.354
52 0.008 0.346
55 0.008 0.146
52 0.08 0.338
52 0.008 0.258
52 0.008 0.25
52 0.008 0.242
55 0.008 0.138
52 0.08 0.234
52 0.008 0.154
55 0.008 0.13
52 0.08 0.146
52 0.008 0.066
55 0.008 0.756
52 0.08 0.058
52 0.008 0
55 0.008 0.748
52 0.08 0
52 0.008 0
52 0.08 0
52 0.008 0
52 0.008 0
52 0.08 0
52 0.008 0
52 0.16 0
55 0.016 0.74
51 0.016 5
54 0.016 2.294
52 0.08 0.295
52 0.008 0.215
52 0.08 0.207
52 0.008 0.127
52 0.08 0.119
52 0.008 0.039
52 0.08 0.031
52 0.008 0
52 0.008 0
52 0.08 0
52 0.008 0
52 0.08 0
52 0.008 0
52 0.08 0
52 0.008 0
52 0.08 0
52 0.008 0
52 0.08 0
52 0.008 0
52 0.08 0
52 0.008 0
52 0.16 0
55 0.016 1.019
53 0.016 3.746
54 0.016 2.573
51 0.016 5
52 0.08 0.274
52 0.008 0.194
52 0.08 0.186
52 0.008 0.106
52 0.08 0.098
52 0.008 0.018
52 0.08 0.01
52 0.008 0
52 0.08 0
52 0.008 0
53 0.08 4.004
53 0.008 3.924
55 0.08 1.277
55 0.008 1.197
52 0.08 0
52 0.008 0
53 0.08 3.916
53 0.008 3.836
55 0.08 1.189
55 0.008 1.109
52 0.08 0
52 0.008 0
53 0.08 3.828
53 0.008 3.748
55 0.08 1.101
55 0.008 1.021
52 0.08 0
52 0.008 0
53 0.08 3.74
53 0.008 3.66
55 0.08 1.013
55 0.008 0.933
52 0.08 0.566
52 0.008 0.486
52 0.08 0.478
52 0.008 0.398
52 0.08 0.39
52 0.008 0.31
52 0.08 0.302
52 0.008 0.222
52 0.08 0.214
52 0.008 0.134
52 0.08 0.126
52 0.008 0.046
52 0.08 0.038
52 0.008 0
53 0.008 4.355
53 0.008 4.347
53 0.008 4.379
53 0.008 4.371
53 0.008 4.363
53 0.008 4.355
53 0.008 4.347
53 0.008 4.339
51 0.08 5
51 0.008 4.92
52 0.08 0.177
52 0.008 0.097
54 0.08 3.574
54 0.008 3.494
55 0.08 1.668
55 0.008 1.588
53 0.008 4.331
51 0.08 4.912
51 0.008 4.832
52 0.08 0.089
52 0.008 0.009
54 0.08 3.486
54 0.008 3.406
55 0.08 1.58
55 0.008 1.5
53 0.008 4.323
51 0.08 4.824
51 0.008 4.744
52 0.08 0.001
52 0.008 0
54 0.08 3.398
54 0.008 3.318
55 0.08 1.492
55 0.008 1.412
52 0.16 0
51 0.016 4.736
51 0.08 4.72
51 0.008 4.64
51 0.16 4.632
53 0.008 4.315
51 0.08 5
51 0.008 4.92
52 0.08 0.699
52 0.008 0.619
54 0.08 4.009
54 0.008 3.929
55 0.08 1.404
55 0.008 1.324
51 0.08 4.912
51 0.008 4.832
51 0.008 4.824
52 0.08 0.611
52 0.008 0.531
55 0.08 1.316
55 0.008 1.236
51 0.08 4.816
51 0.008 4.736
55 0.08 1.228
55 0.008 1.148