55 753
51 755
54 757
52 758
56 760
58 763
60 765
59 766
53 769
57 771
55 773
51 775
54 777
52 778
56 780
58 783
60 785
59 786
53 789
57 791
55 793
51 795
54 797
52 798
56 800
58 803
60 805
59 806
53 809
57 811
55 813
51 815
54 817
52 818
56 820
58 823
60 825
59 826
53 829
57 831
55 833
51 835
54 837
52 838
56 840
58 843
60 845
59 846
53 849
57 851
55 853
51 855
54 857
52 858
56 860
58 863
60 865
59 866
53 869
57 871
55 873
51 875
54 877
52 878
56 880
58 883
60 885
59 886
53 889
57 891
55 893
51 895
54 897
52 898
56 900
58 903
60 905
59 906
53 909
57 911
55 913
51 915
54 917
52 918
56 920
58 923
60 925
59 926
53 929
57 931
55 933
51 935
54 937
52 938
56 940
58 943
60 945
59 946
53 949
57 951
55 953
51 955
54 957
52 958
56 960
58 963
60 965
59 966
53 969
57 971
55 973
51 975
54 977
52 978
56 980
58 983
60 985
59 986
53 989
57 991
55 993
51 995
54 997
52 998
56 1000
58 1003
60 1005
59 1006
53 1009
57 1011
55 1013
51 1015
54 1017
52 1018
56 1020
58 1023
60 1025
59 1026
53 1029
57 1031
55 1033
51 1035
54 1037
52 1038
56 1040
58 1043
60 1045
59 1046
53 1049
57 1051
55 1053
51 1055
54 1057
52 1058
56 1060
58 1063
60 1065
59 1066
53 1069
57 1071
55 1073
51 1075
54 1077
52 1078
56 1080
58 1083
60 1085
59 1086
53 1089
57 1091
55 1093
51 1095
54 1097
52 1098
56 1100
58 1103
60 1105
59 1106
53 1109
57 1111
55 1113
51 1115
54 1117
52 1118
56 1120
58 1123
60 1125
59 1126
53 1129
57 1131
55 1133
51 1135
54 1137
52 1138
56 1140
58 1143
60 1145
59 1146
53 1149
57 1151
55 1153
51 1155
54 1157
52 1158
56 1160
58 1163
60 1165
59 1166
53 1169
57 1171
55 1173
51 1175
54 1177
52 1178
56 1180
58 1183
60 1185
59 1186
53 1189
57 1191
55 1193
51 1195
54 1197
52 1198
56 1200
58 1203
60 1205
59 1206
53 1209
57 1211
55 1213
51 1215
54 1217
52 1218
56 1220
58 1223
60 1225
59 1226
53 1229
57 1231
55 1233
51 1235
54 1237
52 1238
56 1240
58 1243
60 1245
59 1246
53 1249
57 1251
55 1253
51 1255
54 1257
52 1258
56 1260
58 1263
60 1265
59 1266
53 1269
57 1271
55 1273
51 1275
54 1277
52 1278
56 1280
58 1283
60 1285
59 1286
53 1289
57 1291
55 1293
51 1295
54 1297
52 1298
56 1300
58 1303
60 1305
59 1306
53 1309
57 1311
55 1313
51 1315
54 1317
52 1318
56 1320
58 1323
60 1325
59 1326
53 1329
57 1331
55 1333
51 1335
54 1337
52 1338
56 1340
58 1343
60 1345
59 1346
53 1349
57 1351
55 1353
51 1355
54 1357
52 1358
56 1360
58 1363
60 1365
59 1366
53 1369
57 1371
55 1373
51 1375
54 1377
52 1378
56 1380
58 1383
60 1385
59 1386
53 1389
57 1391
55 1393
51 1395
54 1397
52 1398
56 1400
58 1403
60 1405
59 1406
53 1409
57 1411
55 1413
51 1415
54 1417
52 1418
56 1420
58 1423
60 1425
59 1426
53 1429
57 1431
55 1433
51 1435
54 1437
52 1438
56 1440
58 1443
60 1445
59 1446
53 1449
57 1451
55 1453
51 1455
54 1457
52 1458
56 1460
58 1463
60 1465
59 1466
53 1469
57 1471
55 1473
51 1475
54 1477
52 1478
56 1480
58 1483
60 1485
59 1486
53 1489
57 1491
55 1493
51 1495
54 1497
52 1498
56 1500
58 1503
60 1505
59 1506
53 1509
57 1511
55 1513
51 1515
54 1517
52 1518
56 1520
58 1523
60 1525
59 1526
53 1529
57 1531
55 1533
51 1535
54 1537
52 1538
56 1540
58 1543
60 1545
59 1546
53 1549
57 1551
55 1553
51 1555
54 1557
52 1558
56 1560
58 1563
60 1565
59 1566
53 1569
57 1571
55 1573
51 1575
54 1577
52 1578
56 1580
58 1583
60 1585
59 1586
53 1589
57 1591
55 1593
51 1595
54 1597
52 1598
56 1600
58 1603
60 1605
59 1606
53 1609
57 1611
55 1613
51 1615
54 1617
52 1618
56 1620
58 1623
60 1625
59 1626
53 1629
57 1631
55 1633
51 1635
54 1637
52 1638
56 1640
58 1643
60 1645
59 1646
53 1649
57 1651
55 1653
51 1655
54 1657
52 1658
56 1660
58 1663
60 1665
59 1666
53 1669
57 1671
55 1673
51 1675
54 1677
52 1678
56 1680
58 1683
60 1685
59 1686
53 1689
57 1691
55 1693
51 1695
54 1697
52 1698
56 1700
58 1703
60 1705
59 1706
53 1709
57 1711