753 55 0 100 233402
773 55 0 100 221732
793 55 0 100 198392
813 55 0 100 175051
833 55 0 100 175051
966 59 0 100 23340
971 57 0 100 175051
975 51 0 100 256742
986 59 0 100 23340
991 57 0 100 186721
995 51 0 100 233402
1006 59 0 100 46681
1011 57 0 100 210062
1015 51 0 100 221731
1025 60 0 100 46681
1026 59 0 100 58351
1031 57 0 100 233402
1035 51 0 100 198391
1045 60 0 100 58351
1046 59 0 100 81691
1051 57 0 100 233402
1055 51 0 100 175051
1065 60 0 100 70021
1066 59 0 100 93361
1071 57 0 100 245072
1075 51 0 100 163381
1085 60 0 100 81691
1086 59 0 100 116701
1091 57 0 100 233402
1095 51 0 100 140041
1105 60 0 100 93361
1106 59 0 100 128371
1111 57 0 100 210062
1115 51 0 100 116701
1125 60 0 100 116701
1126 59 0 100 151711
1131 57 0 100 186721
1135 51 0 100 105030
1145 60 0 100 128371
1146 59 0 100 175052
1151 57 0 100 175051
1155 51 0 100 81690
1163 58 0 100 58350
1165 60 0 100 151711
1166 59 0 100 186722
1171 57 0 100 151711
1175 51 0 100 58350
1183 58 0 100 46680
1185 60 0 100 163382
1186 59 0 100 210062
1191 57 0 100 128371
1195 51 0 100 46680
1203 58 0 100 23340
1205 60 0 100 175052
1206 59 0 100 233402
1211 57 0 100 116701
1215 51 0 100 35010
1223 58 0 100 11670
1225 60 0 100 186722
1226 59 0 100 245072
1231 57 0 100 105031
1235 51 0 100 11670
1237 54 0 100 46680
1238 52 0 100 70020
1240 56 0 100 105031
1243 58 0 100 23340
1245 60 0 100 198392
1246 59 0 100 245072
1251 57 0 100 81690
1255 51 0 100 23340
1257 54 0 100 70020
1258 52 0 100 46680
1260 56 0 100 128371
1263 58 0 100 46680
1265 60 0 100 186722
1266 59 0 100 233402
1271 57 0 100 58350
1275 51 0 100 46680
1277 54 0 100 81691
1278 52 0 100 35010
1280 56 0 100 140041
1283 58 0 100 58350
1285 60 0 100 175052
1286 59 0 100 210062
1289 53 0 100 93361
1291 57 0 100 46680
1295 51 0 100 58350
1297 54 0 100 93361
1298 52 0 100 11670
1300 56 0 100 151711
1303 58 0 100 70021
1305 60 0 100 163382
1309 53 0 100 70021
1311 57 0 100 23340
1315 51 0 100 70020
1317 54 0 100 116701
1318 52 0 100 23340
1320 56 0 100 175051
1323 58 0 100 81691
1325 60 0 100 151711
1329 53 0 100 46681
1337 54 0 100 128371
1338 52 0 100 46680
1340 56 0 100 186722
1343 58 0 100 93361
1345 60 0 100 128371
1349 53 0 100 35011
1353 55 0 100 140041
1357 54 0 100 140041
1358 52 0 100 58350
1360 56 0 100 186722
1363 58 0 100 116701
1365 60 0 100 128371
1369 53 0 100 11670
1373 55 0 100 128371
1375 51 0 100 128371
1377 54 0 100 151711
1378 52 0 100 70020
1380 56 0 100 198392
1383 58 0 100 128371
1385 60 0 100 105031
1389 53 0 100 23340
1393 55 0 100 105031
1397 54 0 100 175051
1398 52 0 100 81691
1400 56 0 100 186722
1403 58 0 100 151711
1405 60 0 100 93361
1409 53 0 100 35011
1413 55 0 100 93361
1417 54 0 100 186721
1418 52 0 100 93361
1420 56 0 100 175051
1423 58 0 100 163381
1429 53 0 100 46681
1433 55 0 100 70021
1437 54 0 100 198392
1438 52 0 100 116701
1440 56 0 100 163381
1443 58 0 100 175051
1449 53 0 100 70021
1453 55 0 100 58350
1457 54 0 100 186721
1458 52 0 100 128371
1460 56 0 100 151711
1463 58 0 100 186722
1469 53 0 100 81691
1473 55 0 100 46680
1477 54 0 100 175051
1480 56 0 100 128371
1483 58 0 100 198392
1489 53 0 100 93361
1493 55 0 100 23340
1497 54 0 100 175051
1498 52 0 100 186721
1500 56 0 100 116701
1503 58 0 100 186722
1509 53 0 100 116701
1513 55 0 100 11670
1517 54 0 100 151711
1518 52 0 100 198392
1523 58 0 100 175051
1529 53 0 100 128371
1533 55 0 100 11670
1537 54 0 100 140041
1549 53 0 100 140041
1553 55 0 100 35010
1569 53 0 100 151712
1573 55 0 100 46680
1589 53 0 100 175052
1593 55 0 100 70021
1609 53 0 100 186722
1613 55 0 100 93361
1629 53 0 100 198392
1633 55 0 100 116701
1649 53 0 100 198392
1653 55 0 100 128371
1669 53 0 100 186722
1673 55 0 100 151711
1689 53 0 100 175052
1693 55 0 100 175051