14 66 0 100 163381
26 65 0 100 210061
28 76 0 100 35011
38 67 0 100 58350
39 79 0 100 46680
40 56 0 100 58350
42 77 0 100 81691
54 66 0 100 175051
66 65 0 100 233402
68 76 0 100 23341
78 67 0 100 81691
106 65 0 100 245072
108 76 0 100 11671
146 65 0 100 245072
148 76 0 100 35011
186 65 0 100 233402
226 65 0 100 210061
328 61 0 100 175051
335 58 0 100 35011
368 61 0 100 198391
375 58 0 100 46681
408 61 0 100 221731
409 57 0 100 81691
411 69 0 100 70020
415 58 0 100 70021
431 52 0 100 186722
448 61 0 100 233402
455 58 0 100 81691
457 71 0 100 175052
466 65 0 100 105031
488 61 0 100 245072
491 69 0 100 35010
495 58 0 100 105031
497 71 0 100 198392
502 60 0 100 233402
508 76 0 100 221732
511 52 0 100 128372
512 73 0 100 233402
528 61 0 100 233402
529 57 0 100 140041
530 80 0 100 128371
531 69 0 100 11670
535 58 0 100 116701
537 71 0 100 221732
551 52 0 100 116701
568 61 0 100 221731
571 69 0 100 23340
575 58 0 100 140042
577 71 0 100 233402
578 70 0 100 233402
585 75 0 100 221732
591 52 0 100 93361
592 73 0 100 245072
595 51 0 100 35010
603 64 0 100 105031
607 68 0 100 93361
608 61 0 100 198391
610 80 0 100 93361
611 69 0 100 46680
615 58 0 100 163382
617 71 0 100 256743
618 70 0 100 245073
620 62 0 100 23340
625 75 0 100 233402
629 63 0 100 11670
631 52 0 100 70021
632 73 0 100 245072
635 51 0 100 46680
647 68 0 100 116701
648 61 0 100 175051
650 80 0 100 70021
651 69 0 100 46680
655 58 0 100 175052
657 71 0 100 233402
658 70 0 100 233402
660 62 0 100 46680
665 75 0 100 245072
669 63 0 100 23340
671 52 0 100 58351
672 73 0 100 245072
675 51 0 100 70020
687 68 0 100 128371
688 61 0 100 163381
690 80 0 100 58350
691 69 0 100 70020
695 58 0 100 198392
697 71 0 100 221732
698 70 0 100 221732
700 62 0 100 58350
705 75 0 100 245072
709 63 0 100 46680
711 52 0 100 46681
712 73 0 100 233402
715 51 0 100 81690
727 68 0 100 151711
728 61 0 100 140041
730 80 0 100 35010
731 69 0 100 81690
735 58 0 100 210062
737 71 0 100 198392
738 70 0 100 210062
740 62 0 100 70020
745 75 0 100 233402
749 63 0 100 58350
751 52 0 100 23341
752 73 0 100 210062
755 51 0 100 93361
767 68 0 100 163382
768 61 0 100 128371
770 80 0 100 23340
771 69 0 100 93360
775 58 0 100 233402
777 71 0 100 175052
778 70 0 100 186722
780 62 0 100 93361
783 78 0 100 128372
785 75 0 100 210062
789 63 0 100 70020
791 52 0 100 23341
792 73 0 100 186722
795 51 0 100 116701
803 64 0 100 175051
804 53 0 100 128372
807 68 0 100 175052
808 61 0 100 116701
810 80 0 100 23340
811 69 0 100 116701
815 58 0 100 245072
817 71 0 100 163382
818 70 0 100 175052
820 62 0 100 105031
823 78 0 100 151712
825 75 0 100 186721
829 63 0 100 81690
831 52 0 100 23341
832 73 0 100 175052
835 51 0 100 128371
843 64 0 100 198392
844 53 0 100 105031
845 72 0 100 233402
847 68 0 100 198392
848 61 0 100 93360
849 57 0 100 245072
850 80 0 100 35010
851 69 0 100 128371
855 58 0 100 233402
857 71 0 100 140042
858 70 0 100 151712
860 62 0 100 128371
863 78 0 100 163382
864 74 0 100 35010
865 75 0 100 175051
869 63 0 100 93360
871 52 0 100 46681
872 73 0 100 151711
875 51 0 100 151711
883 64 0 100 221732
885 72 0 100 245072
887 68 0 100 221732
888 61 0 100 70020
889 57 0 100 233402
890 80 0 100 46680
891 69 0 100 151711
895 58 0 100 221732
897 71 0 100 116701
898 70 0 100 128372
903 78 0 100 175052
904 74 0 100 46680
905 75 0 100 151711
909 63 0 100 116701
911 52 0 100 58351
912 73 0 100 128371
915 51 0 100 163381
916 59 0 100 175052
923 64 0 100 233402
924 53 0 100 58351
925 72 0 100 245072
927 68 0 100 233402
928 61 0 100 46680
930 80 0 100 70021
931 69 0 100 151711
935 58 0 100 198392
937 71 0 100 116701
938 70 0 100 116701
943 78 0 100 186722
944 74 0 100 70020
945 75 0 100 128371
949 63 0 100 128371
951 52 0 100 70021
952 73 0 100 116701
955 51 0 100 175051
956 59 0 100 186722
963 64 0 100 245072
964 53 0 100 35011
965 72 0 100 233402
967 68 0 100 256742
968 61 0 100 46680
970 80 0 100 81691
971 69 0 100 175051
975 58 0 100 175052
977 71 0 100 93361
978 70 0 100 93361
982 60 0 100 46681
983 78 0 100 198392
984 74 0 100 81690
985 75 0 100 116701
989 63 0 100 151711
991 52 0 100 93361
992 73 0 100 93361
995 51 0 100 186721
996 59 0 100 198392
999 79 0 100 35010
1000 56 0 100 46680
1002 77 0 100 151711
1003 64 0 100 233402
1004 53 0 100 11671
1005 72 0 100 210062
1007 68 0 100 233402
1010 80 0 100 93361
1011 69 0 100 186721
1015 58 0 100 163382
1017 71 0 100 70021
1018 70 0 100 70021
1022 60 0 100 70021
1023 78 0 100 186722
1024 74 0 100 93361
1025 75 0 100 93361
1029 63 0 100 163381
1031 52 0 100 105031
1032 73 0 100 70021
1035 51 0 100 198391
1036 59 0 100 186722
1039 79 0 100 11670
1040 56 0 100 23340
1042 77 0 100 128371
1043 64 0 100 221732
1044 53 0 100 23341
1045 72 0 100 186722
1047 68 0 100 221732
1048 61 0 100 35010
1050 80 0 100 105031
1051 69 0 100 198391
1055 58 0 100 151712
1057 71 0 100 46681
1058 70 0 100 46681
1062 60 0 100 81691
1063 78 0 100 175052
1064 74 0 100 116701
1065 75 0 100 70020
1068 76 0 100 58351
1069 63 0 100 175051
1071 52 0 100 128372
1072 73 0 100 46680
1076 59 0 100 175052
1079 79 0 100 23340
1080 56 0 100 35010
1082 77 0 100 116701
1083 64 0 100 198392
1084 53 0 100 35011
1085 72 0 100 175052
1088 61 0 100 46680
1090 80 0 100 128371
1091 69 0 100 186721
1092 54 0 100 81690
1095 58 0 100 128371
1097 71 0 100 35011
1098 70 0 100 35011
1101 55 0 100 151711
1102 60 0 100 93361
1103 78 0 100 163382
1104 74 0 100 128371
1105 75 0 100 58350
1106 65 0 100 186721
1108 76 0 100 46681
1109 63 0 100 186721
1111 52 0 100 140042
1112 73 0 100 35010
1116 59 0 100 163381
1118 67 0 100 70020
1119 79 0 100 46680
1120 56 0 100 58350
1122 77 0 100 93361
1123 64 0 100 175051
1124 53 0 100 46681
1125 72 0 100 151712
1130 80 0 100 140041
1131 69 0 100 175051
1132 54 0 100 93361
1134 66 0 100 163381
1135 58 0 100 116701
1138 70 0 100 23341
1140 62 0 100 210062
1141 55 0 100 128371
1142 60 0 100 116701
1143 78 0 100 151712
1144 74 0 100 151711
1145 75 0 100 46680
1146 65 0 100 198391
1148 76 0 100 23341
1149 63 0 100 198391
1151 52 0 100 151712
1152 73 0 100 11670
1156 59 0 100 151711
1158 67 0 100 81691
1159 79 0 100 58350
1160 56 0 100 70020
1162 77 0 100 70021
1163 64 0 100 163381
1164 53 0 100 70021
1165 72 0 100 128371
1169 57 0 100 93361
1170 80 0 100 151711
1171 69 0 100 163381
1172 54 0 100 116701
1178 70 0 100 23341
1181 55 0 100 116701
1182 60 0 100 128371
1183 78 0 100 140042
1185 75 0 100 23340
1186 65 0 100 198391
1189 63 0 100 186721
1191 52 0 100 175052
1192 73 0 100 23340
1196 59 0 100 128371
1198 67 0 100 93361
1199 79 0 100 70020
1200 56 0 100 81690
1202 77 0 100 46680
1203 64 0 100 140041
1204 53 0 100 70021
1205 72 0 100 116701
1209 57 0 100 70021
1210 80 0 100 175051
1211 69 0 100 151711
1212 54 0 100 140041
1218 70 0 100 35011
1221 55 0 100 93361
1222 60 0 100 140041
1223 78 0 100 128372
1225 75 0 100 23340
1226 65 0 100 186721
1228 76 0 100 46681
1229 63 0 100 175051
1231 52 0 100 186722
1232 73 0 100 35010
1238 67 0 100 105031
1239 79 0 100 81691
1240 56 0 100 93360
1242 77 0 100 35010
1243 64 0 100 128371
1244 53 0 100 93361
1245 72 0 100 105031
1249 57 0 100 46681
1250 80 0 100 186722
1251 69 0 100 140041
1254 66 0 100 198392
1258 70 0 100 46681
1261 55 0 100 70021
1262 60 0 100 163382
1263 78 0 100 105031
1266 65 0 100 175051
1268 76 0 100 46681
1269 63 0 100 186721
1271 52 0 100 198392
1272 73 0 100 46680
1278 67 0 100 128371
1279 79 0 100 93361
1280 56 0 100 105030
1282 77 0 100 11670
1283 64 0 100 116701
1284 53 0 100 105031
1289 57 0 100 35010
1290 80 0 100 198392
1291 69 0 100 128371
1294 66 0 100 198392
1298 70 0 100 70021
1301 55 0 100 46680
1302 60 0 100 175052
1303 78 0 100 93361
1304 74 0 100 210062
1306 65 0 100 151711
1308 76 0 100 70021
1309 63 0 100 163381
1311 52 0 100 198392
1312 73 0 100 70021
1318 67 0 100 140041
1319 79 0 100 116701
1320 56 0 100 128371
1322 77 0 100 23340
1323 64 0 100 93361
1324 53 0 100 128372
1329 57 0 100 11670
1330 80 0 100 198392
1331 69 0 100 105031
1334 66 0 100 186722
1338 70 0 100 93361
1341 55 0 100 35010
1342 60 0 100 186722
1343 78 0 100 70021
1346 65 0 100 140041
1348 76 0 100 81691
1349 63 0 100 140041
1351 52 0 100 198392
1352 73 0 100 81691
1358 67 0 100 151711
1359 79 0 100 128371
1360 56 0 100 140041
1362 77 0 100 35010
1363 64 0 100 70021
1364 53 0 100 140042
1369 57 0 100 23340
1370 80 0 100 186722
1371 69 0 100 105031
1374 66 0 100 175051
1378 70 0 100 105031
1381 55 0 100 23340
1382 60 0 100 198392
1383 78 0 100 58351
1386 65 0 100 128371
1388 76 0 100 93361
1398 67 0 100 175051
1399 79 0 100 151711
1400 56 0 100 151711
1402 77 0 100 46680
1404 53 0 100 151712
1410 80 0 100 175051
1414 66 0 100 151711
1418 70 0 100 128372
1421 55 0 100 23340
1423 78 0 100 46681
1426 65 0 100 105031
1428 76 0 100 116701
1429 63 0 100 140041
1438 67 0 100 175051
1439 79 0 100 163381
1440 56 0 100 163381
1442 77 0 100 70021
1444 53 0 100 175052
1450 80 0 100 151711
1454 66 0 100 140041
1461 55 0 100 35010
1463 78 0 100 23341
1466 65 0 100 93360
1468 76 0 100 128372
1471 52 0 100 163382
1478 67 0 100 186721
1479 79 0 100 175051
1480 56 0 100 175051
1482 77 0 100 81691
1484 53 0 100 186722
1490 80 0 100 140041
1494 66 0 100 128371
1501 55 0 100 46680
1503 78 0 100 23341
1506 65 0 100 70020
1508 76 0 100 140042
1518 67 0 100 198392
1519 79 0 100 186721
1520 56 0 100 186721
1522 77 0 100 93361
1524 53 0 100 198392
1534 66 0 100 116701
1541 55 0 100 70021
1543 78 0 100 23341
1546 65 0 100 70020
1548 76 0 100 151712
1558 67 0 100 186721
1559 79 0 100 198392
1560 56 0 100 198391
1562 77 0 100 116701
1564 53 0 100 198392
1574 66 0 100 93361
1583 78 0 100 46681
1586 65 0 100 46680
1588 76 0 100 175052
1598 67 0 100 175051
1599 79 0 100 186721
1600 56 0 100 186721
1604 53 0 100 186722
1614 66 0 100 81691
1626 65 0 100 35010
1628 76 0 100 186722
1632 73 0 100 198392
1638 67 0 100 151711
1639 79 0 100 175051
1640 56 0 100 175051
1644 53 0 100 175052
1648 61 0 100 186721
1654 66 0 100 70021
1666 65 0 100 23340
1668 76 0 100 198392
1678 67 0 100 140041
1694 66 0 100 46680
1706 65 0 100 11670
1708 76 0 100 186722
1718 67 0 100 128371
1734 66 0 100 35010
1746 65 0 100 35010
1748 76 0 100 186722
1758 67 0 100 116701
1774 66 0 100 23340
1786 65 0 100 46680
1788 76 0 100 175052
1798 67 0 100 93361
1818 70 0 100 163382
1826 65 0 100 70020
1828 76 0 100 151712
1866 65 0 100 93360
1868 76 0 100 140042
1897 71 0 100 128371
1906 65 0 100 116701
1912 73 0 100 151711