52 14
54 18
53 21
55 22
51 24
52 29
54 33
53 36
55 37
51 39
52 44
54 48
53 51
55 52
51 54
52 59
54 63
53 66
55 67
51 69
52 74
54 78
53 81
55 82
51 84
52 89
54 93
53 96
55 97
51 99
52 104
54 108
53 111
55 112
51 114
52 119
54 123
53 126
55 127
51 129
52 134
54 138
53 141
55 142
51 144
52 149
54 153
53 156
55 157
51 159
52 164
54 168
53 171
55 172
51 174
52 179
54 183
53 186
55 187
51 189
52 194
54 198
53 201
55 202
51 204
52 209
54 213
53 216
55 217
51 219
52 224
54 228
53 231
55 232
51 234
52 239
54 243
53 246
55 247
51 249
52 254
54 258
53 261
55 262
51 264
52 269
54 273
53 276
55 277
51 279
52 284
54 288
53 291
55 292
51 294
52 299
54 303
53 306
55 307
51 309
52 314
54 318
53 321
55 322
51 324
52 329
54 333
53 336
55 337
51 339
52 344
54 348
53 351
55 352
51 354
52 359
54 363
53 366
55 367
51 369
52 374
54 378
53 381
55 382
51 384
52 389
54 393
53 396
55 397
51 399
52 404
54 408
53 411
55 412
51 414
52 419
54 423
53 426
55 427
51 429
52 434
54 438
53 441
55 442
51 444
52 449
54 453
53 456
55 457
51 459
52 464
54 468
53 471
55 472
51 474
52 479
54 483
53 486
55 487
51 489
52 494
54 498
53 501
55 502
51 504
52 509
54 513
53 516
55 517
51 519
52 524
54 528
53 531
55 532
51 534
52 539
54 543
53 546
55 547
51 549
52 554
54 558
53 561
55 562
51 564
52 569
54 573
53 576
55 577
51 579
52 584
54 588
53 591
55 592
51 594
52 599
54 603
53 606
55 607
51 609
52 614
54 618
53 621
55 622
51 624
52 629
54 633
53 636
55 637
51 639
52 644
54 648
53 651
55 652
51 654
52 659
54 663
53 666
55 667
51 669
52 674
54 678
53 681
55 682
51 684
52 689
54 693
53 696
55 697
51 699
52 704
54 708
53 711
55 712
51 714
52 719
54 723
53 726
55 727
51 729