2948 55 0 100 140042
2961 63 0 100 35010
2965 57 0 100 151712
2971 67 0 100 46680
2972 53 0 100 46681
2978 55 0 100 128372
2991 63 0 100 46680
2995 57 0 100 175052
3001 67 0 100 46680
3002 53 0 100 35010
3008 55 0 100 105031
3025 57 0 100 186722
3031 67 0 100 35010
3032 53 0 100 23340
3038 55 0 100 93361
3055 57 0 100 210062
3061 67 0 100 35010
3062 53 0 100 23340
3068 55 0 100 70021
3091 67 0 100 46680
3092 53 0 100 46681
3098 55 0 100 70021
3121 67 0 100 58350
3122 53 0 100 58351
3152 53 0 100 70021
3182 53 0 100 93361
3304 58 0 100 81691
3308 55 0 100 93361
3334 58 0 100 58351
3336 60 0 100 140041
3353 68 0 100 175052
3364 58 0 100 46681
3377 66 0 100 186722
3383 68 0 100 198392
3386 65 0 100 163381
3394 58 0 100 23341
3396 60 0 100 93361
3407 66 0 100 210062
3413 68 0 100 221732
3416 65 0 100 175051
3424 58 0 100 11671
3426 60 0 100 70021
3432 64 0 100 70021
3434 61 0 100 58350
3437 66 0 100 233402
3440 56 0 100 93361
3443 68 0 100 233402
3446 65 0 100 198391
3454 58 0 100 23341
3456 60 0 100 46680
3462 64 0 100 93361
3466 52 0 100 163382
3467 66 0 100 245073
3470 56 0 100 105031
3473 68 0 100 256743
3474 59 0 100 23340
3476 65 0 100 221731
3484 58 0 100 46681
3486 60 0 100 35010
3490 62 0 100 93361
3492 64 0 100 105031
3494 61 0 100 35010
3496 52 0 100 175052
3497 66 0 100 245073
3500 56 0 100 128371
3503 68 0 100 233402
3504 59 0 100 23340
3506 65 0 100 233402
3514 58 0 100 58351
3516 60 0 100 11670
3520 62 0 100 70021
3522 64 0 100 128371
3526 52 0 100 198392
3527 66 0 100 233402
3530 56 0 100 140041
3533 68 0 100 233402
3534 59 0 100 35010
3536 65 0 100 256742
3538 54 0 100 221732
3540 51 0 100 70021
3541 67 0 100 198391
3542 53 0 100 210062
3544 58 0 100 70021
3545 69 0 100 186722
3546 60 0 100 23340
3550 62 0 100 46680
3552 64 0 100 140042
3556 52 0 100 221732
3557 66 0 100 210062
3560 56 0 100 151711
3563 68 0 100 210062
3564 59 0 100 46680
3566 65 0 100 233402
3568 54 0 100 233402
3570 51 0 100 93361
3574 58 0 100 81691
3575 69 0 100 210062
3576 60 0 100 35010
3580 62 0 100 35010
3582 64 0 100 151712
3584 61 0 100 70021
3586 52 0 100 233402
3587 66 0 100 186722
3588 70 0 100 70020
3590 56 0 100 175051
3593 68 0 100 186722
3594 59 0 100 70020
3596 65 0 100 221731
3598 54 0 100 256742
3600 51 0 100 105031
3601 67 0 100 163381
3604 58 0 100 93361
3605 69 0 100 233402
3606 60 0 100 46680
3610 62 0 100 11670
3612 64 0 100 163382
3616 52 0 100 256743
3617 66 0 100 175052
3618 70 0 100 93361
3620 56 0 100 175051
3623 68 0 100 175052
3624 59 0 100 81690
3625 57 0 100 58351
3626 65 0 100 198391
3628 54 0 100 233402
3630 51 0 100 128371
3631 67 0 100 140041
3632 53 0 100 151711
3634 58 0 100 116701
3635 69 0 100 245073
3636 60 0 100 70021
3640 62 0 100 23340
3642 64 0 100 175052
3644 61 0 100 93361
3646 52 0 100 233402
3647 66 0 100 151712
3648 70 0 100 105031
3650 56 0 100 186722
3653 68 0 100 151712
3654 59 0 100 105030
3655 57 0 100 70021
3656 65 0 100 175051
3658 54 0 100 221732
3660 51 0 100 140041
3661 67 0 100 116701
3662 53 0 100 128371
3664 58 0 100 128372
3665 69 0 100 245073
3666 60 0 100 81691
3670 62 0 100 46680
3672 64 0 100 186722
3674 61 0 100 105031
3676 52 0 100 221732
3677 66 0 100 128372
3678 70 0 100 128371
3680 56 0 100 198392
3683 68 0 100 128371
3684 59 0 100 128371
3685 57 0 100 93361
3686 65 0 100 163381
3688 54 0 100 198392
3690 51 0 100 151711
3691 67 0 100 105030
3694 58 0 100 151712
3695 69 0 100 233402
3696 60 0 100 93361
3702 64 0 100 198392
3704 61 0 100 128371
3706 52 0 100 198392
3707 66 0 100 116701
3708 70 0 100 140041
3710 56 0 100 186722
3714 59 0 100 140041
3715 57 0 100 105031
3716 65 0 100 151711
3720 51 0 100 163382
3721 67 0 100 81690
3724 58 0 100 163382
3725 69 0 100 210062
3726 60 0 100 116701
3730 62 0 100 70021
3732 64 0 100 186722
3734 61 0 100 140041
3736 52 0 100 175052
3737 66 0 100 93361
3738 70 0 100 151711
3740 56 0 100 175051
3744 59 0 100 163381
3745 57 0 100 128372
3746 65 0 100 128371
3750 51 0 100 175052
3751 67 0 100 58350
3754 58 0 100 175052
3755 69 0 100 186722
3756 60 0 100 128371
3762 64 0 100 175052
3764 61 0 100 151711
3766 52 0 100 163382
3767 66 0 100 81691
3768 70 0 100 163381
3770 56 0 100 151711
3775 57 0 100 128372
3780 51 0 100 186722
3781 67 0 100 46680
3784 58 0 100 186722
3785 69 0 100 175052
3786 60 0 100 151711
3790 62 0 100 93361
3792 64 0 100 151712
3794 61 0 100 175051
3796 52 0 100 140042
3797 66 0 100 58351
3798 70 0 100 175051
3800 56 0 100 140041
3801 63 0 100 46680
3804 59 0 100 186721
3805 57 0 100 151712
3810 51 0 100 198392
3811 67 0 100 23340
3815 69 0 100 151712
3818 55 0 100 116701
3822 64 0 100 140042
3824 61 0 100 186722
3826 52 0 100 128372
3827 66 0 100 46681
3828 70 0 100 186721
3830 56 0 100 128371
3831 63 0 100 70021
3834 59 0 100 198391
3835 57 0 100 163382
3840 51 0 100 186722
3841 67 0 100 11670
3845 69 0 100 128372
3848 55 0 100 105031
3850 62 0 100 140041
3852 64 0 100 128371
3854 61 0 100 198392
3856 52 0 100 116701
3857 66 0 100 23341
3858 70 0 100 198391
3860 56 0 100 116701
3861 63 0 100 81691
3865 57 0 100 175052
3870 51 0 100 175052
3871 67 0 100 23340
3875 69 0 100 116701
3878 55 0 100 81691
3882 64 0 100 116701
3886 52 0 100 93361
3887 66 0 100 23341
3888 70 0 100 186721
3890 56 0 100 93361
3891 63 0 100 93361
3895 57 0 100 186722
3900 51 0 100 151711
3901 67 0 100 46680
3905 69 0 100 105031
3908 55 0 100 58351
3912 64 0 100 93361
3916 52 0 100 70021
3918 70 0 100 175051
3920 56 0 100 81691
3921 63 0 100 116701
3925 57 0 100 198392
3930 51 0 100 140041
3931 67 0 100 58350
3935 69 0 100 81691
3938 55 0 100 46681
3942 64 0 100 81691
3948 70 0 100 163381
3951 63 0 100 128371
3955 57 0 100 186722
3960 51 0 100 128371
3961 67 0 100 70020
3962 53 0 100 81691
3965 69 0 100 58351
3968 55 0 100 23341
3978 70 0 100 151711
3981 63 0 100 140041
3985 57 0 100 175052
3990 51 0 100 116701
3991 67 0 100 93360
3992 53 0 100 105031
3995 69 0 100 46681
3998 55 0 100 11671
4008 70 0 100 128371
4011 63 0 100 151711
4015 57 0 100 151712
4020 51 0 100 93361
4021 67 0 100 105030
4022 53 0 100 105031
4028 55 0 100 23341
4037 66 0 100 105031
4038 70 0 100 116701
4041 63 0 100 175051
4045 57 0 100 151712
4050 51 0 100 81691
4051 67 0 100 116701
4052 53 0 100 128371
4058 55 0 100 46681
4071 63 0 100 186722
4075 57 0 100 128372
4080 51 0 100 70021
4081 67 0 100 140041
4082 53 0 100 128371
4088 55 0 100 58351
4101 63 0 100 198392
4105 57 0 100 116701
4110 51 0 100 46681
4111 67 0 100 151711
4112 53 0 100 151711
4115 69 0 100 58351
4118 55 0 100 70021
4131 63 0 100 186722
4135 57 0 100 93361
4142 53 0 100 163382
4148 55 0 100 93361
4161 63 0 100 186722
4165 57 0 100 81691
4172 53 0 100 175052
4191 63 0 100 175051
4202 53 0 100 186722
4221 63 0 100 151711
4232 53 0 100 198392
4251 63 0 100 140041
4262 53 0 100 186722
4281 63 0 100 128371
4292 53 0 100 175052
4311 63 0 100 105031
4322 53 0 100 163382
4352 53 0 100 151711
4382 53 0 100 128371