54 1727
63 1729
65 1730
51 1732
60 1733
61 1735
52 1736
58 1738
57 1740
59 1741
64 1743
62 1745
55 1746
53 1747
56 1749
54 1752
63 1754
65 1755
51 1757
60 1758
61 1760
52 1761
58 1763
57 1765
59 1766
64 1768
62 1770
55 1771
53 1772
56 1774
54 1777
63 1779
65 1780
51 1782
60 1783
61 1785
52 1786
58 1788
57 1790
59 1791
64 1793
62 1795
55 1796
53 1797
56 1799
54 1802
63 1804
65 1805
51 1807
60 1808
61 1810
52 1811
58 1813
57 1815
59 1816
64 1818
62 1820
55 1821
53 1822
56 1824
54 1827
63 1829
65 1830
51 1832
60 1833
61 1835
52 1836
58 1838
57 1840
59 1841
64 1843
62 1845
55 1846
53 1847
56 1849
54 1852
63 1854
65 1855
51 1857
60 1858
61 1860
52 1861
58 1863
57 1865
59 1866
64 1868
62 1870
55 1871
53 1872
56 1874
54 1877
63 1879
65 1880
51 1882
60 1883
61 1885
52 1886
58 1888
57 1890
59 1891
64 1893
62 1895
55 1896
53 1897
56 1899
54 1902
63 1904
65 1905
51 1907
60 1908
61 1910
52 1911
58 1913
57 1915
59 1916
64 1918
62 1920
55 1921
53 1922
56 1924
54 1927
63 1929
65 1930
51 1932
60 1933
61 1935
52 1936
58 1938
57 1940
59 1941
64 1943
62 1945
55 1946
53 1947
56 1949
54 1952
63 1954
65 1955
51 1957
60 1958
61 1960
52 1961
58 1963
57 1965
59 1966
64 1968
62 1970
55 1971
53 1972
56 1974
54 1977
63 1979
65 1980
51 1982
60 1983
61 1985
52 1986
58 1988
57 1990
59 1991
64 1993
62 1995
55 1996
53 1997
56 1999
54 2002
63 2004
65 2005
51 2007
60 2008
61 2010
52 2011
58 2013
57 2015
59 2016
64 2018
62 2020
55 2021
53 2022
56 2024
54 2027
63 2029
65 2030
51 2032
60 2033
61 2035
52 2036
58 2038
57 2040
59 2041
64 2043
62 2045
55 2046
53 2047
56 2049
54 2052
63 2054
65 2055
51 2057
60 2058
61 2060
52 2061
58 2063
57 2065
59 2066
64 2068
62 2070
55 2071
53 2072
56 2074
54 2077
63 2079
65 2080
51 2082
60 2083
61 2085
52 2086
58 2088
57 2090
59 2091
64 2093
62 2095
55 2096
53 2097
56 2099
54 2102
63 2104
65 2105
51 2107
60 2108
61 2110
52 2111
58 2113
57 2115
59 2116
64 2118
62 2120
55 2121
53 2122
56 2124
54 2127
63 2129
65 2130
51 2132
60 2133
61 2135
52 2136
58 2138
57 2140
59 2141
64 2143
62 2145
55 2146
53 2147
56 2149
54 2152
63 2154
65 2155
51 2157
60 2158
61 2160
52 2161
58 2163
57 2165
59 2166
64 2168
62 2170
55 2171
53 2172
56 2174
54 2177
63 2179
65 2180
51 2182
60 2183
61 2185
52 2186
58 2188
57 2190
59 2191
64 2193
62 2195
55 2196
53 2197
56 2199
54 2202
63 2204
65 2205
51 2207
60 2208
61 2210
52 2211
58 2213
57 2215
59 2216
64 2218
62 2220
55 2221
53 2222
56 2224
54 2227
63 2229
65 2230
51 2232
60 2233
61 2235
52 2236
58 2238
57 2240
59 2241
64 2243
62 2245
55 2246
53 2247
56 2249
54 2252
63 2254
65 2255
51 2257
60 2258
61 2260
52 2261
58 2263
57 2265
59 2266
64 2268
62 2270
55 2271
53 2272
56 2274
54 2277
63 2279
65 2280
51 2282
60 2283
61 2285
52 2286
58 2288
57 2290
59 2291
64 2293
62 2295
55 2296
53 2297
56 2299
54 2302
63 2304
65 2305
51 2307
60 2308
61 2310
52 2311
58 2313
57 2315
59 2316
64 2318
62 2320
55 2321
53 2322
56 2324
54 2327
63 2329
65 2330
51 2332
60 2333
61 2335
52 2336
58 2338
57 2340
59 2341
64 2343
62 2345
55 2346
53 2347
56 2349
54 2352
63 2354
65 2355
51 2357
60 2358
61 2360
52 2361
58 2363
57 2365
59 2366
64 2368
62 2370
55 2371
53 2372
56 2374
54 2377
63 2379
65 2380
51 2382
60 2383
61 2385
52 2386
58 2388
57 2390
59 2391
64 2393
62 2395
55 2396
53 2397
56 2399
54 2402
63 2404
65 2405
51 2407
60 2408
61 2410
52 2411
58 2413
57 2415
59 2416
64 2418
62 2420
55 2421
53 2422
56 2424
54 2427
63 2429
65 2430
51 2432
60 2433
61 2435
52 2436
58 2438
57 2440
59 2441
64 2443
62 2445
55 2446
53 2447
56 2449
54 2452
63 2454
65 2455
51 2457
60 2458
61 2460
52 2461
58 2463
57 2465
59 2466
64 2468
62 2470
55 2471
53 2472
56 2474
54 2477
63 2479
65 2480
51 2482
60 2483
61 2485
52 2486
58 2488
57 2490
59 2491
64 2493
62 2495
55 2496
53 2497
56 2499
54 2502
63 2504
65 2505
51 2507
60 2508
61 2510
52 2511
58 2513
57 2515
59 2516
64 2518
62 2520
55 2521
53 2522
56 2524
54 2527
63 2529
65 2530
51 2532
60 2533
61 2535
52 2536
58 2538
57 2540
59 2541
64 2543
62 2545
55 2546
53 2547
56 2549
54 2552
63 2554
65 2555
51 2557
60 2558
61 2560
52 2561
58 2563
57 2565
59 2566
64 2568
62 2570
55 2571
53 2572
56 2574
54 2577
63 2579
65 2580
51 2582
60 2583
61 2585
52 2586
58 2588
57 2590
59 2591
64 2593
62 2595
55 2596
53 2597
56 2599
54 2602
63 2604
65 2605
51 2607
60 2608
61 2610
52 2611
58 2613
57 2615
59 2616
64 2618
62 2620
55 2621
53 2622
56 2624
54 2627
63 2629
65 2630
51 2632
60 2633
61 2635
52 2636
58 2638
57 2640
59 2641
64 2643
62 2645
55 2646
53 2647
56 2649
54 2652
63 2654
65 2655
51 2657
60 2658
61 2660
52 2661
58 2663
57 2665
59 2666
64 2668
62 2670
55 2671
53 2672
56 2674
54 2677
63 2679
65 2680
51 2682
60 2683
61 2685
52 2686
58 2688
57 2690
59 2691
64 2693
62 2695
55 2696
53 2697
56 2699
54 2702
63 2704
65 2705
51 2707
60 2708
61 2710
52 2711
58 2713
57 2715
59 2716
64 2718
62 2720
55 2721
53 2722
56 2724
54 2727
63 2729
65 2730
51 2732
60 2733
61 2735
52 2736
58 2738
57 2740
59 2741
64 2743
62 2745
55 2746
53 2747
56 2749
54 2752
63 2754
65 2755
51 2757
60 2758
61 2760
52 2761
58 2763
57 2765
59 2766
64 2768
62 2770
55 2771
53 2772
56 2774
54 2777
63 2779
65 2780
51 2782
60 2783
61 2785
52 2786
58 2788
57 2790
59 2791
64 2793
62 2795
55 2796
53 2797
56 2799
54 2802
63 2804
65 2805
51 2807
60 2808
61 2810
52 2811
58 2813
57 2815
59 2816
64 2818
62 2820
55 2821
53 2822
56 2824
54 2827
63 2829
65 2830
51 2832
60 2833
61 2835
52 2836
58 2838
57 2840
59 2841
64 2843
62 2845
55 2846
53 2847
56 2849
54 2852
63 2854
65 2855
51 2857
60 2858
61 2860
52 2861
58 2863
57 2865
59 2866
64 2868
62 2870
55 2871
53 2872
56 2874
54 2877
63 2879
65 2880
51 2882
60 2883
61 2885
52 2886
58 2888
57 2890
59 2891
64 2893
62 2895
55 2896
53 2897
56 2899
54 2902
63 2904
65 2905
51 2907
60 2908
61 2910
52 2911
58 2913
57 2915
59 2916
64 2918
62 2920
55 2921
53 2922
56 2924