0 1713
0 1714
0 1715
0 1716
0 1717
0 1718
0 1719
0 1720
0 1721
0 1722
0 1723
0 1724
0 1725
0 1726
0 1728
63 1729
33 1729
34 1729
32 1729
35 1729
36 1729
31 1729
37 1729
30 1729
38 1729
28 1729
29 1729
39 1729
27 1729
40 1729
26 1729
41 1729
42 1729
43 1729
44 1729
45 1729
46 1729
47 1729
48 1729
49 1729
56 1729
50 1729
0 1731
0 1734
0 1737
0 1739
0 1742
64 1743
55 1743
10 1743
8 1743
9 1743
11 1743
7 1743
53 1743
12 1743
13 1743
5 1743
6 1743
14 1743
3 1743
4 1743
15 1743
16 1743
1 1743
2 1743
17 1743
18 1743
19 1743
20 1743
62 1743
21 1743
22 1743
23 1743
24 1743
25 1743
57 1743
0 1744
62 1745
20 1745
18 1745
19 1745
21 1745
22 1745
17 1745
23 1745
15 1745
16 1745
24 1745
25 1745
57 1745
14 1745
13 1745
11 1745
12 1745
10 1745
55 1745
64 1745
8 1745
9 1745
7 1745
53 1745
5 1745
6 1745
3 1745
4 1745
1 1745
2 1745
55 1746
10 1746
64 1746
8 1746
9 1746
11 1746
7 1746
53 1746
12 1746
13 1746
5 1746
6 1746
14 1746
3 1746
4 1746
15 1746
16 1746
1 1746
2 1746
17 1746
18 1746
19 1746
20 1746
62 1746
22 1746
21 1746
23 1746
24 1746
25 1746
57 1746
53 1747
7 1747
5 1747
6 1747
8 1747
3 1747
4 1747
9 1747
10 1747
1 1747
2 1747
11 1747
55 1747
64 1747
12 1747
13 1747
14 1747
15 1747
16 1747
17 1747
18 1747
19 1747
20 1747
62 1747
22 1747
21 1747
23 1747
24 1747
25 1747
57 1747
0 1748
56 1749
50 1749
49 1749
47 1749
48 1749
46 1749
45 1749
44 1749
43 1749
41 1749
42 1749
40 1749
39 1749
38 1749
37 1749
35 1749
36 1749
63 1749
34 1749
33 1749
32 1749
31 1749
30 1749
28 1749
29 1749
27 1749
26 1749
0 1750
0 1751
0 1753
63 1754
35 1754
36 1754
34 1754
37 1754
33 1754
38 1754
32 1754
39 1754
31 1754
40 1754
30 1754
41 1754
42 1754
28 1754
29 1754
43 1754
27 1754
44 1754
26 1754
45 1754
46 1754
47 1754
48 1754
49 1754
56 1754
50 1754
0 1756
0 1759
0 1762
0 1764
0 1767
64 1768
55 1768
12 1768
11 1768
13 1768
10 1768
14 1768
8 1768
9 1768
15 1768
16 1768
7 1768
17 1768
5 1768
6 1768
18 1768
19 1768
3 1768
4 1768
20 1768
1 1768
2 1768
21 1768
22 1768
62 1768
23 1768
24 1768
25 1768
0 1769
62 1770
22 1770
20 1770
21 1770
23 1770
18 1770
19 1770
24 1770
25 1770
17 1770
15 1770
16 1770
14 1770
13 1770
11 1770
12 1770
55 1770
64 1770
10 1770
8 1770
9 1770
7 1770
5 1770
6 1770
3 1770
4 1770
1 1770
2 1770
55 1771
12 1771
64 1771
11 1771
13 1771
10 1771
14 1771
8 1771
9 1771
15 1771
16 1771
7 1771
17 1771
5 1771
6 1771
18 1771
19 1771
3 1771
4 1771
20 1771
1 1771
2 1771
21 1771
22 1771
23 1771
62 1771
24 1771
25 1771
0 1773
56 1774
48 1774
46 1774
47 1774
49 1774
45 1774
50 1774
44 1774
43 1774
41 1774
42 1774
40 1774
39 1774
38 1774
63 1774
37 1774
35 1774
36 1774
34 1774
33 1774
32 1774
31 1774
30 1774
28 1774
29 1774
27 1774
26 1774
0 1775
0 1776
0 1778
63 1779
37 1779
38 1779
35 1779
36 1779
39 1779
34 1779
40 1779
33 1779
41 1779
42 1779
32 1779
43 1779
31 1779
44 1779
52 1779
65 1779
30 1779
45 1779
28 1779
29 1779
46 1779
27 1779
47 1779
48 1779
56 1779
26 1779
49 1779
50 1779
65 1780
52 1780
0 1781
0 1784
52 1786
65 1786
0 1787
0 1789
0 1792
64 1793
55 1793
14 1793
13 1793
15 1793
16 1793
11 1793
12 1793
17 1793
10 1793
18 1793
19 1793
8 1793
9 1793
20 1793
7 1793
21 1793
22 1793
5 1793
6 1793
23 1793
62 1793
3 1793
4 1793
25 1793
24 1793
1 1793
2 1793
0 1794
62 1795
24 1795
23 1795
25 1795
21 1795
22 1795
20 1795
18 1795
19 1795
17 1795
15 1795
16 1795
55 1795
64 1795
14 1795
13 1795
11 1795
12 1795
10 1795
8 1795
9 1795
7 1795
5 1795
6 1795
3 1795
4 1795
1 1795
2 1795
55 1796
14 1796
64 1796
13 1796
15 1796
16 1796
11 1796
12 1796
17 1796
10 1796
18 1796
19 1796
8 1796
9 1796
20 1796
7 1796
21 1796
22 1796
5 1796
6 1796
23 1796
62 1796
3 1796
4 1796
25 1796
24 1796
1 1796
2 1796
0 1798
56 1799
46 1799
45 1799
47 1799
48 1799
44 1799
49 1799
43 1799
50 1799
41 1799
42 1799
40 1799
39 1799
63 1799
38 1799
37 1799
35 1799
36 1799
34 1799
33 1799
32 1799
31 1799
30 1799
28 1799
29 1799
27 1799
26 1799
0 1800
0 1801
0 1803
63 1804
39 1804
40 1804
38 1804
41 1804
42 1804
37 1804
43 1804
52 1804
58 1804
35 1804
36 1804
44 1804
34 1804
45 1804
33 1804
46 1804
56 1804
65 1804
32 1804
47 1804
48 1804
31 1804
49 1804
30 1804
50 1804
28 1804
29 1804
27 1804
26 1804
65 1805
56 1805
46 1805
45 1805
47 1805
48 1805
44 1805
49 1805
43 1805
50 1805
41 1805
42 1805
63 1805
40 1805
52 1805
58 1805
39 1805
38 1805
37 1805
35 1805
36 1805
34 1805
33 1805
32 1805
31 1805
30 1805
28 1805
29 1805
27 1805
26 1805
0 1806
0 1809
0 1812
0 1814
0 1817
64 1818
55 1818
16 1818
14 1818
15 1818
17 1818
13 1818
18 1818
19 1818
11 1818
12 1818
20 1818
10 1818
21 1818
22 1818
8 1818
9 1818
23 1818
7 1818
24 1818
25 1818
5 1818
6 1818
62 1818
3 1818
4 1818
1 1818
2 1818
0 1819
62 1820
55 1821
16 1821
64 1821
14 1821
15 1821
17 1821
13 1821
18 1821
19 1821
11 1821
12 1821
20 1821
10 1821
21 1821
22 1821
8 1821
9 1821
23 1821
7 1821
24 1821
25 1821
5 1821
6 1821
62 1821
3 1821
4 1821
1 1821
2 1821
0 1823
0 1825
0 1826
0 1828
63 1829
41 1829
42 1829
40 1829
43 1829
39 1829
44 1829
56 1829
38 1829
51 1829
45 1829
37 1829
61 1829
46 1829
35 1829
36 1829
47 1829
48 1829
34 1829
49 1829
33 1829
50 1829
32 1829
31 1829
30 1829
28 1829
29 1829
27 1829
26 1829
62 1829
0 1831
51 1832
61 1832
0 1834
61 1835
51 1835
52 1835
52 1836
51 1836
61 1836
0 1837
0 1839
0 1842
64 1843
55 1843
18 1843
17 1843
19 1843
20 1843
15 1843
16 1843
21 1843
22 1843
14 1843
23 1843
13 1843
24 1843
25 1843
11 1843
12 1843
10 1843
8 1843
9 1843
7 1843
5 1843
6 1843
3 1843
4 1843
1 1843
2 1843
0 1844
62 1845
26 1845
27 1845
28 1845
29 1845
30 1845
31 1845
32 1845
33 1845
34 1845
35 1845
36 1845
37 1845
38 1845
61 1845
39 1845
51 1845
52 1845
40 1845
41 1845
42 1845
43 1845
56 1845
63 1845
44 1845
45 1845
46 1845
47 1845
48 1845
49 1845
50 1845
55 1846
18 1846
64 1846
17 1846
19 1846
20 1846
15 1846
16 1846
21 1846
22 1846
14 1846
23 1846
13 1846
24 1846
25 1846
11 1846
12 1846
10 1846
8 1846
9 1846
7 1846
5 1846
6 1846
3 1846
4 1846
1 1846
2 1846
0 1848
56 1849
63 1849
43 1849
41 1849
42 1849
44 1849
40 1849
45 1849
39 1849
51 1849
61 1849
46 1849
38 1849
52 1849
47 1849
48 1849
37 1849
49 1849
35 1849
36 1849
50 1849
34 1849
33 1849
32 1849
31 1849
30 1849
28 1849
29 1849
62 1849
27 1849
26 1849
0 1850
0 1851
0 1853
63 1854
43 1854
44 1854
41 1854
42 1854
45 1854
51 1854
40 1854
46 1854
39 1854
61 1854
47 1854
48 1854
38 1854
49 1854
37 1854
50 1854
35 1854
36 1854
34 1854
33 1854
32 1854
31 1854
30 1854
28 1854
29 1854
27 1854
62 1854
26 1854
0 1856
51 1857
61 1857
0 1859
61 1860
51 1860
0 1862
0 1864
0 1867
64 1868
55 1868
0 1869
62 1870
29 1870
27 1870
28 1870
30 1870
26 1870
31 1870
32 1870
33 1870
34 1870
35 1870
36 1870
37 1870
38 1870
39 1870
40 1870
61 1870
41 1870
42 1870
51 1870
56 1870
43 1870
44 1870
63 1870
45 1870
46 1870
47 1870
48 1870
49 1870
50 1870
55 1871
64 1871
0 1873
56 1874
51 1874
61 1874
0 1875
0 1876
0 1878
63 1879
45 1879
44 1879
46 1879
43 1879
47 1879
48 1879
41 1879
42 1879
51 1879
49 1879
40 1879
61 1879
50 1879
39 1879
38 1879
37 1879
35 1879
36 1879
34 1879
33 1879
32 1879
31 1879
30 1879
62 1879
28 1879
29 1879
27 1879
26 1879
0 1881
51 1882
61 1882
0 1884
61 1885
51 1885
0 1887
58 1888
65 1888
0 1889
0 1892
0 1894
55 1896
64 1896
0 1898
0 1900
0 1901
0 1903
63 1904
47 1904
46 1904
48 1904
49 1904
45 1904
50 1904
44 1904
51 1904
43 1904
61 1904
41 1904
42 1904
40 1904
39 1904
38 1904
37 1904
35 1904
36 1904
34 1904
33 1904
32 1904
31 1904
30 1904
28 1904
29 1904
27 1904
26 1904
0 1906
0 1909
0 1912
0 1914
59 1916
0 1917
0 1919
62 1920
0 1923
56 1924
0 1925
0 1926
0 1928
63 1929
49 1929
47 1929
48 1929
50 1929
51 1929
46 1929
65 1929
45 1929
61 1929
44 1929
43 1929
41 1929
42 1929
40 1929
39 1929
38 1929
37 1929
35 1929
36 1929
34 1929
33 1929
59 1929
62 1929
32 1929
31 1929
30 1929
28 1929
29 1929
27 1929
26 1929
65 1930
51 1930
61 1930
0 1931
0 1934
61 1935
65 1935
0 1937
0 1939
59 1941
56 1941
62 1941
0 1942
0 1944
62 1945
0 1948
56 1949
0 1950
0 1951
54 1952
52 1952
0 1953
0 1956
0 1959
0 1962
0 1964
59 1966
62 1966
0 1967
0 1969
62 1970
59 1970
0 1973
0 1975
0 1976
54 1977
56 1977
0 1978
0 1981
51 1982
50 1982
49 1982
47 1982
48 1982
46 1982
45 1982
44 1982
43 1982
41 1982
42 1982
40 1982
39 1982
38 1982
37 1982
59 1982
62 1982
35 1982
36 1982
34 1982
33 1982
54 1982
32 1982
56 1982
31 1982
30 1982
28 1982
29 1982
55 1982
27 1982
52 1982
26 1982
0 1984
52 1986
28 1986
55 1986
27 1986
29 1986
30 1986
26 1986
31 1986
32 1986
56 1986
33 1986
54 1986
34 1986
35 1986
36 1986
37 1986
62 1986
38 1986
59 1986
39 1986
40 1986
41 1986
42 1986
43 1986
44 1986
45 1986
46 1986
47 1986
48 1986
49 1986
50 1986
51 1986
0 1987
0 1989
59 1991
62 1991
0 1992
0 1994
62 1995
59 1995
0 1998
0 2000
0 2001
54 2002
34 2002
33 2002
35 2002
36 2002
32 2002
37 2002
31 2002
38 2002
30 2002
39 2002
59 2002
62 2002
28 2002
29 2002
40 2002
65 2002
52 2002
27 2002
41 2002
42 2002
26 2002
43 2002
44 2002
45 2002
46 2002
47 2002
48 2002
49 2002
51 2002
50 2002
0 2003
65 2005
59 2005
62 2005
0 2006
51 2007
48 2007
49 2007
46 2007
47 2007
50 2007
45 2007
44 2007
43 2007
41 2007
42 2007
40 2007
39 2007
59 2007
62 2007
65 2007
38 2007
37 2007
35 2007
36 2007
34 2007
33 2007
32 2007
31 2007
30 2007
28 2007
29 2007
52 2007
27 2007
26 2007
53 2007
0 2009
52 2011
26 2011
53 2011
27 2011
28 2011
29 2011
30 2011
55 2011
31 2011
56 2011
32 2011
33 2011
34 2011
35 2011
36 2011
37 2011
38 2011
39 2011
62 2011
65 2011
40 2011
59 2011
41 2011
42 2011
43 2011
44 2011
45 2011
46 2011
47 2011
48 2011
49 2011
51 2011
50 2011
0 2012
0 2014
59 2016
62 2016
0 2017
0 2019
62 2020
59 2020
55 2021
56 2021
0 2023
0 2025
0 2026
54 2027
36 2027
34 2027
35 2027
37 2027
33 2027
38 2027
32 2027
39 2027
31 2027
40 2027
30 2027
41 2027
42 2027
59 2027
62 2027
28 2027
29 2027
43 2027
27 2027
44 2027
26 2027
45 2027
52 2027
46 2027
47 2027
48 2027
51 2027
49 2027
50 2027
0 2028
0 2031
51 2032
46 2032
47 2032
45 2032
48 2032
49 2032
44 2032
50 2032
43 2032
41 2032
42 2032
58 2032
40 2032
59 2032
62 2032
39 2032
38 2032
37 2032
54 2032
35 2032
36 2032
34 2032
33 2032
32 2032
31 2032
30 2032
28 2032
29 2032
53 2032
27 2032
56 2032
26 2032
52 2032
25 2032
23 2032
24 2032
21 2032
22 2032
20 2032
18 2032
19 2032
17 2032
15 2032
16 2032
14 2032
13 2032
11 2032
12 2032
10 2032
8 2032
9 2032
7 2032
5 2032
6 2032
3 2032
4 2032
1 2032
2 2032
0 2034
61 2035
60 2035
52 2036
25 2036
23 2036
24 2036
21 2036
22 2036
20 2036
18 2036
19 2036
17 2036
15 2036
16 2036
14 2036
13 2036
11 2036
12 2036
10 2036
8 2036
9 2036
7 2036
5 2036
6 2036
3 2036
4 2036
1 2036
2 2036
0 2037
0 2039
59 2041
63 2041
0 2042
0 2044
62 2045
59 2045
63 2045
0 2048
0 2050
0 2051
54 2052
38 2052
37 2052
39 2052
35 2052
36 2052
40 2052
34 2052
41 2052
42 2052
33 2052
43 2052
59 2052
62 2052
32 2052
44 2052
31 2052
45 2052
51 2052
30 2052
46 2052
28 2052
29 2052
47 2052
48 2052
57 2052
61 2052
27 2052
49 2052
26 2052
50 2052
0 2053
0 2056
51 2057
44 2057
45 2057
43 2057
59 2057
62 2057
46 2057
41 2057
42 2057
47 2057
48 2057
40 2057
49 2057
39 2057
54 2057
50 2057
38 2057
37 2057
35 2057
36 2057
34 2057
33 2057
32 2057
31 2057
30 2057
28 2057
29 2057
27 2057
26 2057
0 2059
52 2061
23 2061
21 2061
22 2061
24 2061
25 2061
20 2061
18 2061
19 2061
17 2061
15 2061
16 2061
14 2061
13 2061
11 2061
12 2061
10 2061
8 2061
9 2061
7 2061
5 2061
6 2061
3 2061
4 2061
1 2061
2 2061
0 2062
0 2064
59 2066
0 2067
0 2069
62 2070
55 2071
65 2071
0 2073
0 2075
0 2076
54 2077
40 2077
63 2077
39 2077
41 2077
42 2077
38 2077
43 2077
51 2077
37 2077
44 2077
61 2077
35 2077
36 2077
45 2077
59 2077
62 2077
55 2077
65 2077
34 2077
46 2077
33 2077
47 2077
48 2077
32 2077
49 2077
31 2077
50 2077
30 2077
28 2077
29 2077
27 2077
26 2077
0 2078
0 2081
51 2082
42 2082
43 2082
40 2082
41 2082
44 2082
39 2082
54 2082
45 2082
59 2082
62 2082
38 2082
46 2082
37 2082
47 2082
48 2082
35 2082
36 2082
49 2082
34 2082
50 2082
33 2082
32 2082
31 2082
30 2082
28 2082
29 2082
27 2082
26 2082
0 2084
52 2086
21 2086
22 2086
20 2086
23 2086
18 2086
19 2086
24 2086
25 2086
17 2086
15 2086
16 2086
14 2086
13 2086
11 2086
12 2086
10 2086
8 2086
9 2086
7 2086
5 2086
6 2086
3 2086
4 2086
1 2086
2 2086
0 2087
0 2089
57 2090
60 2090
59 2091
62 2091
0 2092
0 2094
62 2095
59 2095
55 2096
58 2096
53 2097
65 2097
0 2098
0 2100
0 2101
54 2102
41 2102
42 2102
51 2102
40 2102
43 2102
39 2102
44 2102
38 2102
45 2102
37 2102
46 2102
35 2102
36 2102
47 2102
48 2102
59 2102
62 2102
34 2102
49 2102
33 2102
50 2102
32 2102
31 2102
30 2102
28 2102
29 2102
27 2102
26 2102
0 2103
63 2104
55 2104
0 2106
51 2107
40 2107
41 2107
39 2107
42 2107
43 2107
54 2107
38 2107
44 2107
37 2107
63 2107
45 2107
35 2107
36 2107
55 2107
46 2107
34 2107
47 2107
48 2107
59 2107
62 2107
33 2107
49 2107
32 2107
50 2107
31 2107
30 2107
28 2107
29 2107
27 2107
26 2107
0 2109
52 2111
19 2111
20 2111
17 2111
18 2111
21 2111
22 2111
15 2111
16 2111
23 2111
14 2111
24 2111
25 2111
13 2111
11 2111
12 2111
10 2111
8 2111
9 2111
7 2111
5 2111
6 2111
3 2111
4 2111
1 2111
2 2111
0 2112
0 2114
59 2116
62 2116
0 2117
0 2119
62 2120
59 2120
0 2123
0 2125
0 2126
54 2127
43 2127
44 2127
41 2127
42 2127
45 2127
51 2127
40 2127
46 2127
39 2127
47 2127
48 2127
38 2127
49 2127
57 2127
59 2127
62 2127
37 2127
50 2127
35 2127
36 2127
34 2127
33 2127
32 2127
31 2127
30 2127
28 2127
29 2127
27 2127
26 2127
0 2128
63 2129
53 2129
0 2131
51 2132
39 2132
38 2132
40 2132
61 2132
37 2132
41 2132
42 2132
64 2132
35 2132
36 2132
43 2132
54 2132
34 2132
53 2132
63 2132
44 2132
33 2132
45 2132
32 2132
46 2132
31 2132
47 2132
48 2132
30 2132
49 2132
59 2132
62 2132
28 2132
29 2132
50 2132
27 2132
26 2132
0 2134
61 2135
55 2135
64 2135
52 2136
17 2136
18 2136
15 2136
16 2136
19 2136
20 2136
14 2136
21 2136
22 2136
13 2136
23 2136
11 2136
12 2136
24 2136
25 2136
10 2136
8 2136
9 2136
7 2136
5 2136
6 2136
3 2136
4 2136
1 2136
2 2136
0 2137
0 2139
0 2142
64 2143
55 2143
0 2144
55 2146
64 2146
0 2148
0 2150
0 2151
54 2152
45 2152
46 2152
44 2152
47 2152
48 2152
43 2152
49 2152
41 2152
42 2152
50 2152
40 2152
39 2152
55 2152
38 2152
51 2152
64 2152
37 2152
35 2152
36 2152
34 2152
33 2152
32 2152
31 2152
30 2152
28 2152
29 2152
27 2152
26 2152
0 2153
0 2156
51 2157
37 2157
38 2157
35 2157
36 2157
39 2157
53 2157
61 2157
34 2157
40 2157
33 2157
41 2157
42 2157
32 2157
43 2157
31 2157
44 2157
30 2157
45 2157
54 2157
28 2157
29 2157
46 2157
27 2157
47 2157
48 2157
26 2157
49 2157
50 2157
0 2159
61 2160
53 2160
52 2161
15 2161
16 2161
14 2161
17 2161
13 2161
18 2161
19 2161
11 2161
12 2161
20 2161
10 2161
21 2161
22 2161
8 2161
9 2161
23 2161
7 2161
24 2161
25 2161
5 2161
6 2161
3 2161
4 2161
1 2161
2 2161
0 2162
0 2164
0 2167
0 2169
0 2173
0 2175
0 2176
54 2177
47 2177
48 2177
59 2177
46 2177
49 2177
45 2177
50 2177
44 2177
43 2177
41 2177
42 2177
60 2177
40 2177
64 2177
39 2177
38 2177
37 2177
35 2177
36 2177
51 2177
34 2177
33 2177
32 2177
31 2177
30 2177
28 2177
29 2177
27 2177
26 2177
0 2178
0 2181
51 2182
35 2182
36 2182
34 2182
37 2182
33 2182
38 2182
32 2182
39 2182
31 2182
40 2182
30 2182
41 2182
42 2182
28 2182
29 2182
43 2182
60 2182
27 2182
44 2182
64 2182
26 2182
45 2182
46 2182
47 2182
48 2182
54 2182
59 2182
49 2182
50 2182
60 2183
64 2183
57 2183
0 2184
52 2186
13 2186
14 2186
11 2186
12 2186
15 2186
16 2186
10 2186
17 2186
8 2186
9 2186
18 2186
19 2186
7 2186
20 2186
5 2186
6 2186
21 2186
22 2186
3 2186
4 2186
23 2186
1 2186
2 2186
24 2186
25 2186
0 2187
0 2189
57 2190
55 2190
64 2190
0 2192
64 2193
57 2193
55 2193
0 2194
55 2196
57 2196
64 2196
0 2198
0 2200
0 2201
54 2202
49 2202
50 2202
47 2202
48 2202
59 2202
46 2202
45 2202
44 2202
43 2202
41 2202
42 2202
40 2202
53 2202
60 2202
39 2202
38 2202
37 2202
35 2202
36 2202
51 2202
34 2202
33 2202
32 2202
31 2202
30 2202
28 2202
29 2202
27 2202
26 2202
0 2203
65 2205
25 2205
23 2205
24 2205
21 2205
22 2205
20 2205
18 2205
19 2205
17 2205
15 2205
16 2205
14 2205
13 2205
52 2205
11 2205
12 2205
10 2205
8 2205
9 2205
7 2205
5 2205
6 2205
3 2205
4 2205
1 2205
2 2205
0 2206
51 2207
33 2207
34 2207
32 2207
35 2207
36 2207
31 2207
37 2207
30 2207
38 2207
28 2207
29 2207
39 2207
27 2207
40 2207
26 2207
41 2207
42 2207
53 2207
60 2207
43 2207
57 2207
44 2207
45 2207
59 2207
46 2207
47 2207
48 2207
49 2207
54 2207
50 2207
60 2208
53 2208
57 2208
0 2209
52 2211
11 2211
12 2211
10 2211
13 2211
8 2211
9 2211
14 2211
7 2211
15 2211
16 2211
5 2211
6 2211
17 2211
3 2211
4 2211
18 2211
19 2211
1 2211
2 2211
20 2211
21 2211
22 2211
23 2211
24 2211
25 2211
65 2211
0 2212
0 2214
57 2215
53 2215
59 2216
44 2216
45 2216
43 2216
46 2216
55 2216
62 2216
41 2216
42 2216
53 2216
47 2216
48 2216
40 2216
57 2216
49 2216
54 2216
39 2216
50 2216
38 2216
37 2216
35 2216
36 2216
34 2216
33 2216
51 2216
32 2216
31 2216
30 2216
28 2216
29 2216
27 2216
26 2216
0 2217
0 2219
62 2220
55 2220
55 2221
62 2221
0 2223
0 2225
0 2226
54 2227
48 2227
49 2227
46 2227
47 2227
50 2227
45 2227
44 2227
59 2227
43 2227
41 2227
42 2227
40 2227
39 2227
38 2227
37 2227
35 2227
36 2227
34 2227
33 2227
32 2227
51 2227
31 2227
30 2227
28 2227
29 2227
27 2227
26 2227
0 2228
65 2230
23 2230
21 2230
22 2230
24 2230
25 2230
20 2230
18 2230
19 2230
17 2230
15 2230
16 2230
14 2230
13 2230
11 2230
12 2230
10 2230
52 2230
8 2230
9 2230
7 2230
5 2230
6 2230
3 2230
4 2230
1 2230
2 2230
0 2231
51 2232
31 2232
32 2232
30 2232
33 2232
28 2232
29 2232
34 2232
27 2232
35 2232
36 2232
26 2232
37 2232
38 2232
39 2232
40 2232
41 2232
42 2232
43 2232
53 2232
59 2232
44 2232
45 2232
46 2232
47 2232
48 2232
49 2232
54 2232
50 2232
0 2234
52 2236
9 2236
10 2236
8 2236
11 2236
7 2236
12 2236
13 2236
5 2236
6 2236
14 2236
3 2236
4 2236
15 2236
16 2236
1 2236
2 2236
17 2236
18 2236
19 2236
20 2236
21 2236
22 2236
23 2236
65 2236
24 2236
25 2236
0 2237
0 2239
59 2241
42 2241
43 2241
40 2241
41 2241
44 2241
53 2241
62 2241
39 2241
45 2241
38 2241
46 2241
37 2241
47 2241
48 2241
54 2241
35 2241
36 2241
49 2241
34 2241
50 2241
33 2241
32 2241
31 2241
51 2241
30 2241
28 2241
29 2241
27 2241
26 2241
0 2242
0 2244
0 2248
0 2250
0 2251
54 2252
46 2252
47 2252
45 2252
48 2252
49 2252
44 2252
50 2252
43 2252
41 2252
42 2252
59 2252
40 2252
39 2252
38 2252
37 2252
35 2252
36 2252
34 2252
33 2252
32 2252
31 2252
30 2252
51 2252
28 2252
29 2252
27 2252
26 2252
0 2253
65 2255
21 2255
20 2255
22 2255
23 2255
18 2255
19 2255
24 2255
25 2255
17 2255
15 2255
16 2255
14 2255
13 2255
11 2255
12 2255
10 2255
8 2255
9 2255
52 2255
7 2255
5 2255
6 2255
3 2255
4 2255
1 2255
2 2255
0 2256
51 2257
29 2257
30 2257
27 2257
28 2257
31 2257
26 2257
32 2257
33 2257
34 2257
35 2257
36 2257
37 2257
38 2257
39 2257
40 2257
41 2257
42 2257
59 2257
43 2257
44 2257
45 2257
46 2257
54 2257
48 2257
47 2257
49 2257
50 2257
0 2259
52 2261
7 2261
8 2261
5 2261
6 2261
9 2261
10 2261
3 2261
4 2261
11 2261
1 2261
2 2261
12 2261
13 2261
14 2261
15 2261
16 2261
17 2261
18 2261
19 2261
20 2261
21 2261
22 2261
65 2261
23 2261
24 2261
25 2261
0 2262
0 2264
59 2266
40 2266
41 2266
39 2266
42 2266
43 2266
38 2266
44 2266
37 2266
45 2266
54 2266
35 2266
36 2266
46 2266
34 2266
47 2266
48 2266
33 2266
49 2266
32 2266
50 2266
31 2266
30 2266
28 2266
29 2266
51 2266
27 2266
26 2266
0 2267
0 2269
0 2273
0 2275
0 2276
54 2277
45 2277
44 2277
46 2277
43 2277
47 2277
48 2277
41 2277
42 2277
49 2277
59 2277
40 2277
50 2277
39 2277
38 2277
37 2277
35 2277
36 2277
34 2277
33 2277
32 2277
31 2277
30 2277
28 2277
29 2277
27 2277
51 2277
26 2277
0 2278
65 2280
19 2280
20 2280
17 2280
18 2280
21 2280
22 2280
15 2280
16 2280
23 2280
58 2280
14 2280
24 2280
25 2280
13 2280
11 2280
12 2280
10 2280
8 2280
9 2280
7 2280
52 2280
5 2280
6 2280
3 2280
4 2280
1 2280
2 2280
0 2281
51 2282
27 2282
28 2282
26 2282
29 2282
30 2282
31 2282
32 2282
33 2282
34 2282
35 2282
36 2282
37 2282
38 2282
39 2282
59 2282
40 2282
41 2282
42 2282
43 2282
44 2282
54 2282
45 2282
46 2282
47 2282
48 2282
49 2282
50 2282
0 2284
52 2286
6 2286
7 2286
5 2286
8 2286
3 2286
4 2286
9 2286
10 2286
1 2286
2 2286
11 2286
12 2286
13 2286
14 2286
15 2286
16 2286
17 2286
18 2286
19 2286
20 2286
65 2286
21 2286
22 2286
23 2286
24 2286
25 2286
0 2287
58 2288
22 2288
20 2288
21 2288
23 2288
18 2288
19 2288
65 2288
24 2288
25 2288
17 2288
15 2288
16 2288
14 2288
13 2288
11 2288
12 2288
10 2288
8 2288
9 2288
7 2288
5 2288
6 2288
52 2288
3 2288
4 2288
1 2288
2 2288
0 2289
59 2291
38 2291
39 2291
37 2291
40 2291
35 2291
36 2291
41 2291
42 2291
34 2291
43 2291
54 2291
33 2291
44 2291
32 2291
45 2291
31 2291
46 2291
30 2291
47 2291
48 2291
28 2291
29 2291
49 2291
51 2291
27 2291
50 2291
26 2291
0 2292
0 2294
53 2297
55 2297
64 2297
0 2298
0 2300
0 2301
54 2302
43 2302
44 2302
41 2302
42 2302
45 2302
40 2302
46 2302
39 2302
47 2302
48 2302
38 2302
59 2302
49 2302
53 2302
55 2302
64 2302
37 2302
50 2302
35 2302
36 2302
34 2302
33 2302
32 2302
31 2302
30 2302
28 2302
29 2302
27 2302
26 2302
51 2302
0 2303
65 2305
17 2305
18 2305
15 2305
16 2305
19 2305
20 2305
14 2305
21 2305
22 2305
58 2305
13 2305
23 2305
11 2305
12 2305
24 2305
25 2305
10 2305
51 2305
8 2305
9 2305
26 2305
7 2305
27 2305
5 2305
6 2305
28 2305
29 2305
3 2305
4 2305
52 2305
30 2305
1 2305
2 2305
31 2305
32 2305
33 2305
34 2305
35 2305
36 2305
37 2305
59 2305
38 2305
39 2305
40 2305
41 2305
42 2305
43 2305
54 2305
44 2305
45 2305
46 2305
47 2305
48 2305
49 2305
53 2305
55 2305
50 2305
0 2306
51 2307
26 2307
27 2307
28 2307
29 2307
30 2307
31 2307
32 2307
33 2307
34 2307
35 2307
36 2307
37 2307
59 2307
38 2307
39 2307
40 2307
41 2307
42 2307
43 2307
54 2307
44 2307
45 2307
46 2307
47 2307
48 2307
49 2307
53 2307
55 2307
50 2307
0 2309
52 2311
4 2311
5 2311
2 2311
3 2311
6 2311
7 2311
1 2311
8 2311
9 2311
10 2311
11 2311
12 2311
13 2311
14 2311
15 2311
16 2311
17 2311
65 2311
18 2311
19 2311
20 2311
21 2311
22 2311
23 2311
24 2311
25 2311
51 2311
26 2311
27 2311
28 2311
29 2311
30 2311
31 2311
32 2311
33 2311
34 2311
35 2311
36 2311
37 2311
59 2311
38 2311
39 2311
40 2311
41 2311
42 2311
43 2311
54 2311
44 2311
45 2311
46 2311
47 2311
48 2311
49 2311
50 2311
0 2312
58 2313
20 2313
18 2313
19 2313
21 2313
22 2313
65 2313
17 2313
23 2313
15 2313
16 2313
24 2313
25 2313
14 2313
51 2313
13 2313
26 2313
11 2313
12 2313
27 2313
10 2313
28 2313
29 2313
8 2313
9 2313
30 2313
7 2313
31 2313
5 2313
6 2313
32 2313
3 2313
4 2313
52 2313
33 2313
1 2313
2 2313
34 2313
35 2313
36 2313
37 2313
59 2313
38 2313
39 2313
40 2313
41 2313
42 2313
43 2313
54 2313
44 2313
45 2313
46 2313
47 2313
48 2313
49 2313
50 2313
0 2314
59 2316
36 2316
37 2316
34 2316
35 2316
38 2316
33 2316
39 2316
32 2316
40 2316
31 2316
41 2316
42 2316
30 2316
43 2316
54 2316
28 2316
29 2316
44 2316
27 2316
45 2316
26 2316
46 2316
51 2316
47 2316
48 2316
49 2316
50 2316
0 2317
0 2319
0 2323
0 2325
0 2326
54 2327
41 2327
42 2327
40 2327
43 2327
39 2327
44 2327
38 2327
45 2327
37 2327
59 2327
46 2327
35 2327
36 2327
47 2327
48 2327
34 2327
49 2327
33 2327
50 2327
32 2327
31 2327
30 2327
28 2327
29 2327
27 2327
26 2327
0 2328
65 2330
15 2330
16 2330
14 2330
17 2330
13 2330
18 2330
19 2330
11 2330
12 2330
20 2330
58 2330
10 2330
21 2330
22 2330
8 2330
9 2330
23 2330
7 2330
24 2330
25 2330
51 2330
5 2330
6 2330
3 2330
4 2330
1 2330
2 2330
52 2330
0 2331
51 2332
24 2332
25 2332
23 2332
21 2332
22 2332
20 2332
18 2332
19 2332
58 2332
17 2332
15 2332
16 2332
65 2332
14 2332
13 2332
11 2332
12 2332
10 2332
8 2332
9 2332
7 2332
5 2332
6 2332
3 2332
4 2332
1 2332
2 2332
52 2332
0 2334
61 2335
25 2335
23 2335
24 2335
51 2335
21 2335
22 2335
20 2335
18 2335
19 2335
58 2335
17 2335
15 2335
16 2335
65 2335
14 2335
13 2335
11 2335
12 2335
10 2335
8 2335
9 2335
7 2335
5 2335
6 2335
3 2335
4 2335
1 2335
2 2335
52 2335
52 2336
2 2336
3 2336
1 2336
4 2336
5 2336
6 2336
7 2336
8 2336
9 2336
10 2336
11 2336
12 2336
13 2336
14 2336
15 2336
16 2336
65 2336
17 2336
18 2336
19 2336
58 2336
20 2336
21 2336
22 2336
23 2336
24 2336
25 2336
51 2336
61 2336
0 2337
58 2338
18 2338
19 2338
17 2338
20 2338
15 2338
16 2338
65 2338
21 2338
22 2338
14 2338
23 2338
13 2338
24 2338
25 2338
51 2338
11 2338
12 2338
61 2338
10 2338
8 2338
9 2338
7 2338
5 2338
6 2338
3 2338
4 2338
1 2338
2 2338
52 2338
0 2339
59 2341
35 2341
34 2341
36 2341
37 2341
33 2341
38 2341
32 2341
39 2341
31 2341
40 2341
54 2341
30 2341
41 2341
42 2341
28 2341
29 2341
43 2341
27 2341
44 2341
26 2341
45 2341
46 2341
47 2341
48 2341
49 2341
50 2341
0 2342
0 2344
0 2348
0 2350
0 2351
54 2352
39 2352
40 2352
38 2352
41 2352
42 2352
37 2352
43 2352
35 2352
36 2352
44 2352
34 2352
59 2352
45 2352
33 2352
46 2352
32 2352
47 2352
48 2352
31 2352
49 2352
30 2352
50 2352
28 2352
29 2352
27 2352
26 2352
0 2353
65 2355
13 2355
14 2355
11 2355
12 2355
15 2355
16 2355
10 2355
17 2355
58 2355
8 2355
9 2355
18 2355
19 2355
7 2355
20 2355
5 2355
6 2355
21 2355
22 2355
3 2355
4 2355
56 2355
23 2355
51 2355
1 2355
52 2355
2 2355
24 2355
25 2355
0 2356
51 2357
23 2357
21 2357
22 2357
24 2357
25 2357
61 2357
20 2357
18 2357
19 2357
58 2357
17 2357
15 2357
16 2357
65 2357
14 2357
13 2357
11 2357
12 2357
10 2357
8 2357
9 2357
7 2357
5 2357
6 2357
3 2357
4 2357
56 2357
1 2357
52 2357
2 2357
0 2359
61 2360
23 2360
21 2360
22 2360
24 2360
25 2360
51 2360
20 2360
18 2360
19 2360
58 2360
17 2360
15 2360
16 2360
65 2360
14 2360
13 2360
11 2360
12 2360
10 2360
8 2360
9 2360
7 2360
5 2360
6 2360
3 2360
4 2360
1 2360
52 2360
2 2360
52 2361
1 2361
2 2361
3 2361
4 2361
5 2361
6 2361
7 2361
8 2361
9 2361
10 2361
11 2361
12 2361
13 2361
14 2361
65 2361
15 2361
16 2361
17 2361
58 2361
18 2361
19 2361
20 2361
21 2361
22 2361
23 2361
51 2361
61 2361
24 2361
25 2361
0 2362
58 2363
17 2363
15 2363
16 2363
18 2363
19 2363
65 2363
14 2363
20 2363
13 2363
21 2363
22 2363
11 2363
12 2363
23 2363
51 2363
61 2363
10 2363
24 2363
25 2363
8 2363
9 2363
7 2363
5 2363
6 2363
3 2363
4 2363
56 2363
1 2363
52 2363
2 2363
0 2364
59 2366
33 2366
34 2366
32 2366
35 2366
36 2366
31 2366
37 2366
30 2366
38 2366
54 2366
28 2366
29 2366
39 2366
27 2366
40 2366
26 2366
41 2366
42 2366
43 2366
44 2366
45 2366
46 2366
53 2366
48 2366
47 2366
49 2366
50 2366
0 2367
0 2369
55 2371
43 2371
41 2371
42 2371
44 2371
40 2371
45 2371
39 2371
46 2371
38 2371
54 2371
47 2371
48 2371
37 2371
49 2371
35 2371
36 2371
50 2371
34 2371
33 2371
59 2371
32 2371
31 2371
30 2371
28 2371
29 2371
27 2371
26 2371
53 2372
46 2372
45 2372
47 2372
48 2372
44 2372
49 2372
43 2372
55 2372
50 2372
41 2372
42 2372
40 2372
39 2372
38 2372
54 2372
37 2372
35 2372
36 2372
34 2372
33 2372
59 2372
32 2372
31 2372
30 2372
28 2372
29 2372
27 2372
26 2372
0 2373
56 2374
4 2374
2 2374
3 2374
5 2374
52 2374
1 2374
6 2374
7 2374
8 2374
9 2374
10 2374
11 2374
12 2374
13 2374
65 2374
14 2374
15 2374
16 2374
17 2374
58 2374
18 2374
19 2374
20 2374
21 2374
22 2374
51 2374
23 2374
61 2374
24 2374
25 2374
0 2375
0 2376
54 2377
37 2377
38 2377
35 2377
36 2377
39 2377
34 2377
40 2377
33 2377
59 2377
41 2377
42 2377
32 2377
43 2377
55 2377
31 2377
44 2377
30 2377
45 2377
28 2377
29 2377
46 2377
53 2377
27 2377
47 2377
48 2377
26 2377
49 2377
50 2377
0 2378
65 2380
11 2380
12 2380
10 2380
13 2380
8 2380
9 2380
14 2380
7 2380
15 2380
16 2380
58 2380
5 2380
6 2380
17 2380
3 2380
4 2380
52 2380
18 2380
19 2380
1 2380
2 2380
56 2380
20 2380
21 2380
22 2380
51 2380
61 2380
23 2380
24 2380
25 2380
0 2381
51 2382
21 2382
20 2382
22 2382
23 2382
61 2382
18 2382
19 2382
24 2382
25 2382
17 2382
15 2382
16 2382
14 2382
58 2382
13 2382
11 2382
12 2382
65 2382
10 2382
8 2382
9 2382
7 2382
5 2382
6 2382
3 2382
4 2382
52 2382
1 2382
2 2382
56 2382
0 2384
61 2385
21 2385
20 2385
22 2385
23 2385
51 2385
18 2385
19 2385
24 2385
25 2385
17 2385
15 2385
16 2385
14 2385
58 2385
13 2385
11 2385
12 2385
65 2385
10 2385
8 2385
9 2385
7 2385
5 2385
6 2385
3 2385
4 2385
52 2385
1 2385
2 2385
56 2385
52 2386
3 2386
4 2386
1 2386
2 2386
5 2386
56 2386
6 2386
7 2386
8 2386
9 2386
10 2386
11 2386
65 2386
13 2386
12 2386
14 2386
58 2386
16 2386
15 2386
17 2386
18 2386
19 2386
20 2386
51 2386
22 2386
61 2386
21 2386
23 2386
24 2386
25 2386
0 2387
58 2388
15 2388
14 2388
16 2388
17 2388
13 2388
18 2388
19 2388
11 2388
12 2388
65 2388
20 2388
51 2388
10 2388
22 2388
61 2388
21 2388
8 2388
9 2388
23 2388
7 2388
24 2388
25 2388
5 2388
6 2388
3 2388
4 2388
52 2388
1 2388
2 2388
56 2388
0 2389
57 2390
28 2390
27 2390
29 2390
30 2390
26 2390
31 2390
59 2390
32 2390
62 2390
33 2390
34 2390
35 2390
36 2390
37 2390
54 2390
38 2390
39 2390
40 2390
41 2390
42 2390
55 2390
43 2390
44 2390
45 2390
53 2390
46 2390
47 2390
48 2390
49 2390
50 2390
59 2391
31 2391
32 2391
62 2391
30 2391
33 2391
28 2391
29 2391
34 2391
27 2391
57 2391
35 2391
36 2391
26 2391
37 2391
54 2391
38 2391
39 2391
40 2391
41 2391
42 2391
55 2391
43 2391
44 2391
53 2391
45 2391
46 2391
47 2391
48 2391
49 2391
50 2391
0 2392
0 2394
62 2395
59 2395
30 2395
31 2395
28 2395
29 2395
32 2395
27 2395
33 2395
26 2395
34 2395
35 2395
36 2395
37 2395
54 2395
38 2395
39 2395
40 2395
41 2395
42 2395
55 2395
43 2395
44 2395
53 2395
45 2395
46 2395
47 2395
48 2395
49 2395
50 2395
55 2396
41 2396
40 2396
42 2396
43 2396
39 2396
44 2396
53 2396
38 2396
45 2396
37 2396
46 2396
35 2396
36 2396
54 2396
47 2396
48 2396
34 2396
49 2396
33 2396
50 2396
32 2396
62 2396
31 2396
59 2396
30 2396
28 2396
29 2396
27 2396
26 2396
53 2397
44 2397
45 2397
43 2397
46 2397
41 2397
42 2397
55 2397
47 2397
48 2397
40 2397
49 2397
39 2397
50 2397
38 2397
37 2397
35 2397
36 2397
54 2397
34 2397
33 2397
32 2397
62 2397
31 2397
59 2397
30 2397
28 2397
29 2397
27 2397
26 2397
0 2398
56 2399
2 2399
1 2399
3 2399
4 2399
5 2399
52 2399
6 2399
7 2399
8 2399
9 2399
10 2399
11 2399
65 2399
12 2399
13 2399
14 2399
58 2399
15 2399
16 2399
17 2399
18 2399
19 2399
20 2399
51 2399
61 2399
22 2399
21 2399
23 2399
24 2399
25 2399
0 2400
0 2401
54 2402
35 2402
36 2402
34 2402
37 2402
33 2402
38 2402
32 2402
39 2402
31 2402
59 2402
62 2402
40 2402
55 2402
30 2402
42 2402
41 2402
28 2402
29 2402
43 2402
57 2402
27 2402
44 2402
53 2402
26 2402
45 2402
46 2402
47 2402
48 2402
49 2402
50 2402
0 2403
65 2405
9 2405
10 2405
8 2405
11 2405
7 2405
12 2405
13 2405
5 2405
6 2405
52 2405
14 2405
58 2405
3 2405
4 2405
15 2405
16 2405
1 2405
2 2405
17 2405
56 2405
18 2405
19 2405
20 2405
51 2405
61 2405
21 2405
22 2405
23 2405
24 2405
25 2405
0 2406
51 2407
19 2407
17 2407
18 2407
20 2407
61 2407
15 2407
16 2407
21 2407
22 2407
58 2407
14 2407
23 2407
13 2407
24 2407
25 2407
11 2407
12 2407
10 2407
65 2407
8 2407
9 2407
7 2407
5 2407
6 2407
52 2407
3 2407
4 2407
1 2407
2 2407
56 2407
0 2409
61 2410
19 2410
20 2410
17 2410
18 2410
21 2410
22 2410
51 2410
15 2410
16 2410
23 2410
14 2410
24 2410
25 2410
13 2410
58 2410
11 2410
12 2410
10 2410
65 2410
8 2410
9 2410
7 2410
5 2410
6 2410
52 2410
3 2410
4 2410
1 2410
56 2410
2 2410
52 2411
5 2411
6 2411
3 2411
4 2411
7 2411
1 2411
56 2411
2 2411
8 2411
9 2411
10 2411
65 2411
11 2411
12 2411
13 2411
14 2411
58 2411
15 2411
16 2411
17 2411
18 2411
19 2411
20 2411
51 2411
61 2411
21 2411
22 2411
23 2411
24 2411
25 2411
0 2412
58 2413
13 2413
11 2413
12 2413
14 2413
10 2413
65 2413
15 2413
16 2413
8 2413
9 2413
17 2413
7 2413
18 2413
19 2413
5 2413
6 2413
52 2413
20 2413
61 2413
3 2413
4 2413
21 2413
22 2413
1 2413
56 2413
2 2413
23 2413
24 2413
25 2413
0 2414
57 2415
26 2415
27 2415
28 2415
29 2415
30 2415
59 2415
62 2415
31 2415
32 2415
33 2415
34 2415
54 2415
36 2415
35 2415
37 2415
38 2415
39 2415
55 2415
40 2415
41 2415
42 2415
43 2415
53 2415
44 2415
45 2415
46 2415
47 2415
48 2415
49 2415
50 2415
59 2416
29 2416
30 2416
62 2416
27 2416
28 2416
31 2416
26 2416
57 2416
32 2416
33 2416
34 2416
54 2416
36 2416
35 2416
37 2416
38 2416
39 2416
55 2416
40 2416
41 2416
42 2416
43 2416
53 2416
44 2416
45 2416
46 2416
47 2416
48 2416
49 2416
50 2416
0 2417
0 2419
62 2420
30 2420
59 2420
28 2420
31 2420
29 2420
32 2420
27 2420
33 2420
26 2420
57 2420
34 2420
54 2420
35 2420
36 2420
37 2420
38 2420
39 2420
55 2420
40 2420
41 2420
42 2420
43 2420
53 2420
44 2420
45 2420
46 2420
47 2420
48 2420
49 2420
50 2420
55 2421
39 2421
40 2421
38 2421
41 2421
42 2421
37 2421
43 2421
53 2421
35 2421
36 2421
44 2421
34 2421
54 2421
45 2421
33 2421
46 2421
32 2421
47 2421
48 2421
31 2421
49 2421
30 2421
59 2421
62 2421
50 2421
28 2421
29 2421
27 2421
26 2421
57 2421
53 2422
42 2422
43 2422
40 2422
41 2422
44 2422
39 2422
55 2422
45 2422
38 2422
46 2422
37 2422
47 2422
48 2422
35 2422
36 2422
49 2422
54 2422
34 2422
50 2422
33 2422
32 2422
31 2422
30 2422
62 2422
28 2422
29 2422
59 2422
27 2422
26 2422
57 2422
0 2423
56 2424
2 2424
1 2424
3 2424
4 2424
5 2424
6 2424
7 2424
52 2424
8 2424
65 2424
10 2424
9 2424
11 2424
12 2424
13 2424
58 2424
14 2424
15 2424
16 2424
17 2424
18 2424
19 2424
51 2424
61 2424
20 2424
21 2424
22 2424
23 2424
24 2424
25 2424
0 2425
0 2426
54 2427
33 2427
34 2427
32 2427
35 2427
36 2427
31 2427
37 2427
30 2427
38 2427
55 2427
28 2427
29 2427
59 2427
62 2427
39 2427
27 2427
40 2427
26 2427
41 2427
42 2427
57 2427
43 2427
53 2427
44 2427
45 2427
46 2427
47 2427
48 2427
49 2427
50 2427
0 2428
65 2430
7 2430
8 2430
5 2430
6 2430
9 2430
10 2430
52 2430
3 2430
4 2430
11 2430
58 2430
1 2430
2 2430
56 2430
13 2430
12 2430
14 2430
15 2430
16 2430
17 2430
61 2430
19 2430
18 2430
20 2430
21 2430
22 2430
23 2430
24 2430
25 2430
57 2430
0 2431
51 2432
17 2432
15 2432
16 2432
18 2432
19 2432
61 2432
14 2432
20 2432
13 2432
21 2432
22 2432
11 2432
12 2432
58 2432
23 2432
10 2432
24 2432
25 2432
8 2432
9 2432
57 2432
7 2432
52 2432
65 2432
5 2432
6 2432
3 2432
4 2432
1 2432
2 2432
56 2432
0 2434
61 2435
17 2435
18 2435
15 2435
16 2435
19 2435
20 2435
14 2435
21 2435
22 2435
13 2435
23 2435
11 2435
12 2435
24 2435
25 2435
10 2435
58 2435
57 2435
8 2435
9 2435
7 2435
52 2435
65 2435
5 2435
6 2435
3 2435
4 2435
56 2435
1 2435
2 2435
52 2436
7 2436
8 2436
65 2436
5 2436
6 2436
9 2436
10 2436
3 2436
4 2436
56 2436
11 2436
58 2436
1 2436
2 2436
12 2436
13 2436
14 2436
15 2436
16 2436
17 2436
61 2436
19 2436
18 2436
20 2436
21 2436
22 2436
23 2436
24 2436
25 2436
57 2436
0 2437
58 2438
11 2438
10 2438
12 2438
13 2438
8 2438
9 2438
14 2438
7 2438
52 2438
65 2438
15 2438
16 2438
5 2438
6 2438
17 2438
61 2438
3 2438
4 2438
56 2438
19 2438
18 2438
1 2438
2 2438
20 2438
21 2438
22 2438
23 2438
24 2438
25 2438
57 2438
0 2439
57 2440
25 2440
23 2440
24 2440
21 2440
22 2440
20 2440
18 2440
19 2440
17 2440
61 2440
15 2440
16 2440
14 2440
13 2440
11 2440
12 2440
10 2440
58 2440
8 2440
9 2440
7 2440
52 2440
65 2440
5 2440
6 2440
3 2440
4 2440
56 2440
1 2440
2 2440
59 2441
27 2441
28 2441
62 2441
26 2441
29 2441
30 2441
31 2441
32 2441
54 2441
33 2441
34 2441
35 2441
36 2441
37 2441
55 2441
38 2441
64 2441
39 2441
40 2441
41 2441
42 2441
53 2441
43 2441
44 2441
45 2441
46 2441
47 2441
48 2441
49 2441
50 2441
0 2442
64 2443
0 2444
62 2445
27 2445
28 2445
59 2445
26 2445
29 2445
30 2445
31 2445
32 2445
54 2445
33 2445
34 2445
35 2445
36 2445
37 2445
55 2445
64 2445
38 2445
39 2445
40 2445
53 2445
42 2445
41 2445
43 2445
44 2445
45 2445
46 2445
47 2445
48 2445
49 2445
50 2445
55 2446
37 2446
38 2446
64 2446
35 2446
36 2446
39 2446
34 2446
40 2446
53 2446
33 2446
54 2446
42 2446
41 2446
32 2446
43 2446
31 2446
44 2446
30 2446
45 2446
28 2446
29 2446
46 2446
27 2446
59 2446
62 2446
47 2446
48 2446
26 2446
49 2446
50 2446
53 2447
40 2447
41 2447
39 2447
42 2447
43 2447
38 2447
55 2447
44 2447
37 2447
45 2447
35 2447
36 2447
46 2447
34 2447
47 2447
48 2447
33 2447
49 2447
32 2447
54 2447
50 2447
31 2447
30 2447
28 2447
29 2447
59 2447
27 2447
62 2447
26 2447
0 2448
56 2449
4 2449
2 2449
3 2449
5 2449
1 2449
6 2449
7 2449
65 2449
8 2449
52 2449
9 2449
10 2449
11 2449
58 2449
12 2449
13 2449
14 2449
15 2449
16 2449
17 2449
61 2449
18 2449
19 2449
20 2449
21 2449
22 2449
23 2449
24 2449
25 2449
57 2449
0 2450
0 2451
54 2452
32 2452
31 2452
33 2452
30 2452
34 2452
28 2452
29 2452
35 2452
36 2452
59 2452
62 2452
27 2452
37 2452
55 2452
64 2452
26 2452
38 2452
39 2452
40 2452
53 2452
41 2452
42 2452
43 2452
44 2452
45 2452
46 2452
47 2452
48 2452
49 2452
50 2452
0 2453
63 2454
12 2454
11 2454
13 2454
10 2454
58 2454
14 2454
8 2454
9 2454
52 2454
15 2454
16 2454
7 2454
65 2454
17 2454
61 2454
5 2454
6 2454
18 2454
19 2454
3 2454
4 2454
56 2454
20 2454
1 2454
2 2454
21 2454
22 2454
23 2454
24 2454
25 2454
57 2454
65 2455
6 2455
5 2455
7 2455
56 2455
3 2455
8 2455
4 2455
1 2455
9 2455
10 2455
52 2455
58 2455
2 2455
11 2455
12 2455
13 2455
63 2455
14 2455
15 2455
16 2455
17 2455
61 2455
18 2455
19 2455
20 2455
21 2455
22 2455
23 2455
24 2455
25 2455
57 2455
0 2456
0 2459
61 2460
15 2460
16 2460
14 2460
17 2460
13 2460
18 2460
19 2460
11 2460
12 2460
20 2460
10 2460
52 2460
58 2460
21 2460
22 2460
8 2460
9 2460
23 2460
57 2460
7 2460
25 2460
24 2460
5 2460
6 2460
56 2460
65 2460
59 2460
3 2460
4 2460
26 2460
62 2460
1 2460
2 2460
27 2460
28 2460
29 2460
30 2460
31 2460
54 2460
32 2460
33 2460
34 2460
35 2460
36 2460
37 2460
55 2460
64 2460
38 2460
39 2460
53 2460
40 2460
41 2460
42 2460
43 2460
44 2460
45 2460
46 2460
47 2460
48 2460
49 2460
50 2460
52 2461
9 2461
58 2461
8 2461
10 2461
7 2461
11 2461
5 2461
6 2461
56 2461
65 2461
12 2461
13 2461
3 2461
4 2461
14 2461
1 2461
2 2461
15 2461
16 2461
61 2461
17 2461
18 2461
19 2461
20 2461
21 2461
22 2461
23 2461
57 2461
25 2461
24 2461
59 2461
26 2461
62 2461
27 2461
28 2461
29 2461
30 2461
31 2461
54 2461
32 2461
33 2461
34 2461
35 2461
36 2461
37 2461
55 2461
64 2461
38 2461
39 2461
53 2461
40 2461
41 2461
42 2461
43 2461
44 2461
45 2461
46 2461
47 2461
48 2461
49 2461
50 2461
0 2462
58 2463
9 2463
52 2463
8 2463
10 2463
7 2463
11 2463
63 2463
5 2463
6 2463
56 2463
65 2463
12 2463
13 2463
3 2463
4 2463
14 2463
1 2463
2 2463
15 2463
16 2463
61 2463
17 2463
18 2463
19 2463
20 2463
21 2463
22 2463
23 2463
57 2463
25 2463
24 2463
59 2463
26 2463
62 2463
27 2463
28 2463
29 2463
30 2463
31 2463
54 2463
32 2463
33 2463
34 2463
35 2463
36 2463
37 2463
55 2463
64 2463
38 2463
39 2463
53 2463
40 2463
41 2463
42 2463
43 2463
44 2463
45 2463
46 2463
47 2463
48 2463
49 2463
50 2463
0 2464
57 2465
23 2465
24 2465
21 2465
22 2465
25 2465
20 2465
59 2465
18 2465
19 2465
26 2465
62 2465
17 2465
27 2465
15 2465
16 2465
61 2465
28 2465
29 2465
14 2465
30 2465
54 2465
13 2465
31 2465
11 2465
12 2465
32 2465
10 2465
52 2465
63 2465
33 2465
8 2465
9 2465
58 2465
34 2465
7 2465
35 2465
36 2465
5 2465
6 2465
56 2465
65 2465
37 2465
55 2465
3 2465
4 2465
38 2465
1 2465
2 2465
39 2465
53 2465
40 2465
41 2465
42 2465
43 2465
44 2465
45 2465
46 2465
47 2465
48 2465
49 2465
50 2465
59 2466
26 2466
62 2466
27 2466
28 2466
29 2466
30 2466
54 2466
31 2466
32 2466
33 2466
34 2466
35 2466
36 2466
55 2466
37 2466
38 2466
39 2466
53 2466
40 2466
41 2466
42 2466
43 2466
44 2466
45 2466
46 2466
47 2466
48 2466
49 2466
50 2466
0 2467
0 2469
62 2470
26 2470
59 2470
27 2470
28 2470
29 2470
30 2470
54 2470
31 2470
32 2470
33 2470
34 2470
35 2470
36 2470
55 2470
37 2470
38 2470
53 2470
39 2470
40 2470
41 2470
42 2470
43 2470
44 2470
45 2470
46 2470
47 2470
48 2470
49 2470
50 2470
55 2471
35 2471
36 2471
34 2471
37 2471
33 2471
38 2471
53 2471
32 2471
39 2471
31 2471
54 2471
40 2471
30 2471
41 2471
42 2471
28 2471
29 2471
43 2471
27 2471
44 2471
26 2471
59 2471
62 2471
45 2471
46 2471
47 2471
48 2471
49 2471
50 2471
53 2472
38 2472
39 2472
37 2472
40 2472
35 2472
36 2472
55 2472
41 2472
42 2472
34 2472
43 2472
33 2472
44 2472
32 2472
45 2472
31 2472
46 2472
30 2472
54 2472
47 2472
48 2472
28 2472
29 2472
49 2472
27 2472
50 2472
26 2472
59 2472
62 2472
0 2473
56 2474
6 2474
5 2474
7 2474
65 2474
3 2474
8 2474
58 2474
4 2474
1 2474
9 2474
10 2474
2 2474
11 2474
52 2474
63 2474
12 2474
13 2474
14 2474
61 2474
16 2474
15 2474
17 2474
18 2474
19 2474
20 2474
21 2474
22 2474
23 2474
57 2474
24 2474
25 2474
59 2474
62 2474
26 2474
27 2474
28 2474
29 2474
30 2474
54 2474
31 2474
32 2474
33 2474
34 2474
35 2474
36 2474
55 2474
37 2474
38 2474
53 2474
39 2474
40 2474
41 2474
42 2474
43 2474
44 2474
45 2474
46 2474
47 2474
48 2474
49 2474
50 2474
0 2475
0 2476
0 2478
63 2479
10 2479
52 2479
8 2479
9 2479
11 2479
7 2479
56 2479
58 2479
12 2479
13 2479
5 2479
6 2479
14 2479
61 2479
3 2479
4 2479
65 2479
15 2479
16 2479
1 2479
2 2479
17 2479
18 2479
19 2479
20 2479
21 2479
22 2479
23 2479
57 2479
24 2479
25 2479
59 2479
62 2479
65 2480
4 2480
5 2480
2 2480
3 2480
6 2480
7 2480
56 2480
1 2480
8 2480
58 2480
9 2480
10 2480
11 2480
63 2480
12 2480
13 2480
14 2480
61 2480
15 2480
16 2480
17 2480
18 2480
19 2480
20 2480
21 2480
22 2480
23 2480
57 2480
24 2480
25 2480
59 2480
62 2480
0 2481
0 2484
61 2485
13 2485
14 2485
11 2485
12 2485
15 2485
16 2485
10 2485
63 2485
52 2485
17 2485
8 2485
9 2485
18 2485
19 2485
7 2485
56 2485
58 2485
20 2485
5 2485
6 2485
21 2485
22 2485
57 2485
3 2485
4 2485
65 2485
23 2485
1 2485
2 2485
24 2485
25 2485
59 2485
62 2485
52 2486
11 2486
10 2486
12 2486
13 2486
63 2486
8 2486
14 2486
61 2486
9 2486
7 2486
56 2486
15 2486
16 2486
58 2486
5 2486
6 2486
17 2486
3 2486
4 2486
65 2486
18 2486
19 2486
1 2486
2 2486
20 2486
21 2486
22 2486
57 2486
23 2486
24 2486
25 2486
59 2486
62 2486
0 2487
58 2488
7 2488
56 2488
5 2488
6 2488
8 2488
3 2488
4 2488
65 2488
9 2488
10 2488
63 2488
1 2488
2 2488
11 2488
12 2488
13 2488
14 2488
61 2488
15 2488
16 2488
17 2488
18 2488
19 2488
20 2488
21 2488
22 2488
57 2488
23 2488
24 2488
25 2488
59 2488
62 2488
0 2489
57 2490
21 2490
22 2490
60 2490
20 2490
23 2490
18 2490
19 2490
24 2490
25 2490
59 2490
17 2490
62 2490
15 2490
16 2490
61 2490
14 2490
13 2490
11 2490
12 2490
10 2490
63 2490
8 2490
9 2490
7 2490
58 2490
56 2490
5 2490
6 2490
3 2490
4 2490
65 2490
1 2490
2 2490
59 2491
24 2491
25 2491
62 2491
23 2491
21 2491
22 2491
57 2491
60 2491
20 2491
18 2491
19 2491
17 2491
15 2491
16 2491
61 2491
14 2491
13 2491
51 2491
11 2491
12 2491
52 2491
10 2491
8 2491
9 2491
63 2491
7 2491
58 2491
56 2491
5 2491
6 2491
3 2491
4 2491
65 2491
1 2491
2 2491
0 2492
0 2494
62 2495
25 2495
59 2495
23 2495
24 2495
21 2495
22 2495
60 2495
20 2495
57 2495
18 2495
19 2495
17 2495
15 2495
16 2495
14 2495
13 2495
51 2495
61 2495
11 2495
12 2495
52 2495
10 2495
8 2495
9 2495
63 2495
7 2495
58 2495
56 2495
5 2495
6 2495
3 2495
4 2495
65 2495
1 2495
2 2495
55 2496
33 2496
34 2496
32 2496
35 2496
36 2496
31 2496
37 2496
53 2496
30 2496
38 2496
28 2496
29 2496
39 2496
27 2496
40 2496
26 2496
41 2496
42 2496
43 2496
44 2496
45 2496
46 2496
47 2496
48 2496
49 2496
50 2496
53 2497
36 2497
37 2497
34 2497
35 2497
38 2497
33 2497
55 2497
39 2497
32 2497
40 2497
31 2497
41 2497
42 2497
30 2497
43 2497
28 2497
29 2497
44 2497
27 2497
45 2497
26 2497
46 2497
47 2497
48 2497
49 2497
50 2497
0 2498
56 2499
7 2499
8 2499
63 2499
5 2499
6 2499
10 2499
58 2499
9 2499
3 2499
4 2499
11 2499
1 2499
2 2499
65 2499
12 2499
13 2499
51 2499
52 2499
61 2499
14 2499
15 2499
16 2499
17 2499
18 2499
19 2499
20 2499
57 2499
22 2499
21 2499
23 2499
24 2499
25 2499
59 2499
62 2499
0 2500
0 2501
0 2503
63 2504
8 2504
56 2504
7 2504
10 2504
9 2504
5 2504
6 2504
58 2504
11 2504
3 2504
4 2504
12 2504
13 2504
61 2504
1 2504
2 2504
65 2504
14 2504
15 2504
16 2504
17 2504
18 2504
19 2504
20 2504
57 2504
60 2504
22 2504
21 2504
59 2504
23 2504
24 2504
25 2504
62 2504
65 2505
2 2505
3 2505
1 2505
4 2505
5 2505
6 2505
7 2505
58 2505
8 2505
56 2505
63 2505
10 2505
9 2505
11 2505
12 2505
13 2505
61 2505
14 2505
15 2505
16 2505
17 2505
18 2505
19 2505
20 2505
57 2505
60 2505
21 2505
22 2505
23 2505
59 2505
25 2505
24 2505
62 2505
0 2506
0 2509
61 2510
11 2510
12 2510
10 2510
13 2510
8 2510
9 2510
56 2510
14 2510
7 2510
63 2510
15 2510
16 2510
5 2510
6 2510
58 2510
17 2510
3 2510
4 2510
18 2510
19 2510
1 2510
65 2510
2 2510
20 2510
57 2510
21 2510
22 2510
23 2510
59 2510
62 2510
25 2510
24 2510
0 2512
58 2513
5 2513
3 2513
4 2513
6 2513
7 2513
1 2513
65 2513
2 2513
8 2513
63 2513
9 2513
10 2513
56 2513
11 2513
61 2513
13 2513
12 2513
14 2513
15 2513
16 2513
17 2513
18 2513
19 2513
20 2513
57 2513
21 2513
22 2513
23 2513
59 2513
62 2513
25 2513
24 2513
0 2514
57 2515
19 2515
20 2515
17 2515
60 2515
18 2515
21 2515
22 2515
15 2515
16 2515
23 2515
59 2515
62 2515
14 2515
25 2515
24 2515
13 2515
11 2515
12 2515
61 2515
10 2515
56 2515
8 2515
9 2515
7 2515
63 2515
5 2515
6 2515
3 2515
4 2515
58 2515
1 2515
65 2515
2 2515
59 2516
22 2516
23 2516
62 2516
20 2516
21 2516
25 2516
24 2516
18 2516
19 2516
57 2516
17 2516
60 2516
15 2516
16 2516
14 2516
13 2516
11 2516
12 2516
61 2516
10 2516
56 2516
8 2516
9 2516
7 2516
63 2516
5 2516
6 2516
3 2516
4 2516
58 2516
1 2516
65 2516
2 2516
0 2517
0 2519
62 2520
23 2520
59 2520
21 2520
24 2520
25 2520
22 2520
57 2520
20 2520
18 2520
19 2520
17 2520
60 2520
15 2520
16 2520
14 2520
13 2520
11 2520
12 2520
61 2520
10 2520
56 2520
8 2520
9 2520
7 2520
63 2520
5 2520
6 2520
3 2520
4 2520
58 2520
1 2520
65 2520
2 2520
55 2521
31 2521
32 2521
30 2521
33 2521
28 2521
29 2521
34 2521
27 2521
35 2521
36 2521
53 2521
26 2521
37 2521
38 2521
39 2521
40 2521
41 2521
42 2521
43 2521
44 2521
45 2521
46 2521
47 2521
48 2521
49 2521
50 2521
53 2522
34 2522
35 2522
33 2522
36 2522
37 2522
32 2522
55 2522
38 2522
31 2522
39 2522
30 2522
40 2522
28 2522
29 2522
41 2522
42 2522
27 2522
43 2522
26 2522
44 2522
45 2522
46 2522
47 2522
48 2522
49 2522
50 2522
0 2523
56 2524
9 2524
10 2524
8 2524
11 2524
61 2524
7 2524
63 2524
12 2524
13 2524
5 2524
6 2524
14 2524
3 2524
4 2524
58 2524
15 2524
16 2524
1 2524
2 2524
17 2524
65 2524
18 2524
19 2524
57 2524
20 2524
21 2524
22 2524
23 2524
59 2524
62 2524
24 2524
25 2524
0 2525
0 2526
0 2528
63 2529
6 2529
5 2529
7 2529
3 2529
4 2529
58 2529
8 2529
1 2529
65 2529
2 2529
9 2529
10 2529
11 2529
56 2529
61 2529
12 2529
13 2529
14 2529
15 2529
16 2529
17 2529
60 2529
18 2529
19 2529
57 2529
20 2529
21 2529
22 2529
59 2529
23 2529
62 2529
24 2529
25 2529
65 2530
1 2530
2 2530
3 2530
4 2530
58 2530
5 2530
6 2530
7 2530
63 2530
8 2530
9 2530
10 2530
11 2530
56 2530
61 2530
12 2530
13 2530
14 2530
15 2530
16 2530
17 2530
60 2530
18 2530
19 2530
57 2530
20 2530
21 2530
22 2530
59 2530
23 2530
62 2530
24 2530
25 2530
0 2531
60 2533
17 2533
15 2533
16 2533
18 2533
19 2533
57 2533
14 2533
20 2533
13 2533
21 2533
22 2533
59 2533
62 2533
11 2533
12 2533
23 2533
10 2533
61 2533
56 2533
24 2533
25 2533
8 2533
9 2533
7 2533
5 2533
6 2533
63 2533
3 2533
4 2533
58 2533
1 2533
65 2533
2 2533
0 2534
61 2535
9 2535
10 2535
8 2535
11 2535
56 2535
7 2535
12 2535
13 2535
5 2535
6 2535
63 2535
14 2535
3 2535
4 2535
58 2535
15 2535
16 2535
1 2535
65 2535
2 2535
17 2535
57 2535
19 2535
18 2535
20 2535
21 2535
22 2535
59 2535
62 2535
23 2535
24 2535
25 2535
0 2537
58 2538
3 2538
1 2538
2 2538
4 2538
5 2538
65 2538
6 2538
7 2538
63 2538
8 2538
9 2538
10 2538
61 2538
11 2538
56 2538
12 2538
13 2538
14 2538
15 2538
16 2538
17 2538
57 2538
19 2538
18 2538
20 2538
21 2538
22 2538
59 2538
62 2538
23 2538
24 2538
25 2538
0 2539
57 2540
17 2540
18 2540
15 2540
16 2540
19 2540
20 2540
60 2540
14 2540
21 2540
22 2540
59 2540
62 2540
13 2540
23 2540
11 2540
12 2540
56 2540
24 2540
25 2540
10 2540
61 2540
8 2540
9 2540
7 2540
5 2540
6 2540
63 2540
3 2540
4 2540
1 2540
2 2540
58 2540
65 2540
59 2541
20 2541
21 2541
62 2541
18 2541
19 2541
23 2541
22 2541
17 2541
57 2541
24 2541
25 2541
15 2541
16 2541
60 2541
14 2541
13 2541
11 2541
12 2541
56 2541
10 2541
61 2541
8 2541
9 2541
7 2541
5 2541
6 2541
63 2541
3 2541
4 2541
1 2541
2 2541
58 2541
65 2541
0 2542
0 2544
62 2545
21 2545
59 2545
22 2545
23 2545
20 2545
24 2545
25 2545
18 2545
19 2545
17 2545
57 2545
15 2545
16 2545
60 2545
14 2545
13 2545
11 2545
12 2545
56 2545
10 2545
61 2545
8 2545
9 2545
7 2545
5 2545
6 2545
3 2545
4 2545
63 2545
1 2545
2 2545
58 2545
65 2545
55 2546
29 2546
30 2546
27 2546
28 2546
31 2546
26 2546
32 2546
33 2546
53 2546
34 2546
35 2546
36 2546
37 2546
38 2546
39 2546
40 2546
41 2546
42 2546
43 2546
44 2546
45 2546
46 2546
47 2546
48 2546
49 2546
50 2546
53 2547
32 2547
33 2547
31 2547
34 2547
30 2547
55 2547
35 2547
36 2547
28 2547
29 2547
37 2547
27 2547
38 2547
26 2547
39 2547
40 2547
41 2547
42 2547
43 2547
44 2547
45 2547
46 2547
47 2547
48 2547
49 2547
50 2547
0 2548
56 2549
11 2549
12 2549
10 2549
13 2549
8 2549
9 2549
61 2549
14 2549
7 2549
15 2549
16 2549
5 2549
6 2549
17 2549
57 2549
3 2549
4 2549
63 2549
18 2549
19 2549
1 2549
2 2549
58 2549
65 2549
20 2549
59 2549
62 2549
22 2549
21 2549
23 2549
24 2549
25 2549
0 2550
0 2551
0 2553
63 2554
4 2554
5 2554
65 2554
2 2554
6 2554
7 2554
3 2554
8 2554
61 2554
1 2554
58 2554
10 2554
9 2554
11 2554
12 2554
13 2554
56 2554
14 2554
15 2554
16 2554
17 2554
57 2554
18 2554
19 2554
20 2554
59 2554
62 2554
22 2554
21 2554
23 2554
24 2554
25 2554
65 2555
3 2555
4 2555
63 2555
1 2555
58 2555
2 2555
5 2555
6 2555
7 2555
8 2555
61 2555
10 2555
9 2555
11 2555
12 2555
13 2555
56 2555
14 2555
15 2555
16 2555
60 2555
17 2555
57 2555
18 2555
19 2555
20 2555
59 2555
62 2555
22 2555
21 2555
23 2555
24 2555
25 2555
0 2556
0 2559
61 2560
8 2560
7 2560
9 2560
10 2560
5 2560
6 2560
11 2560
3 2560
4 2560
63 2560
65 2560
12 2560
13 2560
56 2560
1 2560
58 2560
2 2560
14 2560
15 2560
16 2560
17 2560
57 2560
18 2560
19 2560
20 2560
59 2560
62 2560
21 2560
22 2560
23 2560
24 2560
25 2560
0 2562
58 2563
1 2563
2 2563
3 2563
4 2563
63 2563
5 2563
65 2563
6 2563
7 2563
8 2563
61 2563
9 2563
10 2563
11 2563
12 2563
13 2563
56 2563
14 2563
15 2563
16 2563
57 2563
17 2563
18 2563
19 2563
20 2563
59 2563
62 2563
21 2563
22 2563
23 2563
24 2563
25 2563
0 2564
57 2565
15 2565
16 2565
56 2565
14 2565
17 2565
13 2565
18 2565
19 2565
11 2565
12 2565
20 2565
59 2565
62 2565
10 2565
21 2565
22 2565
8 2565
9 2565
23 2565
7 2565
61 2565
24 2565
25 2565
5 2565
6 2565
3 2565
4 2565
63 2565
65 2565
1 2565
58 2565
2 2565
59 2566
19 2566
62 2566
17 2566
18 2566
20 2566
15 2566
16 2566
57 2566
21 2566
22 2566
56 2566
14 2566
23 2566
13 2566
24 2566
25 2566
11 2566
12 2566
10 2566
8 2566
9 2566
7 2566
61 2566
5 2566
6 2566
3 2566
4 2566
63 2566
65 2566
1 2566
2 2566
58 2566
0 2567
64 2568
55 2568
28 2568
29 2568
27 2568
30 2568
26 2568
31 2568
53 2568
32 2568
33 2568
34 2568
35 2568
36 2568
37 2568
38 2568
39 2568
40 2568
41 2568
42 2568
43 2568
44 2568
45 2568
46 2568
47 2568
48 2568
49 2568
50 2568
0 2569
62 2570
19 2570
20 2570
59 2570
17 2570
21 2570
22 2570
18 2570
15 2570
16 2570
57 2570
23 2570
56 2570
60 2570
14 2570
24 2570
25 2570
13 2570
11 2570
12 2570
10 2570
8 2570
9 2570
7 2570
61 2570
5 2570
6 2570
3 2570
4 2570
63 2570
65 2570
1 2570
58 2570
2 2570
55 2571
28 2571
29 2571
64 2571
27 2571
30 2571
26 2571
31 2571
53 2571
32 2571
33 2571
34 2571
35 2571
36 2571
37 2571
38 2571
39 2571
40 2571
41 2571
42 2571
43 2571
44 2571
45 2571
46 2571
47 2571
48 2571
49 2571
50 2571
53 2572
31 2572
32 2572
30 2572
33 2572
28 2572
29 2572
34 2572
27 2572
55 2572
64 2572
35 2572
36 2572
26 2572
37 2572
38 2572
39 2572
40 2572
41 2572
42 2572
43 2572
44 2572
45 2572
46 2572
47 2572
48 2572
49 2572
50 2572
0 2573
56 2574
13 2574
14 2574
11 2574
12 2574
15 2574
16 2574
57 2574
60 2574
10 2574
17 2574
8 2574
9 2574
18 2574
19 2574
59 2574
62 2574
7 2574
61 2574
20 2574
5 2574
6 2574
21 2574
22 2574
3 2574
4 2574
65 2574
23 2574
1 2574
58 2574
2 2574
63 2574
24 2574
25 2574
0 2575
0 2576
0 2578
63 2579
2 2579
3 2579
58 2579
1 2579
4 2579
5 2579
6 2579
7 2579
61 2579
65 2579
8 2579
9 2579
10 2579
11 2579
12 2579
13 2579
14 2579
56 2579
57 2579
16 2579
15 2579
59 2579
17 2579
18 2579
19 2579
62 2579
20 2579
21 2579
22 2579
23 2579
24 2579
25 2579
65 2580
5 2580
6 2580
51 2580
3 2580
4 2580
7 2580
61 2580
1 2580
58 2580
2 2580
63 2580
8 2580
9 2580
10 2580
11 2580
12 2580
13 2580
14 2580
56 2580
57 2580
16 2580
15 2580
59 2580
17 2580
18 2580
19 2580
62 2580
20 2580
21 2580
22 2580
23 2580
24 2580
25 2580
0 2581
51 2582
65 2582
5 2582
6 2582
3 2582
4 2582
7 2582
61 2582
1 2582
58 2582
2 2582
63 2582
8 2582
9 2582
10 2582
11 2582
12 2582
13 2582
14 2582
56 2582
57 2582
16 2582
15 2582
59 2582
17 2582
18 2582
19 2582
62 2582
20 2582
21 2582
22 2582
23 2582
24 2582
25 2582
60 2583
13 2583
11 2583
12 2583
14 2583
56 2583
57 2583
10 2583
16 2583
15 2583
8 2583
9 2583
59 2583
17 2583
7 2583
61 2583
18 2583
19 2583
62 2583
5 2583
6 2583
65 2583
20 2583
3 2583
4 2583
51 2583
21 2583
22 2583
1 2583
2 2583
58 2583
63 2583
23 2583
24 2583
25 2583
0 2584
61 2585
6 2585
65 2585
7 2585
5 2585
51 2585
8 2585
3 2585
4 2585
9 2585
10 2585
1 2585
63 2585
2 2585
58 2585
11 2585
12 2585
13 2585
14 2585
56 2585
57 2585
16 2585
15 2585
59 2585
62 2585
17 2585
18 2585
19 2585
20 2585
21 2585
22 2585
23 2585
24 2585
25 2585
0 2587
58 2588
2 2588
3 2588
63 2588
4 2588
5 2588
1 2588
6 2588
7 2588
61 2588
65 2588
8 2588
9 2588
10 2588
11 2588
12 2588
13 2588
14 2588
56 2588
57 2588
16 2588
15 2588
59 2588
62 2588
17 2588
18 2588
19 2588
20 2588
21 2588
22 2588
23 2588
24 2588
25 2588
0 2589
57 2590
13 2590
14 2590
11 2590
12 2590
15 2590
16 2590
56 2590
10 2590
17 2590
59 2590
62 2590
8 2590
9 2590
19 2590
18 2590
7 2590
65 2590
20 2590
5 2590
6 2590
61 2590
21 2590
22 2590
3 2590
4 2590
23 2590
1 2590
63 2590
2 2590
58 2590
24 2590
25 2590
59 2591
17 2591
62 2591
15 2591
16 2591
19 2591
56 2591
18 2591
57 2591
14 2591
20 2591
13 2591
21 2591
22 2591
11 2591
12 2591
23 2591
10 2591
24 2591
25 2591
8 2591
9 2591
7 2591
65 2591
5 2591
61 2591
6 2591
3 2591
4 2591
1 2591
63 2591
2 2591
58 2591
0 2592
64 2593
55 2593
26 2593
27 2593
28 2593
29 2593
30 2593
53 2593
31 2593
32 2593
33 2593
34 2593
35 2593
36 2593
37 2593
38 2593
39 2593
40 2593
41 2593
42 2593
43 2593
44 2593
45 2593
46 2593
47 2593
48 2593
49 2593
50 2593
0 2594
62 2595
17 2595
18 2595
59 2595
15 2595
16 2595
56 2595
19 2595
20 2595
57 2595
14 2595
21 2595
22 2595
13 2595
23 2595
11 2595
12 2595
60 2595
24 2595
25 2595
10 2595
8 2595
9 2595
7 2595
65 2595
5 2595
61 2595
6 2595
3 2595
4 2595
1 2595
63 2595
2 2595
58 2595
55 2596
26 2596
27 2596
64 2596
28 2596
29 2596
30 2596
53 2596
31 2596
32 2596
33 2596
34 2596
35 2596
36 2596
37 2596
38 2596
39 2596
40 2596
41 2596
42 2596
43 2596
44 2596
45 2596
46 2596
47 2596
48 2596
49 2596
50 2596
53 2597
29 2597
30 2597
27 2597
28 2597
31 2597
26 2597
55 2597
64 2597
32 2597
33 2597
34 2597
35 2597
36 2597
37 2597
38 2597
39 2597
40 2597
41 2597
42 2597
43 2597
44 2597
45 2597
46 2597
47 2597
48 2597
49 2597
50 2597
0 2598
56 2599
15 2599
16 2599
57 2599
14 2599
17 2599
59 2599
62 2599
13 2599
18 2599
19 2599
11 2599
12 2599
60 2599
20 2599
10 2599
21 2599
22 2599
8 2599
9 2599
23 2599
7 2599
65 2599
24 2599
25 2599
5 2599
61 2599
6 2599
55 2599
64 2599
3 2599
4 2599
58 2599
26 2599
1 2599
63 2599
2 2599
27 2599
28 2599
29 2599
30 2599
53 2599
31 2599
32 2599
33 2599
34 2599
35 2599
36 2599
37 2599
38 2599
39 2599
40 2599
41 2599
42 2599
43 2599
44 2599
45 2599
46 2599
47 2599
48 2599
49 2599
50 2599
0 2600
0 2601
0 2603
63 2604
1 2604
2 2604
3 2604
4 2604
5 2604
58 2604
61 2604
6 2604
7 2604
8 2604
65 2604
9 2604
10 2604
11 2604
12 2604
13 2604
57 2604
14 2604
15 2604
16 2604
17 2604
56 2604
59 2604
62 2604
18 2604
19 2604
20 2604
52 2604
21 2604
22 2604
54 2604
23 2604
24 2604
25 2604
55 2604
64 2604
26 2604
27 2604
28 2604
29 2604
53 2604
30 2604
31 2604
32 2604
33 2604
34 2604
35 2604
36 2604
37 2604
38 2604
39 2604
40 2604
41 2604
42 2604
43 2604
44 2604
45 2604
46 2604
47 2604
48 2604
49 2604
50 2604
65 2605
7 2605
8 2605
5 2605
6 2605
9 2605
10 2605
3 2605
4 2605
58 2605
61 2605
11 2605
60 2605
1 2605
63 2605
2 2605
12 2605
13 2605
57 2605
14 2605
15 2605
16 2605
59 2605
17 2605
56 2605
62 2605
18 2605
19 2605
20 2605
21 2605
22 2605
52 2605
54 2605
23 2605
24 2605
25 2605
55 2605
64 2605
26 2605
27 2605
28 2605
29 2605
53 2605
30 2605
31 2605
32 2605
33 2605
34 2605
35 2605
36 2605
37 2605
38 2605
39 2605
40 2605
41 2605
42 2605
43 2605
44 2605
45 2605
46 2605
47 2605
48 2605
49 2605
50 2605
0 2606
60 2608
11 2608
10 2608
12 2608
13 2608
57 2608
8 2608
9 2608
14 2608
7 2608
65 2608
15 2608
16 2608
59 2608
5 2608
6 2608
17 2608
56 2608
62 2608
3 2608
4 2608
58 2608
61 2608
18 2608
19 2608
1 2608
63 2608
2 2608
20 2608
21 2608
22 2608
52 2608
54 2608
23 2608
24 2608
25 2608
55 2608
64 2608
26 2608
27 2608
28 2608
29 2608
53 2608
30 2608
31 2608
32 2608
33 2608
34 2608
35 2608
36 2608
37 2608
38 2608
39 2608
40 2608
41 2608
42 2608
43 2608
44 2608
45 2608
46 2608
47 2608
48 2608
49 2608
50 2608
0 2609
61 2610
4 2610
5 2610
2 2610
3 2610
6 2610
7 2610
58 2610
1 2610
63 2610
8 2610
65 2610
9 2610
10 2610
11 2610
60 2610
12 2610
13 2610
57 2610
14 2610
15 2610
16 2610
59 2610
17 2610
56 2610
62 2610
18 2610
19 2610
20 2610
21 2610
22 2610
52 2610
54 2610
23 2610
24 2610
25 2610
55 2610
64 2610
52 2611
54 2611
0 2612
58 2613
4 2613
5 2613
2 2613
63 2613
3 2613
6 2613
7 2613
61 2613
1 2613
8 2613
65 2613
9 2613
10 2613
11 2613
60 2613
12 2613
13 2613
57 2613
14 2613
15 2613
16 2613
59 2613
62 2613
17 2613
56 2613
18 2613
19 2613
20 2613
21 2613
22 2613
52 2613
54 2613
23 2613
24 2613
25 2613
55 2613
64 2613
0 2614
57 2615
11 2615
12 2615
10 2615
13 2615
8 2615
9 2615
14 2615
7 2615
65 2615
15 2615
16 2615
59 2615
62 2615
5 2615
6 2615
17 2615
56 2615
3 2615
4 2615
61 2615
58 2615
18 2615
19 2615
1 2615
2 2615
63 2615
20 2615
21 2615
22 2615
52 2615
54 2615
23 2615
24 2615
25 2615
55 2615
64 2615
59 2616
15 2616
62 2616
14 2616
17 2616
16 2616
13 2616
18 2616
19 2616
56 2616
11 2616
12 2616
57 2616
20 2616
10 2616
21 2616
22 2616
8 2616
9 2616
65 2616
23 2616
7 2616
24 2616
25 2616
5 2616
6 2616
55 2616
64 2616
3 2616
4 2616
61 2616
58 2616
1 2616
2 2616
63 2616
0 2617
64 2618
25 2618
55 2618
23 2618
24 2618
21 2618
22 2618
20 2618
18 2618
19 2618
17 2618
56 2618
15 2618
16 2618
62 2618
14 2618
59 2618
13 2618
11 2618
12 2618
57 2618
10 2618
60 2618
8 2618
9 2618
65 2618
7 2618
5 2618
6 2618
3 2618
4 2618
61 2618
58 2618
1 2618
2 2618
63 2618
0 2619
62 2620
15 2620
16 2620
59 2620
14 2620
17 2620
56 2620
13 2620
19 2620
18 2620
11 2620
12 2620
57 2620
20 2620
10 2620
60 2620
21 2620
22 2620
8 2620
9 2620
65 2620
23 2620
7 2620
24 2620
25 2620
5 2620
6 2620
55 2620
64 2620
3 2620
4 2620
61 2620
58 2620
1 2620
2 2620
63 2620
55 2621
25 2621
64 2621
23 2621
24 2621
21 2621
22 2621
20 2621
18 2621
19 2621
17 2621
56 2621
15 2621
16 2621
62 2621
14 2621
59 2621
13 2621
11 2621
12 2621
57 2621
10 2621
60 2621
8 2621
9 2621
65 2621
7 2621
5 2621
6 2621
3 2621
4 2621
61 2621
58 2621
1 2621
2 2621
63 2621
53 2622
27 2622
28 2622
26 2622
29 2622
30 2622
55 2622
31 2622
25 2622
64 2622
32 2622
23 2622
24 2622
33 2622
21 2622
22 2622
34 2622
20 2622
35 2622
36 2622
18 2622
19 2622
37 2622
17 2622
56 2622
38 2622
15 2622
16 2622
62 2622
39 2622
14 2622
59 2622
40 2622
13 2622
41 2622
42 2622
11 2622
12 2622
57 2622
43 2622
10 2622
60 2622
44 2622
8 2622
9 2622
65 2622
45 2622
7 2622
46 2622
5 2622
6 2622
47 2622
48 2622
3 2622
4 2622
61 2622
58 2622
49 2622
1 2622
2 2622
63 2622
50 2622
0 2623
56 2624
17 2624
18 2624
15 2624
16 2624
62 2624
19 2624
20 2624
14 2624
59 2624
21 2624
22 2624
13 2624
23 2624
11 2624
12 2624
57 2624
24 2624
25 2624
10 2624
60 2624
55 2624
64 2624
8 2624
9 2624
65 2624
7 2624
5 2624
6 2624
58 2624
3 2624
4 2624
61 2624
1 2624
2 2624
63 2624
0 2625
0 2626
0 2628
63 2629
3 2629
4 2629
1 2629
2 2629
5 2629
58 2629
61 2629
7 2629
6 2629
8 2629
9 2629
10 2629
65 2629
11 2629
57 2629
12 2629
13 2629
14 2629
59 2629
62 2629
16 2629
15 2629
17 2629
18 2629
19 2629
56 2629
20 2629
21 2629
22 2629
23 2629
24 2629
25 2629
55 2629
64 2629
65 2630
9 2630
10 2630
8 2630
11 2630
57 2630
60 2630
7 2630
12 2630
13 2630
5 2630
6 2630
58 2630
14 2630
59 2630
62 2630
3 2630
4 2630
63 2630
16 2630
15 2630
1 2630
2 2630
61 2630
17 2630
18 2630
19 2630
56 2630
20 2630
21 2630
22 2630
23 2630
24 2630
25 2630
55 2630
64 2630
0 2631
60 2633
9 2633
8 2633
10 2633
57 2633
65 2633
7 2633
11 2633
5 2633
6 2633
58 2633
12 2633
13 2633
3 2633
4 2633
63 2633
14 2633
59 2633
62 2633
1 2633
2 2633
61 2633
16 2633
15 2633
17 2633
18 2633
19 2633
56 2633
20 2633
21 2633
22 2633
23 2633
24 2633
25 2633
55 2633
64 2633
0 2634
61 2635
2 2635
3 2635
1 2635
4 2635
5 2635
63 2635
6 2635
7 2635
58 2635
8 2635
9 2635
10 2635
60 2635
65 2635
11 2635
57 2635
12 2635
13 2635
14 2635
59 2635
62 2635
16 2635
15 2635
17 2635
18 2635
19 2635
56 2635
20 2635
21 2635
22 2635
23 2635
24 2635
25 2635
55 2635
64 2635
0 2637
58 2638
6 2638
5 2638
7 2638
3 2638
4 2638
63 2638
8 2638
1 2638
2 2638
61 2638
9 2638
10 2638
60 2638
65 2638
11 2638
57 2638
12 2638
13 2638
14 2638
59 2638
62 2638
15 2638
16 2638
17 2638
18 2638
19 2638
56 2638
20 2638
21 2638
22 2638
23 2638
55 2638
64 2638
25 2638
24 2638
0 2639
57 2640
10 2640
65 2640
8 2640
9 2640
11 2640
60 2640
7 2640
12 2640
13 2640
5 2640
6 2640
14 2640
59 2640
62 2640
3 2640
4 2640
63 2640
15 2640
16 2640
1 2640
61 2640
2 2640
17 2640
18 2640
19 2640
56 2640
20 2640
21 2640
22 2640
23 2640
55 2640
64 2640
25 2640
24 2640
53 2640
26 2640
27 2640
28 2640
29 2640
30 2640
31 2640
32 2640
33 2640
34 2640
35 2640
36 2640
37 2640
38 2640
39 2640
40 2640
41 2640
42 2640
43 2640
44 2640
45 2640
46 2640
47 2640
48 2640
49 2640
50 2640
59 2641
13 2641
11 2641
12 2641
14 2641
62 2641
10 2641
57 2641
65 2641
15 2641
16 2641
8 2641
9 2641
17 2641
7 2641
58 2641
18 2641
19 2641
56 2641
5 2641
6 2641
20 2641
3 2641
4 2641
63 2641
21 2641
22 2641
1 2641
61 2641
2 2641
23 2641
55 2641
64 2641
25 2641
24 2641
53 2641
26 2641
27 2641
28 2641
29 2641
30 2641
31 2641
32 2641
33 2641
34 2641
35 2641
36 2641
37 2641
38 2641
39 2641
40 2641
41 2641
42 2641
43 2641
44 2641
45 2641
46 2641
47 2641
48 2641
49 2641
50 2641
0 2642
64 2643
23 2643
55 2643
21 2643
22 2643
25 2643
24 2643
56 2643
20 2643
53 2643
18 2643
19 2643
26 2643
17 2643
27 2643
15 2643
16 2643
28 2643
29 2643
62 2643
14 2643
30 2643
13 2643
59 2643
31 2643
11 2643
12 2643
32 2643
10 2643
57 2643
65 2643
33 2643
8 2643
60 2643
9 2643
34 2643
7 2643
58 2643
35 2643
36 2643
5 2643
6 2643
37 2643
3 2643
4 2643
63 2643
38 2643
1 2643
61 2643
2 2643
39 2643
40 2643
41 2643
42 2643
43 2643
44 2643
45 2643
46 2643
47 2643
48 2643
49 2643
50 2643
0 2644
62 2645
13 2645
14 2645
11 2645
12 2645
15 2645
16 2645
59 2645
10 2645
57 2645
65 2645
17 2645
8 2645
60 2645
9 2645
18 2645
19 2645
7 2645
58 2645
20 2645
56 2645
5 2645
6 2645
21 2645
22 2645
3 2645
4 2645
63 2645
23 2645
55 2645
64 2645
1 2645
61 2645
2 2645
25 2645
24 2645
53 2645
26 2645
27 2645
28 2645
29 2645
30 2645
31 2645
32 2645
33 2645
34 2645
35 2645
36 2645
37 2645
38 2645
39 2645
40 2645
41 2645
42 2645
43 2645
44 2645
45 2645
46 2645
47 2645
48 2645
49 2645
50 2645
55 2646
23 2646
24 2646
64 2646
21 2646
22 2646
25 2646
56 2646
20 2646
53 2646
18 2646
19 2646
26 2646
17 2646
27 2646
15 2646
16 2646
28 2646
29 2646
62 2646
14 2646
30 2646
13 2646
59 2646
31 2646
11 2646
12 2646
32 2646
10 2646
57 2646
65 2646
33 2646
8 2646
60 2646
9 2646
34 2646
7 2646
58 2646
35 2646
36 2646
5 2646
6 2646
37 2646
3 2646
4 2646
63 2646
38 2646
1 2646
61 2646
2 2646
39 2646
40 2646
41 2646
42 2646
43 2646
44 2646
45 2646
46 2646
47 2646
48 2646
49 2646
50 2646
53 2647
26 2647
27 2647
28 2647
29 2647
30 2647
31 2647
32 2647
33 2647
34 2647
35 2647
36 2647
37 2647
38 2647
39 2647
40 2647
41 2647
42 2647
43 2647
44 2647
45 2647
46 2647
47 2647
48 2647
49 2647
50 2647
0 2648
56 2649
19 2649
20 2649
17 2649
18 2649
21 2649
22 2649
15 2649
16 2649
23 2649
55 2649
64 2649
62 2649
14 2649
25 2649
24 2649
13 2649
59 2649
53 2649
11 2649
12 2649
26 2649
10 2649
57 2649
65 2649
27 2649
8 2649
9 2649
28 2649
29 2649
7 2649
58 2649
60 2649
30 2649
5 2649
6 2649
31 2649
3 2649
4 2649
63 2649
32 2649
1 2649
61 2649
2 2649
33 2649
34 2649
35 2649
36 2649
37 2649
38 2649
39 2649
40 2649
41 2649
42 2649
43 2649
44 2649
45 2649
46 2649
47 2649
48 2649
49 2649
50 2649
0 2650
0 2651
0 2653
63 2654
5 2654
6 2654
3 2654
4 2654
7 2654
1 2654
61 2654
2 2654
8 2654
57 2654
10 2654
9 2654
11 2654
65 2654
12 2654
13 2654
59 2654
62 2654
14 2654
15 2654
16 2654
17 2654
18 2654
19 2654
20 2654
56 2654
21 2654
22 2654
23 2654
55 2654
24 2654
25 2654
53 2654
65 2655
11 2655
59 2655
10 2655
13 2655
62 2655
12 2655
8 2655
9 2655
57 2655
14 2655
7 2655
15 2655
16 2655
5 2655
6 2655
63 2655
17 2655
3 2655
4 2655
18 2655
19 2655
1 2655
61 2655
2 2655
20 2655
56 2655
21 2655
22 2655
23 2655
55 2655
64 2655
24 2655
25 2655
53 2655
0 2656
0 2659
61 2660
1 2660
2 2660
3 2660
4 2660
5 2660
63 2660
7 2660
6 2660
8 2660
57 2660
60 2660
10 2660
9 2660
11 2660
59 2660
65 2660
13 2660
12 2660
62 2660
14 2660
15 2660
16 2660
17 2660
18 2660
19 2660
20 2660
56 2660
22 2660
21 2660
23 2660
55 2660
64 2660
24 2660
25 2660
53 2660
0 2662
0 2664
57 2665
8 2665
7 2665
9 2665
10 2665
63 2665
5 2665
11 2665
59 2665
62 2665
6 2665
3 2665
4 2665
13 2665
12 2665
65 2665
1 2665
61 2665
2 2665
14 2665
15 2665
16 2665
17 2665
18 2665
19 2665
20 2665
56 2665
22 2665
55 2665
21 2665
23 2665
24 2665
25 2665
53 2665
59 2666
65 2666
12 2666
62 2666
13 2666
11 2666
14 2666
10 2666
15 2666
16 2666
8 2666
9 2666
17 2666
7 2666
63 2666
57 2666
18 2666
19 2666
5 2666
6 2666
20 2666
56 2666
3 2666
4 2666
22 2666
21 2666
55 2666
1 2666
2 2666
61 2666
23 2666
24 2666
25 2666
53 2666
0 2667
0 2669
62 2670
11 2670
12 2670
65 2670
10 2670
13 2670
8 2670
9 2670
14 2670
7 2670
63 2670
57 2670
15 2670
16 2670
5 2670
6 2670
17 2670
3 2670
4 2670
18 2670
19 2670
1 2670
2 2670
61 2670
20 2670
21 2670
22 2670
55 2670
56 2670
23 2670
24 2670
25 2670
53 2670
55 2671
21 2671
22 2671
56 2671
20 2671
23 2671
18 2671
19 2671
24 2671
25 2671
53 2671
17 2671
15 2671
16 2671
14 2671
13 2671
65 2671
11 2671
12 2671
62 2671
10 2671
8 2671
9 2671
7 2671
63 2671
57 2671
5 2671
6 2671
3 2671
4 2671
1 2671
2 2671
61 2671
53 2672
24 2672
25 2672
23 2672
21 2672
22 2672
55 2672
56 2672
20 2672
64 2672
18 2672
19 2672
17 2672
15 2672
16 2672
14 2672
13 2672
65 2672
11 2672
62 2672
12 2672
10 2672
8 2672
9 2672
7 2672
63 2672
57 2672
5 2672
6 2672
3 2672
4 2672
1 2672
2 2672
61 2672
0 2673
56 2674
21 2674
22 2674
55 2674
20 2674
23 2674
64 2674
18 2674
19 2674
24 2674
25 2674
53 2674
17 2674
15 2674
16 2674
14 2674
13 2674
65 2674
11 2674
62 2674
12 2674
10 2674
8 2674
9 2674
7 2674
63 2674
57 2674
5 2674
6 2674
3 2674
4 2674
1 2674
2 2674
61 2674
0 2675
0 2676
0 2678
63 2679
7 2679
8 2679
57 2679
5 2679
6 2679
9 2679
10 2679
58 2679
3 2679
4 2679
61 2679
11 2679
62 2679
59 2679
1 2679
2 2679
12 2679
13 2679
14 2679
65 2679
15 2679
16 2679
17 2679
18 2679
19 2679
20 2679
55 2679
22 2679
56 2679
21 2679
53 2679
23 2679
24 2679
25 2679
65 2680
13 2680
11 2680
12 2680
14 2680
10 2680
58 2680
59 2680
62 2680
15 2680
16 2680
8 2680
9 2680
17 2680
7 2680
57 2680
63 2680
18 2680
19 2680
5 2680
6 2680
20 2680
55 2680
3 2680
4 2680
61 2680
22 2680
56 2680
21 2680
1 2680
2 2680
53 2680
23 2680
24 2680
25 2680
0 2681
0 2684
61 2685
3 2685
4 2685
1 2685
2 2685
5 2685
6 2685
7 2685
57 2685
8 2685
63 2685
9 2685
10 2685
11 2685
58 2685
59 2685
62 2685
12 2685
13 2685
14 2685
65 2685
15 2685
16 2685
17 2685
18 2685
19 2685
20 2685
55 2685
64 2685
21 2685
22 2685
23 2685
53 2685
56 2685
25 2685
24 2685
0 2687
58 2688
59 2688
62 2688
10 2688
11 2688
8 2688
9 2688
12 2688
13 2688
7 2688
57 2688
63 2688
14 2688
5 2688
6 2688
15 2688
16 2688
3 2688
4 2688
61 2688
60 2688
17 2688
1 2688
2 2688
18 2688
19 2688
20 2688
55 2688
21 2688
22 2688
23 2688
53 2688
56 2688
25 2688
24 2688
0 2689
57 2690
6 2690
5 2690
7 2690
60 2690
3 2690
4 2690
61 2690
8 2690
63 2690
1 2690
2 2690
9 2690
10 2690
11 2690
58 2690
62 2690
12 2690
13 2690
14 2690
65 2690
15 2690
16 2690
17 2690
18 2690
19 2690
20 2690
55 2690
21 2690
22 2690
23 2690
53 2690
56 2690
25 2690
24 2690
0 2692
0 2694
62 2695
9 2695
10 2695
8 2695
11 2695
63 2695
7 2695
12 2695
13 2695
5 2695
6 2695
57 2695
14 2695
65 2695
3 2695
4 2695
60 2695
61 2695
15 2695
16 2695
1 2695
2 2695
17 2695
18 2695
19 2695
20 2695
55 2695
21 2695
22 2695
23 2695
53 2695
56 2695
24 2695
25 2695
55 2696
19 2696
20 2696
17 2696
18 2696
21 2696
22 2696
15 2696
16 2696
23 2696
53 2696
56 2696
65 2696
14 2696
24 2696
25 2696
13 2696
11 2696
12 2696
10 2696
62 2696
8 2696
63 2696
9 2696
7 2696
5 2696
6 2696
57 2696
3 2696
4 2696
60 2696
61 2696
1 2696
2 2696
53 2697
22 2697
23 2697
56 2697
20 2697
21 2697
24 2697
25 2697
18 2697
19 2697
64 2697
55 2697
17 2697
15 2697
16 2697
14 2697
65 2697
13 2697
11 2697
12 2697
10 2697
62 2697
8 2697
9 2697
63 2697
7 2697
5 2697
6 2697
57 2697
3 2697
4 2697
60 2697
61 2697
1 2697
2 2697
0 2698
56 2699
23 2699
24 2699
53 2699
21 2699
25 2699
22 2699
55 2699
20 2699
18 2699
19 2699
64 2699
17 2699
15 2699
16 2699
14 2699
65 2699
13 2699
11 2699
12 2699
10 2699
62 2699
8 2699
9 2699
63 2699
7 2699
5 2699
6 2699
57 2699
3 2699
4 2699
60 2699
61 2699
1 2699
2 2699
0 2700
0 2701
0 2703
63 2704
9 2704
10 2704
62 2704
11 2704
8 2704
12 2704
13 2704
7 2704
14 2704
5 2704
6 2704
15 2704
16 2704
65 2704
3 2704
4 2704
57 2704
61 2704
17 2704
1 2704
2 2704
18 2704
19 2704
55 2704
20 2704
21 2704
22 2704
53 2704
23 2704
56 2704
25 2704
24 2704
65 2705
15 2705
14 2705
16 2705
17 2705
13 2705
18 2705
19 2705
55 2705
11 2705
12 2705
20 2705
10 2705
63 2705
21 2705
22 2705
53 2705
8 2705
9 2705
62 2705
23 2705
56 2705
7 2705
25 2705
24 2705
5 2705
6 2705
3 2705
4 2705
57 2705
61 2705
1 2705
2 2705
0 2706
0 2709
61 2710
5 2710
6 2710
57 2710
3 2710
7 2710
4 2710
1 2710
8 2710
62 2710
2 2710
10 2710
63 2710
9 2710
11 2710
12 2710
13 2710
14 2710
15 2710
16 2710
17 2710
18 2710
19 2710
55 2710
64 2710
20 2710
21 2710
22 2710
53 2710
23 2710
24 2710
25 2710
56 2710
0 2712
0 2714
57 2715
4 2715
2 2715
3 2715
5 2715
60 2715
61 2715
1 2715
7 2715
6 2715
8 2715
62 2715
9 2715
10 2715
63 2715
11 2715
12 2715
13 2715
14 2715
15 2715
16 2715
17 2715
18 2715
19 2715
55 2715
20 2715
21 2715
22 2715
53 2715
23 2715
24 2715
25 2715
56 2715
0 2717
0 2719
62 2720
7 2720
8 2720
5 2720
6 2720
51 2720
61 2720
9 2720
10 2720
59 2720
3 2720
4 2720
57 2720
11 2720
63 2720
1 2720
2 2720
12 2720
13 2720
14 2720
15 2720
16 2720
17 2720
55 2720
65 2720
19 2720
18 2720
53 2720
20 2720
21 2720
22 2720
23 2720
24 2720
25 2720
56 2720
55 2721
17 2721
18 2721
15 2721
16 2721
65 2721
19 2721
20 2721
14 2721
21 2721
22 2721
53 2721
13 2721
23 2721
11 2721
12 2721
24 2721
25 2721
56 2721
10 2721
63 2721
8 2721
9 2721
7 2721
59 2721
62 2721
5 2721
6 2721
61 2721
51 2721
3 2721
4 2721
57 2721
1 2721
2 2721
53 2722
20 2722
21 2722
18 2722
19 2722
22 2722
23 2722
17 2722
55 2722
24 2722
25 2722
15 2722
16 2722
56 2722
14 2722
13 2722
11 2722
12 2722
10 2722
63 2722
8 2722
9 2722
7 2722
59 2722
61 2722
62 2722
5 2722
51 2722
6 2722
3 2722
4 2722
57 2722
1 2722
2 2722
0 2723
56 2724
25 2724
23 2724
24 2724
21 2724
22 2724
20 2724
53 2724
18 2724
19 2724
17 2724
55 2724
15 2724
16 2724
14 2724
13 2724
11 2724
12 2724
10 2724
63 2724
8 2724
9 2724
7 2724
59 2724
61 2724
62 2724
5 2724
51 2724
6 2724
3 2724
4 2724
57 2724
1 2724
2 2724
0 2725
0 2726
0 2728
63 2729
11 2729
10 2729
12 2729
13 2729
8 2729
9 2729
14 2729
7 2729
61 2729
62 2729
15 2729
16 2729
5 2729
6 2729
59 2729
17 2729
55 2729
65 2729
3 2729
4 2729
18 2729
19 2729
1 2729
60 2729
2 2729
57 2729
20 2729
53 2729
21 2729
22 2729
23 2729
24 2729
25 2729
56 2729
65 2730
0 2731
0 2734
61 2735
7 2735
5 2735
6 2735
8 2735
62 2735
3 2735
4 2735
9 2735
10 2735
1 2735
2 2735
57 2735
11 2735
63 2735
13 2735
12 2735
14 2735
15 2735
16 2735
17 2735
55 2735
65 2735
18 2735
19 2735
20 2735
53 2735
21 2735
22 2735
23 2735
24 2735
25 2735
56 2735
0 2737
0 2739
57 2740
2 2740
1 2740
3 2740
4 2740
60 2740
5 2740
6 2740
7 2740
62 2740
8 2740
61 2740
9 2740
10 2740
11 2740
63 2740
13 2740
12 2740
14 2740
15 2740
16 2740
17 2740
55 2740
18 2740
19 2740
20 2740
53 2740
21 2740
22 2740
23 2740
24 2740
25 2740
56 2740
26 2740
27 2740
28 2740
29 2740
30 2740
31 2740
32 2740
33 2740
34 2740
35 2740
36 2740
37 2740
38 2740
39 2740
40 2740
41 2740
42 2740
43 2740
44 2740
45 2740
46 2740
47 2740
48 2740
49 2740
50 2740
0 2742
0 2744
62 2745
6 2745
5 2745
7 2745
3 2745
4 2745
8 2745
61 2745
1 2745
57 2745
60 2745
2 2745
9 2745
10 2745
11 2745
12 2745
13 2745
63 2745
14 2745
15 2745
16 2745
55 2745
17 2745
18 2745
19 2745
53 2745
20 2745
21 2745
22 2745
23 2745
24 2745
25 2745
56 2745
26 2745
27 2745
28 2745
29 2745
30 2745
31 2745
32 2745
33 2745
34 2745
35 2745
36 2745
37 2745
38 2745
39 2745
40 2745
41 2745
42 2745
43 2745
44 2745
45 2745
46 2745
47 2745
48 2745
49 2745
50 2745
55 2746
15 2746
16 2746
14 2746
17 2746
13 2746
63 2746
18 2746
19 2746
53 2746
11 2746
12 2746
20 2746
10 2746
21 2746
22 2746
8 2746
9 2746
23 2746
7 2746
61 2746
24 2746
25 2746
5 2746
6 2746
62 2746
56 2746
3 2746
4 2746
26 2746
1 2746
57 2746
60 2746
2 2746
27 2746
28 2746
29 2746
30 2746
31 2746
32 2746
33 2746
34 2746
35 2746
36 2746
37 2746
38 2746
39 2746
40 2746
41 2746
42 2746
43 2746
44 2746
45 2746
46 2746
47 2746
48 2746
49 2746
50 2746
53 2747
18 2747
19 2747
17 2747
20 2747
15 2747
16 2747
55 2747
21 2747
22 2747
14 2747
23 2747
13 2747
63 2747
24 2747
25 2747
11 2747
12 2747
10 2747
8 2747
9 2747
61 2747
7 2747
5 2747
6 2747
62 2747
3 2747
4 2747
1 2747
57 2747
60 2747
2 2747
0 2748
56 2749
26 2749
27 2749
28 2749
29 2749
30 2749
31 2749
32 2749
33 2749
34 2749
35 2749
36 2749
37 2749
38 2749
39 2749
40 2749
41 2749
42 2749
43 2749
44 2749
45 2749
46 2749
47 2749
48 2749
49 2749
50 2749
0 2750
0 2751
54 2752
51 2752
0 2753
63 2754
13 2754
11 2754
12 2754
14 2754
10 2754
15 2754
16 2754
55 2754
58 2754
8 2754
9 2754
51 2754
54 2754
61 2754
17 2754
7 2754
18 2754
19 2754
53 2754
5 2754
6 2754
20 2754
3 2754
4 2754
62 2754
21 2754
22 2754
1 2754
2 2754
23 2754
57 2754
24 2754
25 2754
0 2756
51 2757
54 2757
61 2757
9 2757
8 2757
10 2757
7 2757
11 2757
5 2757
6 2757
12 2757
13 2757
3 2757
4 2757
62 2757
14 2757
55 2757
63 2757
64 2757
1 2757
2 2757
16 2757
15 2757
58 2757
57 2757
53 2757
17 2757
18 2757
19 2757
20 2757
21 2757
22 2757
23 2757
24 2757
25 2757
0 2759
61 2760
54 2760
0 2762
0 2764
59 2766
62 2766
4 2766
2 2766
3 2766
5 2766
60 2766
1 2766
57 2766
6 2766
7 2766
8 2766
9 2766
10 2766
11 2766
12 2766
13 2766
14 2766
55 2766
63 2766
64 2766
15 2766
16 2766
17 2766
53 2766
18 2766
19 2766
20 2766
21 2766
22 2766
23 2766
24 2766
25 2766
0 2767
64 2768
55 2768
14 2768
63 2768
13 2768
15 2768
16 2768
11 2768
12 2768
17 2768
53 2768
10 2768
18 2768
19 2768
8 2768
9 2768
20 2768
7 2768
21 2768
22 2768
5 2768
6 2768
23 2768
3 2768
4 2768
62 2768
24 2768
25 2768
1 2768
57 2768
2 2768
60 2768
59 2768
0 2769
62 2770
4 2770
59 2770
2 2770
3 2770
5 2770
60 2770
1 2770
57 2770
6 2770
7 2770
8 2770
9 2770
10 2770
11 2770
12 2770
13 2770
14 2770
55 2770
63 2770
64 2770
15 2770
16 2770
17 2770
53 2770
18 2770
19 2770
20 2770
21 2770
22 2770
23 2770
24 2770
25 2770
55 2771
14 2771
63 2771
64 2771
13 2771
15 2771
16 2771
11 2771
12 2771
17 2771
53 2771
10 2771
18 2771
19 2771
8 2771
9 2771
20 2771
7 2771
21 2771
22 2771
5 2771
6 2771
23 2771
3 2771
4 2771
60 2771
62 2771
24 2771
25 2771
1 2771
57 2771
2 2771
59 2771
53 2772
17 2772
58 2772
15 2772
16 2772
18 2772
19 2772
55 2772
14 2772
63 2772
20 2772
13 2772
21 2772
22 2772
11 2772
12 2772
23 2772
10 2772
24 2772
25 2772
8 2772
9 2772
7 2772
5 2772
6 2772
3 2772
4 2772
62 2772
1 2772
57 2772
2 2772
59 2772
0 2773
56 2774
28 2774
27 2774
29 2774
30 2774
26 2774
31 2774
32 2774
33 2774
34 2774
35 2774
36 2774
37 2774
38 2774
39 2774
40 2774
41 2774
42 2774
43 2774
44 2774
45 2774
46 2774
47 2774
48 2774
49 2774
50 2774
0 2775
0 2776
0 2778
63 2779
15 2779
14 2779
16 2779
17 2779
53 2779
13 2779
55 2779
64 2779
18 2779
19 2779
11 2779
12 2779
20 2779
10 2779
21 2779
22 2779
8 2779
9 2779
23 2779
7 2779
24 2779
25 2779
5 2779
6 2779
3 2779
4 2779
60 2779
1 2779
2 2779
57 2779
59 2779
62 2779
0 2781
0 2784
0 2787
0 2789
0 2792
64 2793
61 2793
0 2794
62 2795
2 2795
1 2795
3 2795
4 2795
5 2795
6 2795
7 2795
8 2795
9 2795
10 2795
11 2795
64 2795
12 2795
13 2795
55 2795
61 2795
14 2795
15 2795
16 2795
53 2795
17 2795
63 2795
18 2795
19 2795
20 2795
21 2795
22 2795
23 2795
24 2795
25 2795
55 2796
51 2796
61 2796
53 2797
15 2797
14 2797
16 2797
17 2797
63 2797
13 2797
18 2797
19 2797
11 2797
12 2797
51 2797
55 2797
61 2797
64 2797
20 2797
10 2797
21 2797
22 2797
8 2797
9 2797
23 2797
7 2797
24 2797
25 2797
5 2797
6 2797
3 2797
4 2797
1 2797
62 2797
2 2797
0 2798
0 2800
0 2801
0 2803
63 2804
17 2804
15 2804
16 2804
18 2804
19 2804
14 2804
53 2804
20 2804
13 2804
51 2804
61 2804
21 2804
22 2804
11 2804
12 2804
23 2804
10 2804
24 2804
25 2804
8 2804
9 2804
7 2804
5 2804
6 2804
3 2804
4 2804
1 2804
2 2804
59 2804
62 2804
0 2806
51 2807
61 2807
0 2809
61 2810
51 2810
53 2810
14 2810
13 2810
15 2810
16 2810
11 2810
12 2810
17 2810
63 2810
10 2810
18 2810
19 2810
8 2810
9 2810
20 2810
7 2810
21 2810
22 2810
5 2810
6 2810
23 2810
3 2810
4 2810
54 2810
57 2810
24 2810
25 2810
1 2810
59 2810
62 2810
2 2810
0 2812
0 2814
57 2815
54 2815
0 2817
0 2819
62 2820
2 2820
1 2820
3 2820
4 2820
5 2820
6 2820
7 2820
8 2820
9 2820
10 2820
11 2820
12 2820
13 2820
14 2820
53 2820
61 2820
15 2820
16 2820
17 2820
18 2820
19 2820
63 2820
20 2820
21 2820
22 2820
23 2820
24 2820
25 2820
53 2822
13 2822
11 2822
12 2822
14 2822
61 2822
10 2822
15 2822
16 2822
8 2822
9 2822
17 2822
7 2822
18 2822
19 2822
63 2822
5 2822
6 2822
20 2822
3 2822
4 2822
21 2822
22 2822
1 2822
62 2822
2 2822
23 2822
24 2822
25 2822
0 2823
0 2825
0 2826
0 2828
63 2829
19 2829
17 2829
18 2829
20 2829
15 2829
16 2829
21 2829
22 2829
14 2829
51 2829
61 2829
23 2829
13 2829
53 2829
24 2829
25 2829
11 2829
12 2829
10 2829
8 2829
9 2829
7 2829
5 2829
6 2829
3 2829
4 2829
54 2829
1 2829
2 2829
62 2829
59 2829
0 2831
51 2832
61 2832
60 2833
64 2833
0 2834
61 2835
51 2835
0 2837
0 2839
0 2842
64 2843
57 2843
60 2843
55 2843
0 2844
55 2846
57 2846
64 2846
53 2847
11 2847
10 2847
12 2847
13 2847
8 2847
9 2847
14 2847
7 2847
55 2847
57 2847
64 2847
15 2847
16 2847
5 2847
6 2847
17 2847
51 2847
61 2847
3 2847
4 2847
18 2847
19 2847
1 2847
2 2847
20 2847
63 2847
21 2847
22 2847
23 2847
24 2847
25 2847
0 2848
0 2850
0 2851
0 2853
63 2854
21 2854
20 2854
22 2854
23 2854
18 2854
19 2854
24 2854
25 2854
51 2854
61 2854
17 2854
15 2854
16 2854
14 2854
13 2854
11 2854
12 2854
10 2854
8 2854
9 2854
7 2854
5 2854
6 2854
3 2854
4 2854
1 2854
2 2854
0 2856
51 2857
61 2857
60 2858
53 2858
10 2858
8 2858
9 2858
11 2858
7 2858
12 2858
13 2858
5 2858
6 2858
14 2858
3 2858
4 2858
15 2858
16 2858
1 2858
2 2858
17 2858
51 2858
61 2858
18 2858
19 2858
20 2858
21 2858
22 2858
63 2858
23 2858
24 2858
25 2858
0 2859
61 2860
51 2860
0 2862
0 2864
57 2865
53 2865
59 2866
55 2866
62 2866
0 2867
0 2869
62 2870
55 2870
55 2871
62 2871
53 2872
57 2872
0 2873
0 2875
0 2876
0 2878
0 2881
51 2882
61 2882
0 2884
61 2885
51 2885
0 2887
0 2889
59 2891
53 2891
62 2891
0 2892
0 2894
62 2895
53 2895
53 2897
62 2897
0 2898
0 2900
0 2901
54 2902
0 2903
0 2906
51 2907
61 2907
0 2909
61 2910
51 2910
0 2912
0 2914
0 2917
0 2919
53 2922
0 2923