58 2944
69 2945
60 2946
55 2948
62 2950
64 2952
61 2954
52 2956
66 2957
70 2958
56 2960
63 2961
68 2963
59 2964
57 2965
65 2966
54 2968
51 2970
67 2971
53 2972
58 2974
69 2975
60 2976
55 2978
62 2980
64 2982
61 2984
52 2986
66 2987
70 2988
56 2990
63 2991
68 2993
59 2994
57 2995
65 2996
54 2998
51 3000
67 3001
53 3002
58 3004
69 3005
60 3006
55 3008
62 3010
64 3012
61 3014
52 3016
66 3017
70 3018
56 3020
63 3021
68 3023
59 3024
57 3025
65 3026
54 3028
51 3030
67 3031
53 3032
58 3034
69 3035
60 3036
55 3038
62 3040
64 3042
61 3044
52 3046
66 3047
70 3048
56 3050
63 3051
68 3053
59 3054
57 3055
65 3056
54 3058
51 3060
67 3061
53 3062
58 3064
69 3065
60 3066
55 3068
62 3070
64 3072
61 3074
52 3076
66 3077
70 3078
56 3080
63 3081
68 3083
59 3084
57 3085
65 3086
54 3088
51 3090
67 3091
53 3092
58 3094
69 3095
60 3096
55 3098
62 3100
64 3102
61 3104
52 3106
66 3107
70 3108
56 3110
63 3111
68 3113
59 3114
57 3115
65 3116
54 3118
51 3120
67 3121
53 3122
58 3124
69 3125
60 3126
55 3128
62 3130
64 3132
61 3134
52 3136
66 3137
70 3138
56 3140
63 3141
68 3143
59 3144
57 3145
65 3146
54 3148
51 3150
67 3151
53 3152
58 3154
69 3155
60 3156
55 3158
62 3160
64 3162
61 3164
52 3166
66 3167
70 3168
56 3170
63 3171
68 3173
59 3174
57 3175
65 3176
54 3178
51 3180
67 3181
53 3182
58 3184
69 3185
60 3186
55 3188
62 3190
64 3192
61 3194
52 3196
66 3197
70 3198
56 3200
63 3201
68 3203
59 3204
57 3205
65 3206
54 3208
51 3210
67 3211
53 3212
58 3214
69 3215
60 3216
55 3218
62 3220
64 3222
61 3224
52 3226
66 3227
70 3228
56 3230
63 3231
68 3233
59 3234
57 3235
65 3236
54 3238
51 3240
67 3241
53 3242
58 3244
69 3245
60 3246
55 3248
62 3250
64 3252
61 3254
52 3256
66 3257
70 3258
56 3260
63 3261
68 3263
59 3264
57 3265
65 3266
54 3268
51 3270
67 3271
53 3272
58 3274
69 3275
60 3276
55 3278
62 3280
64 3282
61 3284
52 3286
66 3287
70 3288
56 3290
63 3291
68 3293
59 3294
57 3295
65 3296
54 3298
51 3300
67 3301
53 3302
58 3304
69 3305
60 3306
55 3308
62 3310
64 3312
61 3314
52 3316
66 3317
70 3318
56 3320
63 3321
68 3323
59 3324
57 3325
65 3326
54 3328
51 3330
67 3331
53 3332
58 3334
69 3335
60 3336
55 3338
62 3340
64 3342
61 3344
52 3346
66 3347
70 3348
56 3350
63 3351
68 3353
59 3354
57 3355
65 3356
54 3358
51 3360
67 3361
53 3362
58 3364
69 3365
60 3366
55 3368
62 3370
64 3372
61 3374
52 3376
66 3377
70 3378
56 3380
63 3381
68 3383
59 3384
57 3385
65 3386
54 3388
51 3390
67 3391
53 3392
58 3394
69 3395
60 3396
55 3398
62 3400
64 3402
61 3404
52 3406
66 3407
70 3408
56 3410
63 3411
68 3413
59 3414
57 3415
65 3416
54 3418
51 3420
67 3421
53 3422
58 3424
69 3425
60 3426
55 3428
62 3430
64 3432
61 3434
52 3436
66 3437
70 3438
56 3440
63 3441
68 3443
59 3444
57 3445
65 3446
54 3448
51 3450
67 3451
53 3452
58 3454
69 3455
60 3456
55 3458
62 3460
64 3462
61 3464
52 3466
66 3467
70 3468
56 3470
63 3471
68 3473
59 3474
57 3475
65 3476
54 3478
51 3480
67 3481
53 3482
58 3484
69 3485
60 3486
55 3488
62 3490
64 3492
61 3494
52 3496
66 3497
70 3498
56 3500
63 3501
68 3503
59 3504
57 3505
65 3506
54 3508
51 3510
67 3511
53 3512
58 3514
69 3515
60 3516
55 3518
62 3520
64 3522
61 3524
52 3526
66 3527
70 3528
56 3530
63 3531
68 3533
59 3534
57 3535
65 3536
54 3538
51 3540
67 3541
53 3542
58 3544
69 3545
60 3546
55 3548
62 3550
64 3552
61 3554
52 3556
66 3557
70 3558
56 3560
63 3561
68 3563
59 3564
57 3565
65 3566
54 3568
51 3570
67 3571
53 3572
58 3574
69 3575
60 3576
55 3578
62 3580
64 3582
61 3584
52 3586
66 3587
70 3588
56 3590
63 3591
68 3593
59 3594
57 3595
65 3596
54 3598
51 3600
67 3601
53 3602
58 3604
69 3605
60 3606
55 3608
62 3610
64 3612
61 3614
52 3616
66 3617
70 3618
56 3620
63 3621
68 3623
59 3624
57 3625
65 3626
54 3628
51 3630
67 3631
53 3632
58 3634
69 3635
60 3636
55 3638
62 3640
64 3642
61 3644
52 3646
66 3647
70 3648
56 3650
63 3651
68 3653
59 3654
57 3655
65 3656
54 3658
51 3660
67 3661
53 3662
58 3664
69 3665
60 3666
55 3668
62 3670
64 3672
61 3674
52 3676
66 3677
70 3678
56 3680
63 3681
68 3683
59 3684
57 3685
65 3686
54 3688
51 3690
67 3691
53 3692
58 3694
69 3695
60 3696
55 3698
62 3700
64 3702
61 3704
52 3706
66 3707
70 3708
56 3710
63 3711
68 3713
59 3714
57 3715
65 3716
54 3718
51 3720
67 3721
53 3722
58 3724
69 3725
60 3726
55 3728
62 3730
64 3732
61 3734
52 3736
66 3737
70 3738
56 3740
63 3741
68 3743
59 3744
57 3745
65 3746
54 3748
51 3750
67 3751
53 3752
58 3754
69 3755
60 3756
55 3758
62 3760
64 3762
61 3764
52 3766
66 3767
70 3768
56 3770
63 3771
68 3773
59 3774
57 3775
65 3776
54 3778
51 3780
67 3781
53 3782
58 3784
69 3785
60 3786
55 3788
62 3790
64 3792
61 3794
52 3796
66 3797
70 3798
56 3800
63 3801
68 3803
59 3804
57 3805
65 3806
54 3808
51 3810
67 3811
53 3812
58 3814
69 3815
60 3816
55 3818
62 3820
64 3822
61 3824
52 3826
66 3827
70 3828
56 3830
63 3831
68 3833
59 3834
57 3835
65 3836
54 3838
51 3840
67 3841
53 3842
58 3844
69 3845
60 3846
55 3848
62 3850
64 3852
61 3854
52 3856
66 3857
70 3858
56 3860
63 3861
68 3863
59 3864
57 3865
65 3866
54 3868
51 3870
67 3871
53 3872
58 3874
69 3875
60 3876
55 3878
62 3880
64 3882
61 3884
52 3886
66 3887
70 3888
56 3890
63 3891
68 3893
59 3894
57 3895
65 3896
54 3898
51 3900
67 3901
53 3902
58 3904
69 3905
60 3906
55 3908
62 3910
64 3912
61 3914
52 3916
66 3917
70 3918
56 3920
63 3921
68 3923
59 3924
57 3925
65 3926
54 3928
51 3930
67 3931
53 3932
58 3934
69 3935
60 3936
55 3938
62 3940
64 3942
61 3944
52 3946
66 3947
70 3948
56 3950
63 3951
68 3953
59 3954
57 3955
65 3956
54 3958
51 3960
67 3961
53 3962
58 3964
69 3965
60 3966
55 3968
62 3970
64 3972
61 3974
52 3976
66 3977
70 3978
56 3980
63 3981
68 3983
59 3984
57 3985
65 3986
54 3988
51 3990
67 3991
53 3992
58 3994
69 3995
60 3996
55 3998
62 4000
64 4002
61 4004
52 4006
66 4007
70 4008
56 4010
63 4011
68 4013
59 4014
57 4015
65 4016
54 4018
51 4020
67 4021
53 4022
58 4024
69 4025
60 4026
55 4028
62 4030
64 4032
61 4034
52 4036
66 4037
70 4038
56 4040
63 4041
68 4043
59 4044
57 4045
65 4046
54 4048
51 4050
67 4051
53 4052
58 4054
69 4055
60 4056
55 4058
62 4060
64 4062
61 4064
52 4066
66 4067
70 4068
56 4070
63 4071
68 4073
59 4074
57 4075
65 4076
54 4078
51 4080
67 4081
53 4082
58 4084
69 4085
60 4086
55 4088
62 4090
64 4092
61 4094
52 4096
66 4097
70 4098
56 4100
63 4101
68 4103
59 4104
57 4105
65 4106
54 4108
51 4110
67 4111
53 4112
58 4114
69 4115
60 4116
55 4118
62 4120
64 4122
61 4124
52 4126
66 4127
70 4128
56 4130
63 4131
68 4133
59 4134
57 4135
65 4136
54 4138
51 4140
67 4141
53 4142
58 4144
69 4145
60 4146
55 4148
62 4150
64 4152
61 4154
52 4156
66 4157
70 4158
56 4160
63 4161
68 4163
59 4164
57 4165
65 4166
54 4168
51 4170
67 4171
53 4172
58 4174
69 4175
60 4176
55 4178
62 4180
64 4182
61 4184
52 4186
66 4187
70 4188
56 4190
63 4191
68 4193
59 4194
57 4195
65 4196
54 4198
51 4200
67 4201
53 4202
58 4204
69 4205
60 4206
55 4208
62 4210
64 4212
61 4214
52 4216
66 4217
70 4218
56 4220
63 4221
68 4223
59 4224
57 4225
65 4226
54 4228
51 4230
67 4231
53 4232
58 4234
69 4235
60 4236
55 4238
62 4240
64 4242
61 4244
52 4246
66 4247
70 4248
56 4250
63 4251
68 4253
59 4254
57 4255
65 4256
54 4258
51 4260
67 4261
53 4262
58 4264
69 4265
60 4266
55 4268
62 4270
64 4272
61 4274
52 4276
66 4277
70 4278
56 4280
63 4281
68 4283
59 4284
57 4285
65 4286
54 4288
51 4290
67 4291
53 4292
58 4294
69 4295
60 4296
55 4298
62 4300
64 4302
61 4304
52 4306
66 4307
70 4308
56 4310
63 4311
68 4313
59 4314
57 4315
65 4316
54 4318
51 4320
67 4321
53 4322
58 4324
69 4325
60 4326
55 4328
62 4330
64 4332
61 4334
52 4336
66 4337
70 4338
56 4340
63 4341
68 4343
59 4344
57 4345
65 4346
54 4348
51 4350
67 4351
53 4352
58 4354
69 4355
60 4356
55 4358
62 4360
64 4362
61 4364
52 4366
66 4367
70 4368
56 4370
63 4371
68 4373
59 4374
57 4375
65 4376
54 4378
51 4380
67 4381
53 4382