1729 63 0 100 93361
1743 64 0 100 151711
1745 62 0 100 58351
1746 55 0 100 140041
1747 53 0 100 163382
1749 56 0 100 256742
1754 63 0 100 116701
1768 64 0 100 140041
1770 62 0 100 46681
1771 55 0 100 128371
1774 56 0 100 233402
1779 63 0 100 128371
1793 64 0 100 116701
1795 62 0 100 23341
1796 55 0 100 105031
1799 56 0 100 221732
1804 63 0 100 151711
1805 65 0 100 233402
1818 64 0 100 105031
1820 62 0 100 11670
1821 55 0 100 93361
1829 63 0 100 175051
1843 64 0 100 81691
1845 62 0 100 23341
1846 55 0 100 70021
1849 56 0 100 198392
1854 63 0 100 186722
1870 62 0 100 46681
1879 63 0 100 210062
1904 63 0 100 233402
1929 63 0 100 245072
1982 51 0 100 256743
1986 52 0 100 46681
2002 54 0 100 105031
2007 51 0 100 233402
2011 52 0 100 23341
2027 54 0 100 116701
2032 51 0 100 221732
2036 52 0 100 23341
2052 54 0 100 140041
2057 51 0 100 198392
2061 52 0 100 35011
2077 54 0 100 163382
2082 51 0 100 175052
2086 52 0 100 46681
2102 54 0 100 175052
2107 51 0 100 163382
2111 52 0 100 58351
2127 54 0 100 186722
2132 51 0 100 151712
2136 52 0 100 70021
2152 54 0 100 210062
2157 51 0 100 128371
2161 52 0 100 93361
2177 54 0 100 233402
2182 51 0 100 116701
2186 52 0 100 105031
2202 54 0 100 245072
2205 65 0 100 23341
2207 51 0 100 93361
2211 52 0 100 128372
2216 59 0 100 198392
2227 54 0 100 233402
2230 65 0 100 35011
2232 51 0 100 70021
2236 52 0 100 140042
2241 59 0 100 175051
2252 54 0 100 221732
2255 65 0 100 46681
2257 51 0 100 46681
2261 52 0 100 151712
2266 59 0 100 163381
2277 54 0 100 210062
2280 65 0 100 58351
2282 51 0 100 35011
2286 52 0 100 163382
2288 58 0 100 46680
2291 59 0 100 140041
2302 54 0 100 186722
2305 65 0 100 70021
2307 51 0 100 11670
2311 52 0 100 175052
2313 58 0 100 58350
2316 59 0 100 116701
2327 54 0 100 175052
2330 65 0 100 93361
2332 51 0 100 23341
2335 61 0 100 23340
2336 52 0 100 186722
2338 58 0 100 70021
2341 59 0 100 116701
2352 54 0 100 151712
2355 65 0 100 105031
2357 51 0 100 35011
2360 61 0 100 35010
2361 52 0 100 198392
2363 58 0 100 81691
2366 59 0 100 93361
2371 55 0 100 186722
2372 53 0 100 221732
2374 56 0 100 186721
2377 54 0 100 128371
2380 65 0 100 128372
2382 51 0 100 46681
2385 61 0 100 46680
2386 52 0 100 186722
2388 58 0 100 93361
2390 57 0 100 46680
2391 59 0 100 70021
2395 62 0 100 70021
2396 55 0 100 175052
2397 53 0 100 198392
2399 56 0 100 198392
2402 54 0 100 116701
2405 65 0 100 140042
2407 51 0 100 70021
2410 61 0 100 58350
2411 52 0 100 175052
2413 58 0 100 116701
2415 57 0 100 23340
2416 59 0 100 46680
2420 62 0 100 58351
2421 55 0 100 151711
2422 53 0 100 175052
2424 56 0 100 198392
2427 54 0 100 93361
2430 65 0 100 151712
2432 51 0 100 81691
2435 61 0 100 70020
2436 52 0 100 151712
2438 58 0 100 128371
2440 57 0 100 23340
2441 59 0 100 35010
2445 62 0 100 35011
2446 55 0 100 128371
2447 53 0 100 163382
2449 56 0 100 186721
2452 54 0 100 81691
2454 63 0 100 128371
2455 65 0 100 175052
2460 61 0 100 93361
2461 52 0 100 151712
2463 58 0 100 151711
2465 57 0 100 23340
2466 59 0 100 11670
2470 62 0 100 11670
2471 55 0 100 116701
2472 53 0 100 140041
2474 56 0 100 175051
2479 63 0 100 140041
2480 65 0 100 175052
2485 61 0 100 105031
2486 52 0 100 128372
2488 58 0 100 163381
2490 57 0 100 46680
2491 59 0 100 23340
2495 62 0 100 23341
2496 55 0 100 93361
2497 53 0 100 116701
2499 56 0 100 151711
2504 63 0 100 151711
2505 65 0 100 186722
2510 61 0 100 128371
2513 58 0 100 175051
2515 57 0 100 58350
2516 59 0 100 35010
2520 62 0 100 35011
2521 55 0 100 70021
2522 53 0 100 105031
2524 56 0 100 140041
2529 63 0 100 175051
2530 65 0 100 198392
2533 60 0 100 81690
2535 61 0 100 140041
2538 58 0 100 186722
2540 57 0 100 70020
2541 59 0 100 46680
2545 62 0 100 46681
2546 55 0 100 46681
2547 53 0 100 81691
2549 56 0 100 128371
2554 63 0 100 175051
2555 65 0 100 186722
2560 61 0 100 151711
2563 58 0 100 198392
2565 57 0 100 93360
2566 59 0 100 70021
2568 64 0 100 58351
2570 62 0 100 58351
2571 55 0 100 46681
2572 53 0 100 70021
2574 56 0 100 105031
2579 63 0 100 186722
2580 65 0 100 175052
2582 51 0 100 186722
2583 60 0 100 116701
2585 61 0 100 175051
2588 58 0 100 186722
2590 57 0 100 105031
2591 59 0 100 81691
2593 64 0 100 35010
2595 62 0 100 70021
2596 55 0 100 23340
2597 53 0 100 46681
2599 56 0 100 93361
2604 63 0 100 198392
2605 65 0 100 151712
2608 60 0 100 128371
2610 61 0 100 175051
2613 58 0 100 175051
2615 57 0 100 128371
2616 59 0 100 93361
2618 64 0 100 23340
2620 62 0 100 93361
2621 55 0 100 11670
2622 53 0 100 35011
2624 56 0 100 70020
2629 63 0 100 186722
2630 65 0 100 140042
2633 60 0 100 151711
2635 61 0 100 186721
2638 58 0 100 175051
2640 57 0 100 140041
2641 59 0 100 116701
2643 64 0 100 35010
2645 62 0 100 105031
2646 55 0 100 23340
2647 53 0 100 11670
2649 56 0 100 58350
2654 63 0 100 175051
2655 65 0 100 128372
2660 61 0 100 198391
2665 57 0 100 151711
2666 59 0 100 140041
2670 62 0 100 128371
2671 55 0 100 46681
2672 53 0 100 23340
2674 56 0 100 46680
2679 63 0 100 151711
2680 65 0 100 116701
2685 61 0 100 186721
2688 58 0 100 140041
2690 57 0 100 175051
2695 62 0 100 140042
2696 55 0 100 58351
2697 53 0 100 35011
2699 56 0 100 23340
2704 63 0 100 140041
2705 65 0 100 93361
2710 61 0 100 175051
2715 57 0 100 186721
2720 62 0 100 151712
2721 55 0 100 70021
2722 53 0 100 46681
2724 56 0 100 23340
2729 63 0 100 128371
2735 61 0 100 163381
2740 57 0 100 198391
2745 62 0 100 175052
2746 55 0 100 93361
2747 53 0 100 70021
2749 56 0 100 23340
2754 63 0 100 116701
2757 51 0 100 175052
2766 59 0 100 198392
2768 64 0 100 116701
2770 62 0 100 186722
2771 55 0 100 105031
2772 53 0 100 81691
2774 56 0 100 46680
2779 63 0 100 93361
2795 62 0 100 198392
2797 53 0 100 93361
2804 63 0 100 81691
2810 61 0 100 116701
2820 62 0 100 198392
2822 53 0 100 116701
2829 63 0 100 70021
2847 53 0 100 128371
2854 63 0 100 46680
2858 60 0 100 151711