0 0
0 1
0 2
0 3
0 4
0 5
0 6
0 7
0 8
0 9
0 10
0 11
0 12
0 13
0 15
0 16
0 17
0 19
0 20
0 23
0 25
0 26
0 27
0 28
0 30
0 31
0 32
0 34
0 35
0 38
0 40
0 41
0 42
0 43
0 45
0 46
0 47
0 49
0 50
0 53
0 55
0 56
0 57
0 58
0 60
0 61
0 62
0 64
0 65
0 68
0 70
0 71
0 72
0 73
0 75
0 76
0 77
0 79
0 80
0 83
0 85
0 86
0 87
0 88
0 90
0 91
0 92
0 94
0 95
0 98
0 100
0 101
0 102
0 103
0 105
0 106
0 107
54 108
53 108
0 109
0 110
53 111
54 111
0 113
0 115
0 116
0 117
0 118
0 120
0 121
0 122
0 124
0 125
0 128
0 130
0 131
0 132
0 133
0 135
0 136
0 137
0 139
0 140
0 143
0 145
0 146
0 147
0 148
0 150
0 151
0 152
0 154
0 155
0 158
0 160
0 161
0 162
0 163
0 165
0 166
0 167
0 169
0 170
0 173
0 175
0 176
0 177
0 178
0 180
0 181
0 182
0 184
0 185
53 186
34 186
33 186
35 186
36 186
32 186
37 186
31 186
38 186
30 186
39 186
28 186
29 186
40 186
27 186
41 186
42 186
26 186
43 186
44 186
45 186
46 186
47 186
48 186
49 186
50 186
0 188
0 190
0 191
0 192
0 193
0 195
0 196
0 197
0 199
0 200
53 201
32 201
31 201
33 201
30 201
34 201
28 201
29 201
55 201
35 201
36 201
27 201
37 201
26 201
38 201
39 201
40 201
41 201
42 201
43 201
44 201
45 201
46 201
47 201
48 201
49 201
50 201
55 202
28 202
29 202
27 202
30 202
26 202
31 202
32 202
53 202
33 202
34 202
35 202
36 202
37 202
38 202
39 202
40 202
41 202
42 202
43 202
44 202
45 202
46 202
47 202
48 202
49 202
50 202
0 203
0 205
0 206
0 207
0 208
0 210
0 211
0 212
0 214
0 215
53 216
30 216
31 216
55 216
28 216
29 216
32 216
27 216
33 216
26 216
34 216
35 216
36 216
37 216
38 216
39 216
40 216
41 216
42 216
43 216
44 216
45 216
46 216
47 216
48 216
49 216
50 216
55 217
30 217
53 217
28 217
29 217
31 217
27 217
32 217
26 217
33 217
34 217
35 217
36 217
37 217
38 217
39 217
40 217
41 217
42 217
43 217
44 217
45 217
46 217
47 217
48 217
49 217
50 217
0 218
0 220
0 221
0 222
0 223
0 225
0 226
0 227
0 229
0 230
53 231
28 231
29 231
27 231
30 231
26 231
31 231
32 231
55 231
33 231
34 231
35 231
36 231
37 231
38 231
39 231
40 231
41 231
42 231
43 231
44 231
45 231
46 231
47 231
48 231
49 231
50 231
55 232
32 232
31 232
33 232
30 232
34 232
28 232
29 232
53 232
35 232
36 232
27 232
37 232
26 232
38 232
39 232
40 232
41 232
42 232
43 232
44 232
45 232
46 232
47 232
48 232
49 232
50 232
0 233
0 235
0 236
0 237
0 238
0 240
0 241
0 242
54 243
39 243
38 243
40 243
37 243
41 243
42 243
35 243
36 243
43 243
55 243
34 243
44 243
33 243
45 243
32 243
46 243
31 243
47 243
48 243
30 243
49 243
28 243
29 243
50 243
53 243
27 243
26 243
0 244
0 245
53 246
26 246
27 246
28 246
29 246
30 246
31 246
32 246
33 246
34 246
55 246
35 246
36 246
37 246
38 246
54 246
39 246
40 246
41 246
42 246
43 246
44 246
45 246
46 246
47 246
48 246
49 246
50 246
55 247
34 247
33 247
35 247
36 247
32 247
37 247
31 247
38 247
30 247
39 247
28 247
29 247
40 247
53 247
27 247
41 247
42 247
26 247
43 247
44 247
45 247
46 247
47 247
48 247
49 247
50 247
0 248
0 250
0 251
0 252
0 253
0 255
0 256
0 257
54 258
37 258
35 258
36 258
38 258
55 258
34 258
39 258
33 258
40 258
32 258
41 258
42 258
31 258
43 258
30 258
44 258
28 258
29 258
45 258
27 258
46 258
26 258
47 258
48 258
53 258
49 258
25 258
50 258
23 258
24 258
21 258
22 258
20 258
18 258
19 258
17 258
15 258
16 258
14 258
13 258
11 258
12 258
10 258
8 258
9 258
7 258
5 258
6 258
3 258
4 258
1 258
2 258
0 259
0 260
53 261
25 261
23 261
24 261
21 261
22 261
20 261
18 261
19 261
17 261
15 261
16 261
14 261
13 261
11 261
12 261
10 261
8 261
9 261
7 261
5 261
6 261
3 261
4 261
1 261
2 261
55 262
36 262
54 262
34 262
35 262
37 262
33 262
38 262
32 262
39 262
31 262
40 262
30 262
41 262
42 262
28 262
29 262
43 262
27 262
44 262
26 262
45 262
53 262
46 262
25 262
47 262
48 262
23 262
24 262
49 262
21 262
22 262
50 262
20 262
18 262
19 262
17 262
15 262
16 262
14 262
13 262
11 262
12 262
10 262
8 262
9 262
7 262
5 262
6 262
3 262
4 262
1 262
2 262
0 263
0 265
0 266
0 267
0 268
0 270
0 271
0 272
54 273
35 273
34 273
36 273
37 273
33 273
38 273
55 273
32 273
39 273
31 273
40 273
30 273
41 273
42 273
28 273
29 273
43 273
27 273
44 273
26 273
45 273
46 273
47 273
48 273
49 273
50 273
0 274
0 275
53 276
23 276
24 276
21 276
22 276
25 276
20 276
18 276
19 276
17 276
15 276
16 276
14 276
13 276
11 276
12 276
10 276
8 276
9 276
7 276
5 276
6 276
3 276
4 276
1 276
2 276
55 277
38 277
37 277
39 277
35 277
36 277
40 277
34 277
54 277
41 277
42 277
33 277
43 277
32 277
44 277
31 277
45 277
30 277
46 277
28 277
29 277
47 277
48 277
27 277
49 277
26 277
50 277
0 278
0 280
0 281
0 282
0 283
0 285
0 286
0 287
54 288
33 288
32 288
34 288
31 288
35 288
36 288
30 288
37 288
28 288
29 288
38 288
27 288
39 288
55 288
26 288
40 288
41 288
42 288
43 288
44 288
45 288
46 288
47 288
48 288
49 288
50 288
0 289
0 290
53 291
21 291
22 291
20 291
23 291
18 291
19 291
24 291
25 291
17 291
15 291
16 291
14 291
13 291
11 291
12 291
10 291
8 291
9 291
7 291
5 291
6 291
3 291
4 291
1 291
2 291
55 292
39 292
40 292
38 292
41 292
42 292
37 292
43 292
35 292
36 292
44 292
34 292
45 292
33 292
54 292
46 292
32 292
47 292
48 292
31 292
49 292
30 292
50 292
28 292
29 292
27 292
26 292
0 293
0 295
0 296
0 297
0 298
0 300
0 301
0 302
54 303
31 303
32 303
30 303
33 303
28 303
29 303
34 303
27 303
35 303
36 303
26 303
37 303
38 303
39 303
40 303
41 303
42 303
55 303
43 303
44 303
45 303
46 303
47 303
48 303
49 303
50 303
0 304
0 305
53 306
19 306
20 306
17 306
18 306
21 306
22 306
15 306
16 306
23 306
14 306
24 306
25 306
13 306
11 306
12 306
10 306
8 306
9 306
7 306
5 306
6 306
3 306
4 306
1 306
2 306
55 307
41 307
42 307
40 307
43 307
39 307
44 307
38 307
45 307
37 307
46 307
35 307
36 307
47 307
48 307
34 307
49 307
33 307
50 307
32 307
31 307
54 307
30 307
28 307
29 307
27 307
26 307
0 308
0 310
0 311
0 312
0 313
0 315
0 316
0 317
54 318
29 318
30 318
27 318
28 318
31 318
26 318
32 318
33 318
34 318
35 318
36 318
37 318
38 318
39 318
40 318
41 318
42 318
43 318
55 318
44 318
45 318
46 318
47 318
48 318
49 318
50 318
0 319
0 320
53 321
18 321
17 321
19 321
20 321
15 321
16 321
21 321
22 321
14 321
23 321
13 321
24 321
25 321
11 321
12 321
10 321
8 321
9 321
7 321
5 321
6 321
3 321
4 321
1 321
2 321
55 322
43 322
44 322
41 322
42 322
45 322
40 322
46 322
39 322
47 322
48 322
38 322
49 322
37 322
50 322
35 322
36 322
34 322
33 322
32 322
31 322
30 322
28 322
29 322
54 322
27 322
26 322
0 323
0 325
0 326
0 327
0 328
0 330
0 331
0 332
54 333
27 333
28 333
26 333
29 333
30 333
31 333
32 333
33 333
34 333
35 333
36 333
37 333
38 333
39 333
40 333
41 333
42 333
43 333
44 333
45 333
55 333
46 333
47 333
48 333
49 333
50 333
0 334
0 335
53 336
16 336
17 336
14 336
15 336
18 336
19 336
13 336
20 336
11 336
12 336
21 336
22 336
10 336
23 336
8 336
9 336
24 336
25 336
7 336
5 336
6 336
3 336
4 336
1 336
2 336
55 337
45 337
46 337
44 337
47 337
48 337
43 337
49 337
41 337
42 337
50 337
40 337
39 337
38 337
37 337
35 337
36 337
34 337
33 337
32 337
31 337
30 337
28 337
29 337
54 337
27 337
26 337
0 338
0 340
0 341
0 342
0 343
0 345
0 346
0 347
54 348
26 348
27 348
28 348
29 348
30 348
31 348
32 348
33 348
34 348
35 348
36 348
37 348
38 348
39 348
40 348
41 348
42 348
43 348
44 348
45 348
46 348
47 348
48 348
55 348
49 348
50 348
0 349
0 350
53 351
14 351
15 351
13 351
16 351
17 351
11 351
12 351
18 351
19 351
10 351
20 351
8 351
9 351
21 351
22 351
7 351
23 351
5 351
6 351
24 351
25 351
3 351
4 351
54 351
1 351
2 351
26 351
27 351
28 351
29 351
30 351
31 351
32 351
33 351
34 351
35 351
36 351
37 351
38 351
39 351
40 351
41 351
42 351
43 351
44 351
45 351
46 351
47 351
48 351
55 351
49 351
50 351
55 352
47 352
48 352
46 352
49 352
45 352
50 352
44 352
43 352
41 352
42 352
40 352
39 352
38 352
37 352
35 352
36 352
34 352
33 352
32 352
31 352
30 352
28 352
29 352
27 352
26 352
54 352
0 353
0 355
0 356
0 357
0 358
0 360
0 361
0 362
54 363
24 363
25 363
23 363
21 363
22 363
20 363
18 363
19 363
17 363
15 363
16 363
14 363
13 363
53 363
11 363
12 363
10 363
8 363
9 363
7 363
5 363
6 363
3 363
4 363
1 363
2 363
0 364
0 365
53 366
12 366
13 366
11 366
14 366
10 366
15 366
16 366
8 366
9 366
17 366
7 366
18 366
19 366
5 366
6 366
20 366
3 366
4 366
21 366
22 366
1 366
2 366
23 366
24 366
25 366
54 366
55 367
49 367
50 367
47 367
48 367
46 367
45 367
44 367
43 367
41 367
42 367
40 367
39 367
38 367
37 367
35 367
36 367
34 367
33 367
32 367
31 367
30 367
28 367
29 367
27 367
26 367
0 368
0 370
0 371
0 372
0 373
0 375
0 376
0 377
54 378
22 378
23 378
20 378
21 378
24 378
25 378
18 378
19 378
17 378
15 378
16 378
14 378
13 378
11 378
12 378
10 378
53 378
8 378
9 378
7 378
5 378
6 378
3 378
4 378
1 378
2 378
0 379
0 380
53 381
10 381
11 381
8 381
9 381
12 381
13 381
7 381
14 381
5 381
6 381
15 381
16 381
3 381
4 381
17 381
1 381
2 381
18 381
19 381
20 381
21 381
22 381
23 381
54 381
24 381
25 381
55 382
48 382
49 382
46 382
47 382
50 382
45 382
44 382
43 382
41 382
42 382
40 382
39 382
38 382
37 382
35 382
36 382
34 382
33 382
32 382
31 382
30 382
28 382
29 382
27 382
26 382
0 383
0 385
0 386
0 387
0 388
0 390
0 391
0 392
54 393
21 393
20 393
22 393
23 393
18 393
19 393
24 393
25 393
17 393
15 393
16 393
14 393
13 393
11 393
12 393
10 393
8 393
9 393
53 393
7 393
5 393
6 393
3 393
4 393
1 393
2 393
0 394
0 395
53 396
8 396
9 396
7 396
10 396
5 396
6 396
11 396
3 396
4 396
12 396
13 396
1 396
2 396
14 396
15 396
16 396
17 396
18 396
19 396
20 396
54 396
22 396
21 396
23 396
24 396
25 396
55 397
46 397
47 397
45 397
48 397
49 397
44 397
50 397
43 397
41 397
42 397
40 397
39 397
38 397
37 397
35 397
36 397
34 397
33 397
32 397
31 397
30 397
28 397
29 397
27 397
26 397
0 398
0 400
0 401
0 402
0 403
0 405
0 406
0 407
54 408
19 408
17 408
18 408
20 408
15 408
16 408
21 408
22 408
14 408
23 408
13 408
24 408
25 408
11 408
12 408
10 408
8 408
9 408
7 408
53 408
5 408
6 408
3 408
4 408
1 408
2 408
0 409
0 410
53 411
7 411
5 411
6 411
8 411
3 411
4 411
9 411
10 411
1 411
2 411
11 411
12 411
13 411
14 411
15 411
16 411
17 411
18 411
19 411
54 411
20 411
21 411
22 411
23 411
24 411
25 411
55 412
44 412
45 412
43 412
46 412
41 412
42 412
47 412
48 412
40 412
49 412
39 412
50 412
38 412
37 412
35 412
36 412
34 412
33 412
32 412
31 412
30 412
28 412
29 412
27 412
26 412
0 413
0 415
0 416
0 417
0 418
52 419
43 419
41 419
42 419
44 419
55 419
40 419
45 419
39 419
46 419
38 419
47 419
48 419
37 419
49 419
35 419
36 419
50 419
34 419
33 419
32 419
31 419
30 419
28 419
29 419
27 419
26 419
0 420
0 421
0 422
54 423
17 423
15 423
16 423
18 423
19 423
14 423
20 423
13 423
21 423
22 423
11 423
12 423
23 423
10 423
24 423
25 423
8 423
9 423
7 423
5 423
6 423
3 423
4 423
53 423
1 423
2 423
0 424
0 425
55 427
43 427
41 427
42 427
44 427
52 427
40 427
45 427
39 427
46 427
38 427
47 427
48 427
37 427
49 427
35 427
36 427
50 427
34 427
33 427
32 427
31 427
30 427
28 427
29 427
27 427
26 427
0 428
0 430
0 431
0 432
0 433
52 434
41 434
40 434
42 434
43 434
55 434
39 434
44 434
38 434
45 434
37 434
46 434
35 434
36 434
47 434
48 434
34 434
49 434
33 434
50 434
32 434
31 434
30 434
28 434
29 434
27 434
26 434
0 435
0 436
0 437
54 438
15 438
14 438
16 438
17 438
13 438
18 438
19 438
11 438
12 438
20 438
10 438
21 438
22 438
8 438
9 438
23 438
7 438
24 438
25 438
5 438
6 438
3 438
4 438
1 438
2 438
0 439
0 440
55 442
41 442
42 442
40 442
43 442
52 442
39 442
44 442
38 442
45 442
37 442
46 442
35 442
36 442
47 442
48 442
34 442
49 442
33 442
50 442
32 442
31 442
30 442
28 442
29 442
27 442
26 442
0 443
0 445
0 446
0 447
0 448
52 449
39 449
40 449
38 449
41 449
42 449
55 449
37 449
43 449
35 449
36 449
44 449
34 449
45 449
33 449
46 449
32 449
47 449
48 449
31 449
49 449
30 449
50 449
28 449
29 449
27 449
26 449
0 450
0 451
0 452
54 453
13 453
11 453
12 453
14 453
10 453
15 453
16 453
8 453
9 453
17 453
7 453
18 453
19 453
5 453
6 453
20 453
3 453
4 453
21 453
22 453
1 453
2 453
23 453
24 453
25 453
0 454
0 455
55 457
39 457
40 457
38 457
41 457
42 457
52 457
37 457
43 457
35 457
36 457
44 457
34 457
45 457
33 457
46 457
32 457
47 457
48 457
31 457
49 457
30 457
50 457
28 457
29 457
27 457
26 457
0 458
51 459
14 459
13 459
15 459
16 459
54 459
11 459
12 459
17 459
10 459
18 459
19 459
8 459
9 459
20 459
7 459
21 459
22 459
5 459
6 459
23 459
3 459
4 459
24 459
25 459
1 459
2 459
0 460
0 461
0 462
0 463
52 464
37 464
38 464
35 464
36 464
39 464
55 464
34 464
40 464
33 464
41 464
42 464
32 464
43 464
31 464
44 464
30 464
45 464
28 464
29 464
46 464
27 464
47 464
48 464
26 464
49 464
50 464
0 465
0 466
0 467
54 468
11 468
12 468
10 468
13 468
8 468
9 468
14 468
7 468
15 468
16 468
5 468
6 468
17 468
3 468
4 468
18 468
19 468
1 468
2 468
20 468
21 468
22 468
23 468
24 468
25 468
0 469
0 470
55 472
37 472
38 472
35 472
36 472
39 472
52 472
34 472
40 472
33 472
41 472
42 472
32 472
43 472
31 472
44 472
30 472
45 472
28 472
29 472
46 472
27 472
47 472
48 472
26 472
49 472
50 472
0 473
0 475
0 476
0 477
0 478
52 479
35 479
36 479
55 479
34 479
37 479
33 479
38 479
32 479
39 479
31 479
40 479
30 479
41 479
42 479
28 479
29 479
43 479
27 479
44 479
26 479
45 479
46 479
47 479
48 479
49 479
50 479
0 480
0 481
0 482
54 483
9 483
8 483
10 483
7 483
11 483
5 483
6 483
12 483
13 483
3 483
4 483
14 483
1 483
2 483
15 483
16 483
17 483
18 483
19 483
20 483
21 483
22 483
23 483
24 483
25 483
0 484
0 485
55 487
35 487
36 487
34 487
37 487
52 487
33 487
38 487
32 487
39 487
31 487
40 487
30 487
41 487
42 487
28 487
29 487
43 487
27 487
44 487
26 487
45 487
46 487
47 487
48 487
49 487
50 487
0 488
0 490
0 491
0 492
0 493
52 494
33 494
34 494
32 494
35 494
36 494
55 494
31 494
37 494
30 494
38 494
28 494
29 494
39 494
27 494
40 494
26 494
41 494
42 494
43 494
44 494
45 494
46 494
47 494
48 494
49 494
50 494
0 495
0 496
0 497
0 499
0 500
53 501
54 501
55 502
33 502
34 502
32 502
35 502
36 502
52 502
31 502
37 502
30 502
38 502
28 502
29 502
39 502
27 502
40 502
26 502
41 502
42 502
43 502
44 502
45 502
46 502
47 502
48 502
49 502
50 502
0 503
0 505
0 506
0 507
0 508
52 509
31 509
32 509
30 509
33 509
55 509
28 509
29 509
34 509
27 509
35 509
36 509
26 509
37 509
38 509
39 509
40 509
41 509
42 509
43 509
44 509
45 509
46 509
47 509
48 509
49 509
50 509
0 510
0 511
0 512
0 514
0 515
55 517
31 517
32 517
30 517
33 517
52 517
28 517
29 517
34 517
27 517
35 517
36 517
26 517
37 517
38 517
39 517
40 517
41 517
42 517
43 517
44 517
45 517
46 517
47 517
48 517
49 517
50 517
0 518
0 520
0 521
0 522
0 523
52 524
30 524
28 524
29 524
31 524
55 524
27 524
32 524
26 524
33 524
34 524
35 524
36 524
37 524
38 524
39 524
40 524
41 524
42 524
43 524
44 524
45 524
46 524
47 524
48 524
49 524
50 524
0 525
0 526
0 527
0 529
0 530
55 532
30 532
28 532
29 532
31 532
52 532
27 532
32 532
26 532
33 532
34 532
35 532
36 532
37 532
38 532
39 532
40 532
41 532
42 532
43 532
44 532
45 532
46 532
47 532
48 532
49 532
50 532
0 533
0 535
0 536
0 537
0 538
52 539
28 539
27 539
29 539
30 539
55 539
26 539
31 539
32 539
33 539
34 539
35 539
36 539
37 539
38 539
39 539
40 539
41 539
42 539
43 539
44 539
45 539
46 539
47 539
48 539
49 539
50 539
0 540
0 541
0 542
0 544
0 545
55 547
28 547
27 547
29 547
30 547
52 547
26 547
31 547
32 547
33 547
34 547
35 547
36 547
37 547
38 547
39 547
40 547
41 547
42 547
43 547
44 547
45 547
46 547
47 547
48 547
49 547
50 547
0 548
0 550
0 551
0 552
0 553
52 554
26 554
27 554
55 554
28 554
29 554
30 554
31 554
32 554
33 554
34 554
35 554
36 554
37 554
38 554
39 554
40 554
41 554
42 554
43 554
44 554
45 554
46 554
47 554
48 554
49 554
50 554
0 555
0 556
0 557
0 559
0 560
0 563
0 565
0 566
0 567
0 568
52 569
25 569
23 569
24 569
21 569
22 569
20 569
18 569
19 569
17 569
15 569
16 569
14 569
13 569
11 569
12 569
10 569
8 569
9 569
7 569
5 569
6 569
3 569
4 569
1 569
2 569
0 570
0 571
0 572
0 574
0 575
0 578
0 580
0 581
0 582
0 583
52 584
23 584
21 584
22 584
24 584
25 584
20 584
18 584
19 584
17 584
15 584
16 584
14 584
13 584
11 584
12 584
10 584
8 584
9 584
7 584
5 584
6 584
3 584
4 584
1 584
2 584
0 585
0 586
0 587
0 589
0 590
0 593
0 595
0 596
0 597
0 598
52 599
21 599
20 599
22 599
23 599
18 599
19 599
24 599
25 599
17 599
15 599
16 599
14 599
13 599
11 599
12 599
10 599
8 599
9 599
7 599
5 599
6 599
3 599
4 599
1 599
2 599
0 600
0 601
0 602
0 604
0 605
0 608
0 610
0 611
0 612
0 613
0 615
0 616
0 617
0 619
0 620
0 623
0 625
0 626
0 627
0 628
0 630
0 631
0 632
0 634
0 635
0 638
0 640
0 641
0 642
0 643
0 645
0 646
0 647
0 649
0 650
0 653
0 655
0 656
0 657
0 658
52 659
51 659
0 660
0 661
0 662
0 664
0 665
0 668
0 670
0 671
0 672
0 673
0 675
0 676
0 677
0 679
0 680
0 683
0 685
0 686
0 687
0 688
0 690
0 691
0 692
0 694
0 695
0 698
0 700
0 701
0 702
0 703
0 705
0 706
0 707
0 709
0 710
0 713
0 715
0 716
0 717
0 718
0 720
0 721
0 722
0 724
0 725
0 728
0 730
0 731
0 732
0 733