186 53 0 100 105031
201 53 0 100 81691
202 55 0 100 46680
216 53 0 100 58351
217 55 0 100 58351
231 53 0 100 46681
232 55 0 100 81691
243 54 0 100 151711
246 53 0 100 23340
247 55 0 100 105031
258 54 0 100 128371
261 53 0 100 11670
262 55 0 100 116701
273 54 0 100 116701
276 53 0 100 23340
277 55 0 100 140041
288 54 0 100 93361
291 53 0 100 46681
292 55 0 100 151711
303 54 0 100 70020
306 53 0 100 58351
307 55 0 100 175052
318 54 0 100 46680
321 53 0 100 70021
322 55 0 100 186722
333 54 0 100 35010
336 53 0 100 81691
337 55 0 100 210062
348 54 0 100 11670
351 53 0 100 93361
352 55 0 100 233402
363 54 0 100 23340
366 53 0 100 116701
367 55 0 100 245072
378 54 0 100 35010
381 53 0 100 128371
382 55 0 100 233402
393 54 0 100 46680
396 53 0 100 151711
397 55 0 100 221732
408 54 0 100 70020
411 53 0 100 163382
412 55 0 100 198392
419 52 0 100 186721
423 54 0 100 81691
427 55 0 100 186722
434 52 0 100 175051
438 54 0 100 93361
442 55 0 100 175052
449 52 0 100 151711
453 54 0 100 116701
457 55 0 100 151711
459 51 0 100 105031
464 52 0 100 128371
468 54 0 100 128371
472 55 0 100 128371
479 52 0 100 116701
483 54 0 100 151711
487 55 0 100 116701
494 52 0 100 93360
502 55 0 100 93361
509 52 0 100 70020
517 55 0 100 70021
524 52 0 100 58350
532 55 0 100 58351
539 52 0 100 46680
547 55 0 100 46680
554 52 0 100 23340
569 52 0 100 23340
584 52 0 100 35010
599 52 0 100 46680