68 11
70 12
60 13
71 15
67 17
53 18
56 19
64 20
62 21
54 22
57 23
73 26
65 28
55 30
63 31
61 32
59 33
51 35
72 36
69 38
75 39
52 41
66 42
58 43
74 44
68 46
70 47
60 48
71 50
67 52
53 53
56 54
64 55
62 56
54 57
57 58
73 61
65 63
55 65
63 66
61 67
59 68
51 70
72 71
69 73
75 74
52 76
66 77
58 78
74 79
68 81
70 82
60 83
71 85
67 87
53 88
56 89
64 90
62 91
54 92
57 93
73 96
65 98
55 100
63 101
61 102
59 103
51 105
72 106
69 108
75 109
52 111
66 112
58 113
74 114
68 116
70 117
60 118
71 120
67 122
53 123
56 124
64 125
62 126
54 127
57 128
73 131
65 133
55 135
63 136
61 137
59 138
51 140
72 141
69 143
75 144
52 146
66 147
58 148
74 149
68 151
70 152
60 153
71 155
67 157
53 158
56 159
64 160
62 161
54 162
57 163
73 166
65 168
55 170
63 171
61 172
59 173
51 175
72 176
69 178
75 179
52 181
66 182
58 183
74 184
68 186
70 187
60 188
71 190
67 192
53 193
56 194
64 195
62 196
54 197
57 198
73 201
65 203
55 205
63 206
61 207
59 208
51 210
72 211
69 213
75 214
52 216
66 217
58 218
74 219
68 221
70 222
60 223
71 225
67 227
53 228
56 229
64 230
62 231
54 232
57 233
73 236
65 238
55 240
63 241
61 242
59 243
51 245
72 246
69 248
75 249
52 251
66 252
58 253
74 254
68 256
70 257
60 258
71 260
67 262
53 263
56 264
64 265
62 266
54 267
57 268
73 271
65 273
55 275
63 276
61 277
59 278
51 280
72 281
69 283
75 284
52 286
66 287
58 288
74 289
68 291
70 292
60 293
71 295
67 297
53 298
56 299
64 300
62 301
54 302
57 303
73 306
65 308
55 310
63 311
61 312
59 313
51 315
72 316
69 318
75 319
52 321
66 322
58 323
74 324
68 326
70 327
60 328
71 330
67 332
53 333
56 334
64 335
62 336
54 337
57 338
73 341
65 343
55 345
63 346
61 347
59 348
51 350
72 351
69 353
75 354
52 356
66 357
58 358
74 359
68 361
70 362
60 363
71 365
67 367
53 368
56 369
64 370
62 371
54 372
57 373
73 376
65 378
55 380
63 381
61 382
59 383
51 385
72 386
69 388
75 389
52 391
66 392
58 393
74 394
68 396
70 397
60 398
71 400
67 402
53 403
56 404
64 405
62 406
54 407
57 408
73 411
65 413
55 415
63 416
61 417
59 418
51 420
72 421
69 423
75 424
52 426
66 427
58 428
74 429
68 431
70 432
60 433
71 435
67 437
53 438
56 439
64 440
62 441
54 442
57 443
73 446
65 448
55 450
63 451
61 452
59 453
51 455
72 456
69 458
75 459
52 461
66 462
58 463
74 464
68 466
70 467
60 468
71 470
67 472
53 473
56 474
64 475
62 476
54 477
57 478
73 481
65 483
55 485
63 486
61 487
59 488
51 490
72 491
69 493
75 494
52 496
66 497
58 498
74 499
68 501
70 502
60 503
71 505
67 507
53 508
56 509
64 510
62 511
54 512
57 513
73 516
65 518
55 520
63 521
61 522
59 523
51 525
72 526
69 528
75 529
52 531
66 532
58 533
74 534
68 536
70 537
60 538
71 540
67 542
53 543
56 544
64 545
62 546
54 547
57 548
73 551
65 553
55 555
63 556
61 557
59 558
51 560
72 561
69 563
75 564
52 566
66 567
58 568
74 569
68 571
70 572
60 573
71 575
67 577
53 578
56 579
64 580
62 581
54 582
57 583
73 586
65 588
55 590
63 591
61 592
59 593
51 595
72 596
69 598
75 599
52 601
66 602
58 603
74 604
68 606
70 607
60 608
71 610
67 612
53 613
56 614
64 615
62 616
54 617
57 618
73 621
65 623
55 625
63 626
61 627
59 628
51 630
72 631
69 633
75 634
52 636
66 637
58 638
74 639
68 641
70 642
60 643
71 645
67 647
53 648
56 649
64 650
62 651
54 652
57 653
73 656
65 658
55 660
63 661
61 662
59 663
51 665
72 666
69 668
75 669
52 671
66 672
58 673
74 674
68 676
70 677
60 678
71 680
67 682
53 683
56 684
64 685
62 686
54 687
57 688
73 691
65 693
55 695
63 696
61 697
59 698
51 700
72 701
69 703
75 704
52 706
66 707
58 708
74 709
68 711
70 712
60 713
71 715
67 717
53 718
56 719
64 720
62 721
54 722
57 723
73 726
65 728
55 730
63 731
61 732
59 733
51 735
72 736
69 738
75 739
52 741
66 742
58 743
74 744
68 746
70 747
60 748
71 750
67 752
53 753
56 754
64 755
62 756
54 757
57 758
73 761
65 763
55 765
63 766
61 767
59 768
51 770
72 771
69 773
75 774
52 776
66 777
58 778
74 779
68 781
70 782
60 783
71 785
67 787
53 788
56 789
64 790
62 791
54 792
57 793
73 796
65 798
55 800
63 801
61 802
59 803
51 805
72 806
69 808
75 809
52 811
66 812
58 813
74 814
68 816
70 817
60 818
71 820
67 822
53 823
56 824
64 825
62 826
54 827
57 828
73 831
65 833
55 835
63 836
61 837
59 838
51 840
72 841
69 843
75 844
52 846
66 847
58 848
74 849
68 851
70 852
60 853
71 855
67 857
53 858
56 859
64 860
62 861
54 862
57 863
73 866
65 868
55 870
63 871
61 872
59 873
51 875
72 876
69 878
75 879
52 881
66 882
58 883
74 884
68 886
70 887
60 888
71 890
67 892
53 893
56 894
64 895
62 896
54 897
57 898
73 901
65 903
55 905
63 906
61 907
59 908
51 910
72 911
69 913
75 914
52 916
66 917
58 918
74 919
68 921
70 922
60 923
71 925
67 927
53 928
56 929
64 930
62 931
54 932
57 933
73 936
65 938
55 940
63 941
61 942
59 943
51 945
72 946
69 948
75 949
52 951
66 952
58 953
74 954
68 956
70 957
60 958
71 960
67 962
53 963
56 964
64 965
62 966
54 967
57 968
73 971
65 973
55 975
63 976
61 977
59 978
51 980
72 981
69 983
75 984
52 986
66 987
58 988
74 989
68 991
70 992
60 993
71 995
67 997
53 998
56 999
64 1000
62 1001
54 1002
57 1003
73 1006
65 1008
55 1010
63 1011
61 1012
59 1013
51 1015
72 1016
69 1018
75 1019
52 1021
66 1022
58 1023
74 1024
68 1026
70 1027
60 1028
71 1030
67 1032
53 1033
56 1034
64 1035
62 1036
54 1037
57 1038
73 1041
65 1043
55 1045
63 1046
61 1047
59 1048
51 1050
72 1051
69 1053
75 1054
52 1056
66 1057
58 1058
74 1059
68 1061
70 1062
60 1063
71 1065
67 1067
53 1068
56 1069
64 1070
62 1071
54 1072
57 1073
73 1076
65 1078
55 1080
63 1081
61 1082
59 1083
51 1085
72 1086
69 1088
75 1089
52 1091
66 1092
58 1093
74 1094
68 1096
70 1097
60 1098
71 1100
67 1102
53 1103
56 1104
64 1105
62 1106
54 1107
57 1108
73 1111
65 1113
55 1115
63 1116
61 1117
59 1118
51 1120
72 1121
69 1123
75 1124
52 1126
66 1127
58 1128
74 1129
68 1131
70 1132
60 1133
71 1135
67 1137
53 1138
56 1139
64 1140
62 1141
54 1142
57 1143
73 1146
65 1148
55 1150
63 1151
61 1152
59 1153
51 1155
72 1156
69 1158
75 1159
52 1161
66 1162
58 1163
74 1164
68 1166
70 1167
60 1168
71 1170
67 1172
53 1173
56 1174
64 1175
62 1176
54 1177
57 1178
73 1181
65 1183
55 1185
63 1186
61 1187
59 1188
51 1190
72 1191
69 1193
75 1194
52 1196
66 1197
58 1198
74 1199
68 1201
70 1202
60 1203
71 1205
67 1207
53 1208
56 1209
64 1210
62 1211
54 1212
57 1213
73 1216
65 1218
55 1220
63 1221
61 1222
59 1223
51 1225
72 1226
69 1228
75 1229
52 1231
66 1232
58 1233
74 1234
68 1236
70 1237
60 1238
71 1240
67 1242
53 1243
56 1244
64 1245
62 1246
54 1247
57 1248
73 1251
65 1253
55 1255
63 1256
61 1257
59 1258
51 1260
72 1261
69 1263
75 1264
52 1266
66 1267
58 1268
74 1269
68 1271
70 1272
60 1273
71 1275
67 1277
53 1278
56 1279
64 1280
62 1281
54 1282
57 1283
73 1286
65 1288
55 1290
63 1291
61 1292
59 1293
51 1295
72 1296
69 1298
75 1299
52 1301
66 1302
58 1303
74 1304
68 1306
70 1307
60 1308
71 1310
67 1312
53 1313
56 1314
64 1315
62 1316
54 1317
57 1318
73 1321
65 1323
55 1325
63 1326
61 1327
59 1328
51 1330
72 1331
69 1333
75 1334
52 1336
66 1337
58 1338
74 1339
68 1341
70 1342
60 1343
71 1345
67 1347
53 1348
56 1349
64 1350
62 1351
54 1352
57 1353
73 1356
65 1358
55 1360
63 1361
61 1362
59 1363
51 1365
72 1366
69 1368
75 1369
52 1371
66 1372
58 1373
74 1374
68 1376
70 1377
60 1378
71 1380
67 1382
53 1383
56 1384
64 1385
62 1386
54 1387
57 1388
73 1391
65 1393
55 1395
63 1396
61 1397
59 1398
51 1400
72 1401
69 1403
75 1404
52 1406
66 1407
58 1408
74 1409
68 1411
70 1412
60 1413
71 1415
67 1417
53 1418
56 1419
64 1420
62 1421
54 1422
57 1423
73 1426
65 1428
55 1430
63 1431
61 1432
59 1433
51 1435
72 1436
69 1438
75 1439
52 1441
66 1442
58 1443
74 1444
68 1446
70 1447
60 1448
71 1450
67 1452
53 1453
56 1454
64 1455
62 1456
54 1457
57 1458
73 1461
65 1463
55 1465
63 1466
61 1467
59 1468
51 1470
72 1471
69 1473
75 1474
52 1476
66 1477
58 1478
74 1479
68 1481
70 1482
60 1483
71 1485
67 1487
53 1488
56 1489
64 1490
62 1491
54 1492
57 1493
73 1496
65 1498
55 1500
63 1501
61 1502
59 1503
51 1505
72 1506
69 1508
75 1509
52 1511
66 1512
58 1513
74 1514
68 1516
70 1517
60 1518
71 1520
67 1522
53 1523
56 1524
64 1525
62 1526
54 1527
57 1528
73 1531
65 1533
55 1535
63 1536
61 1537
59 1538
51 1540
72 1541
69 1543
75 1544
52 1546
66 1547
58 1548
74 1549
68 1551
70 1552
60 1553
71 1555
67 1557
53 1558
56 1559
64 1560
62 1561
54 1562
57 1563
73 1566
65 1568
55 1570
63 1571
61 1572
59 1573
51 1575
72 1576
69 1578
75 1579
52 1581
66 1582
58 1583
74 1584
68 1586
70 1587
60 1588
71 1590
67 1592
53 1593
56 1594
64 1595
62 1596
54 1597
57 1598
73 1601
65 1603
55 1605
63 1606
61 1607
59 1608
51 1610
72 1611
69 1613
75 1614
52 1616
66 1617
58 1618
74 1619
68 1621
70 1622
60 1623
71 1625
67 1627
53 1628
56 1629
64 1630
62 1631
54 1632
57 1633
73 1636
65 1638
55 1640
63 1641
61 1642
59 1643
51 1645
72 1646
69 1648
75 1649
52 1651
66 1652
58 1653
74 1654
68 1656
70 1657
60 1658
71 1660
67 1662
53 1663
56 1664
64 1665
62 1666
54 1667
57 1668
73 1671
65 1673
55 1675
63 1676
61 1677
59 1678
51 1680
72 1681
69 1683
75 1684
52 1686
66 1687
58 1688
74 1689