17 67 0 100 70020
18 53 0 100 128371
22 54 0 100 23340
26 73 0 100 58350
28 65 0 100 93361
30 55 0 100 163382
36 72 0 100 46681
43 58 0 100 46681
52 67 0 100 46680
53 53 0 100 128371
57 54 0 100 11670
61 73 0 100 70020
63 65 0 100 81691
65 55 0 100 151712
71 72 0 100 35011
78 58 0 100 70021
87 67 0 100 46680
88 53 0 100 105031
106 72 0 100 23341
122 67 0 100 23340
123 53 0 100 93360
141 72 0 100 23341
157 67 0 100 11670
158 53 0 100 70020
192 67 0 100 35010
413 65 0 100 128371
431 68 0 100 128371
448 65 0 100 151711
466 68 0 100 151712
486 63 0 100 58350
497 66 0 100 46681
501 68 0 100 163382
521 63 0 100 46680
531 52 0 100 23340
532 66 0 100 35010
534 74 0 100 186721
536 68 0 100 175052
556 63 0 100 23340
564 75 0 100 93361
566 52 0 100 35010
567 66 0 100 11670
571 68 0 100 198392
575 71 0 100 81691
579 56 0 100 81691
591 63 0 100 23340
601 52 0 100 46680
602 66 0 100 23340
606 68 0 100 221732
607 70 0 100 58350
610 71 0 100 93361
613 53 0 100 186721
614 56 0 100 58350
618 57 0 100 175051
626 63 0 100 23340
628 59 0 100 175051
634 75 0 100 105031
636 52 0 100 70021
637 66 0 100 35010
641 68 0 100 233402
642 70 0 100 46680
645 71 0 100 116701
649 56 0 100 46680
653 57 0 100 163381
661 63 0 100 46680
663 59 0 100 186722
669 75 0 100 128371
671 52 0 100 81691
672 66 0 100 46681
676 68 0 100 256742
677 70 0 100 23340
680 71 0 100 128371
684 56 0 100 23340
688 57 0 100 140041
696 63 0 100 58350
698 59 0 100 198392
704 75 0 100 140041
706 52 0 100 93361
707 66 0 100 70021
711 68 0 100 233402
712 70 0 100 23340
715 71 0 100 151712
719 56 0 100 23340
723 57 0 100 116701
731 63 0 100 70020
733 59 0 100 221732
739 75 0 100 151711
741 52 0 100 105031
742 66 0 100 81691
746 68 0 100 221732
747 70 0 100 23340
750 71 0 100 163382
754 56 0 100 35010
758 57 0 100 105031
766 63 0 100 93361
768 59 0 100 233402
774 75 0 100 175051
776 52 0 100 128371
777 66 0 100 93361
779 74 0 100 58350
781 68 0 100 198392
782 70 0 100 46680
783 60 0 100 210062
785 71 0 100 175052
789 56 0 100 46680
793 57 0 100 81691
801 63 0 100 105031
803 59 0 100 245072
809 75 0 100 186721
811 52 0 100 140041
812 66 0 100 105031
814 74 0 100 46680
817 70 0 100 58350
818 60 0 100 186721
820 71 0 100 186722
824 56 0 100 70020
828 57 0 100 58350
836 63 0 100 128371
838 59 0 100 233402
844 75 0 100 198391
846 52 0 100 151711
847 66 0 100 128371
849 74 0 100 23340
852 70 0 100 70020
853 60 0 100 175051
855 71 0 100 198392
860 64 0 100 140041
863 57 0 100 46680
866 73 0 100 23340
871 63 0 100 140041
872 61 0 100 175051
873 59 0 100 210062
879 75 0 100 198391
881 52 0 100 175052
882 66 0 100 140041
883 58 0 100 11670
884 74 0 100 23340
887 70 0 100 93360
888 60 0 100 151711
890 71 0 100 186722
895 64 0 100 151711
898 57 0 100 23340
906 63 0 100 151711
907 61 0 100 186721
908 59 0 100 186722
911 72 0 100 93361
914 75 0 100 186721
916 52 0 100 186722
917 66 0 100 151711
918 58 0 100 23340
919 74 0 100 35010
922 70 0 100 105031
923 60 0 100 128371
925 71 0 100 175052
928 53 0 100 175051
930 64 0 100 175052
933 57 0 100 11670
936 73 0 100 35010
941 63 0 100 175051
942 61 0 100 198391
943 59 0 100 175051
946 72 0 100 58351
948 69 0 100 186721
949 75 0 100 175051
951 52 0 100 198392
952 66 0 100 175052
953 58 0 100 46681
954 74 0 100 46680
957 70 0 100 128371
958 60 0 100 116701
960 71 0 100 175052
963 53 0 100 151711
965 64 0 100 186722
966 62 0 100 46681
967 54 0 100 23340
968 57 0 100 23340
971 73 0 100 46680
976 63 0 100 186721
977 61 0 100 186721
978 59 0 100 163381
980 51 0 100 93361
981 72 0 100 46681
983 69 0 100 163381
984 75 0 100 163381
986 52 0 100 186722
987 66 0 100 186722
988 58 0 100 58351
992 70 0 100 140041
993 60 0 100 93361
995 71 0 100 151712
998 53 0 100 128371
1000 64 0 100 198392
1001 62 0 100 35011
1002 54 0 100 23340
1003 57 0 100 46680
1006 73 0 100 70020
1011 63 0 100 198391
1012 61 0 100 175051
1013 59 0 100 140041
1015 51 0 100 105031
1016 72 0 100 35011
1018 69 0 100 151711
1019 75 0 100 151711
1021 52 0 100 175052
1022 66 0 100 198392
1023 58 0 100 70021
1027 70 0 100 151711
1030 71 0 100 140042
1033 53 0 100 116701
1035 64 0 100 198392
1036 62 0 100 11670
1037 54 0 100 35010
1038 57 0 100 58350
1041 73 0 100 81691
1046 63 0 100 210062
1047 61 0 100 163381
1048 59 0 100 116701
1051 72 0 100 11671
1053 69 0 100 128371
1054 75 0 100 128371
1056 52 0 100 175052
1057 66 0 100 186722
1058 58 0 100 81691
1062 70 0 100 163381
1065 71 0 100 128371
1068 53 0 100 93360
1070 64 0 100 186722
1071 62 0 100 23341
1072 54 0 100 46680
1073 57 0 100 70020
1076 73 0 100 93361
1081 63 0 100 198391
1082 61 0 100 151711
1083 59 0 100 105031
1086 72 0 100 23341
1088 69 0 100 105031
1089 75 0 100 116701
1091 52 0 100 151711
1092 66 0 100 186722
1093 58 0 100 93361
1097 70 0 100 175051
1102 67 0 100 23340
1103 53 0 100 70020
1105 64 0 100 175052
1106 62 0 100 46681
1107 54 0 100 58350
1108 57 0 100 81691
1111 73 0 100 116701
1117 61 0 100 140041
1118 59 0 100 81691
1121 72 0 100 35011
1123 69 0 100 81691
1124 75 0 100 105031
1126 52 0 100 140041
1127 66 0 100 175052
1128 58 0 100 116701
1132 70 0 100 186721
1137 67 0 100 35010
1138 53 0 100 46680
1140 64 0 100 151711
1141 62 0 100 58351
1142 54 0 100 70021
1143 57 0 100 93361
1146 73 0 100 128371
1148 65 0 100 11670
1151 63 0 100 175051
1152 61 0 100 128371
1153 59 0 100 58350
1156 72 0 100 46681
1158 69 0 100 58350
1161 52 0 100 128371
1162 66 0 100 151711
1163 58 0 100 128371
1167 70 0 100 198391
1172 67 0 100 46680
1173 53 0 100 35010
1175 64 0 100 140041
1176 62 0 100 70021
1177 54 0 100 93361
1178 57 0 100 116701
1181 73 0 100 140041
1183 65 0 100 23340
1187 61 0 100 105031
1188 59 0 100 46680
1191 72 0 100 70021
1193 69 0 100 46680
1196 52 0 100 105031
1197 66 0 100 140041
1198 58 0 100 151711
1202 70 0 100 186721
1207 67 0 100 70020
1208 53 0 100 11670
1210 64 0 100 128371
1211 62 0 100 93361
1212 54 0 100 105031
1213 57 0 100 140041
1216 73 0 100 151711
1218 65 0 100 46680
1220 55 0 100 46681
1222 61 0 100 93361
1223 59 0 100 35010
1225 51 0 100 186722
1226 72 0 100 81691
1228 69 0 100 23340
1233 58 0 100 163382
1234 74 0 100 186721
1242 67 0 100 81690
1243 53 0 100 11670
1245 64 0 100 105031
1246 62 0 100 105031
1247 54 0 100 128371
1251 73 0 100 175051
1253 65 0 100 58350
1255 55 0 100 35011
1257 61 0 100 70020
1258 59 0 100 11670
1260 51 0 100 198392
1261 72 0 100 93361
1263 69 0 100 23340
1268 58 0 100 175052
1277 67 0 100 93360
1278 53 0 100 23340
1280 64 0 100 93361
1282 54 0 100 140041
1286 73 0 100 186721
1288 65 0 100 70021
1290 55 0 100 11671
1292 61 0 100 58350
1293 59 0 100 23340
1295 51 0 100 186722
1296 72 0 100 116701
1298 69 0 100 35010
1303 58 0 100 186722
1312 67 0 100 105031
1313 53 0 100 46680
1315 64 0 100 81691
1317 54 0 100 151711
1321 73 0 100 198392
1323 65 0 100 93361
1325 55 0 100 23341
1327 61 0 100 46680
1331 72 0 100 128372
1333 69 0 100 46680
1338 58 0 100 198392
1347 67 0 100 128371
1348 53 0 100 58350
1350 64 0 100 70021
1352 54 0 100 175051
1356 73 0 100 198392
1358 65 0 100 93361
1360 55 0 100 46681
1362 61 0 100 23340
1366 72 0 100 151712
1368 69 0 100 81691
1373 58 0 100 198392
1382 67 0 100 140041
1383 53 0 100 70020
1385 64 0 100 46681
1387 54 0 100 186722
1391 73 0 100 186721
1393 65 0 100 116701
1395 55 0 100 58351
1401 72 0 100 163382
1417 67 0 100 151711
1418 53 0 100 93360
1420 64 0 100 35010
1421 62 0 100 198392
1422 54 0 100 198392
1426 73 0 100 175051
1428 65 0 100 128371
1432 61 0 100 23340
1436 72 0 100 175052
1452 67 0 100 175051
1453 53 0 100 105031
1463 65 0 100 151711
1467 61 0 100 46680
1470 51 0 100 128372
1471 72 0 100 186722
1487 67 0 100 186721
1488 53 0 100 128371
1498 65 0 100 163381
1506 72 0 100 198392
1516 68 0 100 198392
1522 67 0 100 198391
1523 53 0 100 140041
1533 65 0 100 175051
1541 72 0 100 186722
1557 67 0 100 186721
1558 53 0 100 151711
1562 54 0 100 163381
1592 67 0 100 186721
1593 53 0 100 175051
1627 67 0 100 175051
1662 67 0 100 151711