69 11
54 12
66 14
58 15
71 17
70 18
62 20
55 21
60 22
78 23
74 24
75 25
65 26
76 28
63 29
52 31
73 32
51 35
59 36
67 38
79 39
56 40
77 42
64 43
53 44
72 45
68 47
61 48
57 49
80 50
69 51
54 52
66 54
58 55
71 57
70 58
62 60
55 61
60 62
78 63
74 64
75 65
65 66
76 68
63 69
52 71
73 72
51 75
59 76
67 78
79 79
56 80
77 82
64 83
53 84
72 85
68 87
61 88
57 89
80 90
69 91
54 92
66 94
58 95
71 97
70 98
62 100
55 101
60 102
78 103
74 104
75 105
65 106
76 108
63 109
52 111
73 112
51 115
59 116
67 118
79 119
56 120
77 122
64 123
53 124
72 125
68 127
61 128
57 129
80 130
69 131
54 132
66 134
58 135
71 137
70 138
62 140
55 141
60 142
78 143
74 144
75 145
65 146
76 148
63 149
52 151
73 152
51 155
59 156
67 158
79 159
56 160
77 162
64 163
53 164
72 165
68 167
61 168
57 169
80 170
69 171
54 172
66 174
58 175
71 177
70 178
62 180
55 181
60 182
78 183
74 184
75 185
65 186
76 188
63 189
52 191
73 192
51 195
59 196
67 198
79 199
56 200
77 202
64 203
53 204
72 205
68 207
61 208
57 209
80 210
69 211
54 212
66 214
58 215
71 217
70 218
62 220
55 221
60 222
78 223
74 224
75 225
65 226
76 228
63 229
52 231
73 232
51 235
59 236
67 238
79 239
56 240
77 242
64 243
53 244
72 245
68 247
61 248
57 249
80 250
69 251
54 252
66 254
58 255
71 257
70 258
62 260
55 261
60 262
78 263
74 264
75 265
65 266
76 268
63 269
52 271
73 272
51 275
59 276
67 278
79 279
56 280
77 282
64 283
53 284
72 285
68 287
61 288
57 289
80 290
69 291
54 292
66 294
58 295
71 297
70 298
62 300
55 301
60 302
78 303
74 304
75 305
65 306
76 308
63 309
52 311
73 312
51 315
59 316
67 318
79 319
56 320
77 322
64 323
53 324
72 325
68 327
61 328
57 329
80 330
69 331
54 332
66 334
58 335
71 337
70 338
62 340
55 341
60 342
78 343
74 344
75 345
65 346
76 348
63 349
52 351
73 352
51 355
59 356
67 358
79 359
56 360
77 362
64 363
53 364
72 365
68 367
61 368
57 369
80 370
69 371
54 372
66 374
58 375
71 377
70 378
62 380
55 381
60 382
78 383
74 384
75 385
65 386
76 388
63 389
52 391
73 392
51 395
59 396
67 398
79 399
56 400
77 402
64 403
53 404
72 405
68 407
61 408
57 409
80 410
69 411
54 412
66 414
58 415
71 417
70 418
62 420
55 421
60 422
78 423
74 424
75 425
65 426
76 428
63 429
52 431
73 432
51 435
59 436
67 438
79 439
56 440
77 442
64 443
53 444
72 445
68 447
61 448
57 449
80 450
69 451
54 452
66 454
58 455
71 457
70 458
62 460
55 461
60 462
78 463
74 464
75 465
65 466
76 468
63 469
52 471
73 472
51 475
59 476
67 478
79 479
56 480
77 482
64 483
53 484
72 485
68 487
61 488
57 489
80 490
69 491
54 492
66 494
58 495
71 497
70 498
62 500
55 501
60 502
78 503
74 504
75 505
65 506
76 508
63 509
52 511
73 512
51 515
59 516
67 518
79 519
56 520
77 522
64 523
53 524
72 525
68 527
61 528
57 529
80 530
69 531
54 532
66 534
58 535
71 537
70 538
62 540
55 541
60 542
78 543
74 544
75 545
65 546
76 548
63 549
52 551
73 552
51 555
59 556
67 558
79 559
56 560
77 562
64 563
53 564
72 565
68 567
61 568
57 569
80 570
69 571
54 572
66 574
58 575
71 577
70 578
62 580
55 581
60 582
78 583
74 584
75 585
65 586
76 588
63 589
52 591
73 592
51 595
59 596
67 598
79 599
56 600
77 602
64 603
53 604
72 605
68 607
61 608
57 609
80 610
69 611
54 612
66 614
58 615
71 617
70 618
62 620
55 621
60 622
78 623
74 624
75 625
65 626
76 628
63 629
52 631
73 632
51 635
59 636
67 638
79 639
56 640
77 642
64 643
53 644
72 645
68 647
61 648
57 649
80 650
69 651
54 652
66 654
58 655
71 657
70 658
62 660
55 661
60 662
78 663
74 664
75 665
65 666
76 668
63 669
52 671
73 672
51 675
59 676
67 678
79 679
56 680
77 682
64 683
53 684
72 685
68 687
61 688
57 689
80 690
69 691
54 692
66 694
58 695
71 697
70 698
62 700
55 701
60 702
78 703
74 704
75 705
65 706
76 708
63 709
52 711
73 712
51 715
59 716
67 718
79 719
56 720
77 722
64 723
53 724
72 725
68 727
61 728
57 729
80 730
69 731
54 732
66 734
58 735
71 737
70 738
62 740
55 741
60 742
78 743
74 744
75 745
65 746
76 748
63 749
52 751
73 752
51 755
59 756
67 758
79 759
56 760
77 762
64 763
53 764
72 765
68 767
61 768
57 769
80 770
69 771
54 772
66 774
58 775
71 777
70 778
62 780
55 781
60 782
78 783
74 784
75 785
65 786
76 788
63 789
52 791
73 792
51 795
59 796
67 798
79 799
56 800
77 802
64 803
53 804
72 805
68 807
61 808
57 809
80 810
69 811
54 812
66 814
58 815
71 817
70 818
62 820
55 821
60 822
78 823
74 824
75 825
65 826
76 828
63 829
52 831
73 832
51 835
59 836
67 838
79 839
56 840
77 842
64 843
53 844
72 845
68 847
61 848
57 849
80 850
69 851
54 852
66 854
58 855
71 857
70 858
62 860
55 861
60 862
78 863
74 864
75 865
65 866
76 868
63 869
52 871
73 872
51 875
59 876
67 878
79 879
56 880
77 882
64 883
53 884
72 885
68 887
61 888
57 889
80 890
69 891
54 892
66 894
58 895
71 897
70 898
62 900
55 901
60 902
78 903
74 904
75 905
65 906
76 908
63 909
52 911
73 912
51 915
59 916
67 918
79 919
56 920
77 922
64 923
53 924
72 925
68 927
61 928
57 929
80 930
69 931
54 932
66 934
58 935
71 937
70 938
62 940
55 941
60 942
78 943
74 944
75 945
65 946
76 948
63 949
52 951
73 952
51 955
59 956
67 958
79 959
56 960
77 962
64 963
53 964
72 965
68 967
61 968
57 969
80 970
69 971
54 972
66 974
58 975
71 977
70 978
62 980
55 981
60 982
78 983
74 984
75 985
65 986
76 988
63 989
52 991
73 992
51 995
59 996
67 998
79 999
56 1000
77 1002
64 1003
53 1004
72 1005
68 1007
61 1008
57 1009
80 1010
69 1011
54 1012
66 1014
58 1015
71 1017
70 1018
62 1020
55 1021
60 1022
78 1023
74 1024
75 1025
65 1026
76 1028
63 1029
52 1031
73 1032
51 1035
59 1036
67 1038
79 1039
56 1040
77 1042
64 1043
53 1044
72 1045
68 1047
61 1048
57 1049
80 1050
69 1051
54 1052
66 1054
58 1055
71 1057
70 1058
62 1060
55 1061
60 1062
78 1063
74 1064
75 1065
65 1066
76 1068
63 1069
52 1071
73 1072
51 1075
59 1076
67 1078
79 1079
56 1080
77 1082
64 1083
53 1084
72 1085
68 1087
61 1088
57 1089
80 1090
69 1091
54 1092
66 1094
58 1095
71 1097
70 1098
62 1100
55 1101
60 1102
78 1103
74 1104
75 1105
65 1106
76 1108
63 1109
52 1111
73 1112
51 1115
59 1116
67 1118
79 1119
56 1120
77 1122
64 1123
53 1124
72 1125
68 1127
61 1128
57 1129
80 1130
69 1131
54 1132
66 1134
58 1135
71 1137
70 1138
62 1140
55 1141
60 1142
78 1143
74 1144
75 1145
65 1146
76 1148
63 1149
52 1151
73 1152
51 1155
59 1156
67 1158
79 1159
56 1160
77 1162
64 1163
53 1164
72 1165
68 1167
61 1168
57 1169
80 1170
69 1171
54 1172
66 1174
58 1175
71 1177
70 1178
62 1180
55 1181
60 1182
78 1183
74 1184
75 1185
65 1186
76 1188
63 1189
52 1191
73 1192
51 1195
59 1196
67 1198
79 1199
56 1200
77 1202
64 1203
53 1204
72 1205
68 1207
61 1208
57 1209
80 1210
69 1211
54 1212
66 1214
58 1215
71 1217
70 1218
62 1220
55 1221
60 1222
78 1223
74 1224
75 1225
65 1226
76 1228
63 1229
52 1231
73 1232
51 1235
59 1236
67 1238
79 1239
56 1240
77 1242
64 1243
53 1244
72 1245
68 1247
61 1248
57 1249
80 1250
69 1251
54 1252
66 1254
58 1255
71 1257
70 1258
62 1260
55 1261
60 1262
78 1263
74 1264
75 1265
65 1266
76 1268
63 1269
52 1271
73 1272
51 1275
59 1276
67 1278
79 1279
56 1280
77 1282
64 1283
53 1284
72 1285
68 1287
61 1288
57 1289
80 1290
69 1291
54 1292
66 1294
58 1295
71 1297
70 1298
62 1300
55 1301
60 1302
78 1303
74 1304
75 1305
65 1306
76 1308
63 1309
52 1311
73 1312
51 1315
59 1316
67 1318
79 1319
56 1320
77 1322
64 1323
53 1324
72 1325
68 1327
61 1328
57 1329
80 1330
69 1331
54 1332
66 1334
58 1335
71 1337
70 1338
62 1340
55 1341
60 1342
78 1343
74 1344
75 1345
65 1346
76 1348
63 1349
52 1351
73 1352
51 1355
59 1356
67 1358
79 1359
56 1360
77 1362
64 1363
53 1364
72 1365
68 1367
61 1368
57 1369
80 1370
69 1371
54 1372
66 1374
58 1375
71 1377
70 1378
62 1380
55 1381
60 1382
78 1383
74 1384
75 1385
65 1386
76 1388
63 1389
52 1391
73 1392
51 1395
59 1396
67 1398
79 1399
56 1400
77 1402
64 1403
53 1404
72 1405
68 1407
61 1408
57 1409
80 1410
69 1411
54 1412
66 1414
58 1415
71 1417
70 1418
62 1420
55 1421
60 1422
78 1423
74 1424
75 1425
65 1426
76 1428
63 1429
52 1431
73 1432
51 1435
59 1436
67 1438
79 1439
56 1440
77 1442
64 1443
53 1444
72 1445
68 1447
61 1448
57 1449
80 1450
69 1451
54 1452
66 1454
58 1455
71 1457
70 1458
62 1460
55 1461
60 1462
78 1463
74 1464
75 1465
65 1466
76 1468
63 1469
52 1471
73 1472
51 1475
59 1476
67 1478
79 1479
56 1480
77 1482
64 1483
53 1484
72 1485
68 1487
61 1488
57 1489
80 1490
69 1491
54 1492
66 1494
58 1495
71 1497
70 1498
62 1500
55 1501
60 1502
78 1503
74 1504
75 1505
65 1506
76 1508
63 1509
52 1511
73 1512
51 1515
59 1516
67 1518
79 1519
56 1520
77 1522
64 1523
53 1524
72 1525
68 1527
61 1528
57 1529
80 1530
69 1531
54 1532
66 1534
58 1535
71 1537
70 1538
62 1540
55 1541
60 1542
78 1543
74 1544
75 1545
65 1546
76 1548
63 1549
52 1551
73 1552
51 1555
59 1556
67 1558
79 1559
56 1560
77 1562
64 1563
53 1564
72 1565
68 1567
61 1568
57 1569
80 1570
69 1571
54 1572
66 1574
58 1575
71 1577
70 1578
62 1580
55 1581
60 1582
78 1583
74 1584
75 1585
65 1586
76 1588
63 1589
52 1591
73 1592
51 1595
59 1596
67 1598
79 1599
56 1600
77 1602
64 1603
53 1604
72 1605
68 1607
61 1608
57 1609
80 1610
69 1611
54 1612
66 1614
58 1615
71 1617
70 1618
62 1620
55 1621
60 1622
78 1623
74 1624
75 1625
65 1626
76 1628
63 1629
52 1631
73 1632
51 1635
59 1636
67 1638
79 1639
56 1640
77 1642
64 1643
53 1644
72 1645
68 1647
61 1648
57 1649
80 1650
69 1651
54 1652
66 1654
58 1655
71 1657
70 1658
62 1660
55 1661
60 1662
78 1663
74 1664
75 1665
65 1666
76 1668
63 1669
52 1671
73 1672
51 1675
59 1676
67 1678
79 1679
56 1680
77 1682
64 1683
53 1684
72 1685
68 1687
61 1688
57 1689
80 1690
69 1691
54 1692
66 1694
58 1695
71 1697
70 1698
62 1700
55 1701
60 1702
78 1703
74 1704
75 1705
65 1706
76 1708
63 1709
52 1711
73 1712
51 1715
59 1716
67 1718
79 1719
56 1720
77 1722
64 1723
53 1724
72 1725
68 1727
61 1728
57 1729
80 1730
69 1731
54 1732
66 1734
58 1735
71 1737
70 1738
62 1740
55 1741
60 1742
78 1743
74 1744
75 1745
65 1746
76 1748
63 1749
52 1751
73 1752
51 1755
59 1756
67 1758
79 1759
56 1760
77 1762
64 1763
53 1764
72 1765
68 1767
61 1768
57 1769
80 1770
69 1771
54 1772
66 1774
58 1775
71 1777
70 1778
62 1780
55 1781
60 1782
78 1783
74 1784
75 1785
65 1786
76 1788
63 1789
52 1791
73 1792
51 1795
59 1796
67 1798
79 1799
56 1800
77 1802
64 1803
53 1804
72 1805
68 1807
61 1808
57 1809
80 1810
69 1811
54 1812
66 1814
58 1815
71 1817
70 1818
62 1820
55 1821
60 1822
78 1823
74 1824
75 1825
65 1826
76 1828
63 1829
52 1831
73 1832
51 1835
59 1836
67 1838
79 1839
56 1840
77 1842
64 1843
53 1844
72 1845
68 1847
61 1848
57 1849
80 1850
69 1851
54 1852
66 1854
58 1855
71 1857
70 1858
62 1860
55 1861
60 1862
78 1863
74 1864
75 1865
65 1866
76 1868
63 1869
52 1871
73 1872
51 1875
59 1876
67 1878
79 1879
56 1880
77 1882
64 1883
53 1884
72 1885
68 1887
61 1888
57 1889
80 1890
69 1891
54 1892
66 1894
58 1895
71 1897
70 1898
62 1900
55 1901
60 1902
78 1903
74 1904
75 1905
65 1906
76 1908
63 1909
52 1911
73 1912
51 1915
59 1916
67 1918
79 1919
56 1920
77 1922
64 1923
53 1924
72 1925
68 1927
61 1928
57 1929
80 1930