65 1440
64 1441
60 1442
67 1443
54 1444
70 1445
57 1446
61 1447
52 1448
55 1449
68 1450
62 1451
69 1452
51 1453
66 1454
58 1455
59 1456
53 1457
63 1458
56 1459
65 1460
64 1461
60 1462
67 1463
54 1464
70 1465
57 1466
61 1467
52 1468
55 1469
68 1470
62 1471
69 1472
51 1473
66 1474
58 1475
59 1476
53 1477
63 1478
56 1479
65 1480
64 1481
60 1482
67 1483
54 1484
70 1485
57 1486
61 1487
52 1488
55 1489
68 1490
62 1491
69 1492
51 1493
66 1494
58 1495
59 1496
53 1497
63 1498
56 1499
65 1500
64 1501
60 1502
67 1503
54 1504
70 1505
57 1506
61 1507
52 1508
55 1509
68 1510
62 1511
69 1512
51 1513
66 1514
58 1515
59 1516
53 1517
63 1518
56 1519
65 1520
64 1521
60 1522
67 1523
54 1524
70 1525
57 1526
61 1527
52 1528
55 1529
68 1530
62 1531
69 1532
51 1533
66 1534
58 1535
59 1536
53 1537
63 1538
56 1539
65 1540
64 1541
60 1542
67 1543
54 1544
70 1545
57 1546
61 1547
52 1548
55 1549
68 1550
62 1551
69 1552
51 1553
66 1554
58 1555
59 1556
53 1557
63 1558
56 1559
65 1560
64 1561
60 1562
67 1563
54 1564
70 1565
57 1566
61 1567
52 1568
55 1569
68 1570
62 1571
69 1572
51 1573
66 1574
58 1575
59 1576
53 1577
63 1578
56 1579
65 1580
64 1581
60 1582
67 1583
54 1584
70 1585
57 1586
61 1587
52 1588
55 1589
68 1590
62 1591
69 1592
51 1593
66 1594
58 1595
59 1596
53 1597
63 1598
56 1599
65 1600
64 1601
60 1602
67 1603
54 1604
70 1605
57 1606
61 1607
52 1608
55 1609
68 1610
62 1611
69 1612
51 1613
66 1614
58 1615
59 1616
53 1617
63 1618
56 1619
65 1620
64 1621
60 1622
67 1623
54 1624
70 1625
57 1626
61 1627
52 1628
55 1629
68 1630
62 1631
69 1632
51 1633
66 1634
58 1635
59 1636
53 1637
63 1638
56 1639
65 1640
64 1641
60 1642
67 1643
54 1644
70 1645
57 1646
61 1647
52 1648
55 1649
68 1650
62 1651
69 1652
51 1653
66 1654
58 1655
59 1656
53 1657
63 1658
56 1659
65 1660
64 1661
60 1662
67 1663
54 1664
70 1665
57 1666
61 1667
52 1668
55 1669
68 1670
62 1671
69 1672
51 1673
66 1674
58 1675
59 1676
53 1677
63 1678
56 1679
65 1680
64 1681
60 1682
67 1683
54 1684
70 1685
57 1686
61 1687
52 1688
55 1689
68 1690
62 1691
69 1692
51 1693
66 1694
58 1695
59 1696
53 1697
63 1698
56 1699
65 1700
64 1701
60 1702
67 1703
54 1704
70 1705
57 1706
61 1707
52 1708
55 1709
68 1710
62 1711
69 1712
51 1713
66 1714
58 1715
59 1716
53 1717
63 1718
56 1719
65 1720
64 1721
60 1722
67 1723
54 1724
70 1725
57 1726
61 1727
52 1728
55 1729
68 1730
62 1731
69 1732
51 1733
66 1734
58 1735
59 1736
53 1737
63 1738
56 1739
65 1740
64 1741
60 1742
67 1743
54 1744
70 1745
57 1746
61 1747
52 1748
55 1749
68 1750
62 1751
69 1752
51 1753
66 1754
58 1755
59 1756
53 1757
63 1758
56 1759
65 1760
64 1761
60 1762
67 1763
54 1764
70 1765
57 1766
61 1767
52 1768
55 1769
68 1770
62 1771
69 1772
51 1773
66 1774
58 1775
59 1776
53 1777
63 1778
56 1779
65 1780
64 1781
60 1782
67 1783
54 1784
70 1785
57 1786
61 1787
52 1788
55 1789
68 1790
62 1791
69 1792
51 1793
66 1794
58 1795
59 1796
53 1797
63 1798
56 1799
65 1800
64 1801
60 1802
67 1803
54 1804
70 1805
57 1806
61 1807
52 1808
55 1809
68 1810
62 1811
69 1812
51 1813
66 1814
58 1815
59 1816
53 1817
63 1818
56 1819
65 1820
64 1821
60 1822
67 1823
54 1824
70 1825
57 1826
61 1827
52 1828
55 1829
68 1830
62 1831
69 1832
51 1833
66 1834
58 1835
59 1836
53 1837
63 1838
56 1839
65 1840
64 1841
60 1842
67 1843
54 1844
70 1845
57 1846
61 1847
52 1848
55 1849
68 1850
62 1851
69 1852
51 1853
66 1854
58 1855
59 1856
53 1857
63 1858
56 1859
65 1860
64 1861
60 1862
67 1863
54 1864
70 1865
57 1866
61 1867
52 1868
55 1869
68 1870
62 1871
69 1872
51 1873
66 1874
58 1875
59 1876
53 1877
63 1878
56 1879
65 1880
64 1881
60 1882
67 1883
54 1884
70 1885
57 1886
61 1887
52 1888
55 1889
68 1890
62 1891
69 1892
51 1893
66 1894
58 1895
59 1896
53 1897
63 1898
56 1899
65 1900
64 1901
60 1902
67 1903
54 1904
70 1905
57 1906
61 1907
52 1908
55 1909
68 1910
62 1911
69 1912
51 1913
66 1914
58 1915
59 1916
53 1917
63 1918
56 1919
65 1920
64 1921
60 1922
67 1923
54 1924
70 1925
57 1926
61 1927
52 1928
55 1929
68 1930
62 1931
69 1932
51 1933
66 1934
58 1935
59 1936
53 1937
63 1938
56 1939
65 1940
64 1941
60 1942
67 1943
54 1944
70 1945
57 1946
61 1947
52 1948
55 1949
68 1950
62 1951
69 1952
51 1953
66 1954
58 1955
59 1956
53 1957
63 1958
56 1959
65 1960
64 1961
60 1962
67 1963
54 1964
70 1965
57 1966
61 1967
52 1968
55 1969
68 1970
62 1971
69 1972
51 1973
66 1974
58 1975
59 1976
53 1977
63 1978
56 1979
65 1980
64 1981
60 1982
67 1983
54 1984
70 1985
57 1986
61 1987
52 1988
55 1989
68 1990
62 1991
69 1992
51 1993
66 1994
58 1995
59 1996
53 1997
63 1998
56 1999
65 2000
64 2001
60 2002
67 2003
54 2004
70 2005
57 2006
61 2007
52 2008
55 2009
68 2010
62 2011
69 2012
51 2013
66 2014
58 2015
59 2016
53 2017
63 2018
56 2019
65 2020
64 2021
60 2022
67 2023
54 2024
70 2025
57 2026
61 2027
52 2028
55 2029
68 2030
62 2031
69 2032
51 2033
66 2034
58 2035
59 2036
53 2037
63 2038
56 2039
65 2040
64 2041
60 2042
67 2043
54 2044
70 2045
57 2046
61 2047
52 2048
55 2049
68 2050
62 2051
69 2052
51 2053
66 2054
58 2055
59 2056
53 2057
63 2058
56 2059
65 2060
64 2061
60 2062
67 2063
54 2064
70 2065
57 2066
61 2067
52 2068
55 2069
68 2070
62 2071
69 2072
51 2073
66 2074
58 2075
59 2076
53 2077
63 2078
56 2079
65 2080
64 2081
60 2082
67 2083
54 2084
70 2085
57 2086
61 2087
52 2088
55 2089
68 2090
62 2091
69 2092
51 2093
66 2094
58 2095
59 2096
53 2097
63 2098
56 2099
65 2100
64 2101
60 2102
67 2103
54 2104
70 2105
57 2106
61 2107
52 2108
55 2109
68 2110
62 2111
69 2112
51 2113
66 2114
58 2115
59 2116
53 2117
63 2118
56 2119
65 2120
64 2121
60 2122
67 2123
54 2124
70 2125
57 2126
61 2127
52 2128
55 2129
68 2130
62 2131
69 2132
51 2133
66 2134
58 2135
59 2136
53 2137
63 2138
56 2139
65 2140
64 2141
60 2142
67 2143
54 2144
70 2145
57 2146
61 2147
52 2148
55 2149
68 2150
62 2151
69 2152
51 2153
66 2154
58 2155
59 2156
53 2157
63 2158
56 2159
65 2160
64 2161
60 2162
67 2163
54 2164
70 2165
57 2166
61 2167
52 2168
55 2169
68 2170
62 2171
69 2172
51 2173
66 2174
58 2175
59 2176
53 2177
63 2178
56 2179
65 2180
64 2181
60 2182
67 2183
54 2184
70 2185
57 2186
61 2187
52 2188
55 2189
68 2190
62 2191
69 2192
51 2193
66 2194
58 2195
59 2196
53 2197
63 2198
56 2199
65 2200
64 2201
60 2202
67 2203
54 2204
70 2205
57 2206
61 2207
52 2208
55 2209
68 2210
62 2211
69 2212
51 2213
66 2214
58 2215
59 2216
53 2217
63 2218
56 2219
65 2220
64 2221
60 2222
67 2223
54 2224
70 2225
57 2226
61 2227
52 2228
55 2229
68 2230
62 2231
69 2232
51 2233
66 2234
58 2235
59 2236
53 2237
63 2238
56 2239
65 2240
64 2241
60 2242
67 2243
54 2244
70 2245
57 2246
61 2247
52 2248
55 2249
68 2250
62 2251
69 2252
51 2253
66 2254
58 2255
59 2256
53 2257
63 2258
56 2259
65 2260
64 2261
60 2262
67 2263
54 2264
70 2265
57 2266
61 2267
52 2268
55 2269
68 2270
62 2271
69 2272
51 2273
66 2274
58 2275
59 2276
53 2277
63 2278
56 2279
65 2280
64 2281
60 2282
67 2283
54 2284
70 2285
57 2286
61 2287
52 2288
55 2289
68 2290
62 2291
69 2292
51 2293
66 2294
58 2295
59 2296
53 2297
63 2298
56 2299
65 2300
64 2301
60 2302
67 2303
54 2304
70 2305
57 2306
61 2307
52 2308
55 2309
68 2310
62 2311
69 2312
51 2313
66 2314
58 2315
59 2316
53 2317
63 2318
56 2319
65 2320
64 2321
60 2322
67 2323
54 2324
70 2325
57 2326
61 2327
52 2328
55 2329
68 2330
62 2331
69 2332
51 2333
66 2334
58 2335
59 2336
53 2337
63 2338
56 2339
65 2340
64 2341
60 2342
67 2343
54 2344
70 2345
57 2346
61 2347
52 2348
55 2349
68 2350
62 2351
69 2352
51 2353
66 2354
58 2355
59 2356
53 2357
63 2358
56 2359
65 2360
64 2361
60 2362
67 2363
54 2364
70 2365
57 2366
61 2367
52 2368
55 2369
68 2370
62 2371
69 2372
51 2373
66 2374
58 2375
59 2376
53 2377
63 2378
56 2379
65 2380
64 2381
60 2382
67 2383
54 2384
70 2385
57 2386
61 2387
52 2388
55 2389
68 2390
62 2391
69 2392
51 2393
66 2394
58 2395
59 2396
53 2397
63 2398
56 2399