64 720
59 721
58 722
56 723
62 724
54 725
55 726
52 727
51 728
65 729
53 730
63 731
60 732
57 733
61 734
64 735
59 736
58 737
56 738
62 739
54 740
55 741
52 742
51 743
65 744
53 745
63 746
60 747
57 748
61 749
64 750
59 751
58 752
56 753
62 754
54 755
55 756
52 757
51 758
65 759
53 760
63 761
60 762
57 763
61 764
64 765
59 766
58 767
56 768
62 769
54 770
55 771
52 772
51 773
65 774
53 775
63 776
60 777
57 778
61 779
64 780
59 781
58 782
56 783
62 784
54 785
55 786
52 787
51 788
65 789
53 790
63 791
60 792
57 793
61 794
64 795
59 796
58 797
56 798
62 799
54 800
55 801
52 802
51 803
65 804
53 805
63 806
60 807
57 808
61 809
64 810
59 811
58 812
56 813
62 814
54 815
55 816
52 817
51 818
65 819
53 820
63 821
60 822
57 823
61 824
64 825
59 826
58 827
56 828
62 829
54 830
55 831
52 832
51 833
65 834
53 835
63 836
60 837
57 838
61 839
64 840
59 841
58 842
56 843
62 844
54 845
55 846
52 847
51 848
65 849
53 850
63 851
60 852
57 853
61 854
64 855
59 856
58 857
56 858
62 859
54 860
55 861
52 862
51 863
65 864
53 865
63 866
60 867
57 868
61 869
64 870
59 871
58 872
56 873
62 874
54 875
55 876
52 877
51 878
65 879
53 880
63 881
60 882
57 883
61 884
64 885
59 886
58 887
56 888
62 889
54 890
55 891
52 892
51 893
65 894
53 895
63 896
60 897
57 898
61 899
64 900
59 901
58 902
56 903
62 904
54 905
55 906
52 907
51 908
65 909
53 910
63 911
60 912
57 913
61 914
64 915
59 916
58 917
56 918
62 919
54 920
55 921
52 922
51 923
65 924
53 925
63 926
60 927
57 928
61 929
64 930
59 931
58 932
56 933
62 934
54 935
55 936
52 937
51 938
65 939
53 940
63 941
60 942
57 943
61 944
64 945
59 946
58 947
56 948
62 949
54 950
55 951
52 952
51 953
65 954
53 955
63 956
60 957
57 958
61 959
64 960
59 961
58 962
56 963
62 964
54 965
55 966
52 967
51 968
65 969
53 970
63 971
60 972
57 973
61 974
64 975
59 976
58 977
56 978
62 979
54 980
55 981
52 982
51 983
65 984
53 985
63 986
60 987
57 988
61 989
64 990
59 991
58 992
56 993
62 994
54 995
55 996
52 997
51 998
65 999
53 1000
63 1001
60 1002
57 1003
61 1004
64 1005
59 1006
58 1007
56 1008
62 1009
54 1010
55 1011
52 1012
51 1013
65 1014
53 1015
63 1016
60 1017
57 1018
61 1019
64 1020
59 1021
58 1022
56 1023
62 1024
54 1025
55 1026
52 1027
51 1028
65 1029
53 1030
63 1031
60 1032
57 1033
61 1034
64 1035
59 1036
58 1037
56 1038
62 1039
54 1040
55 1041
52 1042
51 1043
65 1044
53 1045
63 1046
60 1047
57 1048
61 1049
64 1050
59 1051
58 1052
56 1053
62 1054
54 1055
55 1056
52 1057
51 1058
65 1059
53 1060
63 1061
60 1062
57 1063
61 1064
64 1065
59 1066
58 1067
56 1068
62 1069
54 1070
55 1071
52 1072
51 1073
65 1074
53 1075
63 1076
60 1077
57 1078
61 1079
64 1080
59 1081
58 1082
56 1083
62 1084
54 1085
55 1086
52 1087
51 1088
65 1089
53 1090
63 1091
60 1092
57 1093
61 1094
64 1095
59 1096
58 1097
56 1098
62 1099
54 1100
55 1101
52 1102
51 1103
65 1104
53 1105
63 1106
60 1107
57 1108
61 1109
64 1110
59 1111
58 1112
56 1113
62 1114
54 1115
55 1116
52 1117
51 1118
65 1119
53 1120
63 1121
60 1122
57 1123
61 1124
64 1125
59 1126
58 1127
56 1128
62 1129
54 1130
55 1131
52 1132
51 1133
65 1134
53 1135
63 1136
60 1137
57 1138
61 1139
64 1140
59 1141
58 1142
56 1143
62 1144
54 1145
55 1146
52 1147
51 1148
65 1149
53 1150
63 1151
60 1152
57 1153
61 1154
64 1155
59 1156
58 1157
56 1158
62 1159
54 1160
55 1161
52 1162
51 1163
65 1164
53 1165
63 1166
60 1167
57 1168
61 1169
64 1170
59 1171
58 1172
56 1173
62 1174
54 1175
55 1176
52 1177
51 1178
65 1179
53 1180
63 1181
60 1182
57 1183
61 1184
64 1185
59 1186
58 1187
56 1188
62 1189
54 1190
55 1191
52 1192
51 1193
65 1194
53 1195
63 1196
60 1197
57 1198
61 1199
64 1200
59 1201
58 1202
56 1203
62 1204
54 1205
55 1206
52 1207
51 1208
65 1209
53 1210
63 1211
60 1212
57 1213
61 1214
64 1215
59 1216
58 1217
56 1218
62 1219
54 1220
55 1221
52 1222
51 1223
65 1224
53 1225
63 1226
60 1227
57 1228
61 1229
64 1230
59 1231
58 1232
56 1233
62 1234
54 1235
55 1236
52 1237
51 1238
65 1239
53 1240
63 1241
60 1242
57 1243
61 1244
64 1245
59 1246
58 1247
56 1248
62 1249
54 1250
55 1251
52 1252
51 1253
65 1254
53 1255
63 1256
60 1257
57 1258
61 1259
64 1260
59 1261
58 1262
56 1263
62 1264
54 1265
55 1266
52 1267
51 1268
65 1269
53 1270
63 1271
60 1272
57 1273
61 1274
64 1275
59 1276
58 1277
56 1278
62 1279
54 1280
55 1281
52 1282
51 1283
65 1284
53 1285
63 1286
60 1287
57 1288
61 1289
64 1290
59 1291
58 1292
56 1293
62 1294
54 1295
55 1296
52 1297
51 1298
65 1299
53 1300
63 1301
60 1302
57 1303
61 1304
64 1305
59 1306
58 1307
56 1308
62 1309
54 1310
55 1311
52 1312
51 1313
65 1314
53 1315
63 1316
60 1317
57 1318
61 1319
64 1320
59 1321
58 1322
56 1323
62 1324
54 1325
55 1326
52 1327
51 1328
65 1329
53 1330
63 1331
60 1332
57 1333
61 1334
64 1335
59 1336
58 1337
56 1338
62 1339
54 1340
55 1341
52 1342
51 1343
65 1344
53 1345
63 1346
60 1347
57 1348
61 1349
64 1350
59 1351
58 1352
56 1353
62 1354
54 1355
55 1356
52 1357
51 1358
65 1359
53 1360
63 1361
60 1362
57 1363
61 1364
64 1365
59 1366
58 1367
56 1368
62 1369
54 1370
55 1371
52 1372
51 1373
65 1374
53 1375
63 1376
60 1377
57 1378
61 1379
64 1380
59 1381
58 1382
56 1383
62 1384
54 1385
55 1386
52 1387
51 1388
65 1389
53 1390
63 1391
60 1392
57 1393
61 1394
64 1395
59 1396
58 1397
56 1398
62 1399
54 1400
55 1401
52 1402
51 1403
65 1404
53 1405
63 1406
60 1407
57 1408
61 1409
64 1410
59 1411
58 1412
56 1413
62 1414
54 1415
55 1416
52 1417
51 1418
65 1419
53 1420
63 1421
60 1422
57 1423
61 1424
64 1425
59 1426
58 1427
56 1428
62 1429
54 1430
55 1431
52 1432
51 1433
65 1434
53 1435
63 1436
60 1437
57 1438
61 1439