71 2400
52 2401
65 2402
53 2403
68 2404
60 2405
59 2406
70 2407
54 2408
73 2409
56 2410
74 2411
72 2412
64 2413
67 2414
62 2415
57 2416
61 2417
51 2418
75 2419
55 2420
69 2421
58 2422
66 2423
63 2424
71 2425
52 2426
65 2427
53 2428
68 2429
60 2430
59 2431
70 2432
54 2433
73 2434
56 2435
74 2436
72 2437
64 2438
67 2439
62 2440
57 2441
61 2442
51 2443
75 2444
55 2445
69 2446
58 2447
66 2448
63 2449
71 2450
52 2451
65 2452
53 2453
68 2454
60 2455
59 2456
70 2457
54 2458
73 2459
56 2460
74 2461
72 2462
64 2463
67 2464
62 2465
57 2466
61 2467
51 2468
75 2469
55 2470
69 2471
58 2472
66 2473
63 2474
71 2475
52 2476
65 2477
53 2478
68 2479
60 2480
59 2481
70 2482
54 2483
73 2484
56 2485
74 2486
72 2487
64 2488
67 2489
62 2490
57 2491
61 2492
51 2493
75 2494
55 2495
69 2496
58 2497
66 2498
63 2499
71 2500
52 2501
65 2502
53 2503
68 2504
60 2505
59 2506
70 2507
54 2508
73 2509
56 2510
74 2511
72 2512
64 2513
67 2514
62 2515
57 2516
61 2517
51 2518
75 2519
55 2520
69 2521
58 2522
66 2523
63 2524
71 2525
52 2526
65 2527
53 2528
68 2529
60 2530
59 2531
70 2532
54 2533
73 2534
56 2535
74 2536
72 2537
64 2538
67 2539
62 2540
57 2541
61 2542
51 2543
75 2544
55 2545
69 2546
58 2547
66 2548
63 2549
71 2550
52 2551
65 2552
53 2553
68 2554
60 2555
59 2556
70 2557
54 2558
73 2559
56 2560
74 2561
72 2562
64 2563
67 2564
62 2565
57 2566
61 2567
51 2568
75 2569
55 2570
69 2571
58 2572
66 2573
63 2574
71 2575
52 2576
65 2577
53 2578
68 2579
60 2580
59 2581
70 2582
54 2583
73 2584
56 2585
74 2586
72 2587
64 2588
67 2589
62 2590
57 2591
61 2592
51 2593
75 2594
55 2595
69 2596
58 2597
66 2598
63 2599
71 2600
52 2601
65 2602
53 2603
68 2604
60 2605
59 2606
70 2607
54 2608
73 2609
56 2610
74 2611
72 2612
64 2613
67 2614
62 2615
57 2616
61 2617
51 2618
75 2619
55 2620
69 2621
58 2622
66 2623
63 2624
71 2625
52 2626
65 2627
53 2628
68 2629
60 2630
59 2631
70 2632
54 2633
73 2634
56 2635
74 2636
72 2637
64 2638
67 2639
62 2640
57 2641
61 2642
51 2643
75 2644
55 2645
69 2646
58 2647
66 2648
63 2649
71 2650
52 2651
65 2652
53 2653
68 2654
60 2655
59 2656
70 2657
54 2658
73 2659
56 2660
74 2661
72 2662
64 2663
67 2664
62 2665
57 2666
61 2667
51 2668
75 2669
55 2670
69 2671
58 2672
66 2673
63 2674
71 2675
52 2676
65 2677
53 2678
68 2679
60 2680
59 2681
70 2682
54 2683
73 2684
56 2685
74 2686
72 2687
64 2688
67 2689
62 2690
57 2691
61 2692
51 2693
75 2694
55 2695
69 2696
58 2697
66 2698
63 2699
71 2700
52 2701
65 2702
53 2703
68 2704
60 2705
59 2706
70 2707
54 2708
73 2709
56 2710
74 2711
72 2712
64 2713
67 2714
62 2715
57 2716
61 2717
51 2718
75 2719
55 2720
69 2721
58 2722
66 2723
63 2724
71 2725
52 2726
65 2727
53 2728
68 2729
60 2730
59 2731
70 2732
54 2733
73 2734
56 2735
74 2736
72 2737
64 2738
67 2739
62 2740
57 2741
61 2742
51 2743
75 2744
55 2745
69 2746
58 2747
66 2748
63 2749
71 2750
52 2751
65 2752
53 2753
68 2754
60 2755
59 2756
70 2757
54 2758
73 2759
56 2760
74 2761
72 2762
64 2763
67 2764
62 2765
57 2766
61 2767
51 2768
75 2769
55 2770
69 2771
58 2772
66 2773
63 2774
71 2775
52 2776
65 2777
53 2778
68 2779
60 2780
59 2781
70 2782
54 2783
73 2784
56 2785
74 2786
72 2787
64 2788
67 2789
62 2790
57 2791
61 2792
51 2793
75 2794
55 2795
69 2796
58 2797
66 2798
63 2799
71 2800
52 2801
65 2802
53 2803
68 2804
60 2805
59 2806
70 2807
54 2808
73 2809
56 2810
74 2811
72 2812
64 2813
67 2814
62 2815
57 2816
61 2817
51 2818
75 2819
55 2820
69 2821
58 2822
66 2823
63 2824
71 2825
52 2826
65 2827
53 2828
68 2829
60 2830
59 2831
70 2832
54 2833
73 2834
56 2835
74 2836
72 2837
64 2838
67 2839
62 2840
57 2841
61 2842
51 2843
75 2844
55 2845
69 2846
58 2847
66 2848
63 2849
71 2850
52 2851
65 2852
53 2853
68 2854
60 2855
59 2856
70 2857
54 2858
73 2859
56 2860
74 2861
72 2862
64 2863
67 2864
62 2865
57 2866
61 2867
51 2868
75 2869
55 2870
69 2871
58 2872
66 2873
63 2874
71 2875
52 2876
65 2877
53 2878
68 2879
60 2880
59 2881
70 2882
54 2883
73 2884
56 2885
74 2886
72 2887
64 2888
67 2889
62 2890
57 2891
61 2892
51 2893
75 2894
55 2895
69 2896
58 2897
66 2898
63 2899
71 2900
52 2901
65 2902
53 2903
68 2904
60 2905
59 2906
70 2907
54 2908
73 2909
56 2910
74 2911
72 2912
64 2913
67 2914
62 2915
57 2916
61 2917
51 2918
75 2919
55 2920
69 2921
58 2922
66 2923
63 2924
71 2925
52 2926
65 2927
53 2928
68 2929
60 2930
59 2931
70 2932
54 2933
73 2934
56 2935
74 2936
72 2937
64 2938
67 2939
62 2940
57 2941
61 2942
51 2943
75 2944
55 2945
69 2946
58 2947
66 2948
63 2949
71 2950
52 2951
65 2952
53 2953
68 2954
60 2955
59 2956
70 2957
54 2958
73 2959
56 2960
74 2961
72 2962
64 2963
67 2964
62 2965
57 2966
61 2967
51 2968
75 2969
55 2970
69 2971
58 2972
66 2973
63 2974
71 2975
52 2976
65 2977
53 2978
68 2979
60 2980
59 2981
70 2982
54 2983
73 2984
56 2985
74 2986
72 2987
64 2988
67 2989
62 2990
57 2991
61 2992
51 2993
75 2994
55 2995
69 2996
58 2997
66 2998
63 2999
71 3000
52 3001
65 3002
53 3003
68 3004
60 3005
59 3006
70 3007
54 3008
73 3009
56 3010
74 3011
72 3012
64 3013
67 3014
62 3015
57 3016
61 3017
51 3018
75 3019
55 3020
69 3021
58 3022
66 3023
63 3024
71 3025
52 3026
65 3027
53 3028
68 3029
60 3030
59 3031
70 3032
54 3033
73 3034
56 3035
74 3036
72 3037
64 3038
67 3039
62 3040
57 3041
61 3042
51 3043
75 3044
55 3045
69 3046
58 3047
66 3048
63 3049
71 3050
52 3051
65 3052
53 3053
68 3054
60 3055
59 3056
70 3057
54 3058
73 3059
56 3060
74 3061
72 3062
64 3063
67 3064
62 3065
57 3066
61 3067
51 3068
75 3069
55 3070
69 3071
58 3072
66 3073
63 3074
71 3075
52 3076
65 3077
53 3078
68 3079
60 3080
59 3081
70 3082
54 3083
73 3084
56 3085
74 3086
72 3087
64 3088
67 3089
62 3090
57 3091
61 3092
51 3093
75 3094
55 3095
69 3096
58 3097
66 3098
63 3099
71 3100
52 3101
65 3102
53 3103
68 3104
60 3105
59 3106
70 3107
54 3108
73 3109
56 3110
74 3111
72 3112
64 3113
67 3114
62 3115
57 3116
61 3117
51 3118
75 3119
55 3120
69 3121
58 3122
66 3123
63 3124
71 3125
52 3126
65 3127
53 3128
68 3129
60 3130
59 3131
70 3132
54 3133
73 3134
56 3135
74 3136
72 3137
64 3138
67 3139
62 3140
57 3141
61 3142
51 3143
75 3144
55 3145
69 3146
58 3147
66 3148
63 3149
71 3150
52 3151
65 3152
53 3153
68 3154
60 3155
59 3156
70 3157
54 3158
73 3159
56 3160
74 3161
72 3162
64 3163
67 3164
62 3165
57 3166
61 3167
51 3168
75 3169
55 3170
69 3171
58 3172
66 3173
63 3174
71 3175
52 3176
65 3177
53 3178
68 3179
60 3180
59 3181
70 3182
54 3183
73 3184
56 3185
74 3186
72 3187
64 3188
67 3189
62 3190
57 3191
61 3192
51 3193
75 3194
55 3195
69 3196
58 3197
66 3198
63 3199
71 3200
52 3201
65 3202
53 3203
68 3204
60 3205
59 3206
70 3207
54 3208
73 3209
56 3210
74 3211
72 3212
64 3213
67 3214
62 3215
57 3216
61 3217
51 3218
75 3219
55 3220
69 3221
58 3222
66 3223
63 3224
71 3225
52 3226
65 3227
53 3228
68 3229
60 3230
59 3231
70 3232
54 3233
73 3234
56 3235
74 3236
72 3237
64 3238
67 3239
62 3240
57 3241
61 3242
51 3243
75 3244
55 3245
69 3246
58 3247
66 3248
63 3249
71 3250
52 3251
65 3252
53 3253
68 3254
60 3255
59 3256
70 3257
54 3258
73 3259
56 3260
74 3261
72 3262
64 3263
67 3264
62 3265
57 3266
61 3267
51 3268
75 3269
55 3270
69 3271
58 3272
66 3273
63 3274
71 3275
52 3276
65 3277
53 3278
68 3279
60 3280
59 3281
70 3282
54 3283
73 3284
56 3285
74 3286
72 3287
64 3288
67 3289
62 3290
57 3291
61 3292
51 3293
75 3294
55 3295
69 3296
58 3297
66 3298
63 3299
71 3300
52 3301
65 3302
53 3303
68 3304
60 3305
59 3306
70 3307
54 3308
73 3309
56 3310
74 3311
72 3312
64 3313
67 3314
62 3315
57 3316
61 3317
51 3318
75 3319
55 3320
69 3321
58 3322
66 3323
63 3324
71 3325
52 3326
65 3327
53 3328
68 3329
60 3330
59 3331
70 3332
54 3333
73 3334
56 3335
74 3336
72 3337
64 3338
67 3339
62 3340
57 3341
61 3342
51 3343
75 3344
55 3345
69 3346
58 3347
66 3348
63 3349
71 3350
52 3351
65 3352
53 3353
68 3354
60 3355
59 3356
70 3357
54 3358
73 3359
56 3360
74 3361
72 3362
64 3363
67 3364
62 3365
57 3366
61 3367
51 3368
75 3369
55 3370
69 3371
58 3372
66 3373
63 3374
71 3375
52 3376
65 3377
53 3378
68 3379
60 3380
59 3381
70 3382
54 3383
73 3384
56 3385
74 3386
72 3387
64 3388
67 3389
62 3390
57 3391
61 3392
51 3393
75 3394
55 3395
69 3396
58 3397
66 3398
63 3399
71 3400
52 3401
65 3402
53 3403
68 3404
60 3405
59 3406
70 3407
54 3408
73 3409
56 3410
74 3411
72 3412
64 3413
67 3414
62 3415
57 3416
61 3417
51 3418
75 3419
55 3420
69 3421
58 3422
66 3423
63 3424
71 3425
52 3426
65 3427
53 3428
68 3429
60 3430
59 3431
70 3432
54 3433
73 3434
56 3435
74 3436
72 3437
64 3438
67 3439
62 3440
57 3441
61 3442
51 3443
75 3444
55 3445
69 3446
58 3447
66 3448
63 3449
71 3450
52 3451
65 3452
53 3453
68 3454
60 3455
59 3456
70 3457
54 3458
73 3459
56 3460
74 3461
72 3462
64 3463
67 3464
62 3465
57 3466
61 3467
51 3468
75 3469
55 3470
69 3471
58 3472
66 3473
63 3474
71 3475
52 3476
65 3477
53 3478
68 3479
60 3480
59 3481
70 3482
54 3483
73 3484
56 3485
74 3486
72 3487
64 3488
67 3489
62 3490
57 3491
61 3492
51 3493
75 3494
55 3495
69 3496
58 3497
66 3498
63 3499
71 3500
52 3501
65 3502
53 3503
68 3504
60 3505
59 3506
70 3507
54 3508
73 3509
56 3510
74 3511
72 3512
64 3513
67 3514
62 3515
57 3516
61 3517
51 3518
75 3519
55 3520
69 3521
58 3522
66 3523
63 3524
71 3525
52 3526
65 3527
53 3528
68 3529
60 3530
59 3531
70 3532
54 3533
73 3534
56 3535
74 3536
72 3537
64 3538
67 3539
62 3540
57 3541
61 3542
51 3543
75 3544
55 3545
69 3546
58 3547
66 3548
63 3549
71 3550
52 3551
65 3552
53 3553
68 3554
60 3555
59 3556
70 3557
54 3558
73 3559
56 3560
74 3561
72 3562
64 3563
67 3564
62 3565
57 3566
61 3567
51 3568
75 3569
55 3570
69 3571
58 3572
66 3573
63 3574
71 3575
52 3576
65 3577
53 3578
68 3579
60 3580
59 3581
70 3582
54 3583
73 3584
56 3585
74 3586
72 3587
64 3588
67 3589
62 3590
57 3591
61 3592
51 3593
75 3594
55 3595
69 3596
58 3597
66 3598
63 3599