47 2403
48 2403
69 2403
48 2403
53 2403
40 2403
43 2403
72 2403
60 2405
40 2405
60 2405
72 2405
40 2405
43 2405
72 2405
34 2405
37 2405
46 2405
49 2405
53 2405
59 2406
42 2412
51 2412
60 2412
72 2412
72 2412
40 2412
60 2412
72 2412
41 2412
70 2412
34 2412
37 2412
67 2412
46 2412
49 2412
53 2412
62 2415
41 2418
42 2418
60 2418
72 2418
41 2418
34 2418
37 2418
46 2418
49 2418
53 2418
69 2418
75 2419
75 2419
47 2421
48 2421
53 2421
69 2421
69 2421
46 2421
53 2421
69 2421
47 2421
59 2421
62 2421
40 2421
43 2421
60 2421
72 2421
34 2421
37 2421
58 2421
66 2423
66 2423
40 2423
43 2423
60 2423
72 2423
34 2423
37 2423
58 2423
46 2423
49 2423
53 2423
69 2423
27 2423
30 2423
46 2428
53 2428
46 2428
49 2428
59 2428
62 2428
69 2428
40 2428
43 2428
51 2428
60 2428
66 2428
72 2428
34 2428
37 2428
58 2428
60 2430
51 2430
41 2430
42 2430
51 2430
66 2430
42 2430
60 2430
72 2430
34 2430
37 2430
58 2430
46 2430
49 2430
59 2430
62 2430
69 2430
59 2431
41 2433
42 2433
51 2433
66 2433
42 2433
60 2433
72 2433
34 2433
37 2433
46 2433
49 2433
59 2433
62 2433
69 2433
62 2440
51 2443
40 2443
43 2443
51 2443
66 2443
43 2443
60 2443
72 2443
46 2443
49 2443
59 2443
62 2443
69 2443
34 2443
37 2443
75 2444
47 2446
69 2446
48 2446
59 2446
62 2446
75 2446
49 2446
69 2446
40 2446
43 2446
66 2446
40 2448
43 2448
66 2448
41 2448
42 2448
66 2448
34 2448
37 2448
46 2448
49 2448
59 2448
62 2448
69 2448
44 2453
53 2453
60 2453
72 2453
40 2453
43 2453
66 2453
46 2453
49 2453
34 2453
37 2453
60 2455
44 2455
53 2455
60 2455
72 2455
40 2455
43 2455
66 2455
46 2455
49 2455
34 2455
37 2455
59 2456
70 2456
75 2456
59 2456
62 2456
62 2457
70 2457
75 2457
59 2457
70 2457
44 2458
53 2458
60 2458
72 2458
40 2458
43 2458
66 2458
46 2458
49 2458
34 2458
37 2458
51 2462
62 2465
59 2465
62 2465
51 2465
40 2465
43 2465
43 2465
53 2465
66 2465
46 2465
49 2465
34 2465
37 2465
51 2468
54 2468
62 2468
75 2468
54 2468
59 2468
45 2468
59 2468
60 2468
72 2468
46 2468
49 2468
64 2468
40 2468
43 2468
34 2468
37 2468
54 2469
75 2469
59 2469
62 2469
75 2469
54 2469
75 2469
45 2469
59 2469
60 2469
72 2469
46 2469
49 2469
64 2469
40 2469
43 2469
34 2469
37 2469
69 2471
46 2471
49 2471
70 2471
40 2471
43 2471
44 2473
66 2473
40 2473
43 2473
46 2473
49 2473
70 2473
34 2473
37 2473
60 2480
51 2480
51 2480
66 2480
75 2480
51 2480
66 2480
59 2480
62 2480
46 2480
60 2480
72 2480
46 2480
49 2480
70 2480
40 2480
43 2480
53 2480
67 2480
34 2480
37 2480
59 2481
59 2481
59 2481
62 2481
51 2481
51 2481
46 2481
60 2481
44 2481
59 2481
66 2481
40 2481
43 2481
53 2481
67 2481
46 2481
49 2481
69 2481
70 2481
34 2481
37 2481
54 2483
60 2483
46 2483
60 2483
72 2483
46 2483
49 2483
69 2483
70 2483
40 2483
43 2483
53 2483
67 2483
34 2483
37 2483
54 2487
60 2487
54 2488
60 2488
64 2488
51 2488
64 2488
62 2490
51 2493
60 2493
51 2493
75 2494
60 2496
69 2496
47 2496
48 2496
51 2496
54 2496
60 2496
66 2496
69 2496
72 2496
48 2496
51 2496
54 2496
69 2496
72 2496
60 2496
40 2496
43 2496
53 2496
58 2496
67 2496
60 2505
51 2505
60 2505
60 2505
46 2505
69 2505
47 2505
69 2505
72 2505
47 2505
48 2505
40 2505
43 2505
58 2505
75 2505
34 2505
37 2505
56 2505
59 2506
59 2506
62 2506
54 2508
69 2508
60 2508
46 2508
69 2508
47 2508
51 2508
66 2508
69 2508
72 2508
47 2508
48 2508
40 2508
43 2508
58 2508
75 2508
34 2508
37 2508
56 2508
60 2512
69 2512
47 2512
48 2512
66 2512
69 2512
47 2512
54 2512
60 2512
72 2512
40 2512
43 2512
58 2512
59 2512
75 2512
62 2515
51 2518
75 2519
46 2521
69 2521
46 2521
49 2521
66 2521
40 2521
43 2521
59 2521
62 2521
75 2521
34 2521
37 2521
51 2523
60 2530
60 2530
59 2531
51 2532
54 2533
60 2537
62 2540
51 2543
60 2543
66 2543
51 2543
54 2543
72 2543
75 2544
60 2548
66 2548
60 2548
66 2548
66 2548
60 2555
60 2555
59 2556
60 2558
56 2560
60 2562
64 2563
62 2565
61 2567
51 2568
60 2568
67 2568
60 2568
75 2569
75 2569
58 2572
67 2572
60 2572
66 2572
67 2572
60 2572
60 2573
66 2573
60 2573
67 2573
58 2573
67 2573
74 2579
75 2579
58 2580
60 2580
66 2580
60 2580
60 2580
59 2581
59 2581
51 2593
63 2599
60 2605
72 2605
56 2610
61 2610
72 2610
56 2610
60 2610
60 2612
61 2612
72 2612
56 2612
72 2612
62 2615
62 2615
57 2616
56 2617
60 2617
61 2617
51 2617
60 2617
61 2617
72 2617
56 2617
61 2617
51 2618
60 2618
61 2618
51 2618
56 2618
61 2618
51 2618
62 2619
66 2623
66 2623
52 2626
60 2630
59 2631
47 2639
48 2639
67 2639
47 2639
58 2639
67 2639
40 2639
43 2639
54 2639
68 2639
72 2639
74 2639
61 2642
47 2642
48 2642
67 2642
47 2642
58 2642
40 2642
43 2642
54 2642
68 2642
72 2642
74 2642
51 2643
51 2643
66 2648
51 2648
72 2648
68 2654
60 2655
51 2655
27 2659
30 2659
53 2659
30 2659
73 2659
75 2659
34 2659
37 2659
55 2659
69 2659
45 2664
67 2664
46 2664
49 2664
58 2664
61 2664
40 2664
43 2664
54 2664
66 2664
34 2664
37 2664
55 2664
69 2664
62 2665
27 2665
30 2665
53 2665
30 2665
73 2665
75 2665
34 2665
37 2665
55 2665
69 2665
51 2668
59 2669
62 2669
75 2669
27 2669
30 2669
75 2669
30 2669
73 2669
75 2669
62 2669
73 2669
73 2669
34 2669
37 2669
68 2679
58 2679
67 2679
68 2679
74 2679
58 2679
46 2679
49 2679
40 2679
43 2679
63 2679
34 2679
37 2679
60 2680
39 2683
54 2683
40 2683
43 2683
63 2683
34 2683
37 2683
46 2683
49 2683
27 2683
30 2683
62 2683
65 2683
75 2683
58 2689
67 2689
40 2689
43 2689
63 2689
67 2689
46 2689
49 2689
34 2689
37 2689
70 2689
51 2693
55 2693
72 2693
51 2693
52 2693
60 2693
28 2694
29 2694
65 2694
75 2694
28 2694
64 2694
34 2694
37 2694
70 2694
52 2695
55 2695
60 2695
51 2695
55 2695
60 2695
72 2695
52 2695
55 2695
44 2697
58 2697
40 2697
43 2697
63 2697
67 2697
46 2697
49 2697
74 2697
34 2697
37 2697
70 2697
55 2698
60 2698
66 2698
51 2698
52 2698
72 2698
41 2699
58 2699
63 2699
67 2699
42 2699
43 2699
63 2699
67 2699
46 2699
49 2699
74 2699
34 2699
37 2699
70 2699
52 2701
66 2701
52 2701
60 2705
66 2705
34 2708
37 2708
70 2708
37 2708
54 2708
40 2708
43 2708
67 2708
27 2708
30 2708
64 2708
65 2708
71 2708
46 2708
49 2708
61 2708
74 2708
64 2713
40 2714
43 2714
58 2714
67 2714
41 2714
42 2714
67 2714
34 2714
37 2714
54 2714
70 2714
46 2714
49 2714
61 2714
68 2714
74 2714
61 2717
51 2718
27 2719
30 2719
64 2719
71 2719
34 2719
37 2719
54 2719
72 2719
41 2722
42 2722
52 2722
55 2722
67 2722
42 2722
58 2722
34 2722
37 2722
54 2722
72 2722
73 2722
46 2722
49 2722
56 2722
61 2722
68 2722
74 2722
60 2730
51 2730
73 2730
35 2730
36 2730
54 2730
73 2730
35 2730
51 2730
54 2730
66 2730
40 2730
43 2730
58 2730
67 2730
27 2730
30 2730
64 2730
33 2732
70 2732
34 2732
37 2732
51 2732
54 2732
73 2732
27 2732
30 2732
64 2732
40 2732
43 2732
58 2732
51 2733
54 2733
35 2733
36 2733
54 2733
73 2733
35 2733
51 2733
54 2733
66 2733
73 2733
66 2733
73 2733
40 2733
43 2733
58 2733
27 2733
30 2733
64 2733
73 2734
51 2734
72 2734
51 2734
35 2734
36 2734
54 2734
73 2734
35 2734
51 2734
66 2734
73 2734
40 2734
43 2734
58 2734
27 2734
30 2734
51 2737
35 2737
36 2737
54 2737
73 2737
35 2737
51 2737
73 2737
40 2737
43 2737
52 2737
55 2737
58 2737
27 2737
30 2737
67 2739
67 2739
40 2739
43 2739
52 2739
55 2739
58 2739
34 2739
37 2739
51 2739
54 2739
73 2739
46 2739
49 2739
68 2739
27 2739
30 2739
51 2743
35 2743
36 2743
51 2743
54 2743
60 2743
72 2743
36 2743
73 2743
40 2743
43 2743
52 2743
55 2743
58 2743
27 2743
30 2743
25 2744
75 2744
20 2744
23 2744
17 2744
20 2744
14 2744
17 2744
13 2744
40 2747
58 2747
40 2747
43 2747
34 2747
37 2747
51 2747
73 2747
46 2747
49 2747
63 2747
60 2755
31 2757
70 2757
27 2757
30 2757
34 2757
37 2757
40 2757
43 2757
33 2758
54 2758
65 2758
34 2758
37 2758
27 2758
30 2758
40 2758
43 2758
38 2759
73 2759
34 2759
37 2759
37 2759
73 2759
40 2759
43 2759
27 2759
30 2759
46 2759
49 2759
63 2759
72 2762
67 2764
73 2764
67 2764
34 2764
37 2764
67 2764
73 2764
40 2764
43 2764
27 2764
30 2764
46 2764
49 2764
63 2764
61 2767
51 2768
51 2768
20 2769
23 2769
23 2769
62 2769
75 2769
0 2769
23 2769
64 2769
17 2769
20 2769
14 2769
17 2769
13 2769
55 2770
56 2770
55 2770
58 2772
38 2772
58 2772
73 2772
34 2772
37 2772
67 2772
40 2772
43 2772
27 2772
30 2772
46 2772
49 2772
63 2772
74 2772
60 2780
28 2782
29 2782
29 2782
70 2782
34 2782
37 2782
65 2782
67 2782
51 2783
54 2783
60 2783
54 2783
27 2783
30 2783
70 2783
34 2783
37 2783
65 2783
67 2783
40 2783
43 2783
61 2783
39 2784
73 2784
40 2784
43 2784
61 2784
34 2784
37 2784
65 2784
67 2784
46 2784
49 2784
68 2784
74 2784
27 2784
30 2784
70 2784
74 2786
47 2786
48 2786
74 2786
47 2786
63 2786
68 2786
40 2786
43 2786
61 2786
24 2788
64 2788
20 2788
23 2788
62 2788
75 2788
17 2788
20 2788
14 2788
17 2788
13 2788
34 2789
37 2789
65 2789
67 2789
35 2789
36 2789
65 2789
67 2789
40 2789
43 2789
61 2789
27 2789
30 2789
70 2789
47 2791
48 2791
57 2791
68 2791
74 2791
47 2791
63 2791
68 2791
40 2791
43 2791
61 2791
20 2794
23 2794
59 2794
62 2794
75 2794
21 2794
22 2794
75 2794
17 2794
20 2794
0 2794
23 2794
64 2794
14 2794
17 2794
13 2794
10 2794
46 2795
52 2795
74 2795
46 2795
49 2795
57 2795
68 2795
40 2795
43 2795
56 2795
61 2795
34 2795
37 2795
58 2795
65 2795
67 2795
71 2795
58 2797
35 2797
36 2797
67 2797
71 2797
36 2797
58 2797
65 2797
40 2797
43 2797
56 2797
61 2797
73 2797
27 2797
30 2797
70 2797
34 2800
37 2800
58 2800
65 2800
67 2800
71 2800
58 2800
35 2800
36 2800
58 2800
71 2800
40 2800
43 2800
56 2800
61 2800
73 2800
27 2800
30 2800
54 2800
70 2800
52 2801
34 2802
37 2802
58 2802
67 2802
71 2802
37 2802
65 2802
40 2802
43 2802
56 2802
61 2802
73 2802
27 2802
30 2802
54 2802
70 2802
46 2802
49 2802
68 2802
68 2804
60 2805
28 2808
51 2808
54 2808
60 2808
29 2808
70 2808
30 2808
54 2808
34 2808
37 2808
58 2808
67 2808
71 2808
41 2809
42 2809
56 2809
61 2809
73 2809
41 2809
34 2809
37 2809
58 2809
67 2809
71 2809
46 2809
49 2809
52 2809
45 2811
74 2811
46 2811
49 2811
52 2811
40 2811
43 2811
61 2811
73 2811
34 2811
37 2811
58 2811
67 2811
71 2811
21 2813
22 2813
59 2813
62 2813
75 2813
22 2813
64 2813
17 2813
20 2813
75 2813
0 2813
23 2813
14 2813
17 2813
13 2813
10 2813
67 2814
67 2814
34 2814
37 2814
58 2814
71 2814
27 2814
30 2814
54 2814
40 2814
43 2814
61 2814
73 2814
18 2819
59 2819
62 2819
75 2819
19 2819
20 2819
75 2819
20 2819
23 2819
64 2819
14 2819
17 2819
0 2819
23 2819
13 2819
10 2819
7 2819
36 2822
58 2822
67 2822
34 2822
58 2822
35 2822
71 2822
27 2822
30 2822
51 2822
54 2822
60 2822
40 2822
43 2822
73 2822
47 2824
48 2824
48 2824
52 2824
63 2824
40 2824
43 2824
73 2824
56 2827
65 2827
39 2827
56 2827
61 2827
65 2827
61 2827
40 2827
43 2827
73 2827
34 2827
37 2827
46 2827
49 2827
63 2827
27 2827
30 2827
51 2827
54 2827
44 2829
68 2829
74 2829
40 2829
43 2829
73 2829
46 2829
49 2829
63 2829
34 2829
37 2829
60 2830
29 2833
51 2833
54 2833
60 2833
27 2833
54 2833
28 2833
66 2833
34 2833
37 2833
44 2834
73 2834
40 2834
43 2834
43 2834
73 2834
74 2834
46 2834
49 2834
63 2834
34 2834
37 2834
61 2835
39 2835
56 2835
61 2835
65 2835
40 2835
43 2835
34 2835
37 2835
46 2835
49 2835
63 2835
27 2835
30 2835
51 2835
54 2835
66 2835
74 2836
40 2836
43 2836
43 2836
73 2836
74 2836
46 2836
49 2836
63 2836
34 2836
37 2836
17 2838
20 2838
59 2838
62 2838
75 2838
20 2838
64 2838
20 2838
23 2838
64 2838
14 2838
17 2838
0 2838
23 2838
13 2838
10 2838
58 2839
67 2839
67 2839
34 2839
37 2839
27 2839
30 2839
51 2839
54 2839
66 2839
40 2839
43 2839
56 2842
61 2842
71 2842
61 2842
38 2842
61 2842
71 2842
34 2842
37 2842
40 2842
43 2842
74 2842
27 2842
30 2842
51 2842
66 2842
46 2842
49 2842
63 2842
51 2843
19 2844
59 2844
62 2844
75 2844
14 2844
17 2844
53 2844
17 2844
75 2844
18 2844
64 2844
20 2844
23 2844
13 2844
0 2844
23 2844
70 2844
10 2844
7 2844
2 2844
5 2844
58 2847
67 2847
58 2847
34 2847
37 2847
27 2847
30 2847
40 2847
43 2847
74 2847
46 2849
63 2849
46 2849
49 2849
57 2849
40 2849
43 2849
74 2849
34 2849
37 2849
41 2852
42 2852
65 2852
74 2852
41 2852
68 2852
74 2852
34 2852
37 2852
46 2852
49 2852
57 2852
41 2854
68 2854
74 2854
42 2854
65 2854
71 2854
74 2854
43 2854
68 2854
46 2854
49 2854
57 2854
34 2854
37 2854
60 2855
27 2858
30 2858
34 2858
37 2858
45 2859
63 2859
73 2859
46 2859
49 2859
57 2859
40 2859
43 2859
65 2859
68 2859
74 2859
34 2859
37 2859
34 2860
37 2860
61 2860
37 2860
56 2860
61 2860
40 2860
43 2860
65 2860
68 2860
74 2860
27 2860
30 2860
46 2860
49 2860
57 2860
40 2861
43 2861
65 2861
68 2861
74 2861
41 2861
42 2861
74 2861
34 2861
37 2861
61 2861
46 2861
49 2861
57 2861
17 2863
20 2863
64 2863
18 2863
19 2863
64 2863
14 2863
17 2863
62 2863
75 2863
20 2863
23 2863
0 2863
23 2863
70 2863
13 2863
10 2863
7 2863
58 2864
67 2864
27 2864
30 2864
67 2864
34 2864
37 2864
61 2864
40 2864
43 2864
65 2864
68 2864
74 2864
61 2867
35 2867
36 2867
36 2867
61 2867
40 2867
43 2867
65 2867
68 2867
74 2867
27 2867
30 2867
67 2867
51 2868
14 2869
17 2869
59 2869
62 2869
75 2869
59 2869
75 2869
15 2869
16 2869
75 2869
62 2869
17 2869
20 2869
64 2869
13 2869
20 2869
23 2869
10 2869
0 2869
23 2869
54 2869
70 2869
7 2869
2 2869
5 2869
3 2869
58 2872
67 2872
27 2872
30 2872
67 2872
58 2872
34 2872
37 2872
56 2872
61 2872
40 2872
43 2872
65 2872
68 2872
71 2872
74 2872
44 2874
63 2874
40 2874
43 2874
65 2874
68 2874
71 2874
74 2874
46 2874
49 2874
52 2874
57 2874
34 2874
37 2874
56 2874
61 2874
41 2875
42 2875
68 2875
71 2875
41 2875
63 2875
65 2875
71 2875
34 2875
37 2875
56 2875
61 2875
46 2875
49 2875
52 2875
73 2875
42 2879
68 2879
71 2879
74 2879
68 2879
40 2879
68 2879
41 2879
63 2879
65 2879
71 2879
34 2879
37 2879
56 2879
61 2879
46 2879
49 2879
52 2879
73 2879
60 2880
14 2881
62 2881
15 2881
59 2881
62 2881
64 2881
75 2881
15 2881
16 2881
17 2881
20 2881
13 2881
20 2881
23 2881
70 2881
10 2881
0 2881
23 2881
51 2881
54 2881
60 2881
72 2881
7 2881
2 2881
5 2881
3 2881
0 2883
23 2883
51 2883
54 2883
60 2883
72 2883
20 2883
23 2883
70 2883
17 2883
20 2883
14 2883
17 2883
59 2883
62 2883
75 2883
13 2883
48 2884
52 2884
57 2884
73 2884
73 2884
46 2884
73 2884
47 2884
52 2884
40 2884
43 2884
65 2884
68 2884
71 2884
34 2884
37 2884
56 2884
61 2884
35 2885
36 2885
56 2885
61 2885
35 2885
40 2885
43 2885
65 2885
68 2885
71 2885
27 2885
30 2885
58 2885
67 2885
68 2886
74 2886
74 2886
40 2886
43 2886
68 2886
71 2886
34 2886
37 2886
56 2886
61 2886
46 2886
49 2886
52 2886
73 2886
27 2886
30 2886
58 2886
67 2886
51 2887
25 2887
54 2887
20 2887
23 2887
70 2887
17 2887
20 2887
14 2887
17 2887
59 2887
62 2887
64 2887
75 2887
13 2887
14 2888
17 2888
59 2888
62 2888
64 2888
17 2888
64 2888
17 2888
20 2888
20 2888
23 2888
70 2888
13 2888
0 2888
23 2888
51 2888
54 2888
60 2888
72 2888
10 2888
7 2888
2 2888
5 2888
27 2889
30 2889
58 2889
67 2889
28 2889
29 2889
67 2889
34 2889
37 2889
56 2889
61 2889
62 2890
59 2890
62 2890
75 2890
13 2890
53 2890
75 2890
14 2890
17 2890
62 2890
64 2890
10 2890
17 2890
20 2890
69 2890
7 2890
20 2890
23 2890
70 2890
2 2890
5 2890
3 2890
0 2890
23 2890
51 2890
54 2890
60 2890
72 2890
61 2892
34 2892
61 2892
34 2892
37 2892
56 2892
61 2892
27 2892
30 2892
58 2892
67 2892
40 2892
43 2892
71 2892
51 2893
14 2894
59 2894
62 2894
75 2894
59 2894
75 2894
13 2894
53 2894
75 2894
14 2894
17 2894
62 2894
64 2894
10 2894
17 2894
20 2894
69 2894
7 2894
20 2894
23 2894
70 2894
2 2894
5 2894
3 2894
0 2894
23 2894
51 2894
54 2894
60 2894
66 2894
27 2897
30 2897
58 2897
67 2897
28 2897
29 2897
58 2897
34 2897
37 2897
51 2898
72 2898
24 2898
51 2898
54 2898
60 2898
60 2898
20 2898
23 2898
70 2898
17 2898
20 2898
69 2898
14 2898
17 2898
64 2898
13 2898
53 2898
41 2899
42 2899
68 2899
42 2899
63 2899
34 2899
37 2899
46 2899
49 2899
52 2899
73 2899
40 2900
43 2900
63 2900
43 2900
71 2900
46 2900
49 2900
73 2900
34 2900
37 2900
44 2902
57 2902
65 2902
71 2902
40 2902
43 2902
63 2902
46 2902
49 2902
73 2902
34 2902
37 2902
68 2904
74 2904
68 2904
34 2904
37 2904
40 2904
43 2904
63 2904
46 2904
49 2904
73 2904
27 2904
30 2904
58 2904
60 2905
12 2906
62 2906
13 2906
53 2906
75 2906
13 2906
59 2906
62 2906
75 2906
14 2906
17 2906
64 2906
10 2906
17 2906
20 2906
7 2906
2 2906
5 2906
20 2906
23 2906
54 2906
70 2906
3 2906
0 2906
23 2906
51 2906
66 2906
20 2908
23 2908
54 2908
70 2908
23 2908
51 2908
54 2908
60 2908
0 2908
23 2908
51 2908
66 2908
17 2908
20 2908
14 2908
17 2908
64 2908
13 2908
75 2908
47 2909
73 2909
48 2909
52 2909
49 2909
73 2909
40 2909
43 2909
63 2909
33 2910
56 2910
61 2910
34 2910
37 2910
27 2910
30 2910
58 2910
40 2910
43 2910
63 2910
68 2911
74 2911
34 2911
37 2911
74 2911
40 2911
43 2911
63 2911
27 2911
30 2911
58 2911
46 2911
49 2911
73 2911
51 2912
20 2912
23 2912
54 2912
70 2912
23 2912
51 2912
54 2912
60 2912
0 2912
23 2912
51 2912
66 2912
17 2912
20 2912
14 2912
17 2912
64 2912
13 2912
62 2912
75 2912
15 2913
16 2913
64 2913
15 2913
17 2913
20 2913
13 2913
62 2913
75 2913
20 2913
23 2913
54 2913
70 2913
10 2913
0 2913
23 2913
66 2913
7 2913
2 2913
5 2913
3 2913
58 2914
67 2914
27 2914
30 2914
58 2914
34 2914
37 2914
62 2915
62 2915
12 2915
59 2915
62 2915
75 2915
10 2915
14 2915
17 2915
64 2915
7 2915
17 2915
20 2915
2 2915
5 2915
3 2915
20 2915
23 2915
54 2915
0 2915
23 2915
66 2915
61 2917
33 2917
56 2917
61 2917
34 2917
37 2917
27 2917
30 2917
58 2917
40 2917
43 2917
63 2917
51 2918
51 2918
20 2918
23 2918
51 2918
54 2918
60 2918
72 2918
23 2918
51 2918
60 2918
66 2918
0 2918
23 2918
66 2918
17 2918
20 2918
14 2918
17 2918
64 2918
13 2918
59 2918
62 2918
75 2918
12 2919
13 2919
59 2919
62 2919
75 2919
59 2919
75 2919
11 2919
75 2919
62 2919
10 2919
14 2919
17 2919
7 2919
2 2919
5 2919
17 2919
20 2919
3 2919
20 2919
23 2919
51 2919
54 2919
60 2919
72 2919
0 2919
23 2919
66 2919
58 2922
67 2922
27 2922
30 2922
34 2922
37 2922
74 2922
51 2923
72 2923
21 2923
22 2923
54 2923
70 2923
22 2923
51 2923
54 2923
60 2923
60 2923
17 2923
20 2923
70 2923
0 2923
23 2923
14 2923
17 2923
13 2923
59 2923
62 2923
75 2923
10 2923
40 2924
63 2924
40 2924
43 2924
63 2924
34 2924
37 2924
74 2924
46 2924
49 2924
45 2925
71 2925
46 2925
49 2925
40 2925
43 2925
57 2925
34 2925
37 2925
74 2925
44 2926
52 2926
40 2926
43 2926
57 2926
46 2926
49 2926
34 2926
37 2926
74 2926
46 2927
65 2927
71 2927
46 2927
49 2927
65 2927
40 2927
43 2927
57 2927
34 2927
37 2927
68 2927
74 2927
35 2929
68 2929
74 2929
36 2929
74 2929
37 2929
68 2929
40 2929
43 2929
57 2929
27 2929
30 2929
46 2929
49 2929
65 2929
60 2930
51 2930
21 2930
22 2930
51 2930
54 2930
60 2930
72 2930
22 2930
51 2930
66 2930
17 2930
20 2930
70 2930
0 2930
23 2930
67 2930
14 2930
17 2930
69 2930
13 2930
59 2930
62 2930
75 2930
10 2930
53 2930
10 2931
62 2931
11 2931
59 2931
62 2931
64 2931
75 2931
11 2931
10 2931
53 2931
14 2931
17 2931
69 2931
7 2931
17 2931
20 2931
70 2931
2 2931
5 2931
3 2931
20 2931
23 2931
51 2931
54 2931
60 2931
66 2931
0 2931
23 2931
67 2931
21 2933
22 2933
51 2933
54 2933
60 2933
21 2933
51 2933
66 2933
17 2933
20 2933
70 2933
0 2933
23 2933
67 2933
14 2933
17 2933
69 2933
13 2933
59 2933
62 2933
75 2933
10 2933
53 2933
73 2934
46 2934
49 2934
65 2934
40 2934
43 2934
57 2934
31 2935
56 2935
61 2935
27 2935
30 2935
34 2935
37 2935
68 2935
74 2935
40 2935
43 2935
57 2935
34 2936
37 2936
68 2936
74 2936
35 2936
36 2936
74 2936
40 2936
43 2936
57 2936
27 2936
30 2936
51 2937
21 2937
22 2937
51 2937
54 2937
60 2937
21 2937
51 2937
66 2937
17 2937
20 2937
70 2937
0 2937
23 2937
67 2937
14 2937
17 2937
69 2937
13 2937
59 2937
62 2937
64 2937
75 2937
10 2937
53 2937
13 2938
59 2938
62 2938
64 2938
75 2938
13 2938
64 2938
14 2938
17 2938
69 2938
10 2938
53 2938
17 2938
20 2938
70 2938
7 2938
2 2938
5 2938
20 2938
23 2938
51 2938
54 2938
60 2938
66 2938
3 2938
0 2938
23 2938
67 2938
25 2939
20 2939
23 2939
51 2939
54 2939
60 2939
66 2939
17 2939
20 2939
70 2939
14 2939
17 2939
69 2939
13 2939
59 2939
62 2939
64 2939
75 2939
59 2940
62 2940
75 2940
10 2940
62 2940
62 2940
10 2940
53 2940
62 2940
11 2940
64 2940
7 2940
14 2940
17 2940
69 2940
2 2940
5 2940
3 2940
17 2940
20 2940
70 2940
20 2940
23 2940
51 2940
54 2940
60 2940
66 2940
0 2940
23 2940
67 2940
61 2942
31 2942
56 2942
61 2942
27 2942
30 2942
34 2942
37 2942
68 2942
74 2942
40 2942
43 2942
57 2942
51 2943
72 2943
51 2943
21 2943
22 2943
51 2943
60 2943
66 2943
21 2943
66 2943
17 2943
20 2943
70 2943
0 2943
23 2943
67 2943
14 2943
17 2943
13 2943
62 2943
64 2943
10 2943
53 2943
75 2943
8 2944
10 2944
59 2944
62 2944
75 2944
59 2944
75 2944
10 2944
75 2944
62 2944
11 2944
64 2944
7 2944
2 2944
5 2944
14 2944
17 2944
3 2944
17 2944
20 2944
70 2944
20 2944
23 2944
51 2944
66 2944
22 2948
51 2948
54 2948
60 2948
66 2948
72 2948
51 2948
17 2948
20 2948
54 2948
70 2948
20 2948
51 2948
60 2948
21 2948
0 2948
23 2948
58 2948
67 2948
14 2948
17 2948
13 2948
64 2948
10 2948
53 2948
62 2948
75 2948
47 2950
48 2950
71 2950
73 2950
47 2950
65 2950
73 2950
40 2950
43 2950
52 2950
57 2950
41 2951
42 2951
57 2951
42 2951
52 2951
34 2951
37 2951
68 2951
74 2951
46 2951
49 2951
65 2951
71 2951
73 2951
47 2952
65 2952
71 2952
47 2952
48 2952
71 2952
73 2952
47 2952
48 2952
65 2952
71 2952
73 2952
73 2952
40 2952
43 2952
52 2952
35 2954
36 2954
68 2954
35 2954
40 2954
43 2954
52 2954
27 2954
30 2954
61 2954
60 2955
51 2955
17 2955
20 2955
51 2955
54 2955
60 2955
72 2955
20 2955
51 2955
66 2955
20 2955
23 2955
66 2955
14 2955
17 2955
0 2955
23 2955
58 2955
67 2955
13 2955
64 2955
10 2955
59 2955
62 2955
75 2955
8 2956
62 2956
9 2956
59 2956
62 2956
75 2956
11 2956
64 2956
7 2956
2 2956
5 2956
14 2956
17 2956
3 2956
17 2956
20 2956
51 2956
54 2956
60 2956
72 2956
20 2956
23 2956
66 2956
18 2958
19 2958
70 2958
19 2958
51 2958
54 2958
60 2958
72 2958
14 2958
17 2958
20 2958
23 2958
66 2958
0 2958
23 2958
58 2958
67 2958
13 2958
64 2958
10 2958
59 2958
62 2958
75 2958
7 2958
46 2959
49 2959
65 2959
71 2959
73 2959
47 2959
73 2959
47 2959
48 2959
71 2959
73 2959
40 2959
43 2959
52 2959
28 2960
29 2960
29 2960
56 2960
61 2960
34 2960
37 2960
68 2960
68 2961
74 2961
74 2961
34 2961
37 2961
68 2961
27 2961
30 2961
56 2961
61 2961
40 2961
43 2961
52 2961
55 2961
18 2962
51 2962
54 2962
60 2962
66 2962
51 2962
19 2962
54 2962
70 2962
20 2962
51 2962
20 2962
23 2962
14 2962
17 2962
70 2962
0 2962
23 2962
58 2962
67 2962
13 2962
64 2962
10 2962
59 2962
62 2962
75 2962
7 2962
11 2963
64 2963
11 2963
69 2963
10 2963
59 2963
62 2963
75 2963
14 2963
17 2963
70 2963
7 2963
2 2963
5 2963
17 2963
20 2963
51 2963
54 2963
60 2963
72 2963
3 2963
20 2963
23 2963
0 2963
23 2963
58 2963
67 2963
25 2964
58 2964
67 2964
20 2964
23 2964
23 2964
67 2964
17 2964
20 2964
51 2964
54 2964
60 2964
72 2964
14 2964
17 2964
70 2964
13 2964
64 2964
10 2965
59 2965
62 2965
75 2965
8 2965
62 2965
62 2965
8 2965
62 2965
75 2965
7 2965
53 2965
2 2965
5 2965
11 2965
69 2965
3 2965
14 2965
17 2965
70 2965
17 2965
20 2965
51 2965
54 2965
60 2965
72 2965
20 2965
23 2965
61 2967
28 2967
29 2967
61 2967
29 2967
56 2967
61 2967
34 2967
37 2967
68 2967
51 2968
72 2968
51 2968
18 2968
19 2968
54 2968
60 2968
72 2968
19 2968
51 2968
54 2968
60 2968
66 2968
60 2968
14 2968
17 2968
70 2968
20 2968
23 2968
0 2968
23 2968
58 2968
13 2968
64 2968
10 2968
59 2968
62 2968
75 2968
7 2968
53 2968
8 2969
59 2969
62 2969
75 2969
59 2969
75 2969
7 2969
53 2969
75 2969
8 2969
62 2969
64 2969
62 2969
2 2969
5 2969
3 2969
11 2969
69 2969
14 2969
17 2969
70 2969
17 2969
20 2969
51 2969
54 2969
60 2969
66 2969
72 2969
20 2969
23 2969
24 2972
58 2972
20 2972
23 2972
67 2972
17 2972
20 2972
51 2972
54 2972
60 2972
66 2972
14 2972
17 2972
70 2972
13 2972
17 2973
20 2973
51 2973
54 2973
60 2973
66 2973
72 2973
51 2973
18 2973
19 2973
51 2973
60 2973
14 2973
17 2973
70 2973
20 2973
23 2973
67 2973
0 2973
23 2973
58 2973
13 2973
10 2973
59 2973
62 2973
75 2973
7 2973
53 2973
46 2975
49 2975
49 2975
71 2975
40 2975
43 2975
52 2975
40 2976
52 2976
40 2976
43 2976
52 2976
34 2976
37 2976
63 2976
46 2976
49 2976
49 2977
65 2977
46 2977
49 2977
40 2977
43 2977
33 2979
68 2979
74 2979
34 2979
37 2979
63 2979
27 2979
30 2979
56 2979
61 2979
40 2979
43 2979
60 2980
51 2980
18 2980
19 2980
51 2980
54 2980
60 2980
66 2980
18 2980
66 2980
14 2980
17 2980
70 2980
20 2980
23 2980
67 2980
0 2980
23 2980
58 2980
13 2980
69 2980
10 2980
59 2980
62 2980
64 2980
7 2980
53 2980
75 2980
62 2981
7 2981
53 2981
75 2981
7 2981
59 2981
62 2981
75 2981
2 2981
5 2981
8 2981
64 2981
3 2981
11 2981
69 2981
14 2981
17 2981
70 2981
17 2981
20 2981
51 2981
60 2981
66 2981
14 2983
17 2983
70 2983
17 2983
51 2983
54 2983
60 2983
72 2983
17 2983
20 2983
51 2983
66 2983
20 2983
23 2983
67 2983
13 2983
69 2983
0 2983
23 2983
10 2983
62 2983
64 2983
7 2983
53 2983
75 2983
2 2983
5 2983
73 2984
73 2984
46 2984
49 2984
40 2984
43 2984
34 2984
37 2984
63 2984
27 2985
56 2985
61 2985
27 2985
30 2985
56 2985
61 2985
34 2985
37 2985
63 2985
68 2986
74 2986
74 2986
27 2986
30 2986
56 2986
34 2986
37 2986
63 2986
40 2986
43 2986
19 2987
51 2987
54 2987
60 2987
66 2987
51 2987
14 2987
17 2987
54 2987
70 2987
17 2987
51 2987
18 2987
66 2987
20 2987
23 2987
58 2987
67 2987
13 2987
69 2987
0 2987
23 2987
10 2987
64 2987
7 2987
53 2987
62 2987
75 2987
2 2987
5 2987
9 2988
64 2988
7 2988
53 2988
62 2988
75 2988
11 2988
2 2988
5 2988
3 2988
14 2988
17 2988
54 2988
70 2988
17 2988
20 2988
51 2988
66 2988
20 2988
23 2988
58 2988
67 2988
20 2989
23 2989
58 2989
67 2989
21 2989
22 2989
67 2989
17 2989
20 2989
51 2989
66 2989
0 2989
23 2989
14 2989
17 2989
54 2989
70 2989
13 2989
69 2989
10 2989
64 2989
5 2990
59 2990
62 2990
75 2990
6 2990
62 2990
62 2990
7 2990
62 2990
75 2990
2 2990
5 2990
53 2990
8 2990
64 2990
3 2990
11 2990
14 2990
17 2990
54 2990
70 2990
17 2990
20 2990
51 2990
66 2990
61 2992
27 2992
56 2992
61 2992
27 2992
30 2992
34 2992
37 2992
63 2992
18 2993
51 2993
72 2993
51 2993
14 2993
17 2993
54 2993
60 2993
72 2993
17 2993
51 2993
54 2993
60 2993
17 2993
20 2993
66 2993
60 2993
20 2993
23 2993
58 2993
67 2993
13 2993
69 2993
0 2993
23 2993
10 2993
64 2993
7 2993
59 2993
62 2993
75 2993
2 2993
5 2993
53 2993
7 2994
59 2994
75 2994
6 2994
59 2994
62 2994
75 2994
62 2994
2 2994
5 2994
53 2994
3 2994
8 2994
64 2994
11 2994
14 2994
17 2994
54 2994
60 2994
72 2994
17 2994
20 2994
66 2994
21 2997
22 2997
67 2997
22 2997
58 2997
17 2997
20 2997
66 2997
0 2997
23 2997
14 2997
17 2997
51 2997
54 2997
60 2997
72 2997
13 2997
10 2997
64 2997
60 2998
66 2998
14 2998
17 2998
51 2998
54 2998
60 2998
72 2998
17 2998
51 2998
66 2998
72 2998
17 2998
20 2998
51 2998
66 2998
20 2998
23 2998
58 2998
67 2998
13 2998
0 2998
23 2998
10 2998
64 2998
7 2998
59 2998
62 2998
75 2998
2 2998
5 2998
53 2998
46 3000
49 3000
65 3000
49 3000
71 3000
40 3000
43 3000
52 3001
55 3001
52 3001
34 3001
37 3001
57 3001
40 3001
43 3001
46 3001
49 3001
65 3001
27 3001
30 3001
47 3002
48 3002
48 3002
65 3002
40 3002
43 3002
31 3004
68 3004
74 3004
27 3004
30 3004
34 3004
37 3004
57 3004
40 3004
43 3004
60 3005
17 3005
51 3005
15 3005
16 3005
54 3005
60 3005
72 3005
16 3005
51 3005
54 3005
60 3005
66 3005
17 3005
20 3005
13 3005
20 3005
23 3005
58 3005
67 3005
10 3005
64 3005
0 3005
23 3005
7 3005
59 3005
62 3005
75 3005
2 3005
5 3005
53 3005
3 3005
7 3006
59 3006
62 3006
75 3006
5 3006
62 3006
2 3006
5 3006
53 3006
5 3006
59 3006
62 3006
3 3006
8 3006
69 3006
11 3006
70 3006
14 3006
17 3006
51 3006
54 3006
60 3006
66 3006
72 3006
17 3006
20 3006
15 3008
16 3008
54 3008
60 3008
72 3008
15 3008
51 3008
54 3008
60 3008
66 3008
17 3008
20 3008
13 3008
20 3008
23 3008
58 3008
10 3008
64 3008
0 3008
23 3008
7 3008
59 3008
62 3008
75 3008
2 3008
5 3008
53 3008
75 3008
3 3008
73 3009
40 3009
43 3009
73 3009
46 3009
49 3009
65 3009
71 3009
34 3009
37 3009
57 3009
28 3011
68 3011
74 3011
29 3011
30 3011
74 3011
34 3011
37 3011
57 3011
51 3012
15 3012
16 3012
51 3012
54 3012
60 3012
72 3012
16 3012
51 3012
66 3012
17 3012
20 3012
67 3012
13 3012
20 3012
23 3012
58 3012
10 3012
0 3012
23 3012
7 3012
59 3012
62 3012
75 3012
2 3012
5 3012
53 3012
75 3012
3 3012
7 3013
59 3013
62 3013
75 3013
7 3013
64 3013
2 3013
5 3013
53 3013
75 3013
8 3013
69 3013
3 3013
11 3013
70 3013
14 3013
17 3013
51 3013
54 3013
60 3013
66 3013
72 3013
17 3013
20 3013
67 3013
18 3014
67 3014
19 3014
66 3014
20 3014
67 3014
20 3014
23 3014
58 3014
14 3014
17 3014
51 3014
54 3014
60 3014
66 3014
72 3014
0 3014
23 3014
13 3014
70 3014
10 3014
7 3014
59 3014
62 3014
75 3014
4 3015
62 3015
62 3015
2 3015
5 3015
53 3015
62 3015
75 3015
5 3015
59 3015
62 3015
64 3015
75 3015
5 3015
3 3015
53 3015
8 3015
69 3015
11 3015
70 3015
14 3015
17 3015
51 3015
54 3015
60 3015
66 3015
17 3015
20 3015
67 3015
16 3018
51 3018
72 3018
51 3018
15 3018
16 3018
51 3018
54 3018
60 3018
15 3018
66 3018
60 3018
17 3018
20 3018
67 3018
13 3018
70 3018
20 3018
23 3018
58 3018
10 3018
69 3018
0 3018
23 3018
61 3018
7 3018
59 3018
62 3018
64 3018
2 3018
5 3018
53 3018
59 3018
62 3018
75 3018
3 3018
53 3018
5 3019
59 3019
75 3019
1 3019
3 3019
4 3019
53 3019
4 3019
59 3019
62 3019
75 3019
62 3019
5 3019
64 3019
8 3019
69 3019
11 3019
70 3019
14 3019
17 3019
51 3019
54 3019
60 3019
66 3019
17 3019
20 3019
67 3019
17 3022
20 3022
67 3022
20 3022
58 3022
20 3022
23 3022
14 3022
17 3022
51 3022
66 3022
0 3022
23 3022
56 3022
61 3022
13 3022
70 3022
10 3022
69 3022
14 3023
17 3023
51 3023
60 3023
66 3023
15 3023
66 3023
15 3023
16 3023
51 3023
66 3023
72 3023
17 3023
20 3023
67 3023
13 3023
70 3023
20 3023
23 3023
10 3023
69 3023
0 3023
23 3023
56 3023
61 3023
7 3023
64 3023
2 3023
5 3023
59 3023
62 3023
75 3023
3 3023
53 3023
47 3025
48 3025
71 3025
47 3025
71 3025
40 3025
43 3025
73 3025
35 3026
52 3026
55 3026
36 3026
57 3026
37 3026
52 3026
40 3026
43 3026
73 3026
27 3026
30 3026
68 3026
74 3026
46 3026
49 3026
71 3026
28 3029
29 3029
74 3029
29 3029
68 3029
74 3029
34 3029
37 3029
52 3029
57 3029
60 3030
15 3030
51 3030
14 3030
51 3030
54 3030
60 3030
66 3030
14 3030
17 3030
66 3030
13 3030
70 3030
17 3030
20 3030
58 3030
67 3030
10 3030
69 3030
20 3030
23 3030
7 3030
64 3030
2 3030
5 3030
59 3030
62 3030
75 3030
0 3030
23 3030
56 3030
61 3030
3 3030
53 3030
2 3031
5 3031
59 3031
62 3031
75 3031
3 3031
62 3031
3 3031
53 3031
3 3031
4 3031
59 3031
62 3031
5 3031
64 3031
8 3031
11 3031
54 3031
60 3031
72 3031
14 3031
17 3031
66 3031
13 3033
70 3033
13 3033
54 3033
60 3033
72 3033
14 3033
17 3033
66 3033
10 3033
69 3033
17 3033
20 3033
58 3033
67 3033
7 3033
64 3033
2 3033
5 3033
59 3033
62 3033
75 3033
20 3033
23 3033
3 3033
53 3033
0 3033
23 3033
56 3033
61 3033
40 3034
43 3034
73 3034
41 3034
42 3034
73 3034
34 3034
37 3034
52 3034
55 3034
57 3034
46 3034
49 3034
71 3034
29 3036
68 3036
74 3036
27 3036
74 3036
28 3036
68 3036
34 3036
37 3036
52 3036
55 3036
15 3037
51 3037
14 3037
51 3037
66 3037
14 3037
17 3037
66 3037
13 3037
70 3037
17 3037
20 3037
58 3037
67 3037
10 3037
69 3037
20 3037
23 3037
7 3037
64 3037
2 3037
5 3037
59 3037
62 3037
75 3037
0 3037
23 3037
56 3037
61 3037
3 3037
53 3037
75 3037
2 3038
5 3038
59 3038
62 3038
75 3038
5 3038
64 3038
5 3038
3 3038
53 3038
75 3038
8 3038
11 3038
51 3038
54 3038
60 3038
72 3038
14 3038
17 3038
66 3038
17 3038
20 3038
58 3038
67 3038
19 3039
67 3039
14 3039
17 3039
66 3039
17 3039
67 3039
18 3039
58 3039
20 3039
23 3039
13 3039
70 3039
0 3039
23 3039
56 3039
61 3039
10 3039
69 3039
7 3039
64 3039
2 3039
5 3039
59 3039
62 3039
75 3039
62 3040
2 3040
3 3040
53 3040
75 3040
3 3040
4 3040
59 3040
62 3040
75 3040
3 3040
64 3040
5 3040
69 3040
8 3040
70 3040
11 3040
51 3040
54 3040
60 3040
72 3040
14 3040
17 3040
66 3040
61 3042
24 3042
56 3042
61 3042
20 3042
23 3042
17 3042
20 3042
58 3042
67 3042
14 3042
17 3042
66 3042
13 3042
54 3042
70 3042
14 3043
51 3043
72 3043
51 3043
13 3043
54 3043
60 3043
72 3043
13 3043
51 3043
54 3043
60 3043
60 3043
14 3043
17 3043
10 3043
17 3043
20 3043
58 3043
67 3043
7 3043
64 3043
2 3043
5 3043
59 3043
62 3043
64 3043
20 3043
23 3043
3 3043
53 3043
59 3043
62 3043
75 3043
0 3043
23 3043
56 3043
61 3043
75 3044
2 3044
3 3044
53 3044
59 3044
62 3044
75 3044
2 3044
5 3044
59 3044
62 3044
64 3044
5 3044
69 3044
8 3044
70 3044
11 3044
51 3044
54 3044
60 3044
72 3044
14 3044
17 3044
18 3047
19 3047
58 3047
18 3047
58 3047
14 3047
17 3047
20 3047
23 3047
0 3047
23 3047
56 3047
61 3047
13 3047
51 3047
54 3047
60 3047
72 3047
10 3047
7 3047
64 3047
51 3048
60 3048
66 3048
13 3048
60 3048
66 3048
13 3048
51 3048
54 3048
60 3048
72 3048
51 3048
66 3048
72 3048
14 3048
17 3048
10 3048
17 3048
20 3048
58 3048
7 3048
64 3048
20 3048
23 3048
2 3048
5 3048
62 3048
64 3048
3 3048
53 3048
59 3048
62 3048
75 3048
0 3048
23 3048
56 3048
61 3048
45 3050
71 3050
46 3050
49 3050
40 3050
43 3050
73 3050
34 3050
37 3050
52 3050
36 3051
52 3051
55 3051
34 3051
52 3051
35 3051
27 3051
30 3051
68 3051
40 3051
43 3051
73 3051
29 3054
68 3054
74 3054
27 3054
68 3054
28 3054
63 3054
34 3054
37 3054
52 3054
60 3055
13 3055
51 3055
12 3055
51 3055
54 3055
60 3055
10 3055
70 3055
14 3055
17 3055
67 3055
7 3055
69 3055
17 3055
20 3055
58 3055
2 3055
5 3055
53 3055
64 3055
3 3055
53 3055
59 3055
62 3055
75 3055
20 3055
23 3055
61 3055
0 3055
23 3055
3 3056
53 3056
59 3056
62 3056
75 3056
2 3056
5 3056
53 3056
64 3056
5 3056
69 3056
8 3056
70 3056
11 3056
51 3056
54 3056
60 3056
66 3056
14 3056
17 3056
67 3056
11 3058
54 3058
60 3058
72 3058
11 3058
51 3058
54 3058
60 3058
66 3058
10 3058
70 3058
14 3058
17 3058
67 3058
7 3058
69 3058
2 3058
5 3058
53 3058
64 3058
17 3058
20 3058
58 3058
3 3058
53 3058
59 3058
62 3058
75 3058
20 3058
23 3058
61 3058
0 3058
23 3058
73 3059
73 3059
40 3059
43 3059
34 3059
37 3059
52 3059
46 3059
49 3059
27 3059
30 3059
27 3061
30 3061
34 3061
37 3061
52 3061
13 3062
51 3062
12 3062
51 3062
60 3062
66 3062
10 3062
70 3062
14 3062
17 3062
67 3062
7 3062
69 3062
17 3062
20 3062
2 3062
5 3062
53 3062
64 3062
3 3062
59 3062
62 3062
75 3062
20 3062
23 3062
61 3062
0 3062
23 3062
2 3063
3 3063
59 3063
62 3063
75 3063
3 3063
4 3063
53 3063
64 3063
3 3063
64 3063
5 3063
69 3063
8 3063
70 3063
11 3063
51 3063
60 3063
66 3063
14 3063
17 3063
67 3063
15 3064
16 3064
16 3064
67 3064
17 3064
20 3064
13 3064
51 3064
54 3064
60 3064
66 3064
72 3064
20 3064
23 3064
56 3064
61 3064
10 3064
70 3064
0 3064
23 3064
7 3064
69 3064
2 3064
5 3064
53 3064
64 3064
3 3064
59 3064
62 3064
75 3064
62 3065
1 3065
4 3065
53 3065
64 3065
75 3065
3 3065
69 3065
5 3065
69 3065
8 3065
70 3065
11 3065
51 3065
66 3065
14 3065
17 3065
67 3065
32 3066
57 3066
27 3066
30 3066
63 3066
34 3066
37 3066
40 3066
43 3066
12 3068
13 3068
51 3068
54 3068
60 3068
66 3068
72 3068
11 3068
51 3068
51 3068
11 3068
51 3068
60 3068
10 3068
70 3068
14 3068
17 3068
58 3068
67 3068
7 3068
69 3068
2 3068
5 3068
53 3068
64 3068
17 3068
20 3068
3 3068
59 3068
62 3068
64 3068
75 3068
20 3068
23 3068
56 3068
61 3068
0 3068
23 3068
15 3072
16 3072
67 3072
16 3072
58 3072
17 3072
20 3072
13 3072
51 3072
60 3072
66 3072
20 3072
23 3072
56 3072
61 3072
10 3072
70 3072
0 3072
23 3072
7 3072
69 3072
2 3072
5 3072
53 3072
64 3072
3 3072
59 3072
62 3072
64 3072
75 3072
13 3073
51 3073
60 3073
66 3073
11 3073
60 3073
66 3073
11 3073
51 3073
66 3073
72 3073
10 3073
70 3073
14 3073
17 3073
58 3073
67 3073
7 3073
69 3073
2 3073
5 3073
53 3073
64 3073
17 3073
20 3073
3 3073
59 3073
62 3073
64 3073
75 3073
20 3073
23 3073
56 3073
61 3073
0 3073
23 3073
52 3076
55 3076
52 3076
34 3076
37 3076
27 3076
30 3076
63 3076
40 3076
43 3076
65 3076
27 3079
30 3079
63 3079
34 3079
37 3079
11 3080
60 3080
66 3080
60 3080
10 3080
54 3080
72 3080
10 3080
51 3080
54 3080
60 3080
51 3080
11 3080
7 3080
53 3080
2 3080
5 3080
53 3080
59 3080
62 3080
69 3080
75 3080
14 3080
17 3080
58 3080
67 3080
3 3080
59 3080
62 3080
64 3080
17 3080
20 3080
20 3080
23 3080
56 3080
61 3080
0 3080
23 3080
74 3080
1 3081
4 3081
59 3081
62 3081
64 3081
75 3081
2 3081
3 3081
59 3081
62 3081
3 3081
53 3081
69 3081
5 3081
70 3081
8 3081
51 3081
54 3081
60 3081
72 3081
11 3081
14 3081
17 3081
58 3081
67 3081
38 3084
73 3084
34 3084
37 3084
40 3084
43 3084
65 3084
27 3084
30 3084
63 3084
46 3084
49 3084
25 3086
20 3086
23 3086
56 3086
61 3086
17 3086
20 3086
14 3086
17 3086
58 3086
13 3086
66 3086
11 3087
51 3087
10 3087
54 3087
60 3087
72 3087
10 3087
51 3087
60 3087
66 3087
11 3087
7 3087
53 3087
2 3087
5 3087
59 3087
62 3087
69 3087
75 3087
14 3087
17 3087
58 3087
3 3087
59 3087
62 3087
64 3087
17 3087
20 3087
20 3087
23 3087
56 3087
61 3087
0 3087
23 3087
74 3087
1 3088
4 3088
59 3088
62 3088
64 3088
75 3088
3 3088
53 3088
69 3088
5 3088
70 3088
8 3088
51 3088
54 3088
60 3088
66 3088
72 3088
11 3088
14 3088
17 3088
58 3088
14 3089
67 3089
14 3089
17 3089
58 3089
13 3089
66 3089
17 3089
20 3089
10 3089
54 3089
60 3089
72 3089
20 3089
23 3089
56 3089
61 3089
7 3089
53 3089
2 3089
5 3089
59 3089
62 3089
69 3089
75 3089
0 3089
23 3089
74 3089
3 3089
59 3089
62 3089
64 3089
62 3090
2 3090
3 3090
62 3090
64 3090
3 3090
4 3090
59 3090
62 3090
69 3090
75 3090
3 3090
53 3090
69 3090
75 3090
5 3090
70 3090
8 3090
51 3090
54 3090
60 3090
66 3090
72 3090
11 3090
14 3090
17 3090
58 3090
27 3091
30 3091
63 3091
30 3091
57 3091
34 3091
37 3091
8 3093
10 3093
51 3093
54 3093
60 3093
66 3093
72 3093
9 3093
11 3093
51 3093
72 3093
51 3093
10 3093
51 3093
60 3093
11 3093
67 3093
7 3093
53 3093
70 3093
2 3093
5 3093
59 3093
62 3093
69 3093
75 3093
14 3093
17 3093
58 3093
3 3093
64 3093
17 3093
20 3093
20 3093
23 3093
0 3093
23 3093
68 3093
74 3093
2 3094
3 3094
64 3094
3 3094
4 3094
59 3094
62 3094
69 3094
3 3094
53 3094
62 3094
69 3094
75 3094
5 3094
53 3094
70 3094
8 3094
51 3094
54 3094
60 3094
66 3094
72 3094
11 3094
67 3094
14 3094
17 3094
58 3094
2 3096
3 3096
64 3096
3 3096
4 3096
59 3096
62 3096
69 3096
3 3096
53 3096
59 3096
62 3096
75 3096
5 3096
53 3096
70 3096
8 3096
51 3096
54 3096
60 3096
66 3096
11 3096
67 3096
14 3096
17 3096
58 3096
14 3097
58 3097
14 3097
17 3097
58 3097
13 3097
17 3097
20 3097
61 3097
10 3097
51 3097
54 3097
60 3097
66 3097
72 3097
20 3097
23 3097
7 3097
53 3097
70 3097
2 3097
5 3097
59 3097
62 3097
69 3097
75 3097
0 3097
23 3097
68 3097
74 3097
3 3097
64 3097
8 3098
51 3098
54 3098
60 3098
66 3098
9 3098
60 3098
66 3098
9 3098
10 3098
51 3098
66 3098
72 3098
11 3098
67 3098
7 3098
53 3098
70 3098
2 3098
5 3098
59 3098
62 3098
69 3098
75 3098
14 3098
17 3098
58 3098
3 3098
64 3098
17 3098
20 3098
61 3098
20 3098
23 3098
52 3101
55 3101
27 3101
30 3101
57 3101
52 3101
34 3101
37 3101
73 3101
40 3101
43 3101
65 3101
71 3101
5 3103
53 3103
54 3103
70 3103
72 3103
7 3103
53 3103
2 3103
5 3103
59 3103
62 3103
64 3103
69 3103
8 3103
51 3103
66 3103
3 3103
64 3103
69 3103
11 3103
58 3103
67 3103
14 3103
17 3103
17 3103
20 3103
56 3103
61 3103
0 3104
23 3104
68 3104
74 3104
20 3104
23 3104
17 3104
20 3104
56 3104
61 3104
14 3104
17 3104
13 3104
67 3104
9 3105
60 3105
66 3105
60 3105
8 3105
51 3105
54 3105
60 3105
72 3105
8 3105
9 3105
51 3105
66 3105
10 3105
51 3105
7 3105
53 3105
62 3105
70 3105
75 3105
2 3105
5 3105
59 3105
62 3105
64 3105
69 3105
11 3105
58 3105
67 3105
3 3105
64 3105
69 3105
14 3105
17 3105
17 3105
20 3105
56 3105
61 3105
20 3105
23 3105
5 3106
59 3106
1 3106
3 3106
4 3106
64 3106
69 3106
4 3106
59 3106
62 3106
5 3106
53 3106
54 3106
72 3106
8 3106
51 3106
66 3106
11 3106
58 3106
67 3106
14 3106
17 3106
17 3106
20 3106
56 3106
61 3106
35 3109
36 3109
36 3109
73 3109
40 3109
43 3109
71 3109
27 3109
30 3109
57 3109
56 3110
18 3110
19 3110
19 3110
56 3110
61 3110
14 3110
17 3110
20 3110
23 3110
0 3110
23 3110
68 3110
74 3110
13 3110
67 3110
10 3110
51 3110
54 3110
60 3110
66 3110
7 3110
53 3110
59 3110
62 3110
70 3110
75 3110
25 3111
68 3111
74 3111
20 3111
23 3111
23 3111
74 3111
17 3111
20 3111
56 3111
61 3111
14 3111
17 3111
13 3111
67 3111
8 3112
51 3112
53 3112
54 3112
60 3112
66 3112
72 3112
60 3112
66 3112
7 3112
59 3112
62 3112
70 3112
75 3112
54 3112
60 3112
8 3112
51 3112
66 3112
8 3112
9 3112
2 3112
5 3112
59 3112
62 3112
64 3112
3 3112
64 3112
69 3112
11 3112
58 3112
67 3112
14 3112
17 3112
17 3112
20 3112
56 3112
61 3112
20 3112
23 3112
1 3113
4 3113
64 3113
69 3113
2 3113
64 3113
2 3113
3 3113
64 3113
3 3113
59 3113
62 3113
70 3113
75 3113
5 3113
53 3113
54 3113
60 3113
72 3113
8 3113
66 3113
11 3113
58 3113
67 3113
14 3113
17 3113
12 3114
67 3114
10 3114
51 3114
54 3114
60 3114
66 3114
14 3114
17 3114
7 3114
59 3114
62 3114
70 3114
75 3114
17 3114
20 3114
56 3114
61 3114
2 3114
5 3114
59 3114
62 3114
64 3114
3 3114
64 3114
69 3114
20 3114
23 3114
0 3114
23 3114
68 3114
74 3114
59 3115
62 3115
70 3115
75 3115
62 3115
2 3115
5 3115
59 3115
62 3115
64 3115
5 3115
59 3115
62 3115
70 3115
75 3115
5 3115
51 3115
53 3115
54 3115
60 3115
70 3115
72 3115
3 3115
64 3115
69 3115
8 3115
66 3115
11 3115
58 3115
67 3115
14 3115
17 3115
17 3115
20 3115
56 3115
61 3115
28 3116
29 3116
57 3116
28 3116
52 3116
55 3116
34 3116
37 3116
73 3116
8 3118
51 3118
53 3118
54 3118
60 3118
66 3118
72 3118
7 3118
9 3118
51 3118
54 3118
72 3118
7 3118
51 3118
51 3118
7 3118
59 3118
62 3118
70 3118
72 3118
75 3118
51 3118
53 3118
60 3118
8 3118
66 3118
53 3118
2 3118
5 3118
64 3118
3 3118
69 3118
11 3118
58 3118
67 3118
14 3118
17 3118
17 3118
20 3118
56 3118
61 3118
20 3118
23 3118
74 3118
1 3121
4 3121
64 3121
3 3121
59 3121
62 3121
64 3121
70 3121
5 3121
51 3121
53 3121
54 3121
59 3121
60 3121
62 3121
66 3121
72 3121
75 3121
8 3121
11 3121
58 3121
67 3121
14 3121
17 3121
8 3123
51 3123
53 3123
54 3123
60 3123
66 3123
7 3123
60 3123
66 3123
66 3123
6 3123
7 3123
54 3123
59 3123
60 3123
62 3123
72 3123
75 3123
7 3123
51 3123
53 3123
66 3123
72 3123
8 3123
51 3123
2 3123
5 3123
64 3123
70 3123
3 3123
69 3123
11 3123
58 3123
67 3123
14 3123
17 3123
17 3123
20 3123
56 3123
61 3123
20 3123
23 3123
74 3123
27 3126
30 3126
52 3126
55 3126
28 3126
29 3126
52 3126
34 3126
37 3126
73 3126
10 3128
53 3128
66 3128
8 3128
53 3128
7 3128
51 3128
54 3128
59 3128
60 3128
62 3128
72 3128
2 3128
5 3128
64 3128
70 3128
11 3128
58 3128
3 3128
69 3128
14 3128
17 3128
17 3128
20 3128
56 3128
20 3128
23 3128
68 3128
74 3128
21 3129
68 3129
74 3129
22 3129
74 3129
23 3129
68 3129
0 3129
23 3129
63 3129
17 3129
20 3129
56 3129
14 3129
17 3129
13 3129
58 3129
67 3129
10 3129
53 3129
66 3129
7 3130
60 3130
66 3130
60 3130
6 3130
7 3130
51 3130
54 3130
59 3130
60 3130
62 3130
72 3130
8 3130
51 3130
2 3130
5 3130
64 3130
70 3130
3 3130
69 3130
8 3130
53 3130
67 3130
11 3130
58 3130
14 3130
17 3130
17 3130
20 3130
56 3130
20 3130
23 3130
68 3130
74 3130
59 3131
6 3131
51 3131
54 3131
59 3131
60 3131
62 3131
72 3131
2 3131
5 3131
64 3131
70 3131
3 3131
69 3131
8 3131
53 3131
67 3131
11 3131
58 3131
14 3131
17 3131
17 3131
20 3131
56 3131
54 3133
6 3133
51 3133
54 3133
59 3133
60 3133
62 3133
72 3133
2 3133
5 3133
64 3133
70 3133
3 3133
69 3133
8 3133
53 3133
67 3133
11 3133
58 3133
14 3133
17 3133
17 3133
20 3133
56 3133
34 3134
73 3134
34 3134
37 3134
73 3134
27 3134
30 3134
52 3134
55 3134
40 3134
43 3134
56 3135
14 3135
17 3135
17 3135
56 3135
61 3135
17 3135
20 3135
20 3135
23 3135
68 3135
74 3135
13 3135
58 3135
67 3135
0 3135
23 3135
63 3135
10 3135
53 3135
66 3135
7 3135
51 3135
54 3135
59 3135
60 3135
62 3135
64 3135
72 3135
2 3135
5 3135
64 3135
70 3135
20 3136
23 3136
68 3136
74 3136
21 3136
22 3136
74 3136
17 3136
20 3136
0 3136
23 3136
63 3136
14 3136
17 3136
13 3136
58 3136
67 3136
10 3136
53 3136
5 3137
72 3137
5 3137
7 3137
51 3137
54 3137
59 3137
60 3137
62 3137
64 3137
66 3137
72 3137
6 3137
7 3137
60 3137
66 3137
3 3137
54 3137
60 3137
64 3137
72 3137
1 3137
4 3137
69 3137
70 3137
5 3137
8 3137
53 3137
67 3137
11 3137
58 3137
14 3137
17 3137
17 3137
20 3137
3 3138
54 3138
60 3138
64 3138
72 3138
60 3138
64 3138
1 3138
4 3138
69 3138
70 3138
5 3138
64 3138
5 3138
51 3138
54 3138
59 3138
60 3138
62 3138
66 3138
72 3138
75 3138
5 3138
6 3138
51 3138
8 3138
53 3138
67 3138
11 3138
58 3138
14 3138
17 3138
61 3138
17 3138
20 3138
10 3139
53 3139
10 3139
67 3139
11 3139
58 3139
7 3139
51 3139
54 3139
59 3139
60 3139
62 3139
64 3139
66 3139
72 3139
2 3139
5 3139
64 3139
70 3139
14 3139
17 3139
61 3139
3 3139
69 3139
17 3139
20 3139
20 3139
23 3139
68 3139
74 3139
6 3140
51 3140
62 3140
62 3140
6 3140
7 3140
51 3140
54 3140
59 3140
60 3140
62 3140
64 3140
66 3140
72 3140
7 3140
59 3140
62 3140
66 3140
75 3140
60 3140
66 3140
2 3140
5 3140
64 3140
70 3140
8 3140
53 3140
67 3140
3 3140
69 3140
11 3140
58 3140
14 3140
17 3140
61 3140
17 3140
20 3140
27 3141
30 3141
52 3141
55 3141
34 3141
37 3141
14 3142
17 3142
56 3142
61 3142
17 3142
56 3142
61 3142
17 3142
20 3142
20 3142
23 3142
68 3142
74 3142
13 3142
58 3142
0 3142
23 3142
63 3142
10 3142
53 3142
7 3142
51 3142
54 3142
59 3142
60 3142
62 3142
64 3142
66 3142
72 3142
2 3142
5 3142
64 3142
69 3142
70 3142
6 3143
7 3143
51 3143
54 3143
60 3143
64 3143
66 3143
72 3143
5 3143
7 3143
51 3143
60 3143
64 3143
72 3143
5 3143
51 3143
72 3143
51 3143
2 3143
5 3143
69 3143
70 3143
5 3143
51 3143
60 3143
64 3143
60 3143
3 3143
69 3143
8 3143
53 3143
67 3143
11 3143
14 3143
17 3143
56 3143
61 3143
17 3143
20 3143
2 3146
3 3146
70 3146
3 3146
4 3146
69 3146
3 3146
51 3146
54 3146
60 3146
64 3146
72 3146
5 3146
51 3146
59 3146
62 3146
64 3146
66 3146
8 3146
53 3146
58 3146
67 3146
11 3146
14 3146
17 3146
56 3146
61 3146
6 3148
7 3148
51 3148
54 3148
60 3148
64 3148
66 3148
5 3148
51 3148
60 3148
64 3148
66 3148
5 3148
6 3148
60 3148
66 3148
2 3148
4 3148
5 3148
54 3148
60 3148
69 3148
72 3148
5 3148
51 3148
64 3148
66 3148
72 3148
5 3148
51 3148
64 3148
3 3148
70 3148
8 3148
53 3148
58 3148
67 3148
11 3148
14 3148
17 3148
56 3148
61 3148
17 3148
20 3148
52 3151
55 3151
27 3151
30 3151
34 3151
37 3151
53 3153
58 3153
53 3153
10 3153
59 3153
62 3153
67 3153
75 3153
53 3153
11 3153
7 3153
51 3153
60 3153
64 3153
66 3153
14 3153
17 3153
56 3153
61 3153
2 3153
5 3153
51 3153
54 3153
60 3153
69 3153
72 3153
3 3153
70 3153
17 3153
20 3153
74 3153
20 3153
23 3153
68 3153
0 3153
23 3153
63 3153
21 3154
22 3154
68 3154
21 3154
17 3154
20 3154
74 3154
0 3154
23 3154
14 3154
17 3154
56 3154
61 3154
13 3154
53 3154
10 3154
59 3154
62 3154
67 3154
75 3154
3 3155
5 3155
60 3155
66 3155
69 3155
72 3155
4 3155
60 3155
60 3155
1 3155
3 3155
4 3155
69 3155
4 3155
6 3155
51 3155
54 3155
60 3155
64 3155
69 3155
72 3155
5 3155
51 3155
5 3155
6 3155
64 3155
66 3155
66 3155
8 3155
53 3155
58 3155
67 3155
11 3155
14 3155
17 3155
56 3155
61 3155
17 3155
20 3155
74 3155
59 3156
8 3156
59 3156
62 3156
67 3156
8 3156
53 3156
58 3156
67 3156
7 3156
51 3156
64 3156
66 3156
2 3156
5 3156
51 3156
54 3156
60 3156
69 3156
72 3156
11 3156
3 3156
70 3156
14 3156
17 3156
56 3156
61 3156
17 3156
20 3156
74 3156
20 3156
23 3156
68 3156
2 3158
4 3158
5 3158
51 3158
54 3158
60 3158
69 3158
72 3158
5 3158
51 3158
60 3158
66 3158
69 3158
72 3158
4 3158
60 3158
69 3158
69 3158
3 3158
70 3158
3 3158
4 3158
69 3158
72 3158
6 3158
51 3158
5 3158
64 3158
66 3158
8 3158
53 3158
58 3158
62 3158
67 3158
75 3158
11 3158
14 3158
17 3158
56 3158
61 3158
17 3158
20 3158
74 3158
32 3159
73 3159
27 3159
30 3159
34 3159
37 3159
65 3159
40 3159
43 3159
18 3161
68 3161
74 3161
19 3161
20 3161
74 3161
20 3161
23 3161
68 3161
14 3161
17 3161
56 3161
61 3161
0 3161
23 3161
57 3161
13 3161
53 3161
10 3161
58 3161
59 3161
62 3161
67 3161
75 3161
7 3161
51 3161
64 3161
66 3161
4 3162
51 3162
72 3162
2 3162
4 3162
5 3162
51 3162
54 3162
60 3162
69 3162
72 3162
5 3162
60 3162
66 3162
69 3162
3 3162
70 3162
3 3162
4 3162
54 3162
60 3162
6 3162
51 3162
5 3162
64 3162
66 3162
8 3162
53 3162
58 3162
59 3162
62 3162
67 3162
75 3162
11 3162
14 3162
17 3162
56 3162
61 3162
17 3162
20 3162
74 3162
5 3163
64 3163
7 3163
64 3163
2 3163
5 3163
51 3163
54 3163
60 3163
66 3163
69 3163
72 3163
8 3163
53 3163
58 3163
59 3163
62 3163
75 3163
3 3163
70 3163
11 3163
14 3163
17 3163
56 3163
61 3163
17 3163
20 3163
74 3163
62 3165
9 3165
58 3165
59 3165
62 3165
75 3165
7 3165
51 3165
64 3165
66 3165
11 3165
2 3165
5 3165
51 3165
54 3165
60 3165
66 3165
69 3165
72 3165
3 3165
70 3165
14 3165
17 3165
56 3165
61 3165
17 3165
20 3165
74 3165
20 3165
23 3165
25 3166
63 3166
20 3166
23 3166
17 3166
20 3166
74 3166
14 3166
17 3166
56 3166
61 3166
13 3166
53 3166
2 3168
4 3168
5 3168
51 3168
54 3168
60 3168
66 3168
69 3168
72 3168
3 3168
5 3168
51 3168
66 3168
69 3168
72 3168
4 3168
51 3168
4 3168
5 3168
51 3168
3 3168
70 3168
3 3168
4 3168
51 3168
60 3168
60 3168
5 3168
64 3168
8 3168
58 3168
59 3168
62 3168
75 3168
11 3168
53 3168
14 3168
17 3168
56 3168
17 3168
20 3168
68 3168
74 3168
3 3171
5 3171
51 3171
66 3171
69 3171
4 3171
51 3171
69 3171
1 3171
3 3171
4 3171
51 3171
54 3171
60 3171
72 3171
4 3171
5 3171
60 3171
66 3171
69 3171
5 3171
64 3171
66 3171
67 3171
8 3171
58 3171
59 3171
62 3171
75 3171
11 3171
53 3171
14 3171
17 3171
17 3171
20 3171
68 3171
74 3171
3 3173
5 3173
51 3173
60 3173
66 3173
69 3173
3 3173
4 3173
66 3173
66 3173
1 3173
3 3173
4 3173
51 3173
54 3173
60 3173
70 3173
72 3173
5 3173
64 3173
66 3173
67 3173
69 3173
5 3173
2 3173
51 3173
72 3173
8 3173
58 3173
59 3173
62 3173
75 3173
11 3173
53 3173
14 3173
17 3173
17 3173
20 3173
68 3173
74 3173
27 3176
30 3176
34 3176
37 3176
65 3176
71 3176
12 3178
53 3178
10 3178
58 3178
64 3178
14 3178
17 3178
7 3178
69 3178
17 3178
20 3178
68 3178
74 3178
2 3178
5 3178
51 3178
60 3178
66 3178
3 3178
51 3178
54 3178
60 3178
70 3178
72 3178
20 3178
23 3178
63 3178
0 3178
23 3178
52 3178
57 3178
18 3179
19 3179
68 3179
74 3179
19 3179
68 3179
14 3179
17 3179
20 3179
23 3179
63 3179
0 3179
23 3179
52 3179
57 3179
13 3179
53 3179
10 3179
58 3179
64 3179
7 3179
69 3179
1 3180
3 3180
4 3180
51 3180
54 3180
60 3180
66 3180
70 3180
72 3180
2 3180
60 3180
66 3180
60 3180
2 3180
3 3180
51 3180
60 3180
3 3180
51 3180
66 3180
69 3180
3 3180
4 3180
5 3180
67 3180
69 3180
8 3180
59 3180
62 3180
11 3180
53 3180
56 3180
61 3180
14 3180
17 3180
59 3181
10 3181
58 3181
64 3181
10 3181
59 3181
62 3181
11 3181
53 3181
56 3181
61 3181
7 3181
69 3181
2 3181
5 3181
51 3181
60 3181
66 3181
14 3181
17 3181
3 3181
51 3181
54 3181
60 3181
72 3181
17 3181
20 3181
68 3181
74 3181
20 3181
23 3181
63 3181
27 3184
30 3184
30 3184
73 3184
34 3184
37 3184
71 3184
56 3185
13 3185
53 3185
62 3185
13 3185
53 3185
56 3185
61 3185
14 3185
17 3185
10 3185
58 3185
64 3185
17 3185
20 3185
68 3185
74 3185
7 3185
67 3185
69 3185
2 3185
5 3185
51 3185
66 3185
20 3185
23 3185
63 3185
3 3185
51 3185
54 3185
60 3185
72 3185
0 3185
23 3185
52 3185
55 3185
57 3185
19 3186
68 3186
74 3186
14 3186
17 3186
17 3186
74 3186
18 3186
68 3186
20 3186
23 3186
63 3186
13 3186
53 3186
59 3186
62 3186
0 3186
23 3186
52 3186
55 3186
57 3186
10 3186
58 3186
64 3186
7 3186
67 3186
69 3186
2 3186
5 3186
51 3186
66 3186
2 3187
3 3187
51 3187
54 3187
60 3187
72 3187
3 3187
60 3187
66 3187
2 3187
3 3187
5 3187
51 3187
66 3187
4 3187
51 3187
5 3187
58 3187
67 3187
69 3187
8 3187
59 3187
62 3187
64 3187
11 3187
53 3187
56 3187
61 3187
14 3187
17 3187
64 3188
8 3188
58 3188
64 3188
8 3188
59 3188
62 3188
64 3188
7 3188
67 3188
69 3188
2 3188
5 3188
51 3188
66 3188
11 3188
53 3188
56 3188
61 3188
3 3188
51 3188
54 3188
60 3188
72 3188
14 3188
17 3188
17 3188
20 3188
68 3188
74 3188
20 3188
23 3188
63 3188
6 3189
67 3189
69 3189
2 3189
5 3189
51 3189
66 3189
3 3189
51 3189
54 3189
60 3189
72 3189
8 3189
59 3189
62 3189
64 3189
11 3189
53 3189
56 3189
61 3189
14 3189
17 3189
17 3189
20 3189
68 3189
74 3189
59 3190
62 3190
75 3190
62 3190
10 3190
58 3190
64 3190
59 3190
62 3190
11 3190
53 3190
56 3190
61 3190
7 3190
67 3190
69 3190
14 3190
17 3190
2 3190
5 3190
51 3190
66 3190
70 3190
3 3190
51 3190
54 3190
60 3190
66 3190
72 3190
17 3190
20 3190
68 3190
74 3190
20 3190
23 3190
63 3190
0 3190
23 3190
52 3190
55 3190
57 3190
25 3191
57 3191
20 3191
23 3191
63 3191
23 3191
57 3191
17 3191
20 3191
68 3191
74 3191
14 3191
17 3191
13 3191
53 3191
59 3191
62 3191
75 3191
13 3192
53 3192
59 3192
62 3192
75 3192
13 3192
53 3192
56 3192
61 3192
14 3192
17 3192
10 3192
58 3192
64 3192
17 3192
20 3192
68 3192
74 3192
7 3192
67 3192
69 3192
2 3192
5 3192
51 3192
66 3192
70 3192
20 3192
23 3192
63 3192
3 3192
51 3192
54 3192
60 3192
66 3192
72 3192
0 3192
23 3192
52 3192
55 3192
57 3192
2 3193
3 3193
51 3193
54 3193
60 3193
66 3193
72 3193
1 3193
3 3193
51 3193
72 3193
2 3193
51 3193
2 3193
5 3193
66 3193
70 3193
60 3193
5 3193
58 3193
67 3193
69 3193
8 3193
64 3193
11 3193
53 3193
56 3193
61 3193
14 3193
17 3193
0 3195
23 3195
52 3195
55 3195
20 3195
23 3195
17 3195
20 3195
68 3195
14 3195
17 3195
74 3195
13 3195
56 3195
59 3195
61 3195
62 3195
75 3195
5 3196
58 3196
67 3196
69 3196
69 3196
7 3196
69 3196
2 3196
5 3196
66 3196
70 3196
8 3196
64 3196
3 3196
51 3196
54 3196
60 3196
66 3196
72 3196
11 3196
53 3196
56 3196
61 3196
62 3196
14 3196
17 3196
74 3196
17 3196
20 3196
68 3196
5 3197
58 3197
67 3197
69 3197
7 3197
58 3197
69 3197
2 3197
5 3197
66 3197
70 3197
8 3197
64 3197
3 3197
51 3197
54 3197
60 3197
66 3197
72 3197
11 3197
53 3197
56 3197
61 3197
62 3197
14 3197
17 3197
74 3197
17 3197
20 3197
68 3197
1 3198
4 3198
51 3198
60 3198
66 3198
72 3198
1 3198
2 3198
60 3198
66 3198
72 3198
2 3198
3 3198
66 3198
67 3198
3 3198
51 3198
60 3198
72 3198
51 3198
5 3198
58 3198
67 3198
69 3198
8 3198
64 3198
11 3198
53 3198
56 3198
61 3198
62 3198
14 3198
17 3198
74 3198
0 3201
23 3201
52 3201
55 3201
24 3201
52 3201
20 3201
23 3201
57 3201
17 3201
20 3201
14 3201
17 3201
74 3201
13 3201
56 3201
59 3201
61 3201
62 3201
14 3203
53 3203
14 3203
17 3203
74 3203
13 3203
56 3203
59 3203
61 3203
62 3203
17 3203
20 3203
10 3203
69 3203
20 3203
23 3203
57 3203
7 3203
58 3203
67 3203
2 3203
5 3203
0 3203
23 3203
52 3203
55 3203
3 3203
51 3203
54 3203
60 3203
66 3203
72 3203
2 3205
3 3205
51 3205
54 3205
60 3205
66 3205
72 3205
1 3205
51 3205
60 3205
66 3205
1 3205
2 3205
60 3205
2 3205
60 3205
2 3205
5 3205
5 3205
58 3205
69 3205
8 3205
64 3205
11 3205
56 3205
59 3205
62 3205
75 3205
14 3205
17 3205
53 3205
74 3205
59 3206
12 3206
56 3206
59 3206
62 3206
10 3206
69 3206
14 3206
17 3206
53 3206
74 3206
7 3206
58 3206
67 3206
17 3206
20 3206
2 3206
5 3206
3 3206
51 3206
54 3206
60 3206
66 3206
72 3206
20 3206
23 3206
57 3206
0 3206
23 3206
52 3206
55 3206
14 3211
17 3211
53 3211
68 3211
74 3211
15 3211
16 3211
74 3211
17 3211
20 3211
13 3211
56 3211
59 3211
61 3211
62 3211
20 3211
23 3211
57 3211
10 3211
69 3211
0 3211
23 3211
52 3211
55 3211
7 3211
58 3211
67 3211
2 3211
5 3211
67 3211
72 3211
3 3211
51 3211
54 3211
60 3211
66 3211
72 3211
1 3212
51 3212
60 3212
66 3212
1 3212
2 3212
60 3212
2 3212
5 3212
51 3212
54 3212
60 3212
66 3212
67 3212
72 3212
2 3212
3 3212
60 3212
72 3212
5 3212
58 3212
69 3212
8 3212
64 3212
11 3212
56 3212
59 3212
62 3212
75 3212
14 3212
17 3212
53 3212
68 3212
74 3212
64 3213
10 3213
69 3213
10 3213
64 3213
11 3213
56 3213
59 3213
62 3213
75 3213
7 3213
58 3213
67 3213
2 3213
5 3213
60 3213
67 3213
72 3213
14 3213
17 3213
53 3213
68 3213
74 3213
3 3213
51 3213
54 3213
60 3213
66 3213
72 3213
17 3213
20 3213
20 3213
23 3213
57 3213
62 3215
12 3215
59 3215
62 3215
10 3215
69 3215
14 3215
17 3215
53 3215
68 3215
74 3215
7 3215
58 3215
17 3215
20 3215
63 3215
2 3215
5 3215
54 3215
60 3215
67 3215
72 3215
3 3215
51 3215
54 3215
60 3215
66 3215
72 3215
20 3215
23 3215
57 3215
0 3215
23 3215
52 3215
55 3215
21 3216
22 3216
57 3216
22 3216
57 3216
17 3216
20 3216
63 3216
0 3216
23 3216
52 3216
14 3216
17 3216
53 3216
68 3216
74 3216
13 3216
56 3216
59 3216
61 3216
62 3216
64 3216
10 3216
69 3216
11 3217
56 3217
61 3217
64 3217
11 3217
59 3217
62 3217
75 3217
10 3217
69 3217
14 3217
17 3217
53 3217
68 3217
74 3217
7 3217
58 3217
2 3217
5 3217
54 3217
60 3217
67 3217
72 3217
17 3217
20 3217
63 3217
3 3217
51 3217
60 3217
66 3217
20 3217
23 3217
57 3217
0 3217
23 3217
52 3217
1 3218
3 3218
4 3218
51 3218
54 3218
60 3218
66 3218
72 3218
1 3218
2 3218
51 3218
72 3218
2 3218
51 3218
2 3218
3 3218
51 3218
58 3218
60 3218
67 3218
3 3218
3 3218
60 3218
5 3218
8 3218
56 3218
61 3218
64 3218
69 3218
11 3218
59 3218
62 3218
14 3218
17 3218
53 3218
68 3218
74 3218
21 3220
52 3220
55 3220
22 3220
57 3220
23 3220
52 3220
0 3220
23 3220
17 3220
20 3220
63 3220
14 3220
17 3220
53 3220
68 3220
74 3220
13 3220
56 3220
64 3220
10 3220
69 3220
10 3221
69 3221
8 3221
69 3221
7 3221
58 3221
70 3221
2 3221
5 3221
51 3221
54 3221
60 3221
67 3221
72 3221
11 3221
59 3221
62 3221
3 3221
51 3221
60 3221
66 3221
14 3221
17 3221
53 3221
68 3221
74 3221
17 3221
20 3221
63 3221
20 3221
23 3221
52 3221
55 3221
57 3221
2 3223
3 3223
51 3223
66 3223
3 3223
60 3223
66 3223
2 3223
3 3223
5 3223
51 3223
54 3223
60 3223
67 3223
72 3223
51 3223
72 3223
5 3223
8 3223
56 3223
61 3223
69 3223
11 3223
59 3223
62 3223
14 3223
17 3223
53 3223
68 3223
74 3223
21 3226
52 3226
55 3226
22 3226
52 3226
22 3226
57 3226
23 3226
52 3226
0 3226
23 3226
17 3226
20 3226
63 3226
14 3226
17 3226
53 3226
68 3226
13 3226
64 3226
10 3226
69 3226
15 3228
16 3228
59 3228
62 3228
68 3228
74 3228
75 3228
16 3228
53 3228
17 3228
20 3228
13 3228
64 3228
20 3228
23 3228
52 3228
55 3228
57 3228
10 3228
56 3228
69 3228
0 3228
23 3228
7 3228
2 3228
5 3228
51 3228
54 3228
58 3228
60 3228
66 3228
67 3228
72 3228
3 3228
66 3228
2 3230
4 3230
5 3230
51 3230
54 3230
58 3230
60 3230
66 3230
67 3230
72 3230
3 3230
58 3230
60 3230
66 3230
4 3230
60 3230
2 3230
3 3230
66 3230
3 3230
4 3230
51 3230
60 3230
3 3230
51 3230
54 3230
72 3230
5 3230
70 3230
8 3230
56 3230
61 3230
69 3230
11 3230
64 3230
14 3230
17 3230
53 3230
68 3230
62 3231
14 3231
59 3231
62 3231
74 3231
14 3231
17 3231
53 3231
68 3231
13 3231
64 3231
17 3231
20 3231
10 3231
56 3231
69 3231
20 3231
23 3231
52 3231
55 3231
57 3231
7 3231
2 3231
5 3231
51 3231
54 3231
58 3231
60 3231
66 3231
67 3231
72 3231
0 3231
23 3231
3 3231
66 3231
3 3233
51 3233
72 3233
1 3233
3 3233
4 3233
51 3233
60 3233
66 3233
67 3233
3 3233
4 3233
51 3233
54 3233
58 3233
60 3233
72 3233
4 3233
60 3233
66 3233
5 3233
70 3233
8 3233
56 3233
61 3233
69 3233
11 3233
64 3233
14 3233
17 3233
53 3233
68 3233
9 3235
56 3235
10 3235
56 3235
61 3235
69 3235
10 3235
56 3235
69 3235
11 3235
64 3235
74 3235
7 3235
72 3235
2 3235
5 3235
51 3235
54 3235
58 3235
60 3235
66 3235
67 3235
72 3235
14 3235
17 3235
53 3235
68 3235
3 3235
66 3235
17 3235
20 3235
20 3235
23 3235
52 3235
55 3235
59 3236
74 3236
14 3236
59 3236
62 3236
68 3236
74 3236
14 3236
17 3236
53 3236
62 3236
68 3236
13 3236
64 3236
17 3236
20 3236
10 3236
56 3236
61 3236
69 3236
20 3236
23 3236
52 3236
55 3236
7 3236
72 3236
2 3236
5 3236
51 3236
54 3236
58 3236
60 3236
66 3236
67 3236
72 3236
0 3236
23 3236
3 3236
66 3236
3 3237
58 3237
60 3237
66 3237
1 3237
3 3237
4 3237
51 3237
66 3237
67 3237
3 3237
4 3237
51 3237
54 3237
58 3237
60 3237
72 3237
2 3237
51 3237
54 3237
51 3237
5 3237
70 3237
8 3237
56 3237
61 3237
69 3237
11 3237
64 3237
74 3237
14 3237
17 3237
53 3237
68 3237
12 3238
64 3238
10 3238
56 3238
61 3238
69 3238
14 3238
17 3238
53 3238
68 3238
7 3238
72 3238
17 3238
20 3238
2 3238
5 3238
51 3238
54 3238
58 3238
60 3238
66 3238
67 3238
72 3238
3 3238
66 3238
20 3238
23 3238
52 3238
55 3238
0 3238
23 3238
17 3241
20 3241
57 3241
20 3241
57 3241
20 3241
23 3241
52 3241
55 3241
14 3241
17 3241
53 3241
59 3241
62 3241
0 3241
23 3241
13 3241
64 3241
10 3241
56 3241
61 3241
69 3241
3 3243
5 3243
51 3243
58 3243
72 3243
4 3243
51 3243
1 3243
3 3243
4 3243
58 3243
66 3243
67 3243
4 3243
51 3243
60 3243
66 3243
5 3243
60 3243
66 3243
5 3243
8 3243
56 3243
69 3243
11 3243
64 3243
74 3243
14 3243
17 3243
53 3243
59 3243
62 3243
75 3243
17 3243
20 3243
57 3243
55 3245
21 3245
22 3245
52 3245
55 3245
21 3245
17 3245
20 3245
53 3245
57 3245
0 3245
23 3245
14 3245
17 3245
59 3245
62 3245
75 3245
13 3245
69 3245
10 3245
56 3245
61 3245
69 3246
10 3246
56 3246
61 3246
69 3246
11 3246
64 3246
74 3246
7 3246
51 3246
54 3246
60 3246
72 3246
14 3246
17 3246
59 3246
62 3246
75 3246
2 3246
5 3246
51 3246
58 3246
60 3246
66 3246
3 3246
67 3246
17 3246
20 3246
53 3246
57 3246
20 3246
23 3246
52 3246
55 3246
0 3246
23 3246
2 3248
4 3248
5 3248
51 3248
58 3248
60 3248
66 3248
5 3248
60 3248
66 3248
3 3248
67 3248
3 3248
4 3248
66 3248
51 3248
72 3248
5 3248
72 3248
8 3248
56 3248
69 3248
11 3248
64 3248
74 3248
14 3248
17 3248
59 3248
62 3248
75 3248
17 3248
20 3248
53 3248
57 3248
22 3251
52 3251
55 3251
20 3251
52 3251
17 3251
20 3251
53 3251
57 3251
20 3251
52 3251
55 3251
21 3251
0 3251
23 3251
14 3251
17 3251
59 3251
62 3251
63 3251
13 3251
69 3251
74 3251
10 3251
56 3251
53 3253
18 3253
19 3253
53 3253
57 3253
18 3253
52 3253
55 3253
57 3253
14 3253
17 3253
59 3253
62 3253
63 3253
20 3253
23 3253
52 3253
0 3253
23 3253
13 3253
69 3253
74 3253
10 3253
56 3253
7 3253
51 3253
54 3253
60 3253
66 3253
72 3253
6 3255
7 3255
51 3255
54 3255
60 3255
66 3255
72 3255
5 3255
60 3255
66 3255
60 3255
2 3255
4 3255
5 3255
66 3255
5 3255
51 3255
60 3255
5 3255
3 3255
58 3255
67 3255
8 3255
11 3255
64 3255
68 3255
69 3255
74 3255
14 3255
17 3255
59 3255
62 3255
63 3255
17 3255
20 3255
53 3255
57 3255
8 3260
56 3260
8 3260
7 3260
51 3260
54 3260
60 3260
66 3260
72 3260
2 3260
5 3260
66 3260
11 3260
68 3260
69 3260
74 3260
3 3260
58 3260
67 3260
14 3260
17 3260
59 3260
62 3260
63 3260
17 3260
20 3260
52 3260
53 3260
57 3260
20 3260
23 3260
11 3261
74 3261
12 3261
69 3261
74 3261
14 3261
17 3261
59 3261
62 3261
63 3261
10 3261
56 3261
70 3261
17 3261
20 3261
52 3261
53 3261
55 3261
57 3261
7 3261
51 3261
54 3261
60 3261
66 3261
72 3261
2 3261
5 3261
66 3261
20 3261
23 3261
3 3261
58 3261
67 3261
0 3261
23 3261
73 3261
51 3262
72 3262
6 3262
51 3262
54 3262
60 3262
66 3262
72 3262
5 3262
6 3262
60 3262
2 3262
5 3262
66 3262
3 3262
58 3262
67 3262
8 3262
11 3262
68 3262
69 3262
74 3262
14 3262
17 3262
59 3262
62 3262
63 3262
17 3262
20 3262
52 3262
53 3262
55 3262
57 3262
19 3266
57 3266
18 3266
19 3266
53 3266
57 3266
18 3266
52 3266
53 3266
55 3266
14 3266
17 3266
59 3266
62 3266
63 3266
20 3266
23 3266
0 3266
23 3266
73 3266
13 3266
68 3266
69 3266
74 3266
10 3266
70 3266
7 3266
51 3266
54 3266
60 3266
66 3266
72 3266
6 3267
51 3267
72 3267
7 3267
72 3267
6 3267
7 3267
51 3267
54 3267
60 3267
66 3267
72 3267
7 3267
56 3267
60 3267
61 3267
72 3267
5 3267
60 3267
66 3267
2 3267
5 3267
66 3267
5 3267
51 3267
8 3267
3 3267
58 3267
67 3267
11 3267
68 3267
69 3267
74 3267
14 3267
17 3267
59 3267
62 3267
63 3267
17 3267
20 3267
52 3267
53 3267
55 3267
57 3267
6 3268
7 3268
51 3268
60 3268
66 3268
5 3268
7 3268
51 3268
56 3268
72 3268
6 3268
51 3268
2 3268
5 3268
5 3268
51 3268
66 3268
56 3268
60 3268
61 3268
72 3268
7 3268
60 3268
61 3268
3 3268
58 3268
67 3268
8 3268
11 3268
68 3268
69 3268
14 3268
17 3268
59 3268
62 3268
63 3268
64 3268
17 3268
20 3268
52 3268
53 3268
55 3268
57 3268
53 3270
55 3270
18 3270
19 3270
57 3270
59 3270
62 3270
19 3270
52 3270
53 3270
55 3270
19 3270
52 3270
14 3270
17 3270
64 3270
20 3270
23 3270
0 3270
23 3270
73 3270
13 3270
68 3270
69 3270
74 3270
10 3270
7 3270
51 3270
56 3270
60 3270
66 3270
11 3271
68 3271
69 3271
13 3271
69 3271
14 3271
17 3271
64 3271
10 3271
72 3271
17 3271
20 3271
52 3271
53 3271
55 3271
7 3271
51 3271
56 3271
60 3271
66 3271
2 3271
5 3271
20 3271
23 3271
3 3271
58 3271
67 3271
0 3271
23 3271
73 3271
6 3273
7 3273
51 3273
56 3273
60 3273
66 3273
7 3273
56 3273
60 3273
66 3273
2 3273
5 3273
5 3273
66 3273
6 3273
51 3273
56 3273
60 3273
61 3273
72 3273
51 3273
72 3273
3 3273
58 3273
67 3273
8 3273
11 3273
68 3273
69 3273
14 3273
17 3273
64 3273
17 3273
20 3273
52 3273
53 3273
55 3273
17 3276
20 3276
52 3276
53 3276
55 3276
59 3276
62 3276
18 3276
52 3276
18 3276
19 3276
52 3276
55 3276
14 3276
17 3276
57 3276
64 3276
20 3276
23 3276
0 3276
23 3276
73 3276
13 3276
68 3276
69 3276
74 3276
10 3276
60 3276
72 3276
7 3276
51 3276
56 3276
61 3276
66 3276
18 3278
52 3278
53 3278
55 3278
19 3278
52 3278
55 3278
57 3278
59 3278
62 3278
20 3278
53 3278
20 3278
23 3278
14 3278
17 3278
57 3278
64 3278
0 3278
23 3278
73 3278
13 3278
68 3278
10 3278
54 3278
60 3278
72 3278
7 3278
51 3278
56 3278
61 3278
66 3278
8 3280
51 3280
54 3280
60 3280
66 3280
72 3280
7 3280
60 3280
66 3280
60 3280
6 3280
7 3280
51 3280
56 3280
61 3280
66 3280
7 3280
51 3280
56 3280
60 3280
8 3280
74 3280
2 3280
5 3280
67 3280
3 3280
58 3280
11 3280
69 3280
14 3280
17 3280
57 3280
64 3280
17 3280
20 3280
52 3280
53 3280
55 3280
59 3280
62 3280
20 3280
23 3280
56 3285
6 3285
56 3285
66 3285
2 3285
5 3285
67 3285
3 3285
58 3285
8 3285
74 3285
11 3285
69 3285
14 3285
17 3285
57 3285
64 3285
17 3285
20 3285
52 3285
55 3285
59 3285
62 3285
7 3287
51 3287
72 3287
8 3287
51 3287
54 3287
60 3287
72 3287
74 3287
8 3287
72 3287
8 3287
60 3287
66 3287
7 3287
56 3287
61 3287
66 3287
11 3287
69 3287
2 3287
5 3287
67 3287
3 3287
58 3287
14 3287
17 3287
57 3287
64 3287
17 3287
20 3287
52 3287
55 3287
59 3287
62 3287
20 3287
23 3287
53 3287
15 3291
16 3291
69 3291
16 3291
57 3291
64 3291
17 3291
20 3291
52 3291
55 3291
59 3291
62 3291
13 3291
20 3291
23 3291
53 3291
10 3291
51 3291
54 3291
60 3291
72 3291
74 3291
0 3291
23 3291
7 3291
56 3291
61 3291
66 3291
2 3291
5 3291
67 3291
3 3291
58 3291
8 3293
51 3293
60 3293
66 3293
72 3293
7 3293
9 3293
51 3293
72 3293
51 3293
7 3293
56 3293
51 3293
8 3293
9 3293
60 3293
68 3293
72 3293
74 3293
60 3293
2 3293
5 3293
58 3293
67 3293
3 3293
11 3293
69 3293
14 3293
17 3293
57 3293
64 3293
17 3293
20 3293
52 3293
55 3293
59 3293
62 3293
20 3293
23 3293
53 3293
18 3295
52 3295
55 3295
64 3295
55 3295
14 3295
17 3295
57 3295
69 3295
17 3295
52 3295
55 3295
64 3295
17 3295
20 3295
52 3295
59 3295
62 3295
20 3295
23 3295
53 3295
13 3295
0 3295
23 3295
10 3295
51 3295
54 3295
60 3295
66 3295
72 3295
74 3295
7 3295
56 3295
2 3295
5 3295
58 3295
67 3295
16 3296
57 3296
69 3296
14 3296
69 3296
15 3296
52 3296
55 3296
57 3296
64 3296
13 3296
17 3296
20 3296
52 3296
59 3296
62 3296
10 3296
51 3296
54 3296
60 3296
66 3296
72 3296
74 3296
20 3296
23 3296
53 3296
7 3296
56 3296
0 3296
23 3296
2 3296
5 3296
56 3296
58 3296
67 3296
3 3296
8 3298
51 3298
60 3298
66 3298
9 3298
60 3298
66 3298
7 3298
56 3298
66 3298
8 3298
9 3298
51 3298
54 3298
60 3298
68 3298
72 3298
74 3298
8 3298
51 3298
72 3298
2 3298
5 3298
56 3298
58 3298
3 3298
11 3298
63 3298
14 3298
17 3298
57 3298
69 3298
17 3298
20 3298
59 3298
62 3298
20 3298
23 3298
53 3298
15 3301
52 3301
55 3301
64 3301
16 3301
52 3301
16 3301
57 3301
69 3301
17 3301
52 3301
55 3301
17 3301
20 3301
59 3301
62 3301
13 3301
20 3301
23 3301
53 3301
73 3301
10 3301
51 3301
60 3301
66 3301
68 3301
72 3301
74 3301
0 3301
23 3301
7 3301
2 3301
5 3301
56 3301
58 3301
61 3301
3 3301
20 3303
23 3303
53 3303
73 3303
21 3303
22 3303
53 3303
17 3303
20 3303
59 3303
62 3303
64 3303
0 3303
23 3303
14 3303
17 3303
52 3303
55 3303
57 3303
69 3303
13 3303
10 3303
51 3303
60 3303
66 3303
68 3303
72 3303
74 3303
9 3304
10 3304
51 3304
60 3304
66 3304
68 3304
72 3304
74 3304
8 3304
10 3304
51 3304
66 3304
72 3304
74 3304
51 3304
51 3304
8 3304
51 3304
60 3304
7 3304
2 3304
5 3304
56 3304
58 3304
61 3304
11 3304
3 3304
14 3304
17 3304
52 3304
55 3304
57 3304
69 3304
17 3304
20 3304
59 3304
62 3304
64 3304
20 3304
23 3304
53 3304
73 3304
8 3305
10 3305
51 3305
54 3305
60 3305
66 3305
68 3305
72 3305
74 3305
8 3305
9 3305
60 3305
68 3305
60 3305
10 3305
60 3305
72 3305
51 3305
66 3305
74 3305
51 3305
51 3305
11 3305
7 3305
14 3305
17 3305
52 3305
55 3305
57 3305
69 3305
2 3305
5 3305
56 3305
58 3305
61 3305
3 3305
17 3305
20 3305
59 3305
62 3305
64 3305
20 3305
23 3305
53 3305
73 3305
9 3311
10 3311
51 3311
60 3311
66 3311
68 3311
74 3311
60 3311
66 3311
68 3311
8 3311
66 3311
9 3311
51 3311
72 3311
51 3311
7 3311
67 3311
2 3311
5 3311
56 3311
58 3311
61 3311
11 3311
3 3311
14 3311
17 3311
52 3311
55 3311
69 3311
17 3311
20 3311
64 3311
20 3311
23 3311
53 3311
73 3311
9 3312
51 3312
72 3312
9 3312
10 3312
51 3312
60 3312
66 3312
68 3312
74 3312
10 3312
51 3312
54 3312
60 3312
72 3312
10 3312
60 3312
66 3312
68 3312
11 3312
7 3312
67 3312
2 3312
5 3312
56 3312
58 3312
61 3312
14 3312
17 3312
52 3312
55 3312
69 3312
3 3312
17 3312
20 3312
64 3312
20 3312
23 3312
53 3312
73 3312
8 3318
10 3318
51 3318
60 3318
66 3318
72 3318
9 3318
11 3318
51 3318
72 3318
51 3318
10 3318
51 3318
60 3318
11 3318
7 3318
58 3318
67 3318
2 3318
5 3318
56 3318
58 3318
14 3318
17 3318
52 3318
55 3318
69 3318
3 3318
17 3318
20 3318
64 3318
20 3318
23 3318
53 3318
59 3318
62 3318
73 3318
0 3318
23 3318
16 3320
55 3320
69 3320
15 3320
16 3320
52 3320
55 3320
15 3320
16 3320
52 3320
69 3320
17 3320
52 3320
17 3320
20 3320
64 3320
13 3320
60 3320
72 3320
20 3320
23 3320
53 3320
59 3320
62 3320
73 3320
10 3320
66 3320
68 3320
0 3320
23 3320
7 3320
58 3320
2 3320
5 3320
56 3320
3 3320
15 3321
52 3321
69 3321
16 3321
52 3321
55 3321
57 3321
17 3321
69 3321
17 3321
20 3321
64 3321
13 3321
54 3321
60 3321
72 3321
20 3321
23 3321
59 3321
62 3321
73 3321
10 3321
66 3321
68 3321
0 3321
23 3321
7 3321
58 3321
2 3321
5 3321
56 3321
3 3321
8 3323
10 3323
51 3323
60 3323
66 3323
60 3323
66 3323
10 3323
66 3323
10 3323
51 3323
72 3323
11 3323
57 3323
7 3323
58 3323
2 3323
5 3323
56 3323
14 3323
17 3323
52 3323
55 3323
69 3323
3 3323
17 3323
20 3323
64 3323
20 3323
23 3323
59 3323
62 3323
73 3323
15 3326
16 3326
52 3326
55 3326
14 3326
52 3326
14 3326
52 3326
55 3326
15 3326
69 3326
13 3326
51 3326
54 3326
60 3326
72 3326
17 3326
20 3326
64 3326
10 3326
66 3326
20 3326
23 3326
59 3326
62 3326
7 3326
58 3326
74 3326
0 3326
23 3326
53 3326
2 3326
5 3326
56 3326
3 3326
56 3326
25 3328
53 3328
20 3328
23 3328
59 3328
62 3328
23 3328
53 3328
17 3328
20 3328
64 3328
14 3328
17 3328
52 3328
55 3328
69 3328
13 3328
51 3328
54 3328
60 3328
72 3328
10 3330
12 3330
13 3330
51 3330
54 3330
60 3330
66 3330
72 3330
11 3330
60 3330
11 3330
60 3330
11 3330
60 3330
72 3330
51 3330
10 3330
14 3330
17 3330
52 3330
55 3330
69 3330
7 3330
58 3330
74 3330
17 3330
20 3330
64 3330
2 3330
5 3330
3 3330
56 3330
61 3330
20 3330
23 3330
59 3330
62 3330
0 3330
23 3330
53 3330
11 3337
51 3337
72 3337
11 3337
12 3337
51 3337
54 3337
57 3337
60 3337
72 3337
60 3337
66 3337
14 3337
17 3337
52 3337
10 3337
17 3337
20 3337
69 3337
7 3337
58 3337
74 3337
2 3337
5 3337
20 3337
23 3337
59 3337
62 3337
3 3337
56 3337
61 3337
0 3337
23 3337
53 3337
71 3337
12 3343
13 3343
51 3343
57 3343
60 3343
66 3343
72 3343
11 3343
51 3343
72 3343
51 3343
11 3343
51 3343
12 3343
55 3343
60 3343
10 3343
14 3343
17 3343
7 3343
58 3343
74 3343
2 3343
5 3343
17 3343
20 3343
69 3343
73 3343
3 3343
56 3343
20 3343
23 3343
59 3343
62 3343
0 3343
23 3343
53 3343
71 3343
12 3345
14 3345
51 3345
55 3345
60 3345
72 3345
13 3345
55 3345
13 3345
55 3345
12 3345
13 3345
51 3345
57 3345
60 3345
66 3345
72 3345
13 3345
52 3345
55 3345
60 3345
72 3345
60 3345
66 3345
11 3345
51 3345
57 3345
14 3345
17 3345
10 3345
17 3345
20 3345
69 3345
73 3345
7 3345
68 3345
74 3345
2 3345
5 3345
20 3345
23 3345
59 3345
62 3345
64 3345
3 3345
56 3345
61 3345
0 3345
23 3345
53 3345
18 3346
19 3346
69 3346
18 3346
69 3346
73 3346
14 3346
17 3346
20 3346
23 3346
64 3346
0 3346
23 3346
53 3346
13 3346
51 3346
57 3346
60 3346
66 3346
10 3346
7 3346
68 3346
74 3346
12 3348
60 3348
66 3348
66 3348
11 3348
57 3348
66 3348
11 3348
12 3348
51 3348
52 3348
54 3348
55 3348
57 3348
60 3348
66 3348
72 3348
13 3348
51 3348
52 3348
55 3348
72 3348
10 3348
13 3348
52 3348
55 3348
60 3348
72 3348
13 3348
55 3348
60 3348
72 3348
13 3348
52 3348
60 3348
14 3348
17 3348
7 3348
68 3348
74 3348
2 3348
5 3348
17 3348
20 3348
69 3348
73 3348
3 3348
56 3348
61 3348
20 3348
23 3348
64 3348
0 3348
23 3348
53 3348
12 3351
51 3351
52 3351
55 3351
60 3351
66 3351
72 3351
12 3351
13 3351
52 3351
55 3351
60 3351
13 3351
51 3351
52 3351
72 3351
12 3351
13 3351
51 3351
52 3351
55 3351
57 3351
66 3351
13 3351
51 3351
52 3351
55 3351
60 3351
72 3351
51 3351
57 3351
13 3351
55 3351
60 3351
14 3351
17 3351
10 3351
67 3351
17 3351
20 3351
69 3351
73 3351
7 3351
68 3351
74 3351
2 3351
5 3351
20 3351
23 3351
64 3351
3 3351
56 3351
0 3351
23 3351
53 3351
25 3353
59 3353
62 3353
71 3353
75 3353
20 3353
23 3353
64 3353
17 3353
20 3353
69 3353
73 3353
14 3353
17 3353
13 3353
51 3353
52 3353
55 3353
57 3353
66 3353
12 3355
14 3355
51 3355
52 3355
55 3355
60 3355
66 3355
12 3355
13 3355
52 3355
55 3355
60 3355
66 3355
12 3355
13 3355
51 3355
60 3355
13 3355
60 3355
12 3355
13 3355
51 3355
52 3355
55 3355
57 3355
66 3355
51 3355
52 3355
13 3355
51 3355
52 3355
55 3355
60 3355
72 3355
14 3355
17 3355
10 3355
67 3355
17 3355
20 3355
69 3355
73 3355
7 3355
68 3355
2 3355
5 3355
20 3355
23 3355
64 3355
3 3355
56 3355
0 3355
23 3355
53 3355
13 3362
51 3362
72 3362
14 3362
17 3362
60 3362
72 3362
14 3362
52 3362
60 3362
66 3362
13 3362
52 3362
55 3362
66 3362
17 3362
20 3362
69 3362
73 3362
10 3362
58 3362
20 3362
23 3362
64 3362
7 3362
68 3362
0 3362
23 3362
53 3362
59 3362
62 3362
75 3362
2 3362
5 3362
74 3362
3 3362
56 3362
62 3365
14 3368
51 3368
60 3368
66 3368
72 3368
13 3368
51 3368
72 3368
51 3368
13 3368
52 3368
55 3368
66 3368
51 3368
14 3368
17 3368
60 3368
72 3368
14 3368
15 3368
10 3368
58 3368
17 3368
20 3368
69 3368
7 3368
20 3368
23 3368
64 3368
2 3368
5 3368
56 3368
74 3368
3 3368
0 3368
23 3368
59 3368
62 3368
75 3368
12 3370
55 3370
11 3370
52 3370
55 3370
11 3370
51 3370
52 3370
55 3370
66 3370
10 3370
58 3370
14 3370
17 3370
60 3370
72 3370
7 3370
2 3370
5 3370
56 3370
74 3370
17 3370
20 3370
69 3370
3 3370
20 3370
23 3370
64 3370
0 3370
23 3370
59 3370
62 3370
75 3370
17 3371
20 3371
20 3371
69 3371
20 3371
23 3371
14 3371
17 3371
60 3371
72 3371
0 3371
23 3371
59 3371
62 3371
75 3371
13 3371
52 3371
55 3371
10 3371
58 3371
14 3373
60 3373
66 3373
13 3373
52 3373
55 3373
13 3373
66 3373
15 3373
51 3373
72 3373
14 3373
15 3373
17 3373
60 3373
72 3373
60 3373
10 3373
57 3373
58 3373
17 3373
20 3373
7 3373
2 3373
5 3373
56 3373
68 3373
74 3373
20 3373
23 3373
3 3373
0 3373
23 3373
59 3373
62 3373
75 3373
10 3376
52 3376
11 3376
52 3376
55 3376
66 3376
11 3376
10 3376
57 3376
58 3376
14 3376
17 3376
51 3376
54 3376
60 3376
72 3376
7 3376
17 3376
20 3376
2 3376
5 3376
56 3376
68 3376
74 3376
3 3376
20 3376
23 3376
69 3376
71 3376
0 3376
23 3376
59 3376
62 3376
53 3378
27 3378
30 3378
34 3378
37 3378
68 3379
14 3380
16 3380
60 3380
66 3380
15 3380
60 3380
15 3380
16 3380
72 3380
73 3380
15 3380
51 3380
60 3380
72 3380
14 3380
51 3380
17 3380
20 3380
13 3380
52 3380
55 3380
20 3380
23 3380
69 3380
10 3380
57 3380
58 3380
0 3380
23 3380
59 3380
62 3380
7 3380
2 3380
5 3380
56 3380
68 3380
3 3380
15 3387
51 3387
72 3387
15 3387
16 3387
51 3387
60 3387
66 3387
15 3387
16 3387
60 3387
72 3387
73 3387
60 3387
66 3387
14 3387
17 3387
20 3387
13 3387
52 3387
55 3387
20 3387
23 3387
69 3387
10 3387
57 3387
0 3387
23 3387
7 3387
2 3387
5 3387
56 3387
68 3387
3 3387
74 3387
62 3390
14 3393
16 3393
17 3393
51 3393
60 3393
66 3393
72 3393
73 3393
15 3393
51 3393
54 3393
72 3393
51 3393
51 3393
15 3393
16 3393
51 3393
16 3393
60 3393
17 3393
20 3393
13 3393
20 3393
23 3393
69 3393
10 3393
52 3393
55 3393
57 3393
0 3393
23 3393
64 3393
7 3393
56 3393
2 3393
5 3393
3 3393
74 3393
8 3395
52 3395
55 3395
10 3395
52 3395
55 3395
11 3395
7 3395
56 3395
2 3395
5 3395
14 3395
17 3395
51 3395
60 3395
66 3395
72 3395
73 3395
3 3395
74 3395
17 3395
20 3395
20 3395
23 3395
69 3395
21 3396
22 3396
69 3396
22 3396
69 3396
17 3396
20 3396
0 3396
23 3396
64 3396
14 3396
17 3396
51 3396
60 3396
66 3396
72 3396
73 3396
13 3396
10 3396
52 3396
55 3396
57 3396
16 3398
60 3398
66 3398
66 3398
15 3398
16 3398
51 3398
66 3398
73 3398
15 3398
16 3398
51 3398
54 3398
60 3398
72 3398
17 3398
51 3398
72 3398
17 3398
20 3398
13 3398
20 3398
23 3398
69 3398
10 3398
52 3398
55 3398
57 3398
0 3398
23 3398
64 3398
7 3398
56 3398
2 3398
5 3398
3 3398
74 3398
9 3401
52 3401
55 3401
7 3401
56 3401
11 3401
2 3401
5 3401
3 3401
68 3401
74 3401
14 3401
17 3401
51 3401
60 3401
66 3401
17 3401
20 3401
72 3401
20 3401
23 3401
69 3401
27 3403
30 3403
53 3403
28 3403
29 3403
53 3403
34 3403
37 3403
16 3405
60 3405
66 3405
17 3405
60 3405
14 3405
17 3405
51 3405
66 3405
17 3405
20 3405
51 3405
60 3405
72 3405
17 3405
72 3405
51 3405
20 3405
23 3405
69 3405
13 3405
58 3405
0 3405
23 3405
64 3405
10 3405
52 3405
55 3405
7 3405
56 3405
2 3405
5 3405
3 3405
68 3405
74 3405
17 3412
51 3412
72 3412
17 3412
18 3412
60 3412
72 3412
18 3412
19 3412
60 3412
66 3412
20 3412
23 3412
14 3412
16 3412
17 3412
51 3412
66 3412
51 3412
0 3412
23 3412
13 3412
58 3412
10 3412
52 3412
55 3412
7 3412
56 3412
2 3412
5 3412
62 3415
18 3418
51 3418
72 3418
51 3418
14 3418
17 3418
66 3418
17 3418
51 3418
66 3418
17 3418
18 3418
20 3418
51 3418
60 3418
72 3418
60 3418
20 3418
23 3418
13 3418
58 3418
0 3418
23 3418
69 3418
10 3418
52 3418
55 3418
7 3418
57 3418
2 3418
5 3418
52 3420
55 3420
56 3420
7 3420
57 3420
52 3420
55 3420
8 3420
2 3420
5 3420
63 3420
3 3420
68 3420
11 3420
58 3420
14 3420
17 3420
17 3420
20 3420
51 3420
54 3420
60 3420
72 3420
20 3420
23 3420
24 3421
69 3421
20 3421
23 3421
17 3421
20 3421
51 3421
54 3421
60 3421
72 3421
14 3421
17 3421
13 3421
51 3423
72 3423
18 3423
19 3423
51 3423
60 3423
72 3423
18 3423
60 3423
72 3423
19 3423
60 3423
14 3423
17 3423
20 3423
23 3423
0 3423
23 3423
69 3423
13 3423
10 3423
52 3423
55 3423
7 3423
57 3423
52 3426
7 3426
57 3426
7 3426
52 3426
55 3426
56 3426
56 3426
2 3426
5 3426
74 3426
8 3426
3 3426
11 3426
58 3426
73 3426
14 3426
17 3426
17 3426
20 3426
51 3426
60 3426
66 3426
72 3426
27 3428
30 3428
59 3428
62 3428
75 3428
30 3428
53 3428
34 3428
37 3428
18 3430
60 3430
60 3430
18 3430
19 3430
51 3430
66 3430
19 3430
51 3430
60 3430
72 3430
14 3430
17 3430
20 3430
23 3430
0 3430
23 3430
69 3430
13 3430
10 3430
7 3430
55 3430
57 3430
19 3437
51 3437
72 3437
17 3437
19 3437
20 3437
51 3437
60 3437
66 3437
72 3437
20 3437
23 3437
60 3437
72 3437
20 3437
60 3437
0 3437
23 3437
69 3437
14 3437
17 3437
13 3437
10 3437
56 3437
7 3437
52 3437
55 3437
62 3440
20 3443
51 3443
72 3443
51 3443
18 3443
19 3443
66 3443
19 3443
20 3443
51 3443
60 3443
66 3443
60 3443
14 3443
17 3443
20 3443
23 3443
72 3443
0 3443
23 3443
69 3443
13 3443
73 3443
10 3443
56 3443
7 3443
52 3443
55 3443
7 3445
52 3445
55 3445
2 3445
5 3445
57 3445
68 3445
5 3445
55 3445
3 3445
63 3445
8 3445
11 3445
14 3445
17 3445
67 3445
17 3445
20 3445
51 3445
66 3445
32 3453
53 3453
27 3453
30 3453
34 3453
37 3453
40 3453
43 3453
60 3455
66 3455
60 3455
21 3455
22 3455
51 3455
60 3455
72 3455
21 3455
72 3455
17 3455
20 3455
66 3455
0 3455
23 3455
14 3455
17 3455
13 3455
10 3455
20 3462
23 3462
51 3462
60 3462
72 3462
21 3462
51 3462
72 3462
21 3462
22 3462
60 3462
72 3462
17 3462
20 3462
0 3462
23 3462
14 3462
17 3462
58 3462
13 3462
10 3462
62 3465
61 3467
21 3468
22 3468
51 3468
60 3468
66 3468
22 3468
60 3468
72 3468
17 3468
20 3468
0 3468
23 3468
14 3468
17 3468
13 3468
10 3468
1 3470
3 3470
4 3470
55 3470
57 3470
63 3470
4 3470
52 3470
55 3470
5 3470
8 3470
11 3470
14 3470
17 3470
27 3471
69 3471
27 3471
30 3471
34 3471
37 3471
34 3478
53 3478
34 3478
37 3478
27 3478
30 3478
69 3478
40 3478
43 3478
60 3480
20 3480
23 3480
51 3480
60 3480
66 3480
23 3480
60 3480
72 3480
0 3480
23 3480
17 3480
20 3480
67 3480
14 3480
17 3480
13 3480
56 3480
25 3487
51 3487
60 3487
72 3487
23 3487
51 3487
72 3487
20 3487
23 3487
51 3487
66 3487
23 3487
60 3487
66 3487
72 3487
17 3487
20 3487
67 3487
14 3487
17 3487
13 3487
56 3487
62 3490
61 3492
61 3492
24 3493
60 3493
72 3493
20 3493
23 3493
66 3493
17 3493
20 3493
67 3493
14 3493
17 3493
13 3493
75 3494
2 3495
3 3495
52 3495
55 3495
2 3495
5 3495
5 3495
8 3495
11 3495
56 3495
14 3495
17 3495
35 3503
36 3503
75 3503
36 3503
53 3503
40 3503
43 3503
27 3503
30 3503
69 3503
60 3505
25 3505
51 3505
60 3505
66 3505
20 3505
23 3505
17 3505
20 3505
14 3505
17 3505
13 3505
59 3506
2 3520
3 3520
52 3520
55 3520
2 3520
5 3520
5 3520
63 3520
8 3520
65 3520
11 3520
14 3520
17 3520
71 3525
38 3528
53 3528
34 3528
37 3528
59 3528
75 3528
40 3528
43 3528
27 3528
30 3528
46 3528
49 3528
60 3530
51 3543
34 3544
37 3544
37 3544
75 3544
40 3544
43 3544
27 3544
30 3544
70 3544
46 3544
49 3544
1 3545
3 3545
4 3545
4 3545
52 3545
55 3545
5 3545
8 3545
11 3545
14 3545
17 3545
60 3555
60 3555
60 3558
60 3562
60 3568
39 3569
75 3569
40 3569
43 3569
53 3569
34 3569
37 3569
46 3569
49 3569
27 3569
30 3569
51 3569
54 3569
60 3569
72 3569
71 3575
60 3580
60 3580
60 3583
60 3587
60 3593
41 3594
42 3594
75 3594
41 3594
53 3594
34 3594
37 3594
69 3594
46 3594
49 3594