65 0.16 5
64 0.16 5
60 0.16 5
67 0.16 5
54 0.16 5
70 0.16 5
56 0.016 5
56 0.16 4.984
57 0.16 5
69 0.016 5
69 0.16 4.984
61 0.16 5
62 0.016 5
62 0.16 4.984
52 0.16 5
55 0.16 5
68 0.16 5
62 0.16 4.824
61 0.016 4.84
61 0.16 4.824
69 0.16 4.824
57 0.016 4.84
57 0.16 4.824
51 0.16 5
66 0.16 5
58 0.16 5
59 0.16 5
53 0.16 5
63 0.16 5
56 0.16 4.824
70 0.016 4.84
70 0.16 4.824
65 0.16 4.84
64 0.16 4.84
60 0.16 4.84
67 0.16 4.84
54 0.16 4.84
70 0.16 4.664
56 0.016 4.664
56 0.16 4.648
57 0.16 4.664
59 0.016 4.84
59 0.16 4.824
61 0.16 4.664
52 0.016 4.84
52 0.16 4.824
62 0.016 4.664
62 0.16 4.648
69 0.016 4.664
69 0.16 4.648
52 0.16 4.902
61 0.016 4.504
61 0.16 4.488
62 0.016 4.488
62 0.16 4.472
55 0.16 5
68 0.16 4.84
62 0.16 4.55
61 0.016 4.328
61 0.16 4.312
52 0.016 4.742
52 0.16 4.726
69 0.16 4.726
51 0.16 5
66 0.16 5
58 0.16 5
59 0.16 4.902
53 0.16 5
63 0.16 4.84
56 0.16 4.726
70 0.016 4.742
70 0.16 4.726
65 0.16 4.918
64 0.16 4.918
54 0.016 4.918
54 0.16 4.902
58 0.016 5
58 0.16 4.984
60 0.16 4.918
67 0.16 4.918
54 0.16 4.742
58 0.016 4.824
58 0.16 4.808
64 0.016 4.758
64 0.16 4.742
70 0.16 4.566
56 0.016 4.566
56 0.16 4.55
57 0.16 4.742
61 0.16 4.39
59 0.016 4.742
59 0.16 4.726
62 0.016 4.39
62 0.16 4.374
66 0.016 4.84
66 0.16 4.824
52 0.16 5
55 0.16 5
68 0.16 4.918
62 0.16 4.897
54 0.016 4.582
54 0.16 4.566
61 0.016 4.23
61 0.16 4.214
66 0.016 5
66 0.16 4.984
69 0.16 5
51 0.16 5
66 0.16 4.824
54 0.016 4.406
54 0.16 4.39
62 0.016 4.737
62 0.16 4.721
61 0.016 4.054
61 0.16 4.038
58 0.16 4.648
59 0.16 5
53 0.16 5
58 0.016 4.488
58 0.16 4.472
63 0.16 4.918
56 0.16 5
70 0.016 5
70 0.16 4.984
65 0.16 5
64 0.16 5
60 0.16 5
67 0.16 5
54 0.16 4.913
70 0.16 4.824
56 0.016 4.84
56 0.16 4.824
57 0.16 5
61 0.16 4.561
62 0.016 4.561
62 0.16 4.545
66 0.016 4.664
66 0.16 4.648
52 0.16 5
69 0.016 4.84
69 0.16 4.824
55 0.16 5
68 0.16 5
62 0.16 5
53 0.016 5
53 0.16 4.984
61 0.016 4.401
61 0.16 4.385
66 0.016 5
66 0.16 4.984
69 0.16 5
52 0.016 4.84
52 0.16 4.824
51 0.16 5
66 0.16 4.824
53 0.016 4.824
53 0.16 4.808
62 0.016 4.84
62 0.16 4.824
61 0.016 4.225
61 0.16 4.209
58 0.16 5
59 0.16 5
69 0.016 4.84
69 0.16 4.824
53 0.16 4.648
62 0.016 4.664
62 0.16 4.648
66 0.016 4.664
66 0.16 4.648
61 0.016 4.793
61 0.16 4.777
63 0.16 5
56 0.16 5
70 0.016 5
70 0.16 4.984
65 0.16 5
64 0.16 5
60 0.16 5
67 0.16 5
58 0.016 5
58 0.16 4.984
54 0.16 5
69 0.016 4.664
69 0.16 4.648
70 0.16 4.824
56 0.016 4.84
56 0.16 4.824
57 0.16 5
61 0.16 4.617
67 0.016 4.84
67 0.16 4.824
62 0.016 4.488
62 0.16 4.472
66 0.016 4.488
66 0.16 4.472
52 0.16 4.853
59 0.016 4.84
59 0.16 4.824
55 0.16 5
68 0.16 5
62 0.16 4.501
66 0.016 4.501
66 0.16 4.485
67 0.016 4.664
67 0.16 4.648
61 0.016 4.457
61 0.16 4.441
69 0.16 4.677
54 0.016 4.84
54 0.16 4.824
51 0.16 5
66 0.16 4.325
62 0.016 4.341
62 0.16 4.325
67 0.016 4.488
67 0.16 4.472
61 0.016 4.281
61 0.16 4.265
58 0.16 4.824
57 0.016 4.84
57 0.16 4.824
59 0.16 4.853
53 0.16 4.677
63 0.16 5
56 0.16 4.853
70 0.016 4.853
70 0.16 4.837
65 0.16 5
64 0.16 5
60 0.16 5
67 0.16 4.501
54 0.16 4.853
59 0.016 4.693
59 0.16 4.677
70 0.16 4.677
56 0.016 4.693
56 0.16 4.677
57 0.16 4.853
58 0.016 4.765
58 0.16 4.749
61 0.16 4.294
52 0.16 4.794
55 0.16 4.941
68 0.16 5
62 0.16 4.266
66 0.016 4.266
66 0.16 4.25
69 0.16 4.618
51 0.16 4.941
66 0.16 4.09
62 0.016 4.106
62 0.16 4.09
58 0.16 4.589
57 0.016 4.693
57 0.16 4.677
56 0.016 4.517
56 0.16 4.501
70 0.016 4.618
70 0.16 4.602
59 0.16 4.618
53 0.16 4.618
63 0.16 5
56 0.16 4.442
57 0.016 4.618
57 0.16 4.602
64 0.016 4.941
64 0.16 4.925
70 0.016 4.442
70 0.16 4.426
51 0.016 4.781
51 0.16 4.765
58 0.016 4.429
58 0.16 4.413
65 0.16 4.941
64 0.16 4.765
51 0.016 4.605
51 0.16 4.589
56 0.016 4.282
56 0.16 4.266
57 0.016 4.442
57 0.16 4.426
70 0.016 4.266
70 0.16 4.25
58 0.016 4.27
58 0.16 4.254
60 0.16 4.941
67 0.16 4.442
69 0.016 4.458
69 0.16 4.442
54 0.16 4.794
70 0.16 4.09
56 0.016 4.106
56 0.16 4.09
61 0.016 4.235
61 0.16 4.219
57 0.16 4.266
51 0.016 4.429
51 0.16 4.413
58 0.016 4.094
58 0.16 4.078
64 0.016 4.605
64 0.16 4.589
61 0.16 4.059
56 0.016 3.93
56 0.16 3.914
70 0.016 3.93
70 0.16 3.914
52 0.16 4.651
55 0.16 4.798
62 0.016 3.93
62 0.16 3.914
66 0.016 3.947
66 0.16 3.931
70 0.016 3.754
70 0.16 3.738
56 0.016 3.754
56 0.16 3.738
61 0.016 3.899
61 0.16 3.883
68 0.16 4.941
62 0.16 3.771
55 0.016 4.638
55 0.16 4.622
56 0.016 3.578
56 0.16 3.562
66 0.016 3.771
66 0.16 3.755
70 0.016 3.595
70 0.16 3.579
61 0.016 3.723
61 0.16 3.707
69 0.16 4.299
51 0.16 4.27
66 0.16 3.595
55 0.016 4.462
55 0.16 4.446
56 0.016 3.402
56 0.16 3.386
62 0.016 3.611
62 0.16 3.595
70 0.016 3.419
70 0.16 3.403
61 0.016 3.547
61 0.16 3.531
58 0.16 3.918
57 0.016 4.106
57 0.16 4.09
64 0.016 4.429
64 0.16 4.413
59 0.16 4.475
53 0.16 4.475
54 0.016 4.634
54 0.16 4.618
63 0.16 4.941
56 0.16 3.243
70 0.016 3.243
70 0.16 3.227
65 0.16 4.798
64 0.16 4.27
57 0.016 3.947
57 0.16 3.931
58 0.016 4.026
58 0.16 4.01
65 0.016 4.906
65 0.16 4.89
60 0.16 4.798
67 0.16 4.299
59 0.016 4.315
59 0.16 4.299
54 0.16 4.475
70 0.16 3.067
56 0.016 3.083
56 0.16 3.067
57 0.16 3.771
58 0.016 3.85
58 0.16 3.834
63 0.016 4.798
63 0.16 4.782
64 0.016 4.11
64 0.16 4.094
65 0.016 4.73
65 0.16 4.714
61 0.16 3.388
52 0.16 4.759
55 0.16 4.554
68 0.16 4.798
62 0.16 3.703
66 0.016 3.703
66 0.16 3.687
69 0.16 4.407
51 0.16 4.378
66 0.16 3.527
62 0.016 3.543
62 0.16 3.527
58 0.16 3.674
57 0.016 3.611
57 0.16 3.595
63 0.016 4.622
63 0.16 4.606
64 0.016 3.934
64 0.16 3.918
59 0.16 4.407
53 0.16 4.583
63 0.16 4.446
56 0.16 3.175
70 0.016 3.175
70 0.16 3.159
69 0.016 4.247
69 0.16 4.231
65 0.16 4.554
64 0.16 4.026
57 0.016 3.703
57 0.16 3.687
58 0.016 3.77
58 0.16 3.754
60 0.16 4.906
67 0.16 4.407
54 0.16 4.583
70 0.16 2.999
56 0.016 3.015
56 0.16 2.999
69 0.016 4.071
69 0.16 4.055
57 0.16 3.527
58 0.016 3.594
58 0.16 3.578
64 0.016 3.866
64 0.16 3.85
61 0.16 3.496
52 0.16 4.855
55 0.16 4.65
68 0.16 4.906
62 0.16 3.623
66 0.016 3.623
66 0.16 3.607
69 0.16 4.151
51 0.016 4.218
51 0.16 4.202
51 0.16 4.298
69 0.016 3.991
69 0.16 3.975
66 0.16 3.447
62 0.016 3.463
62 0.16 3.447
58 0.16 3.418
57 0.016 3.367
57 0.16 3.351
64 0.016 3.69
64 0.16 3.674
59 0.16 4.503
53 0.16 4.679
67 0.016 4.503
67 0.16 4.487
63 0.16 4.554
56 0.16 3.095
59 0.016 4.343
59 0.16 4.327
70 0.016 3.095
70 0.16 3.079
65 0.16 4.65
64 0.16 3.77
57 0.016 3.447
57 0.16 3.431
60 0.16 5
67 0.16 4.327
54 0.16 4.679
70 0.16 2.919
56 0.016 2.935
56 0.16 2.919
59 0.016 4.167
59 0.16 4.151
57 0.16 3.271
64 0.016 3.61
64 0.16 3.594
61 0.16 3.592
52 0.16 5
55 0.16 5
68 0.16 5
62 0.16 3.983
69 0.16 4.511
65 0.016 5
65 0.16 4.984
51 0.16 4.834
59 0.016 3.991
59 0.16 3.975
66 0.16 3.983
58 0.16 3.954
59 0.16 4.511
51 0.016 4.674
51 0.16 4.658
53 0.16 5
63 0.16 4.65
69 0.016 4.351
69 0.16 4.335
56 0.16 3.455
70 0.016 3.455
70 0.16 3.439
65 0.16 4.824
52 0.016 4.84
52 0.16 4.824
64 0.16 4.13
57 0.016 3.807
57 0.16 3.791
68 0.016 5
68 0.16 4.984
60 0.016 5
60 0.16 4.984
60 0.16 4.824
57 0.016 3.631
57 0.16 3.615
64 0.016 3.97
64 0.16 3.954
68 0.016 4.824
68 0.16 4.808
67 0.16 4.863
54 0.16 5
70 0.16 3.279
56 0.016 3.295
56 0.16 3.279
57 0.16 3.455
60 0.016 4.739
60 0.16 4.723
64 0.016 3.794
64 0.16 3.778
61 0.16 4.128
62 0.016 3.823
62 0.16 3.807
68 0.016 4.648
68 0.16 4.632
52 0.16 4.739
63 0.016 5
63 0.16 4.984
55 0.16 4.915
68 0.16 4.472
61 0.016 3.968
61 0.16 3.952
62 0.16 3.722
69 0.16 4.25
51 0.16 4.573
66 0.16 3.898
58 0.16 3.869
57 0.016 3.295
57 0.16 3.279
60 0.016 4.563
60 0.16 4.547
64 0.016 3.618
64 0.16 3.602
59 0.16 4.426
63 0.016 4.824
63 0.16 4.808
53 0.16 4.915
55 0.016 4.755
55 0.16 4.739
70 0.016 3.194
70 0.16 3.178
56 0.016 3.194
56 0.16 3.178
63 0.16 4.648
59 0.016 4.266
59 0.16 4.25
56 0.16 3.018
70 0.016 3.018
70 0.16 3.002
65 0.16 4.739
64 0.16 3.517
57 0.016 3.194
57 0.16 3.178
58 0.016 4.073
58 0.16 4.057
60 0.16 4.387
61 0.016 3.867
61 0.16 3.851
62 0.016 3.562
62 0.16 3.546
66 0.016 3.738
66 0.16 3.722
67 0.16 4.778
54 0.16 4.915
63 0.016 4.563
63 0.16 4.547
70 0.16 2.842
56 0.016 2.858
56 0.16 2.842
57 0.16 3.018
58 0.016 3.897
58 0.16 3.881
64 0.016 3.357
64 0.16 3.341
61 0.16 3.691
62 0.016 3.386
62 0.16 3.37
52 0.16 4.943
55 0.16 4.943
68 0.16 4.387
62 0.16 3.574
61 0.016 3.531
61 0.16 3.515
69 0.16 4.454
51 0.16 4.777
66 0.16 3.926
58 0.16 3.721
57 0.016 2.858
57 0.16 2.842
64 0.016 3.181
64 0.16 3.165
59 0.16 4.454
53 0.16 5
63 0.16 4.387
56 0.16 3.046
70 0.016 3.046
70 0.16 3.03
65 0.16 4.943
64 0.16 3.369
57 0.016 3.046
57 0.16 3.03
58 0.016 4.271
58 0.16 4.255
60 0.16 4.591
67 0.16 4.982
54 0.16 5
70 0.16 2.87
56 0.016 2.886
56 0.16 2.87
57 0.16 2.87
58 0.016 4.095
58 0.16 4.079
64 0.016 3.209
64 0.16 3.193
61 0.16 3.719
52 0.16 5
55 0.16 5
68 0.16 4.591
62 0.16 4.124
69 0.16 5
51 0.16 5
66 0.16 4.476
58 0.16 3.919
57 0.016 2.71
57 0.16 2.694
64 0.016 3.033
64 0.16 3.017
59 0.16 5
53 0.16 5
63 0.16 4.591
56 0.16 3.42
70 0.016 3.42
70 0.16 3.404
65 0.16 5
64 0.16 3.567
58 0.016 3.969
58 0.16 3.953
57 0.016 3.244
57 0.16 3.228
60 0.16 5
52 0.016 4.84
52 0.16 4.824
67 0.16 5
63 0.016 5
63 0.16 4.984
54 0.16 5
70 0.16 3.244
56 0.016 3.26
56 0.16 3.244
57 0.16 3.068
58 0.016 3.793
58 0.16 3.777
64 0.016 3.407
64 0.16 3.391
61 0.16 4.269
52 0.16 4.874
60 0.016 5
60 0.16 4.984
55 0.16 5
68 0.16 5
62 0.16 4.174
69 0.16 5
51 0.16 5
66 0.16 4.526
58 0.16 3.617
57 0.016 2.908
57 0.16 2.892
64 0.016 3.231
64 0.16 3.215
59 0.16 5
60 0.016 4.824
60 0.16 4.808
53 0.16 5
63 0.16 4.824
56 0.16 3.294
70 0.016 3.294
70 0.16 3.278
65 0.16 5
64 0.16 3.265
58 0.016 4.209
58 0.16 4.193
57 0.016 2.942
57 0.16 2.926
60 0.16 4.648
67 0.16 5
54 0.16 5
70 0.16 3.118
56 0.016 3.134
56 0.16 3.118
57 0.16 2.766
58 0.016 4.033
58 0.16 4.017
64 0.016 3.105
64 0.16 3.089
61 0.16 4.319
52 0.16 5
55 0.16 5
68 0.16 5
62 0.16 4.766
69 0.16 5
51 0.16 5
66 0.16 5
58 0.16 3.857
57 0.016 2.606
57 0.16 2.59
59 0.16 5
53 0.16 5
63 0.16 4.874
56 0.16 3.71
65 0.016 5
65 0.16 4.984
70 0.016 3.71
70 0.16 3.694
63 0.016 5
63 0.16 4.984
65 0.16 4.824
64 0.16 3.681
60 0.16 5
53 0.016 5
53 0.16 4.984
67 0.16 5
54 0.16 5
70 0.16 3.534
56 0.016 3.55
56 0.16 3.534
63 0.016 4.824
63 0.16 4.808
57 0.16 3.182
58 0.016 3.893
58 0.16 3.877
61 0.16 4.911
62 0.016 4.606
62 0.16 4.59
52 0.16 5
55 0.16 5
68 0.16 5
67 0.016 4.84
67 0.16 4.824
62 0.16 4.626
61 0.016 4.751
61 0.16 4.735
69 0.16 5
51 0.16 5
66 0.16 5
58 0.16 3.717
57 0.016 3.022
57 0.16 3.006
59 0.16 5
53 0.16 4.824
63 0.16 4.648
56 0.16 3.57
70 0.016 3.57
70 0.16 3.554
65 0.16 4.86
64 0.16 3.717
60 0.16 5
67 0.16 4.86
54 0.16 5
70 0.16 3.394
56 0.016 3.41
56 0.16 3.394
57 0.16 3.042
58 0.016 3.922
58 0.16 3.906
61 0.16 4.771
62 0.016 4.466
62 0.16 4.45
52 0.16 5
55 0.16 5
68 0.16 5
62 0.16 4.655
61 0.016 4.611
61 0.16 4.595
69 0.16 5
51 0.16 5
66 0.16 5
58 0.16 3.746
57 0.016 2.882
57 0.16 2.866
59 0.16 5
53 0.16 5
63 0.16 4.684
56 0.16 3.599
70 0.016 3.599
70 0.16 3.583
65 0.16 5
64 0.16 3.922
60 0.16 5
67 0.16 5
54 0.16 5
70 0.16 3.423
56 0.016 3.439
56 0.16 3.423
57 0.16 3.071
58 0.016 4.006
58 0.16 3.99
61 0.16 4.8
62 0.016 4.495
62 0.16 4.479
52 0.16 5
55 0.16 5
68 0.16 5
56 0.016 3.263
56 0.16 3.247
70 0.016 3.683
70 0.16 3.667
62 0.16 4.739
61 0.016 4.64
61 0.16 4.624
69 0.16 5
51 0.16 5
66 0.16 5
58 0.16 3.83
57 0.016 2.911
57 0.16 2.895
59 0.16 5
53 0.16 5
63 0.16 4.889
56 0.16 3.507
70 0.016 3.507
70 0.16 3.491
65 0.16 5
64 0.16 4.182
60 0.16 5
55 0.016 4.84
55 0.16 4.824
67 0.16 5
54 0.16 5
70 0.16 3.331
56 0.016 3.347
56 0.16 3.331
57 0.16 3.155
58 0.016 4.058
58 0.16 4.042
61 0.16 4.884
62 0.016 4.579
62 0.16 4.563
52 0.16 5
55 0.16 5
60 0.016 5
60 0.16 4.984
51 0.016 4.84
51 0.16 4.824
68 0.16 5
62 0.16 4.791
61 0.016 4.724
61 0.16 4.708
69 0.16 5
51 0.16 5
60 0.016 4.824
60 0.16 4.808
66 0.16 5
58 0.16 3.882
57 0.016 2.995
57 0.16 2.979
59 0.16 5
53 0.16 5
63 0.16 5
56 0.16 3.559
70 0.016 3.559
70 0.16 3.543
65 0.16 5
68 0.016 5
68 0.16 4.984
64 0.16 4.41
60 0.16 4.648
67 0.16 5
54 0.16 5
70 0.16 3.383
56 0.016 3.399
56 0.16 3.383
57 0.16 3.207
58 0.016 4.243
58 0.16 4.227
61 0.16 4.936
62 0.016 4.631
62 0.16 4.615
52 0.16 5
55 0.16 5
68 0.16 4.824
62 0.16 4.976
61 0.016 4.776
61 0.16 4.76
69 0.16 5
51 0.16 5
66 0.16 5
58 0.16 4.067
57 0.016 3.047
57 0.16 3.031
59 0.16 5
53 0.16 5
63 0.16 5
56 0.16 3.744
70 0.016 3.744
70 0.16 3.728
65 0.16 5
64 0.16 4.771
60 0.16 5
67 0.16 5
54 0.16 5
70 0.16 3.568
56 0.016 3.584
56 0.16 3.568
57 0.16 3.392
58 0.016 4.27
58 0.16 4.254
61 0.16 5
62 0.016 4.816
62 0.16 4.8
52 0.16 5
55 0.16 5
68 0.16 5
62 0.16 5
61 0.016 4.84
61 0.16 4.824
69 0.16 5
51 0.16 5
66 0.16 5
58 0.16 4.094
57 0.016 3.232
57 0.16 3.216
59 0.16 5
53 0.16 5
63 0.16 5
56 0.16 3.771
70 0.016 3.771
70 0.16 3.755
65 0.16 5
64 0.16 4.974
60 0.16 5
67 0.16 5
54 0.16 5
70 0.16 3.595
56 0.016 3.611
56 0.16 3.595
57 0.16 3.419
58 0.016 3.987
58 0.16 3.971
61 0.16 5
62 0.016 4.84
62 0.16 4.824
66 0.016 4.84
66 0.16 4.824
52 0.16 4.893
55 0.16 4.893
68 0.16 5
62 0.16 4.717
61 0.016 4.84
61 0.16 4.824
66 0.016 4.717
66 0.16 4.701
69 0.16 4.893
51 0.16 4.893
66 0.16 4.541
62 0.016 4.557
62 0.16 4.541
61 0.016 4.664
61 0.16 4.648
58 0.16 3.811
57 0.016 3.259
57 0.16 3.243
59 0.16 4.893
53 0.16 4.893
63 0.16 5
56 0.16 3.488
70 0.016 3.488
70 0.16 3.472
65 0.16 4.893
64 0.16 4.867
60 0.16 4.893
67 0.16 4.893
54 0.16 4.893
70 0.16 3.312
56 0.016 3.328
56 0.16 3.312
57 0.16 3.136
58 0.016 3.88
58 0.16 3.864
61 0.16 4.541
62 0.016 4.381
62 0.16 4.365
66 0.016 4.381
66 0.16 4.365
52 0.16 4.962
55 0.16 4.962
68 0.16 4.893
62 0.16 4.434
61 0.016 4.381
61 0.16 4.365
66 0.016 4.434
66 0.16 4.418
69 0.16 4.962
51 0.16 4.962
66 0.16 4.258
62 0.016 4.274
62 0.16 4.258
61 0.016 4.205
61 0.16 4.189
58 0.16 3.704
57 0.016 2.976
57 0.16 2.96
59 0.16 4.962
53 0.16 4.962
63 0.16 4.893
56 0.16 3.381
70 0.016 3.381
70 0.16 3.365
65 0.16 4.962
64 0.16 4.936
60 0.16 4.962
67 0.16 4.962
54 0.16 4.962
70 0.16 3.205
56 0.016 3.221
56 0.16 3.205
57 0.16 3.029
58 0.016 3.773
58 0.16 3.757
61 0.16 4.258
62 0.016 4.098
62 0.16 4.082
66 0.016 4.098
66 0.16 4.082
52 0.16 5
55 0.16 5
68 0.16 4.962
62 0.16 4.151
61 0.016 4.098
61 0.16 4.082
66 0.016 4.151
66 0.16 4.135
69 0.16 5
51 0.16 5
66 0.16 3.975
62 0.016 3.991
62 0.16 3.975
61 0.016 3.922
61 0.16 3.906
58 0.16 3.597
57 0.016 2.869
57 0.16 2.853
64 0.016 4.776
64 0.16 4.76
59 0.16 5
53 0.16 5
63 0.16 4.962
56 0.16 3.274
70 0.016 3.274
70 0.16 3.258
65 0.16 5
64 0.16 4.829
60 0.16 5
67 0.16 5
54 0.16 5
70 0.16 3.098
56 0.016 3.114
56 0.16 3.098
57 0.16 2.922
58 0.016 4.032
58 0.16 4.016
61 0.16 3.975
62 0.016 3.815
62 0.16 3.799
66 0.016 3.815
66 0.16 3.799
52 0.16 5
55 0.16 5
68 0.16 5
62 0.16 4.234
61 0.016 3.815
61 0.16 3.799
66 0.016 4.234
66 0.16 4.218
69 0.16 5
51 0.16 5
66 0.16 4.058
62 0.016 4.074
62 0.16 4.058
61 0.016 3.639
61 0.16 3.623
58 0.16 3.856
57 0.016 2.762
57 0.16 2.746
59 0.16 5
53 0.16 5
63 0.16 5
56 0.16 3.533
55 0.016 4.84
55 0.16 4.824
70 0.016 3.533
70 0.16 3.517
65 0.16 5
64 0.16 5
62 0.016 3.898
62 0.16 3.882
66 0.016 3.898
66 0.16 3.882
61 0.016 4.058
61 0.16 4.042
57 0.016 3.181
57 0.16 3.165
58 0.016 4.375
58 0.16 4.359
60 0.16 5
67 0.16 5
54 0.16 5
70 0.16 3.357
56 0.016 3.373
56 0.16 3.357
55 0.016 4.664
55 0.16 4.648
57 0.16 3.005
58 0.016 4.199
58 0.16 4.183
66 0.016 3.722
66 0.16 3.706
61 0.016 3.882
61 0.16 3.866
62 0.016 3.722
62 0.16 3.706
64 0.016 4.84
64 0.16 4.824
61 0.16 3.706
62 0.016 3.546
62 0.16 3.53
58 0.016 4.023
58 0.16 4.007
66 0.016 3.546
66 0.16 3.53
52 0.16 5
55 0.16 5
56 0.016 3.197
56 0.16 3.181
70 0.016 3.197
70 0.16 3.181
68 0.16 5
62 0.16 4.049
61 0.016 3.546
61 0.16 3.53
66 0.016 4.049
66 0.16 4.033
58 0.016 3.847
58 0.16 3.831
57 0.016 2.845
57 0.16 2.829
69 0.16 5
51 0.16 5
66 0.16 3.873
61 0.016 3.37
61 0.16 3.354
62 0.016 3.889
62 0.16 3.873
58 0.16 3.671
57 0.016 2.669
57 0.16 2.653
59 0.16 5
53 0.16 5
63 0.16 5
56 0.16 3.7
70 0.016 3.7
70 0.16 3.684
65 0.16 5
64 0.16 5
60 0.16 5
67 0.16 5
54 0.16 5
70 0.16 3.524
56 0.016 3.54
56 0.16 3.524
57 0.16 3.172
58 0.016 4.238
58 0.16 4.222
61 0.16 3.873
62 0.016 3.713
62 0.16 3.697
66 0.016 3.713
66 0.16 3.697
52 0.16 5
55 0.16 5
68 0.16 5
62 0.16 4.264
61 0.016 3.713
61 0.16 3.697
66 0.016 4.264
66 0.16 4.248
69 0.16 5
51 0.16 5
66 0.16 4.088
61 0.016 3.537
61 0.16 3.521
62 0.016 4.104
62 0.16 4.088
58 0.16 4.062
57 0.016 3.012
57 0.16 2.996
69 0.016 4.84
69 0.16 4.824
59 0.16 5
53 0.16 5
63 0.16 5
56 0.16 4.091
70 0.016 4.091
70 0.16 4.075
55 0.016 4.84
55 0.16 4.824
65 0.16 5
64 0.16 5
52 0.016 4.84
52 0.16 4.824
69 0.016 4.664
69 0.16 4.648
57 0.016 3.563
57 0.16 3.547
60 0.16 5
67 0.16 5
54 0.16 5
70 0.16 3.915
55 0.016 4.664
55 0.16 4.648
56 0.016 3.931
56 0.16 3.915
57 0.16 3.387
52 0.016 4.664
52 0.16 4.648
58 0.016 4.196
58 0.16 4.18
64 0.016 4.84
64 0.16 4.824
61 0.16 4.088
62 0.016 3.928
62 0.16 3.912
66 0.016 3.928
66 0.16 3.912
69 0.016 4.488
69 0.16 4.472
52 0.16 4.782
58 0.016 4.02
58 0.16 4.004
64 0.016 4.664
64 0.16 4.648
57 0.016 3.227
57 0.16 3.211
55 0.16 4.782
70 0.016 3.755
70 0.16 3.739
56 0.016 3.755
56 0.16 3.739
68 0.16 5
62 0.16 4.046
61 0.016 3.928
61 0.16 3.912
66 0.016 4.046
66 0.16 4.03
69 0.016 4.312
69 0.16 4.296
69 0.16 4.43
61 0.016 3.752
61 0.16 3.736
62 0.016 3.886
62 0.16 3.87
66 0.016 3.87
66 0.16 3.854
51 0.16 5
66 0.16 3.694
61 0.016 3.576
61 0.16 3.56
62 0.016 3.71
62 0.16 3.694
69 0.016 4.27
69 0.16 4.254
58 0.16 3.844
57 0.016 3.051
57 0.16 3.035
59 0.016 4.84
59 0.16 4.824
59 0.16 4.958
57 0.016 2.875
57 0.16 2.859
64 0.016 4.488
64 0.16 4.472
58 0.016 3.684
58 0.16 3.668
53 0.16 5
63 0.16 5
56 0.16 3.873
70 0.016 3.873
70 0.16 3.857
65 0.16 5
64 0.16 4.606
54 0.016 5
54 0.16 4.984
57 0.016 2.993
57 0.16 2.977
60 0.16 5
67 0.16 5
54 0.16 4.824
57 0.016 2.817
57 0.16 2.801
64 0.016 4.446
64 0.16 4.43
58 0.016 3.712
58 0.16 3.696
70 0.16 3.697
56 0.016 3.713
56 0.16 3.697
57 0.16 2.641
54 0.016 4.664
54 0.16 4.648
58 0.016 3.536
58 0.16 3.52
64 0.016 4.27
64 0.16 4.254
61 0.16 3.694
59 0.016 4.798
59 0.16 4.782
62 0.016 3.534
62 0.16 3.518
66 0.016 3.534
66 0.16 3.518
52 0.16 4.826
55 0.16 4.826
68 0.16 5
62 0.16 3.562
59 0.016 4.622
59 0.16 4.606
61 0.016 3.534
61 0.16 3.518
66 0.016 3.562
66 0.16 3.546
69 0.16 4.298
51 0.16 5
66 0.16 3.386
59 0.016 4.446
59 0.16 4.43
61 0.016 3.358
61 0.16 3.342
62 0.016 3.402
62 0.16 3.386
54 0.016 4.488
54 0.16 4.472
58 0.16 3.36
57 0.016 2.481
57 0.16 2.465
59 0.16 4.474
53 0.16 5
63 0.16 5
56 0.16 3.741
70 0.016 3.741
70 0.16 3.725
65 0.16 5
64 0.16 4.298
60 0.16 5
67 0.16 5
54 0.16 4.516
70 0.16 3.565
56 0.016 3.581
56 0.16 3.565
57 0.16 2.509
53 0.016 5
53 0.16 4.984
58 0.016 3.366
58 0.16 3.35
61 0.16 3.386
62 0.016 3.226
62 0.16 3.21
66 0.016 3.226
66 0.16 3.21
52 0.16 4.832
55 0.16 4.832
68 0.16 5
62 0.16 3.216
61 0.016 3.226
61 0.16 3.21
66 0.016 3.216
66 0.16 3.2
69 0.16 4.304
52 0.016 4.672
52 0.16 4.656
51 0.16 5
66 0.16 3.04
61 0.016 3.05
61 0.16 3.034
62 0.016 3.056
62 0.16 3.04
58 0.16 3.19
53 0.016 4.824
53 0.16 4.808
57 0.016 2.349
57 0.16 2.333
59 0.16 4.48
53 0.16 4.648
61 0.016 3.04
61 0.16 3.024
62 0.016 2.88
62 0.16 2.864
66 0.016 2.88
66 0.16 2.864
63 0.16 5
56 0.16 3.571
70 0.016 3.571
70 0.16 3.555
65 0.16 5
64 0.16 4.304
67 0.016 5
67 0.16 4.984
57 0.016 2.339
57 0.16 2.323
58 0.016 3.207
58 0.16 3.191
60 0.16 5
67 0.16 4.824
57 0.016 2.163
57 0.16 2.147
58 0.016 3.031
58 0.16 3.015
64 0.016 4.144
64 0.16 4.128
54 0.16 4.522
70 0.16 3.395
56 0.016 3.411
56 0.16 3.395
57 0.16 1.987
58 0.016 2.855
58 0.16 2.839
67 0.016 4.664
67 0.16 4.648
64 0.016 3.968
64 0.16 3.952
61 0.16 2.864
62 0.016 2.704
62 0.16 2.688
66 0.016 2.704
66 0.16 2.688
52 0.16 4.673
59 0.016 4.32
59 0.16 4.304
69 0.016 4.144
69 0.16 4.128
55 0.16 4.849
68 0.16 5
62 0.16 2.705
61 0.016 2.704
61 0.16 2.688
66 0.016 2.705
66 0.16 2.689
69 0.16 4.145
54 0.016 4.362
54 0.16 4.346
51 0.16 5
66 0.16 2.529
61 0.016 2.528
61 0.16 2.512
62 0.016 2.545
62 0.16 2.529
67 0.016 4.488
67 0.16 4.472
58 0.16 2.679
57 0.016 1.827
57 0.16 1.811
59 0.16 4.321
52 0.016 4.513
52 0.16 4.497
53 0.16 4.665
63 0.16 5
56 0.16 3.412
70 0.016 3.412
70 0.16 3.396
65 0.16 5
64 0.16 3.969
60 0.16 5
67 0.16 4.489
54 0.16 4.363
52 0.016 4.337
52 0.16 4.321
70 0.16 3.236
56 0.016 3.252
56 0.16 3.236
57 0.16 1.828
61 0.16 2.529
62 0.016 2.369
62 0.16 2.353
66 0.016 2.369
66 0.16 2.353
52 0.16 4.856
55 0.16 5
68 0.16 5
62 0.16 2.888
61 0.016 2.369
61 0.16 2.353
66 0.016 2.888
66 0.16 2.872
69 0.16 4.68
51 0.16 5
66 0.16 2.712
61 0.016 2.193
61 0.16 2.177
62 0.016 2.728
62 0.16 2.712
58 0.16 3.214
59 0.16 4.856
53 0.16 5
63 0.16 5
56 0.16 3.771
64 0.016 4.504
64 0.16 4.488
70 0.016 3.771
70 0.16 3.755
57 0.016 2.363
57 0.16 2.347
65 0.16 5
64 0.16 4.328
56 0.016 3.611
56 0.16 3.595
70 0.016 3.595
70 0.16 3.579
57 0.016 2.187
57 0.16 2.171
58 0.016 3.209
58 0.16 3.193
60 0.16 5
67 0.16 5
54 0.16 4.898
70 0.16 3.419
56 0.016 3.435
56 0.16 3.419
58 0.016 3.033
58 0.16 3.017
64 0.016 4.168
64 0.16 4.152
57 0.016 2.011
57 0.16 1.995
57 0.16 1.835
51 0.016 4.84
51 0.16 4.824
55 0.016 4.84
55 0.16 4.824
58 0.016 2.857
58 0.16 2.841
70 0.016 3.259
70 0.16 3.243
56 0.016 3.259
56 0.16 3.243
64 0.016 3.992
64 0.16 3.976
61 0.16 2.712
62 0.016 2.552
62 0.16 2.536
52 0.16 4.851
55 0.16 4.819
68 0.16 5
62 0.16 2.531
61 0.016 2.552
61 0.16 2.536
66 0.016 2.707
66 0.16 2.691
70 0.016 3.238
70 0.16 3.222
56 0.016 3.083
56 0.16 3.067
69 0.16 4.675
51 0.16 4.819
66 0.16 2.531
58 0.16 2.681
57 0.016 1.675
57 0.16 1.659
59 0.16 4.851
53 0.16 4.995
63 0.16 5
56 0.16 3.062
70 0.016 3.062
70 0.16 3.046
65 0.16 4.995
64 0.16 3.971
60 0.16 4.995
67 0.16 4.995
54 0.16 4.893
70 0.16 2.886
56 0.016 2.902
56 0.16 2.886
57 0.16 1.654
58 0.016 3.228
58 0.16 3.212
61 0.16 2.531
62 0.016 2.371
62 0.16 2.355
52 0.16 5
55 0.16 5
68 0.16 4.995
62 0.16 2.902
61 0.016 2.371
61 0.16 2.355
69 0.16 5
51 0.16 5
66 0.16 3.078
58 0.16 3.052
57 0.016 1.494
57 0.16 1.478
63 0.016 4.995
63 0.16 4.979
59 0.16 5
53 0.16 5
63 0.16 4.819
58 0.016 2.892
58 0.16 2.876
64 0.016 4.518
64 0.16 4.502
56 0.16 3.433
70 0.016 3.433
70 0.16 3.417
65 0.16 5
64 0.16 4.342
60 0.16 5
67 0.16 5
54 0.016 5
54 0.16 4.984
54 0.16 4.824
67 0.016 4.84
67 0.16 4.824
70 0.16 3.257
56 0.016 3.273
56 0.16 3.257
57 0.16 2.025
61 0.16 2.902
62 0.016 2.742
62 0.16 2.726
63 0.016 5
63 0.16 4.984
66 0.016 2.918
66 0.16 2.902
52 0.16 5
55 0.16 5
68 0.16 5
62 0.16 3.058
61 0.016 2.742
61 0.16 2.726
63 0.016 4.824
63 0.16 4.808
66 0.016 3.234
66 0.16 3.218
69 0.16 5
56 0.016 3.097
56 0.16 3.081
70 0.016 3.589
70 0.16 3.573
51 0.16 5
66 0.16 3.058
63 0.016 4.648
63 0.16 4.632
58 0.16 3.208
59 0.16 5
53 0.16 5
67 0.016 5
67 0.16 4.984
63 0.16 4.472
56 0.16 3.413
52 0.016 4.84
52 0.16 4.824
70 0.016 3.413
70 0.16 3.397
65 0.16 5
64 0.16 4.674
60 0.16 5
67 0.16 4.824
53 0.016 5
53 0.16 4.984
54 0.16 5
70 0.16 3.237
56 0.016 3.253
56 0.16 3.237
57 0.16 2.357
61 0.16 3.058
62 0.016 2.898
62 0.16 2.882
52 0.16 5
55 0.16 5
68 0.16 5
62 0.16 3.421
61 0.016 2.898
61 0.16 2.882
69 0.16 5
51 0.16 5
66 0.16 3.597
61 0.016 2.722
61 0.16 2.706
62 0.016 3.261
62 0.16 3.245
58 0.16 3.747
64 0.016 4.514
64 0.16 4.498
59 0.16 5
51 0.016 4.84
51 0.16 4.824
53 0.16 4.824
63 0.16 4.804
56 0.16 3.776
54 0.016 5
54 0.16 4.984
70 0.016 3.776
70 0.16 3.76
65 0.16 5
64 0.16 5
68 0.016 5
68 0.16 4.984
60 0.16 5
67 0.16 5
54 0.16 4.824
56 0.016 3.616
56 0.16 3.6
70 0.016 3.6
70 0.16 3.584
70 0.16 3.424
56 0.016 3.44
56 0.16 3.424
57 0.16 2.896
61 0.16 3.245
62 0.016 3.085
62 0.16 3.069
52 0.16 5
65 0.016 5
65 0.16 4.984
55 0.16 5
68 0.16 4.824
62 0.16 3.127
61 0.016 3.085
61 0.16 3.069
69 0.16 5
51 0.16 4.882
66 0.16 3.655
58 0.16 3.805
64 0.016 4.84
64 0.16 4.824
59 0.16 5
65 0.016 4.824
65 0.16 4.808
53 0.16 4.882
63 0.16 5
56 0.16 3.482
70 0.016 3.482
70 0.16 3.466
53 0.016 4.722
53 0.16 4.706
65 0.16 4.648
64 0.16 4.882
58 0.016 4.279
58 0.16 4.263
60 0.16 5
61 0.016 3.127
61 0.16 3.111
62 0.016 2.967
62 0.16 2.951
66 0.016 3.495
66 0.16 3.479
67 0.16 5
54 0.16 4.882
65 0.016 5
65 0.16 4.984
70 0.16 3.306
56 0.016 3.322
56 0.16 3.306
57 0.16 2.954
61 0.16 2.951
60 0.016 5
60 0.16 4.984
62 0.016 2.791
62 0.16 2.775
66 0.016 3.319
66 0.16 3.303
52 0.16 5
55 0.16 5
68 0.16 4.882
62 0.16 3.249
60 0.016 4.824
60 0.16 4.808
61 0.016 2.791
61 0.16 2.775
69 0.16 5
51 0.16 5
66 0.16 3.777
61 0.016 2.615
61 0.16 2.599
62 0.016 3.089
62 0.16 3.073
58 0.16 4.103
64 0.016 4.722
64 0.16 4.706
59 0.16 5
53 0.16 5
63 0.16 5
56 0.16 3.78
67 0.016 5
67 0.16 4.984
70 0.016 3.78
70 0.16 3.764
65 0.16 4.824
64 0.16 5
58 0.016 4.238
58 0.16 4.222
60 0.16 4.648
67 0.16 4.824
54 0.16 5
70 0.16 3.604
56 0.016 3.62
56 0.16 3.604
57 0.16 3.428
61 0.16 3.073
62 0.016 2.913
62 0.16 2.897
66 0.016 3.617
66 0.16 3.601
52 0.16 5
55 0.16 5
68 0.16 5
69 0.016 4.84
69 0.16 4.824
62 0.16 3.032
61 0.016 2.913
61 0.16 2.897
66 0.016 3.736
66 0.16 3.72
69 0.16 4.959
68 0.016 4.84
68 0.16 4.824
51 0.16 5
66 0.16 3.56
61 0.016 2.737
61 0.16 2.721
62 0.016 2.872
62 0.16 2.856
58 0.16 4.062
64 0.016 4.84
64 0.16 4.824
59 0.16 5
53 0.16 5
63 0.16 5
56 0.16 3.739
70 0.016 3.739
70 0.16 3.723
65 0.16 4.959
64 0.16 4.959
58 0.016 4.176
58 0.16 4.16
60 0.16 4.783
67 0.16 4.959
65 0.016 5
65 0.16 4.984
54 0.16 5
70 0.16 3.563
56 0.016 3.579
56 0.16 3.563
57 0.16 3.563
61 0.16 2.856
62 0.016 2.696
62 0.16 2.68
66 0.016 3.4
66 0.16 3.384
52 0.16 5
55 0.16 5
68 0.16 4.959
59 0.016 4.84
59 0.16 4.824
62 0.16 2.794
61 0.016 2.696
61 0.16 2.68
66 0.016 3.498
66 0.16 3.482
69 0.16 5
51 0.16 5
66 0.16 3.322
61 0.016 2.52
61 0.16 2.504
62 0.016 2.634
62 0.16 2.618
58 0.16 4
59 0.16 4.938
53 0.16 5
63 0.16 5
56 0.16 3.677
70 0.016 3.677
70 0.16 3.661
65 0.16 4.824
64 0.16 5
60 0.16 4.897
67 0.16 5
54 0.16 5
70 0.16 3.501
56 0.016 3.517
56 0.16 3.501
57 0.16 3.677
61 0.16 2.618
62 0.016 2.458
62 0.16 2.442
66 0.016 3.162
66 0.16 3.146
52 0.16 5
55 0.16 5
51 0.016 4.84
51 0.16 4.824
68 0.16 5
62 0.16 2.848
61 0.016 2.458
61 0.16 2.442
66 0.016 3.552
66 0.16 3.536
69 0.16 5
51 0.16 5
66 0.16 3.376
61 0.016 2.282
61 0.16 2.266
62 0.016 2.688
62 0.16 2.672
58 0.16 4.406
59 0.16 5
53 0.16 5
63 0.16 5
56 0.16 3.907
65 0.016 5
65 0.16 4.984
70 0.016 3.907
70 0.16 3.891
65 0.16 4.824
56 0.016 3.747
56 0.16 3.731
70 0.016 3.731
70 0.16 3.715
64 0.16 5
60 0.16 5
67 0.16 5
54 0.16 5
70 0.16 3.555
56 0.016 3.571
56 0.16 3.555
63 0.016 5
63 0.16 4.984
65 0.016 4.801
65 0.16 4.785
57 0.16 4.083
58 0.016 4.383
58 0.16 4.367
61 0.16 2.672
62 0.016 2.512
62 0.16 2.496
66 0.016 3.216
66 0.16 3.2
52 0.16 4.977
55 0.16 4.977
68 0.16 5
62 0.16 2.473
61 0.016 2.512
61 0.16 2.496
66 0.016 3.177
66 0.16 3.161
69 0.16 4.977
51 0.16 4.977
66 0.16 3.001
61 0.016 2.336
61 0.16 2.32
62 0.016 2.313
62 0.16 2.297
58 0.16 4.207
57 0.016 3.923
57 0.16 3.907
59 0.16 4.977
53 0.16 4.977
63 0.16 4.824
56 0.16 3.532
70 0.016 3.532
70 0.16 3.516
65 0.16 4.625
64 0.16 4.977
60 0.16 4.977
67 0.16 4.977
54 0.16 4.977
70 0.16 3.356
56 0.016 3.372
56 0.16 3.356
57 0.16 3.884
58 0.016 4.087
58 0.16 4.071
61 0.16 2.297
62 0.016 2.137
62 0.16 2.121
66 0.016 2.841
66 0.16 2.825
52 0.16 4.857
55 0.16 4.857
68 0.16 4.977
62 0.16 2.001
61 0.016 2.137
61 0.16 2.121
66 0.016 2.705
66 0.16 2.689
69 0.16 4.857
51 0.16 4.857
66 0.16 2.529
61 0.016 1.961
61 0.16 1.945
62 0.016 1.841
62 0.16 1.825
58 0.16 3.911
57 0.016 3.724
57 0.16 3.708
59 0.16 4.857
53 0.16 4.857
63 0.16 4.801
56 0.16 3.236
70 0.016 3.236
70 0.16 3.22
65 0.16 4.505
64 0.16 4.857
60 0.16 4.857
67 0.16 4.857
54 0.16 4.857
70 0.16 3.06
56 0.016 3.076
56 0.16 3.06
57 0.16 3.588
58 0.016 4.45
58 0.16 4.434
61 0.16 1.825
62 0.016 1.665
62 0.16 1.649
66 0.016 2.369
66 0.16 2.353
52 0.16 5
55 0.16 5
68 0.16 4.857
62 0.16 2.188
61 0.016 1.665
61 0.16 1.649
66 0.016 2.892
66 0.16 2.876
69 0.16 5
51 0.16 5
66 0.16 2.716
61 0.016 1.489
61 0.16 1.473
62 0.016 2.028
62 0.16 2.012
58 0.16 4.274
57 0.016 3.428
57 0.16 3.412
59 0.16 5
53 0.16 5
63 0.16 4.681
56 0.16 3.599
68 0.016 5
68 0.16 4.984
70 0.016 3.599
70 0.16 3.583
55 0.016 4.84
55 0.16 4.824
65 0.16 5
64 0.16 5
60 0.16 5
67 0.16 5
54 0.16 5
70 0.16 3.423
55 0.016 4.664
55 0.16 4.648
56 0.016 3.439
56 0.16 3.423
60 0.016 4.84
60 0.16 4.824
57 0.16 3.951
58 0.016 4.802
58 0.16 4.786
61 0.16 2.012
62 0.016 1.852
62 0.16 1.836
66 0.016 2.556
66 0.16 2.54
52 0.16 5
55 0.16 5
60 0.016 5
60 0.16 4.984
70 0.016 3.263
70 0.16 3.247
56 0.016 3.263
56 0.16 3.247
68 0.16 4.824
62 0.16 2.364
61 0.016 1.852
61 0.16 1.836
66 0.016 3.068
66 0.16 3.052
69 0.16 5
51 0.16 5
60 0.016 4.824
60 0.16 4.808
55 0.016 4.84
55 0.16 4.824
70 0.016 3.775
70 0.16 3.759
56 0.016 3.087
56 0.16 3.071
66 0.16 2.892
61 0.016 1.676
61 0.16 1.66
62 0.016 2.204
62 0.16 2.188
58 0.16 4.626
57 0.016 3.791
57 0.16 3.775
59 0.16 5
53 0.16 5
63 0.16 5
56 0.16 3.599
70 0.016 3.599
70 0.16 3.583
55 0.016 4.664
55 0.16 4.648
65 0.16 5
68 0.016 5
68 0.16 4.984
64 0.16 5
60 0.16 4.648
67 0.16 5
54 0.16 5
70 0.16 3.423
55 0.016 4.488
55 0.16 4.472
56 0.016 3.439
56 0.16 3.423
57 0.16 4.303
58 0.016 4.843
58 0.16 4.827
61 0.16 2.188
62 0.016 2.028
62 0.16 2.012
66 0.016 2.732
66 0.16 2.716
52 0.16 5
55 0.16 4.689
70 0.016 3.263
70 0.16 3.247
56 0.016 3.263
56 0.16 3.247
68 0.16 4.824
62 0.16 2.229
61 0.016 2.028
61 0.16 2.012
66 0.016 2.933
66 0.16 2.917
69 0.16 5
51 0.16 5
66 0.16 2.757
61 0.016 1.852
61 0.16 1.836
62 0.016 2.069
62 0.16 2.053
58 0.16 4.667
57 0.016 4.143
57 0.16 4.127
59 0.16 5
53 0.16 5
63 0.16 5
60 0.016 4.865
60 0.16 4.849
56 0.16 3.464
70 0.016 3.464
70 0.16 3.448
55 0.016 4.529
55 0.16 4.513
65 0.16 5
64 0.16 5
60 0.16 4.689
63 0.016 5
63 0.16 4.984
67 0.16 5
54 0.16 5
70 0.16 3.288
55 0.016 4.353
55 0.16 4.337
56 0.016 3.304
56 0.16 3.288
57 0.16 4.344
58 0.016 4.78
58 0.16 4.764
61 0.16 2.053
62 0.016 1.893
62 0.16 1.877
66 0.016 2.597
66 0.16 2.581
52 0.16 5
55 0.16 4.45
70 0.016 3.128
70 0.16 3.112
56 0.016 3.128
56 0.16 3.112
68 0.16 5
62 0.16 1.99
61 0.016 1.893
61 0.16 1.877
66 0.016 2.694
66 0.16 2.678
69 0.16 5
51 0.16 5
66 0.16 2.518
61 0.016 1.717
61 0.16 1.701
62 0.016 1.83
62 0.16 1.814
58 0.16 4.604
57 0.016 4.184
57 0.16 4.168
59 0.16 5
53 0.16 5
63 0.16 4.824
56 0.16 3.225
70 0.016 3.225
70 0.16 3.209
55 0.016 4.29
55 0.16 4.274
65 0.16 5
64 0.16 5
60 0.16 4.802
67 0.16 5
54 0.16 5
70 0.16 3.049
55 0.016 4.114
55 0.16 4.098
56 0.016 3.065
56 0.16 3.049
57 0.16 4.281
58 0.016 4.78
58 0.16 4.764
61 0.16 1.814
62 0.016 1.654
62 0.16 1.638
66 0.016 2.358
66 0.16 2.342
52 0.16 5
55 0.16 4.274
70 0.016 2.889
70 0.16 2.873
56 0.016 2.889
56 0.16 2.873
68 0.16 5
62 0.16 1.814
61 0.016 1.654
61 0.16 1.638
66 0.016 2.518
66 0.16 2.502
69 0.16 5
51 0.16 5
66 0.16 2.342
61 0.016 1.478
61 0.16 1.462
62 0.016 1.654
62 0.16 1.638
58 0.16 4.604
57 0.016 4.121
57 0.16 4.105
59 0.16 5
53 0.16 5
63 0.16 4.937
56 0.16 3.049
70 0.016 3.049
70 0.16 3.033
55 0.016 4.114
55 0.16 4.098