2659 73 0 100 70020
2665 62 0 100 81691
2669 75 0 100 58351
2694 75 0 100 46680
2708 54 0 100 128372
2719 75 0 100 23340
2730 60 0 100 140041
2732 70 0 100 93360
2733 54 0 100 116701
2734 73 0 100 128371
2737 72 0 100 163382
2743 51 0 100 140042
2744 75 0 100 23340
2757 70 0 100 70020
2758 54 0 100 93361
2759 73 0 100 128371
2764 67 0 100 128371
2769 75 0 100 35010
2782 70 0 100 46680
2783 54 0 100 70021
2788 64 0 100 23340
2789 67 0 100 116701
2794 75 0 100 46680
2797 58 0 100 116701
2800 71 0 100 128371
2802 65 0 100 128371
2808 54 0 100 46681
2813 64 0 100 46680
2814 67 0 100 93360
2819 75 0 100 58351
2822 58 0 100 105031
2833 54 0 100 35011
2838 64 0 100 58350
2839 67 0 100 81690
2844 75 0 100 70021
2847 58 0 100 81691
2858 54 0 100 11671
2860 56 0 100 140042
2863 64 0 100 70020
2864 67 0 100 58350
2867 61 0 100 116701
2869 75 0 100 93361
2872 58 0 100 58351
2873 66 0 100 23340
2881 59 0 100 105031
2883 54 0 100 23341
2885 56 0 100 128372
2887 72 0 100 46681
2888 64 0 100 81690
2889 67 0 100 46680
2890 62 0 100 116701
2892 61 0 100 105031
2894 75 0 100 105031
2897 58 0 100 46681
2898 66 0 100 35010
2906 59 0 100 128371
2908 54 0 100 35011
2910 56 0 100 105031
2911 74 0 100 128372
2912 72 0 100 58351
2913 64 0 100 93360
2914 67 0 100 23340
2915 62 0 100 128372
2917 61 0 100 93361
2918 51 0 100 35011
2919 75 0 100 128371
2922 58 0 100 23341
2923 66 0 100 58350
2929 68 0 100 116701
2930 60 0 100 58351
2931 59 0 100 140041
2933 54 0 100 46681
2935 56 0 100 81691
2936 74 0 100 116701
2937 72 0 100 70021
2938 64 0 100 116701
2939 67 0 100 11670
2940 62 0 100 128372
2942 61 0 100 70021
2943 51 0 100 46681
2947 58 0 100 11671
2948 66 0 100 58350
2954 68 0 100 116701
2955 60 0 100 70021
2958 54 0 100 70021
2960 56 0 100 58351
2961 74 0 100 93361
2962 72 0 100 81691
2963 64 0 100 128371
2964 67 0 100 23340
2967 61 0 100 46681
2968 51 0 100 70021
2972 58 0 100 23341
2973 66 0 100 81690
2979 68 0 100 93360
2980 60 0 100 81691
2983 54 0 100 81691
2985 56 0 100 46681
2986 74 0 100 70021
2987 72 0 100 93361
2989 67 0 100 46680
2992 61 0 100 35011
2993 51 0 100 81691
2997 58 0 100 46681
2998 66 0 100 81690
3004 68 0 100 70020
3005 60 0 100 105031
3008 54 0 100 93361
3010 56 0 100 23341
3011 74 0 100 46681
3012 72 0 100 116701
3014 67 0 100 58350
3017 61 0 100 11670
3018 51 0 100 93361
3022 58 0 100 58351
3023 66 0 100 93360
3026 52 0 100 116701
3029 68 0 100 46680
3030 60 0 100 116701
3033 54 0 100 116701
3036 74 0 100 35011
3037 72 0 100 128372
3039 67 0 100 70020
3042 61 0 100 23340
3043 51 0 100 116701
3047 58 0 100 70021
3048 66 0 100 105030
3051 52 0 100 105031
3054 68 0 100 35010
3055 60 0 100 140041
3058 54 0 100 128372
3061 74 0 100 23341
3062 72 0 100 151712
3064 67 0 100 93360
3066 57 0 100 81691
3068 51 0 100 128372
3072 58 0 100 93361
3073 66 0 100 128371
3076 52 0 100 81691
3079 68 0 100 11670
3080 60 0 100 140041
3086 74 0 100 11671
3087 72 0 100 163382
3089 67 0 100 105030
3091 57 0 100 58351
3093 51 0 100 140042
3097 58 0 100 105031
3101 52 0 100 58351
3104 68 0 100 23340
3109 73 0 100 116701
3110 56 0 100 70021
3111 74 0 100 23341
3114 67 0 100 128371
3116 57 0 100 46681
3126 52 0 100 46681
3129 68 0 100 35010
3134 73 0 100 105031
3135 56 0 100 81691
3136 74 0 100 46681
3141 57 0 100 23340
3142 61 0 100 93361
3151 52 0 100 23340
3153 53 0 100 128371
3154 68 0 100 46680
3159 73 0 100 81690
3161 74 0 100 58351
3166 57 0 100 23340
3176 52 0 100 11670
3178 53 0 100 128371
3179 68 0 100 70020
3184 73 0 100 58350
3185 56 0 100 116701
3186 74 0 100 70021
3190 62 0 100 128372
3191 57 0 100 23340
3192 61 0 100 128371
3195 55 0 100 35010
3201 52 0 100 23340
3203 53 0 100 105031
3206 59 0 100 128371
3211 74 0 100 93361
3215 62 0 100 128372
3216 57 0 100 46681
3217 61 0 100 151712
3220 55 0 100 46680
3226 52 0 100 35010
3228 53 0 100 93361
3231 59 0 100 116701
3236 74 0 100 105031
3238 64 0 100 128371
3241 57 0 100 58351
3245 55 0 100 46680
3246 69 0 100 128371
3251 52 0 100 46681
3253 53 0 100 70021
3261 74 0 100 128372
3266 57 0 100 70021
3270 55 0 100 70021
3271 69 0 100 116701
3276 52 0 100 70021
3278 53 0 100 58351
3291 57 0 100 93361
3295 55 0 100 81691
3296 69 0 100 93361
3301 52 0 100 81691
3303 53 0 100 46681
3318 51 0 100 140042
3320 55 0 100 93361
3321 69 0 100 81691
3326 52 0 100 93361
3328 53 0 100 23341
3330 60 0 100 128371
3337 72 0 100 128372
3343 51 0 100 128372
3345 55 0 100 116701
3346 69 0 100 70021
3348 66 0 100 128371
3351 52 0 100 116701
3353 53 0 100 11670
3355 60 0 100 116701
3362 72 0 100 105031
3368 51 0 100 105031
3370 55 0 100 128371
3371 69 0 100 58351
3373 66 0 100 116701
3376 52 0 100 128371
3378 53 0 100 23341
3380 60 0 100 93361
3387 72 0 100 93361
3393 51 0 100 93361
3396 69 0 100 46680
3398 66 0 100 93360
3403 53 0 100 46681
3405 60 0 100 81691
3412 72 0 100 70021
3418 51 0 100 81691
3421 69 0 100 23340
3423 66 0 100 81690
3428 53 0 100 58351
3430 60 0 100 70021
3437 72 0 100 58351
3443 51 0 100 70021
3446 69 0 100 11670
3453 53 0 100 81691
3455 60 0 100 46681
3462 72 0 100 46681
3468 51 0 100 70021
3471 69 0 100 35010
3478 53 0 100 105031
3480 60 0 100 46681
3487 72 0 100 23341
3493 51 0 100 46681
3503 53 0 100 116701
3505 60 0 100 35011
3518 51 0 100 35011
3544 75 0 100 128371