51 0
53 1
55 2
52 3
54 4
51 5
53 6
55 7
52 8
54 9
51 10
53 11
55 12
52 13
54 14
51 15
53 16
55 17
52 18
54 19
51 20
53 21
55 22
52 23
54 24
51 25
53 26
55 27
52 28
54 29
51 30
53 31
55 32
52 33
54 34
51 35
53 36
55 37
52 38
54 39
51 40
53 41
55 42
52 43
54 44
51 45
53 46
55 47
52 48
54 49
51 50
53 51
55 52
52 53
54 54
51 55
53 56
55 57
52 58
54 59
51 60
53 61
55 62
52 63
54 64
51 65
53 66
55 67
52 68
54 69
51 70
53 71
55 72
52 73
54 74
51 75
53 76
55 77
52 78
54 79
51 80
53 81
55 82
52 83
54 84
51 85
53 86
55 87
52 88
54 89
51 90
53 91
55 92
52 93
54 94
51 95
53 96
55 97
52 98
54 99
51 100
53 101
55 102
52 103
54 104
51 105
53 106
55 107
52 108
54 109
51 110
53 111
55 112
52 113
54 114
51 115
53 116
55 117
52 118
54 119
51 120
53 121
55 122
52 123
54 124
51 125
53 126
55 127
52 128
54 129
51 130
53 131
55 132
52 133
54 134
51 135
53 136
55 137
52 138
54 139
51 140
53 141
55 142
52 143
54 144
51 145
53 146
55 147
52 148
54 149
51 150
53 151
55 152
52 153
54 154
51 155
53 156
55 157
52 158
54 159
51 160
53 161
55 162
52 163
54 164
51 165
53 166
55 167
52 168
54 169
51 170
53 171
55 172
52 173
54 174
51 175
53 176
55 177
52 178
54 179
51 180
53 181
55 182
52 183
54 184
51 185
53 186
55 187
52 188
54 189
51 190
53 191
55 192
52 193
54 194
51 195
53 196
55 197
52 198
54 199
51 200
53 201
55 202
52 203
54 204
51 205
53 206
55 207
52 208
54 209
51 210
53 211
55 212
52 213
54 214
51 215
53 216
55 217
52 218
54 219
51 220
53 221
55 222
52 223
54 224
51 225
53 226
55 227
52 228
54 229
51 230
53 231
55 232
52 233
54 234
51 235
53 236
55 237
52 238
54 239