3603 56 0 100 81690
3605 78 0 100 93361
3610 58 0 100 70020
3625 55 0 100 116701
3633 56 0 100 81690
3635 78 0 100 93361
3640 58 0 100 58350
3663 56 0 100 58350
3665 78 0 100 70021
3670 58 0 100 46680
3693 56 0 100 46680
3695 78 0 100 58350
3700 58 0 100 35010
3871 76 0 100 46680
3877 67 0 100 58351
3901 76 0 100 35010
3909 70 0 100 70020
3911 62 0 100 58351
3915 71 0 100 46681
3917 77 0 100 46681
3918 59 0 100 46681
3922 65 0 100 58351
3926 80 0 100 35010
3931 76 0 100 11670
3941 62 0 100 81691
3945 71 0 100 70021
3947 77 0 100 58351
3952 65 0 100 46681
3956 80 0 100 58350
3961 76 0 100 23340
3964 51 0 100 105030
3972 68 0 100 116701
3973 57 0 100 81690
3975 71 0 100 81691
3977 77 0 100 70021
3978 59 0 100 81691
3982 65 0 100 70021
3986 80 0 100 81691
3991 76 0 100 35010
3994 51 0 100 81690
3996 54 0 100 105031
4003 57 0 100 58350
4005 71 0 100 105031
4007 77 0 100 93361
4008 59 0 100 105031
4012 65 0 100 81691
4016 80 0 100 105031
4021 76 0 100 46680
4024 51 0 100 58350
4033 57 0 100 46680
4035 71 0 100 116701
4037 77 0 100 116701
4038 59 0 100 128372
4042 65 0 100 105031
4046 80 0 100 116701
4051 76 0 100 70021
4054 51 0 100 46680
4063 57 0 100 23340
4067 77 0 100 116701
4068 59 0 100 128372
4072 65 0 100 116701
4075 55 0 100 128371
4076 80 0 100 128371
4077 74 0 100 140041
4081 76 0 100 70021
4086 54 0 100 151711
4088 53 0 100 140041
4093 57 0 100 23340
4097 77 0 100 128371
4098 59 0 100 140042
4102 65 0 100 140042
4111 76 0 100 93361
4123 57 0 100 23340
4141 76 0 100 105031
4153 57 0 100 46680
4154 79 0 100 128371
4171 76 0 100 128371
4174 51 0 100 58350
4183 57 0 100 58350
4184 79 0 100 116701
4204 51 0 100 70020
4211 62 0 100 128372
4213 57 0 100 70020
4214 79 0 100 93360
4220 60 0 100 128371
4229 75 0 100 151711
4232 61 0 100 128371
4234 51 0 100 93360
4243 57 0 100 93360
4244 79 0 100 70020
4250 60 0 100 116701
4255 55 0 100 23340
4259 75 0 100 128371
4262 61 0 100 116701
4264 51 0 100 93360
4268 53 0 100 35010
4273 57 0 100 105031
4274 79 0 100 46680
4280 60 0 100 93361
4281 64 0 100 116701
4285 55 0 100 35010
4289 75 0 100 116701
4292 61 0 100 93360
4294 51 0 100 116701
4303 57 0 100 128371
4304 79 0 100 46680
4310 60 0 100 70020
4311 64 0 100 93361
4315 55 0 100 46681
4319 75 0 100 93361
4322 61 0 100 70020
4324 51 0 100 128371
4328 53 0 100 46681
4334 79 0 100 23340
4336 66 0 100 116701
4340 60 0 100 46680
4341 64 0 100 70021
4345 55 0 100 58351
4349 75 0 100 70021
4352 61 0 100 58350
4355 78 0 100 128371
4358 53 0 100 70021
4364 79 0 100 23340
4366 66 0 100 105031
4370 60 0 100 35010
4371 64 0 100 46680
4375 55 0 100 70021
4379 75 0 100 46680
4382 61 0 100 46680
4385 78 0 100 116701
4388 53 0 100 70021
4394 79 0 100 35010
4396 66 0 100 81691
4400 60 0 100 11670
4401 64 0 100 35010
4405 55 0 100 93361
4407 74 0 100 93361
4409 75 0 100 35010
4410 63 0 100 128371
4412 61 0 100 23340
4415 78 0 100 93361
4417 67 0 100 128371
4418 53 0 100 93361
4424 79 0 100 46680
4426 66 0 100 58351
4430 60 0 100 23340
4431 64 0 100 11670
4435 55 0 100 105031
4437 74 0 100 116701
4439 75 0 100 11670
4440 63 0 100 116701
4442 61 0 100 23340
4443 56 0 100 81690
4445 78 0 100 70021
4447 67 0 100 116701
4448 53 0 100 105031
4449 70 0 100 116701
4450 58 0 100 58350
4456 66 0 100 46681
4460 60 0 100 35010
4461 64 0 100 23340
4465 55 0 100 128371
4466 80 0 100 151711
4467 74 0 100 128371
4469 75 0 100 23340
4470 63 0 100 93361
4472 61 0 100 35010
4473 56 0 100 58350
4475 78 0 100 46680
4477 67 0 100 93361
4478 53 0 100 128371
4479 70 0 100 105031
4480 58 0 100 46680
4482 68 0 100 116701
4486 66 0 100 23340
4487 77 0 100 140041
4490 60 0 100 46680
4491 64 0 100 35010
4492 65 0 100 128372
4496 80 0 100 128371
4499 75 0 100 35010
4500 63 0 100 70021
4502 61 0 100 58350
4503 56 0 100 46680
4505 78 0 100 46680
4509 70 0 100 81690
4510 58 0 100 23340
4512 68 0 100 105031
4516 66 0 100 11670
4517 77 0 100 116701
4518 59 0 100 128372
4520 60 0 100 58350
4521 64 0 100 46680
4522 65 0 100 116701
4523 52 0 100 128371
4526 80 0 100 128371
4529 75 0 100 46680
4530 63 0 100 46681
4533 56 0 100 11670
4535 78 0 100 23340
4536 54 0 100 116701
4539 70 0 100 58350
4540 58 0 100 11670
4542 68 0 100 81690
4546 66 0 100 23340
4547 77 0 100 105031
4548 59 0 100 116701
4550 60 0 100 70020
4551 64 0 100 70021
4552 65 0 100 93361
4553 52 0 100 116701
4556 80 0 100 105031
4558 72 0 100 128371
4559 75 0 100 70021
4560 63 0 100 35011
4563 56 0 100 23340
4565 78 0 100 35010
4566 54 0 100 105031
4569 70 0 100 46680
4570 58 0 100 23340
4572 68 0 100 70020
4576 66 0 100 46681
4577 77 0 100 81691
4578 59 0 100 93361
4580 60 0 100 93361
4581 64 0 100 81691
4582 65 0 100 70021
4586 80 0 100 81691
4588 72 0 100 116701
4589 75 0 100 70021
4590 63 0 100 11670
4593 56 0 100 46680
4595 78 0 100 58350
4596 54 0 100 81690
4599 70 0 100 23340
4600 58 0 100 46680
4602 68 0 100 46680
4606 66 0 100 58351
4607 77 0 100 70021
4608 59 0 100 70021
4609 69 0 100 128372
4610 60 0 100 105031
4611 64 0 100 93361
4612 65 0 100 70021
4616 80 0 100 58350
4618 72 0 100 93361
4619 75 0 100 93361
4620 63 0 100 23340
4623 56 0 100 58350
4624 51 0 100 140041
4625 78 0 100 70021
4626 54 0 100 58350
4629 70 0 100 11670
4630 58 0 100 58350
4631 62 0 100 81691
4632 68 0 100 35010
4633 57 0 100 128371
4636 66 0 100 70021
4639 69 0 100 128372
4640 60 0 100 128371
4641 64 0 100 116701
4642 65 0 100 58351
4648 72 0 100 81691
4649 75 0 100 105031
4650 63 0 100 35011
4652 61 0 100 140041
4653 56 0 100 70020
4654 51 0 100 140041
4655 78 0 100 81691
4656 54 0 100 46680
4659 70 0 100 23340
4660 58 0 100 70020
4662 68 0 100 11670
4663 57 0 100 116701
4666 66 0 100 93361
4669 69 0 100 105031
4671 64 0 100 128371
4674 73 0 100 128371
4678 72 0 100 70021
4679 75 0 100 128371
4680 63 0 100 46681
4683 56 0 100 81690
4684 51 0 100 116701
4685 78 0 100 93361
4686 54 0 100 23340
4689 70 0 100 46680
4690 58 0 100 93360
4692 68 0 100 23340
4693 57 0 100 93360
4699 69 0 100 93361
4704 73 0 100 116701
4708 72 0 100 58351
4710 63 0 100 70021
4713 56 0 100 93360
4715 78 0 100 105031
4716 54 0 100 11670
4719 70 0 100 58350
4720 58 0 100 93360
4722 68 0 100 35010
4729 69 0 100 70021
4734 73 0 100 93361
4738 72 0 100 46681
4740 63 0 100 81691
4743 56 0 100 116701
4745 78 0 100 128371
4746 54 0 100 23340
4749 70 0 100 70020
4750 58 0 100 116701
4752 68 0 100 46680
4759 69 0 100 58351
4763 52 0 100 35010
4764 73 0 100 81691
4768 72 0 100 23341
4770 63 0 100 93361
4773 56 0 100 128371
4776 54 0 100 46680
4779 70 0 100 93360
4780 58 0 100 128371
4782 68 0 100 70020
4783 57 0 100 58350
4787 77 0 100 70021
4788 59 0 100 70021
4789 69 0 100 46681
4793 52 0 100 81691
4794 73 0 100 70021
4798 72 0 100 11670
4800 63 0 100 116701
4806 54 0 100 58350
4808 53 0 100 128371
4809 70 0 100 105031
4819 69 0 100 23341
4824 73 0 100 58351
4825 55 0 100 128371
4828 72 0 100 35011
4830 63 0 100 128371
4838 53 0 100 116701
4839 70 0 100 128371
4849 69 0 100 11671
4854 73 0 100 46681
4879 69 0 100 23341
4884 73 0 100 23340
4909 69 0 100 46681
4939 69 0 100 58351
4969 69 0 100 81691
4999 69 0 100 105031
5012 61 0 100 116701