24 723
56 723
20 723
23 723
17 723
20 723
60 723
14 723
17 723
13 723
54 725
55 726
52 727
61 727
52 727
46 727
49 727
40 727
43 727
34 727
37 727
59 727
57 733
61 734
54 734
54 740
55 741
46 742
49 742
52 742
47 742
48 742
52 742
40 742
43 742
27 753
56 753
27 753
30 753
34 753
37 753
52 757
46 757
49 757
40 757
43 757
61 764
46 772
49 772
52 772
49 772
52 772
40 772
43 772
61 779
47 787
48 787
52 787
47 787
40 787
43 787
51 787
63 787
62 799
61 809
52 817
61 824
62 829
52 832
61 839
62 844
52 847
61 847
62 847
52 847
52 847
56 847
52 853
61 853
62 853
52 853
56 853
56 854
61 854
62 854
52 854
61 854
62 859
52 862
52 862
52 867
57 868
52 868
61 869
62 870
60 874
62 874
62 874
52 874
52 877
52 877
52 883
61 884
52 892
61 899
52 904
62 904
52 907
62 907
52 907
44 908
51 908
40 908
43 908
59 908
60 908
64 908
46 908
49 908
65 908
34 908
37 908
61 910
27 911
30 911
34 911
37 911
61 913
61 914
54 920
20 920
23 920
23 920
54 920
55 920
0 920
23 920
55 920
63 920
17 920
20 920
14 920
17 920
13 920
20 921
23 921
23 921
54 921
55 921
0 921
23 921
55 921
63 921
17 921
20 921
14 921
17 921
13 921
52 922
41 923
42 923
59 923
42 923
51 923
34 923
37 923
46 923
49 923
25 926
54 926
55 926
63 926
20 926
23 926
54 926
17 926
20 926
14 926
17 926
13 926
61 929
28 934
29 934
57 934
61 934
62 934
28 934
61 934
34 934
37 934
53 934
54 935
21 935
22 935
54 935
55 935
21 935
55 935
63 935
17 935
20 935
0 935
23 935
63 935
14 935
17 935
13 935
10 935
21 936
22 936
54 936
55 936
21 936
55 936
63 936
17 936
20 936
0 936
23 936
14 936
17 936
13 936
10 936
40 938
51 938
40 938
43 938
34 938
37 938
53 938
46 938
49 938
44 939
65 939
40 939
43 939
46 939
49 939
34 939
37 939
53 939
21 941
63 941
22 941
54 941
55 941
23 941
63 941
0 941
23 941
17 941
20 941
14 941
17 941
13 941
10 941
27 949
30 949
58 949
34 949
37 949
20 950
54 950
18 950
19 950
19 950
54 950
55 950
14 950
17 950
20 950
23 950
63 950
0 950
23 950
13 950
10 950
7 950
18 951
54 951
55 951
19 951
55 951
19 951
20 951
55 951
20 951
23 951
63 951
14 951
17 951
0 951
23 951
13 951
10 951
7 951
38 953
51 953
34 953
37 953
59 953
40 953
43 953
65 953
27 953
30 953
58 953
46 953
49 953
64 953
41 954
42 954
65 954
42 954
65 954
34 954
37 954
59 954
46 954
49 954
60 954
64 954
21 956
22 956
63 956
21 956
17 956
20 956
54 956
55 956
0 956
23 956
14 956
17 956
13 956
10 956
25 964
20 964
23 964
17 964
20 964
54 964
55 964
63 964
14 964
17 964
13 964
18 965
54 965
14 965
17 965
17 965
54 965
55 965
17 965
20 965
54 965
55 965
63 965
20 965
23 965
13 965
0 965
23 965
57 965
61 965
62 965
10 965
7 965
2 965
5 965
19 966
54 966
55 966
17 966
55 966
14 966
17 966
17 966
54 966
55 966
18 966
63 966
20 966
23 966
13 966
0 966
23 966
57 966
61 966
62 966
10 966
7 966
2 966
5 966
35 968
36 968
59 968
36 968
51 968
40 968
43 968
27 968
30 968
40 969
53 969
65 969
40 969
43 969
34 969
37 969
51 969
46 969
49 969
60 969
64 969
18 971
19 971
54 971
55 971
63 971
19 971
63 971
14 971
17 971
20 971
23 971
0 971
23 971
52 971
57 971
61 971
62 971
13 971
10 971
7 971
61 974
25 974
57 974
62 974
20 974
23 974
17 974
20 974
55 974
63 974
14 974
17 974
54 974
13 974
20 979
23 979
23 979
57 979
62 979
0 979
23 979
61 979
62 979
17 979
20 979
63 979
14 979
17 979
54 979
55 979
13 979
14 980
16 980
17 980
54 980
55 980
54 980
15 980
16 980
54 980
55 980
17 980
20 980
63 980
13 980
20 980
23 980
57 980
10 980
0 980
23 980
58 980
61 980
7 980
2 980
5 980
3 980
14 981
16 981
17 981
54 981
55 981
15 981
55 981
15 981
16 981
54 981
55 981
17 981
20 981
63 981
13 981
20 981
23 981
57 981
10 981
0 981
23 981
58 981
61 981
7 981
2 981
5 981
3 981
20 982
23 982
57 982
23 982
52 982
57 982
61 982
62 982
0 982
23 982
58 982
61 982
17 982
20 982
63 982
14 982
17 982
54 982
55 982
13 982
36 983
51 983
34 983
51 983
35 983
27 983
30 983
40 983
43 983
53 983
38 984
65 984
34 984
37 984
51 984
40 984
43 984
53 984
27 984
30 984
46 984
49 984
14 986
17 986
54 986
55 986
17 986
63 986
17 986
20 986
63 986
20 986
23 986
57 986
62 986
13 986
0 986
23 986
58 986
10 986
7 986
2 986
5 986
61 989
20 989
23 989
57 989
62 989
23 989
61 989
62 989
0 989
23 989
58 989
17 989
20 989
14 989
17 989
54 989
55 989
63 989
13 989
20 994
23 994
52 994
57 994
61 994
62 994
21 994
22 994
62 994
17 994
20 994
0 994
23 994
58 994
14 994
17 994
55 994
63 994
13 994
10 994
14 995
54 995
55 995
54 995
13 995
54 995
14 995
17 995
63 995
10 995
17 995
20 995
7 995
20 995
23 995
52 995
57 995
61 995
62 995
2 995
5 995
3 995
0 995
23 995
58 995
14 996
54 996
55 996
13 996
55 996
13 996
54 996
55 996
14 996
17 996
63 996
10 996
17 996
20 996
7 996
20 996
23 996
52 996
57 996
61 996
62 996
2 996
5 996
3 996
0 996
23 996
58 996
20 997
23 997
52 997
57 997
61 997
62 997
21 997
22 997
61 997
17 997
20 997
0 997
23 997
58 997
14 997
17 997
63 997
13 997
10 997
51 998
51 998
34 998
37 998
65 998
27 998
30 998
40 998
43 998
35 999
36 999
36 999
65 999
40 999
43 999
56 999
27 999
30 999
14 1001
17 1001
63 1001
15 1001
16 1001
63 1001
17 1001
20 1001
13 1001
20 1001
23 1001
52 1001
61 1001
62 1001
10 1001
0 1001
23 1001
58 1001
7 1001
2 1001
5 1001
3 1001
17 1003
20 1003
20 1003
57 1003
62 1003
20 1003
23 1003
52 1003
61 1003
62 1003
14 1003
17 1003
63 1003
0 1003
23 1003
13 1003
10 1003
61 1004
61 1004
21 1004
22 1004
52 1004
61 1004
62 1004
21 1004
58 1004
17 1004
20 1004
0 1004
23 1004
14 1004
17 1004
63 1004
13 1004
10 1004
21 1007
22 1007
52 1007
57 1007
61 1007
62 1007
22 1007
58 1007
17 1007
20 1007
57 1007
62 1007
0 1007
23 1007
14 1007
17 1007
63 1007
13 1007
54 1007
55 1007
10 1007
18 1009
52 1009
57 1009
61 1009
62 1009
19 1009
20 1009
62 1009
20 1009
23 1009
58 1009
14 1009
17 1009
0 1009
23 1009
13 1009
54 1009
55 1009
10 1009
7 1009
54 1010
12 1010
54 1010
55 1010
10 1010
14 1010
17 1010
7 1010
17 1010
20 1010
57 1010
61 1010
62 1010
2 1010
5 1010
3 1010
20 1010
23 1010
58 1010
0 1010
23 1010
12 1011
13 1011
54 1011
55 1011
11 1011
55 1011
11 1011
54 1011
55 1011
10 1011
14 1011
17 1011
7 1011
2 1011
5 1011
17 1011
20 1011
52 1011
57 1011
61 1011
62 1011
3 1011
20 1011
23 1011
58 1011
0 1011
23 1011
18 1012
52 1012
57 1012
61 1012
62 1012
19 1012
57 1012
20 1012
61 1012
20 1012
23 1012
58 1012
14 1012
17 1012
0 1012
23 1012
13 1012
54 1012
55 1012
10 1012
7 1012
51 1013
27 1013
30 1013
59 1013
51 1013
34 1013
37 1013
65 1013
40 1013
43 1013
34 1014
65 1014
34 1014
37 1014
65 1014
27 1014
30 1014
59 1014
40 1014
43 1014
63 1016
13 1016
54 1016
55 1016
63 1016
14 1016
17 1016
10 1016
17 1016
20 1016
52 1016
57 1016
61 1016
62 1016
7 1016
20 1016
23 1016
58 1016
2 1016
5 1016
3 1016
0 1016
23 1016
18 1018
19 1018
57 1018
62 1018
18 1018
52 1018
57 1018
61 1018
62 1018
14 1018
17 1018
20 1018
23 1018
58 1018
0 1018
23 1018
13 1018
54 1018
55 1018
10 1018
7 1018
61 1019
18 1019
19 1019
57 1019
62 1019
19 1019
52 1019
57 1019
61 1019
62 1019
14 1019
17 1019
20 1019
23 1019
58 1019
0 1019
23 1019
13 1019
54 1019
55 1019
10 1019
7 1019
45 1020
60 1020
64 1020
46 1020
49 1020
40 1020
43 1020
34 1020
37 1020
29 1021
59 1021
27 1021
59 1021
28 1021
51 1021
34 1021
37 1021
17 1022
20 1022
52 1022
57 1022
61 1022
62 1022
20 1022
58 1022
20 1022
23 1022
58 1022
14 1022
17 1022
0 1022
23 1022
13 1022
54 1022
55 1022
63 1022
10 1022
18 1024
19 1024
52 1024
57 1024
61 1024
62 1024
52 1024
62 1024
14 1024
17 1024
17 1024
62 1024
18 1024
58 1024
61 1024
20 1024
23 1024
13 1024
55 1024
63 1024
0 1024
23 1024
10 1024
7 1024
2 1024
5 1024
11 1025
54 1025
10 1025
54 1025
10 1025
54 1025
55 1025
11 1025
63 1025
7 1025
2 1025
5 1025
14 1025
17 1025
57 1025
3 1025
17 1025
20 1025
61 1025
62 1025
20 1025
23 1025
0 1025
23 1025
9 1026
55 1026
10 1026
54 1026
10 1026
54 1026
55 1026
11 1026
63 1026
7 1026
2 1026
5 1026
14 1026
17 1026
57 1026
3 1026
17 1026
20 1026
61 1026
62 1026
20 1026
23 1026
19 1027
52 1027
57 1027
61 1027
62 1027
17 1027
61 1027
14 1027
17 1027
57 1027
17 1027
61 1027
62 1027
18 1027
58 1027
20 1027
23 1027
13 1027
63 1027
0 1027
23 1027
10 1027
54 1027
55 1027
7 1027
2 1027
5 1027
27 1028
30 1028
51 1028
28 1028
29 1028
51 1028
34 1028
37 1028
32 1029
65 1029
27 1029
30 1029
51 1029
34 1029
37 1029
40 1029
43 1029
13 1031
63 1031
11 1031
63 1031
10 1031
54 1031
55 1031
14 1031
17 1031
57 1031
7 1031
2 1031
5 1031
17 1031
20 1031
58 1031
61 1031
3 1031
20 1031
23 1031
0 1031
23 1031
15 1033
16 1033
16 1033
57 1033
17 1033
20 1033
58 1033
61 1033
13 1033
63 1033
20 1033
23 1033
10 1033
54 1033
55 1033
0 1033
23 1033
7 1033
2 1033
5 1033
3 1033
19 1034
52 1034
57 1034
61 1034
62 1034
17 1034
61 1034
61 1034
14 1034
17 1034
57 1034
62 1034
17 1034
61 1034
18 1034
58 1034
20 1034
23 1034
13 1034
63 1034
0 1034
23 1034
10 1034
54 1034
55 1034
7 1034
2 1034
5 1034
40 1035
43 1035
43 1035
60 1035
64 1035
46 1035
49 1035
53 1035
34 1035
37 1035
27 1036
30 1036
51 1036
34 1036
37 1036
17 1037
20 1037
58 1037
18 1037
19 1037
58 1037
14 1037
17 1037
52 1037
57 1037
61 1037
62 1037
20 1037
23 1037
0 1037
23 1037
13 1037
63 1037
10 1037
54 1037
55 1037
7 1037
17 1039
52 1039
62 1039
15 1039
16 1039
57 1039
62 1039
16 1039
52 1039
57 1039
61 1039
62 1039
61 1039
17 1039
20 1039
58 1039
13 1039
63 1039
20 1039
23 1039
10 1039
54 1039
55 1039
0 1039
23 1039
7 1039
2 1039
5 1039
3 1039
9 1040
54 1040
8 1040
54 1040
55 1040
8 1040
55 1040
63 1040
7 1040
2 1040
5 1040
11 1040
3 1040
14 1040
17 1040
52 1040
57 1040
61 1040
62 1040
17 1040
20 1040
58 1040
20 1040
23 1040
10 1041
54 1041
55 1041
63 1041
8 1041
55 1041
8 1041
55 1041
7 1041
2 1041
5 1041
11 1041
3 1041
14 1041
17 1041
52 1041
57 1041
61 1041
62 1041
17 1041
20 1041
58 1041
20 1041
23 1041
14 1042
16 1042
17 1042
52 1042
57 1042
61 1042
62 1042
15 1042
61 1042
15 1042
16 1042
61 1042
62 1042
17 1042
20 1042
58 1042
13 1042
20 1042
23 1042
10 1042
54 1042
55 1042
63 1042
0 1042
23 1042
59 1042
7 1042
2 1042
5 1042
3 1042
51 1043
27 1043
30 1043
34 1043
37 1043
65 1044
27 1044
30 1044
65 1044
34 1044
37 1044
56 1044
40 1044
43 1044
60 1044
64 1044
46 1045
49 1045
49 1045
53 1045
40 1045
43 1045
60 1045
64 1045
8 1046
63 1046
10 1046
63 1046
11 1046
7 1046
2 1046
5 1046
14 1046
17 1046
52 1046
57 1046
61 1046
62 1046
3 1046
17 1046
20 1046
58 1046
20 1046
23 1046
16 1048
52 1048
57 1048
61 1048
62 1048
14 1048
57 1048
15 1048
58 1048
61 1048
13 1048
17 1048
20 1048
58 1048
10 1048
54 1048
55 1048
63 1048
20 1048
23 1048
7 1048
0 1048
23 1048
59 1048
2 1048
5 1048
3 1048
14 1049
17 1049
52 1049
57 1049
61 1049
62 1049
15 1049
61 1049
61 1049
15 1049
16 1049
61 1049
17 1049
20 1049
58 1049
13 1049
20 1049
23 1049
10 1049
54 1049
55 1049
63 1049
0 1049
23 1049
59 1049
7 1049
2 1049
5 1049
3 1049
41 1050
42 1050
60 1050
64 1050
41 1050
60 1050
64 1050
34 1050
37 1050
56 1050
46 1050
49 1050
25 1051
59 1051
20 1051
23 1051
17 1051
20 1051
14 1051
17 1051
58 1051
61 1051
62 1051
13 1051
15 1052
58 1052
16 1052
52 1052
57 1052
61 1052
62 1052
17 1052
58 1052
17 1052
20 1052
13 1052
20 1052
23 1052
10 1052
63 1052
0 1052
23 1052
59 1052
7 1052
54 1052
55 1052
2 1052
5 1052
3 1052
15 1054
52 1054
62 1054
14 1054
52 1054
57 1054
61 1054
62 1054
14 1054
17 1054
58 1054
61 1054
61 1054
13 1054
17 1054
20 1054
10 1054
63 1054
20 1054
23 1054
7 1054
54 1054
55 1054
2 1054
5 1054
0 1054
23 1054
59 1054
3 1054
7 1055
54 1055
6 1055
54 1055
55 1055
2 1055
5 1055
3 1055
8 1055
11 1055
57 1055
62 1055
14 1055
17 1055
58 1055
17 1055
20 1055
5 1056
54 1056
55 1056
63 1056
6 1056
55 1056
7 1056
55 1056
2 1056
5 1056
8 1056
3 1056
11 1056
52 1056
57 1056
61 1056
62 1056
14 1056
17 1056
58 1056
17 1056
20 1056
25 1058
59 1058
20 1058
23 1058
17 1058
20 1058
14 1058
17 1058
58 1058
13 1058
57 1058
27 1059
30 1059
65 1059
28 1059
29 1059
65 1059
34 1059
37 1059
46 1060
49 1060
53 1060
49 1060
53 1060
40 1060
43 1060
63 1061
7 1061
54 1061
55 1061
63 1061
8 1061
2 1061
5 1061
3 1061
11 1061
52 1061
57 1061
61 1061
62 1061
14 1061
17 1061
58 1061
17 1061
20 1061
20 1061
23 1061
11 1063
52 1063
57 1063
61 1063
62 1063
13 1063
57 1063
14 1063
17 1063
58 1063
10 1063
63 1063
17 1063
20 1063
7 1063
54 1063
55 1063
2 1063
5 1063
20 1063
23 1063
3 1063
0 1063
23 1063
51 1063
59 1063
52 1064
57 1064
61 1064
62 1064
13 1064
61 1064
13 1064
57 1064
61 1064
14 1064
17 1064
58 1064
10 1064
63 1064
17 1064
20 1064
7 1064
54 1064
55 1064
20 1064
23 1064
2 1064
5 1064
3 1064
0 1064
23 1064
51 1064
59 1064
60 1065
64 1065
60 1065
64 1065
40 1065
43 1065
34 1065
37 1065
46 1065
49 1065
53 1065
27 1065
30 1065
65 1065
20 1066
23 1066
59 1066
23 1066
59 1066
0 1066
23 1066
51 1066
17 1066
20 1066
14 1066
17 1066
58 1066
13 1066
52 1066
57 1066
61 1066
62 1066
15 1067
16 1067
58 1067
15 1067
17 1067
20 1067
13 1067
52 1067
57 1067
61 1067
62 1067
20 1067
23 1067
59 1067
10 1067
0 1067
23 1067
51 1067
7 1067
54 1067
55 1067
63 1067
2 1067
5 1067
54 1067
55 1067
3 1067
13 1069
62 1069
12 1069
52 1069
57 1069
61 1069
62 1069
10 1069
14 1069
17 1069
58 1069
7 1069
54 1069
55 1069
63 1069
17 1069
20 1069
2 1069
5 1069
54 1069
55 1069
3 1069
20 1069
23 1069
59 1069
0 1069
23 1069
51 1069
5 1070
54 1070
1 1070
3 1070
4 1070
4 1070
54 1070
55 1070
5 1070
63 1070
8 1070
11 1070
52 1070
57 1070
61 1070
62 1070
14 1070
17 1070
58 1070
17 1070
20 1070
3 1071
54 1071
55 1071
63 1071
4 1071
55 1071
1 1071
4 1071
5 1071
55 1071
5 1071
63 1071
8 1071
11 1071
52 1071
61 1071
62 1071
14 1071
17 1071
17 1071
20 1071
24 1073
51 1073
20 1073
23 1073
59 1073
17 1073
20 1073
14 1073
17 1073
13 1073
52 1073
57 1073
61 1073
62 1073
65 1074
27 1074
30 1074
34 1074
37 1074
47 1075
48 1075
53 1075
47 1075
40 1075
43 1075
7 1076
63 1076
2 1076
5 1076
54 1076
55 1076
5 1076
63 1076
3 1076
8 1076
57 1076
11 1076
52 1076
58 1076
61 1076
62 1076
14 1076
17 1076
17 1076
20 1076
38 1077
60 1077
64 1077
34 1077
37 1077
40 1077
43 1077
27 1077
30 1077
46 1077
49 1077
53 1077
52 1078
57 1078
61 1078
62 1078
10 1078
57 1078
11 1078
58 1078
61 1078
62 1078
7 1078
63 1078
14 1078
17 1078
2 1078
5 1078
54 1078
55 1078
3 1078
17 1078
20 1078
20 1078
23 1078
59 1078
0 1078
23 1078
51 1078
13 1079
52 1079
57 1079
61 1079
62 1079
11 1079
61 1079
11 1079
61 1079
62 1079
10 1079
14 1079
17 1079
7 1079
63 1079
2 1079
5 1079
54 1079
55 1079
17 1079
20 1079
3 1079
20 1079
23 1079
59 1079
0 1079
23 1079
51 1079
38 1080
60 1080
64 1080
34 1080
37 1080
40 1080
43 1080
27 1080
30 1080
46 1080
49 1080
53 1080
21 1081
22 1081
59 1081
21 1081
51 1081
17 1081
20 1081
0 1081
23 1081
14 1081
17 1081
13 1081
52 1081
61 1081
62 1081
10 1081
57 1081
13 1082
52 1082
58 1082
61 1082
62 1082
13 1082
58 1082
14 1082
17 1082
10 1082
57 1082
17 1082
20 1082
7 1082
63 1082
2 1082
5 1082
54 1082
55 1082
63 1082
20 1082
23 1082
51 1082
59 1082
3 1082
54 1082
0 1082
23 1082
11 1084
62 1084
10 1084
57 1084
10 1084
52 1084
57 1084
61 1084
62 1084
11 1084
58 1084
7 1084
63 1084
2 1084
5 1084
54 1084
55 1084
63 1084
14 1084
17 1084
3 1084
54 1084
55 1084
17 1084
20 1084
20 1084
23 1084
51 1084
59 1084
0 1084
23 1084
3 1085
54 1085
2 1085
3 1085
54 1085
55 1085
2 1085
5 1085
55 1085
63 1085
5 1085
8 1085
52 1085
57 1085
61 1085
62 1085
11 1085
58 1085
14 1085
17 1085
1 1086
4 1086
54 1086
55 1086
2 1086
55 1086
2 1086
3 1086
55 1086
3 1086
63 1086
5 1086
8 1086
52 1086
57 1086
61 1086
62 1086
11 1086
58 1086
14 1086
17 1086
11 1087
62 1087
10 1087
52 1087
57 1087
62 1087
10 1087
52 1087
61 1087
62 1087
11 1087
58 1087
7 1087
2 1087
5 1087
55 1087
63 1087
14 1087
17 1087
3 1087
54 1087
55 1087
17 1087
20 1087
20 1087
23 1087
51 1087
59 1087
0 1087
23 1087
65 1087
21 1088
22 1088
59 1088
22 1088
51 1088
17 1088
20 1088
0 1088
23 1088
65 1088
14 1088
17 1088
13 1088
58 1088
10 1088
52 1088
57 1088
61 1088
62 1088
25 1089
20 1089
23 1089
51 1089
17 1089
20 1089
14 1089
17 1089
13 1089
58 1089
45 1090
53 1090
46 1090
49 1090
40 1090
43 1090
34 1090
37 1090
60 1090
64 1090
2 1091
5 1091
55 1091
63 1091
3 1091
54 1091
55 1091
3 1091
4 1091
63 1091
5 1091
8 1091
52 1091
57 1091
61 1091
62 1091
11 1091
58 1091
14 1091
17 1091
35 1092
36 1092
36 1092
60 1092
64 1092
40 1092
43 1092
27 1092
30 1092
10 1093
52 1093
57 1093
61 1093
62 1093
8 1093
57 1093
7 1093
2 1093
5 1093
63 1093
11 1093
58 1093
3 1093
54 1093
55 1093
14 1093
17 1093
17 1093
20 1093
59 1093
20 1093
23 1093
51 1093
8 1094
52 1094
57 1094
61 1094
62 1094
9 1094
61 1094
61 1094
10 1094
52 1094
61 1094
62 1094
11 1094
58 1094
7 1094
2 1094
5 1094
63 1094
14 1094
17 1094
3 1094
54 1094
55 1094
17 1094
20 1094
59 1094
20 1094
23 1094
51 1094
35 1095
36 1095
60 1095
64 1095
36 1095
60 1095
64 1095
40 1095
43 1095
27 1095
30 1095
18 1096
19 1096
19 1096
59 1096
14 1096
17 1096
20 1096
23 1096
51 1096
0 1096
23 1096
65 1096
13 1096
58 1096
10 1096
52 1096
57 1096
61 1096
62 1096
7 1096
11 1097
58 1097
11 1097
10 1097
52 1097
57 1097
61 1097
62 1097
14 1097
17 1097
7 1097
2 1097
5 1097
63 1097
17 1097
20 1097
59 1097
3 1097
54 1097
55 1097
63 1097
20 1097
23 1097
51 1097
0 1097
23 1097
65 1097
9 1099
52 1099
62 1099
8 1099
52 1099
57 1099
61 1099
62 1099
8 1099
52 1099
58 1099
61 1099
8 1099
61 1099
7 1099
2 1099
5 1099
63 1099
11 1099
3 1099
54 1099
55 1099
63 1099
14 1099
17 1099
17 1099
20 1099
59 1099
20 1099
23 1099
51 1099
1 1100
54 1100
63 1100
2 1100
5 1100
54 1100
55 1100
63 1100
2 1100
3 1100
63 1100
2 1100
3 1100
55 1100
5 1100
57 1100
8 1100
58 1100
61 1100
11 1100
14 1100
17 1100
2 1101
3 1101
54 1101
55 1101
63 1101
55 1101
2 1101
55 1101
2 1101
5 1101
63 1101
5 1101
57 1101
8 1101
58 1101
61 1101
11 1101
14 1101
17 1101
9 1102
52 1102
62 1102
8 1102
52 1102
57 1102
61 1102
62 1102
8 1102
58 1102
61 1102
8 1102
61 1102
7 1102
2 1102
5 1102
11 1102
3 1102
54 1102
55 1102
63 1102
14 1102
17 1102
17 1102
20 1102
59 1102
20 1102
23 1102
17 1103
20 1103
59 1103
20 1103
51 1103
20 1103
23 1103
14 1103
17 1103
0 1103
23 1103
65 1103
13 1103
58 1103
10 1103
52 1103
57 1103
61 1103
62 1103
24 1104
65 1104
20 1104
23 1104
17 1104
20 1104
59 1104
14 1104
17 1104
13 1104
40 1105
43 1105
43 1105
53 1105
46 1105
49 1105
34 1105
37 1105
60 1105
2 1106
3 1106
54 1106
55 1106
63 1106
1 1106
54 1106
63 1106
2 1106
5 1106
54 1106
55 1106
2 1106
5 1106
52 1106
57 1106
61 1106
62 1106
8 1106
58 1106
11 1106
14 1106
17 1106
34 1107
60 1107
64 1107
34 1107
37 1107
27 1107
30 1107
56 1107
40 1107
43 1107
5 1108
52 1108
57 1108
61 1108
62 1108
7 1108
57 1108
2 1108
5 1108
54 1108
8 1108
58 1108
3 1108
54 1108
55 1108
63 1108
11 1108
14 1108
17 1108
17 1108
20 1108
51 1108
59 1108
52 1109
57 1109
61 1109
62 1109
7 1109
61 1109
61 1109
7 1109
57 1109
52 1109
61 1109
62 1109
8 1109
58 1109
2 1109
5 1109
54 1109
3 1109
54 1109
55 1109
63 1109
11 1109
14 1109
17 1109
17 1109
20 1109
51 1109
59 1109
20 1109
23 1109
34 1110
60 1110
64 1110
34 1110
37 1110
27 1110
30 1110
56 1110
40 1110
43 1110
53 1110
14 1111
17 1111
17 1111
59 1111
17 1111
20 1111
51 1111
20 1111
23 1111
65 1111
13 1111
0 1111
23 1111
10 1111
58 1111
7 1111
52 1111
57 1111
61 1111
62 1111
2 1111
5 1111
54 1111
55 1111
9 1112
58 1112
7 1112
52 1112
57 1112
61 1112
62 1112
11 1112
2 1112
5 1112
54 1112
55 1112
3 1112
55 1112
63 1112
14 1112
17 1112
17 1112
20 1112
51 1112
20 1112
23 1112
65 1112
7 1114
52 1114
61 1114
62 1114
6 1114
62 1114
6 1114
52 1114
57 1114
61 1114
62 1114
2 1114
5 1114
54 1114
55 1114
3 1114
63 1114
8 1114
58 1114
11 1114
14 1114
17 1114
59 1114
17 1114
20 1114
51 1114
3 1115
54 1115
1 1115
3 1115
4 1115
54 1115
55 1115
63 1115
4 1115
54 1115
55 1115
5 1115
52 1115
57 1115
61 1115
62 1115
8 1115
58 1115
11 1115
14 1115
17 1115
59 1115
2 1116
4 1116
5 1116
54 1116
55 1116
55 1116
3 1116
63 1116
3 1116
4 1116
55 1116
5 1116
52 1116
57 1116
61 1116
62 1116
8 1116
58 1116
11 1116
14 1116
17 1116
59 1116
7 1117
52 1117
61 1117
62 1117
6 1117
52 1117
6 1117
52 1117
57 1117
61 1117
62 1117
2 1117
5 1117
54 1117
55 1117
3 1117
63 1117
8 1117
58 1117
11 1117
14 1117
17 1117
59 1117
17 1117
20 1117
51 1117
18 1118
19 1118
51 1118
18 1118
14 1118
17 1118
59 1118
20 1118
23 1118
65 1118
0 1118
23 1118
13 1118
10 1118
58 1118
7 1118
52 1118
57 1118
61 1118
62 1118
21 1119
22 1119
65 1119
22 1119
65 1119
17 1119
20 1119
51 1119
0 1119
23 1119
14 1119
17 1119
59 1119
13 1119
10 1119
58 1119
40 1120
43 1120
53 1120
41 1120
42 1120
53 1120
34 1120
37 1120
46 1120
49 1120
2 1121
3 1121
63 1121
2 1121
5 1121
54 1121
55 1121
63 1121
5 1121
52 1121
61 1121
62 1121
8 1121
11 1121
14 1121
17 1121
59 1121
4 1123
55 1123
57 1123
2 1123
4 1123
5 1123
54 1123
55 1123
57 1123
63 1123
5 1123
52 1123
54 1123
57 1123
61 1123
62 1123
5 1123
52 1123
61 1123
62 1123
3 1123
54 1123
3 1123
63 1123
8 1123
11 1123
14 1123
17 1123
59 1123
17 1123
20 1123
51 1123
6 1124
7 1124
52 1124
54 1124
57 1124
61 1124
62 1124
5 1124
52 1124
61 1124
62 1124
61 1124
2 1124
5 1124
54 1124
55 1124
57 1124
63 1124
5 1124
52 1124
61 1124
62 1124
3 1124
63 1124
8 1124
11 1124
14 1124
17 1124
59 1124
17 1124
20 1124
51 1124
32 1125
60 1125
64 1125
27 1125
30 1125
34 1125
37 1125
40 1125
43 1125
53 1125
15 1126
16 1126
59 1126
15 1126
51 1126
59 1126
17 1126
20 1126
13 1126
20 1126
23 1126
65 1126
10 1126
0 1126
23 1126
7 1126
52 1126
54 1126
55 1126
57 1126
61 1126
62 1126
2 1126
5 1126
52 1126
55 1126
57 1126
62 1126
63 1126
3 1126
7 1127
52 1127
54 1127
55 1127
61 1127
62 1127
7 1127
58 1127
2 1127
5 1127
52 1127
55 1127
57 1127
62 1127
63 1127
8 1127
3 1127
11 1127
14 1127
17 1127
59 1127
17 1127
20 1127
4 1129
5 1129
55 1129
62 1129
3 1129
4 1129
52 1129
63 1129
3 1129
5 1129
52 1129
54 1129
55 1129
57 1129
61 1129
62 1129
63 1129
52 1129
54 1129
61 1129
1 1129
4 1129
57 1129
63 1129
5 1129
52 1129
61 1129
62 1129
5 1129
54 1129
55 1129
58 1129
5 1129
8 1129
11 1129
14 1129
17 1129
51 1129
59 1129
17 1129
20 1129
5 1130
54 1130
61 1130
5 1130
6 1130
54 1130
55 1130
58 1130
4 1130
52 1130
55 1130
62 1130
63 1130
2 1130
4 1130
5 1130
52 1130
57 1130
61 1130
62 1130
63 1130
3 1130
52 1130
57 1130
61 1130
62 1130
63 1130
4 1130
52 1130
61 1130
8 1130
3 1130
11 1130
14 1130
17 1130
51 1130
59 1130
17 1130
20 1130
4 1131
6 1131
7 1131
52 1131
54 1131
55 1131
58 1131
61 1131
62 1131
63 1131
5 1131
55 1131
58 1131
55 1131
2 1131
4 1131
5 1131
52 1131
57 1131
61 1131
62 1131
63 1131
5 1131
54 1131
55 1131
54 1131
3 1131
52 1131
57 1131
61 1131
62 1131
63 1131
4 1131
57 1131
61 1131
62 1131
63 1131
4 1131
52 1131
61 1131
3 1131
8 1131
11 1131
14 1131
17 1131
51 1131
59 1131
17 1131
20 1131
3 1132
5 1132
52 1132
57 1132
61 1132
62 1132
63 1132
4 1132
52 1132
63 1132
4 1132
52 1132
62 1132
63 1132
4 1132
52 1132
61 1132
1 1132
3 1132
4 1132
57 1132
63 1132
4 1132
52 1132
57 1132
61 1132
62 1132
63 1132
5 1132
54 1132
55 1132
58 1132
8 1132
11 1132
14 1132
17 1132
51 1132
59 1132
17 1132
20 1132
17 1134
20 1134
20 1134
65 1134
20 1134
23 1134
14 1134
17 1134
51 1134
59 1134
0 1134
23 1134
13 1134
10 1134
53 1135
53 1135
40 1135
43 1135
34 1135
37 1135
46 1135
49 1135
27 1135
30 1135
52 1136
57 1136
61 1136
62 1136
63 1136
4 1136
61 1136
62 1136
63 1136
52 1136
63 1136
1 1136
3 1136
4 1136
52 1136
57 1136
62 1136
4 1136
52 1136
57 1136
61 1136
62 1136
63 1136
3 1136
52 1136
5 1136
54 1136
55 1136
58 1136
8 1136
11 1136
14 1136
17 1136
51 1136
59 1136
4 1138
57 1138
61 1138
62 1138
63 1138
2 1138
3 1138
3 1138
4 1138
52 1138
57 1138
62 1138
3 1138
4 1138
52 1138
55 1138
61 1138
62 1138
63 1138
52 1138
61 1138
62 1138
63 1138
4 1138
52 1138
62 1138
63 1138
52 1138
61 1138
5 1138
54 1138
55 1138
58 1138
8 1138
11 1138
14 1138
17 1138
51 1138
3 1139
52 1139
57 1139
61 1139
62 1139
63 1139
4 1139
61 1139
62 1139
63 1139
52 1139
61 1139
1 1139
3 1139
4 1139
52 1139
57 1139
61 1139
62 1139
3 1139
4 1139
52 1139
61 1139
62 1139
63 1139
52 1139
5 1139
54 1139
55 1139
58 1139
8 1139
11 1139
14 1139
17 1139
51 1139
13 1141
13 1141
59 1141
14 1141
17 1141
51 1141
10 1141
17 1141
20 1141
65 1141
7 1141
55 1141
58 1141
63 1141
2 1141
5 1141
52 1141
57 1141
61 1141
62 1141
20 1141
23 1141
3 1141
52 1141
57 1141
0 1141
23 1141
56 1141
2 1142
5 1142
52 1142
57 1142
61 1142
62 1142
5 1142
58 1142
63 1142
5 1142
54 1142
55 1142
3 1142
52 1142
57 1142
62 1142
8 1142
11 1142
59 1142
14 1142
17 1142
51 1142
17 1142
20 1142
65 1142
25 1143
56 1143
20 1143
23 1143
17 1143
20 1143
65 1143
14 1143
17 1143
51 1143
13 1143
2 1144
3 1144
62 1144
1 1144
2 1144
52 1144
1 1144
4 1144
52 1144
57 1144
61 1144
62 1144
2 1144
3 1144
52 1144
61 1144
62 1144
3 1144
58 1144
63 1144
5 1144
54 1144
55 1144
63 1144
8 1144
11 1144
59 1144
14 1144
17 1144
51 1144
7 1145
58 1145
63 1145
7 1145
54 1145
55 1145
2 1145
5 1145
52 1145
61 1145
8 1145
3 1145
52 1145
57 1145
61 1145
62 1145
11 1145
59 1145
14 1145
17 1145
51 1145
17 1145
20 1145
65 1145
8 1146
54 1146
55 1146
55 1146
7 1146
58 1146
63 1146
54 1146
55 1146
8 1146
2 1146
5 1146
52 1146
58 1146
61 1146
3 1146
52 1146
57 1146
61 1146
62 1146
11 1146
59 1146
14 1146
17 1146
51 1146
17 1146
20 1146
65 1146
20 1146
23 1146
1 1147
3 1147
52 1147
61 1147
62 1147
2 1147
52 1147
52 1147
2 1147
3 1147
5 1147
58 1147
61 1147
2 1147
52 1147
57 1147
61 1147
62 1147
5 1147
54 1147
55 1147
63 1147
8 1147
11 1147
59 1147
14 1147
17 1147
18 1149
19 1149
65 1149
18 1149
14 1149
17 1149
20 1149
23 1149
0 1149
23 1149
56 1149
13 1149
59 1149
10 1149
54 1149
55 1149
7 1149
58 1149
63 1149
53 1150
34 1150
37 1150
53 1150
40 1150
43 1150
27 1150
30 1150
60 1150
64 1150
46 1150
49 1150
6 1151
63 1151
2 1151
5 1151
58 1151
61 1151
3 1151
52 1151
57 1151
61 1151
62 1151
8 1151
11 1151
59 1151
14 1151
17 1151
17 1151
20 1151
65 1151
2 1153
57 1153
61 1153
62 1153
1 1153
2 1153
4 1153
52 1153
57 1153
61 1153
62 1153
52 1153
61 1153
62 1153
52 1153
3 1153
58 1153
5 1153
55 1153
63 1153
8 1153
11 1153
59 1153
14 1153
17 1153
1 1154
52 1154
57 1154
61 1154
62 1154
61 1154
1 1154
2 1154
5 1154
52 1154
57 1154
58 1154
61 1154
62 1154
2 1154
3 1154
52 1154
5 1154
55 1154
63 1154
8 1154
11 1154
59 1154
14 1154
17 1154
13 1156
59 1156
11 1156
59 1156
10 1156
54 1156
55 1156
14 1156
17 1156
7 1156
2 1156
5 1156
58 1156
17 1156
20 1156
3 1156
52 1156
57 1156
61 1156
62 1156
20 1156
23 1156
0 1156
23 1156
20 1158
23 1158
56 1158
23 1158
56 1158
0 1158
23 1158
17 1158
20 1158
14 1158
17 1158
65 1158
13 1158
59 1158
1 1159
62 1159
3 1159
52 1159
57 1159
61 1159
62 1159
2 1159
52 1159
2 1159
5 1159
57 1159
58 1159
5 1159
63 1159
8 1159
54 1159
55 1159
11 1159
51 1159
14 1159
17 1159
65 1159
9 1160
54 1160
55 1160
7 1160
11 1160
51 1160
2 1160
5 1160
57 1160
58 1160
3 1160
52 1160
57 1160
61 1160
62 1160
14 1160
17 1160
65 1160
17 1160
20 1160
20 1160
23 1160
56 1160
55 1161
9 1161
54 1161
55 1161
7 1161
11 1161
51 1161
2 1161
5 1161
57 1161
58 1161
3 1161
52 1161
57 1161
61 1161
62 1161
14 1161
17 1161
65 1161
17 1161
20 1161
20 1161
23 1161
56 1161
1 1162
3 1162
52 1162
57 1162
58 1162
62 1162
2 1162
52 1162
52 1162
2 1162
3 1162
5 1162
57 1162
58 1162
2 1162
52 1162
57 1162
58 1162
61 1162
62 1162
61 1162
5 1162
63 1162
8 1162
54 1162
55 1162
59 1162
11 1162
51 1162
14 1162
17 1162
65 1162
15 1164
16 1164
16 1164
65 1164
17 1164
20 1164
13 1164
51 1164
59 1164
20 1164
23 1164
56 1164
10 1164
55 1164
63 1164
0 1164
23 1164
7 1164
2 1164
5 1164
57 1164
58 1164
3 1164
52 1164
57 1164
58 1164
61 1164
62 1164
34 1165
37 1165
53 1165
35 1165
36 1165
53 1165
40 1165
43 1165
27 1165
30 1165
8 1166
63 1166
8 1166
54 1166
55 1166
59 1166
7 1166
2 1166
5 1166
52 1166
57 1166
58 1166
11 1166
51 1166
3 1166
52 1166
57 1166
58 1166
61 1166
62 1166
14 1166
17 1166
65 1166
17 1166
20 1166
20 1166
23 1166
56 1166
1 1168
3 1168
4 1168
52 1168
57 1168
58 1168
61 1168
62 1168
2 1168
52 1168
57 1168
58 1168
61 1168
57 1168
61 1168
2 1168
3 1168
52 1168
57 1168
58 1168
62 1168
2 1168
3 1168
52 1168
5 1168
8 1168
54 1168
55 1168
59 1168
11 1168
51 1168
14 1168
17 1168
65 1168
3 1169
52 1169
57 1169
58 1169
61 1169
57 1169
61 1169
61 1169
2 1169
3 1169
52 1169
57 1169
58 1169
61 1169
62 1169
2 1169
3 1169
5 1169
52 1169
57 1169
2 1169
52 1169
58 1169
5 1169
8 1169
54 1169
55 1169
59 1169
11 1169
51 1169
14 1169
17 1169
65 1169
8 1171
55 1171
59 1171
63 1171
9 1171
59 1171
10 1171
59 1171
11 1171
7 1171
2 1171
5 1171
52 1171
57 1171
61 1171
62 1171
14 1171
17 1171
65 1171
3 1171
58 1171
61 1171
17 1171
20 1171
20 1171
23 1171
56 1171
21 1173
22 1173
56 1173
21 1173
17 1173
20 1173
0 1173
23 1173
14 1173
17 1173
65 1173
13 1173
51 1173
54 1173
55 1173
10 1173
59 1173
63 1173
4 1174
57 1174
61 1174
2 1174
3 1174
58 1174
3 1174
4 1174
52 1174
61 1174
62 1174
3 1174
4 1174
52 1174
57 1174
52 1174
5 1174
8 1174
55 1174
59 1174
63 1174
11 1174
14 1174
17 1174
65 1174
54 1175
11 1175
51 1175
54 1175
55 1175
11 1175
54 1175
10 1175
59 1175
63 1175
14 1175
17 1175
65 1175
7 1175
57 1175
2 1175
5 1175
52 1175
57 1175
61 1175
62 1175
17 1175
20 1175
3 1175
58 1175
20 1175
23 1175
56 1175
0 1175
23 1175
55 1176
55 1176
11 1176
51 1176
54 1176
55 1176
11 1176
54 1176
10 1176
59 1176
63 1176
14 1176
17 1176
65 1176
7 1176
57 1176
2 1176
5 1176
52 1176
57 1176
61 1176
62 1176
17 1176
20 1176
3 1176
58 1176
20 1176
23 1176
56 1176
0 1176
23 1176
2 1177
4 1177
5 1177
52 1177
57 1177
61 1177
62 1177
3 1177
5 1177
52 1177
62 1177
4 1177
52 1177
3 1177
58 1177
3 1177
4 1177
52 1177
61 1177
61 1177
5 1177
8 1177
59 1177
63 1177
11 1177
54 1177
14 1177
17 1177
65 1177
17 1177
20 1177
55 1178
11 1178
51 1178
54 1178
55 1178
11 1178
54 1178
10 1178
59 1178
63 1178
14 1178
17 1178
65 1178
7 1178
57 1178
2 1178
5 1178
52 1178
57 1178
61 1178
62 1178
17 1178
20 1178
3 1178
58 1178
20 1178
23 1178
56 1178
0 1178
23 1178
53 1180
53 1180
34 1180
37 1180
27 1180
30 1180
40 1180
43 1180
63 1181
10 1181
59 1181
63 1181
10 1181
51 1181
63 1181
11 1181
54 1181
55 1181
7 1181
52 1181
57 1181
2 1181
5 1181
52 1181
57 1181
61 1181
62 1181
14 1181
17 1181
3 1181
58 1181
17 1181
20 1181
20 1181
23 1181
3 1183
5 1183
52 1183
57 1183
61 1183
62 1183
4 1183
57 1183
61 1183
1 1183
3 1183
4 1183
58 1183
61 1183
4 1183
5 1183
52 1183
57 1183
62 1183
5 1183
52 1183
8 1183
51 1183
59 1183
63 1183
11 1183
54 1183
55 1183
14 1183
17 1183
17 1183
20 1183
2 1184
4 1184
5 1184
52 1184
57 1184
61 1184
62 1184
5 1184
57 1184
61 1184
61 1184
3 1184
58 1184
3 1184
4 1184
61 1184
4 1184
52 1184
5 1184
8 1184
51 1184
59 1184
63 1184
11 1184
54 1184
55 1184
14 1184
17 1184
17 1184
20 1184
8 1186
59 1186
8 1186
51 1186
63 1186
7 1186
52 1186
57 1186
61 1186
62 1186
2 1186
5 1186
52 1186
58 1186
61 1186
11 1186
54 1186
55 1186
65 1186
3 1186
58 1186
14 1186
17 1186
17 1186
20 1186
56 1186
20 1186
23 1186
18 1188
19 1188
19 1188
56 1188
14 1188
17 1188
20 1188
23 1188
0 1188
23 1188
60 1188
64 1188
13 1188
55 1188
63 1188
10 1188
51 1188
59 1188
7 1188
52 1188
57 1188
61 1188
62 1188
6 1189
57 1189
61 1189
2 1189
5 1189
58 1189
5 1189
52 1189
57 1189
61 1189
62 1189
5 1189
6 1189
52 1189
57 1189
59 1189
52 1189
3 1189
8 1189
51 1189
11 1189
54 1189
55 1189
65 1189
14 1189
17 1189
17 1189
20 1189
56 1189
54 1190
13 1190
63 1190
65 1190
13 1190
54 1190
55 1190
65 1190
14 1190
17 1190
10 1190
51 1190
17 1190
20 1190
56 1190
7 1190
52 1190
57 1190
61 1190
62 1190
2 1190
5 1190
58 1190
20 1190
23 1190
3 1190
0 1190
23 1190
60 1190
64 1190
54 1191
55 1191
65 1191
55 1191
13 1191
63 1191
65 1191
13 1191
54 1191
55 1191
65 1191
14 1191
17 1191
10 1191
51 1191
17 1191
20 1191
56 1191
7 1191
52 1191
57 1191
61 1191
62 1191
2 1191
5 1191
58 1191
20 1191
23 1191
3 1191
0 1191
23 1191
60 1191
64 1191
6 1192
7 1192
52 1192
57 1192
61 1192
62 1192
5 1192
7 1192
52 1192
52 1192
2 1192
5 1192
58 1192
5 1192
52 1192
61 1192
3 1192
8 1192
51 1192
11 1192
54 1192
55 1192
63 1192
65 1192
14 1192
17 1192
17 1192
20 1192
56 1192
53 1195
53 1195
27 1195
30 1195
34 1195
37 1195
40 1195
43 1195
5 1198
52 1198
57 1198
59 1198
61 1198
62 1198
6 1198
57 1198
61 1198
6 1198
7 1198
52 1198
57 1198
59 1198
2 1198
5 1198
58 1198
8 1198
3 1198
11 1198
55 1198
63 1198
65 1198
14 1198
17 1198
17 1198
20 1198
56 1198
6 1199
7 1199
52 1199
57 1199
59 1199
61 1199
62 1199
52 1199
57 1199
59 1199
61 1199
62 1199
61 1199
2 1199
5 1199
58 1199
5 1199
61 1199
6 1199
52 1199
59 1199
3 1199
8 1199
11 1199
55 1199
63 1199
65 1199
14 1199
17 1199
17 1199
20 1199
56 1199
5 1201
7 1201
52 1201
57 1201
59 1201
61 1201
62 1201
6 1201
57 1201
61 1201
7 1201
52 1201
61 1201
7 1201
51 1201
52 1201
2 1201
5 1201
58 1201
8 1201
3 1201
11 1201
63 1201
14 1201
17 1201
54 1201
17 1201
20 1201
56 1201
14 1203
17 1203
54 1203
55 1203
17 1203
56 1203
17 1203
20 1203
20 1203
23 1203
60 1203
13 1203
65 1203
0 1203
23 1203
10 1203
52 1203
57 1203
7 1203
58 1203
59 1203
61 1203
2 1203
5 1203
15 1205
16 1205
54 1205
55 1205
15 1205
56 1205
17 1205
20 1205
13 1205
65 1205
20 1205
23 1205
60 1205
64 1205
10 1205
52 1205
57 1205
0 1205
23 1205
7 1205
58 1205
59 1205
2 1205
5 1205
3 1205
55 1206
15 1206
16 1206
54 1206
55 1206
15 1206
56 1206
17 1206
20 1206
13 1206
65 1206
20 1206
23 1206
60 1206
64 1206
10 1206
52 1206
57 1206
0 1206
23 1206
7 1206
58 1206
59 1206
2 1206
5 1206
3 1206
8 1207
51 1207
52 1207
57 1207
61 1207
62 1207
7 1207
52 1207
52 1207
7 1207
58 1207
59 1207
52 1207
61 1207
8 1207
57 1207
2 1207
5 1207
3 1207
11 1207
63 1207
14 1207
17 1207
54 1207
55 1207
56 1207
17 1207
20 1207
20 1207
23 1207
60 1207
64 1207
8 1208
57 1208
61 1208
7 1208
58 1208
59 1208
7 1208
52 1208
61 1208
52 1208
2 1208
5 1208
8 1208
57 1208
65 1208
3 1208
11 1208
63 1208
14 1208
17 1208
54 1208
55 1208
56 1208
17 1208
20 1208
20 1208
23 1208
60 1208
64 1208
28 1210
53 1210
29 1210
30 1210
53 1210
34 1210
37 1210
7 1213
10 1213
52 1213
57 1213
61 1213
62 1213
8 1213
57 1213
61 1213
8 1213
57 1213
8 1213
52 1213
7 1213
58 1213
59 1213
11 1213
63 1213
2 1213
5 1213
59 1213
3 1213
14 1213
17 1213
54 1213
55 1213
56 1213
17 1213
20 1213
20 1213
23 1213
60 1213
64 1213
7 1214
57 1214
61 1214
8 1214
52 1214
57 1214
61 1214
62 1214
65 1214
8 1214
9 1214
57 1214
8 1214
52 1214
7 1214
58 1214
59 1214
11 1214
63 1214
2 1214
5 1214
59 1214
3 1214
14 1214
17 1214
54 1214
55 1214
56 1214
17 1214
20 1214
20 1214
23 1214
60 1214
64 1214
1 1216
3 1216
4 1216
4 1216
59 1216
5 1216
58 1216
8 1216
52 1216
57 1216
61 1216
65 1216
11 1216
14 1216
17 1216
54 1216
55 1216
56 1216
63 1216
15 1218
16 1218
56 1218
63 1218
15 1218
54 1218
55 1218
17 1218
20 1218
13 1218
20 1218
23 1218
60 1218
64 1218
10 1218
52 1218
57 1218
61 1218
62 1218
65 1218
0 1218
23 1218
7 1218
51 1218
2 1218
5 1218
59 1218
3 1218
14 1220
17 1220
55 1220
56 1220
63 1220
17 1220
54 1220
55 1220
17 1220
20 1220
20 1220
23 1220
60 1220
13 1220
0 1220
23 1220
10 1220
52 1220
61 1220
65 1220
7 1220
51 1220
2 1220
5 1220
59 1220
55 1221
14 1221
17 1221
55 1221
56 1221
63 1221
17 1221
54 1221
55 1221
17 1221
20 1221
20 1221
23 1221
60 1221
13 1221
0 1221
23 1221
10 1221
52 1221
61 1221
65 1221
7 1221
51 1221
2 1221
5 1221
59 1221
8 1222
10 1222
52 1222
57 1222
61 1222
62 1222
65 1222
9 1222
52 1222
65 1222
52 1222
10 1222
52 1222
61 1222
11 1222
7 1222
51 1222
2 1222
5 1222
59 1222
14 1222
17 1222
56 1222
63 1222
3 1222
17 1222
20 1222
20 1222
23 1222
28 1225
29 1225
53 1225
28 1225
34 1225
37 1225
9 1228
52 1228
57 1228
61 1228
10 1228
57 1228
10 1228
52 1228
61 1228
65 1228
11 1228
57 1228
7 1228
14 1228
17 1228
56 1228
63 1228
2 1228
5 1228
59 1228
3 1228
59 1228
17 1228
20 1228
54 1228
20 1228
23 1228
0 1228
23 1228
13 1233
52 1233
57 1233
61 1233
13 1233
56 1233
14 1233
17 1233
63 1233
10 1233
58 1233
17 1233
20 1233
54 1233
55 1233
60 1233
64 1233
7 1233
2 1233
5 1233
51 1233
20 1233
23 1233
3 1233
59 1233
0 1233
23 1233
55 1236
12 1237
13 1237
52 1237
56 1237
57 1237
61 1237
62 1237
52 1237
11 1237
52 1237
10 1237
58 1237
14 1237
17 1237
7 1237
2 1237
5 1237
51 1237
17 1237
20 1237
54 1237
55 1237
60 1237
64 1237
3 1237
59 1237
20 1237
23 1237
0 1237
23 1237
27 1240
30 1240
34 1240
37 1240
11 1243
52 1243
56 1243
57 1243
61 1243
11 1243
12 1243
57 1243
61 1243
13 1243
56 1243
57 1243
52 1243
14 1243
17 1243
10 1243
58 1243
17 1243
20 1243
55 1243
60 1243
63 1243
64 1243
7 1243
20 1243
23 1243
2 1243
5 1243
3 1243
59 1243
0 1243
23 1243
12 1244
13 1244
52 1244
56 1244
57 1244
61 1244
62 1244
13 1244
52 1244
11 1244
52 1244
61 1244
10 1244
58 1244
14 1244
17 1244
7 1244
2 1244
5 1244
17 1244
20 1244
55 1244
60 1244
63 1244
64 1244
3 1244
59 1244
20 1244
23 1244
0 1244
23 1244
13 1248
52 1248
56 1248
61 1248
11 1248
56 1248
10 1248
14 1248
17 1248
7 1248
65 1248
2 1248
5 1248
17 1248
20 1248
63 1248
3 1248
51 1248
59 1248
20 1248
23 1248
0 1248
23 1248
53 1248
14 1252
52 1252
57 1252
61 1252
62 1252
52 1252
13 1252
56 1252
58 1252
52 1252
14 1252
17 1252
60 1252
10 1252
17 1252
20 1252
63 1252
7 1252
65 1252
20 1252
23 1252
54 1252
55 1252
2 1252
5 1252
59 1252
3 1252
51 1252
0 1252
23 1252
53 1252
25 1255
20 1255
23 1255
54 1255
55 1255
17 1255
20 1255
63 1255
14 1255
17 1255
57 1255
60 1255
64 1255
13 1255
56 1255
58 1255
13 1258
57 1258
14 1258
17 1258
52 1258
57 1258
60 1258
64 1258
14 1258
57 1258
13 1258
56 1258
58 1258
17 1258
20 1258
63 1258
10 1258
20 1258
23 1258
54 1258
55 1258
7 1258
0 1258
23 1258
53 1258
2 1258
5 1258
59 1258
3 1258
51 1258
8 1263
56 1263
10 1263
56 1263
11 1263
58 1263
7 1263
2 1263
5 1263
59 1263
65 1263
14 1263
17 1263
52 1263
57 1263
60 1263
64 1263
3 1263
17 1263
20 1263
20 1263
23 1263
55 1263
15 1264
16 1264
52 1264
57 1264
60 1264
61 1264
62 1264
64 1264
52 1264
57 1264
60 1264
52 1264
14 1264
52 1264
15 1264
57 1264
13 1264
58 1264
17 1264
20 1264
10 1264
56 1264
20 1264
23 1264
55 1264
7 1264
0 1264
23 1264
53 1264
2 1264
5 1264
59 1264
65 1264
3 1264
14 1267
16 1267
17 1267
52 1267
57 1267
60 1267
61 1267
52 1267
15 1267
16 1267
52 1267
17 1267
20 1267
13 1267
20 1267
23 1267
55 1267
63 1267
10 1267
56 1267
0 1267
23 1267
53 1267
7 1267
59 1267
2 1267
5 1267
65 1267
3 1267
53 1270
20 1270
23 1270
63 1270
23 1270
53 1270
54 1270
55 1270
0 1270
23 1270
17 1270
20 1270
14 1270
17 1270
52 1270
57 1270
61 1270
62 1270
13 1270
15 1273
57 1273
15 1273
16 1273
52 1273
60 1273
61 1273
64 1273
16 1273
52 1273
57 1273
17 1273
20 1273
13 1273
20 1273
23 1273
63 1273
10 1273
56 1273
0 1273
23 1273
7 1273
59 1273
2 1273
5 1273
3 1273
56 1278
7 1278
59 1278
56 1278
8 1278
2 1278
5 1278
3 1278
65 1278
11 1278
60 1278
14 1278
17 1278
52 1278
61 1278
17 1278
20 1278
57 1278
20 1278
23 1278
53 1278
63 1278
18 1282
52 1282
52 1282
14 1282
17 1282
17 1282
52 1282
61 1282
17 1282
20 1282
52 1282
57 1282
20 1282
23 1282
53 1282
13 1282
0 1282
23 1282
54 1282
55 1282
10 1282
7 1282
2 1282
5 1282
17 1288
57 1288
61 1288
18 1288
52 1288
57 1288
18 1288
19 1288
52 1288
20 1288
23 1288
53 1288
14 1288
17 1288
58 1288
0 1288
23 1288
54 1288
55 1288
13 1288
60 1288
10 1288
7 1288
56 1288
2 1288
5 1288
18 1289
19 1289
52 1289
57 1289
61 1289
52 1289
14 1289
17 1289
58 1289
17 1289
52 1289
18 1289
20 1289
23 1289
53 1289
13 1289
60 1289
0 1289
23 1289
55 1289
10 1289
7 1289
56 1289
2 1289
5 1289
7 1293
56 1293
2 1293
5 1293
5 1293
56 1293
3 1293
8 1293
11 1293
14 1293
17 1293
58 1293
17 1293
20 1293
52 1293
57 1293
61 1293
52 1297
53 1297
57 1297
52 1297
18 1297
19 1297
19 1297
52 1297
53 1297
57 1297
14 1297
17 1297
20 1297
23 1297
0 1297
23 1297
63 1297
13 1297
60 1297
10 1297
59 1297
7 1297
56 1297
53 1300
53 1300
18 1300
52 1300
53 1300
57 1300
61 1300
19 1300
20 1300
52 1300
53 1300
20 1300
23 1300
14 1300
17 1300
0 1300
23 1300
63 1300
13 1300
10 1300
59 1300
7 1300
56 1300
57 1303
18 1303
52 1303
53 1303
57 1303
61 1303
53 1303
19 1303
20 1303
52 1303
20 1303
23 1303
14 1303
17 1303
0 1303
23 1303
63 1303
13 1303
10 1303
59 1303
7 1303
56 1303
18 1304
52 1304
53 1304
57 1304
61 1304
52 1304
19 1304
20 1304
52 1304
20 1304
23 1304
14 1304
17 1304
0 1304
23 1304
63 1304
13 1304
10 1304
59 1304
7 1304
56 1304
2 1308
5 1308
56 1308
3 1308
3 1308
4 1308
56 1308
5 1308
8 1308
59 1308
60 1308
11 1308
14 1308
17 1308
52 1312
21 1312
22 1312
52 1312
57 1312
21 1312
57 1312
17 1312
20 1312
53 1312
58 1312
0 1312
23 1312
14 1312
17 1312
13 1312
10 1312
60 1312
21 1318
22 1318
52 1318
61 1318
21 1318
52 1318
57 1318
17 1318
20 1318
58 1318
0 1318
23 1318
14 1318
17 1318
13 1318
59 1318
10 1318
60 1318
3 1323
56 1323
2 1323
5 1323
5 1323
8 1323
11 1323
59 1323
14 1323
17 1323
53 1323
52 1327
20 1327
23 1327
52 1327
23 1327
52 1327
57 1327
0 1327
23 1327
17 1327
20 1327
14 1327
17 1327
53 1327
13 1327
20 1333
23 1333
23 1333
52 1333
0 1333
23 1333
52 1333
57 1333
17 1333
20 1333
14 1333
17 1333
53 1333
13 1333
2 1338
3 1338
56 1338
2 1338
5 1338
56 1338
5 1338
8 1338
11 1338
14 1338
17 1338
52 1342
25 1342
52 1342
20 1342
23 1342
17 1342
20 1342
14 1342
17 1342
13 1342
25 1348
20 1348
23 1348
17 1348
20 1348
14 1348
17 1348
13 1348
1 1353
3 1353
4 1353
4 1353
56 1353
5 1353
8 1353
11 1353
53 1353
14 1353
17 1353
59 1353
52 1357
27 1357
30 1357
34 1357
37 1357
27 1363
30 1363
34 1363
37 1363
6 1368
56 1368
2 1368
5 1368
3 1368
60 1368
8 1368
11 1368
14 1368
17 1368
17 1368
20 1368
52 1399
52 1402
52 1402
52 1408
52 1409
62 1414
52 1417
52 1417
52 1423
61 1424
52 1429
52 1432
52 1432
52 1438
52 1439