27 240
55 240
27 240
30 240
34 240
37 240
59 240
60 240
34 244
37 244
60 244
37 244
59 244
60 244
40 244
43 244
27 244
30 244
55 244
46 244
49 244
15 245
16 245
58 245
15 245
17 245
20 245
13 245
20 245
23 245
10 245
0 245
23 245
7 245
2 245
5 245
3 245
28 250
29 250
54 250
55 250
29 250
55 250
34 250
37 250
39 254
59 254
60 254
40 254
43 254
34 254
37 254
46 254
49 254
27 254
30 254
54 254
55 254
54 260
55 260
27 260
30 260
55 260
34 260
37 260
40 260
43 260
41 264
42 264
59 264
60 264
41 264
34 264
37 264
46 264
49 264
57 266
52 269
55 270
55 270
34 270
37 270
27 270
30 270
40 270
43 270
59 270
60 270
36 280
55 280
34 280
55 280
35 280
27 280
30 280
40 280
43 280
51 288
52 289
35 290
55 290
36 290
37 290
55 290
40 290
43 290
27 290
30 290
46 290
49 290
57 290
38 300
55 300
34 300
37 300
40 300
43 300
27 300
30 300
46 300
49 300
59 300
60 300
52 309
55 310
51 313
52 313
41 313
42 313
51 313
55 313
41 313
57 313
34 313
37 313
46 313
49 313
59 338
60 338
54 342
51 343
35 343
36 343
51 343
52 343
35 343
57 343
40 343
43 343
27 343
30 343
35 346
36 346
51 346
52 346
36 346
57 346
40 346
43 346
27 346
30 346
53 346
52 349
58 349
33 349
51 349
52 349
51 349
34 349
37 349
57 349
27 349
30 349
53 349
40 349
43 349
51 353
33 353
51 353
52 353
34 353
37 353
57 353
27 353
30 353
40 353
43 353
59 353
34 356
57 356
34 356
37 356
27 356
30 356
40 356
43 356
59 356
60 356
32 359
52 359
31 359
51 359
52 359
27 359
30 359
34 359
37 359
58 359
40 359
43 359
60 359
51 363
51 363
31 363
51 363
52 363
53 363
27 363
30 363
34 363
37 363
40 363
43 363
32 366
53 366
57 366
27 366
30 366
34 366
37 366
40 366
43 366
28 369
30 369
51 369
52 369
52 369
29 369
30 369
51 369
52 369
34 369
37 369
28 373
51 373
28 373
29 373
52 373
29 373
51 373
52 373
34 373
37 373
58 375
27 376
30 376
51 376
52 376
30 376
57 376
34 376
37 376
28 379
29 379
51 379
52 379
52 379
27 379
51 379
52 379
28 379
57 379
34 379
37 379
26 383
51 383
27 383
30 383
51 383
52 383
57 383
27 383
51 383
34 383
37 383
53 383
28 386
29 386
57 386
28 386
57 386
34 386
37 386
53 386
39 387
56 387
40 387
43 387
34 387
37 387
53 387
46 387
49 387
27 387
30 387
57 387
52 389
27 389
30 389
57 389
34 389
37 389
53 389
0 393
51 393
27 393
30 393
34 393
37 393
57 396
27 396
30 396
34 396
37 396
0 399
23 399
25 399
51 399
52 399
0 399
52 399
20 399
23 399
17 399
20 399
14 399
17 399
13 399
0 403
23 403
25 403
51 403
52 403
24 403
51 403
20 403
23 403
17 403
20 403
14 403
17 403
13 403
25 406
51 406
52 406
20 406
23 406
17 406
20 406
14 406
17 406
13 406
21 409
23 409
51 409
52 409
24 409
52 409
22 409
23 409
52 409
0 409
23 409
51 409
57 409
17 409
20 409
14 409
17 409
13 409
10 409
21 413
23 413
51 413
52 413
22 413
51 413
22 413
23 413
51 413
52 413
0 413
23 413
57 413
17 413
20 413
14 413
17 413
13 413
10 413
25 416
57 416
20 416
23 416
51 416
52 416
23 416
57 416
17 416
20 416
14 416
17 416
13 416
34 417
56 417
34 417
37 417
27 417
30 417
40 417
43 417
53 417
22 419
52 419
21 419
22 419
51 419
52 419
21 419
51 419
57 419
17 419
20 419
0 419
23 419
14 419
17 419
13 419
10 419
21 423
22 423
51 423
52 423
20 423
51 423
17 423
20 423
20 423
51 423
52 423
21 423
57 423
0 423
23 423
14 423
17 423
13 423
10 423
20 426
23 426
57 426
21 426
22 426
57 426
17 426
20 426
51 426
52 426
0 426
23 426
14 426
17 426
13 426
10 426
32 427
56 427
27 427
30 427
60 427
34 427
37 427
40 427
43 427
18 429
20 429
51 429
52 429
19 429
52 429
19 429
20 429
51 429
52 429
20 429
23 429
57 429
14 429
17 429
0 429
23 429
13 429
10 429
7 429
44 431
53 431
40 431
43 431
46 431
49 431
34 431
37 431
17 433
19 433
20 433
51 433
52 433
18 433
51 433
18 433
19 433
51 433
52 433
14 433
17 433
20 433
23 433
57 433
0 433
23 433
13 433
10 433
7 433
18 436
57 436
19 436
51 436
52 436
20 436
57 436
20 436
23 436
14 436
17 436
0 436
23 436
13 436
10 436
7 436
27 437
30 437
30 437
56 437
34 437
37 437
54 437
18 439
19 439
51 439
52 439
17 439
52 439
14 439
17 439
17 439
51 439
52 439
18 439
57 439
20 439
23 439
13 439
0 439
23 439
10 439
7 439
2 439
5 439
15 443
17 443
51 443
52 443
16 443
51 443
16 443
17 443
51 443
52 443
17 443
20 443
57 443
13 443
20 443
23 443
10 443
0 443
23 443
7 443
2 443
5 443
3 443
19 446
51 446
57 446
14 446
17 446
51 446
52 446
17 446
57 446
18 446
20 446
23 446
13 446
0 446
23 446
10 446
7 446
2 446
5 446
14 449
16 449
17 449
51 449
52 449
15 449
52 449
15 449
16 449
51 449
52 449
17 449
20 449
57 449
13 449
20 449
23 449
10 449
0 449
23 449
59 449
60 449
7 449
2 449
5 449
3 449
47 451
48 451
53 451
58 451
48 451
53 451
40 451
43 451
34 452
54 452
34 452
37 452
27 452
30 452
56 452
40 452
43 452
15 453
16 453
51 453
52 453
14 453
51 453
14 453
51 453
52 453
15 453
57 453
13 453
17 453
20 453
10 453
20 453
23 453
7 453
0 453
23 453
60 453
2 453
5 453
3 453
15 456
16 456
51 456
52 456
16 456
57 456
17 456
20 456
13 456
20 456
23 456
10 456
0 456
23 456
60 456
7 456
2 456
5 456
3 456
27 457
30 457
34 457
37 457
14 459
51 459
52 459
13 459
52 459
13 459
51 459
52 459
14 459
17 459
57 459
10 459
17 459
20 459
7 459
20 459
23 459
2 459
5 459
3 459
0 459
23 459
46 461
49 461
40 461
43 461
32 462
54 462
27 462
30 462
34 462
37 462
40 462
43 462
12 463
51 463
13 463
51 463
52 463
13 463
51 463
52 463
14 463
17 463
57 463
10 463
17 463
20 463
7 463
2 463
5 463
20 463
23 463
59 463
60 463
3 463
0 463
23 463
14 466
57 466
14 466
17 466
57 466
13 466
51 466
52 466
17 466
20 466
10 466
20 466
23 466
59 466
60 466
7 466
2 466
5 466
0 466
23 466
56 466
3 466
12 469
13 469
51 469
52 469
11 469
52 469
11 469
51 469
52 469
10 469
14 469
17 469
7 469
2 469
5 469
17 469
20 469
3 469
20 469
23 469
59 469
60 469
0 469
23 469
56 469
47 471
48 471
48 471
53 471
40 471
43 471
27 472
30 472
30 472
54 472
34 472
37 472
51 473
11 473
51 473
52 473
11 473
57 473
10 473
14 473
17 473
7 473
2 473
5 473
17 473
20 473
3 473
20 473
23 473
60 473
0 473
23 473
56 473
11 476
57 476
13 476
57 476
14 476
17 476
10 476
17 476
20 476
7 476
2 476
5 476
20 476
23 476
3 476
0 476
23 476
56 476
8 479
10 479
51 479
52 479
52 479
10 479
51 479
52 479
11 479
57 479
7 479
2 479
5 479
14 479
17 479
3 479
17 479
20 479
59 479
60 479
20 479
23 479
48 481
53 481
46 481
53 481
47 481
40 481
43 481
58 481
34 481
37 481
27 482
30 482
54 482
28 482
29 482
54 482
34 482
37 482
51 483
9 483
51 483
52 483
7 483
11 483
2 483
5 483
3 483
14 483
17 483
17 483
20 483
59 483
60 483
20 483
23 483
56 483
18 484
19 484
59 484
60 484
18 484
60 484
14 484
17 484
20 484
23 484
56 484
0 484
23 484
13 484
57 484
10 484
51 484
52 484
7 484
41 485
42 485
58 485
41 485
34 485
37 485
46 485
49 485
57 486
10 486
51 486
52 486
57 486
11 486
7 486
14 486
17 486
2 486
5 486
3 486
17 486
20 486
59 486
60 486
20 486
23 486
56 486
0 486
23 486
52 489
8 489
51 489
52 489
8 489
57 489
7 489
2 489
5 489
11 489
3 489
14 489
17 489
17 489
20 489
60 489
20 489
23 489
56 489
53 491
53 491
40 491
43 491
46 491
49 491
34 491
37 491
54 492
27 492
30 492
34 492
37 492
51 493
7 493
7 493
51 493
52 493
2 493
5 493
8 493
57 493
3 493
11 493
14 493
17 493
59 493
17 493
20 493
15 494
59 494
60 494
16 494
17 494
60 494
17 494
20 494
13 494
20 494
23 494
10 494
57 494
0 494
23 494
7 494
52 494
2 494
5 494
3 494
39 495
58 495
40 495
43 495
34 495
37 495
46 495
49 495
27 495
30 495
10 496
57 496
8 496
57 496
7 496
51 496
52 496
2 496
5 496
11 496
3 496
14 496
17 496
59 496
60 496
17 496
20 496
56 496
20 496
23 496
52 499
6 499
51 499
52 499
2 499
5 499
3 499
8 499
11 499
14 499
17 499
59 499
60 499
17 499
20 499
56 499
40 501
43 501
53 501
43 501
53 501
46 501
49 501
34 501
37 501
25 502
20 502
23 502
17 502
20 502
56 502
14 502
17 502
59 502
60 502
13 502
51 503
2 503
5 503
5 503
51 503
52 503
5 503
51 503
57 503
3 503
8 503
11 503
14 503
17 503
60 503
17 503
20 503
56 503
16 504
59 504
60 504
14 504
60 504
15 504
13 504
17 504
20 504
56 504
10 504
20 504
23 504
7 504
51 504
52 504
57 504
0 504
23 504
54 504
2 504
5 504
52 504
3 504
34 505
37 505
58 505
37 505
58 505
40 505
43 505
53 505
27 505
30 505
46 505
49 505
5 506
57 506
7 506
57 506
2 506
5 506
51 506
52 506
8 506
3 506
11 506
14 506
17 506
60 506
17 506
20 506
56 506
1 509
3 509
4 509
4 509
51 509
52 509
5 509
57 509
8 509
11 509
59 509
60 509
14 509
17 509
41 511
42 511
53 511
41 511
34 511
37 511
58 511
46 511
49 511
25 512
54 512
20 512
23 512
23 512
54 512
17 512
20 512
14 512
17 512
13 512
11 514
59 514
60 514
13 514
60 514
14 514
17 514
56 514
10 514
17 514
20 514
7 514
57 514
2 514
5 514
51 514
52 514
20 514
23 514
54 514
55 514
3 514
0 514
23 514
35 515
36 515
58 515
35 515
40 515
43 515
27 515
30 515
2 516
5 516
51 516
52 516
57 516
5 516
57 516
5 516
3 516
52 516
8 516
11 516
59 516
60 516
14 516
17 516
56 516
17 516
20 516
39 521
53 521
40 521
43 521
34 521
37 521
46 521
49 521
27 521
30 521
20 522
23 522
54 522
21 522
22 522
54 522
17 522
20 522
0 522
23 522
14 522
17 522
56 522
13 522
59 522
60 522
10 522
59 524
60 524
10 524
60 524
11 524
7 524
14 524
17 524
2 524
5 524
57 524
3 524
51 524
52 524
17 524
20 524
20 524
23 524
54 524
0 524
23 524
33 525
58 525
34 525
37 525
27 525
30 525
40 525
43 525
2 526
3 526
51 526
52 526
57 526
3 526
4 526
57 526
3 526
5 526
8 526
59 526
60 526
11 526
14 526
17 526
52 529
2 529
3 529
51 529
52 529
57 529
2 529
5 529
5 529
8 529
59 529
60 529
11 529
56 529
14 529
17 529
34 531
37 531
37 531
53 531
40 531
43 531
27 531
30 531
46 531
49 531
18 532
54 532
55 532
19 532
20 532
54 532
20 532
23 532
14 532
17 532
0 532
23 532
13 532
10 532
59 532
60 532
7 532
9 534
59 534
60 534
7 534
11 534
56 534
2 534
5 534
51 534
52 534
3 534
57 534
14 534
17 534
17 534
20 534
54 534
55 534
20 534
23 534
31 535
58 535
27 535
30 535
34 535
37 535
53 535
40 535
43 535
19 542
54 542
55 542
14 542
17 542
17 542
54 542
18 542
20 542
23 542
13 542
56 542
0 542
23 542
10 542
59 542
60 542
7 542
2 542
5 542
51 542
52 542
7 544
51 544
52 544
59 544
7 544
59 544
60 544
2 544
5 544
57 544
8 544
56 544
3 544
11 544
14 544
17 544
55 544
17 544
20 544
54 544
28 545
58 545
29 545
30 545
58 545
34 545
37 545
6 548
59 548
60 548
2 548
5 548
57 548
3 548
8 548
56 548
11 548
14 548
17 548
54 548
55 548
17 548
20 548
14 552
17 552
54 552
55 552
15 552
16 552
54 552
17 552
20 552
13 552
20 552
23 552
10 552
56 552
0 552
23 552
7 552
51 552
52 552
59 552
60 552
2 552
5 552
57 552
3 552
7 554
57 554
59 554
60 554
60 554
2 554
5 554
59 554
5 554
60 554
3 554
8 554
11 554
14 554
17 554
54 554
17 554
20 554
29 555
58 555
27 555
58 555
28 555
34 555
37 555
3 556
57 556
59 556
60 556
1 556
4 556
5 556
59 556
60 556
5 556
51 556
52 556
8 556
11 556
14 556
17 556
54 556
17 556
20 556
1 558
3 558
4 558
4 558
59 558
60 558
5 558
51 558
8 558
11 558
55 558
14 558
17 558
54 558
16 562
54 562
14 562
54 562
15 562
13 562
17 562
20 562
10 562
20 562
23 562
7 562
57 562
60 562
0 562
23 562
2 562
5 562
59 562
60 562
3 562
2 564
5 564
59 564
60 564
3 564
59 564
3 564
4 564
60 564
5 564
56 564
57 564
8 564
11 564
54 564
55 564
14 564
17 564
27 565
30 565
34 565
37 565
2 568
3 568
59 568
60 568
2 568
5 568
60 568
5 568
56 568
57 568
8 568
52 568
11 568
54 568
55 568
14 568
17 568
11 572
54 572
13 572
54 572
14 572
17 572
10 572
57 572
17 572
20 572
7 572
56 572
2 572
5 572
60 572
20 572
23 572
3 572
59 572
60 572
0 572
23 572
58 572
3 574
59 574
60 574
2 574
5 574
5 574
8 574
55 574
57 574
11 574
54 574
14 574
17 574
0 575
23 575
58 575
20 575
23 575
17 575
20 575
14 575
17 575
13 575
54 575
2 578
3 578
59 578
60 578
2 578
5 578
56 578
5 578
8 578
54 578
55 578
57 578
11 578
14 578
17 578
55 580
9 580
55 580
7 580
11 580
2 580
5 580
56 580
3 580
59 580
60 580
14 580
17 580
17 580
20 580
20 580
23 580
54 582
57 582
10 582
55 582
54 582
11 582
7 582
14 582
17 582
2 582
5 582
56 582
59 582
3 582
59 582
60 582
17 582
20 582
20 582
23 582
0 582
23 582
58 582
1 584
4 584
56 584
59 584
60 584
2 584
3 584
60 584
3 584
5 584
8 584
54 584
11 584
14 584
17 584
21 585
58 585
22 585
23 585
58 585
0 585
23 585
17 585
20 585
14 585
17 585
13 585
10 585
54 585
55 585
1 588
3 588
4 588
56 588
59 588
60 588
4 588
59 588
60 588
5 588
55 588
8 588
54 588
11 588
14 588
17 588
7 590
7 590
55 590
2 590
5 590
59 590
60 590
8 590
54 590
3 590
56 590
11 590
14 590
17 590
17 590
20 590
10 592
54 592
8 592
54 592
7 592
59 592
2 592
5 592
59 592
60 592
11 592
3 592
56 592
14 592
17 592
17 592
20 592
20 592
23 592
58 592
3 594
59 594
60 594
1 594
4 594
5 594
60 594
5 594
54 594
55 594
8 594
11 594
57 594
14 594
17 594
17 594
20 594
22 595
58 595
17 595
20 595
20 595
58 595
21 595
0 595
23 595
14 595
17 595
13 595
10 595
54 595
6 598
7 598
55 598
59 598
60 598
59 598
2 598
5 598
5 598
55 598
59 598
60 598
3 598
56 598
8 598
11 598
57 598
14 598
17 598
17 598
20 598
6 600
54 600
55 600
6 600
55 600
2 600
5 600
5 600
55 600
60 600
5 600
6 600
54 600
55 600
59 600
60 600
7 600
59 600
3 600
8 600
11 600
14 600
17 600
17 600
20 600
58 600
5 602
54 602
55 602
59 602
60 602
6 602
54 602
7 602
54 602
2 602
5 602
8 602
3 602
11 602
14 602
17 602
51 602
52 602
17 602
20 602
58 602
5 604
54 604
59 604
60 604
5 604
6 604
60 604
7 604
60 604
8 604
2 604
5 604
55 604
3 604
11 604
14 604
17 604
17 604
20 604
58 604
17 605
20 605
58 605
18 605
19 605
58 605
14 605
17 605
20 605
23 605
0 605
23 605
13 605
10 605
7 605
54 605
55 605
60 605
59 608
60 608
7 608
54 608
59 608
8 608
2 608
5 608
55 608
3 608
11 608
14 608
17 608
17 608
20 608
58 608
20 608
23 608
2 610
5 610
54 610
55 610
3 610
3 610
4 610
55 610
5 610
59 610
60 610
8 610
11 610
14 610
17 610
57 610
3 612
54 612
55 612
1 612
4 612
55 612
5 612
54 612
5 612
60 612
8 612
11 612
14 612
17 612
57 612
17 612
20 612
58 612
10 614
59 614
60 614
8 614
59 614
60 614
7 614
2 614
5 614
54 614
55 614
11 614
3 614
55 614
14 614
17 614
58 614
17 614
20 614
51 614
52 614
20 614
23 614
53 614
15 615
57 615
58 615
16 615
17 615
58 615
17 615
20 615
51 615
52 615
13 615
20 615
23 615
53 615
10 615
59 615
60 615
0 615
23 615
7 615
2 615
5 615
54 615
55 615
3 615
55 615
8 618
59 618
60 618
10 618
59 618
11 618
7 618
2 618
5 618
54 618
14 618
17 618
58 618
3 618
55 618
17 618
20 618
51 618
52 618
20 618
23 618
53 618
3 620
54 620
55 620
2 620
5 620
54 620
5 620
8 620
59 620
60 620
11 620
14 620
17 620
58 620
2 622
3 622
54 622
55 622
3 622
4 622
54 622
3 622
5 622
8 622
59 622
60 622
11 622
14 622
17 622
58 622
10 624
10 624
59 624
60 624
11 624
7 624
2 624
5 624
14 624
17 624
58 624
3 624
54 624
55 624
17 624
20 624
20 624
23 624
15 625
16 625
58 625
15 625
17 625
20 625
13 625
59 625
60 625
20 625
23 625
10 625
0 625
23 625
7 625
2 625
5 625
3 625
54 625
55 625
13 628
59 628
60 628
11 628
59 628
10 628
14 628
17 628
58 628
7 628
2 628
5 628
17 628
20 628
3 628
54 628
55 628
20 628
23 628
0 628
23 628
1 630
4 630
55 630
2 630
3 630
55 630
3 630
5 630
8 630
11 630
59 630
14 630
17 630
1 632
4 632
54 632
55 632
3 632
5 632
8 632
11 632
59 632
60 632
14 632
17 632
12 634
59 634
60 634
10 634
14 634
17 634
7 634
17 634
20 634
53 634
2 634
5 634
55 634
3 634
54 634
20 634
23 634
51 634
52 634
0 634
23 634
12 635
58 635
13 635
59 635
60 635
13 635
58 635
59 635
60 635
14 635
17 635
10 635
17 635
20 635
7 635
2 635
5 635
55 635
20 635
23 635
51 635
52 635
3 635
54 635
0 635
23 635
13 638
58 638
60 638
13 638
58 638
59 638
60 638
14 638
17 638
10 638
17 638
20 638
7 638
2 638
5 638
54 638
55 638
20 638
23 638
51 638
3 638
54 638
0 638
23 638
1 640
3 640
4 640
54 640
4 640
55 640
5 640
8 640
11 640
58 640
59 640
60 640
14 640
17 640
2 642
3 642
3 642
4 642
54 642
3 642
55 642
5 642
8 642
11 642
58 642
59 642
60 642
14 642
17 642
14 644
59 644
60 644
14 644
17 644
59 644
13 644
58 644
17 644
20 644
10 644
20 644
23 644
7 644
55 644
2 644
5 644
54 644
0 644
23 644
51 644
52 644
3 644
11 645
58 645
11 645
10 645
14 645
17 645
53 645
59 645
7 645
55 645
2 645
5 645
54 645
17 645
20 645
3 645
20 645
23 645
0 645
23 645
51 645
52 645
15 648
16 648
59 648
60 648
15 648
17 648
20 648
13 648
58 648
20 648
23 648
10 648
0 648
23 648
51 648
52 648
7 648
54 648
55 648
2 648
5 648
54 648
3 648
6 650
55 650
2 650
5 650
3 650
8 650
58 650
11 650
14 650
17 650
53 650
59 650
60 650
17 650
20 650
15 654
16 654
53 654
16 654
59 654
60 654
17 654
20 654
13 654
20 654
23 654
10 654
55 654
58 654
0 654
23 654
7 654
54 654
2 654
5 654
3 654
9 655
58 655
7 655
54 655
11 655
2 655
5 655
3 655
14 655
17 655
59 655
60 655
17 655
20 655
20 655
23 655
14 658
17 658
60 658
17 658
59 658
60 658
17 658
20 658
20 658
23 658
13 658
0 658
23 658
57 658
10 658
55 658
58 658
7 658
54 658
2 658
5 658
8 660
55 660
58 660
8 660
58 660
7 660
2 660
5 660
11 660
3 660
14 660
17 660
17 660
20 660
59 660
20 660
23 660
18 664
19 664
59 664
60 664
18 664
59 664
14 664
17 664
20 664
23 664
0 664
23 664
13 664
10 664
54 664
55 664
58 664
7 664
18 668
19 668
60 668
19 668
59 668
60 668
14 668
17 668
20 668
23 668
0 668
23 668
13 668
53 668
10 668
54 668
55 668
7 668
8 670
54 670
55 670
10 670
55 670
11 670
7 670
58 670
2 670
5 670
14 670
17 670
3 670
17 670
20 670
59 670
60 670
20 670
23 670
21 678
22 678
59 678
21 678
17 678
20 678
0 678
23 678
14 678
17 678
13 678
55 678
10 678
13 680
54 680
55 680
11 680
55 680
10 680
14 680
17 680
7 680
58 680
2 680
5 680
17 680
20 680
3 680
20 680
23 680
59 680
60 680
0 680
23 680
51 683
27 683
30 683
57 683
30 683
51 683
52 683
34 683
37 683
20 688
23 688
59 688
60 688
23 688
59 688
0 688
23 688
17 688
20 688
56 688
14 688
17 688
13 688
54 688
31 689
51 689
52 689
27 689
30 689
57 689
34 689
37 689
40 689
43 689
55 690
13 690
55 690
14 690
17 690
10 690
17 690
20 690
7 690
20 690
23 690
2 690
5 690
58 690
3 690
0 690
23 690
51 693
32 693
51 693
52 693
27 693
30 693
34 693
37 693
40 693
43 693
52 699
33 699
51 699
52 699
34 699
37 699
27 699
30 699
40 699
43 699
14 700
17 700
55 700
15 700
16 700
55 700
17 700
20 700
13 700
20 700
23 700
56 700
10 700
0 700
23 700
59 700
60 700
7 700
2 700
5 700
3 700
58 700
51 703
34 703
51 703
52 703
34 703
37 703
27 703
30 703
40 703
43 703
52 709
35 709
36 709
51 709
52 709
35 709
52 709
40 709
43 709
27 709
30 709
19 710
55 710
14 710
17 710
17 710
55 710
18 710
20 710
23 710
13 710
0 710
23 710
10 710
7 710
2 710
5 710
58 710
34 713
36 713
37 713
51 713
52 713
51 713
35 713
36 713
51 713
40 713
43 713
27 713
30 713
52 719
34 719
37 719
51 719
57 719
37 719
51 719
52 719
40 719
43 719
27 719
30 719
59 719
46 719
49 719