71 0.16 5
52 0.16 5
65 0.16 5
53 0.16 5
68 0.16 5
60 0.16 5
51 0.016 5
51 0.16 4.984
72 0.016 5
72 0.16 4.984
59 0.16 5
62 0.016 5
62 0.16 4.984
75 0.016 5
75 0.16 4.984
70 0.16 5
54 0.16 5
73 0.16 5
56 0.16 5
61 0.016 5
61 0.16 4.984
74 0.16 5
72 0.16 4.824
60 0.016 4.84
60 0.16 4.824
51 0.016 4.824
51 0.16 4.808
64 0.16 5
67 0.16 5
62 0.16 4.824
59 0.016 4.84
59 0.16 4.824
75 0.016 4.824
75 0.16 4.808
57 0.16 5
61 0.16 4.824
56 0.016 4.84
56 0.16 4.824
51 0.16 4.648
60 0.016 4.664
60 0.16 4.648
72 0.016 4.664
72 0.16 4.648
75 0.16 4.648
59 0.016 4.664
59 0.16 4.648
62 0.016 4.664
62 0.16 4.648
64 0.016 4.84
64 0.16 4.824
55 0.16 5
69 0.16 5
53 0.016 4.84
53 0.16 4.824
58 0.16 5
66 0.16 5
63 0.16 5
71 0.16 4.84
52 0.16 5
55 0.016 4.84
55 0.16 4.824
65 0.16 4.84
53 0.16 4.664
68 0.16 4.84
60 0.16 4.488
51 0.016 4.488
51 0.16 4.472
72 0.016 4.488
72 0.16 4.472
54 0.016 4.84
54 0.16 4.824
59 0.16 4.488
62 0.016 4.488
62 0.16 4.472
75 0.016 4.488
75 0.16 4.472
70 0.16 4.84
54 0.16 4.664
51 0.016 4.312
51 0.16 4.296
60 0.016 4.328
60 0.16 4.312
72 0.016 4.312
72 0.16 4.296
73 0.16 4.84
56 0.16 4.664
61 0.016 4.664
61 0.16 4.648
74 0.16 4.84
72 0.16 4.136
60 0.016 4.152
60 0.16 4.136
51 0.016 4.374
51 0.16 4.358
54 0.016 4.742
54 0.16 4.726
64 0.16 4.664
67 0.16 4.84
62 0.16 4.55
59 0.016 4.328
59 0.16 4.312
75 0.016 4.312
75 0.16 4.296
57 0.16 4.84
61 0.16 4.488
56 0.016 4.742
56 0.16 4.726
51 0.16 4.198
54 0.016 4.566
54 0.16 4.55
60 0.016 3.976
60 0.16 3.96
72 0.016 4.214
72 0.16 4.198
75 0.16 4.136
59 0.016 4.152
59 0.16 4.136
62 0.016 4.39
62 0.16 4.374
55 0.16 4.902
52 0.016 4.84
52 0.16 4.824
69 0.16 4.84
58 0.16 4.84
66 0.16 4.84
63 0.16 5
71 0.16 4.918
52 0.16 5
55 0.016 4.742
55 0.16 4.726
65 0.16 4.918
53 0.16 4.742
68 0.16 4.918
60 0.16 4.038
51 0.016 4.038
51 0.16 4.022
72 0.016 4.038
72 0.16 4.022
59 0.16 4.214
62 0.016 4.214
62 0.16 4.198
70 0.016 4.918
70 0.16 4.902
75 0.016 4.214
75 0.16 4.198
70 0.16 4.742
59 0.016 4.054
59 0.16 4.038
62 0.016 4.038
62 0.16 4.022
75 0.016 4.038
75 0.16 4.022
54 0.16 4.39
51 0.016 3.862
51 0.16 3.846
60 0.016 3.878
60 0.16 3.862
72 0.016 3.862
72 0.16 3.846
73 0.16 4.918
56 0.16 4.566
61 0.016 4.566
61 0.16 4.55
74 0.16 4.918
72 0.16 3.686
60 0.016 3.702
60 0.16 3.686
51 0.016 4.369
51 0.16 4.353
53 0.016 4.582
53 0.16 4.566
54 0.016 4.913
54 0.16 4.897
64 0.16 4.742
67 0.16 4.918
62 0.16 4.545
59 0.016 3.878
59 0.16 3.862
70 0.016 5
70 0.16 4.984
75 0.016 3.862
75 0.16 3.846
54 0.016 4.737
54 0.16 4.721
51 0.016 4.193
51 0.16 4.177
53 0.016 4.406
53 0.16 4.39
60 0.016 3.526
60 0.16 3.51
66 0.016 4.918
66 0.16 4.902
72 0.016 3.526
72 0.16 3.51
57 0.16 4.918
61 0.16 4.39
56 0.016 5
56 0.16 4.984
51 0.16 4.017
54 0.016 4.561
54 0.16 4.545
60 0.016 3.35
60 0.16 3.334
59 0.016 3.702
59 0.16 3.686
62 0.016 4.385
62 0.16 4.369
75 0.016 3.686
75 0.16 3.67
72 0.016 4.033
72 0.16 4.017
75 0.16 3.51
51 0.016 3.857
51 0.16 3.841
54 0.016 4.385
54 0.16 4.369
59 0.016 3.526
59 0.16 3.51
62 0.016 4.209
62 0.16 4.193
60 0.016 3.174
60 0.16 3.158
72 0.016 3.857
72 0.16 3.841
55 0.16 5
52 0.016 4.84
52 0.16 4.824
69 0.16 4.918
58 0.16 4.918
66 0.16 4.742
63 0.16 5
71 0.16 5
52 0.16 5
55 0.016 4.84
55 0.16 4.824
65 0.16 5
53 0.16 4.913
68 0.16 5
60 0.16 3.681
51 0.016 3.681
51 0.16 3.665
72 0.016 3.681
72 0.16 3.665
54 0.016 4.209
54 0.16 4.193
59 0.016 4.033
59 0.16 4.017
62 0.016 4.033
62 0.16 4.017
75 0.016 4.033
75 0.16 4.017
59 0.16 3.857
51 0.016 3.505
51 0.16 3.489
62 0.016 3.857
62 0.16 3.841
66 0.016 5
66 0.16 4.984
75 0.016 3.857
75 0.16 3.841
54 0.016 4.033
54 0.16 4.017
60 0.016 3.521
60 0.16 3.505
72 0.016 3.505
72 0.16 3.489
70 0.16 4.824
54 0.16 3.857
51 0.016 3.329
51 0.16 3.313
64 0.016 5
64 0.16 4.984
60 0.016 3.345
60 0.16 3.329
72 0.016 3.329
72 0.16 3.313
73 0.16 5
56 0.16 4.824
61 0.016 4.913
61 0.16 4.897
74 0.16 5
72 0.16 3.153
60 0.016 3.169
60 0.16 3.153
51 0.016 3.897
51 0.16 3.881
64 0.016 4.824
64 0.16 4.808
54 0.016 4.441
54 0.16 4.425
64 0.16 4.648
51 0.016 3.721
51 0.16 3.705
54 0.016 4.265
54 0.16 4.249
60 0.016 2.993
60 0.16 2.977
72 0.016 2.993
72 0.16 2.977
67 0.16 5
62 0.16 4.425
59 0.016 3.697
59 0.16 3.681
75 0.016 3.681
75 0.16 3.665
57 0.16 5
61 0.16 4.737
56 0.016 5
56 0.16 4.984
51 0.16 3.545
54 0.016 4.089
54 0.16 4.073
60 0.016 2.817
60 0.16 2.801
64 0.016 4.488
64 0.16 4.472
72 0.016 3.561
72 0.16 3.545
75 0.16 3.505
59 0.016 3.521
59 0.16 3.505
62 0.016 4.265
62 0.16 4.249
55 0.16 5
52 0.016 4.84
52 0.16 4.824
69 0.16 5
72 0.016 3.385
72 0.16 3.369
60 0.016 3.385
60 0.16 3.369
51 0.016 3.385
51 0.16 3.369
54 0.016 3.913
54 0.16 3.897
58 0.16 5
66 0.16 4.824
64 0.016 5
64 0.16 4.984
63 0.16 5
71 0.16 5
52 0.16 4.853
55 0.016 4.84
55 0.16 4.824
65 0.16 5
53 0.16 5
68 0.16 5
60 0.16 3.209
51 0.016 3.209
51 0.16 3.193
54 0.016 3.737
54 0.16 3.721
69 0.016 5
69 0.16 4.984
72 0.016 3.209
72 0.16 3.193
66 0.016 5
66 0.16 4.984
59 0.16 4.089
62 0.016 4.089
62 0.16 4.073
67 0.016 5
67 0.16 4.984
75 0.016 4.089
75 0.16 4.073
58 0.016 5
58 0.16 4.984
70 0.16 5
54 0.16 3.561
51 0.016 3.033
51 0.16 3.017
60 0.016 3.049
60 0.16 3.033
69 0.016 4.824
69 0.16 4.808
72 0.016 3.033
72 0.16 3.017
66 0.016 4.824
66 0.16 4.808
73 0.16 5
56 0.16 4.824
61 0.016 5
61 0.16 4.984
74 0.16 5
72 0.16 2.857
60 0.016 2.873
60 0.16 2.857
51 0.016 3.046
51 0.16 3.03
54 0.016 3.59
54 0.16 3.574
69 0.016 4.648
69 0.16 4.632
66 0.016 4.648
66 0.16 4.632
64 0.16 4.824
67 0.16 4.824
62 0.16 4.102
59 0.016 3.929
59 0.16 3.913
75 0.016 3.913
75 0.16 3.897
57 0.16 5
61 0.16 4.824
56 0.016 4.853
56 0.16 4.837
51 0.16 2.87
54 0.016 3.414
54 0.16 3.398
60 0.016 2.697
60 0.16 2.681
70 0.016 5
70 0.16 4.984
72 0.016 2.886
72 0.16 2.87
75 0.16 3.737
59 0.016 3.753
59 0.16 3.737
62 0.016 3.942
62 0.16 3.926
55 0.16 4.853
69 0.16 4.472
58 0.16 4.824
64 0.016 4.853
64 0.16 4.837
67 0.016 4.853
67 0.16 4.837
66 0.16 4.472
51 0.016 2.71
51 0.16 2.694
54 0.016 3.238
54 0.16 3.222
60 0.016 2.71
60 0.16 2.694
70 0.016 4.824
70 0.16 4.808
72 0.016 2.71
72 0.16 2.694
63 0.16 5
71 0.16 5
52 0.16 4.794
65 0.16 5
53 0.16 5
68 0.16 5
60 0.16 2.534
51 0.016 2.534
51 0.16 2.518
54 0.016 3.062
54 0.16 3.046
72 0.016 2.534
72 0.16 2.518
66 0.016 4.501
66 0.16 4.485
70 0.016 4.648
70 0.16 4.632
59 0.16 3.766
62 0.016 3.766
62 0.16 3.75
75 0.016 3.766
75 0.16 3.75
70 0.16 4.472
66 0.016 4.325
66 0.16 4.309
51 0.016 2.358
51 0.16 2.342
54 0.016 2.886
54 0.16 2.87
60 0.016 2.374
60 0.16 2.358
72 0.016 2.358
72 0.16 2.342
54 0.16 2.71
51 0.016 2.182
51 0.16 2.166
60 0.016 2.198
60 0.16 2.182
66 0.016 4.149
66 0.16 4.133
72 0.016 2.182
72 0.16 2.166
70 0.016 4.312
70 0.16 4.296
73 0.16 5
56 0.16 4.677
61 0.016 4.853
61 0.16 4.837
74 0.16 5
72 0.16 2.006
60 0.016 2.022
60 0.16 2.006
51 0.016 2.107
51 0.16 2.091
54 0.016 2.651
54 0.16 2.635
66 0.016 3.973
66 0.16 3.957
64 0.16 4.677
67 0.16 4.677
69 0.016 4.501
69 0.16 4.485
58 0.016 4.853
58 0.16 4.837
62 0.16 3.691
59 0.016 3.606
59 0.16 3.59
75 0.016 3.59
75 0.16 3.574
57 0.16 5
61 0.16 4.677
56 0.016 4.618
56 0.16 4.602
51 0.16 1.931
54 0.016 2.475
54 0.16 2.459
60 0.016 1.846
60 0.16 1.83
66 0.016 3.797
66 0.16 3.781
72 0.016 1.947
72 0.16 1.931
75 0.16 3.414
59 0.016 3.43
59 0.16 3.414
62 0.016 3.531
62 0.16 3.515
55 0.16 4.794
69 0.16 4.325
58 0.16 4.677
66 0.16 3.621
51 0.016 1.771
51 0.16 1.755
54 0.016 2.299
54 0.16 2.283
60 0.016 1.771
60 0.16 1.755
72 0.016 1.771
72 0.16 1.755
63 0.16 4.941
71 0.16 4.941
52 0.16 4.651
55 0.016 4.634
55 0.16 4.618
65 0.16 4.941
53 0.16 4.941
68 0.16 4.941
60 0.16 1.595
51 0.016 1.595
51 0.16 1.579
54 0.016 2.123
54 0.16 2.107
72 0.016 1.595
72 0.16 1.579
66 0.016 3.562
66 0.16 3.546
59 0.16 3.355
62 0.016 3.355
62 0.16 3.339
75 0.016 3.355
75 0.16 3.339
70 0.16 4.237
54 0.16 1.947
60 0.016 1.435
60 0.16 1.419
51 0.016 1.419
51 0.16 1.403
72 0.016 1.419
72 0.16 1.403
66 0.016 3.386
66 0.16 3.37
73 0.16 4.941
56 0.16 4.442
61 0.016 4.618
61 0.16 4.602
64 0.016 4.618
64 0.16 4.602
74 0.16 4.941
53 0.016 4.781
53 0.16 4.765
72 0.16 1.243
60 0.016 1.259
60 0.16 1.243
51 0.016 1.26
51 0.16 1.244
54 0.016 1.804
54 0.16 1.788
64 0.16 4.442
56 0.016 4.282
56 0.16 4.266
61 0.016 4.442
61 0.16 4.426
67 0.16 4.618
62 0.16 3.196
59 0.016 3.195
59 0.16 3.179
75 0.016 3.179
75 0.16 3.163
57 0.16 4.941
61 0.16 4.266
56 0.016 4.123
56 0.16 4.107
64 0.016 4.282
64 0.16 4.266
51 0.16 1.084
60 0.016 1.083
60 0.16 1.067
66 0.016 3.21
66 0.16 3.194
54 0.016 1.628
54 0.16 1.612
67 0.016 4.475
67 0.16 4.459
72 0.016 1.1
72 0.16 1.084
75 0.16 3.003
59 0.016 3.019
59 0.16 3.003
62 0.016 3.036
62 0.16 3.02
74 0.016 4.781
74 0.16 4.765
55 0.16 4.475
69 0.16 4.266
58 0.16 4.618
60 0.016 0.924
60 0.16 0.908
72 0.016 0.924
72 0.16 0.908
51 0.016 0.924
51 0.16 0.908
54 0.016 1.452
54 0.16 1.436
67 0.016 4.299
67 0.16 4.283
66 0.016 3.034
66 0.16 3.018
66 0.16 2.858
51 0.016 0.748
51 0.16 0.732
67 0.016 4.123
67 0.16 4.107
54 0.016 1.276
54 0.16 1.26
60 0.016 0.748
60 0.16 0.732
72 0.016 0.748
72 0.16 0.732
58 0.016 4.475
58 0.16 4.459
63 0.16 4.798
71 0.16 4.798
52 0.16 4.759
65 0.16 4.798
53 0.16 4.622
63 0.016 4.638
63 0.16 4.622
68 0.16 4.798
75 0.016 2.86
75 0.16 2.844
59 0.016 2.86
59 0.16 2.844
62 0.016 2.86
62 0.16 2.844
74 0.016 4.622
74 0.16 4.606
60 0.16 0.572
51 0.016 0.572
51 0.16 0.556
54 0.016 1.1
54 0.16 1.084
58 0.016 4.299
58 0.16 4.283
72 0.016 0.572
72 0.16 0.556
66 0.016 2.715
66 0.16 2.699
67 0.016 3.947
67 0.16 3.931
59 0.16 2.684
62 0.016 2.684
62 0.16 2.668
74 0.016 4.446
74 0.16 4.43
75 0.016 2.684
75 0.16 2.668
68 0.016 4.638
68 0.16 4.622
70 0.16 4.094
54 0.16 0.924
73 0.16 4.798
56 0.16 3.947
61 0.016 4.123
61 0.16 4.107
74 0.16 4.27
64 0.016 4.123
64 0.16 4.107
72 0.16 0.396
60 0.016 0.412
60 0.16 0.396
51 0.016 0.664
51 0.16 0.648
66 0.016 2.539
66 0.16 2.523
58 0.016 4.123
58 0.16 4.107
64 0.16 3.947
74 0.016 4.11
74 0.16 4.094
67 0.16 3.771
62 0.16 2.776
59 0.016 2.524
59 0.16 2.508
75 0.016 2.508
75 0.16 2.492
57 0.16 4.798
61 0.16 3.947
56 0.016 4.055
56 0.16 4.039
51 0.16 0.488
60 0.016 0.236
60 0.16 0.22
66 0.016 2.363
66 0.16 2.347
72 0.016 0.504
72 0.16 0.488
75 0.16 2.332
59 0.016 2.348
59 0.16 2.332
62 0.016 2.616
62 0.16 2.6
55 0.16 4.583
69 0.16 4.123
58 0.16 3.947
66 0.16 2.187
51 0.016 0.328
51 0.16 0.312
60 0.016 0.328
60 0.16 0.312
72 0.016 0.328
72 0.16 0.312
63 0.16 4.73
59 0.016 2.44
59 0.16 2.424
75 0.016 2.172
75 0.16 2.156
62 0.016 2.44
62 0.16 2.424
71 0.16 4.906
52 0.16 4.855
65 0.16 4.906
53 0.16 4.73
57 0.016 4.906
57 0.16 4.89
68 0.16 4.73
60 0.16 0.152
51 0.016 0.152
51 0.16 0.136
72 0.016 0.152
72 0.16 0.136
66 0.016 2.295
66 0.16 2.279
56 0.016 3.879
56 0.16 3.863
61 0.016 4.055
61 0.16 4.039
59 0.16 2.264
62 0.016 2.264
62 0.16 2.248
75 0.016 2.264
75 0.16 2.248
70 0.16 4.202
54 0.16 1.032
73 0.16 4.906
56 0.16 3.703
60 0.016 0
60 0.16 0
61 0.016 3.879
61 0.16 3.863
72 0.016 0
72 0.16 0
51 0.016 0
51 0.16 0
66 0.016 2.119
66 0.16 2.103
74 0.16 4.202
69 0.016 4.231
69 0.16 4.215
68 0.016 4.57
68 0.16 4.554
72 0.16 0
56 0.016 3.543
56 0.16 3.527
60 0.016 0
60 0.16 0
61 0.016 3.703
61 0.16 3.687
51 0.016 0.256
51 0.16 0.24
66 0.016 1.943
66 0.16 1.927
64 0.16 4.055
67 0.16 3.879
58 0.016 4.055
58 0.16 4.039
62 0.16 2.344
57 0.016 4.73
57 0.16 4.714
59 0.016 2.104
59 0.16 2.088
75 0.016 2.088
75 0.16 2.072
57 0.16 4.554
59 0.016 1.928
59 0.16 1.912
62 0.016 2.184
62 0.16 2.168
75 0.016 1.912
75 0.16 1.896
61 0.16 3.527
51 0.016 0.08
51 0.16 0.064
56 0.016 3.623
56 0.16 3.607
60 0.016 0
60 0.16 0
72 0.016 0
72 0.16 0
66 0.016 1.767
66 0.16 1.751
51 0.16 0
56 0.016 3.447
56 0.16 3.431
60 0.016 0
60 0.16 0
61 0.016 3.623
61 0.16 3.607
66 0.016 1.591
66 0.16 1.575
72 0.016 0.256
72 0.16 0.24
75 0.16 1.736
62 0.016 2.008
62 0.16 1.992
57 0.016 4.394
57 0.16 4.378
59 0.016 1.752
59 0.16 1.736
55 0.16 4.679
69 0.16 4.055
58 0.16 3.879
66 0.16 1.415
51 0.016 0
51 0.16 0
56 0.016 3.271
56 0.16 3.255
61 0.016 3.447
61 0.16 3.431
60 0.016 0.256
60 0.16 0.24
72 0.016 0.08
72 0.16 0.064
63 0.16 4.826
71 0.16 5
52 0.16 5
59 0.016 1.832
59 0.16 1.816
62 0.016 1.832
62 0.16 1.816
65 0.16 5
53 0.16 4.826
68 0.16 4.65
60 0.16 0.08
51 0.016 0
51 0.16 0
72 0.016 0
72 0.16 0
66 0.016 1.511
66 0.16 1.495
59 0.16 1.656
52 0.016 4.84
52 0.16 4.824
62 0.016 1.656
62 0.16 1.64
70 0.16 4.298
54 0.16 1.128
73 0.16 5
56 0.16 3.095
61 0.016 3.271
61 0.16 3.255
74 0.16 4.298
72 0.16 0
60 0.016 0
60 0.16 0
51 0.016 0.696
51 0.16 0.68
66 0.016 1.335
66 0.16 1.319
64 0.16 4.151
67 0.16 3.975
62 0.16 2.176
59 0.016 1.496
59 0.16 1.48
57 0.16 4.474
61 0.16 3.095
56 0.016 3.631
56 0.16 3.615
67 0.016 4.511
67 0.16 4.495
51 0.16 0.52
60 0.016 0
60 0.16 0
66 0.016 1.159
66 0.16 1.143
74 0.016 4.138
74 0.16 4.122
72 0.016 0.696
72 0.16 0.68
54 0.016 1.664
54 0.16 1.648
68 0.016 4.49
68 0.16 4.474
75 0.16 1.832
55 0.16 5
64 0.016 4.687
64 0.16 4.671
69 0.16 4.151
58 0.16 3.975
61 0.016 3.631
61 0.16 3.615
56 0.016 3.455
56 0.16 3.439
66 0.16 0.983
51 0.016 0.36
51 0.16 0.344
74 0.016 3.962
74 0.16 3.946
60 0.016 0.696
60 0.16 0.68
68 0.016 4.314
68 0.16 4.298
72 0.016 0.52
72 0.16 0.504
63 0.16 5
70 0.016 4.834
70 0.16 4.818
71 0.16 5
52 0.16 4.739
69 0.016 4.687
69 0.16 4.671
65 0.16 5
53 0.16 5
73 0.016 5
73 0.16 4.984
68 0.16 4.834
51 0.016 0.184
51 0.16 0.168
66 0.016 1.519
66 0.16 1.503
60 0.016 0.52
60 0.16 0.504
74 0.016 4.482
74 0.16 4.466
72 0.016 0.344
72 0.16 0.328
60 0.16 0.344
51 0.016 0.008
51 0.16 0
72 0.016 0.168
72 0.16 0.152
66 0.016 1.343
66 0.16 1.327
68 0.016 4.674
68 0.16 4.658
74 0.016 4.306
74 0.16 4.29
59 0.16 2.016
62 0.016 2.016
62 0.16 2
70 0.16 4.658
63 0.016 4.84
63 0.16 4.824
54 0.16 1.488
73 0.16 4.824
75 0.016 2.368
75 0.16 2.352
56 0.16 3.279
61 0.016 3.455
61 0.16 3.439
74 0.16 4.13
72 0.16 0
60 0.016 0.184
60 0.16 0.168
51 0.016 0.075
51 0.16 0.059
66 0.016 1.167
66 0.16 1.151
68 0.016 4.498
68 0.16 4.482
64 0.16 4.511
67 0.16 4.335
62 0.16 1.915
59 0.016 1.856
59 0.16 1.84
73 0.016 4.664
73 0.16 4.648
75 0.016 2.192
75 0.16 2.176
57 0.16 5
61 0.16 3.279
56 0.016 3.194
56 0.16 3.178
51 0.16 0
60 0.016 0.008
60 0.16 0
66 0.016 0.991
66 0.16 0.975
72 0.016 0.075
72 0.16 0.059
75 0.16 2.016
73 0.016 4.563
73 0.16 4.547
59 0.016 1.68
59 0.16 1.664
62 0.016 1.755
62 0.16 1.739
55 0.16 4.915
69 0.16 4.511
58 0.16 4.511
66 0.16 0.815
51 0.016 0
51 0.16 0
60 0.016 0.075
60 0.16 0.059
72 0.016 0
72 0.16 0
63 0.16 4.739
71 0.16 4.915
52 0.16 4.943
65 0.16 4.915
53 0.16 4.915
68 0.16 4.397
58 0.016 4.426
58 0.16 4.41
67 0.016 4.25
67 0.16 4.234
74 0.016 4.045
74 0.16 4.029
60 0.16 0
51 0.016 0
51 0.16 0
72 0.016 0
72 0.16 0
66 0.016 0.73
66 0.16 0.714
59 0.16 1.579
62 0.016 1.579
62 0.16 1.563
70 0.16 4.573
54 0.16 1.403
73 0.16 4.387
64 0.016 4.426
64 0.16 4.41
56 0.16 3.018
61 0.016 3.194
61 0.16 3.178
74 0.16 3.869
72 0.16 0
60 0.016 0
60 0.16 0
51 0.016 0.364
51 0.16 0.348
66 0.016 0.554
66 0.16 0.538
64 0.16 4.25
67 0.16 4.074
62 0.16 1.767
59 0.016 1.419
59 0.16 1.403
57 0.16 4.915
61 0.16 3.018
56 0.016 3.222
56 0.16 3.206
51 0.16 0.188
52 0.016 4.783
52 0.16 4.767
60 0.016 0
60 0.16 0
66 0.016 0.378
66 0.16 0.362
55 0.016 5
55 0.16 4.984
72 0.016 0.364
72 0.16 0.348
75 0.16 1.931
55 0.16 4.824
51 0.016 0.028
51 0.16 0.012
52 0.016 4.607
52 0.16 4.591
60 0.016 0
60 0.16 0
72 0.016 0.188
72 0.16 0.172
66 0.016 0.202
66 0.16 0.186
69 0.16 4.426
73 0.016 4.591
73 0.16 4.575
58 0.16 4.25
66 0.16 0.026
51 0.016 0
51 0.16 0
52 0.016 4.431
52 0.16 4.415
55 0.016 4.664
55 0.16 4.648
60 0.016 0.364
60 0.16 0.348
72 0.016 0.012
72 0.16 0
63 0.16 4.943
67 0.016 4.278
67 0.16 4.262
71 0.16 5
52 0.16 4.965
51 0.016 0
51 0.16 0
55 0.016 4.488
55 0.16 4.472
66 0.016 0.364
66 0.16 0.348
60 0.016 0.188
60 0.16 0.172
72 0.016 0
72 0.16 0
65 0.16 5
64 0.016 4.454
64 0.16 4.438
53 0.16 5
68 0.16 4.601
60 0.16 0.012
51 0.016 0
51 0.16 0
72 0.016 0
72 0.16 0
66 0.016 0.188
66 0.16 0.172
52 0.016 4.805
52 0.16 4.789
55 0.016 4.312
55 0.16 4.296
59 0.16 1.607
62 0.016 1.607
62 0.16 1.591
70 0.16 4.777
54 0.16 1.607
73 0.16 4.415
56 0.16 3.046
61 0.016 3.222
61 0.16 3.206
74 0.16 4.073
72 0.16 0
60 0.016 0
60 0.16 0
51 0.016 0.71
51 0.16 0.694
66 0.016 0.012
66 0.16 0
64 0.16 4.278
65 0.016 4.84
65 0.16 4.824
71 0.016 5
71 0.16 4.984
67 0.16 4.102
62 0.16 2.141
59 0.016 1.447
59 0.16 1.431
57 0.16 5
61 0.16 3.046
56 0.016 3.596
56 0.16 3.58
74 0.016 3.913
74 0.16 3.897
51 0.16 0.534
60 0.016 0
60 0.16 0
66 0.016 0
66 0.16 0
72 0.016 0.71
72 0.16 0.694
75 0.16 2.135
55 0.16 4.846
52 0.016 4.629
52 0.16 4.613
69 0.16 4.63
58 0.16 4.454
66 0.16 0
51 0.016 0.374
51 0.16 0.358
60 0.016 0.71
60 0.16 0.694
72 0.016 0.534
72 0.16 0.518
63 0.16 5
71 0.16 4.824
52 0.16 4.663
55 0.016 4.686
55 0.16 4.67
65 0.16 5
53 0.16 5
68 0.16 5
60 0.16 0.534
51 0.016 0.198
51 0.16 0.182
72 0.016 0.358
72 0.16 0.342
66 0.016 0.71
66 0.16 0.694
73 0.016 4.965
73 0.16 4.949
54 0.016 2.157
54 0.16 2.141
59 0.16 1.981
62 0.016 1.981
62 0.16 1.965
70 0.16 5
54 0.16 1.981
73 0.016 4.789
73 0.16 4.773
51 0.016 0.022
51 0.16 0.006
66 0.016 0.534
66 0.16 0.518
73 0.16 4.613
51 0.016 0
51 0.16 0
54 0.016 1.821
54 0.16 1.805
60 0.016 0.374
60 0.16 0.358
66 0.016 0.358
66 0.16 0.342
56 0.16 3.42
61 0.016 3.596
61 0.16 3.58
74 0.16 4.447
72 0.16 0.182
60 0.016 0.198
60 0.16 0.182
51 0.016 0.21
51 0.16 0.194
66 0.016 0.182
66 0.16 0.166
73 0.016 4.453
73 0.16 4.437
54 0.016 1.855
54 0.16 1.839
64 0.16 4.828
67 0.16 4.652
62 0.16 2.015
59 0.016 1.821
59 0.16 1.805
57 0.16 5
61 0.16 3.42
56 0.016 3.47
56 0.16 3.454
51 0.16 0.034
60 0.016 0.022
60 0.16 0.006
66 0.016 0.006
66 0.16 0
72 0.016 0.232
72 0.16 0.216
73 0.016 4.487
73 0.16 4.471
75 0.16 2.685
55 0.16 4.72
52 0.016 4.503
52 0.16 4.487
69 0.16 5
58 0.16 5
66 0.16 0
51 0.016 0
51 0.16 0
60 0.016 0.21
60 0.16 0.194
72 0.016 0.056
72 0.16 0.04
63 0.16 5
71 0.16 4.874
52 0.16 5
55 0.016 4.56
55 0.16 4.544
65 0.16 5
53 0.16 5
68 0.16 5
60 0.16 0.034
51 0.016 0
51 0.16 0
72 0.016 0
72 0.16 0
66 0.016 0.21
66 0.16 0.194
59 0.16 1.855
62 0.016 1.855
62 0.16 1.839
70 0.16 5
54 0.16 1.679
73 0.16 4.311
67 0.016 4.702
67 0.16 4.686
56 0.16 3.294
61 0.016 3.47
61 0.16 3.454
74 0.16 4.497
72 0.16 0
60 0.016 0
60 0.16 0
71 0.016 5
71 0.16 4.984
51 0.016 0.752
51 0.16 0.736
66 0.016 0.034
66 0.16 0.018
64 0.16 4.878
67 0.16 4.526
73 0.016 4.151
73 0.16 4.135
62 0.16 2.431
59 0.016 1.695
59 0.16 1.679
57 0.16 5
61 0.16 3.294
55 0.016 5
55 0.16 4.984
56 0.016 3.886
56 0.16 3.87
52 0.016 4.84
52 0.16 4.824
51 0.16 0.576
60 0.016 0
60 0.16 0
66 0.016 0
66 0.16 0
71 0.016 4.824
71 0.16 4.808
72 0.016 0.752
72 0.16 0.736
75 0.16 2.735
55 0.16 4.824
52 0.016 4.664
52 0.16 4.648
56 0.016 3.71
56 0.16 3.694
61 0.016 3.886
61 0.16 3.87
69 0.16 5
58 0.16 5
73 0.016 4.727
73 0.16 4.711
66 0.16 0
63 0.16 5
71 0.16 4.648
52 0.16 4.684
55 0.016 4.664
55 0.16 4.648
65 0.16 5
53 0.16 5
68 0.16 5
60 0.16 0.752
51 0.016 0.416
51 0.16 0.4
72 0.016 0.576
72 0.16 0.56
59 0.16 2.271
62 0.016 2.271
62 0.16 2.255
70 0.16 5
54 0.16 2.271
73 0.16 4.551
56 0.16 3.534
61 0.016 3.71
61 0.16 3.694
74 0.16 5
57 0.016 5
57 0.16 4.984
72 0.16 0.4
60 0.016 0.592
60 0.16 0.576
51 0.016 0.436
51 0.16 0.42
64 0.16 5
67 0.16 5
62 0.16 2.291
59 0.016 2.111
59 0.16 2.095
57 0.16 4.824
74 0.016 4.84
74 0.16 4.824
61 0.16 3.534
56 0.016 3.57
56 0.16 3.554
51 0.16 0.26
60 0.016 0.416
60 0.16 0.4
72 0.016 0.436
72 0.16 0.42
75 0.16 3.327
55 0.16 4.684
52 0.016 4.524
52 0.16 4.508
74 0.016 4.664
74 0.16 4.648
69 0.16 5
58 0.16 5
65 0.016 5
65 0.16 4.984
66 0.16 0.752
63 0.16 5
71 0.16 4.684
58 0.016 5
58 0.16 4.984
65 0.016 4.824
65 0.16 4.808
52 0.16 4.713
55 0.016 4.524
55 0.16 4.508
68 0.016 5
68 0.16 4.984
65 0.16 4.648
53 0.16 5
68 0.16 4.824
52 0.016 4.553
52 0.16 4.537
55 0.016 4.348
55 0.16 4.332
60 0.16 0.436
51 0.016 0.1
51 0.16 0.084
72 0.016 0.26
72 0.16 0.244
59 0.16 2.131
62 0.016 2.131
62 0.16 2.115
70 0.16 5
54 0.16 2.307
73 0.16 4.587
56 0.16 3.394
61 0.016 3.57
61 0.16 3.554
74 0.16 4.684
72 0.16 0.084
60 0.016 0.276
60 0.16 0.26
51 0.016 0.365
51 0.16 0.349
64 0.16 5
67 0.16 5
62 0.16 2.32
59 0.016 1.971
59 0.16 1.955
57 0.16 4.86
61 0.16 3.394
56 0.016 3.599
56 0.16 3.583
51 0.16 0.189
60 0.016 0.1
60 0.16 0.084
72 0.016 0.365
72 0.16 0.349
75 0.16 3.363
55 0.16 4.537
52 0.016 4.377
52 0.16 4.361
69 0.16 5
58 0.16 4.824
66 0.16 0.788
63 0.16 5
71 0.16 4.889
52 0.16 4.621
55 0.016 4.377
55 0.16 4.361
65 0.16 4.853
61 0.016 3.599
61 0.16 3.583
56 0.016 3.423
56 0.16 3.407
53 0.16 5
68 0.16 5
60 0.16 0.365
51 0.016 0.029
51 0.16 0.013
72 0.016 0.189
72 0.16 0.173
66 0.016 0.993
66 0.16 0.977
59 0.16 2.16
62 0.016 2.16
62 0.16 2.144
70 0.16 5
54 0.16 2.512
73 0.16 4.792
74 0.016 4.889
74 0.16 4.873
56 0.16 3.247
61 0.016 3.423
61 0.16 3.407
65 0.016 4.693
65 0.16 4.677
71 0.016 5
71 0.16 4.984
74 0.16 4.713
73 0.016 4.632
73 0.16 4.616
72 0.16 0.013
60 0.016 0.205
60 0.16 0.189
51 0.016 0.42
51 0.16 0.404
66 0.016 0.817
66 0.16 0.801
64 0.16 5
67 0.16 5
62 0.16 2.404
59 0.016 2
59 0.16 1.984
57 0.16 5
52 0.016 4.461
52 0.16 4.445
55 0.016 4.621
55 0.16 4.605
61 0.16 3.247
56 0.016 3.507
56 0.16 3.491
71 0.016 4.824
71 0.16 4.808
51 0.16 0.244
60 0.016 0.029
60 0.16 0.013
66 0.016 0.641
66 0.16 0.625
72 0.016 0.42
72 0.16 0.404
75 0.16 3.568
55 0.16 4.445
52 0.016 4.285
52 0.16 4.269
69 0.16 5
58 0.16 5
66 0.16 0.465
51 0.016 0.084
51 0.16 0.068
60 0.016 0.42
60 0.16 0.404
72 0.016 0.244
72 0.16 0.228
63 0.16 5
71 0.16 4.648
52 0.16 4.497
55 0.016 4.285
55 0.16 4.269
65 0.16 4.937
53 0.16 5
68 0.16 5
60 0.16 0.244
51 0.016 0
51 0.16 0
72 0.016 0.068
72 0.16 0.052
66 0.016 0.725
66 0.16 0.709
59 0.16 2.244
62 0.016 2.244
62 0.16 2.228
70 0.16 5
54 0.16 2.772
73 0.16 4.876
56 0.16 3.331
61 0.016 3.507
61 0.16 3.491
74 0.16 4.973
72 0.16 0
60 0.016 0.084
60 0.16 0.068
51 0.016 0.388
51 0.16 0.372
66 0.016 0.549
66 0.16 0.533
64 0.16 5
67 0.16 5
62 0.16 2.456
59 0.016 2.084
59 0.16 2.068
57 0.16 5
61 0.16 3.331
56 0.016 3.559
56 0.16 3.543
51 0.16 0.212
60 0.016 0
60 0.16 0
66 0.016 0.373
66 0.16 0.357
72 0.016 0.388
72 0.16 0.372
75 0.16 3.828
62 0.016 2.296
62 0.16 2.28
59 0.016 1.908
59 0.16 1.892
55 0.16 4.497
69 0.16 5
58 0.16 5
66 0.16 0.197
51 0.016 0.052
51 0.16 0.036
60 0.016 0.388
60 0.16 0.372
72 0.016 0.212
72 0.16 0.196
63 0.16 5
71 0.16 4.876
68 0.016 5
68 0.16 4.984
52 0.16 4.858
65 0.16 5
53 0.16 5
68 0.16 4.824
71 0.016 5
71 0.16 4.984
60 0.16 0.212
51 0.016 0
51 0.16 0
72 0.016 0.036
72 0.16 0.02
66 0.016 0.425
66 0.16 0.409
59 0.16 2.12
62 0.016 2.12
62 0.16 2.104
75 0.016 4.056
75 0.16 4.04
70 0.16 5
54 0.16 3
73 0.16 5
52 0.016 4.698
52 0.16 4.682
56 0.16 3.383
61 0.016 3.559
61 0.16 3.543
74 0.16 5
72 0.16 0
60 0.016 0.052
60 0.16 0.036
51 0.016 0.521
51 0.16 0.505
66 0.016 0.249
66 0.16 0.233
64 0.16 5
67 0.16 5
62 0.16 2.465
59 0.016 1.96
59 0.16 1.944
75 0.016 3.88
75 0.16 3.864
57 0.16 5
61 0.16 3.383
56 0.016 3.744
56 0.16 3.728
51 0.16 0.345
60 0.016 0
60 0.16 0
66 0.016 0.073
66 0.16 0.057
72 0.016 0.521
72 0.16 0.505
75 0.16 3.704
62 0.016 2.305
62 0.16 2.289
59 0.016 1.784
59 0.16 1.768
55 0.16 4.858
69 0.16 5
58 0.16 5
66 0.16 0
51 0.016 0.185
51 0.16 0.169
60 0.016 0.521
60 0.16 0.505
72 0.016 0.345
72 0.16 0.329
63 0.16 5
71 0.16 4.824
52 0.16 4.885
65 0.16 5
53 0.16 5
68 0.16 5
60 0.16 0.345
51 0.016 0.009
51 0.16 0
72 0.016 0.169
72 0.16 0.153
66 0.016 0.521
66 0.16 0.505
59 0.16 2.129
62 0.016 2.129
62 0.16 2.113
75 0.016 4.065
75 0.16 4.049
70 0.16 5
54 0.16 3.361
73 0.16 5
56 0.16 3.568
61 0.016 3.744
61 0.16 3.728
74 0.16 5
72 0.16 0
60 0.016 0.185
60 0.16 0.169
51 0.016 0.363
51 0.16 0.347
66 0.016 0.345
66 0.16 0.329
64 0.16 5
67 0.16 5
62 0.16 2.316
59 0.016 1.969
59 0.16 1.953
75 0.016 3.889
75 0.16 3.873
57 0.16 5
61 0.16 3.568
56 0.016 3.771
56 0.16 3.755
51 0.16 0.187
60 0.016 0.009
60 0.16 0
66 0.016 0.169
66 0.16 0.153
72 0.016 0.363
72 0.16 0.347
75 0.16 3.713
62 0.016 2.156
62 0.16 2.14
59 0.016 1.793
59 0.16 1.777
55 0.16 5
69 0.16 5
58 0.16 5
66 0.16 0
51 0.016 0.027
51 0.16 0.011
60 0.016 0.363
60 0.16 0.347
72 0.016 0.187
72 0.16 0.171
63 0.16 5
71 0.16 5
52 0.16 4.778
65 0.16 5
53 0.16 5
68 0.16 5
60 0.16 0.187
51 0.016 0
51 0.16 0
72 0.016 0.011
72 0.16 0
66 0.016 0.363
66 0.16 0.347
59 0.16 1.98
62 0.016 1.98
62 0.16 1.964
75 0.016 3.916
75 0.16 3.9
70 0.16 5
54 0.16 3.564
73 0.16 5
56 0.16 3.595
61 0.016 3.771
61 0.16 3.755
74 0.16 5
72 0.16 0
60 0.016 0.027
60 0.16 0.011
51 0.016 0.053
51 0.16 0.037
66 0.016 0.187
66 0.16 0.171
64 0.16 5
67 0.16 5
62 0.16 1.857
59 0.016 1.82
59 0.16 1.804
75 0.016 3.74
75 0.16 3.724
57 0.16 5
61 0.16 3.595
56 0.016 3.488
56 0.16 3.472
51 0.16 0
60 0.016 0
60 0.16 0
66 0.016 0.011
66 0.16 0
72 0.016 0.053
72 0.16 0.037
75 0.16 3.564
62 0.016 1.697
62 0.16 1.681
59 0.016 1.644
59 0.16 1.628
55 0.16 4.893
69 0.16 5
58 0.16 5
66 0.16 0
51 0.016 0
51 0.16 0
60 0.016 0.053
60 0.16 0.037
72 0.016 0
72 0.16 0
63 0.16 4.893
71 0.16 4.893
52 0.16 4.847
65 0.16 4.893
73 0.016 4.893
73 0.16 4.877
71 0.016 4.962
71 0.16 4.946
53 0.16 4.893
68 0.16 4.893
60 0.16 0
51 0.016 0
51 0.16 0
72 0.016 0
72 0.16 0
66 0.016 0.053
66 0.16 0.037
59 0.16 1.521
62 0.016 1.521
62 0.16 1.505
75 0.016 3.457
75 0.16 3.441
70 0.16 4.893
54 0.16 3.457
73 0.16 4.717
71 0.016 4.786
71 0.16 4.77
56 0.16 3.312
61 0.016 3.488
61 0.16 3.472
74 0.16 4.893
72 0.16 0
60 0.016 0
60 0.16 0
51 0.016 0.229
51 0.16 0.213
66 0.016 0
66 0.16 0
64 0.16 4.893
67 0.16 4.893
62 0.16 1.574
59 0.016 1.361
59 0.16 1.345
75 0.016 3.281
75 0.16 3.265
57 0.16 4.893
61 0.16 3.312
56 0.016 3.381
56 0.16 3.365
51 0.16 0.053
60 0.016 0
60 0.16 0
66 0.016 0
66 0.16 0
72 0.016 0.229
72 0.16 0.213
75 0.16 3.105
62 0.016 1.414
62 0.16 1.398
59 0.016 1.185
59 0.16 1.169
55 0.16 4.962
69 0.16 4.893
58 0.16 4.893
66 0.16 0
51 0.016 0
51 0.16 0
60 0.016 0.229
60 0.16 0.213
72 0.016 0.053
72 0.16 0.037
63 0.16 4.962
71 0.16 4.61
52 0.16 4.916
65 0.16 4.962
71 0.016 4.679
71 0.16 4.663
53 0.16 4.962
68 0.16 4.962
60 0.16 0.053
51 0.016 0
51 0.16 0
72 0.016 0
72 0.16 0
66 0.016 0.229
66 0.16 0.213
59 0.16 1.238
62 0.016 1.238
62 0.16 1.222
75 0.016 3.174
75 0.16 3.158
70 0.16 4.962
54 0.16 3.526
73 0.16 4.786
56 0.16 3.205
61 0.016 3.381
61 0.16 3.365
74 0.16 4.962
72 0.16 0
60 0.016 0
60 0.16 0
51 0.016 0.229
51 0.16 0.213
66 0.016 0.053
66 0.16 0.037
64 0.16 4.962
67 0.16 4.962
62 0.16 1.291
59 0.016 1.078
59 0.16 1.062
75 0.016 2.998
75 0.16 2.982
57 0.16 4.962
61 0.16 3.205
56 0.016 3.274
56 0.16 3.258
51 0.16 0.053
60 0.016 0
60 0.16 0
66 0.016 0
66 0.16 0
72 0.016 0.229
72 0.16 0.213
75 0.16 2.822
62 0.016 1.131
62 0.16 1.115
59 0.016 0.902
59 0.16 0.886
55 0.16 5
69 0.16 4.962
58 0.16 4.962
66 0.16 0
51 0.016 0
51 0.16 0
60 0.016 0.229
60 0.16 0.213
63 0.16 5
71 0.16 4.503
52 0.16 5
65 0.16 5
53 0.16 5
68 0.16 5
60 0.16 0.053
51 0.016 0
51 0.16 0
72 0.016 0.053
72 0.16 0.037
66 0.016 0.229
66 0.16 0.213
59 0.16 0.955
62 0.016 0.955
62 0.16 0.939
75 0.016 2.891
75 0.16 2.875
70 0.16 5
54 0.16 3.595
73 0.16 4.855
56 0.16 3.098
61 0.016 3.274
61 0.16 3.258
74 0.16 5
72 0.16 0
60 0.016 0
60 0.16 0
51 0.016 0.595
51 0.16 0.579
66 0.016 0.053
66 0.16 0.037
64 0.16 5
67 0.16 5
62 0.16 1.374
59 0.016 0.795
59 0.16 0.779
75 0.016 2.715
75 0.16 2.699
57 0.16 5
61 0.16 3.098
56 0.016 3.533
56 0.16 3.517
51 0.16 0.419
60 0.016 0
60 0.16 0
66 0.016 0
66 0.16 0
72 0.016 0.595
72 0.16 0.579
75 0.16 2.539
62 0.016 1.214
62 0.16 1.198
59 0.016 0.619
59 0.16 0.603
55 0.16 5
69 0.16 5
58 0.16 5
66 0.16 0
51 0.016 0.259
51 0.16 0.243
60 0.016 0.595
60 0.16 0.579
63 0.16 5
71 0.16 4.938
52 0.16 5
65 0.16 5
53 0.16 5
68 0.16 5
60 0.16 0.419
51 0.016 0.083
51 0.16 0.067
72 0.016 0.419
72 0.16 0.403
66 0.016 0.595
66 0.16 0.579
59 0.16 1.038
62 0.016 1.038
62 0.16 1.022
75 0.016 2.974
75 0.16 2.958
70 0.16 5
54 0.16 4.03
73 0.16 5
56 0.16 3.357
61 0.016 3.533
61 0.16 3.517
74 0.16 5
72 0.16 0.243
60 0.016 0.259
60 0.16 0.243
51 0.016 0.679
51 0.16 0.663
66 0.016 0.419
66 0.16 0.403
64 0.16 5
67 0.16 5
62 0.16 1.541
59 0.016 0.878
59 0.16 0.862
57 0.16 5
61 0.16 3.357
56 0.016 3.876
56 0.16 3.86
51 0.16 0.503
60 0.016 0.083
60 0.16 0.067
66 0.016 0.243
66 0.16 0.227
72 0.016 0.762
72 0.16 0.746
75 0.16 2.798
53 0.016 4.84
53 0.16 4.824
55 0.16 5
69 0.16 5
58 0.16 5
66 0.16 0.067
51 0.016 0.343
51 0.16 0.327
60 0.016 0.679
60 0.16 0.663
63 0.16 5
71 0.16 5
52 0.16 5
65 0.16 5
53 0.16 5
68 0.16 5
60 0.16 0.503
51 0.016 0.167
51 0.16 0.151
72 0.016 0.586
72 0.16 0.57
66 0.016 0.679
66 0.16 0.663
59 0.16 1.381
62 0.016 1.381
62 0.16 1.365
70 0.16 5
54 0.16 4.549
73 0.16 5
56 0.16 3.7
61 0.016 3.876
61 0.16 3.86
74 0.16 5
72 0.16 0.41
60 0.016 0.343
60 0.16 0.327
51 0.016 0.727
51 0.16 0.711
66 0.016 0.503
66 0.16 0.487
64 0.16 5
67 0.16 5
62 0.16 1.932
59 0.016 1.221
59 0.16 1.205
57 0.16 5
61 0.16 3.7
56 0.016 4.267
56 0.16 4.251
51 0.16 0.551
60 0.016 0.167
60 0.16 0.151
66 0.016 0.327
66 0.16 0.311
72 0.016 0.977
72 0.16 0.961
75 0.16 3.317
55 0.16 5
69 0.16 5
58 0.16 5
66 0.16 0.151
51 0.016 0.391
51 0.16 0.375
60 0.016 0.727
60 0.16 0.711
63 0.16 5
71 0.16 5
52 0.16 5
65 0.16 5
53 0.16 5
69 0.016 5
69 0.16 4.984
68 0.16 5
60 0.16 0.551
51 0.016 0.215
51 0.16 0.199
72 0.016 0.801
72 0.16 0.785
66 0.016 0.727
66 0.16 0.711
59 0.16 1.772
62 0.016 1.772
62 0.16 1.756
70 0.16 5
54 0.16 5
73 0.16 5
56 0.16 4.091
61 0.016 4.267
61 0.16 4.251
74 0.16 5
72 0.16 0.625
60 0.016 0.391
60 0.16 0.375
51 0.016 0.333
51 0.16 0.317
66 0.016 0.551
66 0.16 0.535
64 0.16 5
67 0.16 5
62 0.16 1.89
59 0.016 1.612
59 0.16 1.596
57 0.16 5
61 0.16 4.091
56 0.016 4.225
56 0.16 4.209
51 0.16 0.157
60 0.016 0.215
60 0.16 0.199
66 0.016 0.375
66 0.16 0.359
72 0.016 0.759
72 0.16 0.743
75 0.16 3.884
69 0.016 4.824
69 0.16 4.808
55 0.16 5
69 0.16 4.648
58 0.16 5
66 0.16 0.199
51 0.016 0
51 0.16 0
60 0.016 0.333
60 0.16 0.317
63 0.16 5
71 0.16 5
52 0.16 5
65 0.16 5
53 0.16 5
68 0.16 5
60 0.16 0.157
51 0.016 0
51 0.16 0
72 0.016 0.583
72 0.16 0.567
66 0.016 0.333
66 0.16 0.317
59 0.16 1.73
62 0.016 1.73
62 0.16 1.714
70 0.16 5
75 0.016 4.018
75 0.16 4.002
54 0.16 5
73 0.16 5
56 0.16 4.049
61 0.016 4.225
61 0.16 4.209
74 0.16 5
72 0.16 0.407
60 0.016 0
60 0.16 0
51 0.016 0.204
51 0.16 0.188
66 0.016 0.157
66 0.16 0.141
64 0.16 5
69 0.016 4.782
69 0.16 4.766
67 0.16 5
62 0.16 1.758
59 0.016 1.57
59 0.16 1.554
70 0.016 5
70 0.16 4.984
75 0.016 3.842
75 0.16 3.826
57 0.16 5
61 0.16 4.049
56 0.016 4.093
56 0.16 4.077
51 0.16 0.028
53 0.016 4.84
53 0.16 4.824
60 0.016 0
60 0.16 0
66 0.016 0
66 0.16 0
54 0.016 5
54 0.16 4.984
72 0.016 0.451
72 0.16 0.435
75 0.16 3.666
55 0.16 5
69 0.16 4.606
58 0.16 5
66 0.16 0
51 0.016 0
51 0.16 0
53 0.016 4.868
53 0.16 4.852
60 0.016 0.204
60 0.16 0.188
63 0.16 5
71 0.16 5
52 0.16 5
65 0.16 5
53 0.16 4.692
68 0.16 5
60 0.16 0.028
51 0.016 0
51 0.16 0
72 0.016 0.275
72 0.16 0.259
66 0.016 0.204
66 0.16 0.188
59 0.16 1.598
54 0.016 4.824
54 0.16 4.808
62 0.016 1.598
62 0.16 1.582
70 0.16 4.824
54 0.16 4.648
59 0.016 1.438
59 0.16 1.422
62 0.016 1.422
62 0.16 1.406
73 0.16 5
56 0.16 3.917
61 0.016 4.093
61 0.16 4.077
74 0.16 5
72 0.16 0.099
60 0.016 0
60 0.16 0
64 0.016 5
64 0.16 4.984
51 0.016 0.166
51 0.16 0.15
64 0.16 4.824
72 0.016 0
72 0.16 0
60 0.016 0
60 0.16 0
67 0.16 5
62 0.16 1.412
59 0.016 1.262
59 0.16 1.246
66 0.016 0.028
66 0.16 0.012
51 0.016 0
51 0.16 0
57 0.16 5
61 0.16 3.917
56 0.016 3.923
56 0.16 3.907
51 0.16 0
60 0.016 0
60 0.16 0
64 0.016 4.664
64 0.16 4.648
66 0.016 0
66 0.16 0
72 0.016 0.166
72 0.16 0.15
75 0.16 3.71
55 0.16 5
69 0.16 4.65
58 0.16 5
66 0.16 0
51 0.016 0
51 0.16 0
64 0.016 4.654
64 0.16 4.638
60 0.016 0.166
60 0.16 0.15
63 0.16 5
71 0.16 5
52 0.16 5
65 0.16 5
53 0.16 4.698
58 0.016 5
58 0.16 4.984
68 0.16 5
60 0.16 0
51 0.016 0
51 0.16 0
69 0.016 4.656
69 0.16 4.64
72 0.016 0
72 0.16 0
66 0.016 0.166
66 0.16 0.15
64 0.016 4.478
64 0.16 4.462
59 0.16 1.252
62 0.016 1.252
62 0.16 1.236
70 0.16 4.83
54 0.16 4.654
69 0.016 4.48
69 0.16 4.464
51 0.016 0
51 0.16 0
60 0.016 0
60 0.16 0
72 0.016 0
72 0.16 0
66 0.016 0
66 0.16 0
73 0.16 5
56 0.16 3.747
61 0.016 3.923
61 0.16 3.907
74 0.16 5
72 0.16 0
60 0.016 0
60 0.16 0
69 0.016 4.304
69 0.16 4.288
51 0.016 0.177
51 0.16 0.161
66 0.016 0
66 0.16 0
64 0.16 4.302
67 0.16 5
75 0.016 3.716
75 0.16 3.7
58 0.016 4.824
58 0.16 4.808
62 0.16 1.253
59 0.016 1.092
59 0.16 1.076
57 0.16 5
61 0.16 3.747
56 0.016 3.764
56 0.16 3.748
51 0.16 0.001
60 0.016 0
60 0.16 0
66 0.016 0
66 0.16 0
69 0.016 4.128
69 0.16 4.112
72 0.016 0.177
72 0.16 0.161
75 0.16 3.54
58 0.016 4.648
58 0.16 4.632
55 0.16 5
69 0.16 3.952
66 0.016 0
66 0.16 0
51 0.016 0
51 0.16 0
58 0.16 4.472
66 0.16 0
51 0.016 0
51 0.16 0
69 0.016 3.792
69 0.16 3.776
60 0.016 0.177
60 0.16 0.161
63 0.16 5
71 0.16 5
52 0.16 5
65 0.16 5
53 0.16 4.715
68 0.16 5
60 0.16 0.001
51 0.016 0
51 0.16 0
72 0.016 0.001
72 0.16 0
66 0.016 0.177
66 0.16 0.161
59 0.16 1.093
62 0.016 1.093
62 0.16 1.077
70 0.16 4.847
54 0.016 4.671
54 0.16 4.655
54 0.16 4.495
70 0.016 4.687
70 0.16 4.671
73 0.16 5
56 0.16 3.588
61 0.016 3.764
61 0.16 3.748
74 0.16 5
72 0.16 0
60 0.016 0
60 0.16 0
51 0.016 0.695
51 0.16 0.679
66 0.016 0.001
66 0.16 0
64 0.16 4.319
58 0.016 4.489
58 0.16 4.473
67 0.16 5
69 0.016 3.793
69 0.16 3.777
62 0.16 1.612
59 0.016 0.933
59 0.16 0.917
57 0.16 5
61 0.16 3.588
56 0.016 4.123
56 0.16 4.107
51 0.16 0.519
60 0.016 0
60 0.16 0
66 0.016 0
66 0.16 0
72 0.016 0.695
72 0.16 0.679
75 0.16 3.557
55 0.16 5
52 0.016 4.84
52 0.16 4.824
69 0.16 3.617
58 0.016 4.313
58 0.16 4.297
58 0.16 4.137
69 0.016 3.457
69 0.16 3.441
66 0.16 0
51 0.016 0.359
51 0.16 0.343
60 0.016 0.695
60 0.16 0.679
72 0.016 0.519
72 0.16 0.503
63 0.16 5
71 0.16 5
52 0.16 4.819
55 0.016 4.84
55 0.16 4.824
65 0.16 5
53 0.16 5
68 0.16 5
60 0.16 0.519
51 0.016 0.183
51 0.16 0.167
66 0.016 0.695
66 0.16 0.679
72 0.016 0.343
72 0.16 0.327
59 0.16 1.452
62 0.016 1.452
62 0.16 1.436
70 0.16 5
54 0.16 5
73 0.16 5
56 0.16 3.947
74 0.16 5
72 0.16 0.167
60 0.016 0.359
60 0.16 0.343
51 0.016 0.162
51 0.16 0.146
66 0.016 0.519
66 0.16 0.503
64 0.16 4.854
61 0.016 4.123
61 0.16 4.107
67 0.16 5
62 0.16 1.431
59 0.016 1.292
59 0.16 1.276
57 0.16 5
61 0.16 3.947
64 0.016 4.694
64 0.16 4.678
56 0.016 3.942
56 0.16 3.926
51 0.16 0
60 0.016 0.183
60 0.16 0.167
66 0.016 0.343
66 0.16 0.327
72 0.016 0.162
72 0.16 0.146
75 0.16 4.092
55 0.16 4.819
52 0.016 4.659
52 0.16 4.643
69 0.16 3.976
58 0.16 4.672
66 0.16 0.167
51 0.016 0
51 0.16 0
60 0.016 0.162
60 0.16 0.146
63 0.16 4.995
71 0.16 4.995
52 0.16 5
55 0.016 4.659
55 0.16 4.643
65 0.16 4.995
53 0.16 4.995
68 0.16 4.995
60 0.16 0
51 0.016 0
51 0.16 0
72 0.016 0
72 0.16 0
66 0.016 0.162
66 0.16 0.146
58 0.016 4.667
58 0.16 4.651
59 0.16 1.271
62 0.016 1.271
62 0.16 1.255
74 0.016 4.995
74 0.16 4.979
70 0.16 4.995
54 0.16 4.995
58 0.016 4.491
58 0.16 4.475
72 0.016 0
72 0.16 0
60 0.016 0
60 0.16 0
51 0.016 0
51 0.16 0
73 0.16 4.995
56 0.16 3.766
69 0.016 3.971
69 0.16 3.955
74 0.16 4.819
62 0.016 1.095
62 0.16 1.079
59 0.016 1.111
59 0.16 1.095
72 0.16 0
60 0.016 0
60 0.16 0
51 0.016 0.707
51 0.16 0.691
58 0.016 4.315
58 0.16 4.299
66 0.016 0
66 0.16 0
64 0.16 4.673
67 0.16 4.995
62 0.16 1.626
59 0.016 0.935
59 0.16 0.919
57 0.16 4.995
61 0.16 3.942
51 0.16 0.531
60 0.016 0
60 0.16 0
66 0.016 0
66 0.16 0
72 0.016 0.707
72 0.16 0.691
58 0.016 4.139
58 0.16 4.123
75 0.16 4.087
55 0.16 5
52 0.016 4.84
52 0.16 4.824
69 0.16 3.795
58 0.16 3.963
66 0.16 0
51 0.016 0.371
51 0.16 0.355
60 0.016 0.707
60 0.16 0.691
63 0.16 5
71 0.16 5
52 0.16 5
55 0.016 4.84
55 0.16 4.824
65 0.16 5
53 0.16 5
57 0.016 5
57 0.16 4.984
68 0.16 5
64 0.016 5
64 0.16 4.984
60 0.16 0.531
51 0.016 0.195
51 0.16 0.179
72 0.016 0.531
72 0.16 0.515
66 0.016 0.707
66 0.16 0.691
59 0.16 1.466
62 0.016 1.466
62 0.16 1.45
63 0.016 4.84
63 0.16 4.824
70 0.16 5
54 0.16 5
73 0.16 5
56 0.16 4.313
74 0.16 5
69 0.016 4.342
69 0.16 4.326
72 0.16 0.355
60 0.016 0.371
60 0.16 0.355
51 0.016 0.511
51 0.16 0.495
64 0.16 4.824
67 0.16 5
58 0.016 4.51
58 0.16 4.494
62 0.16 1.782
59 0.016 1.306
59 0.16 1.29
57 0.16 4.824
53 0.016 4.84
53 0.16 4.824
61 0.16 4.489
72 0.016 0.195
72 0.16 0.179
56 0.016 4.645
56 0.16 4.629
60 0.016 0.195
60 0.16 0.179
51 0.016 0.335
51 0.16 0.319
66 0.016 0.531
66 0.16 0.515
51 0.16 0.159
60 0.016 0.019
60 0.16 0.003
66 0.016 0.355
66 0.16 0.339
56 0.016 4.469
56 0.16 4.453
72 0.016 0.511
72 0.16 0.495
75 0.16 4.634
55 0.16 5
52 0.016 4.84
52 0.16 4.824
53 0.016 5
53 0.16 4.984
69 0.16 4.166
58 0.16 4.334
66 0.16 0.179
51 0.016 0
51 0.16 0
56 0.016 4.293
56 0.16 4.277
60 0.016 0.492
60 0.16 0.476
63 0.16 5
71 0.16 5
52 0.16 5
55 0.016 4.84
55 0.16 4.824
65 0.16 5
53 0.16 4.824
68 0.16 5
74 0.016 5
74 0.16 4.984
60 0.16 0.316
51 0.016 0
51 0.16 0
72 0.016 0.335
72 0.16 0.319
66 0.016 0.511
66 0.16 0.495
59 0.16 1.622
62 0.016 1.622
62 0.16 1.606
70 0.16 5
54 0.16 5
73 0.16 5
56 0.16 4.117
61 0.016 4.821
61 0.16 4.805
74 0.16 4.824
68 0.016 4.84
68 0.16 4.824
72 0.16 0.159
60 0.016 0.156
60 0.16 0.14
51 0.016 0.699
51 0.16 0.683
64 0.16 5
67 0.16 5
62 0.16 2.145
59 0.016 1.462
59 0.16 1.446
57 0.16 5
61 0.16 4.645
51 0.16 0.523
60 0.016 0
60 0.16 0
66 0.016 0.335
66 0.16 0.319
72 0.016 0.699
72 0.16 0.683
75 0.16 4.966
55 0.16 5
52 0.016 4.84
52 0.16 4.824
64 0.016 5
64 0.16 4.984
69 0.16 4.498
58 0.16 4.666
66 0.16 0.159
51 0.016 0.363
51 0.16 0.347
60 0.016 0.699
60 0.16 0.683
63 0.16 5
71 0.16 5
52 0.16 4.882
55 0.016 4.84
55 0.16 4.824
65 0.16 5
53 0.16 5
68 0.16 5
51 0.016 0.187
51 0.16 0.171
60 0.016 0.523
60 0.16 0.507
66 0.016 0.699
66 0.16 0.683
74 0.016 5
74 0.16 4.984
72 0.016 0.523
72 0.16 0.507
60 0.16 0.347
51 0.016 0.011
51 0.16 0
72 0.016 0.347
72 0.16 0.331
66 0.016 0.523
66 0.16 0.507
68 0.016 4.84
68 0.16 4.824
74 0.016 4.824
74 0.16 4.808
59 0.16 1.985
62 0.016 1.985
62 0.16 1.969
70 0.16 5
63 0.016 4.84
63 0.16 4.824
54 0.16 5
73 0.16 5
56 0.16 4.656
74 0.16 4.648
66 0.016 0.347
66 0.16 0.331
51 0.016 0.218
51 0.16 0.202
60 0.016 0.187
60 0.16 0.171
68 0.016 4.664
68 0.16 4.648
72 0.16 0.171
60 0.016 0.011
60 0.16 0
51 0.016 0.042
51 0.16 0.026
64 0.16 4.824
67 0.16 5
62 0.16 2.027
59 0.016 1.825
59 0.16 1.809
57 0.16 5
61 0.16 5
51 0.16 0
60 0.016 0
60 0.16 0
66 0.016 0.171
66 0.16 0.155
72 0.016 0.229
72 0.16 0.213
75 0.16 5
73 0.016 5
73 0.16 4.984
55 0.16 4.882
52 0.016 4.722
52 0.16 4.706
69 0.016 5
69 0.16 4.984
69 0.16 4.824
58 0.16 5
66 0.16 0
51 0.016 0
51 0.16 0
60 0.016 0.218
60 0.16 0.202
63 0.16 4.882
54 0.016 5
54 0.16 4.984
71 0.16 5
52 0.16 5
55 0.016 4.722
55 0.16 4.706
65 0.16 5
53 0.16 5
68 0.16 4.706
67 0.016 5
67 0.16 4.984
74 0.016 4.706
74 0.16 4.69
58 0.016 5
58 0.16 4.984
60 0.16 0.042
51 0.016 0
51 0.16 0
72 0.016 0.053
72 0.16 0.037
66 0.016 0.218
66 0.16 0.202
59 0.16 1.867
62 0.016 1.867
62 0.16 1.851
70 0.16 5
54 0.16 4.824
73 0.16 4.824
64 0.016 4.882
64 0.16 4.866
56 0.16 4.714
74 0.16 4.53
58 0.016 4.824
58 0.16 4.808
72 0.16 0
60 0.016 0
60 0.16 0
51 0.016 0.634
51 0.16 0.618
64 0.16 4.706
73 0.016 4.664
73 0.16 4.648
67 0.16 4.824
68 0.016 4.546
68 0.16 4.53
62 0.16 2.325
59 0.016 1.707
59 0.16 1.691
57 0.16 5
54 0.016 5
54 0.16 4.984
61 0.16 5
51 0.16 0.458
60 0.016 0
60 0.16 0
66 0.016 0.042
66 0.16 0.026
72 0.016 0.634
72 0.16 0.618
75 0.16 5
55 0.16 5
52 0.016 4.84
52 0.16 4.824
60 0.016 0
60 0.16 0
72 0.016 0.458
72 0.16 0.442
51 0.016 0.298
51 0.16 0.282
66 0.016 0
66 0.16 0
69 0.16 4.882
58 0.16 4.648
68 0.016 4.37
68 0.16 4.354
66 0.16 0
51 0.016 0.122
51 0.16 0.106
57 0.016 5
57 0.16 4.984
60 0.016 0.634
60 0.16 0.618
52 0.016 4.664
52 0.16 4.648
55 0.016 4.84
55 0.16 4.824
72 0.016 0.282
72 0.16 0.266
63 0.16 5
71 0.16 5
52 0.16 4.783
51 0.016 0
51 0.16 0
55 0.016 4.664
55 0.16 4.648
60 0.016 0.458
60 0.16 0.442
66 0.016 0.634
66 0.16 0.618
72 0.016 0.106
72 0.16 0.09
65 0.16 5
53 0.16 5
68 0.16 4.828
60 0.16 0.282
51 0.016 0
51 0.16 0
52 0.016 4.623
52 0.16 4.607
55 0.016 4.488
55 0.16 4.472
72 0.016 0
72 0.16 0
66 0.016 0.458
66 0.16 0.442
59 0.16 2.165
62 0.016 2.165
62 0.16 2.149
75 0.016 5
75 0.16 4.984
70 0.16 5
54 0.16 4.824
73 0.16 5
56 0.16 5
74 0.16 5
72 0.16 0
60 0.016 0.122
60 0.16 0.106
51 0.016 0.295
51 0.16 0.279
64 0.16 5
65 0.016 4.84
65 0.16 4.824
67 0.16 5
62 0.16 2.284
59 0.016 2.005
59 0.16 1.989
75 0.016 4.824
75 0.16 4.808
57 0.16 4.824
61 0.16 5
51 0.16 0.119
60 0.016 0
60 0.16 0
66 0.016 0.282
66 0.16 0.266
72 0.016 0.295
72 0.16 0.279
75 0.16 4.648
62 0.016 2.124
62 0.16 2.108
59 0.016 1.829
59 0.16 1.813
55 0.16 4.607
52 0.016 4.447
52 0.16 4.431
69 0.16 5
58 0.16 5
66 0.16 0.106
51 0.016 0
51 0.16 0
60 0.016 0.295
60 0.16 0.279
72 0.016 0.119
72 0.16 0.103
63 0.16 5
71 0.16 5
52 0.16 4.545
55 0.016 4.447
55 0.16 4.431
65 0.16 4.959
53 0.16 5
68 0.16 4.963
56 0.016 5
56 0.16 4.984
61 0.016 5
61 0.16 4.984
60 0.16 0.119
51 0.016 0
51 0.16 0
72 0.016 0
72 0.16 0
66 0.016 0.295
66 0.16 0.279
59 0.16 1.948
62 0.016 1.948
62 0.16 1.932
75 0.016 4.783
75 0.16 4.767
70 0.16 5
54 0.16 4.959
73 0.016 5
73 0.16 4.984
73 0.16 4.824
54 0.016 4.799
54 0.16 4.783
56 0.16 4.824
68 0.016 4.803
68 0.16 4.787
74 0.16 5
72 0.16 0
60 0.016 0
60 0.16 0
51 0.016 0.274
51 0.16 0.258
66 0.016 0.119
66 0.16 0.103
64 0.16 5
67 0.16 5
62 0.16 2.046
59 0.016 1.788
59 0.16 1.772
75 0.016 4.607
75 0.16 4.591
57 0.16 4.959
61 0.16 4.824
51 0.16 0.098
60 0.016 0
60 0.16 0
66 0.016 0
66 0.16 0
73 0.016 4.938
73 0.16 4.922
72 0.016 0.274
72 0.16 0.258
54 0.016 4.897
54 0.16 4.881
75 0.16 4.431
62 0.016 1.886
62 0.16 1.87
59 0.016 1.612
59 0.16 1.596
55 0.16 4.545
69 0.16 5
58 0.16 5
66 0.16 0
51 0.016 0
51 0.16 0
73 0.016 4.762
73 0.16 4.746
60 0.016 0.274
60 0.16 0.258
63 0.16 5
71 0.16 5
52 0.16 4.951
65 0.16 5
53 0.16 5
68 0.16 4.901
74 0.016 5
74 0.16 4.984
60 0.16 0.098
51 0.016 0
51 0.16 0
72 0.016 0.098
72 0.16 0.082
66 0.016 0.274
66 0.16 0.258
59 0.16 1.71
62 0.016 1.71
62 0.16 1.694
75 0.016 4.545
75 0.16 4.529
70 0.16 5
54 0.16 4.721
73 0.16 4.586
56 0.16 4.938
61 0.016 4.938
61 0.16 4.922
74 0.16 4.824
68 0.016 4.741
68 0.16 4.725
72 0.16 0
60 0.016 0
60 0.16 0
51 0.016 0.566
51 0.16 0.55
66 0.016 0.098
66 0.16 0.082
64 0.16 5
67 0.16 5
62 0.16 2.1
59 0.016 1.55
59 0.16 1.534
75 0.016 4.369
75 0.16 4.353
57 0.16 5
61 0.16 4.762
56 0.016 5
56 0.16 4.984
51 0.16 0.39
60 0.016 0
60 0.16 0
66 0.016 0
66 0.16 0
72 0.016 0.566
72 0.16 0.55
75 0.16 4.193
62 0.016 1.94
62 0.16 1.924
59 0.016 1.374
59 0.16 1.358
55 0.16 4.951
69 0.16 5
58 0.16 5
73 0.016 4.992
73 0.16 4.976
67 0.016 5
67 0.16 4.984
66 0.16 0
51 0.016 0.23
51 0.16 0.214
60 0.016 0.566
60 0.16 0.55
72 0.016 0.39
72 0.16 0.374
63 0.16 5
74 0.016 4.664
74 0.16 4.648
71 0.16 5
52 0.16 4.928
56 0.016 4.824
56 0.16 4.808
61 0.016 5
61 0.16 4.984
65 0.16 5
53 0.16 5
68 0.16 5
60 0.16 0.39
51 0.016 0.054
51 0.16 0.038
72 0.016 0.214
72 0.16 0.198
59 0.16 1.764
62 0.016 1.764
62 0.16 1.748
75 0.016 4.599
75 0.16 4.583
70 0.16 5
54 0.16 5
73 0.16 4.816
58 0.016 5
58 0.16 4.984
56 0.16 4.648
61 0.016 4.824
61 0.16 4.808
74 0.16 5
72 0.16 0.038
60 0.016 0.23
60 0.16 0.214
51 0.016 0.137
51 0.16 0.121
64 0.16 5
67 0.16 4.824
62 0.16 1.725
59 0.016 1.604
59 0.16 1.588
75 0.016 4.423
75 0.16 4.407
57 0.16 5
61 0.16 4.648
56 0.016 4.625
56 0.16 4.609
51 0.16 0
60 0.016 0.054
60 0.16 0.038
66 0.016 0.566
66 0.16 0.55
72 0.016 0.137
72 0.16 0.121
75 0.16 4.247
62 0.016 1.565
62 0.16 1.549
59 0.016 1.428
59 0.16 1.412
55 0.16 4.928
69 0.16 5
58 0.16 4.824
66 0.16 0.39
63 0.16 4.977
71 0.16 4.977
67 0.016 4.801
67 0.16 4.785
52 0.16 4.808
74 0.016 4.977
74 0.16 4.961
65 0.16 4.977
58 0.016 4.801
58 0.16 4.785
53 0.16 4.977
68 0.16 4.977
60 0.16 0.137
51 0.016 0
51 0.16 0
72 0.016 0
72 0.16 0
66 0.016 0.367
66 0.16 0.351
59 0.16 1.389
62 0.016 1.389
62 0.16 1.373
75 0.016 4.224
75 0.16 4.208
70 0.16 4.977
54 0.16 4.977
73 0.16 4.793
61 0.016 4.625
61 0.16 4.609
56 0.016 4.449
56 0.16 4.433
56 0.16 4.273
61 0.016 4.449
61 0.16 4.433
73 0.016 4.633
73 0.16 4.617
74 0.16 4.801
72 0.16 0
60 0.016 0
60 0.16 0
51 0.016 0.04
51 0.16 0.024
64 0.16 4.977
67 0.16 4.625
62 0.16 1.253
59 0.016 1.229
59 0.16 1.213
75 0.016 4.048
75 0.16 4.032
57 0.16 4.977
63 0.016 4.817
63 0.16 4.801
61 0.16 4.273
56 0.016 4.153
56 0.16 4.137
73 0.016 4.497
73 0.16 4.481
51 0.16 0
60 0.016 0
60 0.16 0
72 0.016 0.04
72 0.16 0.024
75 0.16 3.872
62 0.016 1.093
62 0.16 1.077
59 0.016 1.053
59 0.16 1.037
55 0.16 4.808
69 0.16 4.977
58 0.16 4.625
66 0.16 0.191
63 0.16 4.681
57 0.016 4.857
57 0.16 4.841
71 0.16 4.857
52 0.16 5
63 0.016 4.521
63 0.16 4.505
65 0.16 4.857
53 0.16 4.857
68 0.16 4.857
60 0.16 0.04
51 0.016 0
51 0.16 0
72 0.016 0
72 0.16 0
59 0.16 0.917
62 0.016 0.917
62 0.16 0.901
75 0.016 3.752
75 0.16 3.736
70 0.16 4.857
54 0.16 4.857
73 0.16 4.321
56 0.16 3.977
61 0.016 4.153
61 0.16 4.137
65 0.016 4.697
65 0.16 4.681
74 0.16 4.681
73 0.016 4.161
73 0.16 4.145
72 0.16 0
60 0.016 0
60 0.16 0
51 0.016 0.699
51 0.16 0.683
64 0.16 4.857
67 0.16 4.505
62 0.16 1.44
59 0.016 0.757
59 0.16 0.741
75 0.016 3.576
75 0.16 3.56
57 0.16 4.681
61 0.16 3.977
56 0.016 4.516
56 0.16 4.5
65 0.016 5
65 0.16 4.984
71 0.016 5
71 0.16 4.984
51 0.16 0.523
60 0.016 0
60 0.16 0
72 0.016 0.699
72 0.16 0.683
75 0.16 3.4
59 0.016 0.581
59 0.16 0.565
62 0.016 1.28
62 0.16 1.264
55 0.16 5
69 0.16 4.857
58 0.16 4.505
66 0.16 0.071
63 0.16 5
71 0.16 4.824
52 0.16 5
65 0.16 4.824
53 0.16 5
68 0.16 5
60 0.16 0.699
51 0.016 0.363
51 0.16 0.347
72 0.016 0.523
72 0.16 0.507
59 0.16 1.104
62 0.016 1.104
62 0.16 1.088
75 0.016 3.939
75 0.16 3.923
70 0.16 5
54 0.16 5
73 0.16 4.684
56 0.16 4.34
61 0.016 4.516
61 0.16 4.5
74 0.16 5
72 0.16 0.347
60 0.016 0.539
60 0.16 0.523
51 0.016 0.875
51 0.16 0.859
64 0.16 5
67 0.16 5
62 0.16 1.616
59 0.016 0.944
59 0.16 0.928
75 0.016 3.763
75 0.16 3.747
57 0.16 5
61 0.16 4.34
56 0.016 4.868
56 0.16 4.852
51 0.16 0.699
60 0.016 0.363
60 0.16 0.347
72 0.016 0.875
72 0.16 0.859
75 0.16 3.587
55 0.16 5
69 0.16 5
58 0.16 5
66 0.16 0.699
63 0.16 5
71 0.16 5
68 0.016 5
68 0.16 4.984
74 0.016 5
74 0.16 4.984
65 0.016 5
65 0.16 4.984
52 0.16 5
65 0.16 4.824
53 0.16 5
68 0.16 4.824
71 0.016 5
71 0.16 4.984
60 0.16 0.875
51 0.016 0.539
51 0.16 0.523
72 0.016 0.699
72 0.16 0.683
59 0.16 1.456
62 0.016 1.456
62 0.16 1.44
70 0.16 5
54 0.16 5
73 0.16 5
57 0.016 5
57 0.16 4.984
56 0.16 4.692
61 0.016 4.868
61 0.16 4.852
74 0.16 4.824
72 0.16 0.523
60 0.016 0.715
60 0.16 0.699
51 0.016 0.74
51 0.16 0.724
64 0.16 5
67 0.16 5
62 0.16 1.657
59 0.016 1.296
59 0.16 1.28
57 0.16 4.824
61 0.16 4.692
56 0.016 4.909
56 0.16 4.893
51 0.16 0.564
60 0.016 0.539
60 0.16 0.523
66 0.016 1.227
66 0.16 1.211
72 0.016 0.74
72 0.16 0.724
75 0.16 4.115
55 0.16 5
69 0.16 5
58 0.16 5
66 0.16 1.051
63 0.16 5
71 0.16 4.824
52 0.16 5
65 0.16 5
53 0.16 5
68 0.16 5
60 0.16 0.74
51 0.016 0.404
51 0.16 0.388
54 0.016 5
54 0.16 4.984
72 0.016 0.564
72 0.16 0.548
59 0.16 1.497
62 0.016 1.497
62 0.16 1.481
70 0.16 5
54 0.16 4.824
60 0.016 0.58
60 0.16 0.564
51 0.016 0.228
51 0.16 0.212
72 0.016 0.388
72 0.16 0.372
73 0.16 5
56 0.16 4.733
61 0.016 4.909
61 0.16 4.893
74 0.16 5
72 0.16 0.212
60 0.016 0.404
60 0.16 0.388
51 0.016 0.325
51 0.16 0.309
54 0.016 4.937
54 0.16 4.921
64 0.16 5
67 0.16 5
62 0.16 1.594
59 0.016 1.337
59 0.16 1.321
57 0.16 5
61 0.16 4.733
56 0.016 4.846
56 0.16 4.83
51 0.16 0.149
60 0.016 0.228
60 0.16 0.212
54 0.016 4.761
54 0.16 4.745
72 0.016 0.325
72 0.16 0.309
75 0.16 4.332
55 0.16 5
65 0.016 5
65 0.16 4.984
52 0.016 4.84
52 0.16 4.824
69 0.16 5
58 0.16 5
66 0.16 1.268
63 0.16 5
71 0.16 4.937
52 0.016 4.664
52 0.16 4.648
55 0.016 4.84
55 0.16 4.824
52 0.16 4.824
71 0.016 4.777
71 0.16 4.761
55 0.016 4.664
55 0.16 4.648
65 0.16 4.824
53 0.16 5
68 0.16 5
60 0.16 0.325
51 0.016 0
51 0.16 0
54 0.016 4.585
54 0.16 4.569
72 0.016 0.149
72 0.16 0.133
59 0.16 1.434
62 0.016 1.434
62 0.16 1.418
70 0.16 5
54 0.16 4.409
60 0.016 0.165
60 0.16 0.149
51 0.016 0
51 0.16 0
72 0.016 0
72 0.16 0
73 0.16 5
56 0.16 4.67
61 0.016 4.846
61 0.16 4.83
74 0.16 5
72 0.16 0
60 0.016 0
60 0.16 0
51 0.016 0.336
51 0.16 0.32
54 0.016 4.585
54 0.16 4.569
64 0.16 5
67 0.16 5
62 0.16 1.594
59 0.016 1.274
59 0.16 1.258
57 0.16 5
61 0.16 4.67
56 0.016 4.846
56 0.16 4.83
51 0.16 0.16
60 0.016 0
60 0.16 0
54 0.016 4.409
54 0.16 4.393
72 0.016 0.336
72 0.16 0.32
75 0.16 4.445
55 0.16 4.824
69 0.16 5
58 0.16 5
66 0.16 1.381
63 0.16 5