63 3600
76 3601
61 3602
56 3603
51 3604
78 3605
54 3606
67 3607
53 3608
70 3609
58 3610
62 3611
68 3612
57 3613
79 3614
71 3615
66 3616
77 3617
59 3618
69 3619
60 3620
64 3621
65 3622
52 3623
73 3624
55 3625
80 3626
74 3627
72 3628
75 3629
63 3630
76 3631
61 3632
56 3633
51 3634
78 3635
54 3636
67 3637
53 3638
70 3639
58 3640
62 3641
68 3642
57 3643
79 3644
71 3645
66 3646
77 3647
59 3648
69 3649
60 3650
64 3651
65 3652
52 3653
73 3654
55 3655
80 3656
74 3657
72 3658
75 3659
63 3660
76 3661
61 3662
56 3663
51 3664
78 3665
54 3666
67 3667
53 3668
70 3669
58 3670
62 3671
68 3672
57 3673
79 3674
71 3675
66 3676
77 3677
59 3678
69 3679
60 3680
64 3681
65 3682
52 3683
73 3684
55 3685
80 3686
74 3687
72 3688
75 3689
63 3690
76 3691
61 3692
56 3693
51 3694
78 3695
54 3696
67 3697
53 3698
70 3699
58 3700
62 3701
68 3702
57 3703
79 3704
71 3705
66 3706
77 3707
59 3708
69 3709
60 3710
64 3711
65 3712
52 3713
73 3714
55 3715
80 3716
74 3717
72 3718
75 3719
63 3720
76 3721
61 3722
56 3723
51 3724
78 3725
54 3726
67 3727
53 3728
70 3729
58 3730
62 3731
68 3732
57 3733
79 3734
71 3735
66 3736
77 3737
59 3738
69 3739
60 3740
64 3741
65 3742
52 3743
73 3744
55 3745
80 3746
74 3747
72 3748
75 3749
63 3750
76 3751
61 3752
56 3753
51 3754
78 3755
54 3756
67 3757
53 3758
70 3759
58 3760
62 3761
68 3762
57 3763
79 3764
71 3765
66 3766
77 3767
59 3768
69 3769
60 3770
64 3771
65 3772
52 3773
73 3774
55 3775
80 3776
74 3777
72 3778
75 3779
63 3780
76 3781
61 3782
56 3783
51 3784
78 3785
54 3786
67 3787
53 3788
70 3789
58 3790
62 3791
68 3792
57 3793
79 3794
71 3795
66 3796
77 3797
59 3798
69 3799
60 3800
64 3801
65 3802
52 3803
73 3804
55 3805
80 3806
74 3807
72 3808
75 3809
63 3810
76 3811
61 3812
56 3813
51 3814
78 3815
54 3816
67 3817
53 3818
70 3819
58 3820
62 3821
68 3822
57 3823
79 3824
71 3825
66 3826
77 3827
59 3828
69 3829
60 3830
64 3831
65 3832
52 3833
73 3834
55 3835
80 3836
74 3837
72 3838
75 3839
63 3840
76 3841
61 3842
56 3843
51 3844
78 3845
54 3846
67 3847
53 3848
70 3849
58 3850
62 3851
68 3852
57 3853
79 3854
71 3855
66 3856
77 3857
59 3858
69 3859
60 3860
64 3861
65 3862
52 3863
73 3864
55 3865
80 3866
74 3867
72 3868
75 3869
63 3870
76 3871
61 3872
56 3873
51 3874
78 3875
54 3876
67 3877
53 3878
70 3879
58 3880
62 3881
68 3882
57 3883
79 3884
71 3885
66 3886
77 3887
59 3888
69 3889
60 3890
64 3891
65 3892
52 3893
73 3894
55 3895
80 3896
74 3897
72 3898
75 3899
63 3900
76 3901
61 3902
56 3903
51 3904
78 3905
54 3906
67 3907
53 3908
70 3909
58 3910
62 3911
68 3912
57 3913
79 3914
71 3915
66 3916
77 3917
59 3918
69 3919
60 3920
64 3921
65 3922
52 3923
73 3924
55 3925
80 3926
74 3927
72 3928
75 3929
63 3930
76 3931
61 3932
56 3933
51 3934
78 3935
54 3936
67 3937
53 3938
70 3939
58 3940
62 3941
68 3942
57 3943
79 3944
71 3945
66 3946
77 3947
59 3948
69 3949
60 3950
64 3951
65 3952
52 3953
73 3954
55 3955
80 3956
74 3957
72 3958
75 3959
63 3960
76 3961
61 3962
56 3963
51 3964
78 3965
54 3966
67 3967
53 3968
70 3969
58 3970
62 3971
68 3972
57 3973
79 3974
71 3975
66 3976
77 3977
59 3978
69 3979
60 3980
64 3981
65 3982
52 3983
73 3984
55 3985
80 3986
74 3987
72 3988
75 3989
63 3990
76 3991
61 3992
56 3993
51 3994
78 3995
54 3996
67 3997
53 3998
70 3999
58 4000
62 4001
68 4002
57 4003
79 4004
71 4005
66 4006
77 4007
59 4008
69 4009
60 4010
64 4011
65 4012
52 4013
73 4014
55 4015
80 4016
74 4017
72 4018
75 4019
63 4020
76 4021
61 4022
56 4023
51 4024
78 4025
54 4026
67 4027
53 4028
70 4029
58 4030
62 4031
68 4032
57 4033
79 4034
71 4035
66 4036
77 4037
59 4038
69 4039
60 4040
64 4041
65 4042
52 4043
73 4044
55 4045
80 4046
74 4047
72 4048
75 4049
63 4050
76 4051
61 4052
56 4053
51 4054
78 4055
54 4056
67 4057
53 4058
70 4059
58 4060
62 4061
68 4062
57 4063
79 4064
71 4065
66 4066
77 4067
59 4068
69 4069
60 4070
64 4071
65 4072
52 4073
73 4074
55 4075
80 4076
74 4077
72 4078
75 4079
63 4080
76 4081
61 4082
56 4083
51 4084
78 4085
54 4086
67 4087
53 4088
70 4089
58 4090
62 4091
68 4092
57 4093
79 4094
71 4095
66 4096
77 4097
59 4098
69 4099
60 4100
64 4101
65 4102
52 4103
73 4104
55 4105
80 4106
74 4107
72 4108
75 4109
63 4110
76 4111
61 4112
56 4113
51 4114
78 4115
54 4116
67 4117
53 4118
70 4119
58 4120
62 4121
68 4122
57 4123
79 4124
71 4125
66 4126
77 4127
59 4128
69 4129
60 4130
64 4131
65 4132
52 4133
73 4134
55 4135
80 4136
74 4137
72 4138
75 4139
63 4140
76 4141
61 4142
56 4143
51 4144
78 4145
54 4146
67 4147
53 4148
70 4149
58 4150
62 4151
68 4152
57 4153
79 4154
71 4155
66 4156
77 4157
59 4158
69 4159
60 4160
64 4161
65 4162
52 4163
73 4164
55 4165
80 4166
74 4167
72 4168
75 4169
63 4170
76 4171
61 4172
56 4173
51 4174
78 4175
54 4176
67 4177
53 4178
70 4179
58 4180
62 4181
68 4182
57 4183
79 4184
71 4185
66 4186
77 4187
59 4188
69 4189
60 4190
64 4191
65 4192
52 4193
73 4194
55 4195
80 4196
74 4197
72 4198
75 4199
63 4200
76 4201
61 4202
56 4203
51 4204
78 4205
54 4206
67 4207
53 4208
70 4209
58 4210
62 4211
68 4212
57 4213
79 4214
71 4215
66 4216
77 4217
59 4218
69 4219
60 4220
64 4221
65 4222
52 4223
73 4224
55 4225
80 4226
74 4227
72 4228
75 4229
63 4230
76 4231
61 4232
56 4233
51 4234
78 4235
54 4236
67 4237
53 4238
70 4239
58 4240
62 4241
68 4242
57 4243
79 4244
71 4245
66 4246
77 4247
59 4248
69 4249
60 4250
64 4251
65 4252
52 4253
73 4254
55 4255
80 4256
74 4257
72 4258
75 4259
63 4260
76 4261
61 4262
56 4263
51 4264
78 4265
54 4266
67 4267
53 4268
70 4269
58 4270
62 4271
68 4272
57 4273
79 4274
71 4275
66 4276
77 4277
59 4278
69 4279
60 4280
64 4281
65 4282
52 4283
73 4284
55 4285
80 4286
74 4287
72 4288
75 4289
63 4290
76 4291
61 4292
56 4293
51 4294
78 4295
54 4296
67 4297
53 4298
70 4299
58 4300
62 4301
68 4302
57 4303
79 4304
71 4305
66 4306
77 4307
59 4308
69 4309
60 4310
64 4311
65 4312
52 4313
73 4314
55 4315
80 4316
74 4317
72 4318
75 4319
63 4320
76 4321
61 4322
56 4323
51 4324
78 4325
54 4326
67 4327
53 4328
70 4329
58 4330
62 4331
68 4332
57 4333
79 4334
71 4335
66 4336
77 4337
59 4338
69 4339
60 4340
64 4341
65 4342
52 4343
73 4344
55 4345
80 4346
74 4347
72 4348
75 4349
63 4350
76 4351
61 4352
56 4353
51 4354
78 4355
54 4356
67 4357
53 4358
70 4359
58 4360
62 4361
68 4362
57 4363
79 4364
71 4365
66 4366
77 4367
59 4368
69 4369
60 4370
64 4371
65 4372
52 4373
73 4374
55 4375
80 4376
74 4377
72 4378
75 4379
63 4380
76 4381
61 4382
56 4383
51 4384
78 4385
54 4386
67 4387
53 4388
70 4389
58 4390
62 4391
68 4392
57 4393
79 4394
71 4395
66 4396
77 4397
59 4398
69 4399
60 4400
64 4401
65 4402
52 4403
73 4404
55 4405
80 4406
74 4407
72 4408
75 4409
63 4410
76 4411
61 4412
56 4413
51 4414
78 4415
54 4416
67 4417
53 4418
70 4419
58 4420
62 4421
68 4422
57 4423
79 4424
71 4425
66 4426
77 4427
59 4428
69 4429
60 4430
64 4431
65 4432
52 4433
73 4434
55 4435
80 4436
74 4437
72 4438
75 4439
63 4440
76 4441
61 4442
56 4443
51 4444
78 4445
54 4446
67 4447
53 4448
70 4449
58 4450
62 4451
68 4452
57 4453
79 4454
71 4455
66 4456
77 4457
59 4458
69 4459
60 4460
64 4461
65 4462
52 4463
73 4464
55 4465
80 4466
74 4467
72 4468
75 4469
63 4470
76 4471
61 4472
56 4473
51 4474
78 4475
54 4476
67 4477
53 4478
70 4479
58 4480
62 4481
68 4482
57 4483
79 4484
71 4485
66 4486
77 4487
59 4488
69 4489
60 4490
64 4491
65 4492
52 4493
73 4494
55 4495
80 4496
74 4497
72 4498
75 4499
63 4500
76 4501
61 4502
56 4503
51 4504
78 4505
54 4506
67 4507
53 4508
70 4509
58 4510
62 4511
68 4512
57 4513
79 4514
71 4515
66 4516
77 4517
59 4518
69 4519
60 4520
64 4521
65 4522
52 4523
73 4524
55 4525
80 4526
74 4527
72 4528
75 4529
63 4530
76 4531
61 4532
56 4533
51 4534
78 4535
54 4536
67 4537
53 4538
70 4539
58 4540
62 4541
68 4542
57 4543
79 4544
71 4545
66 4546
77 4547
59 4548
69 4549
60 4550
64 4551
65 4552
52 4553
73 4554
55 4555
80 4556
74 4557
72 4558
75 4559
63 4560
76 4561
61 4562
56 4563
51 4564
78 4565
54 4566
67 4567
53 4568
70 4569
58 4570
62 4571
68 4572
57 4573
79 4574
71 4575
66 4576
77 4577
59 4578
69 4579
60 4580
64 4581
65 4582
52 4583
73 4584
55 4585
80 4586
74 4587
72 4588
75 4589
63 4590
76 4591
61 4592
56 4593
51 4594
78 4595
54 4596
67 4597
53 4598
70 4599
58 4600
62 4601
68 4602
57 4603
79 4604
71 4605
66 4606
77 4607
59 4608
69 4609
60 4610
64 4611
65 4612
52 4613
73 4614
55 4615
80 4616
74 4617
72 4618
75 4619
63 4620
76 4621
61 4622
56 4623
51 4624
78 4625
54 4626
67 4627
53 4628
70 4629
58 4630
62 4631
68 4632
57 4633
79 4634
71 4635
66 4636
77 4637
59 4638
69 4639
60 4640
64 4641
65 4642
52 4643
73 4644
55 4645
80 4646
74 4647
72 4648
75 4649
63 4650
76 4651
61 4652
56 4653
51 4654
78 4655
54 4656
67 4657
53 4658
70 4659
58 4660
62 4661
68 4662
57 4663
79 4664
71 4665
66 4666
77 4667
59 4668
69 4669
60 4670
64 4671
65 4672
52 4673
73 4674
55 4675
80 4676
74 4677
72 4678
75 4679
63 4680
76 4681
61 4682
56 4683
51 4684
78 4685
54 4686
67 4687
53 4688
70 4689
58 4690
62 4691
68 4692
57 4693
79 4694
71 4695
66 4696
77 4697
59 4698
69 4699
60 4700
64 4701
65 4702
52 4703
73 4704
55 4705
80 4706
74 4707
72 4708
75 4709
63 4710
76 4711
61 4712
56 4713
51 4714
78 4715
54 4716
67 4717
53 4718
70 4719
58 4720
62 4721
68 4722
57 4723
79 4724
71 4725
66 4726
77 4727
59 4728
69 4729
60 4730
64 4731
65 4732
52 4733
73 4734
55 4735
80 4736
74 4737
72 4738
75 4739
63 4740
76 4741
61 4742
56 4743
51 4744
78 4745
54 4746
67 4747
53 4748
70 4749
58 4750
62 4751
68 4752
57 4753
79 4754
71 4755
66 4756
77 4757
59 4758
69 4759
60 4760
64 4761
65 4762
52 4763
73 4764
55 4765
80 4766
74 4767
72 4768
75 4769
63 4770
76 4771
61 4772
56 4773
51 4774
78 4775
54 4776
67 4777
53 4778
70 4779
58 4780
62 4781
68 4782
57 4783
79 4784
71 4785
66 4786
77 4787
59 4788
69 4789
60 4790
64 4791
65 4792
52 4793
73 4794
55 4795
80 4796
74 4797
72 4798
75 4799
63 4800
76 4801
61 4802
56 4803
51 4804
78 4805
54 4806
67 4807
53 4808
70 4809
58 4810
62 4811
68 4812
57 4813
79 4814
71 4815
66 4816
77 4817
59 4818
69 4819
60 4820
64 4821
65 4822
52 4823
73 4824
55 4825
80 4826
74 4827
72 4828
75 4829
63 4830
76 4831
61 4832
56 4833
51 4834
78 4835
54 4836
67 4837
53 4838
70 4839
58 4840
62 4841
68 4842
57 4843
79 4844
71 4845
66 4846
77 4847
59 4848
69 4849
60 4850
64 4851
65 4852
52 4853
73 4854
55 4855
80 4856
74 4857
72 4858
75 4859
63 4860
76 4861
61 4862
56 4863
51 4864
78 4865
54 4866
67 4867
53 4868
70 4869
58 4870
62 4871
68 4872
57 4873
79 4874
71 4875
66 4876
77 4877
59 4878
69 4879
60 4880
64 4881
65 4882
52 4883
73 4884
55 4885
80 4886
74 4887
72 4888
75 4889
63 4890
76 4891
61 4892
56 4893
51 4894
78 4895
54 4896
67 4897
53 4898
70 4899
58 4900
62 4901
68 4902
57 4903
79 4904
71 4905
66 4906
77 4907
59 4908
69 4909
60 4910
64 4911
65 4912
52 4913
73 4914
55 4915
80 4916
74 4917
72 4918
75 4919
63 4920
76 4921
61 4922
56 4923
51 4924
78 4925
54 4926
67 4927
53 4928
70 4929
58 4930
62 4931
68 4932
57 4933
79 4934
71 4935
66 4936
77 4937
59 4938
69 4939
60 4940
64 4941
65 4942
52 4943
73 4944
55 4945
80 4946
74 4947
72 4948
75 4949
63 4950
76 4951
61 4952
56 4953
51 4954
78 4955
54 4956
67 4957
53 4958
70 4959
58 4960
62 4961
68 4962
57 4963
79 4964
71 4965
66 4966
77 4967
59 4968
69 4969
60 4970
64 4971
65 4972
52 4973
73 4974
55 4975
80 4976
74 4977
72 4978
75 4979
63 4980
76 4981
61 4982
56 4983
51 4984
78 4985
54 4986
67 4987
53 4988
70 4989
58 4990
62 4991
68 4992
57 4993
79 4994
71 4995
66 4996
77 4997
59 4998
69 4999
60 5000
64 5001
65 5002
52 5003
73 5004
55 5005
80 5006
74 5007
72 5008
75 5009
63 5010
76 5011
61 5012
56 5013
51 5014
78 5015
54 5016
67 5017
53 5018
70 5019
58 5020
62 5021
68 5022
57 5023
79 5024
71 5025
66 5026
77 5027
59 5028
69 5029
60 5030
64 5031
65 5032
52 5033
73 5034
55 5035
80 5036
74 5037
72 5038
75 5039