55 240
53 241
54 242
51 243
60 244
58 245
57 246
56 247
59 248
52 249
55 250
53 251
54 252
51 253
60 254
58 255
57 256
56 257
59 258
52 259
55 260
53 261
54 262
51 263
60 264
58 265
57 266
56 267
59 268
52 269
55 270
53 271
54 272
51 273
60 274
58 275
57 276
56 277
59 278
52 279
55 280
53 281
54 282
51 283
60 284
58 285
57 286
56 287
59 288
52 289
55 290
53 291
54 292
51 293
60 294
58 295
57 296
56 297
59 298
52 299
55 300
53 301
54 302
51 303
60 304
58 305
57 306
56 307
59 308
52 309
55 310
53 311
54 312
51 313
60 314
58 315
57 316
56 317
59 318
52 319
55 320
53 321
54 322
51 323
60 324
58 325
57 326
56 327
59 328
52 329
55 330
53 331
54 332
51 333
60 334
58 335
57 336
56 337
59 338
52 339
55 340
53 341
54 342
51 343
60 344
58 345
57 346
56 347
59 348
52 349
55 350
53 351
54 352
51 353
60 354
58 355
57 356
56 357
59 358
52 359
55 360
53 361
54 362
51 363
60 364
58 365
57 366
56 367
59 368
52 369
55 370
53 371
54 372
51 373
60 374
58 375
57 376
56 377
59 378
52 379
55 380
53 381
54 382
51 383
60 384
58 385
57 386
56 387
59 388
52 389
55 390
53 391
54 392
51 393
60 394
58 395
57 396
56 397
59 398
52 399
55 400
53 401
54 402
51 403
60 404
58 405
57 406
56 407
59 408
52 409
55 410
53 411
54 412
51 413
60 414
58 415
57 416
56 417
59 418
52 419
55 420
53 421
54 422
51 423
60 424
58 425
57 426
56 427
59 428
52 429
55 430
53 431
54 432
51 433
60 434
58 435
57 436
56 437
59 438
52 439
55 440
53 441
54 442
51 443
60 444
58 445
57 446
56 447
59 448
52 449
55 450
53 451
54 452
51 453
60 454
58 455
57 456
56 457
59 458
52 459
55 460
53 461
54 462
51 463
60 464
58 465
57 466
56 467
59 468
52 469
55 470
53 471
54 472
51 473
60 474
58 475
57 476
56 477
59 478
52 479
55 480
53 481
54 482
51 483
60 484
58 485
57 486
56 487
59 488
52 489
55 490
53 491
54 492
51 493
60 494
58 495
57 496
56 497
59 498
52 499
55 500
53 501
54 502
51 503
60 504
58 505
57 506
56 507
59 508
52 509
55 510
53 511
54 512
51 513
60 514
58 515
57 516
56 517
59 518
52 519
55 520
53 521
54 522
51 523
60 524
58 525
57 526
56 527
59 528
52 529
55 530
53 531
54 532
51 533
60 534
58 535
57 536
56 537
59 538
52 539
55 540
53 541
54 542
51 543
60 544
58 545
57 546
56 547
59 548
52 549
55 550
53 551
54 552
51 553
60 554
58 555
57 556
56 557
59 558
52 559
55 560
53 561
54 562
51 563
60 564
58 565
57 566
56 567
59 568
52 569
55 570
53 571
54 572
51 573
60 574
58 575
57 576
56 577
59 578
52 579
55 580
53 581
54 582
51 583
60 584
58 585
57 586
56 587
59 588
52 589
55 590
53 591
54 592
51 593
60 594
58 595
57 596
56 597
59 598
52 599
55 600
53 601
54 602
51 603
60 604
58 605
57 606
56 607
59 608
52 609
55 610
53 611
54 612
51 613
60 614
58 615
57 616
56 617
59 618
52 619
55 620
53 621
54 622
51 623
60 624
58 625
57 626
56 627
59 628
52 629
55 630
53 631
54 632
51 633
60 634
58 635
57 636
56 637
59 638
52 639
55 640
53 641
54 642
51 643
60 644
58 645
57 646
56 647
59 648
52 649
55 650
53 651
54 652
51 653
60 654
58 655
57 656
56 657
59 658
52 659
55 660
53 661
54 662
51 663
60 664
58 665
57 666
56 667
59 668
52 669
55 670
53 671
54 672
51 673
60 674
58 675
57 676
56 677
59 678
52 679
55 680
53 681
54 682
51 683
60 684
58 685
57 686
56 687
59 688
52 689
55 690
53 691
54 692
51 693
60 694
58 695
57 696
56 697
59 698
52 699
55 700
53 701
54 702
51 703
60 704
58 705
57 706
56 707
59 708
52 709
55 710
53 711
54 712
51 713
60 714
58 715
57 716
56 717
59 718
52 719