1445 70 0 100 11670
1458 63 0 100 46681
1459 56 0 100 23340
1465 70 0 100 23340
1478 63 0 100 35011
1479 56 0 100 58351
1485 70 0 100 46680
1498 63 0 100 23340
1499 56 0 100 70021
1505 70 0 100 58350
1518 63 0 100 11670
1519 56 0 100 93361
1525 70 0 100 81691
1538 63 0 100 35011
1541 64 0 100 128371
1558 63 0 100 46681
1559 56 0 100 128371
1561 64 0 100 116701
1593 51 0 100 128371
1671 62 0 100 35010
1672 69 0 100 105031
1688 52 0 100 105031
1691 62 0 100 11670
1692 69 0 100 81691
1696 59 0 100 116701
1702 60 0 100 81691
1708 52 0 100 81691
1711 62 0 100 23340
1712 69 0 100 58350
1716 59 0 100 93361
1722 60 0 100 105031
1726 57 0 100 58350
1728 52 0 100 58350
1731 62 0 100 46680
1732 69 0 100 46680
1736 59 0 100 70021
1742 60 0 100 116701
1746 57 0 100 70020
1747 61 0 100 58351
1748 52 0 100 46680
1751 62 0 100 46680
1752 69 0 100 23340
1755 58 0 100 81691
1756 59 0 100 46681
1766 57 0 100 93360
1767 61 0 100 81691
1768 52 0 100 23340
1771 62 0 100 70021
1772 69 0 100 11670
1775 58 0 100 105031
1776 59 0 100 35011
1786 57 0 100 93360
1787 61 0 100 81691
1788 52 0 100 11670
1791 62 0 100 81691
1792 69 0 100 23340
1795 58 0 100 116701
1796 59 0 100 11671
1806 57 0 100 116701
1807 61 0 100 93361
1808 52 0 100 23340
1811 62 0 100 93361
1812 69 0 100 46680
1815 58 0 100 140041
1816 59 0 100 23341
1826 57 0 100 128371
1827 61 0 100 116701
1828 52 0 100 46680
1831 62 0 100 116701
1832 69 0 100 58350
1836 59 0 100 35011
1847 61 0 100 128372
1848 52 0 100 58350
1849 55 0 100 128371
1851 62 0 100 128371
1852 69 0 100 70020
1856 59 0 100 46681
1868 52 0 100 70021
1869 55 0 100 116701
1872 69 0 100 93361
1873 51 0 100 116701
1876 59 0 100 70021
1877 53 0 100 23340
1879 56 0 100 105031
1885 70 0 100 105031
1888 52 0 100 93361
1889 55 0 100 93361
1892 69 0 100 105031
1893 51 0 100 105031
1896 59 0 100 81691
1897 53 0 100 35010
1899 56 0 100 81691
1900 65 0 100 128371
1904 54 0 100 70021
1905 70 0 100 81691
1908 52 0 100 105031
1909 55 0 100 81690
1912 69 0 100 128371
1913 51 0 100 81690
1916 59 0 100 93361
1917 53 0 100 46680
1919 56 0 100 58351
1920 65 0 100 116701
1923 67 0 100 35010
1924 54 0 100 93361
1925 70 0 100 58350
1928 52 0 100 128371
1929 55 0 100 58350
1936 59 0 100 105031
1937 53 0 100 70020
1939 56 0 100 46680
1940 65 0 100 93360
1943 67 0 100 46680
1944 54 0 100 105031
1945 70 0 100 46680
1949 55 0 100 46680
1956 59 0 100 128372
1957 53 0 100 81691
1959 56 0 100 23340
1960 65 0 100 70020
1963 67 0 100 70021
1964 54 0 100 128372
1965 70 0 100 35010
1977 53 0 100 93361
1979 56 0 100 11670
1980 65 0 100 46680
1983 67 0 100 70021
1984 54 0 100 128372
1985 70 0 100 35010
1989 55 0 100 46680
1997 53 0 100 116701
1999 56 0 100 23340
2003 67 0 100 93361
2005 70 0 100 46680
2010 68 0 100 128371
2017 53 0 100 128371
2018 63 0 100 35011
2019 56 0 100 46680
2020 65 0 100 23340
2023 67 0 100 105031
2025 70 0 100 58350
2026 57 0 100 128371
2030 68 0 100 116701
2035 58 0 100 128371
2038 63 0 100 11670
2039 56 0 100 58351
2041 64 0 100 128371
2043 67 0 100 128371
2045 70 0 100 70020
2046 57 0 100 140041
2050 68 0 100 93361
2051 62 0 100 140041
2054 66 0 100 140041
2055 58 0 100 116701
2058 63 0 100 23340
2059 56 0 100 70021
2061 64 0 100 105031
2065 70 0 100 81691
2067 61 0 100 128372
2070 68 0 100 70021
2071 62 0 100 128371
2074 66 0 100 128371
2075 58 0 100 93361
2078 63 0 100 35011
2079 56 0 100 93361
2081 64 0 100 93361
2085 70 0 100 93361
2086 57 0 100 105031
2087 61 0 100 105031
2090 68 0 100 46681
2091 62 0 100 116701
2094 66 0 100 105031
2095 58 0 100 93361
2098 63 0 100 46681
2099 56 0 100 105031
2101 64 0 100 70021
2105 70 0 100 105031
2106 57 0 100 81690
2107 61 0 100 93361
2110 68 0 100 35011
2111 62 0 100 105031
2114 66 0 100 93361
2115 58 0 100 70020
2118 63 0 100 70021
2119 56 0 100 128371
2121 64 0 100 58351
2125 70 0 100 128371
2127 61 0 100 70021
2130 68 0 100 11670
2131 62 0 100 81691
2132 69 0 100 140041
2134 66 0 100 70021
2135 58 0 100 58350
2138 63 0 100 81691
2139 56 0 100 128371
2141 64 0 100 46680
2150 68 0 100 23340
2154 66 0 100 58351
2155 58 0 100 46680
2158 63 0 100 93361
2161 64 0 100 35010
2170 68 0 100 35011
2174 66 0 100 46681
2175 58 0 100 23340
2178 63 0 100 116701
2181 64 0 100 23340
2182 60 0 100 58351
2184 54 0 100 128372
2187 61 0 100 46681
2190 68 0 100 46681
2194 66 0 100 35011
2195 58 0 100 11670
2198 63 0 100 128371
2201 64 0 100 23340
2204 54 0 100 116701
2207 61 0 100 35011
2211 62 0 100 46680
2214 66 0 100 23340
2215 58 0 100 35010
2221 64 0 100 35010
2224 54 0 100 93361
2227 61 0 100 35011
2231 62 0 100 46680
2234 66 0 100 23340
2241 64 0 100 58351
2244 54 0 100 81691
2251 62 0 100 70021
2254 66 0 100 46681
2261 64 0 100 81691
2263 67 0 100 128371
2264 54 0 100 70021
2283 67 0 100 116701
2303 67 0 100 93361
2323 67 0 100 81691
2339 56 0 100 140041
2345 70 0 100 128371
2349 55 0 100 140041
2359 56 0 100 128371
2365 70 0 100 116701
2379 56 0 100 105031
2385 70 0 100 93361