63 0.16 5
67 0.016 5
67 0.16 4.984
76 0.16 5
61 0.16 5
60 0.016 5
60 0.16 4.984
64 0.016 5
64 0.16 4.984
75 0.016 5
75 0.16 4.984
56 0.16 5
58 0.016 5
58 0.16 4.984
78 0.016 5
78 0.16 4.984
51 0.16 5
78 0.16 4.824
56 0.016 4.84
56 0.16 4.824
58 0.016 4.824
58 0.16 4.808
54 0.16 5
67 0.16 4.824
63 0.016 4.84
63 0.16 4.824
53 0.16 5
70 0.16 5
58 0.16 4.648
56 0.016 4.664
56 0.16 4.648
78 0.016 4.664
78 0.16 4.648
62 0.16 5
68 0.16 5
57 0.16 5
79 0.16 5
71 0.16 5
66 0.16 5
77 0.16 5
59 0.016 5
59 0.16 4.984
65 0.016 5
65 0.16 4.984
80 0.016 5
80 0.16 4.984
59 0.16 4.824
77 0.016 4.84
77 0.16 4.824
80 0.016 4.824
80 0.16 4.808
65 0.016 4.824
65 0.16 4.808
69 0.16 5
60 0.16 4.824
61 0.016 4.84
61 0.16 4.824
64 0.016 4.824
64 0.16 4.808
75 0.016 4.824
75 0.16 4.808
64 0.16 4.648
61 0.016 4.664
61 0.16 4.648
75 0.016 4.648
75 0.16 4.632
60 0.016 4.664
60 0.16 4.648
65 0.16 4.648
77 0.016 4.664
77 0.16 4.648
80 0.016 4.648
80 0.16 4.632
59 0.016 4.664
59 0.16 4.648
52 0.16 5
73 0.16 5
55 0.16 5
80 0.16 4.472
59 0.016 4.488
59 0.16 4.472
65 0.016 4.488
65 0.16 4.472
77 0.016 4.488
77 0.16 4.472
74 0.16 5
72 0.16 5
75 0.16 4.472
64 0.016 4.488
64 0.16 4.472
61 0.016 4.488
61 0.16 4.472
60 0.016 4.488
60 0.16 4.472
63 0.16 4.664
67 0.016 4.664
67 0.16 4.648
76 0.16 4.84
61 0.16 4.312
60 0.016 4.312
60 0.16 4.296
64 0.016 4.312
64 0.16 4.296
75 0.016 4.312
75 0.16 4.296
56 0.16 4.488
58 0.016 4.488
58 0.16 4.472
78 0.016 4.488
78 0.16 4.472
51 0.16 4.84
62 0.016 5
62 0.16 4.984
78 0.16 4.312
56 0.016 4.566
56 0.16 4.55
58 0.016 4.55
58 0.16 4.534
54 0.16 5
67 0.16 4.488
63 0.016 4.504
63 0.16 4.488
53 0.16 5
70 0.16 5
58 0.16 4.374
56 0.016 4.39
56 0.16 4.374
78 0.016 4.152
78 0.16 4.136
62 0.16 4.824
68 0.16 4.84
57 0.16 4.84
79 0.16 4.84
71 0.16 5
66 0.16 5
77 0.16 4.312
59 0.016 4.55
59 0.16 4.534
65 0.016 4.55
65 0.16 4.534
80 0.016 4.312
80 0.16 4.296
59 0.16 4.374
77 0.016 4.152
77 0.16 4.136
80 0.016 4.136
80 0.16 4.12
65 0.016 4.374
65 0.16 4.358
69 0.16 5
72 0.016 4.84
72 0.16 4.824
60 0.16 4.374
61 0.016 4.39
61 0.16 4.374
64 0.016 4.374
64 0.16 4.358
75 0.016 4.374
75 0.16 4.358
64 0.16 4.198
61 0.016 4.214
61 0.16 4.198
75 0.016 4.198
75 0.16 4.182
60 0.016 4.214
60 0.16 4.198
65 0.16 4.198
77 0.016 3.976
77 0.16 3.96
80 0.016 3.96
80 0.16 3.944
59 0.016 4.214
59 0.16 4.198
52 0.16 5
73 0.16 5
55 0.16 5
80 0.16 4.022
59 0.016 4.038
59 0.16 4.022
65 0.016 4.038
65 0.16 4.022
77 0.016 3.8
77 0.16 3.784
74 0.16 5
72 0.16 4.902
75 0.16 4.022
64 0.016 4.038
64 0.16 4.022
61 0.016 4.038
61 0.16 4.022
60 0.016 4.038
60 0.16 4.022
63 0.16 4.566
67 0.016 4.566
67 0.16 4.55
76 0.16 4.918
61 0.16 3.862
60 0.016 3.862
60 0.16 3.846
64 0.016 3.862
64 0.16 3.846
75 0.016 3.862
75 0.16 3.846
56 0.16 4.214
58 0.016 4.214
58 0.16 4.198
78 0.016 4.214
78 0.16 4.198
51 0.16 4.918
78 0.16 4.038
56 0.016 4.737
56 0.16 4.721
58 0.016 4.721
58 0.16 4.705
54 0.16 5
67 0.16 4.39
63 0.016 4.406
63 0.16 4.39
53 0.16 5
70 0.16 5
58 0.16 4.545
56 0.016 4.561
56 0.16 4.545
78 0.016 3.878
78 0.16 3.862
62 0.16 5
68 0.16 4.918
65 0.016 4.545
65 0.16 4.529
77 0.016 3.862
77 0.16 3.846
80 0.016 3.862
80 0.16 3.846
59 0.016 3.862
59 0.16 3.846
57 0.16 4.918
79 0.16 4.918
71 0.16 5
66 0.16 5
77 0.16 3.686
59 0.016 4.369
59 0.16 4.353
65 0.016 4.369
65 0.16 4.353
80 0.016 3.686
80 0.16 3.67
68 0.016 4.758
68 0.16 4.742
59 0.16 4.193
77 0.016 3.526
77 0.16 3.51
80 0.016 3.51
80 0.16 3.494
65 0.016 4.193
65 0.16 4.177
68 0.016 4.582
68 0.16 4.566
69 0.16 5
60 0.16 4.369
61 0.016 4.385
61 0.16 4.369
64 0.016 4.369
64 0.16 4.353
75 0.016 4.369
75 0.16 4.353
64 0.16 4.193
61 0.016 4.209
61 0.16 4.193
75 0.016 4.193
75 0.16 4.177
60 0.016 4.209
60 0.16 4.193
65 0.16 4.017
68 0.016 5
68 0.16 4.984
77 0.016 3.35
77 0.16 3.334
80 0.016 3.334
80 0.16 3.318
59 0.016 4.033
59 0.16 4.017
52 0.16 5
73 0.16 5
55 0.16 5
74 0.016 5
74 0.16 4.984
80 0.16 3.841
59 0.016 3.857
59 0.16 3.841
65 0.016 3.857
65 0.16 3.841
77 0.016 3.174
77 0.16 3.158
68 0.016 4.824
68 0.16 4.808
74 0.16 4.824
55 0.016 4.84
55 0.16 4.824
72 0.16 5
75 0.16 4.017
64 0.016 4.033
64 0.16 4.017
61 0.016 4.033
61 0.16 4.017
60 0.016 4.033
60 0.16 4.017
63 0.16 4.913
67 0.016 4.913
67 0.16 4.897
76 0.16 5
61 0.16 3.857
60 0.016 3.857
60 0.16 3.841
64 0.016 3.857
64 0.16 3.841
75 0.016 3.857
75 0.16 3.841
56 0.16 4.385
58 0.016 4.385
58 0.16 4.369
78 0.016 4.385
78 0.16 4.369
51 0.16 5
78 0.16 4.209
56 0.016 4.969
56 0.16 4.953
58 0.016 4.953
58 0.16 4.937
54 0.16 5
67 0.16 4.737
63 0.016 4.753
63 0.16 4.737
53 0.16 5
70 0.16 5
58 0.16 4.777
56 0.016 4.793
56 0.16 4.777
78 0.016 4.049
78 0.16 4.033
62 0.16 5
68 0.16 4.648
65 0.016 4.425
65 0.16 4.409
77 0.016 3.681
77 0.16 3.665
80 0.016 3.681
80 0.16 3.665
59 0.016 3.681
59 0.16 3.665
57 0.16 5
79 0.16 5
71 0.16 5
66 0.16 5
77 0.16 3.505
59 0.016 4.249
59 0.16 4.233
65 0.016 4.249
65 0.16 4.233
80 0.016 3.505
80 0.16 3.489
68 0.016 4.488
68 0.16 4.472
59 0.16 4.073
77 0.016 3.345
77 0.16 3.329
80 0.016 3.329
80 0.16 3.313
65 0.016 4.073
65 0.16 4.057
68 0.016 4.312
68 0.16 4.296
69 0.16 5
73 0.016 5
73 0.16 4.984
60 0.16 4.425
61 0.016 4.441
61 0.16 4.425
64 0.016 4.425
64 0.16 4.409
75 0.016 4.425
75 0.16 4.409
64 0.16 4.249
61 0.016 4.265
61 0.16 4.249
75 0.016 4.249
75 0.16 4.233
60 0.016 4.265
60 0.16 4.249
65 0.16 3.897
68 0.016 4.88
68 0.16 4.864
77 0.016 3.169
77 0.16 3.153
80 0.016 3.153
80 0.16 3.137
59 0.016 3.913
59 0.16 3.897
52 0.16 5
73 0.16 4.824
55 0.16 5
74 0.016 5
74 0.16 4.984
80 0.16 3.721
59 0.016 3.737
59 0.16 3.721
65 0.016 3.737
65 0.16 3.721
77 0.016 2.993
77 0.16 2.977
68 0.016 4.704
68 0.16 4.688
74 0.16 4.824
55 0.016 4.84
55 0.16 4.824
72 0.16 5
75 0.16 4.073
64 0.016 4.089
64 0.16 4.073
61 0.016 4.089
61 0.16 4.073
60 0.016 4.089
60 0.16 4.073
63 0.16 5
67 0.016 5
67 0.16 4.984
76 0.16 5
61 0.16 3.913
60 0.016 3.913
60 0.16 3.897
64 0.016 3.913
64 0.16 3.897
75 0.016 3.913
75 0.16 3.897
56 0.16 4.617
58 0.016 4.617
58 0.16 4.601
78 0.016 4.617
78 0.16 4.601
51 0.16 5
78 0.16 4.441
56 0.016 4.646
56 0.16 4.63
58 0.016 4.63
58 0.16 4.614
54 0.16 5
67 0.16 4.824
63 0.016 4.84
63 0.16 4.824
53 0.16 5
70 0.16 5
58 0.16 4.454
56 0.016 4.47
56 0.16 4.454
78 0.016 4.281
78 0.16 4.265
62 0.16 5
68 0.16 4.528
65 0.016 3.75
65 0.16 3.734
77 0.016 3.561
77 0.16 3.545
80 0.016 3.561
80 0.16 3.545
59 0.016 3.561
59 0.16 3.545
57 0.16 5
79 0.16 5
71 0.16 5
66 0.16 5
77 0.16 3.385
59 0.016 3.574
59 0.16 3.558
65 0.016 3.574
65 0.16 3.558
80 0.016 3.385
80 0.16 3.369
68 0.016 4.368
68 0.16 4.352
59 0.16 3.398
77 0.016 3.225
77 0.16 3.209
80 0.016 3.209
80 0.16 3.193
65 0.016 3.398
65 0.16 3.382
68 0.016 4.192
68 0.16 4.176
69 0.16 5
60 0.16 3.926
61 0.016 3.942
61 0.16 3.926
64 0.016 3.926
64 0.16 3.91
75 0.016 3.926
75 0.16 3.91
64 0.16 3.75
61 0.016 3.766
61 0.16 3.75
75 0.016 3.75
75 0.16 3.734
60 0.016 3.766
60 0.16 3.75
65 0.16 3.222
68 0.016 4.205
68 0.16 4.189
77 0.016 3.049
77 0.16 3.033
80 0.016 3.033
80 0.16 3.017
59 0.016 3.238
59 0.16 3.222
52 0.16 5
73 0.16 4.853
55 0.16 4.853
80 0.16 3.046
59 0.016 3.062
59 0.16 3.046
65 0.016 3.062
65 0.16 3.046
77 0.016 2.873
77 0.16 2.857
68 0.016 4.029
68 0.16 4.013
74 0.16 4.853
55 0.016 4.693
55 0.16 4.677
72 0.16 5
75 0.16 3.574
64 0.016 3.59
64 0.16 3.574
61 0.016 3.59
61 0.16 3.574
60 0.016 3.59
60 0.16 3.574
63 0.16 4.853
67 0.016 4.853
67 0.16 4.837
76 0.16 5
61 0.16 3.414
60 0.016 3.414
60 0.16 3.398
64 0.016 3.414
64 0.16 3.398
75 0.016 3.414
75 0.16 3.398
56 0.16 4.294
58 0.016 4.294
58 0.16 4.278
78 0.016 4.294
78 0.16 4.278
51 0.16 5
78 0.16 4.118
56 0.016 4.235
56 0.16 4.219
58 0.016 4.219
58 0.16 4.203
54 0.16 4.941
67 0.16 4.677
63 0.016 4.693
63 0.16 4.677
53 0.16 4.941
70 0.16 4.941
58 0.16 4.043
56 0.016 4.059
56 0.16 4.043
78 0.016 3.958
78 0.16 3.942
62 0.16 4.941
68 0.16 3.853
65 0.016 2.987
65 0.16 2.971
77 0.016 2.886
77 0.16 2.87
80 0.016 2.886
80 0.16 2.87
59 0.016 2.886
59 0.16 2.87
57 0.16 5
55 0.016 4.618
55 0.16 4.602
74 0.016 4.693
74 0.16 4.677
69 0.016 4.941
69 0.16 4.925
79 0.16 5
71 0.16 4.941
66 0.16 4.941
77 0.16 2.71
59 0.016 2.811
59 0.16 2.795
65 0.016 2.811
65 0.16 2.795
80 0.016 2.71
80 0.16 2.694
68 0.016 3.693
68 0.16 3.677
59 0.16 2.635
77 0.016 2.55
77 0.16 2.534
80 0.016 2.534
80 0.16 2.518
65 0.016 2.635
65 0.16 2.619
68 0.016 3.517
68 0.16 3.501
69 0.16 4.765
55 0.016 4.442
55 0.16 4.426
57 0.016 4.941
57 0.16 4.925
74 0.016 4.618
74 0.16 4.602
53 0.016 4.781
53 0.16 4.765
60 0.16 3.339
61 0.016 3.355
61 0.16 3.339
64 0.016 3.339
64 0.16 3.323
75 0.016 3.339
75 0.16 3.323
64 0.16 3.163
61 0.016 3.179
61 0.16 3.163
75 0.016 3.163
75 0.16 3.147
60 0.016 3.179
60 0.16 3.163
65 0.16 2.459
68 0.016 3.442
68 0.16 3.426
77 0.016 2.374
77 0.16 2.358
80 0.016 2.358
80 0.16 2.342
59 0.016 2.475
59 0.16 2.459
52 0.16 4.941
73 0.16 4.794
55 0.16 4.266
53 0.016 4.605
53 0.16 4.589
74 0.016 4.442
74 0.16 4.426
57 0.016 4.765
57 0.16 4.749
80 0.16 2.283
59 0.016 2.299
59 0.16 2.283
65 0.016 2.299
65 0.16 2.283
77 0.016 2.198
77 0.16 2.182
68 0.016 3.266
68 0.16 3.25
74 0.16 4.266
55 0.016 4.106
55 0.16 4.09
53 0.016 4.429
53 0.16 4.413
57 0.016 4.589
57 0.16 4.573
72 0.16 4.941
75 0.16 2.987
64 0.016 3.003
64 0.16 2.987
61 0.016 3.003
61 0.16 2.987
60 0.016 3.003
60 0.16 2.987
76 0.016 4.941
76 0.16 4.925
63 0.16 4.618
67 0.016 4.618
67 0.16 4.602
76 0.16 4.765
60 0.016 2.827
60 0.16 2.811
61 0.016 2.827
61 0.16 2.811
64 0.016 2.827
64 0.16 2.811
75 0.016 2.827
75 0.16 2.811
61 0.16 2.651
60 0.016 2.651
60 0.16 2.635
64 0.016 2.651
64 0.16 2.635
76 0.016 4.605
76 0.16 4.589
75 0.016 2.651
75 0.16 2.635
56 0.16 3.883
58 0.016 3.883
58 0.16 3.867
78 0.016 3.883
78 0.16 3.867
51 0.16 4.941
78 0.16 3.707
56 0.016 3.74
56 0.16 3.724
58 0.016 3.724
58 0.16 3.708
54 0.16 4.798
67 0.16 4.442
63 0.016 4.458
63 0.16 4.442
53 0.16 4.27
70 0.16 4.798
58 0.16 3.548
56 0.016 3.564
56 0.16 3.548
78 0.016 3.547
78 0.16 3.531
62 0.16 4.798
68 0.16 3.09
57 0.16 4.413
79 0.16 4.941
71 0.16 4.798
66 0.16 4.798
77 0.16 2.123
59 0.016 2.14
59 0.16 2.124
80 0.016 2.123
80 0.16 2.107
65 0.016 2.14
65 0.16 2.124
59 0.16 1.964
77 0.016 1.963
77 0.16 1.947
80 0.016 1.947
80 0.16 1.931
65 0.016 1.964
65 0.16 1.948
69 0.16 4.622
60 0.16 2.492
61 0.016 2.508
61 0.16 2.492
62 0.016 4.638
62 0.16 4.622
64 0.016 2.492
64 0.16 2.476
75 0.016 2.492
75 0.16 2.476
76 0.016 4.446
76 0.16 4.43
64 0.16 2.316
61 0.016 2.332
61 0.16 2.316
62 0.016 4.462
62 0.16 4.446
75 0.016 2.316
75 0.16 2.3
60 0.016 2.332
60 0.16 2.316
76 0.016 4.27
76 0.16 4.254
65 0.16 1.788
80 0.016 1.771
80 0.16 1.755
59 0.016 1.804
59 0.16 1.788
77 0.016 1.787
77 0.16 1.771
52 0.16 4.798
73 0.16 4.651
55 0.16 3.947
80 0.16 1.612
59 0.016 1.628
59 0.16 1.612
65 0.016 1.628
65 0.16 1.612
77 0.016 1.611
77 0.16 1.595
74 0.16 4.123
72 0.16 4.798
75 0.16 2.14
64 0.016 2.156
64 0.16 2.14
61 0.016 2.156
61 0.16 2.14
62 0.016 4.286
62 0.16 4.27
60 0.016 2.156
60 0.16 2.14
63 0.16 4.299
67 0.016 4.299
67 0.16 4.283
76 0.16 4.094
61 0.16 1.98
60 0.016 1.98
60 0.16 1.964
62 0.016 4.11
62 0.16 4.094
64 0.016 1.98
64 0.16 1.964
75 0.016 1.98
75 0.16 1.964
56 0.16 3.388
58 0.016 3.388
58 0.16 3.372
78 0.016 3.388
78 0.16 3.372
51 0.16 4.798
78 0.16 3.212
56 0.016 3.496
56 0.16 3.48
58 0.016 3.48
58 0.16 3.464
54 0.16 4.906
67 0.16 4.123
63 0.016 4.139
63 0.16 4.123
53 0.16 4.378
70 0.16 4.906
58 0.16 3.304
56 0.016 3.32
56 0.16 3.304
78 0.016 3.052
78 0.16 3.036
62 0.16 4.202
68 0.16 2.947
57 0.16 4.27
79 0.016 4.798
79 0.16 4.782
79 0.16 4.622
57 0.016 4.11
57 0.16 4.094
71 0.16 4.906
66 0.16 4.906
76 0.016 4.202
76 0.16 4.186
77 0.16 1.452
59 0.016 1.72
59 0.16 1.704
80 0.016 1.452
80 0.16 1.436
65 0.016 1.72
65 0.16 1.704
59 0.16 1.544
77 0.016 1.292
77 0.16 1.276
80 0.016 1.276
80 0.16 1.26
65 0.016 1.544
65 0.16 1.528
69 0.16 4.73
60 0.16 2.072
61 0.016 2.088
61 0.16 2.072
64 0.016 2.072
64 0.16 2.056
75 0.016 2.072
75 0.16 2.056
64 0.16 1.896
61 0.016 1.912
61 0.16 1.896
75 0.016 1.896
75 0.16 1.88
60 0.016 1.912
60 0.16 1.896
65 0.16 1.368
80 0.016 1.1
80 0.16 1.084
59 0.016 1.384
59 0.16 1.368
77 0.016 1.116
77 0.16 1.1
52 0.16 4.906
73 0.16 4.759
55 0.16 4.055
80 0.16 1.192
59 0.016 1.208
59 0.16 1.192
65 0.016 1.208
65 0.16 1.192
77 0.016 0.94
77 0.16 0.924
74 0.16 4.231
55 0.016 3.895
55 0.16 3.879
72 0.16 4.906
75 0.16 1.72
64 0.016 1.736
64 0.16 1.72
61 0.016 1.736
61 0.16 1.72
60 0.016 1.736
60 0.16 1.72
63 0.16 4.231
67 0.016 4.231
67 0.16 4.215
76 0.16 4.026
56 0.016 3.144
56 0.16 3.128
58 0.016 3.144
58 0.16 3.128
78 0.016 3.144
78 0.16 3.128
61 0.16 1.56
60 0.016 1.56
60 0.16 1.544
64 0.016 1.56
64 0.16 1.544
75 0.016 1.56
75 0.16 1.544
56 0.16 2.968
58 0.016 2.968
58 0.16 2.952
76 0.016 3.866
76 0.16 3.85
78 0.016 2.968
78 0.16 2.952
51 0.16 4.906
69 0.016 4.57
69 0.16 4.554
60 0.016 1.384
60 0.16 1.368
61 0.016 1.4
61 0.16 1.384
64 0.016 1.384
64 0.16 1.368
75 0.016 1.384
75 0.16 1.368
78 0.16 2.792
56 0.016 3.064
56 0.16 3.048
58 0.016 3.048
58 0.16 3.032
76 0.016 3.69
76 0.16 3.674
54 0.16 5
59 0.016 1.032
59 0.16 1.016
77 0.016 1.032
77 0.16 1.016
80 0.016 1.032
80 0.16 1.016
65 0.016 1.032
65 0.16 1.016
67 0.16 4.055
63 0.016 4.071
63 0.16 4.055
53 0.16 4.474
55 0.016 3.719
55 0.16 3.703
74 0.016 4.071
74 0.16 4.055
70 0.16 5
58 0.16 2.872
56 0.016 2.888
56 0.16 2.872
78 0.016 2.632
78 0.16 2.616
62 0.16 4.298
56 0.016 2.712
56 0.16 2.696
58 0.016 2.712
58 0.16 2.696
66 0.016 4.746
66 0.16 4.73
78 0.016 2.456
78 0.16 2.44
68 0.16 3.055
57 0.16 4.202
60 0.016 1.208
60 0.16 1.192
69 0.016 4.65
69 0.16 4.634
51 0.016 4.746
51 0.16 4.73
61 0.016 1.48
61 0.16 1.464
64 0.016 1.464
64 0.16 1.448
75 0.016 1.464
75 0.16 1.448
79 0.16 4.73
71 0.16 5
66 0.16 4.826
77 0.16 0.856
59 0.016 1.112
59 0.16 1.096
80 0.016 0.856
80 0.16 0.84
54 0.016 4.84
54 0.16 4.824
65 0.016 1.112
65 0.16 1.096
59 0.16 0.936
54 0.016 4.664
54 0.16 4.648
77 0.016 0.696
77 0.16 0.68
80 0.016 0.68
80 0.16 0.664
65 0.016 0.936
65 0.16 0.92
69 0.16 4.474
51 0.016 4.826
51 0.16 4.81
61 0.016 1.304
61 0.16 1.288
64 0.016 1.288
64 0.16 1.272
57 0.016 4.298
57 0.16 4.282
60 0.016 1.032
60 0.16 1.016
75 0.016 1.288
75 0.16 1.272
60 0.16 1.112
57 0.016 4.122
57 0.16 4.106
61 0.016 1.128
61 0.16 1.112
51 0.016 4.65
51 0.16 4.634
64 0.016 1.112
64 0.16 1.096
69 0.016 4.314
69 0.16 4.298
75 0.016 1.112
75 0.16 1.096
64 0.16 0.936
57 0.016 3.946
57 0.16 3.93
61 0.016 0.952
61 0.16 0.936
69 0.016 4.138
69 0.16 4.122
75 0.016 0.936
75 0.16 0.92
60 0.016 0.952
60 0.16 0.936
51 0.016 4.474
51 0.16 4.458
65 0.16 0.76
80 0.016 0.504
80 0.16 0.488
59 0.016 0.776
59 0.16 0.76
77 0.016 0.52
77 0.16 0.504
54 0.016 4.488
54 0.16 4.472
52 0.16 5
73 0.16 4.855
55 0.16 3.799
80 0.16 0.584
59 0.016 0.6
59 0.16 0.584
65 0.016 0.6
65 0.16 0.584
77 0.016 0.344
77 0.16 0.328
54 0.016 4.312
54 0.16 4.296
74 0.16 4.151
72 0.16 5
66 0.016 4.666
66 0.16 4.65
75 0.16 0.76
57 0.016 3.77
57 0.16 3.754
64 0.016 0.776
64 0.16 0.76
69 0.016 3.962
69 0.16 3.946
61 0.016 0.776
61 0.16 0.76
51 0.016 4.298
51 0.16 4.282
60 0.016 0.776
60 0.16 0.76
63 0.16 4.151
67 0.016 4.151
67 0.16 4.135
76 0.016 3.77
76 0.16 3.754
76 0.16 3.594
67 0.016 3.975
67 0.16 3.959
63 0.016 3.991
63 0.16 3.975
61 0.16 0.6
60 0.016 0.6
60 0.16 0.584
64 0.016 0.6
64 0.16 0.584
75 0.016 0.6
75 0.16 0.584
57 0.016 3.594
57 0.16 3.578
69 0.016 3.786
69 0.16 3.77
51 0.016 4.122
51 0.16 4.106
56 0.16 2.536
58 0.016 2.536
58 0.16 2.52
72 0.016 4.84
72 0.16 4.824
78 0.016 2.536
78 0.16 2.52
66 0.016 4.49
66 0.16 4.474
51 0.16 3.946
69 0.016 3.61
69 0.16 3.594
57 0.016 3.418
57 0.16 3.402
75 0.016 0.424
75 0.16 0.408
64 0.016 0.424
64 0.16 0.408
61 0.016 0.44
61 0.16 0.424
60 0.016 0.424
60 0.16 0.408
73 0.016 4.695
73 0.16 4.679
78 0.16 2.36
56 0.016 3.072
56 0.16 3.056
58 0.016 3.056
58 0.16 3.04
72 0.016 4.664
72 0.16 4.648
54 0.16 4.832
59 0.016 0.424
59 0.16 0.408
77 0.016 0.424
77 0.16 0.408
80 0.016 0.424
80 0.16 0.408
65 0.016 0.424
65 0.16 0.408
67 0.16 3.799
63 0.016 3.815
63 0.16 3.799
76 0.016 3.434
76 0.16 3.418
53 0.16 5
70 0.16 5
58 0.16 2.88
56 0.016 2.896
56 0.16 2.88
72 0.016 4.488
72 0.16 4.472
78 0.016 2.2
78 0.16 2.184
62 0.16 4.834
68 0.16 3.151
57 0.16 3.242
51 0.016 3.786
51 0.16 3.77
69 0.016 4.13
69 0.16 4.114
79 0.16 4.826
71 0.16 5
66 0.16 5
77 0.16 0.248
59 0.016 0.944
59 0.16 0.928
65 0.016 0.944
65 0.16 0.928
80 0.016 0.248
80 0.16 0.232
59 0.16 0.768
54 0.016 4.672
54 0.16 4.656
77 0.016 0.088
77 0.16 0.072
80 0.016 0.072
80 0.16 0.056
65 0.016 0.768
65 0.16 0.752
69 0.16 3.954
51 0.016 4.306
51 0.16 4.29
57 0.016 3.778
57 0.16 3.762
60 0.16 0.944
61 0.016 0.96
61 0.16 0.944
64 0.016 0.944
64 0.16 0.928
73 0.016 5
73 0.16 4.984
75 0.016 0.944
75 0.16 0.928
64 0.16 0.768
61 0.016 0.784
61 0.16 0.768
75 0.016 0.768
75 0.16 0.752
60 0.016 0.784
60 0.16 0.768
73 0.016 4.824
73 0.16 4.808
65 0.16 0.592
77 0.016 0
77 0.16 0
80 0.016 0
80 0.16 0
59 0.016 0.608
59 0.16 0.592
52 0.16 5
73 0.16 4.648
55 0.16 4.335
80 0.16 0.696
59 0.016 0.432
59 0.16 0.416
65 0.016 0.432
65 0.16 0.416
77 0.016 0
77 0.16 0
74 0.16 4.687
79 0.016 4.666
79 0.16 4.65
72 0.16 5
75 0.16 0.592
64 0.016 0.608
64 0.16 0.592
61 0.016 0.608
61 0.16 0.592
60 0.016 0.608
60 0.16 0.592
63 0.16 4.335
67 0.016 4.335
67 0.16 4.319
76 0.16 3.954
71 0.016 4.84
71 0.16 4.824
61 0.16 0.432
60 0.016 0.432
60 0.16 0.416
64 0.016 0.432
64 0.16 0.416
75 0.016 0.432
75 0.16 0.416
56 0.16 2.72
58 0.016 2.72
58 0.16 2.704
78 0.016 2.72
78 0.16 2.704
69 0.016 3.794
69 0.16 3.778
51 0.016 4.13
51 0.16 4.114
57 0.016 3.602
57 0.16 3.586
66 0.016 4.84
66 0.16 4.824
51 0.16 3.954
66 0.016 4.664
66 0.16 4.648
69 0.016 3.618
69 0.16 3.602
56 0.016 2.56
56 0.16 2.544
57 0.016 3.426
57 0.16 3.41
58 0.016 2.544
58 0.16 2.528
78 0.016 2.544
78 0.16 2.528
78 0.16 2.368
56 0.016 2.459
56 0.16 2.443
58 0.016 2.443
58 0.16 2.427
69 0.016 3.442
69 0.16 3.426
51 0.016 3.794
51 0.16 3.778
57 0.016 3.25
57 0.16 3.234
66 0.016 4.488
66 0.16 4.472
54 0.16 4.571
67 0.16 4.159
63 0.016 4.175
63 0.16 4.159
72 0.016 4.84
72 0.16 4.824
53 0.16 4.915
79 0.016 5
79 0.16 4.984
70 0.16 4.915
62 0.016 4.749
62 0.16 4.733
71 0.016 4.664
71 0.16 4.648
58 0.16 2.267
51 0.016 3.618
51 0.16 3.602
56 0.016 2.283
56 0.16 2.267
57 0.016 3.074
57 0.16 3.058
69 0.016 3.266
69 0.16 3.25
78 0.016 2.208
78 0.16 2.192
62 0.16 4.573
71 0.016 4.488
71 0.16 4.472
68 0.16 3.687
57 0.16 2.898
58 0.016 2.107
58 0.16 2.091
69 0.016 3.165
69 0.16 3.149
51 0.016 3.442
51 0.16 3.426
56 0.016 2.107
56 0.16 2.091
78 0.016 2.032
78 0.16 2.016
79 0.16 4.824
71 0.16 4.387
62 0.016 4.413
62 0.16 4.397
66 0.16 4.387
77 0.16 0.696
59 0.016 0.331
59 0.16 0.315
65 0.016 0.331
65 0.16 0.315
80 0.016 0.536
80 0.16 0.52
54 0.016 4.411
54 0.16 4.395
76 0.016 3.869
76 0.16 3.853
59 0.16 0.155
54 0.016 4.235
54 0.16 4.219
77 0.016 0.536
77 0.16 0.52
80 0.016 0.36
80 0.16 0.344
76 0.016 3.693
76 0.16 3.677
65 0.016 0.155
65 0.16 0.139
69 0.16 2.989
51 0.016 3.341
51 0.16 3.325
57 0.016 2.813
57 0.16 2.797
78 0.016 1.931
78 0.16 1.915
56 0.016 1.931
56 0.16 1.915
58 0.016 1.931
58 0.16 1.915
60 0.16 0.331
61 0.016 0.347
61 0.16 0.331
64 0.016 0.331
64 0.16 0.315
75 0.016 0.331
75 0.16 0.315
64 0.16 0.155
61 0.016 0.171
61 0.16 0.155
75 0.016 0.155
75 0.16 0.139
60 0.016 0.171
60 0.16 0.155
65 0.16 0
80 0.016 0.184
80 0.16 0.168
59 0.016 0
59 0.16 0
77 0.016 0.36
77 0.16 0.344
76 0.016 3.517
76 0.16 3.501
52 0.16 4.915
73 0.16 4.563
66 0.016 4.227
66 0.16 4.211
55 0.16 4.25
80 0.16 0.083
59 0.016 0
59 0.16 0
65 0.016 0
65 0.16 0
77 0.016 0.184
77 0.16 0.168
76 0.016 3.341
76 0.16 3.325
74 0.16 4.602
60 0.016 0
60 0.16 0
55 0.016 4.09
55 0.16 4.074
61 0.016 0
61 0.16 0
64 0.016 0
64 0.16 0
75 0.016 0
75 0.16 0
72 0.16 4.739
70 0.016 4.755
70 0.16 4.739
75 0.16 0
64 0.016 0
64 0.16 0
61 0.016 0
61 0.16 0
60 0.016 0
60 0.16 0
55 0.016 3.914
55 0.16 3.898
74 0.016 4.442
74 0.16 4.426
63 0.16 4.074
67 0.016 4.074
67 0.16 4.058
76 0.16 3.165
61 0.16 0
60 0.016 0
60 0.16 0
64 0.016 0
64 0.16 0
55 0.016 3.738
55 0.16 3.722
75 0.016 0
75 0.16 0
56 0.16 1.755
58 0.016 1.755
58 0.16 1.739
73 0.016 4.403
73 0.16 4.387
78 0.016 1.755
78 0.16 1.739
51 0.16 3.165
69 0.016 2.829
69 0.16 2.813
57 0.016 2.637
57 0.16 2.621
63 0.016 3.914
63 0.16 3.898
67 0.016 3.898
67 0.16 3.882
78 0.16 1.579
56 0.016 1.959
56 0.16 1.943
58 0.016 1.943
58 0.16 1.927
73 0.016 4.227
73 0.16 4.211
54 0.16 4.423
67 0.16 3.722
63 0.016 3.738
63 0.16 3.722
69 0.016 2.653
69 0.16 2.637
51 0.016 3.005
51 0.16 2.989
57 0.016 2.461
57 0.16 2.445
53 0.16 5
60 0.016 0
60 0.16 0
55 0.016 3.562
55 0.16 3.546
61 0.016 0
61 0.16 0
64 0.016 0.364
64 0.16 0.348
74 0.016 4.266
74 0.16 4.25
75 0.016 0.364
75 0.16 0.348
70 0.16 4.943
58 0.16 1.767
56 0.016 1.783
56 0.16 1.767
73 0.016 4.415
73 0.16 4.399
78 0.016 1.419
78 0.16 1.403
62 0.16 4.601
77 0.016 0.083
77 0.16 0.067
59 0.016 0
59 0.16 0
80 0.016 0
80 0.16 0
65 0.016 0.364
65 0.16 0.348
68 0.16 3.602
57 0.16 2.285
79 0.16 4.739
71 0.16 4.591
66 0.16 4.415
77 0.16 0
59 0.016 0.364
59 0.16 0.348
65 0.016 0.188
65 0.16 0.172
80 0.016 0
80 0.16 0
59 0.16 0.188
77 0.016 0
77 0.16 0
80 0.016 0
80 0.16 0
65 0.016 0.012
65 0.16 0
69 0.16 2.841
51 0.016 3.193
51 0.16 3.177
70 0.016 4.783
70 0.16 4.767
63 0.016 3.926
63 0.16 3.91
67 0.016 3.562
67 0.16 3.546
60 0.16 0.364
61 0.016 0.364
61 0.16 0.348
64 0.016 0.188
64 0.16 0.172
53 0.016 4.84
53 0.16 4.824
55 0.016 3.75
55 0.16 3.734
75 0.016 0.188
75 0.16 0.172
64 0.16 0.012
53 0.016 4.664
53 0.16 4.648
61 0.016 0.188
61 0.16 0.172
75 0.016 0.012
75 0.16 0
60 0.016 0.204
60 0.16 0.188
55 0.016 3.574
55 0.16 3.558
65 0.16 0
80 0.016 0
80 0.16 0
59 0.016 0.028
59 0.16 0.012
77 0.016 0
77 0.16 0
52 0.16 5
62 0.016 4.441
62 0.16 4.425
73 0.16 4.239
55 0.16 3.398
75 0.016 0
75 0.16 0
53 0.016 4.488
53 0.16 4.472
64 0.016 0
64 0.16 0
61 0.016 0.012
61 0.16 0
60 0.016 0.028
60 0.16 0.012
80 0.16 0.364
59 0.016 0
59 0.16 0
65 0.016 0
65 0.16 0
77 0.016 0
77 0.16 0
74 0.16 4.454
72 0.16 4.943
75 0.16 0
53 0.016 4.312
53 0.16 4.296
55 0.016 3.238
55 0.16 3.222
64 0.016 0
64 0.16 0
61 0.016 0
61 0.16 0
60 0.016 0
60 0.16 0
63 0.16 3.75
67 0.016 3.75
67 0.16 3.734
76 0.16 3.369
61 0.16 0
60 0.016 0
60 0.16 0
64 0.016 0
64 0.16 0
75 0.016 0
75 0.16 0
53 0.016 4.846
53 0.16 4.83
56 0.16 1.607
58 0.016 1.607
58 0.16 1.591
78 0.016 1.607
78 0.16 1.591
51 0.16 3.017
69 0.016 2.681
69 0.16 2.665
71 0.016 4.431
71 0.16 4.415
78 0.16 1.431
56 0.016 2.157
56 0.16 2.141
58 0.016 2.141
58 0.16 2.125
54 0.16 4.973
67 0.16 3.574
63 0.016 3.59
63 0.16 3.574
73 0.016 4.789
73 0.16 4.773
53 0.16 4.67
70 0.16 5
58 0.16 1.965
56 0.016 1.981
56 0.16 1.965
78 0.016 1.271
78 0.16 1.255
62 0.16 4.975
68 0.16 3.806
69 0.016 3.215
69 0.16 3.199
51 0.016 2.857
51 0.16 2.841
57 0.016 2.489
57 0.16 2.473
71 0.016 4.255
71 0.16 4.239
57 0.16 2.313
51 0.016 2.681
51 0.16 2.665
69 0.016 3.039
69 0.16 3.023
71 0.016 4.079
71 0.16 4.063
68 0.016 3.646
68 0.16 3.63
79 0.16 4.943
71 0.16 4.613
51 0.016 3.215
51 0.16 3.199
57 0.016 2.863
57 0.16 2.847
69 0.016 2.863
69 0.16 2.847
68 0.016 3.47
68 0.16 3.454
66 0.16 4.965
55 0.016 3.772
55 0.16 3.756
77 0.16 0.364
59 0.016 0.71
59 0.16 0.694
65 0.016 0.71
65 0.16 0.694
80 0.016 0.204
80 0.16 0.188
59 0.16 0.534
77 0.016 0.204
77 0.16 0.188
80 0.016 0.028
80 0.16 0.012
65 0.016 0.534
65 0.16 0.518
69 0.16 2.687
51 0.016 3.039
51 0.16 3.023
68 0.016 3.294
68 0.16 3.278
57 0.016 2.687
57 0.16 2.671
60 0.16 0.71
61 0.016 0.71
61 0.16 0.694
64 0.016 0.71
64 0.16 0.694
75 0.016 0.71
75 0.16 0.694
64 0.16 0.534
61 0.016 0.534
61 0.16 0.518
75 0.016 0.534
75 0.16 0.518
60 0.016 0.55
60 0.16 0.534
79 0.016 4.783
79 0.16 4.767
65 0.16 0.358
57 0.016 2.511
57 0.16 2.495
77 0.016 0.028
77 0.16 0.012
80 0.016 0
80 0.16 0
51 0.016 2.863
51 0.16 2.847
69 0.016 2.527
69 0.16 2.511
59 0.016 0.374
59 0.16 0.358
52 0.16 5
73 0.16 4.613
70 0.016 4.84
70 0.16 4.824
55 0.16 3.596
58 0.016 1.805
58 0.16 1.789
66 0.016 4.805
66 0.16 4.789
56 0.016 1.805
56 0.16 1.789
74 0.016 5
74 0.16 4.984
78 0.016 1.805
78 0.16 1.789
80 0.16 0.71
59 0.016 0.198
59 0.16 0.182
65 0.016 0.198
65 0.16 0.182
77 0.016 0
77 0.16 0
57 0.016 2.335
57 0.16 2.319
69 0.016 2.351
69 0.16 2.335
51 0.016 2.687
51 0.16 2.671
74 0.16 4.824
58 0.016 1.629
58 0.16 1.613
55 0.016 3.436
55 0.16 3.42
56 0.016 1.629
56 0.16 1.613
78 0.016 1.629
78 0.16 1.613
66 0.016 4.629
66 0.16 4.613
72 0.16 5
75 0.16 0.358
64 0.016 0.374
64 0.16 0.358
61 0.016 0.358
61 0.16 0.342
60 0.016 0.374
60 0.16 0.358
79 0.016 5
79 0.16 4.984
63 0.16 4.124
67 0.016 4.124
67 0.16 4.108
76 0.16 3.919
61 0.16 0.182
60 0.016 0.198
60 0.16 0.182
64 0.016 0.198
64 0.16 0.182
79 0.016 4.824
79 0.16 4.808
75 0.016 0.198
75 0.16 0.182
56 0.16 1.453
55 0.016 3.26
55 0.16 3.244
58 0.016 1.453
58 0.16 1.437
78 0.016 1.453
78 0.16 1.437
51 0.16 2.511
57 0.016 2.159
57 0.16 2.143
69 0.016 2.175
69 0.16 2.159
77 0.016 0.71
77 0.16 0.694
52 0.016 4.84
52 0.16 4.824
54 0.016 5
54 0.16 4.984
59 0.016 0.022
59 0.16 0.006
65 0.016 0.022
65 0.16 0.006
80 0.016 0.55
80 0.16 0.534
78 0.16 1.277
55 0.016 3.084
55 0.16 3.068
56 0.016 1.503
56 0.16 1.487
58 0.016 1.487
58 0.16 1.471
53 0.016 4.72
53 0.16 4.704
54 0.16 4.824
69 0.016 1.999
69 0.16 1.983
52 0.016 4.664
52 0.16 4.648
77 0.016 0.534
77 0.16 0.518
51 0.016 2.351
51 0.16 2.335
57 0.016 1.983
57 0.16 1.967
59 0.016 0
59 0.16 0
65 0.016 0
65 0.16 0
80 0.016 0.374
80 0.16 0.358
67 0.16 3.948
63 0.016 3.964
63 0.16 3.948
53 0.16 4.544
58 0.016 1.311
58 0.16 1.295
55 0.016 2.908
55 0.16 2.892
56 0.016 1.327
56 0.16 1.311
78 0.016 1.117
78 0.16 1.101
70 0.16 4.874
58 0.16 1.135
53 0.016 4.384
53 0.16 4.368
55 0.016 2.732
55 0.16 2.716
56 0.016 1.151
56 0.16 1.135
78 0.016 0.941
78 0.16 0.925
62 0.16 5
68 0.16 3.828
73 0.016 4.663
73 0.16 4.647
57 0.16 1.807
51 0.016 2.175
51 0.16 2.159
79 0.16 4.648
71 0.16 4.663
66 0.16 4.663
77 0.16 0.358
59 0.016 0.21
59 0.16 0.194
65 0.016 0.21
65 0.16 0.194
80 0.016 0.198
80 0.16 0.182
59 0.16 0.034
77 0.016 0.198
77 0.16 0.182
80 0.016 0.022
80 0.16 0.006
65 0.016 0.034
65 0.16 0.018
69 0.16 2.033
60 0.16 0.232
61 0.016 0.232
61 0.16 0.216
64 0.016 0.232
64 0.16 0.216
75 0.016 0.232
75 0.16 0.216
64 0.16 0.056
61 0.016 0.056
61 0.16 0.04
75 0.016 0.056
75 0.16 0.04
60 0.016 0.072
60 0.16 0.056
65 0.16 0
77 0.016 0.022
77 0.16 0.006
80 0.016 0
80 0.16 0
59 0.016 0
59 0.16 0
52 0.16 4.698
73 0.16 4.487
55 0.16 2.766
80 0.16 0.21
59 0.016 0
59 0.16 0
65 0.016 0
65 0.16 0
77 0.016 0
77 0.16 0
74 0.16 4.874
72 0.16 5
75 0.16 0
64 0.016 0
64 0.16 0
61 0.016 0
61 0.16 0
60 0.016 0
60 0.16 0
63 0.16 3.998
55 0.016 2.606
55 0.16 2.59
67 0.016 3.998
67 0.16 3.982
76 0.16 3.969
61 0.16 0
60 0.016 0
60 0.16 0
64 0.016 0
64 0.16 0
75 0.016 0
75 0.16 0
56 0.16 0.975
58 0.016 0.975
58 0.16 0.959
78 0.016 0.975
78 0.16 0.959
51 0.16 2.209
57 0.016 1.857
57 0.16 1.841
78 0.16 0.799
56 0.016 1.567
56 0.16 1.551
58 0.016 1.551
58 0.16 1.535
54 0.16 5
73 0.016 4.327
73 0.16 4.311
52 0.016 4.538
52 0.16 4.522
67 0.16 3.822
63 0.016 3.838
63 0.16 3.822
55 0.016 2.43
55 0.16 2.414
53 0.16 4.96
70 0.16 5
58 0.16 1.375
56 0.016 1.391
56 0.16 1.375
78 0.016 0.639
78 0.16 0.623
62 0.16 5
68 0.16 3.878
57 0.16 1.681
51 0.016 2.049
51 0.16 2.033
79 0.16 4.698
71 0.16 5
66 0.16 5
77 0.16 0.21
59 0.016 0.752
59 0.16 0.736
65 0.016 0.752
65 0.16 0.736
80 0.016 0.05
80 0.16 0.034
59 0.16 0.576
77 0.016 0.05
77 0.16 0.034
80 0.016 0
80 0.16 0
65 0.016 0.576
65 0.16 0.56
69 0.16 2.625
60 0.16 0.752
61 0.016 0.752
61 0.16 0.736
75 0.016 0.752
75 0.16 0.736
64 0.016 0.752
64 0.16 0.736
64 0.16 0.576
61 0.016 0.576
61 0.16 0.56
75 0.016 0.576
75 0.16 0.56
60 0.016 0.592
60 0.16 0.576
65 0.16 0.4
77 0.016 0
77 0.16 0
80 0.016 0
80 0.16 0
59 0.016 0.416
59 0.16 0.4
52 0.16 5
73 0.16 4.903
55 0.16 3.006
70 0.016 4.84
70 0.16 4.824
53 0.016 4.8
53 0.16 4.784
80 0.16 0.752
59 0.016 0.24
59 0.16 0.224
65 0.016 0.24
65 0.16 0.224
77 0.016 0
77 0.16 0
74 0.16 5
72 0.16 5
75 0.16 0.4
61 0.016 0.4
61 0.16 0.384
64 0.016 0.416
64 0.16 0.4
60 0.016 0.416
60 0.16 0.4
63 0.16 4.414
67 0.016 4.414
67 0.16 4.398
76 0.16 4.561
61 0.16 0.224
60 0.016 0.24
60 0.16 0.224
64 0.016 0.24
64 0.16 0.224
75 0.016 0.24
75 0.16 0.224
56 0.16 1.215
58 0.016 1.215
58 0.16 1.199
51 0.16 2.625
57 0.016 2.273
57 0.16 2.257
78 0.16 1.215
54 0.16 5
67 0.16 4.238
63 0.016 4.254
63 0.16 4.238
53 0.16 4.82
70 0.16 4.86
58 0.16 1.235
56 0.016 1.251
56 0.16 1.235
62 0.16 5
68 0.16 4.47
53 0.016 4.66
53 0.16 4.644
55 0.016 3.042
55 0.16 3.026
57 0.16 2.097
51 0.016 2.465
51 0.16 2.449
79 0.16 5
71 0.16 5
66 0.16 5
60 0.016 0.064
60 0.16 0.048
61 0.016 0.26
61 0.16 0.244
64 0.016 0.26
64 0.16 0.244
75 0.016 0.26
75 0.16 0.244
77 0.16 0.752
59 0.016 0.26
59 0.16 0.244
65 0.016 0.26
65 0.16 0.244
74 0.016 5
74 0.16 4.984
80 0.016 0.592
80 0.16 0.576
59 0.16 0.084
74 0.016 4.824
74 0.16 4.808
77 0.016 0.592
77 0.16 0.576
80 0.016 0.416
80 0.16 0.4
65 0.016 0.084
65 0.16 0.068
69 0.16 2.661
60 0.16 0.196
61 0.016 0.084
61 0.16 0.068
64 0.016 0.084
64 0.16 0.068
75 0.016 0.084
75 0.16 0.068
64 0.16 0
61 0.016 0
61 0.16 0
66 0.016 4.84
66 0.16 4.824
75 0.016 0
75 0.16 0
60 0.016 0.036
60 0.16 0.02
65 0.16 0
77 0.016 0.416
77 0.16 0.4
55 0.016 2.866
55 0.16 2.85
59 0.016 0
59 0.16 0
80 0.016 0.24
80 0.16 0.224
74 0.016 4.648
74 0.16 4.632
52 0.16 5
73 0.16 4.939
55 0.16 2.69
77 0.016 0.24
77 0.16 0.224
59 0.016 0
59 0.16 0
65 0.016 0
65 0.16 0
80 0.016 0.26
80 0.16 0.244
74 0.016 4.472
74 0.16 4.456
53 0.016 4.484
53 0.16 4.468
54 0.016 4.84
54 0.16 4.824
80 0.16 0.084
53 0.016 4.308
53 0.16 4.292
59 0.016 0
59 0.16 0
77 0.016 0.064
77 0.16 0.048
74 0.016 4.296
74 0.16 4.28
55 0.016 2.53
55 0.16 2.514
65 0.016 0
65 0.16 0
54 0.016 4.664
54 0.16 4.648
74 0.16 4.12
54 0.016 4.488
54 0.16 4.472
59 0.016 0
59 0.16 0
55 0.016 2.354
55 0.16 2.338
53 0.016 4.132
53 0.16 4.116
77 0.016 0
77 0.16 0
80 0.016 0
80 0.16 0
65 0.016 0
65 0.16 0
72 0.16 5
75 0.16 0
64 0.016 0
64 0.16 0
66 0.016 4.664
66 0.16 4.648
61 0.016 0
61 0.16 0
60 0.016 0
60 0.16 0
78 0.016 1.251
78 0.16 1.235
63 0.16 4.274
67 0.016 4.274
67 0.16 4.258
76 0.16 4.597
61 0.16 0
60 0.016 0
60 0.16 0
64 0.016 0
64 0.16 0
78 0.016 1.075
78 0.16 1.059
58 0.016 1.075
58 0.16 1.059
66 0.016 4.488
66 0.16 4.472
75 0.016 0
75 0.16 0
56 0.016 1.075
56 0.16 1.059
56 0.16 0.899
58 0.016 0.899
58 0.16 0.883
64 0.016 0
64 0.16 0
61 0.016 0
61 0.16 0
66 0.016 4.312
66 0.16 4.296
75 0.016 0
75 0.16 0
60 0.016 0
60 0.16 0
78 0.016 0.899
78 0.16 0.883
51 0.16 2.485
78 0.16 0.723
60 0.016 0
60 0.16 0
61 0.016 0
61 0.16 0
64 0.016 0
64 0.16 0
56 0.016 1.104
56 0.16 1.088
58 0.016 1.088
58 0.16 1.072
75 0.016 0
75 0.16 0
66 0.016 4.136
66 0.16 4.12
54 0.16 4.677
53 0.016 4.321
53 0.16 4.305
55 0.016 2.178
55 0.16 2.162
59 0.016 0
59 0.16 0
80 0.016 0
80 0.16 0
52 0.016 4.84
52 0.16 4.824
77 0.016 0.196
77 0.16 0.18
65 0.016 0
65 0.16 0
67 0.16 4.098
63 0.016 4.114
63 0.16 4.098
53 0.16 4.145
54 0.016 4.517
54 0.16 4.501
59 0.016 0
59 0.16 0
55 0.016 2.002
55 0.16 1.986
77 0.016 0.02
77 0.16 0.004
80 0.016 0
80 0.16 0
52 0.016 4.664
52 0.16 4.648
65 0.016 0
65 0.16 0
70 0.16 5
58 0.16 0.912
56 0.016 0.928
56 0.16 0.912
64 0.016 0.365
64 0.16 0.349
75 0.016 0.365
75 0.16 0.349
61 0.016 0
61 0.16 0
78 0.016 0.563
78 0.16 0.547
60 0.016 0
60 0.16 0
62 0.16 5
68 0.16 4.506
57 0.16 2.133
79 0.16 5
71 0.16 5
66 0.16 4.325
77 0.16 0
59 0.016 0.365
59 0.16 0.349
65 0.016 0.365
65 0.16 0.349
80 0.016 0
80 0.16 0
59 0.16 0.189
77 0.016 0
77 0.16 0
80 0.016 0
80 0.16 0
65 0.016 0.189
65 0.16 0.173
69 0.16 2.866
60 0.16 0.365
61 0.016 0.365
61 0.16 0.349
64 0.016 0.189
64 0.16 0.173
75 0.016 0.189
75 0.16 0.173
58 0.016 0.752
58 0.16 0.736
56 0.016 0.752
56 0.16 0.736
64 0.16 0.013
61 0.016 0.189
61 0.16 0.173
75 0.016 0.013
75 0.16 0
60 0.016 0.205
60 0.16 0.189
58 0.016 0.576
58 0.16 0.56
78 0.016 0.752
78 0.16 0.736
56 0.016 0.576
56 0.16 0.56
65 0.16 0.013
77 0.016 0
77 0.16 0
59 0.016 0.029
59 0.16 0.013
80 0.016 0
80 0.16 0
52 0.16 4.853
73 0.16 5
55 0.16 2.191
80 0.16 0.365
59 0.016 0
59 0.16 0
77 0.016 0
77 0.16 0
65 0.016 0
65 0.16 0
74 0.16 4.325
72 0.16 5
75 0.16 0
64 0.016 0
64 0.16 0
61 0.016 0.013
61 0.16 0
60 0.016 0.029
60 0.16 0.013
63 0.016 4.303
63 0.16 4.287
67 0.016 4.303
67 0.16 4.287
63 0.16 4.127
60 0.016 0
60 0.16 0
67 0.016 4.127
67 0.16 4.111
61 0.016 0
61 0.16 0
64 0.016 0
64 0.16 0
76 0.16 4.802
61 0.16 0
60 0.016 0
60 0.16 0
64 0.016 0
64 0.16 0
63 0.016 3.967
63 0.16 3.951
67 0.016 3.951
67 0.16 3.935
75 0.016 0
75 0.16 0
56 0.16 0.4
58 0.016 0.4
58 0.16 0.384
51 0.16 2.69
78 0.16 0.576
54 0.16 4.761
67 0.16 3.775
61 0.016 0
61 0.16 0
63 0.016 3.791
63 0.16 3.775
60 0.016 0
60 0.16 0
64 0.016 0.42
64 0.16 0.404
53 0.16 4.405
70 0.16 5
58 0.16 0.644
56 0.016 0.66
56 0.16 0.644
62 0.16 5
68 0.16 4.711
57 0.16 2.338
79 0.16 5
59 0.016 0
59 0.16 0
65 0.016 0.42
65 0.16 0.404
77 0.016 0.365
77 0.16 0.349
80 0.016 0.205
80 0.16 0.189
71 0.16 5
66 0.16 4.585
56 0.016 0.484
56 0.16 0.468
58 0.016 0.484
58 0.16 0.468
78 0.016 0.416
78 0.16 0.4
77 0.16 0.189
59 0.016 0.42
59 0.16 0.404
65 0.016 0.244
65 0.16 0.228
79 0.016 4.84
79 0.16 4.824
80 0.016 0.029
80 0.16 0.013
59 0.16 0.244
77 0.016 0.029
77 0.16 0.013
79 0.016 4.664
79 0.16 4.648
80 0.016 0
80 0.16 0
65 0.016 0.068
65 0.16 0.052
69 0.16 3.126
60 0.16 0.42
61 0.016 0.42
61 0.16 0.404
64 0.016 0.244
64 0.16 0.228
70 0.016 4.84
70 0.16 4.824
75 0.016 0.42
75 0.16 0.404
63 0.016 4.035
63 0.16 4.019
64 0.16 0.068
61 0.016 0.244
61 0.16 0.228
70 0.016 4.664
70 0.16 4.648
75 0.016 0.244
75 0.16 0.228
60 0.016 0.26
60 0.16 0.244
63 0.016 3.859
63 0.16 3.843
71 0.016 4.84
71 0.16 4.824
67 0.016 4.035
67 0.16 4.019
65 0.16 0
77 0.016 0
77 0.16 0
59 0.016 0.084
59 0.16 0.068
79 0.016 4.488
79 0.16 4.472
80 0.016 0
80 0.16 0
52 0.16 5
73 0.16 5
55 0.16 2.451
80 0.16 0.42
59 0.016 0
59 0.16 0
77 0.016 0
77 0.16 0
65 0.016 0
65 0.16 0
74 0.16 4.585
72 0.16 5
75 0.16 0.068
64 0.016 0
64 0.16 0
70 0.016 4.488
70 0.16 4.472
61 0.016 0.068
61 0.16 0.052
60 0.016 0.084
60 0.16 0.068
71 0.016 4.664
71 0.16 4.648
63 0.16 3.683
67 0.016 3.859
67 0.16 3.843
76 0.16 5
61 0.16 0
60 0.016 0
60 0.16 0
71 0.016 4.488
71 0.16 4.472
56 0.16 0.308
58 0.016 0.308
58 0.16 0.292
78 0.016 0.66
78 0.16 0.644
51 0.16 2.95
78 0.16 0.484
54 0.16 4.989
67 0.16 3.683
63 0.016 3.523
63 0.16 3.507
53 0.16 4.633
55 0.016 2.291
55 0.16 2.275
70 0.16 4.7
58 0.16 0.52
56 0.016 0.536
56 0.16 0.52
62 0.16 5
68 0.16 4.971
61 0.016 0.388
61 0.16 0.372
64 0.016 0.388
64 0.16 0.372
60 0.016 0
60 0.16 0
75 0.016 0.388
75 0.16 0.372
65 0.016 0.388
65 0.16 0.372
77 0.016 0.42
77 0.16 0.404
59 0.016 0
59 0.16 0
57 0.16 2.598
79 0.16 4.732
71 0.16 4.7
66 0.16 4.813
63 0.016 3.735
63 0.16 3.719
67 0.016 3.523
67 0.16 3.507
77 0.16 0.244
59 0.016 0.388
59 0.16 0.372
60 0.016 0
60 0.16 0
65 0.016 0.212
65 0.16 0.196
80 0.016 0.26
80 0.16 0.244
61 0.016 0.212
61 0.16 0.196
59 0.16 0.212
77 0.016 0.084
77 0.16 0.068
80 0.016 0.084
80 0.16 0.068
60 0.016 0
60 0.16 0
65 0.016 0.036
65 0.16 0.02
61 0.016 0.036
61 0.16 0.02
69 0.16 3.354
60 0.16 0.388
61 0.016 0
61 0.16 0
77 0.016 0
77 0.16 0
64 0.016 0.212
64 0.16 0.196
59 0.016 0.052
59 0.16 0.036
65 0.016 0
65 0.16 0
80 0.016 0
80 0.16 0
64 0.16 0.036
61 0.016 0
61 0.16 0
68 0.016 4.811
68 0.16 4.795
75 0.016 0.212
75 0.16 0.196
60 0.016 0.228
60 0.16 0.212
65 0.016 0
65 0.16 0
77 0.016 0
77 0.16 0
59 0.016 0
59 0.16 0
80 0.016 0
80 0.16 0
65 0.16 0
61 0.016 0
61 0.16 0
77 0.016 0
77 0.16 0
59 0.016 0
59 0.16 0
60 0.016 0.052
60 0.16 0.036
80 0.016 0
80 0.16 0
52 0.16 5
73 0.16 5
55 0.16 2.503
80 0.16 0.388
59 0.016 0
59 0.16 0
61 0.016 0
61 0.16 0
65 0.016 0
65 0.16 0
77 0.016 0
77 0.16 0
60 0.016 0
60 0.16 0
74 0.16 4.813
72 0.16 5
75 0.16 0.036
64 0.016 0
64 0.16 0
68 0.016 5
68 0.16 4.984
63 0.16 3.559
56 0.016 0.36
56 0.16 0.344
58 0.016 0.36
58 0.16 0.344
67 0.016 3.735
67 0.16 3.719
78 0.016 0.712
78 0.16 0.696
76 0.16 5
61 0.16 0
60 0.016 0
60 0.16 0
64 0.016 0
64 0.16 0
77 0.016 0.388
77 0.16 0.372
75 0.016 0
75 0.16 0
59 0.016 0
59 0.16 0
65 0.016 0
65 0.16 0
80 0.016 0.228
80 0.16 0.212
56 0.16 0.184
58 0.016 0.184
58 0.16 0.168
63 0.016 3.399
63 0.16 3.383
67 0.016 3.559
67 0.16 3.543
78 0.016 0.536
78 0.16 0.52
51 0.16 3.178
78 0.16 0.36
63 0.016 3.223
63 0.16 3.207
67 0.016 3.383
67 0.16 3.367
56 0.016 0.545
56 0.16 0.529
54 0.16 5
64 0.016 0
64 0.16 0
52 0.016 4.84
52 0.16 4.824
61 0.016 0
61 0.16 0
75 0.016 0
75 0.16 0
60 0.016 0
60 0.16 0
77 0.016 0.212
77 0.16 0.196
80 0.016 0.052
80 0.16 0.036
59 0.016 0
59 0.16 0
65 0.016 0
65 0.16 0
67 0.16 3.207
63 0.016 3.047
63 0.16 3.031
78 0.016 0.2
78 0.16 0.184
53 0.16 4.994
70 0.16 5
58 0.016 0.529
58 0.16 0.513
56 0.016 0.369
56 0.16 0.353
58 0.16 0.353
56 0.016 0.193
56 0.16 0.177
70 0.016 4.84
70 0.16 4.824
62 0.16 5
68 0.16 4.824
57 0.16 2.826
79 0.16 4.96
71 0.16 5
66 0.016 5
66 0.16 4.984
66 0.16 4.824
71 0.016 4.84
71 0.16 4.824
77 0.16 0.036
59 0.016 0.521
59 0.16 0.505
65 0.016 0.521
65 0.16 0.505
80 0.016 0
80 0.16 0
59 0.16 0.345
77 0.016 0
77 0.16 0
80 0.016 0
80 0.16 0
65 0.016 0.345
65 0.16 0.329
69 0.16 3.715
60 0.16 0.521
61 0.016 0.521
61 0.16 0.505
64 0.016 0.521
64 0.16 0.505
64 0.16 0.345
61 0.016 0.345
61 0.16 0.329
75 0.016 0.521
75 0.16 0.505
60 0.016 0.361
60 0.16 0.345
52 0.016 5
52 0.16 4.984
54 0.016 4.84
54 0.16 4.824
65 0.16 0.169
77 0.016 0
77 0.16 0
59 0.016 0.185
59 0.16 0.169
80 0.016 0
80 0.16 0
52 0.16 4.824
73 0.16 5
55 0.16 2.864
80 0.16 0.521
59 0.016 0.009
59 0.16 0
77 0.016 0
77 0.16 0
65 0.016 0.009
65 0.16 0
74 0.16 5
72 0.16 5
75 0.16 0.345
64 0.016 0.185
64 0.16 0.169
61 0.016 0.169
61 0.16 0.153
60 0.016 0.185
60 0.16 0.169
63 0.16 3.392
67 0.016 3.568
67 0.16 3.552
76 0.16 5
61 0.16 0
60 0.016 0.009
60 0.16 0
64 0.016 0.009
64 0.16 0
75 0.016 0.185
75 0.16 0.169
56 0.16 0.017
58 0.016 0.193
58 0.16 0.177
51 0.16 3.539
78 0.16 0.545
71 0.016 4.664
71 0.16 4.648
54 0.16 5
67 0.16 3.392
63 0.016 3.232
63 0.16 3.216
53 0.16 5
70 0.16 5
63 0.016 3.056
63 0.16 3.04
67 0.016 3.232
67 0.16 3.216
58 0.16 0.38
56 0.016 0.363
56 0.16 0.347
68 0.016 5
68 0.16 4.984
62 0.16 5
68 0.16 4.824
57 0.16 3.187
79 0.16 5
71 0.16 4.851
66 0.16 5
52 0.016 4.664
52 0.16 4.648
77 0.16 0.521
59 0.016 0.363
59 0.16 0.347
65 0.016 0.363
65 0.16 0.347
80 0.016 0.361
80 0.16 0.345
59 0.16 0.187
77 0.016 0.361
77 0.16 0.345
80 0.016 0.185
80 0.16 0.169
65 0.016 0.187
65 0.16 0.171
69 0.16 3.918
60 0.16 0.363
61 0.016 0.363
61 0.16 0.347
64 0.16 0.363
75 0.016 0.372
75 0.16 0.356
65 0.16 0.011
77 0.016 0.185
77 0.16 0.169
59 0.016 0.027
59 0.16 0.011
80 0.016 0.009
80 0.16 0
52 0.16 4.851
56 0.016 0.187
56 0.16 0.171
58 0.016 0.22
58 0.16 0.204
66 0.016 4.84
66 0.16 4.824
73 0.16 5
55 0.16 3.067
80 0.16 0.363
59 0.016 0
59 0.16 0
77 0.016 0.009
77 0.16 0
65 0.016 0
65 0.16 0
74 0.16 5
72 0.16 5
75 0.16 0.196
64 0.016 0.203
64 0.16 0.187
61 0.016 0.187
61 0.16 0.171
60 0.016 0.203
60 0.16 0.187
63 0.16 3.243
67 0.016 3.419
67 0.16 3.403
71 0.016 4.691
71 0.16 4.675
76 0.16 5
61 0.16 0.011
60 0.016 0.027
60 0.16 0.011
64 0.016 0.027
64 0.16 0.011
75 0.016 0.036
75 0.16 0.02
56 0.16 0.011
52 0.016 4.691
52 0.16 4.675
58 0.016 0.044
58 0.16 0.028
78 0.016 0.748
78 0.16 0.732
51 0.16 3.742
78 0.16 0.572
52 0.016 4.515
52 0.16 4.499
56 0.016 0.053
56 0.16 0.037
58 0.016 0.053
58 0.16 0.037
54 0.16 4.893
67 0.16 3.243
63 0.016 3.083
63 0.16 3.067
68 0.016 5
68 0.16 4.984
53 0.16 4.893
55 0.016 2.907
55 0.16 2.891
70 0.16 4.893
71 0.016 4.515
71 0.16 4.499
58 0.16 0
56 0.016 0
56 0.16 0
62 0.16 4.893
68 0.16 4.824
57 0.16 3.39
79 0.16 5
71 0.16 4.392
70 0.016 4.733
70 0.16 4.717
66 0.16 4.717
77 0.16 0.363
59 0.016 0.053
59 0.16 0.037
65 0.016 0.053
65 0.16 0.037
80 0.016 0.203
80 0.16 0.187
54 0.016 4.733
54 0.16 4.717
59 0.16 0
54 0.016 4.557
54 0.16 4.541
77 0.016 0.203
77 0.16 0.187
80 0.016 0.027
80 0.16 0.011
65 0.016 0
65 0.16 0
69 0.16 3.811
60 0.16 0.053
61 0.016 0.053
61 0.16 0.037
64 0.16 0.053
75 0.016 0.053
75 0.16 0.037
65 0.16 0
77 0.016 0.027
77 0.16 0.011
59 0.016 0
59 0.16 0
80 0.016 0
80 0.16 0
52 0.16 4.392
63 0.016 2.96
63 0.16 2.944
67 0.016 3.136
67 0.16 3.12
73 0.16 4.893
55 0.16 2.784
53 0.016 4.733
53 0.16 4.717
80 0.16 0.053
59 0.016 0
59 0.16 0
77 0.016 0
77 0.16 0
54 0.016 4.381
54 0.16 4.365
65 0.016 0
65 0.16 0
74 0.16 4.893
72 0.16 4.893
75 0.16 0
64 0.016 0
64 0.16 0
61 0.016 0
61 0.16 0
60 0.016 0
60 0.16 0
63 0.16 2.784
52 0.016 4.232
52 0.16 4.216
67 0.016 2.96
67 0.16 2.944
76 0.16 4.893
61 0.16 0
60 0.016 0
60 0.16 0
64 0.016 0
64 0.16 0
75 0.016 0
75 0.16 0
56 0.16 0
58 0.016 0
58 0.16 0
51 0.16 3.635
78 0.16 0.465
54 0.16 4.434
59 0.016 0
59 0.16 0
77 0.016 0.053
77 0.16 0.037
80 0.016 0
80 0.16 0
65 0.016 0
65 0.16 0
67 0.16 2.784
63 0.016 2.624
63 0.16 2.608
52 0.016 4.056
52 0.16 4.04
53 0.16 4.786
55 0.016 2.624
55 0.16 2.608
70 0.16 4.786
52 0.016 3.88
52 0.16 3.864
58 0.16 0.229
56 0.016 0.229
56 0.16 0.213
62 0.16 4.962
68 0.16 4.717
57 0.16 3.283
79 0.16 4.893
71 0.16 4.461
66 0.16 4.786
77 0.16 0
59 0.016 0.229
59 0.16 0.213
65 0.016 0.229
65 0.16 0.213
80 0.016 0
80 0.16 0
54 0.016 4.274
54 0.16 4.258
68 0.016 4.557
68 0.16 4.541
59 0.16 0.053
54 0.016 4.098
54 0.16 4.082
77 0.016 0
77 0.16 0
80 0.016 0
80 0.16 0
65 0.016 0.053
65 0.16 0.037
68 0.016 4.381
68 0.16 4.365
69 0.16 3.88
60 0.16 0.229
61 0.016 0.229
61 0.16 0.213
64 0.016 0.229
64 0.16 0.213
64 0.16 0.053
61 0.016 0.053
61 0.16 0.037
75 0.016 0.229
75 0.16 0.213
60 0.016 0.069
60 0.16 0.053
65 0.16 0
68 0.016 4.434
68 0.16 4.418
77 0.016 0
77 0.16 0
80 0.016 0
80 0.16 0
59 0.016 0
59 0.16 0
52 0.16 3.933
71 0.016 4.301
71 0.16 4.285
73 0.16 4.962
55 0.16 2.677
53 0.016 4.626
53 0.16 4.61
80 0.16 0.229
59 0.016 0
59 0.16 0
65 0.016 0
65 0.16 0
68 0.016 4.258
68 0.16 4.242
77 0.016 0
77 0.16 0
54 0.016 3.922
54 0.16 3.906
74 0.16 4.962
72 0.16 4.962
75 0.16 0.053
64 0.016 0
64 0.16 0
61 0.016 0
61 0.16 0
63 0.16 2.677
67 0.016 2.853
67 0.16 2.837
76 0.16 4.962
61 0.16 0
60 0.016 0
60 0.16 0
64 0.016 0
64 0.16 0
75 0.016 0
75 0.16 0
56 0.16 0.053
58 0.016 0.069
58 0.16 0.053
51 0.16 3.704
78 0.16 0.534
54 0.16 3.975
59 0.016 0
59 0.16 0
68 0.016 4.082
68 0.16 4.066
65 0.016 0
65 0.16 0
77 0.016 0.229
77 0.16 0.213
80 0.016 0.069
80 0.16 0.053
67 0.16 2.677
63 0.016 2.517
63 0.16 2.501
53 0.16 4.679
70 0.16 4.855
58 0.16 0.229
56 0.016 0.229
56 0.16 0.213
62 0.16 5
68 0.16 3.906
54 0.016 3.815
54 0.16 3.799
65 0.016 0.229
65 0.16 0.213
59 0.016 0
59 0.16 0
77 0.016 0.053
77 0.16 0.037
80 0.016 0
80 0.16 0
57 0.16 3.352
79 0.16 4.962
71 0.16 4.354
66 0.16 4.855
77 0.16 0
54 0.016 3.639
54 0.16 3.623
59 0.016 0.229
59 0.16 0.213
65 0.016 0.053
65 0.16 0.037
80 0.016 0
80 0.16 0
68 0.016 3.746
68 0.16 3.73
59 0.16 0.053
54 0.016 3.463
54 0.16 3.447
77 0.016 0
77 0.16 0
80 0.016 0
80 0.16 0
65 0.016 0
65 0.16 0
68 0.016 3.57
68 0.16 3.554
69 0.16 3.949
60 0.16 0.229
61 0.016 0.229
61 0.16 0.213
64 0.016 0.229
64 0.16 0.213
64 0.16 0.053
61 0.016 0.053
61 0.16 0.037
75 0.016 0.229
75 0.16 0.213
60 0.016 0.069
60 0.16 0.053
65 0.16 0
77 0.016 0
77 0.16 0
80 0.016 0
80 0.16 0
54 0.016 3.287
54 0.16 3.271
59 0.016 0
59 0.16 0
52 0.16 4.002
73 0.16 5
55 0.16 2.746
80 0.16 0.229
59 0.016 0
59 0.16 0
65 0.016 0
65 0.16 0
77 0.016 0
77 0.16 0
54 0.016 3.111
54 0.16 3.095
68 0.016 3.623
68 0.16 3.607
74 0.16 5
72 0.16 5
75 0.16 0.053
64 0.016 0
64 0.16 0
61 0.016 0
61 0.16 0
63 0.16 2.57
67 0.016 2.746
67 0.16 2.73
76 0.16 5
61 0.16 0
60 0.016 0
60 0.16 0
64 0.016 0
64 0.16 0
75 0.016 0
75 0.16 0
56 0.16 0.053
58 0.016 0.069
58 0.16 0.053
51 0.16 3.773
78 0.16 0.603
54 0.16 3.53
59 0.016 0
59 0.16 0
77 0.016 0.229
77 0.16 0.213
80 0.016 0.069
80 0.16 0.053
65 0.016 0
65 0.16 0
68 0.016 3.447
68 0.16 3.431
67 0.16 2.57
63 0.016 2.41
63 0.16 2.394
53 0.16 5
70 0.16 5
58 0.16 0.595
56 0.016 0.595
56 0.16 0.579
62 0.16 5
68 0.16 3.271
65 0.016 0.595
65 0.16 0.579
77 0.016 0.053
77 0.16 0.037
80 0.016 0
80 0.16 0
59 0.016 0
59 0.16 0
57 0.16 3.421
79 0.16 5
71 0.16 4.789
66 0.16 5
77 0.16 0
59 0.016 0.595
59 0.16 0.579
65 0.016 0.419
65 0.16 0.403
80 0.016 0
80 0.16 0
54 0.016 3.37
54 0.16 3.354
68 0.016 3.111
68 0.16 3.095
59 0.16 0.419
54 0.016 3.194
54 0.16 3.178
77 0.016 0
77 0.16 0
80 0.016 0
80 0.16 0
65 0.016 0.243
65 0.16 0.227
68 0.016 2.935
68 0.16 2.919
69 0.16 4.384
60 0.16 0.595
64 0.16 0.595
61 0.016 0.595
61 0.16 0.579
75 0.016 0.595
75 0.16 0.579
65 0.16 0.067
68 0.016 3.354
68 0.16 3.338
77 0.016 0
77 0.16 0
80 0.016 0
80 0.16 0
59 0.016 0.259
59 0.16 0.243
52 0.16 4.437
73 0.16 5
55 0.16 3.181
80 0.16 0.595
59 0.016 0.083
59 0.16 0.067
65 0.016 0
65 0.16 0
77 0.016 0
77 0.16 0
54 0.016 3.018
54 0.16 3.002
68 0.016 3.178
68 0.16 3.162
74 0.16 5
72 0.16 5
75 0.16 0.419
64 0.016 0.435
64 0.16 0.419
61 0.016 0.419
61 0.16 0.403
63 0.16 2.829
67 0.016 3.005
67 0.16 2.989
76 0.16 5
61 0.16 0.243
64 0.016 0.259
64 0.16 0.243
75 0.016 0.259
75 0.16 0.243
56 0.16 0.419
58 0.016 0.435
58 0.16 0.419
51 0.16 4.208
78 0.16 1.038
54 0.16 3.521
59 0.016 0
59 0.16 0
77 0.016 0.595
77 0.16 0.579
80 0.016 0.435
80 0.16 0.419
65 0.016 0
65 0.16 0
67 0.16 2.829
63 0.016 2.669
63 0.16 2.653
53 0.16 5
70 0.16 5
58 0.16 0.938
56 0.016 0.938
56 0.16 0.922
62 0.16 5
68 0.16 3.002
65 0.016 0.679
65 0.16 0.663
77 0.016 0.419
77 0.16 0.403
80 0.016 0.259
80 0.16 0.243
57 0.16 3.856
79 0.16 5
71 0.16 5
66 0.16 5
77 0.16 0.243
59 0.016 0.679
59 0.16 0.663
65 0.016 0.503
65 0.16 0.487
80 0.016 0.083
80 0.16 0.067
54 0.016 3.361
54 0.16 3.345
68 0.016 2.842
68 0.16 2.826
59 0.16 0.503
54 0.016 3.185
54 0.16 3.169
77 0.016 0.083
77 0.16 0.067
80 0.016 0
80 0.16 0
65 0.016 0.327
65 0.16 0.311
68 0.016 2.666
68 0.16 2.65
69 0.16 4.903
60 0.16 1.114
64 0.16 0.762
61 0.016 0.762
61 0.16 0.746
75 0.016 0.762
75 0.16 0.746
65 0.16 0.151
68 0.016 3.169
68 0.16 3.153
77 0.016 0
77 0.16 0
80 0.016 0
80 0.16 0
59 0.016 0.343
59 0.16 0.327
52 0.16 4.956
73 0.16 5
55 0.16 3.7
80 0.16 0.679
59 0.016 0.167
59 0.16 0.151
65 0.016 0
65 0.16 0
77 0.016 0
77 0.16 0
54 0.016 3.009
54 0.16 2.993
68 0.016 2.993
68 0.16 2.977
74 0.16 5
72 0.16 5
75 0.16 0.586
64 0.016 0.602
64 0.16 0.586
61 0.016 0.586
61 0.16 0.57
63 0.16 3.172
67 0.016 3.348
67 0.16 3.332
76 0.16 5
61 0.16 0.41
64 0.016 0.426
64 0.16 0.41
75 0.016 0.426
75 0.16 0.41
56 0.16 0.762
58 0.016 0.778
58 0.16 0.762
51 0.16 4.727
78 0.16 1.557
54 0.16 3.56
59 0.016 0
59 0.16 0
77 0.016 0.679
77 0.16 0.663
80 0.016 0.519
80 0.16 0.503
65 0.016 0
65 0.16 0
68 0.016 2.817
68 0.16 2.801
67 0.16 3.172
63 0.016 3.012
63 0.16 2.996
53 0.16 5
70 0.16 5
58 0.16 1.329
56 0.016 1.329
56 0.16 1.313
62 0.16 5
68 0.16 2.641
65 0.016 0.727
65 0.16 0.711
77 0.016 0.503
77 0.16 0.487
80 0.016 0.343
80 0.16 0.327
57 0.16 4.375
79 0.16 5
71 0.16 5
66 0.16 5
77 0.16 0.327
59 0.016 0.727
59 0.16 0.711
65 0.016 0.551
65 0.16 0.535
80 0.016 0.167
80 0.16 0.151
68 0.016 2.481
68 0.16 2.465
59 0.16 0.551
77 0.016 0.167
77 0.16 0.151
80 0.016 0
80 0.16 0
65 0.016 0.375
65 0.16 0.359
68 0.016 2.305
68 0.16 2.289
69 0.16 5
76 0.016 5
76 0.16 4.984
60 0.16 1.681
64 0.16 0.977
61 0.016 0.977
61 0.16 0.961
75 0.016 0.977
75 0.16 0.961
65 0.16 0.199
68 0.016 2.856
68 0.16 2.84
77 0.016 0
77 0.16 0
80 0.016 0
80 0.16 0
59 0.016 0.391
59 0.16 0.375
52 0.16 5
73 0.16 5
55 0.16 4.267
80 0.16 0.727
59 0.016 0.215
59 0.16 0.199
65 0.016 0.039
65 0.16 0.023
77 0.016 0
77 0.16 0
54 0.016 3.4
54 0.16 3.384
68 0.016 2.68
68 0.16 2.664
74 0.16 5
72 0.16 5
75 0.16 0.801
64 0.016 0.817
64 0.16 0.801
61 0.016 0.801
61 0.16 0.785
63 0.16 3.563
67 0.016 3.739
67 0.16 3.723
76 0.16 4.824
61 0.16 0.625
64 0.016 0.641
64 0.16 0.625
75 0.016 0.641
75 0.16 0.625
56 0.16 1.153
58 0.016 1.169
58 0.16 1.153
51 0.16 5
62 0.016 5
62 0.16 4.984
69 0.016 4.84
69 0.16 4.824
78 0.16 2.124
54 0.16 3.518
59 0.016 0.039
59 0.16 0.023
77 0.016 0.727
77 0.16 0.711
80 0.016 0.567
80 0.16 0.551
65 0.016 0
65 0.16 0
68 0.016 2.504
68 0.16 2.488
67 0.16 3.563
63 0.016 3.403
63 0.16 3.387
53 0.16 5
70 0.16 5
58 0.16 1.287
56 0.016 1.287
56 0.16 1.271
62 0.16 4.824
51 0.016 4.84
51 0.16 4.824
68 0.16 2.328
65 0.016 0.294
65 0.16 0.278
77 0.016 0.551
77 0.16 0.535
80 0.016 0.391
80 0.16 0.375
57 0.16 4.942
79 0.16 5
71 0.16 5
66 0.16 5
77 0.16 0.375
59 0.016 0.294
59 0.16 0.278
65 0.016 0.118
65 0.16 0.102
80 0.016 0.215
80 0.16 0.199
54 0.016 3.358
54 0.16 3.342
68 0.016 2.168
68 0.16 2.152
59 0.16 0.118
54 0.016 3.182
54 0.16 3.166
77 0.016 0.215
77 0.16 0.199
80 0.016 0.039
80 0.16 0.023
65 0.016 0
65 0.16 0
69 0.16 4.958
60 0.16 1.815
64 0.16 0.759
61 0.016 0.759
61 0.16 0.743
75 0.016 0.759
75 0.16 0.743
65 0.16 0
68 0.016 2.286
68 0.16 2.27
77 0.016 0.039
77 0.16 0.023
80 0.016 0
80 0.16 0
59 0.016 0
59 0.16 0
52 0.16 5
73 0.16 5
55 0.16 4.401
80 0.16 0.294
59 0.016 0
59 0.16 0
65 0.016 0
65 0.16 0
77 0.016 0
77 0.16 0
54 0.016 3.006
54 0.16 2.99
68 0.016 2.11
68 0.16 2.094
74 0.16 5
72 0.16 5
51 0.016 4.958
51 0.16 4.942
69 0.016 4.798
69 0.16 4.782
75 0.16 0.583
64 0.016 0.599
64 0.16 0.583
61 0.016 0.583
61 0.16 0.567
63 0.16 3.521
67 0.016 3.697
67 0.16 3.681
76 0.16 4.958
61 0.16 0.407
64 0.016 0.423
64 0.16 0.407
75 0.016 0.423
75 0.16 0.407
56 0.16 1.111
58 0.016 1.127
58 0.16 1.111
51 0.16 4.782
72 0.016 4.84
72 0.16 4.824
78 0.16 2.258
54 0.16 3.034
59 0.016 0
59 0.16 0
77 0.016 0.294
77 0.16 0.278
80 0.016 0.134
80 0.16 0.118
65 0.016 0
65 0.16 0
67 0.16 3.521
63 0.016 3.361
63 0.16 3.345
53 0.16 5
70 0.16 5
58 0.16 1.155
56 0.016 1.155
56 0.16 1.139
62 0.16 4.868
73 0.016 5
73 0.16 4.984
68 0.16 1.934
65 0.016 0.204
65 0.16 0.188
77 0.016 0.118
77 0.16 0.102
80 0.016 0
80 0.16 0
57 0.16 5
79 0.16 5
71 0.16 5
66 0.16 5
77 0.16 0
59 0.016 0.204
59 0.16 0.188
65 0.016 0.028
65 0.16 0.012
80 0.016 0
80 0.16 0
54 0.016 2.874
54 0.16 2.858
68 0.016 1.774
68 0.16 1.758
59 0.16 0.028
54 0.016 2.698
54 0.16 2.682
77 0.016 0
77 0.16 0
80 0.016 0
80 0.16 0
65 0.016 0
65 0.16 0
69 0.16 4.826
51 0.016 4.826
51 0.16 4.81
60 0.16 1.859
64 0.16 0.451
61 0.016 0.451
61 0.16 0.435
75 0.016 0.451
75 0.16 0.435
65 0.16 0
68 0.016 1.802
68 0.16 1.786
77 0.016 0
77 0.16 0
80 0.016 0
80 0.16 0
59 0.016 0
59 0.16 0
52 0.16 5
73 0.16 4.824
72 0.016 4.868
72 0.16 4.852
55 0.16 4.445
80 0.16 0.204
59 0.016 0
59 0.16 0
65 0.016 0
65 0.16 0
77 0.016 0
77 0.16 0
54 0.016 2.522
54 0.16 2.506
68 0.016 1.626
68 0.16 1.61
74 0.16 5
72 0.16 4.692
73 0.016 4.664
73 0.16 4.648
75 0.16 0.275
64 0.016 0.291
64 0.16 0.275
61 0.016 0.275
61 0.16 0.259
63 0.16 3.389
67 0.016 3.565
67 0.16 3.549
76 0.16 5
61 0.16 0.099
64 0.016 0.115
64 0.16 0.099
75 0.016 0.115
75 0.16 0.099
56 0.16 0.979
58 0.016 0.995
58 0.16 0.979
78 0.016 2.302
78 0.16 2.286
51 0.16 4.65
69 0.016 4.666
69 0.16 4.65
57 0.016 5
57 0.16 4.984
78 0.16 2.126
56 0.016 0.985
56 0.16 0.969
58 0.016 0.985
58 0.16 0.969
54 0.16 2.512
59 0.016 0
59 0.16 0
77 0.016 0.204
77 0.16 0.188
80 0.016 0.044
80 0.16 0.028
65 0.016 0
65 0.16 0
67 0.16 3.389
63 0.016 3.229
63 0.16 3.213
53 0.16 5
70 0.16 5
58 0.16 0.809
56 0.016 0.809
56 0.16 0.793
78 0.016 1.966
78 0.16 1.95
62 0.16 4.874
68 0.16 1.45
57 0.16 4.824
69 0.016 4.656
69 0.16 4.64
51 0.016 4.49
51 0.16 4.474
79 0.16 5
71 0.16 5
66 0.16 5
77 0.16 0.028
59 0.016 0.166
59 0.16 0.15
65 0.016 0.166
65 0.16 0.15
80 0.016 0
80 0.16 0
54 0.016 2.352
54 0.16 2.336
59 0.16 0
54 0.016 2.176
54 0.16 2.16
77 0.016 0
77 0.16 0
80 0.016 0
80 0.16 0
65 0.016 0
65 0.16 0
69 0.16 4.48
51 0.016 4.48
51 0.16 4.464
57 0.016 4.83
57 0.16 4.814
73 0.016 4.654
73 0.16 4.638
60 0.16 1.865
64 0.16 0.166
61 0.016 0.166
61 0.16 0.15
75 0.016 0.166
75 0.16 0.15
65 0.16 0
77 0.016 0
77 0.16 0
80 0.016 0
80 0.16 0
59 0.016 0
59 0.16 0
52 0.16 5
73 0.16 4.478
51 0.016 4.304
51 0.16 4.288
57 0.016 4.654
57 0.16 4.638
69 0.016 4.32
69 0.16 4.304
55 0.16 4.451
80 0.16 0.166
59 0.016 0
59 0.16 0
65 0.016 0
65 0.16 0
77 0.016 0
77 0.16 0
54 0.016 2
54 0.16 1.984
74 0.16 5
72 0.16 4.698
75 0.16 0
64 0.016 0.006
64 0.16 0
61 0.016 0
61 0.16 0
63 0.16 3.219
76 0.16 5
61 0.16 0
64 0.016 0
64 0.16 0
75 0.016 0
75 0.16 0
56 0.16 0.633
58 0.016 0.649
58 0.16 0.633
78 0.016 1.956
78 0.16 1.94
51 0.16 4.128
57 0.016 4.478
57 0.16 4.462
69 0.016 4.144
69 0.16 4.128
73 0.016 4.318
73 0.16 4.302
78 0.16 1.78
56 0.016 0.65
56 0.16 0.634
58 0.016 0.65
58 0.16 0.634
54 0.16 2.001
59 0.016 0
59 0.16 0
77 0.016 0.166
77 0.16 0.15
80 0.016 0.006
80 0.16 0
67 0.16 3.395
53 0.16 5
70 0.16 5
58 0.16 0.474
56 0.016 0.474
56 0.16 0.458
78 0.016 1.62
78 0.16 1.604
62 0.16 4.891
68 0.16 1.456
57 0.16 4.302
69 0.016 4.145
69 0.16 4.129
51 0.016 3.968
51 0.16 3.952
79 0.16 5
71 0.16 5
66 0.16 5
77 0.16 0
59 0.016 0.177
59 0.16 0.161
65 0.016 0.177
65 0.16 0.161
80 0.016 0
80 0.16 0
54 0.016 1.841
54 0.16 1.825
59 0.16 0.001
54 0.016 1.665
54 0.16 1.649
77 0.016 0
77 0.16 0
80 0.016 0
80 0.16 0
65 0.016 0.001
65 0.16 0
69 0.16 3.969
51 0.016 3.969
51 0.16 3.953
57 0.016 4.319
57 0.16 4.303
60 0.16 1.882
64 0.16 0.177
61 0.016 0.177
61 0.16 0.161
75 0.016 0.177
75 0.16 0.161
65 0.16 0
77 0.016 0
77 0.16 0
80 0.016 0
80 0.16 0
59 0.016 0
59 0.16 0
54 0.016 1.489
54 0.16 1.473
52 0.16 5
73 0.16 4.319
55 0.16 4.468
80 0.16 0.177
59 0.016 0
59 0.16 0
65 0.016 0
65 0.16 0
77 0.016 0
77 0.16 0
54 0.016 1.313
54 0.16 1.297
74 0.16 5
72 0.16 4.715
75 0.16 0.001
64 0.016 0.017
64 0.16 0.001
63 0.16 3.236
76 0.16 5
61 0.16 0.001
56 0.16 0.298
58 0.016 0.314
58 0.16 0.298
78 0.016 1.621
78 0.16 1.605
51 0.16 3.793
69 0.016 3.809
69 0.16 3.793
57 0.016 4.143
57 0.16 4.127
78 0.16 1.445
56 0.016 0.833
56 0.16 0.817
58 0.016 0.833
58 0.16 0.817
54 0.16 1.832
59 0.016 0
59 0.16 0
77 0.016 0.177
77 0.16 0.161
80 0.016 0.017
80 0.16 0.001
67 0.16 3.412
53 0.16 5
70 0.16 5
58 0.16 0.657
56 0.016 0.657
56 0.16 0.641
78 0.016 1.285
78 0.16 1.269
62 0.16 5
68 0.16 1.473
57 0.16 3.967
69 0.016 4.328
69 0.16 4.312
74 0.016 4.84
74 0.16 4.824
51 0.016 3.633
51 0.16 3.617
55 0.016 5
55 0.16 4.984
79 0.16 5
71 0.16 5
66 0.16 5
77 0.16 0.001
59 0.016 0.695
59 0.16 0.679
65 0.016 0.695
65 0.16 0.679
80 0.016 0
80 0.16 0
54 0.016 1.672
54 0.16 1.656
59 0.16 0.519
54 0.016 1.496
54 0.16 1.48
77 0.016 0
77 0.16 0
80 0.016 0
80 0.16 0
65 0.016 0.519
65 0.16 0.503
69 0.16 4.152
51 0.016 4.152
51 0.16 4.136
55 0.016 4.824
55 0.16 4.808
57 0.016 4.502
57 0.16 4.486
74 0.016 5
74 0.16 4.984
60 0.16 2.417
64 0.16 0.695
75 0.016 0.695
75 0.16 0.679
65 0.16 0.343
77 0.016 0
77 0.16 0
80 0.016 0
80 0.16 0
59 0.016 0.359
59 0.16 0.343
52 0.16 5
73 0.16 4.854
55 0.16 4.648
51 0.016 3.976
51 0.16 3.96
57 0.016 4.326
57 0.16 4.31
69 0.016 3.992
69 0.16 3.976
53 0.016 4.84
53 0.16 4.824
80 0.16 0.695
59 0.016 0.183
59 0.16 0.167
65 0.016 0.183
65 0.16 0.167
77 0.016 0
77 0.16 0
74 0.16 4.824
72 0.16 5
75 0.16 0.519
64 0.016 0.535
64 0.16 0.519
63 0.16 3.771
76 0.16 5
61 0.16 0.695
56 0.16 0.481
58 0.016 0.497
58 0.16 0.481
78 0.016 1.804
78 0.16 1.788
51 0.16 3.8
57 0.016 4.15
57 0.16 4.134
69 0.016 3.816
69 0.16 3.8
53 0.016 4.819
53 0.16 4.803
78 0.16 1.628
56 0.016 0.476
56 0.16 0.46
58 0.016 0.476
58 0.16 0.46
54 0.16 1.475
67 0.16 3.947
53 0.16 4.643
57 0.016 3.974
57 0.16 3.958
51 0.016 3.64
51 0.16 3.624
69 0.016 3.64
69 0.16 3.624
70 0.16 4.995
58 0.16 0.3
56 0.016 0.3
56 0.16 0.284
78 0.016 1.468
78 0.16 1.452
62 0.16 4.995
68 0.16 2.008
57 0.16 3.798
51 0.016 3.464
51 0.16 3.448
69 0.016 3.619
69 0.16 3.603
79 0.16 5
71 0.16 4.995
66 0.16 4.995
77 0.16 0.695
59 0.016 0.162
59 0.16 0.146
65 0.016 0.162
65 0.16 0.146
80 0.016 0.535
80 0.16 0.519
59 0.16 0
77 0.016 0.535
77 0.16 0.519
80 0.016 0.359
80 0.16 0.343
65 0.016 0
65 0.16 0
69 0.16 3.443
51 0.016 3.443
51 0.16 3.427
57 0.016 3.793
57 0.16 3.777
60 0.16 2.412
62 0.016 4.835
62 0.16 4.819
64 0.16 0.514
75 0.016 0.514
75 0.16 0.498
65 0.16 0
77 0.016 0.359
77 0.16 0.343
80 0.016 0.183
80 0.16 0.167
59 0.016 0
59 0.16 0
52 0.16 4.995
73 0.16 4.849
55 0.016 4.643
55 0.16 4.627
55 0.16 4.467
73 0.016 4.689
73 0.16 4.673
80 0.16 0.162
59 0.016 0
59 0.16 0
65 0.016 0
65 0.16 0
77 0.016 0.183
77 0.16 0.167
74 0.16 4.819
72 0.16 4.995
75 0.16 0.338
64 0.016 0.354
64 0.16 0.338
63 0.16 3.766
76 0.16 4.995
61 0.16 0.69
56 0.16 0.124
58 0.016 0.14
58 0.16 0.124
78 0.016 1.447
78 0.16 1.431
51 0.16 3.267
57 0.016 3.617
57 0.16 3.601
69 0.016 3.283
69 0.16 3.267
78 0.16 1.271
56 0.016 0.707
56 0.16 0.691
58 0.016 0.707
58 0.16 0.691
54 0.16 2.022
67 0.16 3.942
53 0.16 5
70 0.16 5
58 0.16 0.531
56 0.016 0.531
56 0.16 0.515
78 0.016 1.111
78 0.16 1.095
62 0.16 5
68 0.16 2.003
57 0.16 3.441
51 0.016 3.107
51 0.16 3.091
69 0.016 3.814
69 0.16 3.798
79 0.16 4.995
71 0.16 5
66 0.16 5
77 0.16 0.162
59 0.016 0.707
59 0.16 0.691
65 0.016 0.707
65 0.16 0.691
80 0.016 0.002
80 0.16 0
59 0.16 0.531
77 0.016 0.002
77 0.16 0
80 0.016 0
80 0.16 0
65 0.016 0.531
65 0.16 0.515
69 0.16 3.638
57 0.016 3.988
57 0.16 3.972
51 0.016 3.638
51 0.16 3.622
79 0.016 4.835
79 0.16 4.819
60 0.16 2.959
72 0.016 4.835
72 0.16 4.819
64 0.016 0.885
64 0.16 0.869
64 0.16 0.709
72 0.016 4.659
72 0.16 4.643
75 0.016 0.885
75 0.16 0.869
60 0.016 2.799
60 0.16 2.783
65 0.16 0.355
77 0.016 0
77 0.16 0
80 0.016 0
80 0.16 0
59 0.016 0.371
59 0.16 0.355
52 0.16 5
73 0.16 5
55 0.16 5
80 0.16 0.707
59 0.016 0.195
59 0.16 0.179
65 0.016 0.195
65 0.16 0.179
77 0.016 0
77 0.16 0
74 0.16 5
72 0.16 5
64 0.016 0.549
64 0.16 0.533
75 0.016 0.709
75 0.16 0.693
75 0.16 0.533
64 0.016 0.373
64 0.16 0.357
72 0.016 4.84
72 0.16 4.824
63 0.16 4.313
76 0.16 5
61 0.16 1.237
56 0.16 0.355
58 0.016 0.371
58 0.16 0.355
78 0.016 1.642
78 0.16 1.626
51 0.16 3.462
57 0.016 3.812
57 0.16 3.796
69 0.016 3.478
69 0.16 3.462
78 0.16 1.466
56 0.016 0.687
56 0.16 0.671
58 0.016 0.687
58 0.16 0.671
54 0.16 2.354
67 0.16 4.489
53 0.16 5
74 0.016 4.84
74 0.16 4.824
55 0.016 4.84
55 0.16 4.824
70 0.16 5
58 0.16 0.511
56 0.016 0.511
56 0.16 0.495
78 0.016 1.306
78 0.16 1.29
62 0.16 5
66 0.016 4.84
66 0.16 4.824
68 0.16 2.55
57 0.16 3.636
51 0.016 3.302
51 0.16 3.286
69 0.016 3.794
69 0.16 3.778
60 0.016 2.623
60 0.16 2.607
79 0.16 5
71 0.16 5
66 0.16 5
62 0.016 4.84
62 0.16 4.824
77 0.16 0.707
59 0.016 0.511
59 0.16 0.495
65 0.016 0.511
65 0.16 0.495
80 0.016 0.547
80 0.16 0.531
59 0.16 0.335
77 0.016 0.547
77 0.16 0.531
80 0.016 0.371
80 0.16 0.355
65 0.016 0.335
65 0.16 0.319
69 0.16 3.618
57 0.016 3.968
57 0.16 3.952
60 0.016 2.447
60 0.16 2.431
51 0.016 3.618
51 0.16 3.602
60 0.16 2.763
51 0.016 3.442
51 0.16 3.426
57 0.016 3.792
57 0.16 3.776
69 0.016 3.458
69 0.16 3.442
64 0.016 0.689
64 0.16 0.673
75 0.016 0.865
75 0.16 0.849
64 0.16 0.513
69 0.016 3.282
69 0.16 3.266
75 0.016 0.689
75 0.16 0.673
57 0.016 3.616
57 0.16 3.6
60 0.016 2.603
60 0.16 2.587
65 0.16 0.159
77 0.016 0.371
77 0.16 0.355
80 0.016 0.195
80 0.16 0.179
59 0.016 0.175
59 0.16 0.159
52 0.16 5
73 0.16 5
55 0.16 5
53 0.016 4.84
53 0.16 4.824
80 0.16 0.511
59 0.016 0
59 0.16 0
65 0.016 0
65 0.16 0
77 0.016 0.195
77 0.16 0.179
74 0.16 5
72 0.16 5
66 0.016 4.84
66 0.16 4.824
75 0.16 0.513
64 0.016 0.353
64 0.16 0.337
69 0.016 3.106
69 0.16 3.09
57 0.016 3.44
57 0.16 3.424
60 0.016 2.427
60 0.16 2.411
63 0.16 4.645
76 0.16 5
61 0.16 1.569
51 0.016 3.266
51 0.16 3.25
57 0.016 3.264
57 0.16 3.248
64 0.016 0.177
64 0.16 0.161
75 0.016 0.353
75 0.16 0.337
69 0.016 2.93
69 0.16 2.914
56 0.16 0.335
58 0.016 0.351
58 0.16 0.335
78 0.016 1.622
78 0.16 1.606
62 0.016 5
62 0.16 4.984
51 0.16 3.09
57 0.016 3.088
57 0.16 3.072
61 0.016 1.409
61 0.16 1.393
64 0.016 0.001
64 0.16 0
75 0.016 0.177
75 0.16 0.161
69 0.016 2.754
69 0.16 2.738
78 0.16 1.446
56 0.016 0.874
56 0.16 0.858
62 0.016 4.824
62 0.16 4.808
58 0.016 0.874
58 0.16 0.858
54 0.16 2.893
67 0.16 4.821
53 0.16 5
70 0.16 5
58 0.16 0.698
56 0.016 0.698
56 0.16 0.682
72 0.016 4.84
72 0.16 4.824
78 0.016 1.286
78 0.16 1.27
66 0.016 4.664
66 0.16 4.648
62 0.16 4.648
68 0.16 2.882
57 0.16 2.912
51 0.016 2.93
51 0.16 2.914
75 0.016 0.7
75 0.16 0.684
64 0.016 0.699
64 0.16 0.683
79 0.16 5
71 0.16 5
66 0.16 5
77 0.16 0.511
59 0.016 0.699
59 0.16 0.683
65 0.016 0.699
65 0.16 0.683
80 0.016 0.351
80 0.16 0.335
59 0.16 0.523
77 0.016 0.351
77 0.16 0.335
80 0.016 0.175
80 0.16 0.159
65 0.016 0.523
65 0.16 0.507
69 0.16 3.277
60 0.16 2.95
64 0.16 0.523
73 0.016 5
73 0.16 4.984
75 0.016 0.524
75 0.16 0.508
65 0.16 0.347
77 0.016 0.175
77 0.16 0.159
80 0.016 0
80 0.16 0
59 0.016 0.363
59 0.16 0.347
52 0.16 5
73 0.16 4.824
64 0.016 0.363
64 0.16 0.347
75 0.016 0.348
75 0.16 0.332
55 0.16 5
80 0.16 0.699
59 0.016 0.187
59 0.16 0.171
65 0.016 0.187
65 0.16 0.171
77 0.016 0
77 0.16 0
74 0.16 5
72 0.16 5
75 0.16 0.172
64 0.016 0.187
64 0.16 0.171
73 0.016 4.664
73 0.16 4.648
63 0.16 5
62 0.016 4.488
62 0.16 4.472
67 0.016 5
67 0.16 4.984
76 0.16 5
61 0.16 1.932
56 0.16 0.522
58 0.016 0.538
58 0.16 0.522
78 0.016 1.809
78 0.16 1.793
51 0.16 3.453
66 0.016 4.84
66 0.16 4.824
69 0.016 3.117
69 0.16 3.101
78 0.16 1.633
56 0.016 0.58
56 0.16 0.564
58 0.016 0.58
58 0.16 0.564
54 0.16 2.951
67 0.16 4.824
53 0.16 5
70 0.16 5
58 0.16 0.404
56 0.016 0.404
56 0.16 0.388
69 0.016 2.941
69 0.16 2.925
78 0.016 1.473
78 0.16 1.457
62 0.16 4.53
68 0.16 3.421
57 0.16 3.451
79 0.16 5
71 0.16 5
62 0.016 4.37
62 0.16 4.354
66 0.16 4.882
77 0.16 0.699
59 0.016 0.229
59 0.16 0.213
65 0.016 0.229
65 0.16 0.213
80 0.016 0.539
80 0.16 0.523
59 0.16 0.053
77 0.016 0.539
77 0.16 0.523
80 0.016 0.363
80 0.16 0.347
65 0.016 0.053
65 0.16 0.037
76 0.016 5
76 0.16 4.984
69 0.16 2.983
56 0.016 0.228
56 0.16 0.212
58 0.016 0.244
58 0.16 0.228
78 0.016 1.515
78 0.16 1.499
51 0.016 3.511
51 0.16 3.495
57 0.016 3.509
57 0.16 3.493
60 0.16 3.008
64 0.16 0.229
75 0.016 0.23
75 0.16 0.214
65 0.16 0
76 0.016 4.824
76 0.16 4.808
77 0.016 0.363
77 0.16 0.347
80 0.016 0.187
80 0.16 0.171
59 0.016 0
59 0.16 0
52 0.16 5
73 0.16 4.706
55 0.16 5
80 0.16 0.229
59 0.016 0
59 0.16 0
65 0.016 0
65 0.16 0
77 0.016 0.187
77 0.16 0.171
76 0.016 4.648
76 0.16 4.632
74 0.16 5
72 0.16 5
70 0.016 4.84
70 0.16 4.824
75 0.16 0.054
64 0.016 0.069
64 0.16 0.053
63 0.16 5
76 0.16 4.472
77 0.016 0.229
77 0.16 0.213
80 0.016 0.069
80 0.16 0.053
59 0.016 0
59 0.16 0
65 0.016 0
65 0.16 0
61 0.16 1.99
56 0.16 0.052
58 0.016 0.068
58 0.16 0.052
78 0.016 1.339
78 0.16 1.323
51 0.16 3.335
78 0.16 1.163
56 0.016 0.634
56 0.16 0.618
58 0.016 0.634
58 0.16 0.618
54 0.16 3.425
67 0.16 4.882
53 0.16 5
70 0.16 5
58 0.16 0.458
56 0.016 0.458
56 0.16 0.442
73 0.016 5
73 0.16 4.984
78 0.016 1.003
78 0.16 0.987
62 0.16 4.828
68 0.16 3.479
57 0.16 3.333
79 0.16 5
71 0.16 5
66 0.16 5
77 0.16 0.053
59 0.016 0.634
59 0.16 0.618
65 0.016 0.634
65 0.16 0.618
80 0.016 0
80 0.16 0
59 0.16 0.458
77 0.016 0
77 0.16 0
80 0.016 0
80 0.16 0
65 0.016 0.458
65 0.16 0.442
69 0.16 3.457
63 0.016 5
63 0.16 4.984
60 0.16 3.482
64 0.16 0.634
55 0.016 5
55 0.16 4.984
75 0.016 0.634
75 0.16 0.618
74 0.016 5
74 0.16 4.984
65 0.16 0.282
77 0.016 0
77 0.16 0
80 0.016 0
80 0.16 0
59 0.016 0.298
59 0.16 0.282
52 0.16 5
62 0.016 4.668
62 0.16 4.652
73 0.16 4.824
55 0.16 4.824
64 0.016 0.474
64 0.16 0.458
75 0.016 0.458
75 0.16 0.442
53 0.016 4.84
53 0.16 4.824
74 0.016 4.824
74 0.16 4.808
80 0.16 0.634
59 0.016 0.122
59 0.16 0.106
65 0.016 0.122
65 0.16 0.106
77 0.016 0
77 0.16 0
74 0.16 4.648
75 0.016 0.282
75 0.16 0.266
55 0.016 4.664
55 0.16 4.648
64 0.016 0.298
64 0.16 0.282
53 0.016 4.664
53 0.16 4.648
72 0.16 5
75 0.16 0.106
55 0.016 4.488
55 0.16 4.472
64 0.016 0.122
64 0.16 0.106
53 0.016 4.488
53 0.16 4.472
63 0.16 4.824
76 0.16 4.946
61 0.16 2.464
56 0.16 0.282
58 0.016 0.298
58 0.16 0.282
78 0.016 1.461
78 0.16 1.445
51 0.16 3.809
78 0.16 1.285
56 0.016 0.417
56 0.16 0.401
58 0.016 0.417
58 0.16 0.401
54 0.16 3.56
67 0.16 5
53 0.16 4.607
75 0.016 0.295
75 0.16 0.279
64 0.016 0.295
64 0.16 0.279
70 0.16 5
57 0.016 3.807
57 0.16 3.791
58 0.16 0.241
56 0.016 0.241
56 0.16 0.225
78 0.016 1.125
78 0.16 1.109
62 0.16 4.787
68 0.16 3.953
57 0.16 3.631
79 0.16 5
71 0.16 5
51 0.016 3.944
51 0.16 3.928
66 0.16 5
77 0.16 0.634
59 0.016 0.295
59 0.16 0.279
65 0.016 0.295
65 0.16 0.279
80 0.016 0.474
80 0.16 0.458
59 0.16 0.119
77 0.016 0.474
77 0.16 0.458
80 0.016 0.298
80 0.16 0.282
65 0.016 0.119
65 0.16 0.103
69 0.16 3.592
68 0.016 3.793
68 0.16 3.777
60 0.16 3.617
64 0.16 0.119
75 0.016 0.119
75 0.16 0.103
65 0.16 0
77 0.016 0.298
77 0.16 0.282
80 0.016 0.122
80 0.16 0.106
59 0.016 0
59 0.16 0
52 0.16 5
72 0.016 5
72 0.16 4.984
73 0.16 4.959
70 0.016 4.84
70 0.16 4.824
55 0.16 4.607
66 0.016 4.84
66 0.16 4.824
80 0.16 0.295
59 0.016 0
59 0.16 0
65 0.016 0
65 0.16 0
77 0.016 0.122
77 0.16 0.106
74 0.16 4.783
72 0.16 4.824
75 0.16 0
64 0.016 0
64 0.16 0
63 0.16 4.959
76 0.16 5
61 0.16 2.599
56 0.16 0.065
58 0.016 0.081
58 0.16 0.065
51 0.16 3.768
78 0.16 1.244
54 0.16 3.674
67 0.16 5
53 0.16 4.721
70 0.16 4.938
58 0.16 0.274
55 0.016 4.447
55 0.16 4.431
56 0.016 0.274
56 0.16 0.258
78 0.016 1.084
78 0.16 1.068
62 0.16 4.901
68 0.16 3.912
57 0.16 3.766
51 0.016 3.608
51 0.16 3.592
54 0.016 3.514
54 0.16 3.498
59 0.016 0
59 0.16 0
77 0.016 0.295
77 0.16 0.279
80 0.016 0.135
80 0.16 0.119
69 0.016 3.706
69 0.16 3.69
65 0.016 0.274
65 0.16 0.258
52 0.016 4.84
52 0.16 4.824
79 0.16 5
61 0.016 2.713
61 0.16 2.697
71 0.16 5
66 0.16 4.938
77 0.16 0.119
57 0.016 3.88
57 0.16 3.864
59 0.016 0.274
59 0.16 0.258
65 0.016 0.098
65 0.16 0.082
80 0.016 0
80 0.16 0
51 0.016 3.706
51 0.16 3.69
54 0.016 3.338
54 0.16 3.322
69 0.016 3.53
69 0.16 3.514
52 0.016 4.664
52 0.16 4.648
59 0.16 0.098
57 0.016 3.704
57 0.16 3.688
77 0.016 0
77 0.16 0
80 0.016 0
80 0.16 0
51 0.016 3.53
51 0.16 3.514
54 0.016 3.162
54 0.16 3.146
65 0.016 0
65 0.16 0
52 0.016 4.762
52 0.16 4.746
69 0.016 3.354
69 0.16 3.338
69 0.16 3.178
52 0.016 4.586
52 0.16 4.57
54 0.016 2.986
54 0.16 2.97
51 0.016 3.354
51 0.16 3.338
57 0.016 3.528
57 0.16 3.512
60 0.16 3.731
64 0.16 0.274
75 0.016 0.274
75 0.16 0.258
65 0.16 0
77 0.016 0
77 0.16 0
80 0.016 0
80 0.16 0
59 0.016 0
59 0.16 0
52 0.16 4.41
51 0.016 3.178
51 0.16 3.162
57 0.016 3.352
57 0.16 3.336
54 0.016 2.81
54 0.16 2.794
73 0.16 5
68 0.016 4.026
68 0.16 4.01
55 0.16 4.545
80 0.16 0.274
59 0.016 0
59 0.16 0
65 0.016 0
65 0.16 0
77 0.016 0
77 0.16 0
74 0.16 4.897
72 0.16 4.938
75 0.16 0.098
64 0.016 0.114
64 0.16 0.098
61 0.016 2.537
61 0.16 2.521
63 0.16 5
76 0.16 5
61 0.16 2.361
64 0.016 0
64 0.16 0
75 0.016 0
75 0.16 0
56 0.16 0.098
58 0.016 0.114
58 0.16 0.098
51 0.16 3.002
57 0.016 3.176
57 0.16 3.16
78 0.16 1.182
54 0.16 3.2
67 0.16 5
53 0.16 5
70 0.16 5
58 0.16 0.566
56 0.016 0.566
56 0.16 0.55
62 0.16 5
68 0.16 3.85
57 0.16 3
51 0.016 2.842
51 0.16 2.826
79 0.16 5
71 0.16 5
66 0.16 5
77 0.16 0.274
59 0.016 0.566
59 0.16 0.55
65 0.016 0.566
65 0.16 0.55
80 0.016 0.114
80 0.16 0.098
59 0.16 0.39
77 0.016 0.114
77 0.16 0.098
80 0.016 0
80 0.16 0
65 0.016 0.39
65 0.16 0.374
69 0.16 3.584
60 0.16 4.137
61 0.016 2.767
61 0.16 2.751
64 0.016 0.566
64 0.16 0.55
75 0.016 0.566
75 0.16 0.55
64 0.16 0.39
60 0.016 3.977
60 0.16 3.961
61 0.016 2.591
61 0.16 2.575
75 0.016 0.39
75 0.16 0.374
65 0.16 0.214
77 0.016 0
77 0.16 0
80 0.016 0
80 0.16 0
59 0.016 0.23
59 0.16 0.214
52 0.16 4.816
73 0.16 5
55 0.16 4.951
70 0.016 4.84
70 0.16 4.824
80 0.16 0.566
59 0.016 0.054
59 0.16 0.038
65 0.016 0.054
65 0.16 0.038
77 0.016 0
77 0.16 0
74 0.16 5
72 0.16 5
75 0.16 0.214
60 0.016 3.801
60 0.16 3.785
61 0.016 2.415
61 0.16 2.399
64 0.016 0.23
64 0.16 0.214
63 0.16 5
67 0.016 5
67 0.16 4.984
76 0.16 5
61 0.16 2.239
64 0.016 0.054
64 0.16 0.038
75 0.016 0.054
75 0.16 0.038
56 0.16 0.39
58 0.016 0.406
58 0.16 0.39
51 0.16 3.232
57 0.016 3.406
57 0.16 3.39
78 0.16 1.588
54 0.16 3.177
67 0.16 4.824
63 0.016 4.84
63 0.16 4.824
53 0.16 4.977
70 0.16 4.801
58 0.16 0.367
56 0.016 0.367
56 0.16 0.351
62 0.16 4.977
68 0.16 4.256
55 0.016 4.928
55 0.16 4.912
74 0.016 4.84
74 0.16 4.824
57 0.16 3.23
51 0.016 3.072
51 0.16 3.056
79 0.16 5
71 0.16 4.977
66 0.16 4.977
77 0.16 0.566
59 0.016 0.137
59 0.16 0.121
65 0.016 0.137
65 0.16 0.121
80 0.016 0.406
80 0.16 0.39
74 0.016 4.801
74 0.16 4.785
68 0.016 4.096
68 0.16 4.08
55 0.016 4.752
55 0.16 4.736
59 0.16 0
77 0.016 0.406
77 0.16 0.39
80 0.016 0.23
80 0.16 0.214
65 0.016 0
65 0.16 0
74 0.016 4.625
74 0.16 4.609
68 0.016 3.92
68 0.16 3.904
53 0.016 4.817
53 0.16 4.801
55 0.016 4.576
55 0.16 4.56
69 0.16 3.561
60 0.16 3.762
66 0.016 4.817
66 0.16 4.801
64 0.16 0.137
61 0.016 2.216
61 0.16 2.2
75 0.016 0.137
75 0.16 0.121
65 0.16 0
55 0.016 4.4
55 0.16 4.384
77 0.016 0.23
77 0.16 0.214
80 0.016 0.054
80 0.16 0.038
68 0.016 3.881
68 0.16 3.865
59 0.016 0
59 0.16 0
74 0.016 4.449
74 0.16 4.433
53 0.016 4.641
53 0.16 4.625
52 0.16 4.793
73 0.16 4.977
55 0.16 4.224
65 0.016 0
65 0.16 0
77 0.016 0.054
77 0.16 0.038
80 0.016 0.137
80 0.16 0.121
59 0.016 0
59 0.16 0
74 0.016 4.273
74 0.16 4.257
80 0.16 0
55 0.016 4.064
55 0.16 4.048
59 0.016 0
59 0.16 0
65 0.016 0
65 0.16 0
74 0.016 4.097
74 0.16 4.081
77 0.016 0
77 0.16 0
74 0.16 3.921
59 0.016 0
59 0.16 0
77 0.016 0
77 0.16 0
80 0.016 0
80 0.16 0
55 0.016 3.888
55 0.16 3.872
65 0.016 0
65 0.16 0
72 0.16 4.977
75 0.16 0
64 0.016 0
64 0.16 0
61 0.016 2.04
61 0.16 2.024
63 0.16 4.801
67 0.016 4.801
67 0.16 4.785
76 0.16 4.977
61 0.16 1.864
64 0.016 0
64 0.16 0
66 0.016 4.641
66 0.16 4.625
75 0.016 0
75 0.16 0
56 0.16 0.191
58 0.016 0.207
58 0.16 0.191
51 0.16 3.033
57 0.016 3.207
57 0.16 3.191
78 0.16 1.565
60 0.016 3.602
60 0.16 3.586
54 0.16 3.057
55 0.016 3.712
55 0.16 3.696
74 0.016 3.761
74 0.16 3.745
59 0.016 0
59 0.16 0
77 0.016 0.137
77 0.16 0.121
53 0.016 4.505
53 0.16 4.489
65 0.016 0
65 0.16 0
80 0.016 0
80 0.16 0
67 0.16 4.625
63 0.016 4.641
63 0.16 4.625
53 0.16 4.329
59 0.016 0
59 0.16 0
80 0.016 0
80 0.16 0
65 0.016 0
65 0.16 0
77 0.016 0
77 0.16 0
70 0.16 4.681
58 0.16 0.071
56 0.016 0.071
56 0.16 0.055
62 0.16 4.857
68 0.16 3.705
57 0.16 3.031
51 0.016 2.873
51 0.16 2.857
79 0.16 4.977
71 0.16 4.857
66 0.16 4.505
77 0.16 0
59 0.016 0.04
59 0.16 0.024
65 0.016 0.04
65 0.16 0.024
80 0.016 0
80 0.16 0
59 0.16 0
77 0.016 0
77 0.16 0
80 0.016 0
80 0.16 0
65 0.016 0
65 0.16 0
69 0.16 3.441
60 0.16 3.466
64 0.16 0.04
58 0.016 0
58 0.16 0
61 0.016 1.744
61 0.16 1.728
75 0.016 0.04
75 0.16 0.024
78 0.016 1.445
78 0.16 1.429
56 0.016 0
56 0.16 0
65 0.16 0
77 0.016 0
77 0.16 0
80 0.016 0
80 0.16 0
59 0.016 0
59 0.16 0
52 0.16 4.673
73 0.16 4.857
55 0.16 3.576
80 0.16 0.04
59 0.016 0
59 0.16 0
65 0.016 0
65 0.16 0
77 0.016 0
77 0.16 0
74 0.16 3.625
72 0.16 4.857
75 0.16 0
58 0.016 0
58 0.16 0
64 0.016 0
64 0.16 0
78 0.016 1.269
78 0.16 1.253
56 0.016 0
56 0.16 0
61 0.016 1.568
61 0.16 1.552
63 0.16 4.505
67 0.016 4.505
67 0.16 4.489
76 0.16 4.857
61 0.16 1.392
64 0.016 0
64 0.16 0
75 0.016 0
75 0.16 0
56 0.16 0
58 0.016 0
58 0.16 0
51 0.16 2.737
78 0.16 1.093
54 0.16 3.596
67 0.16 4.329
60 0.016 3.306
60 0.16 3.29
63 0.016 4.345
63 0.16 4.329
53 0.16 4.868
70 0.16 5
58 0.16 0.699
56 0.016 0.699
56 0.16 0.683
62 0.16 5
68 0.16 3.585
79 0.016 4.857
79 0.16 4.841
65 0.016 0.699
65 0.16 0.683
77 0.016 0.04
77 0.16 0.024
80 0.016 0
80 0.16 0
59 0.016 0
59 0.16 0
57 0.16 2.911
79 0.16 4.681
65 0.016 0.523
65 0.16 0.507
68 0.016 3.425
68 0.16 3.409
77 0.016 0
77 0.16 0
80 0.016 0
80 0.16 0
59 0.016 0
59 0.16 0
71 0.16 5
66 0.16 5
77 0.16 0
59 0.016 0.699
59 0.16 0.683
65 0.016 0.347
65 0.16 0.331
80 0.016 0
80 0.16 0
79 0.016 4.521
79 0.16 4.505
68 0.016 3.249
68 0.16 3.233
59 0.16 0.523
77 0.016 0
77 0.16 0
80 0.016 0
80 0.16 0
65 0.016 0.171
65 0.16 0.155
79 0.016 4.345
79 0.16 4.329
68 0.016 3.073
68 0.16 3.057
69 0.16 3.98
60 0.16 3.829
70 0.016 4.84
70 0.16 4.824
64 0.16 0.699
61 0.016 1.931
61 0.16 1.915
63 0.016 4.868
63 0.16 4.852
67 0.016 4.868
67 0.16 4.852
75 0.016 0.699
75 0.16 0.683
65 0.16 0
77 0.016 0
77 0.16 0
79 0.016 4.169
79 0.16 4.153
80 0.016 0
80 0.16 0
59 0.016 0.363
59 0.16 0.347
52 0.16 5
73 0.16 5
55 0.16 4.115
80 0.16 0.699
59 0.016 0.187
59 0.16 0.171
65 0.016 0
65 0.16 0
77 0.016 0
77 0.16 0
79 0.016 3.993
79 0.16 3.977
74 0.16 4.164
72 0.16 5
75 0.16 0.523
64 0.016 0.539
64 0.16 0.523
61 0.016 1.755
61 0.16 1.739
70 0.016 4.664
70 0.16 4.648
60 0.016 3.669
60 0.16 3.653
71 0.016 4.84
71 0.16 4.824
63 0.16 4.692
67 0.016 4.692
67 0.16 4.676
76 0.16 5
61 0.16 1.579
64 0.016 0.363
64 0.16 0.347
70 0.016 5
70 0.16 4.984
75 0.016 0.363
75 0.16 0.347
56 0.16 0.523
58 0.016 0.539
58 0.16 0.523
51 0.16 3.276
78 0.16 1.632
54 0.16 4.124
79 0.016 4.516
79 0.16 4.5
67 0.16 4.516
63 0.016 4.532
63 0.16 4.516
53 0.16 5
70 0.16 4.824
64 0.016 0.875
64 0.16 0.859
75 0.016 0.875
75 0.16 0.859
61 0.016 1.419
61 0.16 1.403
71 0.016 4.664
71 0.16 4.648
60 0.016 3.493
60 0.16 3.477
58 0.16 1.051
56 0.016 1.051
56 0.16 1.035
78 0.016 1.472
78 0.16 1.456
62 0.16 5
68 0.16 3.596
57 0.16 3.45
79 0.16 4.34
71 0.16 5
64 0.016 0.699
64 0.16 0.683
61 0.016 1.931
61 0.16 1.915
75 0.016 0.699
75 0.16 0.683
68 0.016 3.436
68 0.16 3.42
66 0.16 5
77 0.16 0.699
59 0.016 0.699
59 0.16 0.683
65 0.016 0.688
65 0.16 0.672
80 0.016 0.539
80 0.16 0.523
60 0.016 3.317
60 0.16 3.301
59 0.16 0.523
77 0.016 0.539
77 0.16 0.523
80 0.016 0.363
80 0.16 0.347
65 0.016 0.512
65 0.16 0.496
60 0.016 3.141
60 0.16 3.125
69 0.16 4.508
60 0.16 3.653
65 0.016 0.336
65 0.16 0.32
77 0.016 0.363
77 0.16 0.347
80 0.016 0.187
80 0.16 0.171
59 0.016 0.363
59 0.16 0.347
64 0.16 0.523
61 0.016 1.755
61 0.16 1.739
68 0.016 3.26
68 0.16 3.244
75 0.016 0.523
75 0.16 0.507
65 0.16 0.16
60 0.016 3.493
60 0.16 3.477
77 0.016 0.187
77 0.16 0.171
80 0.016 0.011
80 0.16 0
59 0.016 0.187
59 0.16 0.171
52 0.16 5
73 0.16 5
55 0.16 4.643
80 0.16 0.688
59 0.016 0.011
59 0.16 0
65 0.016 0
65 0.16 0
77 0.016 0.011
77 0.16 0
61 0.016 1.579
61 0.16 1.563
60 0.016 3.317
60 0.16 3.301
64 0.016 0.363
64 0.16 0.347
68 0.016 3.772
68 0.16 3.756
75 0.016 0.347
75 0.16 0.331
74 0.16 4.692
72 0.16 5
75 0.16 0.171
64 0.016 0.187
64 0.16 0.171
68 0.016 3.596
68 0.16 3.58
65 0.016 0
65 0.16 0
61 0.016 1.403
61 0.16 1.387
77 0.016 0
77 0.16 0
80 0.016 0.528
80 0.16 0.512
60 0.016 3.141
60 0.16 3.125
59 0.016 0
59 0.16 0
63 0.16 5
66 0.016 4.84
66 0.16 4.824
67 0.016 5
67 0.16 4.984
76 0.16 5
61 0.16 1.227
64 0.016 0.011
64 0.16 0
65 0.016 0
65 0.16 0
77 0.016 0.688
77 0.16 0.672
80 0.016 0.352
80 0.16 0.336
75 0.016 0.011
75 0.16 0
59 0.016 0
59 0.16 0
68 0.016 3.42
68 0.16 3.404
56 0.16 0.875
58 0.016 0.891
58 0.16 0.875
63 0.016 4.84
63 0.16 4.824
67 0.016 4.824
67 0.16 4.808
51 0.16 3.804
78 0.16 1.984
63 0.016 4.664
63 0.16 4.648
67 0.016 4.648
67 0.16 4.632
56 0.016 1.092
56 0.16 1.076
58 0.016 1.092
58 0.16 1.076
54 0.16 4.341
60 0.016 2.965
60 0.16 2.949
52 0.016 4.84
52 0.16 4.824
67 0.16 4.472
56 0.016 0.916
56 0.16 0.9
58 0.016 0.916
58 0.16 0.9
63 0.016 4.488
63 0.16 4.472
78 0.016 1.824
78 0.16 1.808
53 0.16 5
70 0.16 5
66 0.016 4.664
66 0.16 4.648
58 0.16 0.74
56 0.016 0.74
56 0.16 0.724
63 0.016 4.312
63 0.16 4.296
67 0.016 4.312
67 0.16 4.296
78 0.016 1.648
78 0.16 1.632
62 0.16 5
68 0.16 3.244
57 0.16 3.978
51 0.016 3.644
51 0.16 3.628
79 0.16 4.868
71 0.16 5
66 0.016 4.865
66 0.16 4.849
66 0.16 4.689
71 0.016 4.84
71 0.16 4.824
77 0.16 0.512
59 0.016 0.377
59 0.16 0.361
65 0.016 0.377
65 0.16 0.361
75 0.016 0.377
75 0.16 0.361
80 0.016 0.176
80 0.16 0.16
54 0.016 4.181
54 0.16 4.165
64 0.016 0.377
64 0.16 0.361
52 0.016 4.664
52 0.16 4.648
61 0.016 1.444
61 0.16 1.428
59 0.16 0.201
75 0.016 0.201
75 0.16 0.185
77 0.016 0.352
77 0.16 0.336
80 0.016 0
80 0.16 0
54 0.016 4.005
54 0.16 3.989
65 0.016 0.201
65 0.16 0.185
61 0.016 1.268
61 0.16 1.252
64 0.016 0.201
64 0.16 0.185
52 0.016 4.865
52 0.16 4.849
69 0.16 4.725
60 0.16 3.166
64 0.16 0.025
52 0.016 4.689
52 0.16 4.673
54 0.016 3.829
54 0.16 3.813
61 0.016 1.092
61 0.16 1.076
75 0.016 0.025
75 0.16 0.009
59 0.016 0.041
59 0.16 0.025
77 0.016 0.176
77 0.16 0.16
80 0.016 0
80 0.16 0
65 0.016 0.025
65 0.16 0.009
65 0.16 0
77 0.016 0
77 0.16 0
80 0.016 0
80 0.16 0
59 0.016 0
59 0.16 0
52 0.16 4.513
64 0.016 0
64 0.16 0
61 0.016 0.916
61 0.16 0.9
75 0.016 0
75 0.16 0
54 0.016 3.653
54 0.16 3.637
73 0.16 5
55 0.16 4.86
80 0.16 0.377
59 0.016 0
59 0.16 0
65 0.016 0
65 0.16 0
77 0.016 0
77 0.16 0
74 0.16 4.909
72 0.16 5
75 0.16 0
54 0.016 3.477
54 0.16 3.461
63 0.16 4.513
67 0.016 4.513
67 0.16 4.497
76 0.16 5
61 0.16 0.74
64 0.016 0
64 0.16 0
56 0.16 0.564
58 0.016 0.58
58 0.16 0.564
71 0.016 4.664
71 0.16 4.648
78 0.016 1.849
78 0.16 1.833
51 0.16 3.845
57 0.016 4.195
57 0.16 4.179
78 0.16 1.673
71 0.016 4.488
71 0.16 4.472
56 0.016 0.677
56 0.16 0.661
58 0.016 0.677
58 0.16 0.661
54 0.16 3.574
67 0.16 4.337
63 0.016 4.353
63 0.16 4.337
53 0.16 5
70 0.16 5
58 0.16 0.501
56 0.016 0.501
56 0.16 0.485
68 0.016 3.461
68 0.16 3.445
62 0.16 5
68 0.16 3.285
58 0.016 0.341
58 0.16 0.325
56 0.016 0.325
56 0.16 0.309
57 0.16 4.019
51 0.016 3.685
51 0.16 3.669
79 0.16 5
71 0.16 4.585
66 0.16 4.802
77 0.16 0.377
59 0.016 0.273
59 0.16 0.257
65 0.016 0.273
65 0.16 0.257
80 0.016 0.217
80 0.16 0.201
58 0.016 0.165
58 0.16 0.149
56 0.016 0.149
56 0.16 0.133
68 0.016 3.125
68 0.16 3.109
59 0.16 0.097
77 0.016 0.217
77 0.16 0.201
80 0.016 0.041
80 0.16 0.025
65 0.016 0.097
65 0.16 0.081
58 0.016 0
58 0.16 0
56 0.016 0
56 0.16 0
68 0.016 2.949
68 0.16 2.933
69 0.16 4.838
60 0.16 3.279
64 0.16 0.273
61 0.016 0.853
61 0.16 0.837
65 0.16 0
58 0.016 0
58 0.16 0
77 0.016 0.041
77 0.16 0.025
78 0.016 1.786
78 0.16 1.77
80 0.016 0
80 0.16 0
56 0.016 0
56 0.16 0
59 0.016 0
59 0.16 0
52 0.16 4.626
66 0.016 4.642
66 0.16 4.626
73 0.16 5
55 0.16 4.973
80 0.16 0.273
59 0.016 0
59 0.16 0
65 0.016 0
65 0.16 0
77 0.016 0
77 0.16 0
78 0.016 1.61
78 0.16 1.594
58 0.016 0
58 0.16 0
56 0.016 0
56 0.16 0
74 0.16 5
72 0.16 5
75 0.16 0.273
63 0.16 4.45
67 0.016 4.45
67 0.16 4.434
70 0.016 4.84
70 0.16 4.824
71 0.016 4.425
71 0.16 4.409
76 0.16 5
61 0.16 0.677
64 0.016 0.113
64 0.16 0.097
56 0.16 0
58 0.016 0
58 0.16 0
54 0.016 3.75
54 0.16 3.734
51 0.16 3.782
57 0.016 4.132
57 0.16 4.116
78 0.16 1.434
52 0.016 4.466
52 0.16 4.45
56 0.016 0.336
56 0.16 0.32
58 0.016 0.336
58 0.16 0.32
54 0.016 3.574
54 0.16 3.558
54 0.16 3.398
58 0.016 0.16
58 0.16 0.144
56 0.016 0.16
56 0.16 0.144
52 0.016 4.29
52 0.16 4.274
78 0.016 1.274
78 0.16 1.258
67 0.16 4.274
63 0.016 4.29
63 0.16 4.274
71 0.016 4.249
71 0.16 4.233
53 0.16 5
70 0.16 5
58 0.16 0
54 0.016 3.238
54 0.16 3.222
56 0.016 0
56 0.16 0
78 0.016 1.098
78 0.16 1.082
52 0.016 4.114
52 0.16 4.098
62 0.16 5
68 0.16 3.046
57 0.16 3.956
51 0.016 3.622
51 0.16 3.606
79 0.16 5
71 0.16 4.409
70 0.016 4.84
70 0.16 4.824
66 0.16 4.802
77 0.16 0.273
59 0.016 0.336
59 0.16 0.32
65 0.016 0.336
65 0.16 0.32
80 0.016 0.113
80 0.16 0.097
59 0.16 0.16
77 0.016 0.113
77 0.16 0.097
80 0.016 0
80 0.16 0
65 0.016 0.16
65 0.16 0.144
69 0.16 5
60 0.16 3.455
64 0.16 0.336
65 0.16 0
77 0.016 0
77 0.16 0
80 0.016 0
80 0.16 0
59 0.016 0
59 0.16 0
52 0.16 4.274
73 0.16 5
55 0.16 5
80 0.16 0.336
59 0.016 0
59 0.16 0
65 0.016 0
65 0.16 0
77 0.016 0
77 0.16 0
74 0.16 5
72 0.16 5
75 0.16 0.449