55 240
27 240
26 240
28 240
29 240
30 240
31 240
32 240
33 240
34 240
35 240
36 240
37 240
38 240
53 241
54 242
51 243
52 243
60 244
37 244
35 244
36 244
38 244
34 244
39 244
33 244
40 244
32 244
41 244
42 244
31 244
43 244
30 244
44 244
28 244
29 244
45 244
27 244
46 244
26 244
47 244
48 244
58 245
15 245
14 245
16 245
17 245
13 245
18 245
19 245
11 245
12 245
20 245
10 245
21 245
22 245
8 245
9 245
23 245
7 245
24 245
25 245
5 245
6 245
3 245
4 245
1 245
2 245
57 246
56 247
59 248
52 249
51 249
55 250
29 250
27 250
28 250
30 250
26 250
31 250
32 250
33 250
34 250
35 250
36 250
37 250
38 250
39 250
53 251
54 252
51 253
52 253
60 254
39 254
38 254
40 254
37 254
41 254
42 254
35 254
36 254
43 254
34 254
44 254
33 254
45 254
32 254
46 254
31 254
47 254
48 254
30 254
49 254
28 254
29 254
50 254
58 255
57 256
56 257
59 258
52 259
51 259
55 260
30 260
31 260
28 260
29 260
32 260
27 260
33 260
26 260
34 260
35 260
36 260
37 260
38 260
39 260
40 260
41 260
42 260
53 261
54 262
51 263
52 263
60 264
41 264
40 264
42 264
43 264
39 264
44 264
38 264
45 264
37 264
46 264
35 264
36 264
47 264
48 264
34 264
49 264
33 264
50 264
32 264
31 264
58 265
57 266
51 266
52 266
56 267
59 268
52 269
51 269
57 269
55 270
32 270
33 270
31 270
34 270
30 270
35 270
36 270
28 270
29 270
37 270
27 270
38 270
26 270
39 270
40 270
41 270
42 270
43 270
44 270
53 271
54 272
51 273
52 273
60 274
58 275
57 276
56 277
59 278
52 279
51 279
55 280
34 280
35 280
33 280
36 280
37 280
32 280
38 280
31 280
39 280
30 280
40 280
28 280
29 280
41 280
42 280
27 280
43 280
26 280
44 280
45 280
46 280
53 281
54 282
51 283
52 283
60 284
58 285
57 286
56 287
59 288
51 288
52 288
60 288
52 289
51 289
60 289
55 290
36 290
37 290
34 290
35 290
38 290
33 290
39 290
32 290
40 290
31 290
41 290
42 290
30 290
43 290
28 290
29 290
44 290
27 290
45 290
26 290
46 290
47 290
48 290
53 291
54 292
51 293
52 293
60 294
57 294
58 295
57 296
56 297
51 297
52 297
59 298
52 299
51 299
55 300
38 300
37 300
39 300
35 300
36 300
40 300
34 300
41 300
42 300
33 300
43 300
32 300
44 300
31 300
45 300
30 300
46 300
28 300
29 300
47 300
48 300
27 300
49 300
53 301
54 302
51 303
52 303
60 304
58 305
57 306
56 307
59 308
52 309
51 309
55 309
55 310
51 310
52 310
53 311
54 312
51 313
52 313
55 313
54 313
41 313
40 313
42 313
43 313
39 313
44 313
38 313
45 313
37 313
46 313
35 313
36 313
47 313
48 313
34 313
49 313
33 313
50 313
32 313
31 313
60 314
58 315
57 316
55 316
56 317
59 318
52 319
51 319
55 320
53 321
54 322
57 322
51 323
52 323
60 324
58 325
57 326
56 327
59 328
52 329
51 329
55 330
53 331
54 332
51 333
52 333
60 334
58 335
57 336
56 337
59 338
54 338
55 338
60 338
52 339
51 339
55 340
53 341
54 342
59 342
60 342
51 343
35 343
52 343
34 343
36 343
37 343
33 343
38 343
32 343
39 343
31 343
40 343
30 343
41 343
42 343
28 343
29 343
43 343
27 343
44 343
26 343
45 343
46 343
60 344
58 345
57 346
36 346
34 346
35 346
37 346
33 346
38 346
32 346
39 346
31 346
40 346
30 346
41 346
42 346
28 346
29 346
43 346
27 346
44 346
26 346
45 346
46 346
56 347
59 348
52 349
33 349
51 349
32 349
34 349
58 349
31 349
35 349
36 349
30 349
37 349
28 349
29 349
38 349
27 349
39 349
26 349
40 349
41 349
42 349
43 349
44 349
55 350
53 351
54 352
51 353
33 353
52 353
32 353
34 353
31 353
35 353
36 353
30 353
37 353
28 353
29 353
38 353
27 353
39 353
26 353
40 353
41 353
42 353
43 353
44 353
60 354
58 355
57 356
34 356
33 356
35 356
36 356
32 356
37 356
31 356
38 356
30 356
39 356
28 356
29 356
40 356
27 356
41 356
42 356
26 356
43 356
44 356
45 356
56 357
59 358
52 359
31 359
51 359
30 359
32 359
28 359
29 359
33 359
27 359
34 359
26 359
35 359
36 359
37 359
38 359
39 359
40 359
41 359
42 359
43 359
55 360
53 361
54 362
51 363
31 363
52 363
53 363
30 363
32 363
28 363
29 363
33 363
27 363
34 363
26 363
35 363
36 363
37 363
38 363
39 363
40 363
41 363
42 363
60 364
58 365
57 366
32 366
31 366
33 366
30 366
34 366
28 366
29 366
35 366
36 366
27 366
37 366
26 366
38 366
39 366
40 366
41 366
42 366
43 366
56 367
59 368
52 369
29 369
30 369
51 369
27 369
28 369
31 369
26 369
32 369
33 369
34 369
35 369
36 369
37 369
38 369
39 369
40 369
55 370
53 371
54 372
51 373
29 373
52 373
27 373
30 373
28 373
26 373
31 373
32 373
33 373
34 373
35 373
36 373
37 373
38 373
39 373
60 374
58 374
59 374
58 375
59 375
60 375
57 376
30 376
28 376
29 376
31 376
27 376
32 376
26 376
33 376
34 376
35 376
36 376
37 376
38 376
39 376
40 376
56 377
59 378
52 379
27 379
28 379
51 379
26 379
29 379
30 379
31 379
32 379
33 379
34 379
35 379
36 379
37 379
38 379
39 379
55 380
53 381
54 382
51 383
27 383
52 383
28 383
29 383
26 383
30 383
31 383
32 383
33 383
34 383
35 383
36 383
37 383
38 383
60 384
58 385
57 386
28 386
27 386
29 386
30 386
26 386
31 386
32 386
33 386
34 386
35 386
36 386
37 386
38 386
39 386
56 387
39 387
38 387
40 387
37 387
41 387
42 387
35 387
36 387
43 387
34 387
44 387
33 387
45 387
32 387
46 387
31 387
47 387
48 387
30 387
49 387
28 387
29 387
50 387
59 388
52 389
26 389
51 389
27 389
28 389
29 389
30 389
31 389
32 389
33 389
34 389
35 389
36 389
37 389
55 390
53 391
54 392
51 393
26 393
52 393
27 393
28 393
29 393
30 393
31 393
32 393
33 393
34 393
35 393
36 393
37 393
60 394
58 395
57 396
26 396
27 396
28 396
29 396
30 396
31 396
32 396
33 396
34 396
35 396
36 396
37 396
38 396
56 397
53 397
59 398
52 399
24 399
25 399
51 399
23 399
21 399
22 399
20 399
18 399
19 399
17 399
15 399
16 399
14 399
13 399
11 399
12 399
55 400
58 400
54 400
53 401
54 402
58 402
55 402
51 403
24 403
25 403
52 403
23 403
21 403
22 403
20 403
18 403
19 403
17 403
15 403
16 403
14 403
13 403
11 403
12 403
60 404
58 405
57 406
25 406
23 406
24 406
21 406
22 406
20 406
18 406
19 406
17 406
15 406
16 406
14 406
13 406
11 406
12 406
56 407
59 408
52 409
22 409
23 409
51 409
20 409
21 409
25 409
24 409
18 409
19 409
17 409
15 409
16 409
14 409
13 409
11 409
12 409
10 409
8 409
9 409
55 410
53 411
54 412
51 413
22 413
23 413
52 413
20 413
21 413
24 413
25 413
18 413
19 413
17 413
15 413
16 413
14 413
13 413
11 413
12 413
10 413
8 413
9 413
60 414
58 415
57 416
23 416
24 416
21 416
22 416
25 416
20 416
18 416
19 416
17 416
15 416
16 416
14 416
13 416
11 416
12 416
10 416
56 417
34 417
33 417
35 417
36 417
32 417
37 417
31 417
38 417
30 417
39 417
28 417
29 417
40 417
27 417
41 417
42 417
26 417
43 417
44 417
45 417
59 418
52 419
21 419
51 419
20 419
23 419
22 419
18 419
19 419
24 419
25 419
17 419
15 419
16 419
14 419
13 419
11 419
12 419
10 419
8 419
9 419
55 420
53 421
54 422
51 423
20 423
21 423
52 423
18 423
19 423
22 423
23 423
17 423
24 423
25 423
15 423
16 423
14 423
13 423
11 423
12 423
10 423
8 423
9 423
7 423
60 424
58 425
57 426
21 426
22 426
20 426
23 426
18 426
19 426
24 426
25 426
17 426
15 426
16 426
14 426
13 426
11 426
12 426
10 426
8 426
9 426
56 427
32 427
31 427
33 427
30 427
34 427
28 427
29 427
35 427
36 427
27 427
37 427
26 427
38 427
39 427
40 427
41 427
42 427
43 427
59 428
52 429
19 429
20 429
51 429
17 429
18 429
21 429
22 429
15 429
16 429
23 429
14 429
24 429
25 429
13 429
11 429
12 429
10 429
8 429
9 429
7 429
5 429
6 429
55 430
53 431
44 431
43 431
45 431
41 431
42 431
46 431
40 431
47 431
48 431
39 431
49 431
38 431
50 431
37 431
35 431
36 431
34 431
33 431
54 432
51 433
18 433
19 433
52 433
17 433
20 433
15 433
16 433
21 433
22 433
14 433
23 433
13 433
24 433
25 433
11 433
12 433
10 433
8 433
9 433
7 433
5 433
6 433
60 434
58 435
57 436
19 436
20 436
17 436
18 436
21 436
22 436
15 436
16 436
23 436
14 436
24 436
25 436
13 436
11 436
12 436
10 436
8 436
9 436
7 436
5 436
6 436
56 437
30 437
28 437
29 437
31 437
27 437
32 437
26 437
33 437
34 437
35 437
36 437
37 437
38 437
39 437
40 437
59 438
52 439
17 439
18 439
51 439
15 439
16 439
19 439
20 439
14 439
21 439
22 439
13 439
23 439
11 439
12 439
24 439
25 439
10 439
8 439
9 439
7 439
5 439
6 439
3 439
4 439
55 440
53 441
54 442
51 443
16 443
17 443
52 443
14 443
15 443
18 443
19 443
13 443
20 443
11 443
12 443
21 443
22 443
10 443
23 443
8 443
9 443
24 443
25 443
7 443
5 443
6 443
3 443
4 443
1 443
2 443
60 444
58 445
57 446
17 446
18 446
15 446
16 446
19 446
20 446
14 446
21 446
22 446
13 446
23 446
11 446
12 446
24 446
25 446
10 446
8 446
9 446
7 446
5 446
6 446
3 446
4 446
56 447
59 448
52 449
15 449
16 449
51 449
14 449
17 449
13 449
18 449
19 449
11 449
12 449
20 449
10 449
21 449
22 449
8 449
9 449
23 449
7 449
24 449
25 449
5 449
6 449
3 449
4 449
1 449
2 449
55 450
53 451
48 451
46 451
47 451
49 451
45 451
50 451
44 451
43 451
41 451
42 451
40 451
39 451
38 451
37 451
54 452
34 452
33 452
35 452
36 452
32 452
37 452
31 452
38 452
30 452
39 452
28 452
29 452
40 452
27 452
41 452
42 452
26 452
43 452
44 452
45 452
51 453
14 453
15 453
52 453
13 453
16 453
17 453
11 453
12 453
18 453
19 453
10 453
20 453
8 453
9 453
21 453
22 453
7 453
23 453
5 453
6 453
24 453
25 453
3 453
4 453
1 453
2 453
60 454
58 455
57 456
16 456
14 456
15 456
17 456
13 456
18 456
19 456
11 456
12 456
20 456
10 456
21 456
22 456
8 456
9 456
23 456
7 456
24 456
25 456
5 456
6 456
3 456
4 456
1 456
2 456
56 457
26 457
27 457
28 457
29 457
30 457
31 457
32 457
33 457
34 457
35 457
36 457
37 457
59 458
52 459
13 459
14 459
51 459
11 459
12 459
15 459
16 459
10 459
17 459
8 459
9 459
18 459
19 459
7 459
20 459
5 459
6 459
21 459
22 459
3 459
4 459
23 459
1 459
2 459
24 459
25 459
55 460
53 461
50 461
49 461
47 461
48 461
46 461
45 461
44 461
43 461
41 461
42 461
40 461
39 461
54 462
32 462
31 462
33 462
30 462
34 462
28 462
29 462
35 462
36 462
27 462
37 462
26 462
38 462
39 462
40 462
41 462
42 462
43 462
51 463
13 463
52 463
11 463
14 463
12 463
10 463
15 463
16 463
8 463
9 463
17 463
7 463
18 463
19 463
5 463
6 463
20 463
3 463
4 463
21 463
22 463
1 463
2 463
23 463
24 463
25 463
60 464
58 465
57 466
14 466
13 466
15 466
16 466
11 466
12 466
17 466
10 466
18 466
19 466
8 466
9 466
20 466
7 466
21 466
22 466
5 466
6 466
23 466
3 466
4 466
24 466
25 466
1 466
2 466
56 467
59 468
52 469
11 469
12 469
51 469
10 469
13 469
8 469
9 469
14 469
7 469
15 469
16 469
5 469
6 469
17 469
3 469
4 469
18 469
19 469
1 469
2 469
20 469
21 469
22 469
23 469
24 469
25 469
55 470
53 471
48 471
46 471
47 471
49 471
45 471
50 471
44 471
43 471
41 471
42 471
40 471
39 471
38 471
37 471
54 472
30 472
28 472
29 472
31 472
27 472
32 472
26 472
33 472
34 472
35 472
36 472
37 472
38 472
39 472
40 472
51 473
11 473
52 473
10 473
12 473
13 473
8 473
9 473
14 473
7 473
15 473
16 473
5 473
6 473
17 473
3 473
4 473
18 473
19 473
1 473
2 473
20 473
21 473
22 473
23 473
24 473
25 473
60 474
58 475
57 476
12 476
13 476
11 476
14 476
10 476
15 476
16 476
8 476
9 476
17 476
7 476
18 476
19 476
5 476
6 476
20 476
3 476
4 476
21 476
22 476
1 476
2 476
23 476
24 476
25 476
56 477
59 478
52 479
9 479
10 479
51 479
8 479
11 479
7 479
12 479
13 479
5 479
6 479
14 479
3 479
4 479
15 479
16 479
1 479
2 479
17 479
18 479
19 479
20 479
21 479
22 479
23 479
55 480
53 481
46 481
47 481
45 481
48 481
49 481
44 481
50 481
43 481
41 481
42 481
40 481
39 481
38 481
37 481
35 481
36 481
54 482
28 482
29 482
27 482
30 482
26 482
31 482
32 482
33 482
34 482
35 482
36 482
37 482
38 482
39 482
51 483
9 483
52 483
8 483
10 483
7 483
11 483
5 483
6 483
12 483
13 483
3 483
4 483
14 483
1 483
2 483
15 483
16 483
17 483
18 483
19 483
20 483
21 483
22 483
60 484
18 484
17 484
19 484
20 484
15 484
16 484
21 484
22 484
14 484
23 484
13 484
24 484
25 484
11 484
12 484
10 484
8 484
9 484
7 484
5 484
6 484
58 485
41 485
40 485
42 485
43 485
39 485
44 485
38 485
45 485
37 485
46 485
35 485
36 485
47 485
48 485
34 485
49 485
33 485
50 485
32 485
31 485
57 486
10 486
11 486
8 486
9 486
12 486
13 486
7 486
14 486
5 486
6 486
15 486
16 486
3 486
4 486
17 486
1 486
2 486
18 486
19 486
20 486
21 486
22 486
23 486
24 486
25 486
56 487
59 488
52 489
8 489
51 489
7 489
9 489
10 489
5 489
6 489
11 489
3 489
4 489
12 489
13 489
1 489
2 489
14 489
15 489
16 489
17 489
18 489
19 489
20 489
21 489
22 489
55 490
53 491
44 491
45 491
43 491
46 491
41 491
42 491
47 491
48 491
40 491
49 491
39 491
50 491
38 491
37 491
35 491
36 491
34 491
33 491
54 492
26 492
27 492
28 492
29 492
30 492
31 492
32 492
33 492
34 492
35 492
36 492
37 492
38 492
51 493
7 493
52 493
5 493
6 493
8 493
3 493
4 493
9 493
10 493
1 493
2 493
11 493
12 493
13 493
14 493
15 493
16 493
17 493
18 493
19 493
20 493
60 494
16 494
17 494
14 494
15 494
18 494
19 494
13 494
20 494
11 494
12 494
21 494
22 494
10 494
23 494
8 494
9 494
24 494
25 494
7 494
5 494
6 494
3 494
4 494
1 494
2 494
58 495
39 495
38 495
40 495
37 495
41 495
42 495
35 495
36 495
43 495
34 495
44 495
33 495
45 495
32 495
46 495
31 495
47 495
48 495
30 495
49 495
28 495
29 495
50 495
57 496
8 496
9 496
7 496
10 496
5 496
6 496
11 496
3 496
4 496
12 496
13 496
1 496
2 496
14 496
15 496
16 496
17 496
18 496
19 496
20 496
21 496
22 496
56 497
59 498
52 499
6 499
51 499
5 499
7 499
3 499
4 499
8 499
1 499
2 499
9 499
10 499
11 499
12 499
13 499
14 499
15 499
16 499
17 499
18 499
19 499
55 500
53 501
43 501
41 501
42 501
44 501
40 501
45 501
39 501
46 501
38 501
47 501
48 501
37 501
49 501
35 501
36 501
50 501
34 501
33 501
32 501
54 502
25 502
23 502
24 502
21 502
22 502
20 502
18 502
19 502
17 502
15 502
16 502
14 502
13 502
11 502
12 502
51 503
5 503
52 503
3 503
4 503
6 503
7 503
1 503
2 503
8 503
9 503
10 503
11 503
12 503
13 503
14 503
15 503
16 503
17 503
18 503
19 503
60 504
14 504
15 504
13 504
16 504
17 504
11 504
12 504
18 504
19 504
10 504
20 504
8 504
9 504
21 504
22 504
7 504
23 504
5 504
6 504
24 504
25 504
3 504
4 504
1 504
2 504
58 505
37 505
35 505
36 505
38 505
34 505
39 505
33 505
40 505
32 505
41 505
42 505
31 505
43 505
30 505
44 505
28 505
29 505
45 505
27 505
46 505
26 505
47 505
48 505
57 506
6 506
7 506
5 506
8 506
3 506
4 506
9 506
10 506
1 506
2 506
11 506
12 506
13 506
14 506
15 506
16 506
17 506
18 506
19 506
20 506
56 507
59 508
52 509
51 509
4 509
2 509
3 509
5 509
1 509
6 509
7 509
8 509
9 509
10 509
11 509
12 509
13 509
14 509
15 509
16 509
17 509
55 510
53 511
41 511
40 511
42 511
43 511
39 511
44 511
38 511
45 511
37 511
46 511
35 511
36 511
47 511
48 511
34 511
49 511
33 511
50 511
32 511
31 511
54 512
23 512
24 512
21 512
22 512
25 512
20 512
18 512
19 512
17 512
15 512
16 512
14 512
13 512
11 512
12 512
10 512
51 513
52 513
60 514
12 514
13 514
11 514
14 514
10 514
15 514
16 514
8 514
9 514
17 514
7 514
18 514
19 514
5 514
6 514
20 514
3 514
4 514
21 514
22 514
1 514
2 514
23 514
24 514
25 514
58 515
35 515
34 515
36 515
37 515
33 515
38 515
32 515
39 515
31 515
40 515
30 515
41 515
42 515
28 515
29 515
43 515
27 515
44 515
26 515
45 515
46 515
57 516
5 516
3 516
4 516
6 516
7 516
1 516
2 516
8 516
9 516
10 516
11 516
12 516
13 516
14 516
15 516
16 516
17 516
18 516
19 516
56 517
59 518
52 519
51 519
55 520
53 521
39 521
38 521
40 521
37 521
41 521
42 521
35 521
36 521
43 521
34 521
44 521
33 521
45 521
32 521
46 521
31 521
47 521
48 521
30 521
49 521
28 521
29 521
50 521
54 522
21 522
22 522
20 522
23 522
18 522
19 522
24 522
25 522
17 522
15 522
16 522
14 522
13 522
11 522
12 522
10 522
8 522
9 522
51 523
52 523
60 524
10 524
11 524
8 524
9 524
12 524
13 524
7 524
14 524
5 524
6 524
15 524
16 524
3 524
4 524
17 524
1 524
2 524
18 524
19 524
20 524
21 524
22 524
23 524
24 524
25 524
58 525
33 525
32 525
34 525
31 525
35 525
36 525
30 525
37 525
28 525
29 525
38 525
27 525
39 525
26 525
40 525
41 525
42 525
43 525
44 525
57 526
3 526
1 526
2 526
4 526
5 526
6 526
7 526
8 526
9 526
10 526
11 526
12 526
13 526
14 526
15 526
16 526
17 526
56 527
59 528
52 529
51 529
57 529
2 529
1 529
3 529
4 529
5 529
6 529
7 529
8 529
9 529
10 529
11 529
12 529
13 529
14 529
15 529
16 529
55 530
53 531
37 531
35 531
36 531
38 531
34 531
39 531
33 531
40 531
32 531
41 531
42 531
31 531
43 531
30 531
44 531
28 531
29 531
45 531
27 531
46 531
26 531
47 531
48 531
54 532
19 532
20 532
17 532
18 532
21 532
22 532
15 532
16 532
23 532
14 532
24 532
25 532
13 532
11 532
12 532
10 532
8 532
9 532
7 532
5 532
6 532
51 533
52 533
60 534
9 534
8 534
10 534
7 534
11 534
5 534
6 534
12 534
13 534
3 534
4 534
14 534
1 534
2 534
15 534
16 534
17 534
18 534
19 534
20 534
21 534
22 534
58 535
31 535
30 535
32 535
28 535
29 535
33 535
27 535
34 535
26 535
35 535
36 535
37 535
38 535
39 535
40 535
41 535
42 535
57 536
56 537
59 538
52 539
51 539
55 540
53 541
54 542
17 542
18 542
15 542
16 542
19 542
20 542
14 542
21 542
22 542
13 542
23 542
11 542
12 542
24 542
25 542
10 542
8 542
9 542
7 542
5 542
6 542
3 542
4 542
51 543
52 543
60 544
7 544
5 544
6 544
8 544
3 544
4 544
9 544
10 544
1 544
2 544
11 544
12 544
13 544
14 544
15 544
16 544
17 544
18 544
19 544
20 544
58 545
29 545
30 545
27 545
28 545
31 545
26 545
32 545
33 545
34 545
35 545
36 545
37 545
38 545
39 545
40 545
57 546
56 547
59 548
6 548
5 548
7 548
3 548
4 548
8 548
1 548
2 548
9 548
10 548
11 548
12 548
13 548
14 548
15 548
16 548
17 548
18 548
19 548
52 549
51 549
55 550
53 551
54 552
15 552
16 552
14 552
17 552
13 552
18 552
19 552
11 552
12 552
20 552
10 552
21 552
22 552
8 552
9 552
23 552
7 552
24 552
25 552
5 552
6 552
3 552
4 552
1 552
2 552
51 553
52 553
60 554
5 554
6 554
57 554
3 554
4 554
7 554
1 554
2 554
8 554
9 554
10 554
11 554
12 554
13 554
14 554
15 554
16 554
17 554
18 554
19 554
58 555
27 555
28 555
26 555
29 555
30 555
31 555
32 555
33 555
34 555
35 555
36 555
37 555
38 555
39 555
57 556
60 556
4 556
5 556
2 556
3 556
6 556
7 556
1 556
8 556
9 556
10 556
11 556
12 556
13 556
14 556
15 556
16 556
17 556
18 556
19 556
56 557
59 558
4 558
2 558
3 558
5 558
1 558
6 558
7 558
8 558
9 558
10 558
11 558
12 558
13 558
14 558
15 558
16 558
17 558
52 559
51 559
55 560
53 561
54 562
14 562
15 562
13 562
16 562
17 562
11 562
12 562
18 562
19 562
10 562
20 562
8 562
9 562
21 562
22 562
7 562
23 562
5 562
6 562
24 562
25 562
3 562
4 562
1 562
2 562
51 563
52 563
60 564
3 564
4 564
1 564
2 564
5 564
6 564
7 564
8 564
9 564
10 564
11 564
12 564
13 564
14 564
15 564
16 564
17 564
58 565
26 565
27 565
28 565
29 565
30 565
31 565
32 565
33 565
34 565
35 565
36 565
37 565
57 566
56 567
59 568
2 568
1 568
3 568
4 568
5 568
6 568
7 568
8 568
9 568
10 568
11 568
12 568
13 568
14 568
15 568
16 568
52 569
51 569
55 570
53 571
54 572
12 572
13 572
11 572
14 572
10 572
15 572
16 572
8 572
9 572
17 572
7 572
18 572
19 572
5 572
6 572
20 572
3 572
4 572
21 572
22 572
1 572
2 572
23 572
24 572
25 572
51 573
52 573
60 574
1 574
2 574
3 574
4 574
5 574
6 574
7 574
8 574
9 574
10 574
11 574
12 574
13 574
14 574
15 574
16 574
58 575
24 575
25 575
23 575
21 575
22 575
20 575
18 575
19 575
17 575
15 575
16 575
14 575
13 575
11 575
12 575
57 576
56 577
59 578
2 578
1 578
3 578
4 578
5 578
6 578
7 578
8 578
9 578
10 578
11 578
12 578
13 578
14 578
15 578
16 578
52 579
51 579
55 580
9 580
57 580
8 580
10 580
7 580
11 580
5 580
6 580
12 580
13 580
3 580
4 580
14 580
1 580
2 580
15 580
16 580
17 580
18 580
19 580
20 580
21 580
22 580
53 581
54 582
10 582
11 582
8 582
9 582
12 582
13 582
7 582
14 582
5 582
6 582
15 582
16 582
3 582
4 582
17 582
1 582
2 582
18 582
19 582
20 582
21 582
22 582
23 582
24 582
25 582
51 583
52 583
60 584
2 584
3 584
1 584
4 584
5 584
6 584
7 584
8 584
9 584
10 584
11 584
12 584
13 584
14 584
15 584
16 584
17 584
58 585
22 585
23 585
20 585
21 585
24 585
25 585
18 585
19 585
17 585
15 585
16 585
14 585
13 585
11 585
12 585
10 585
8 585
9 585
57 586
56 587
59 588
4 588
2 588
3 588
5 588
1 588
6 588
7 588
8 588
9 588
10 588
11 588
12 588
13 588
14 588
15 588
16 588
17 588
52 589
51 589
55 590
7 590
5 590
6 590
8 590
3 590
4 590
9 590
10 590
1 590
2 590
11 590
12 590
13 590
14 590
15 590
16 590
17 590
18 590
19 590
20 590
53 591
54 592
8 592
9 592
7 592
10 592
5 592
6 592
11 592
3 592
4 592
12 592
13 592
1 592
2 592
14 592
15 592
16 592
17 592
18 592
19 592
20 592
21 592
22 592
51 593
52 593
60 594
4 594
5 594
2 594
3 594
6 594
7 594
1 594
8 594
9 594
10 594
11 594
12 594
13 594
14 594
15 594
16 594
17 594
18 594
19 594
58 595
20 595
21 595
18 595
19 595
22 595
23 595
17 595
24 595
25 595
15 595
16 595
14 595
13 595
11 595
12 595
10 595
8 595
9 595
7 595
57 596
56 597
59 598
5 598
6 598
55 598
3 598
4 598
7 598
1 598
2 598
8 598
9 598
10 598
11 598
12 598
13 598
14 598
15 598
16 598
17 598
18 598
19 598
52 599
51 599
55 600
5 600
59 600
60 600
3 600
4 600
7 600
54 600
6 600
1 600
2 600
8 600
9 600
10 600
11 600
12 600
13 600
14 600
15 600
16 600
17 600
18 600
19 600
53 601
54 602
6 602
7 602
59 602
5 602
8 602
3 602
4 602
9 602
10 602
1 602
2 602
11 602
12 602
13 602
14 602
15 602
16 602
17 602
18 602
19 602
20 602
51 603
52 603
60 604
6 604
7 604
54 604
8 604
5 604
9 604
10 604
3 604
4 604
11 604
1 604
2 604
12 604
13 604
14 604
15 604
16 604
17 604
18 604
19 604
20 604
58 605
18 605
19 605
17 605
20 605
15 605
16 605
21 605
22 605
14 605
23 605
13 605
24 605
25 605
11 605
12 605
10 605
8 605
9 605
7 605
5 605
6 605
57 606
56 607
59 608
7 608
8 608
5 608
6 608
9 608
10 608
3 608
4 608
11 608
1 608
2 608
12 608
13 608
14 608
15 608
16 608
17 608
18 608
19 608
20 608
21 608
22 608
52 609
51 609
55 610
3 610
4 610
1 610
2 610
5 610
6 610
7 610
8 610
9 610
10 610
11 610
12 610
13 610
14 610
15 610
16 610
17 610
53 611
54 612
4 612
5 612
2 612
3 612
6 612
7 612
1 612
8 612
9 612
10 612
11 612
12 612
13 612
14 612
15 612
16 612
17 612
18 612
19 612
51 613
52 613
60 614
8 614
9 614
7 614
10 614
5 614
6 614
11 614
3 614
4 614
12 614
13 614
1 614
2 614
14 614
15 614
16 614
17 614
18 614
19 614
20 614
21 614
22 614
58 615
16 615
17 615
14 615
15 615
18 615
19 615
13 615
20 615
11 615
12 615
21 615
22 615
10 615
23 615
8 615
9 615
24 615
25 615
7 615
5 615
6 615
3 615
4 615
1 615
2 615
57 616
56 617
59 618
9 618
10 618
8 618
11 618
7 618
12 618
13 618
5 618
6 618
14 618
3 618
4 618
15 618
16 618
1 618
2 618
17 618
18 618
19 618
20 618
21 618
22 618
23 618
52 619
51 619
55 620
1 620
2 620
3 620
4 620
5 620
6 620
7 620
8 620
9 620
10 620
11 620
12 620
13 620
14 620
15 620
16 620
53 621
54 622
3 622
1 622
2 622
4 622
5 622
6 622
7 622
8 622
9 622
10 622
11 622
12 622
13 622
14 622
15 622
16 622
17 622
51 623
52 623
60 624
10 624
8 624
9 624
11 624
7 624
12 624
13 624
5 624
6 624
14 624
3 624
4 624
15 624
16 624
1 624
2 624
17 624
18 624
19 624
20 624
21 624
22 624
23 624
58 625
15 625
14 625
16 625
17 625
13 625
18 625
19 625
11 625
12 625
20 625
10 625
21 625
22 625
8 625
9 625
23 625
7 625
24 625
25 625
5 625
6 625
3 625
4 625
1 625
2 625
57 626
56 627
59 628
11 628
12 628
10 628
13 628
8 628
9 628
14 628
7 628
15 628
16 628
5 628
6 628
17 628
3 628
4 628
18 628
19 628
1 628
2 628
20 628
21 628
22 628
23 628
24 628
25 628
52 629
51 629
55 630
2 630
3 630
1 630
4 630
5 630
6 630
7 630
8 630
9 630
10 630
11 630
12 630
13 630
14 630
15 630
16 630
17 630
53 631
54 632
1 632
2 632
3 632
4 632
5 632
6 632
7 632
8 632
9 632
10 632
11 632
12 632
13 632
14 632
15 632
16 632
51 633
52 633
60 634
12 634
11 634
13 634
10 634
14 634
8 634
9 634
15 634
16 634
7 634
17 634
5 634
6 634
18 634
19 634
3 634
4 634
20 634
1 634
2 634
21 634
22 634
23 634
24 634
25 634
58 635
13 635
60 635
11 635
14 635
12 635
10 635
15 635
16 635
8 635
9 635
17 635
7 635
18 635
19 635
5 635
6 635
20 635
3 635
4 635
21 635
22 635
1 635
2 635
23 635
24 635
25 635
57 636
56 637
59 638
13 638
11 638
12 638
14 638
10 638
15 638
16 638
8 638
9 638
17 638
7 638
18 638
19 638
5 638
6 638
20 638
3 638
4 638
21 638
22 638
1 638
2 638
23 638
24 638
25 638
52 639
51 639
55 640
4 640
2 640
3 640
5 640
1 640
6 640
7 640
8 640
9 640
10 640
11 640
12 640
13 640
14 640
15 640
16 640
17 640
53 641
54 642
3 642
1 642
2 642
4 642
5 642
6 642
7 642
8 642
9 642
10 642
11 642
12 642
13 642
14 642
15 642
16 642
17 642
51 643
52 643
60 644
14 644
13 644
15 644
16 644
11 644
12 644
17 644
10 644
18 644
19 644
8 644
9 644
20 644
7 644
21 644
22 644
5 644
6 644
23 644
3 644
4 644
24 644
25 644
1 644
2 644
58 645
11 645
10 645
12 645
13 645
8 645
9 645
14 645
7 645
15 645
16 645
5 645
6 645
17 645
3 645
4 645
18 645
19 645
1 645
2 645
20 645
21 645
22 645
23 645
24 645
25 645
57 646
56 647
59 648
15 648
14 648
16 648
17 648
13 648
18 648
19 648
11 648
12 648
20 648
10 648
21 648
22 648
8 648
9 648
23 648
7 648
24 648
25 648
5 648
6 648
3 648
4 648
1 648
2 648
52 649
51 649
55 650
6 650
5 650
7 650
3 650
4 650
8 650
1 650
2 650
9 650
10 650
11 650
12 650
13 650
14 650
15 650
16 650
17 650
18 650
19 650
53 651
54 652
51 653
52 653
60 654
16 654
14 654
15 654
17 654
13 654
18 654
19 654
11 654
12 654
20 654
10 654
21 654
22 654
8 654
9 654
23 654
7 654
24 654
25 654
5 654
6 654
3 654
4 654
1 654
2 654
58 655
9 655
8 655
10 655
7 655
11 655
5 655
6 655
12 655
13 655
3 655
4 655
14 655
1 655
2 655
15 655
16 655
17 655
18 655
19 655
20 655
21 655
22 655
57 656
56 657
53 657
59 658
17 658
15 658
16 658
18 658
19 658
14 658
20 658
13 658
21 658
22 658
11 658
12 658
23 658
10 658
24 658
25 658
8 658
9 658
7 658
5 658
6 658
3 658
4 658
52 659
51 659
55 660
8 660
7 660
9 660
10 660
5 660
6 660
11 660
3 660
4 660
12 660
13 660
1 660
2 660
14 660
15 660
16 660
17 660
18 660
19 660
20 660
21 660
22 660
53 661
56 661
54 662
51 663
52 663
60 664
18 664
17 664
19 664
20 664
15 664
16 664
21 664
22 664
14 664
23 664
13 664
24 664
25 664
11 664
12 664
10 664
8 664
9 664
7 664
5 664
6 664
58 665
54 665
57 666
56 667
59 668
19 668
17 668
18 668
20 668
15 668
16 668
21 668
22 668
14 668
23 668
13 668
24 668
25 668
11 668
12 668
10 668
8 668
9 668
7 668
5 668
6 668
52 669
51 669
55 670
9 670
10 670
8 670
11 670
7 670
12 670
13 670
5 670
6 670
14 670
3 670
4 670
15 670
16 670
1 670
2 670
17 670
18 670
19 670
20 670
21 670
22 670
23 670
53 671
54 672
51 673
52 673
60 674
58 675
57 676
56 677
59 678
21 678
20 678
22 678
23 678
18 678
19 678
24 678
25 678
17 678
15 678
16 678
14 678
13 678
11 678
12 678
10 678
8 678
9 678
52 679
51 679
55 680
11 680
12 680
10 680
13 680
8 680
9 680
14 680
7 680
15 680
16 680
5 680
6 680
17 680
3 680
4 680
18 680
19 680
1 680
2 680
20 680
21 680
22 680
23 680
24 680
25 680
53 681
54 682
51 683
30 683
52 683
28 683
29 683
31 683
27 683
32 683
26 683
33 683
34 683
35 683
36 683
37 683
38 683
39 683
40 683
60 684
58 685
57 686
56 687
59 688
23 688
21 688
22 688
24 688
25 688
20 688
18 688
19 688
17 688
15 688
16 688
14 688
13 688
11 688
12 688
10 688
52 689
51 689
31 689
30 689
32 689
28 689
29 689
33 689
27 689
34 689
26 689
35 689
36 689
37 689
38 689
39 689
40 689
41 689
42 689
55 690
13 690
14 690
11 690
12 690
15 690
16 690
10 690
17 690
8 690
9 690
18 690
19 690
7 690
20 690
5 690
6 690
21 690
22 690
3 690
4 690
23 690
1 690
2 690
24 690
25 690
53 691
54 692
51 693
32 693
52 693
31 693
33 693
30 693
34 693
28 693
29 693
35 693
36 693
27 693
37 693
26 693
38 693
39 693
40 693
41 693
42 693
43 693
60 694
58 695
57 696
56 697
59 698
52 699
33 699
51 699
32 699
34 699
31 699
35 699
36 699
30 699
37 699
28 699
29 699
38 699
27 699
39 699
26 699
40 699
41 699
42 699
43 699
44 699
55 700
15 700
16 700
14 700
17 700
13 700
18 700
19 700
11 700
12 700
20 700
10 700
21 700
22 700
8 700
9 700
23 700
7 700
24 700
25 700
5 700
6 700
3 700
4 700
1 700
2 700
53 701
54 702
51 703
34 703
52 703
33 703
35 703
36 703
32 703
37 703
31 703
38 703
30 703
39 703
28 703
29 703
40 703
27 703
41 703
42 703
26 703
43 703
44 703
45 703
60 704
58 705
57 706
56 707
59 708
52 709
35 709
51 709
34 709
36 709
37 709
33 709
38 709
32 709
39 709
31 709
40 709
30 709
41 709
42 709
28 709
29 709
43 709
27 709
44 709
26 709
45 709
46 709
55 710
17 710
18 710
15 710
16 710
19 710
20 710
14 710
21 710
22 710
13 710
23 710
11 710
12 710
24 710
25 710
10 710
8 710
9 710
7 710
5 710
6 710
3 710
4 710
53 711
54 712
51 713
35 713
36 713
52 713
34 713
37 713
33 713
38 713
32 713
39 713
31 713
40 713
30 713
41 713
42 713
28 713
29 713
43 713
27 713
44 713
26 713
45 713
46 713
60 714
58 715
57 716
56 717
59 718
52 719
37 719
51 719
35 719
36 719
38 719
34 719
39 719
33 719
40 719
32 719
41 719
42 719
31 719
43 719
30 719
44 719
28 719
29 719
45 719
27 719
46 719
26 719
47 719
48 719