240 55 0 100 35010
244 60 0 100 128371
245 58 0 100 93361
250 55 0 100 46680
260 55 0 100 58350
270 55 0 100 81690
280 55 0 100 105030
290 55 0 100 116701
343 51 0 100 116701
346 57 0 100 116701
349 52 0 100 93361
353 51 0 100 93360
356 57 0 100 105031
359 52 0 100 70021
363 51 0 100 70020
366 57 0 100 81691
369 52 0 100 46680
373 51 0 100 46680
376 57 0 100 58351
379 52 0 100 35010
383 51 0 100 35010
386 57 0 100 46680
389 52 0 100 11670
393 51 0 100 11670
396 57 0 100 23340
399 52 0 100 23340
403 51 0 100 23340
406 57 0 100 11670
409 52 0 100 35010
413 51 0 100 35010
416 57 0 100 23340
417 56 0 100 105030
419 52 0 100 46680
423 51 0 100 46680
426 57 0 100 46680
427 56 0 100 81690
429 52 0 100 58351
433 51 0 100 70020
436 57 0 100 58351
437 56 0 100 58350
439 52 0 100 70021
443 51 0 100 81690
446 57 0 100 70021
449 52 0 100 93361
452 54 0 100 105031
453 51 0 100 93360
456 57 0 100 93361
457 56 0 100 23340
459 52 0 100 105031
462 54 0 100 81691
463 51 0 100 116701
466 57 0 100 105031
469 52 0 100 128371
472 54 0 100 58351
473 51 0 100 128371
476 57 0 100 116701
482 54 0 100 46681
484 60 0 100 70021
486 57 0 100 128371
492 54 0 100 23340
494 60 0 100 81691
502 54 0 100 11670
504 60 0 100 93361
505 58 0 100 128371
512 54 0 100 23340
514 60 0 100 116701
515 58 0 100 116701
522 54 0 100 46681
524 60 0 100 128371
525 58 0 100 93361
531 53 0 100 128371
532 54 0 100 58351
535 58 0 100 70021
542 54 0 100 70021
545 58 0 100 46681
552 54 0 100 93361
555 58 0 100 35011
562 54 0 100 93361
565 58 0 100 11670
572 54 0 100 116701
575 58 0 100 23340
582 54 0 100 128371
585 58 0 100 35011
595 58 0 100 46681
605 58 0 100 70021
615 58 0 100 81691
625 58 0 100 93361
628 59 0 100 128371
634 60 0 100 128371
635 58 0 100 116701
638 59 0 100 116701
644 60 0 100 105031
645 58 0 100 128371
648 59 0 100 93361
654 60 0 100 93361
658 59 0 100 81691
664 60 0 100 70021
668 59 0 100 70020
678 59 0 100 46680
680 55 0 100 128371
683 51 0 100 58350
688 59 0 100 35010
689 52 0 100 81691
690 55 0 100 105030
693 51 0 100 81690
699 52 0 100 93361
700 55 0 100 93360
703 51 0 100 105030
709 52 0 100 116701
710 55 0 100 70020
713 51 0 100 116701
719 52 0 100 128371