723 56 0 100 23341
738 56 0 100 11671
753 56 0 100 35011
911 63 0 100 23340
920 54 0 100 35010
921 55 0 100 46680
926 63 0 100 23340
934 62 0 100 46680
935 54 0 100 46680
936 55 0 100 58350
941 63 0 100 35010
949 62 0 100 23340
950 54 0 100 70020
951 55 0 100 58350
956 63 0 100 46680
964 62 0 100 23340
965 54 0 100 81690
966 55 0 100 70020
968 51 0 100 116701
971 63 0 100 70020
974 61 0 100 23341
979 62 0 100 35010
980 54 0 100 93360
981 55 0 100 93361
982 52 0 100 46680
983 51 0 100 105030
986 63 0 100 81690
989 61 0 100 35011
994 62 0 100 46680
995 54 0 100 105030
996 55 0 100 105031
997 52 0 100 58350
998 51 0 100 81690
999 65 0 100 116701
1001 63 0 100 93360
1003 57 0 100 58350
1004 61 0 100 46681
1007 58 0 100 46681
1009 62 0 100 58350
1010 54 0 100 128371
1011 55 0 100 128371
1012 52 0 100 70020
1013 51 0 100 58350
1014 65 0 100 105031
1016 63 0 100 105031
1018 57 0 100 70020
1019 61 0 100 70021
1021 59 0 100 35011
1022 58 0 100 58351
1024 62 0 100 70020
1025 54 0 100 140041
1027 52 0 100 81690
1028 51 0 100 46680
1029 65 0 100 81691
1031 63 0 100 128371
1033 57 0 100 93360
1034 61 0 100 70021
1036 59 0 100 11670
1037 58 0 100 70021
1039 62 0 100 93361
1042 52 0 100 105031
1043 51 0 100 23340
1044 65 0 100 58351
1048 57 0 100 93360
1049 61 0 100 93361
1051 59 0 100 23340
1052 58 0 100 81691
1054 62 0 100 105031
1058 51 0 100 11670
1059 65 0 100 46681
1063 57 0 100 116701
1064 61 0 100 105031
1066 59 0 100 35011
1067 58 0 100 93361
1069 62 0 100 128371
1073 51 0 100 23340
1074 65 0 100 23340
1078 57 0 100 128371
1079 61 0 100 128372
1081 59 0 100 46681
1082 58 0 100 116701
1084 62 0 100 140041
1087 52 0 100 151711
1088 51 0 100 46680
1089 65 0 100 11670
1092 60 0 100 116701
1095 64 0 100 116701
1096 59 0 100 70021
1097 58 0 100 128371
1103 51 0 100 58350
1104 65 0 100 23340
1107 60 0 100 105031
1110 64 0 100 105031
1111 59 0 100 81691
1118 51 0 100 70020
1119 65 0 100 46681
1125 64 0 100 81691
1126 59 0 100 93361
1134 65 0 100 58351
1141 59 0 100 116701
1143 56 0 100 23341
1149 65 0 100 70021
1150 53 0 100 128371
1156 59 0 100 128371
1158 56 0 100 35011
1164 65 0 100 93361
1165 53 0 100 116701
1173 56 0 100 46681
1175 54 0 100 140041
1176 55 0 100 128371
1178 51 0 100 140041
1180 53 0 100 93361
1188 56 0 100 70021
1190 54 0 100 128371
1191 55 0 100 116701
1195 53 0 100 70021
1203 56 0 100 81691
1205 54 0 100 105030
1206 55 0 100 93361
1210 53 0 100 46681
1218 56 0 100 93361
1220 54 0 100 93360
1221 55 0 100 81690
1225 53 0 100 46681
1228 57 0 100 128371
1233 56 0 100 116701
1237 52 0 100 128371
1240 53 0 100 23340
1243 57 0 100 116701
1244 61 0 100 140042
1248 56 0 100 128372
1252 52 0 100 105031
1255 53 0 100 23340
1258 57 0 100 105030
1264 62 0 100 128371
1267 52 0 100 93361
1270 53 0 100 35011
1273 57 0 100 93360
1282 52 0 100 81690
1288 57 0 100 70020
1289 61 0 100 81691
1297 52 0 100 70020
1300 53 0 100 70021
1303 57 0 100 70020
1304 61 0 100 81691
1312 52 0 100 46680
1318 57 0 100 58350
1327 52 0 100 35010
1333 57 0 100 46680
1342 52 0 100 23340
1348 57 0 100 35010
1357 52 0 100 23340
1363 57 0 100 35010