65 1440
64 1441
46 1441
47 1441
45 1441
48 1441
49 1441
44 1441
50 1441
43 1441
41 1441
42 1441
40 1441
39 1441
38 1441
37 1441
35 1441
36 1441
60 1442
67 1443
54 1444
39 1444
38 1444
40 1444
37 1444
41 1444
42 1444
35 1444
36 1444
43 1444
34 1444
44 1444
33 1444
45 1444
32 1444
46 1444
31 1444
47 1444
48 1444
30 1444
49 1444
28 1444
29 1444
50 1444
70 1445
25 1445
56 1445
23 1445
24 1445
21 1445
22 1445
20 1445
18 1445
19 1445
17 1445
15 1445
16 1445
14 1445
13 1445
11 1445
12 1445
57 1446
69 1446
61 1447
62 1447
52 1448
55 1449
68 1450
62 1451
61 1451
69 1452
57 1452
51 1453
66 1454
58 1455
59 1456
53 1457
63 1458
20 1458
21 1458
18 1458
19 1458
22 1458
23 1458
17 1458
24 1458
25 1458
15 1458
16 1458
14 1458
13 1458
11 1458
12 1458
10 1458
8 1458
9 1458
7 1458
56 1459
26 1459
70 1459
27 1459
28 1459
29 1459
30 1459
31 1459
32 1459
33 1459
34 1459
35 1459
36 1459
37 1459
65 1460
64 1461
44 1461
45 1461
43 1461
46 1461
41 1461
42 1461
47 1461
48 1461
40 1461
49 1461
39 1461
50 1461
38 1461
37 1461
35 1461
36 1461
34 1461
33 1461
60 1462
67 1463
54 1464
70 1465
26 1465
27 1465
56 1465
28 1465
29 1465
30 1465
31 1465
32 1465
33 1465
34 1465
35 1465
36 1465
37 1465
38 1465
57 1466
59 1466
61 1467
52 1467
62 1467
69 1467
52 1468
61 1468
62 1468
55 1469
68 1470
62 1471
61 1471
52 1471
69 1472
51 1473
66 1474
58 1475
59 1476
53 1477
63 1478
22 1478
23 1478
20 1478
21 1478
24 1478
25 1478
18 1478
19 1478
17 1478
15 1478
16 1478
14 1478
13 1478
11 1478
12 1478
10 1478
8 1478
9 1478
56 1479
70 1479
28 1479
27 1479
29 1479
30 1479
26 1479
31 1479
32 1479
33 1479
34 1479
35 1479
36 1479
37 1479
38 1479
39 1479
65 1480
64 1481
42 1481
43 1481
54 1481
40 1481
41 1481
44 1481
58 1481
39 1481
45 1481
38 1481
46 1481
37 1481
47 1481
48 1481
35 1481
36 1481
49 1481
34 1481
50 1481
33 1481
32 1481
31 1481
60 1482
67 1483
54 1484
58 1484
64 1484
42 1484
43 1484
40 1484
41 1484
44 1484
39 1484
45 1484
38 1484
46 1484
37 1484
47 1484
48 1484
35 1484
36 1484
49 1484
34 1484
50 1484
33 1484
32 1484
31 1484
70 1485
28 1485
29 1485
56 1485
27 1485
30 1485
26 1485
31 1485
32 1485
33 1485
34 1485
35 1485
36 1485
37 1485
38 1485
39 1485
57 1486
61 1487
59 1487
62 1487
66 1487
52 1488
55 1489
68 1490
62 1491
54 1491
61 1491
66 1491
69 1492
51 1493
66 1494
54 1494
62 1494
61 1494
58 1495
59 1496
53 1497
58 1497
63 1498
24 1498
25 1498
23 1498
21 1498
22 1498
20 1498
18 1498
19 1498
17 1498
15 1498
16 1498
14 1498
13 1498
11 1498
12 1498
56 1499
70 1499
30 1499
28 1499
29 1499
31 1499
27 1499
32 1499
26 1499
33 1499
34 1499
35 1499
36 1499
37 1499
38 1499
39 1499
40 1499
65 1500
64 1501
41 1501
40 1501
42 1501
43 1501
39 1501
44 1501
38 1501
45 1501
37 1501
46 1501
35 1501
36 1501
47 1501
48 1501
34 1501
49 1501
33 1501
50 1501
32 1501
31 1501
60 1502
67 1503
54 1504
70 1505
30 1505
31 1505
56 1505
28 1505
29 1505
32 1505
27 1505
33 1505
26 1505
34 1505
35 1505
36 1505
37 1505
38 1505
39 1505
40 1505
41 1505
42 1505
57 1506
61 1507
62 1507
66 1507
52 1508
69 1508
55 1509
68 1510
62 1511
53 1511
61 1511
66 1511
69 1512
52 1512
51 1513
66 1514
53 1514
62 1514
61 1514
58 1515
59 1516
69 1516
53 1517
62 1517
66 1517
61 1517
63 1518
56 1519
70 1519
32 1519
31 1519
33 1519
30 1519
34 1519
28 1519
29 1519
35 1519
36 1519
27 1519
37 1519
26 1519
38 1519
39 1519
40 1519
41 1519
42 1519
43 1519
65 1520
64 1521
39 1521
38 1521
40 1521
37 1521
41 1521
42 1521
35 1521
36 1521
43 1521
34 1521
44 1521
33 1521
45 1521
32 1521
46 1521
31 1521
47 1521
48 1521
30 1521
49 1521
28 1521
29 1521
50 1521
60 1522
67 1523
58 1523
54 1524
69 1524
70 1525
32 1525
56 1525
31 1525
33 1525
30 1525
34 1525
28 1525
29 1525
35 1525
36 1525
27 1525
37 1525
26 1525
38 1525
39 1525
40 1525
41 1525
42 1525
43 1525
57 1526
61 1527
67 1527
62 1527
66 1527
52 1528
59 1528
55 1529
68 1530
62 1531
66 1531
67 1531
61 1531
69 1532
54 1532
51 1533
66 1534
62 1534
67 1534
61 1534
58 1535
57 1535
59 1536
53 1537
63 1538
27 1538
26 1538
28 1538
29 1538
30 1538
31 1538
32 1538
33 1538
34 1538
35 1538
36 1538
37 1538
38 1538
56 1539
70 1539
65 1540
64 1541
37 1541
35 1541
36 1541
38 1541
34 1541
39 1541
33 1541
40 1541
32 1541
41 1541
42 1541
31 1541
43 1541
30 1541
44 1541
28 1541
29 1541
45 1541
27 1541
46 1541
26 1541
47 1541
48 1541
60 1542
67 1543
54 1544
59 1544
70 1545
56 1545
57 1546
58 1546
61 1547
52 1548
55 1549
68 1550
62 1551
66 1551
69 1552
51 1553
66 1554
62 1554
58 1555
57 1555
56 1555
70 1555
59 1556
53 1557
63 1558
29 1558
27 1558
28 1558
30 1558
26 1558
31 1558
32 1558
33 1558
34 1558
35 1558
36 1558
37 1558
38 1558
39 1558
56 1559
57 1559
64 1559
70 1559
51 1559
58 1559
35 1559
34 1559
36 1559
37 1559
33 1559
38 1559
32 1559
39 1559
31 1559
40 1559
30 1559
41 1559
42 1559
28 1559
29 1559
43 1559
27 1559
44 1559
26 1559
45 1559
46 1559
65 1560
64 1561
35 1561
51 1561
56 1561
57 1561
70 1561
34 1561
36 1561
37 1561
58 1561
33 1561
38 1561
32 1561
39 1561
31 1561
40 1561
30 1561
41 1561
42 1561
28 1561
29 1561
43 1561
27 1561
44 1561
26 1561
45 1561
46 1561
60 1562
67 1563
69 1563
54 1564
70 1565
56 1565
61 1565
57 1566
51 1566
58 1566
64 1566
61 1567
56 1567
70 1567
52 1568
55 1569
62 1569
66 1569
70 1569
56 1569
61 1569
68 1570
62 1571
55 1571
56 1571
66 1571
70 1571
61 1571
69 1572
51 1573
66 1574
55 1574
56 1574
62 1574
70 1574
61 1574
58 1575
57 1575
64 1575
59 1576
53 1577
54 1577
63 1578
56 1579
70 1579
65 1580
64 1581
57 1581
58 1581
65 1581
60 1582
67 1583
59 1583
54 1584
70 1585
56 1585
57 1586
58 1586
63 1586
64 1586
65 1586
61 1587
52 1588
55 1589
68 1590
62 1591
66 1591
69 1592
51 1593
37 1593
35 1593
36 1593
38 1593
34 1593
39 1593
33 1593
40 1593
32 1593
41 1593
42 1593
31 1593
43 1593
30 1593
44 1593
28 1593
29 1593
45 1593
27 1593
46 1593
26 1593
47 1593
48 1593
66 1594
62 1594
58 1595
57 1595
63 1595
64 1595
59 1596
53 1597
63 1598
56 1599
70 1599
69 1599
65 1600
64 1601
57 1601
58 1601
60 1602
67 1603
54 1604
70 1605
56 1605
69 1605
57 1606
58 1606
64 1606
61 1607
52 1608
55 1609
68 1610
62 1611
66 1611
69 1612
51 1612
39 1612
38 1612
40 1612
37 1612
41 1612
42 1612
35 1612
36 1612
43 1612
34 1612
44 1612
33 1612
45 1612
32 1612
46 1612
31 1612
47 1612
48 1612
30 1612
49 1612
28 1612
29 1612
50 1612
51 1613
39 1613
69 1613
38 1613
40 1613
37 1613
41 1613
42 1613
35 1613
36 1613
43 1613
34 1613
44 1613
33 1613
45 1613
32 1613
46 1613
31 1613
47 1613
48 1613
30 1613
49 1613
28 1613
29 1613
50 1613
66 1614
62 1614
58 1615
57 1615
64 1615
59 1616
53 1617
67 1617
63 1618
56 1619
59 1619
70 1619
65 1620
64 1621
57 1621
60 1622
67 1623
54 1624
70 1625
56 1625
59 1625
57 1626
64 1626
61 1627
52 1628
55 1629
68 1630
62 1631
69 1632
65 1632
51 1633
41 1633
59 1633
40 1633
42 1633
43 1633
39 1633
44 1633
38 1633
45 1633
37 1633
46 1633
35 1633
36 1633
47 1633
48 1633
34 1633
49 1633
33 1633
50 1633
32 1633
31 1633
66 1634
58 1635
59 1636
51 1636
41 1636
42 1636
40 1636
43 1636
39 1636
44 1636
38 1636
45 1636
37 1636
46 1636
35 1636
36 1636
47 1636
48 1636
34 1636
49 1636
33 1636
50 1636
32 1636
31 1636
53 1637
63 1638
69 1638
56 1639
70 1639
65 1640
52 1640
64 1641
57 1641
68 1641
60 1641
60 1642
57 1642
64 1642
68 1642
67 1643
54 1644
70 1645
56 1645
57 1646
60 1646
64 1646
61 1647
62 1647
68 1647
52 1648
63 1648
55 1649
68 1650
61 1650
62 1651
69 1652
51 1653
43 1653
41 1653
42 1653
44 1653
40 1653
45 1653
39 1653
46 1653
38 1653
47 1653
48 1653
37 1653
49 1653
35 1653
36 1653
50 1653
34 1653
33 1653
32 1653
66 1654
58 1655
57 1655
60 1655
64 1655
59 1656
63 1656
53 1657
55 1657
70 1657
56 1657
63 1658
59 1658
56 1659
70 1659
65 1660
64 1661
57 1661
58 1661
60 1662
61 1662
62 1662
66 1662
67 1663
54 1664
63 1664
70 1665
56 1665
57 1666
58 1666
64 1666
61 1667
62 1667
52 1668
55 1669
68 1670
62 1671
27 1671
61 1671
26 1671
28 1671
29 1671
30 1671
31 1671
32 1671
33 1671
34 1671
35 1671
36 1671
37 1671
38 1671
69 1672
34 1672
33 1672
35 1672
36 1672
32 1672
37 1672
31 1672
38 1672
30 1672
39 1672
28 1672
29 1672
40 1672
27 1672
41 1672
42 1672
26 1672
43 1672
44 1672
45 1672
51 1673
45 1673
44 1673
46 1673
43 1673
47 1673
48 1673
41 1673
42 1673
49 1673
40 1673
50 1673
39 1673
38 1673
37 1673
35 1673
36 1673
34 1673
66 1674
58 1675
57 1675
64 1675
59 1676
53 1677
63 1678
56 1679
70 1679
65 1680
64 1681
57 1681
58 1681
60 1682
67 1683
54 1684
70 1685
56 1685
57 1686
58 1686
64 1686
61 1687
52 1688
34 1688
33 1688
35 1688
36 1688
32 1688
37 1688
31 1688
38 1688
30 1688
39 1688
28 1688
29 1688
40 1688
27 1688
41 1688
42 1688
26 1688
43 1688
44 1688
45 1688
55 1689
68 1690
62 1691
69 1692
32 1692
31 1692
33 1692
30 1692
34 1692
28 1692
29 1692
35 1692
36 1692
27 1692
37 1692
26 1692
38 1692
39 1692
40 1692
41 1692
42 1692
43 1692
51 1693
46 1693
47 1693
45 1693
48 1693
49 1693
44 1693
50 1693
43 1693
41 1693
42 1693
40 1693
39 1693
38 1693
37 1693
35 1693
36 1693
66 1694
58 1695
57 1695
64 1695
59 1696
35 1696
34 1696
36 1696
37 1696
33 1696
38 1696
32 1696
39 1696
31 1696
40 1696
30 1696
41 1696
42 1696
28 1696
29 1696
43 1696
27 1696
44 1696
26 1696
45 1696
46 1696
53 1697
63 1698
56 1699
70 1699
65 1700
64 1701
58 1701
57 1701
60 1702
32 1702
52 1702
31 1702
33 1702
30 1702
34 1702
28 1702
29 1702
35 1702
36 1702
27 1702
37 1702
26 1702
38 1702
39 1702
40 1702
41 1702
42 1702
43 1702
67 1703
63 1703
54 1704
70 1705
56 1705
57 1706
58 1706
64 1706
61 1707
52 1708
32 1708
60 1708
31 1708
33 1708
30 1708
34 1708
28 1708
29 1708
35 1708
36 1708
27 1708
37 1708
26 1708
38 1708
39 1708
40 1708
41 1708
42 1708
43 1708
55 1709
68 1710
62 1711
24 1711
23 1711
25 1711
21 1711
22 1711
20 1711
18 1711
19 1711
17 1711
15 1711
16 1711
14 1711
13 1711
11 1711
12 1711
69 1712
30 1712
28 1712
29 1712
31 1712
27 1712
32 1712
26 1712
33 1712
34 1712
35 1712
36 1712
37 1712
38 1712
39 1712
40 1712
51 1713
48 1713
49 1713
46 1713
47 1713
50 1713
45 1713
44 1713
43 1713
41 1713
42 1713
40 1713
39 1713
38 1713
37 1713
66 1714
58 1715
57 1715
64 1715
59 1716
33 1716
60 1716
32 1716
34 1716
31 1716
35 1716
36 1716
30 1716
37 1716
28 1716
29 1716
38 1716
27 1716
39 1716
26 1716
40 1716
41 1716
42 1716
43 1716
44 1716
53 1717
63 1718
56 1719
70 1719
65 1720
64 1721
58 1721
57 1721
60 1722
34 1722
33 1722
35 1722
36 1722
32 1722
37 1722
31 1722
38 1722
30 1722
39 1722
28 1722
29 1722
40 1722
27 1722
41 1722
42 1722
26 1722
43 1722
44 1722
45 1722
67 1723
54 1724
70 1725
56 1725
57 1726
20 1726
58 1726
18 1726
19 1726
21 1726
22 1726
64 1726
17 1726
23 1726
15 1726
16 1726
24 1726
25 1726
14 1726
13 1726
11 1726
12 1726
10 1726
8 1726
9 1726
7 1726
61 1727
52 1728
30 1728
28 1728
29 1728
31 1728
27 1728
32 1728
26 1728
33 1728
34 1728
35 1728
36 1728
37 1728
38 1728
39 1728
40 1728
55 1729
49 1729
47 1729
48 1729
50 1729
46 1729
45 1729
44 1729
43 1729
41 1729
42 1729
40 1729
39 1729
38 1729
68 1730
62 1731
22 1731
20 1731
21 1731
23 1731
18 1731
19 1731
24 1731
25 1731
17 1731
15 1731
16 1731
14 1731
13 1731
11 1731
12 1731
10 1731
8 1731
9 1731
69 1732
28 1732
27 1732
29 1732
30 1732
26 1732
31 1732
32 1732
33 1732
34 1732
35 1732
36 1732
37 1732
38 1732
39 1732
51 1733
49 1733
50 1733
47 1733
48 1733
46 1733
45 1733
44 1733
43 1733
41 1733
42 1733
40 1733
39 1733
38 1733
66 1734
58 1735
57 1735
59 1736
31 1736
30 1736
32 1736
28 1736
29 1736
33 1736
27 1736
34 1736
26 1736
35 1736
36 1736
37 1736
38 1736
39 1736
40 1736
41 1736
42 1736
53 1737
63 1738
56 1739
65 1739
70 1739
63 1739
65 1740
64 1741
60 1742
36 1742
53 1742
34 1742
35 1742
37 1742
33 1742
38 1742
32 1742
39 1742
31 1742
40 1742
30 1742
41 1742
42 1742
28 1742
29 1742
43 1742
27 1742
44 1742
26 1742
45 1742
46 1742
67 1743
54 1744
70 1745
56 1745
63 1745
57 1746
18 1746
58 1746
17 1746
19 1746
20 1746
15 1746
16 1746
21 1746
22 1746
14 1746
23 1746
13 1746
24 1746
25 1746
11 1746
12 1746
10 1746
8 1746
9 1746
7 1746
5 1746
6 1746
61 1747
62 1747
20 1747
21 1747
18 1747
19 1747
22 1747
23 1747
17 1747
24 1747
25 1747
15 1747
16 1747
14 1747
13 1747
11 1747
12 1747
10 1747
8 1747
9 1747
7 1747
52 1748
28 1748
27 1748
29 1748
30 1748
26 1748
31 1748
32 1748
33 1748
34 1748
35 1748
36 1748
37 1748
38 1748
39 1748
55 1749
47 1749
46 1749
48 1749
49 1749
45 1749
50 1749
44 1749
43 1749
41 1749
42 1749
40 1749
39 1749
38 1749
37 1749
68 1750
67 1750
62 1751
20 1751
21 1751
61 1751
18 1751
19 1751
22 1751
23 1751
17 1751
24 1751
25 1751
15 1751
16 1751
14 1751
13 1751
11 1751
12 1751
10 1751
8 1751
9 1751
7 1751
69 1752
26 1752
27 1752
28 1752
29 1752
30 1752
31 1752
32 1752
33 1752
34 1752
35 1752
36 1752
37 1752
51 1753
47 1753
48 1753
46 1753
49 1753
45 1753
50 1753
44 1753
43 1753
41 1753
42 1753
40 1753
39 1753
38 1753
37 1753
66 1754
58 1755
57 1755
17 1755
18 1755
15 1755
16 1755
19 1755
20 1755
14 1755
21 1755
22 1755
13 1755
23 1755
11 1755
12 1755
24 1755
25 1755
10 1755
8 1755
9 1755
7 1755
5 1755
6 1755
3 1755
4 1755
59 1756
29 1756
30 1756
27 1756
28 1756
31 1756
26 1756
32 1756
33 1756
34 1756
35 1756
36 1756
37 1756
38 1756
39 1756
40 1756
53 1757
63 1758
56 1759
70 1759
65 1760
64 1761
60 1762
38 1762
37 1762
39 1762
35 1762
36 1762
40 1762
34 1762
41 1762
42 1762
33 1762
43 1762
32 1762
44 1762
31 1762
45 1762
30 1762
46 1762
28 1762
29 1762
47 1762
48 1762
27 1762
49 1762
67 1763
54 1764
70 1765
56 1765
57 1766
16 1766
58 1766
14 1766
15 1766
17 1766
13 1766
18 1766
19 1766
11 1766
12 1766
20 1766
10 1766
21 1766
22 1766
8 1766
9 1766
23 1766
7 1766
24 1766
25 1766
5 1766
6 1766
3 1766
4 1766
1 1766
2 1766
61 1767
62 1767
18 1767
19 1767
17 1767
20 1767
15 1767
16 1767
21 1767
22 1767
14 1767
23 1767
13 1767
24 1767
25 1767
11 1767
12 1767
10 1767
8 1767
9 1767
7 1767
5 1767
6 1767
52 1768
26 1768
27 1768
28 1768
29 1768
30 1768
31 1768
32 1768
33 1768
34 1768
35 1768
36 1768
37 1768
55 1769
45 1769
44 1769
46 1769
43 1769
47 1769
48 1769
41 1769
42 1769
49 1769
40 1769
50 1769
39 1769
38 1769
37 1769
35 1769
36 1769
34 1769
68 1770
62 1771
18 1771
19 1771
61 1771
17 1771
20 1771
15 1771
16 1771
21 1771
22 1771
14 1771
23 1771
13 1771
24 1771
25 1771
11 1771
12 1771
10 1771
8 1771
9 1771
7 1771
5 1771
6 1771
69 1772
25 1772
23 1772
24 1772
21 1772
22 1772
20 1772
18 1772
19 1772
17 1772
15 1772
16 1772
14 1772
13 1772
11 1772
12 1772
51 1773
45 1773
46 1773
44 1773
47 1773
48 1773
43 1773
49 1773
41 1773
42 1773
50 1773
40 1773
39 1773
38 1773
37 1773
35 1773
36 1773
34 1773
66 1774
58 1775
57 1775
15 1775
16 1775
14 1775
17 1775
13 1775
18 1775
19 1775
11 1775
12 1775
20 1775
10 1775
21 1775
22 1775
8 1775
9 1775
23 1775
7 1775
24 1775
25 1775
5 1775
6 1775
3 1775
4 1775
1 1775
2 1775
59 1776
27 1776
28 1776
26 1776
29 1776
30 1776
31 1776
32 1776
33 1776
34 1776
35 1776
36 1776
37 1776
38 1776
39 1776
53 1777
63 1778
56 1779
70 1779
65 1780
64 1781
60 1782
39 1782
40 1782
38 1782
41 1782
42 1782
37 1782
43 1782
35 1782
36 1782
44 1782
34 1782
45 1782
33 1782
46 1782
32 1782
47 1782
48 1782
31 1782
49 1782
30 1782
50 1782
28 1782
29 1782
67 1783
54 1784
70 1785
56 1785
57 1786
14 1786
15 1786
58 1786
13 1786
16 1786
17 1786
11 1786
12 1786
18 1786
19 1786
10 1786
20 1786
8 1786
9 1786
21 1786
22 1786
7 1786
23 1786
5 1786
6 1786
24 1786
25 1786
3 1786
4 1786
1 1786
2 1786
61 1787
17 1787
62 1787
15 1787
18 1787
19 1787
16 1787
20 1787
14 1787
21 1787
22 1787
13 1787
23 1787
11 1787
12 1787
24 1787
25 1787
10 1787
8 1787
9 1787
7 1787
5 1787
6 1787
3 1787
4 1787
1 1787
2 1787
52 1788
25 1788
23 1788
24 1788
21 1788
22 1788
20 1788
18 1788
19 1788
17 1788
15 1788
16 1788
14 1788
13 1788
11 1788
12 1788
55 1789
43 1789
41 1789
42 1789
44 1789
40 1789
45 1789
39 1789
46 1789
38 1789
47 1789
48 1789
37 1789
49 1789
35 1789
36 1789
50 1789
34 1789
33 1789
32 1789
68 1790
56 1790
70 1790
62 1791
16 1791
17 1791
61 1791
14 1791
15 1791
18 1791
19 1791
13 1791
20 1791
11 1791
12 1791
21 1791
22 1791
10 1791
23 1791
8 1791
9 1791
24 1791
25 1791
7 1791
5 1791
6 1791
3 1791
4 1791
1 1791
2 1791
69 1792
23 1792
24 1792
21 1792
22 1792
25 1792
20 1792
18 1792
19 1792
17 1792
15 1792
16 1792
14 1792
13 1792
11 1792
12 1792
10 1792
51 1793
43 1793
44 1793
41 1793
42 1793
45 1793
40 1793
46 1793
39 1793
47 1793
48 1793
38 1793
49 1793
37 1793
50 1793
35 1793
36 1793
34 1793
33 1793
32 1793
66 1794
58 1795
57 1795
13 1795
14 1795
11 1795
12 1795
15 1795
16 1795
10 1795
17 1795
8 1795
9 1795
18 1795
19 1795
7 1795
20 1795
5 1795
6 1795
21 1795
22 1795
3 1795
4 1795
23 1795
1 1795
2 1795
24 1795
25 1795
59 1796
26 1796
27 1796
28 1796
29 1796
30 1796
31 1796
32 1796
33 1796
34 1796
35 1796
36 1796
37 1796
53 1797
63 1798
56 1799
70 1799
65 1800
64 1801
60 1802
41 1802
42 1802
55 1802
40 1802
43 1802
39 1802
44 1802
38 1802
45 1802
37 1802
46 1802
35 1802
36 1802
47 1802
48 1802
34 1802
49 1802
33 1802
50 1802
32 1802
31 1802
67 1803
54 1804
70 1805
56 1805
57 1806
12 1806
13 1806
58 1806
11 1806
14 1806
10 1806
15 1806
16 1806
8 1806
9 1806
17 1806
7 1806
18 1806
19 1806
5 1806
6 1806
20 1806
3 1806
4 1806
21 1806
22 1806
1 1806
2 1806
23 1806
24 1806
25 1806
61 1807
15 1807
62 1807
14 1807
16 1807
17 1807
13 1807
18 1807
19 1807
11 1807
12 1807
20 1807
10 1807
21 1807
22 1807
8 1807
9 1807
23 1807
7 1807
24 1807
25 1807
5 1807
6 1807
3 1807
4 1807
1 1807
2 1807
52 1808
23 1808
24 1808
21 1808
22 1808
25 1808
20 1808
18 1808
19 1808
17 1808
15 1808
16 1808
14 1808
13 1808
11 1808
12 1808
10 1808
55 1809
41 1809
60 1809
40 1809
43 1809
42 1809
51 1809
39 1809
44 1809
38 1809
45 1809
37 1809
46 1809
35 1809
36 1809
47 1809
48 1809
34 1809
49 1809
33 1809
50 1809
32 1809
31 1809
68 1810
62 1811
14 1811
15 1811
61 1811
13 1811
16 1811
17 1811
11 1811
12 1811
18 1811
19 1811
10 1811
20 1811
8 1811
9 1811
21 1811
22 1811
7 1811
23 1811
5 1811
6 1811
24 1811
25 1811
3 1811
4 1811
1 1811
2 1811
69 1812
21 1812
22 1812
20 1812
23 1812
18 1812
19 1812
24 1812
25 1812
17 1812
15 1812
16 1812
14 1812
13 1812
11 1812
12 1812
10 1812
8 1812
9 1812
51 1813
41 1813
42 1813
60 1813
40 1813
43 1813
39 1813
44 1813
38 1813
45 1813
37 1813
46 1813
35 1813
36 1813
47 1813
48 1813
34 1813
49 1813
33 1813
50 1813
32 1813
31 1813
66 1814
58 1815
57 1815
11 1815
12 1815
10 1815
13 1815
8 1815
9 1815
14 1815
7 1815
15 1815
16 1815
5 1815
6 1815
17 1815
3 1815
4 1815
18 1815
19 1815
1 1815
2 1815
20 1815
21 1815
22 1815
23 1815
24 1815
25 1815
59 1816
24 1816
25 1816
23 1816
21 1816
22 1816
20 1816
18 1816
19 1816
17 1816
15 1816
16 1816
14 1816
13 1816
11 1816
12 1816
53 1817
63 1818
56 1819
70 1819
65 1820
68 1820
64 1821
60 1822
43 1822
44 1822
41 1822
42 1822
45 1822
40 1822
46 1822
39 1822
47 1822
48 1822
38 1822
49 1822
37 1822
50 1822
35 1822
36 1822
34 1822
33 1822
32 1822
67 1823
54 1824
70 1825
56 1825
57 1826
10 1826
11 1826
58 1826
8 1826
9 1826
12 1826
13 1826
7 1826
14 1826
5 1826
6 1826
15 1826
16 1826
3 1826
4 1826
17 1826
1 1826
2 1826
18 1826
19 1826
20 1826
21 1826
22 1826
23 1826
24 1826
25 1826
61 1827
13 1827
62 1827
11 1827
12 1827
14 1827
10 1827
15 1827
16 1827
8 1827
9 1827
17 1827
7 1827
18 1827
19 1827
5 1827
6 1827
20 1827
3 1827
4 1827
21 1827
22 1827
1 1827
2 1827
23 1827
24 1827
25 1827
52 1828
21 1828
22 1828
20 1828
23 1828
18 1828
19 1828
24 1828
25 1828
17 1828
15 1828
16 1828
14 1828
13 1828
11 1828
12 1828
10 1828
8 1828
9 1828
55 1829
39 1829
38 1829
40 1829
37 1829
41 1829
42 1829
35 1829
36 1829
43 1829
34 1829
44 1829
33 1829
45 1829
32 1829
46 1829
31 1829
47 1829
48 1829
30 1829
49 1829
28 1829
29 1829
50 1829
68 1830
46 1830
45 1830
47 1830
48 1830
44 1830
49 1830
43 1830
50 1830
41 1830
42 1830
40 1830
39 1830
38 1830
37 1830
35 1830
36 1830
62 1831
12 1831
13 1831
61 1831
11 1831
14 1831
10 1831
15 1831
16 1831
8 1831
9 1831
17 1831
7 1831
18 1831
19 1831
5 1831
6 1831
20 1831
3 1831
4 1831
21 1831
22 1831
1 1831
2 1831
23 1831
24 1831
25 1831
69 1832
19 1832
20 1832
17 1832
18 1832
21 1832
22 1832
15 1832
16 1832
23 1832
14 1832
24 1832
25 1832
13 1832
11 1832
12 1832
10 1832
8 1832
9 1832
7 1832
5 1832
6 1832
51 1833
39 1833
40 1833
38 1833
41 1833
42 1833
37 1833
43 1833
35 1833
36 1833
44 1833
34 1833
45 1833
33 1833
46 1833
32 1833
47 1833
48 1833
31 1833
49 1833
30 1833
50 1833
28 1833
29 1833
66 1834
58 1835
57 1835
9 1835
10 1835
8 1835
11 1835
7 1835
12 1835
13 1835
5 1835
6 1835
14 1835
3 1835
4 1835
15 1835
16 1835
1 1835
2 1835
17 1835
18 1835
19 1835
20 1835
21 1835
22 1835
23 1835
59 1836
22 1836
23 1836
20 1836
21 1836
24 1836
25 1836
18 1836
19 1836
17 1836
15 1836
16 1836
14 1836
13 1836
11 1836
12 1836
10 1836
8 1836
9 1836
53 1837
63 1838
56 1839
70 1839
65 1840
64 1841
60 1842
45 1842
44 1842
46 1842
43 1842
47 1842
48 1842
41 1842
42 1842
49 1842
40 1842
50 1842
39 1842
38 1842
37 1842
35 1842
36 1842
34 1842
67 1843
54 1844
70 1845
56 1845
57 1846
8 1846
9 1846
58 1846
7 1846
10 1846
5 1846
6 1846
11 1846
3 1846
4 1846
12 1846
13 1846
1 1846
2 1846
14 1846
15 1846
16 1846
17 1846
18 1846
19 1846
20 1846
21 1846
22 1846
61 1847
11 1847
62 1847
10 1847
12 1847
13 1847
8 1847
9 1847
14 1847
7 1847
15 1847
16 1847
5 1847
6 1847
17 1847
3 1847
4 1847
18 1847
19 1847
1 1847
2 1847
20 1847
21 1847
22 1847
23 1847
24 1847
25 1847
52 1848
19 1848
20 1848
17 1848
18 1848
21 1848
22 1848
15 1848
16 1848
23 1848
14 1848
24 1848
25 1848
13 1848
11 1848
12 1848
10 1848
8 1848
9 1848
7 1848
5 1848
6 1848
55 1849
37 1849
35 1849
36 1849
38 1849
34 1849
39 1849
33 1849
40 1849
32 1849
41 1849
42 1849
31 1849
43 1849
30 1849
44 1849
28 1849
29 1849
45 1849
27 1849
46 1849
26 1849
47 1849
48 1849
68 1850
48 1850
46 1850
47 1850
49 1850
45 1850
50 1850
44 1850
43 1850
41 1850
42 1850
40 1850
39 1850
38 1850
37 1850
62 1851
10 1851
11 1851
61 1851
8 1851
9 1851
12 1851
13 1851
7 1851
14 1851
5 1851
6 1851
15 1851
16 1851
3 1851
4 1851
17 1851
1 1851
2 1851
18 1851
19 1851
20 1851
21 1851
22 1851
23 1851
24 1851
25 1851
69 1852
17 1852
18 1852
15 1852
16 1852
19 1852
20 1852
14 1852
21 1852
22 1852
13 1852
23 1852
11 1852
12 1852
24 1852
25 1852
10 1852
8 1852
9 1852
7 1852
5 1852
6 1852
3 1852
4 1852
51 1853
38 1853
37 1853
39 1853
35 1853
36 1853
40 1853
34 1853
41 1853
42 1853
33 1853
43 1853
32 1853
44 1853
31 1853
45 1853
30 1853
46 1853
28 1853
29 1853
47 1853
48 1853
27 1853
49 1853
66 1854
58 1855
57 1855
8 1855
7 1855
9 1855
10 1855
5 1855
6 1855
11 1855
3 1855
4 1855
12 1855
13 1855
1 1855
2 1855
14 1855
15 1855
16 1855
17 1855
18 1855
19 1855
20 1855
21 1855
22 1855
59 1856
20 1856
21 1856
18 1856
19 1856
22 1856
23 1856
17 1856
24 1856
25 1856
15 1856
16 1856
14 1856
13 1856
11 1856
12 1856
10 1856
8 1856
9 1856
7 1856
53 1857
63 1858
56 1859
70 1859
65 1860
64 1861
60 1862
47 1862
46 1862
48 1862
49 1862
45 1862
50 1862
44 1862
43 1862
41 1862
42 1862
40 1862
39 1862
38 1862
37 1862
67 1863
54 1864
70 1865
56 1865
57 1866
6 1866
7 1866
58 1866
5 1866
8 1866
3 1866
4 1866
9 1866
10 1866
1 1866
2 1866
11 1866
12 1866
13 1866
14 1866
15 1866
16 1866
17 1866
18 1866
19 1866
20 1866
61 1867
9 1867
62 1867
8 1867
10 1867
66 1867
7 1867
11 1867
5 1867
6 1867
12 1867
13 1867
3 1867
4 1867
14 1867
1 1867
2 1867
15 1867
16 1867
17 1867
18 1867
19 1867
20 1867
21 1867
22 1867
23 1867
52 1868
17 1868
18 1868
15 1868
16 1868
19 1868
20 1868
14 1868
21 1868
22 1868
13 1868
23 1868
11 1868
12 1868
24 1868
25 1868
10 1868
8 1868
9 1868
7 1868
5 1868
6 1868
3 1868
4 1868
55 1869
35 1869
34 1869
36 1869
37 1869
33 1869
38 1869
32 1869
39 1869
31 1869
40 1869
30 1869
41 1869
42 1869
28 1869
29 1869
43 1869
27 1869
44 1869
26 1869
45 1869
46 1869
68 1870
50 1870
49 1870
47 1870
48 1870
46 1870
45 1870
44 1870
43 1870
41 1870
42 1870
40 1870
39 1870
62 1871
9 1871
61 1871
66 1871
10 1871
8 1871
11 1871
7 1871
12 1871
13 1871
5 1871
6 1871
14 1871
3 1871
4 1871
15 1871
16 1871
1 1871
2 1871
17 1871
18 1871
19 1871
20 1871
21 1871
22 1871
69 1872
15 1872
16 1872
14 1872
17 1872
13 1872
18 1872
19 1872
11 1872
12 1872
20 1872
10 1872
21 1872
22 1872
8 1872
9 1872
23 1872
7 1872
24 1872
25 1872
5 1872
6 1872
3 1872
4 1872
1 1872
2 1872
51 1873
36 1873
34 1873
35 1873
37 1873
33 1873
38 1873
32 1873
39 1873
31 1873
40 1873
30 1873
41 1873
42 1873
28 1873
29 1873
43 1873
27 1873
44 1873
26 1873
45 1873
46 1873
66 1874
62 1874
8 1874
9 1874
61 1874
7 1874
10 1874
5 1874
6 1874
11 1874
3 1874
4 1874
12 1874
13 1874
1 1874
2 1874
14 1874
15 1874
16 1874
17 1874
18 1874
19 1874
20 1874
21 1874
22 1874
58 1875
7 1875
57 1875
5 1875
8 1875
6 1875
3 1875
4 1875
9 1875
10 1875
1 1875
2 1875
11 1875
12 1875
13 1875
14 1875
15 1875
16 1875
17 1875
18 1875
19 1875
20 1875
59 1876
18 1876
19 1876
17 1876
20 1876
15 1876
16 1876
21 1876
22 1876
14 1876
23 1876
13 1876
24 1876
25 1876
11 1876
12 1876
10 1876
8 1876
9 1876
7 1876
5 1876
6 1876
53 1877
24 1877
23 1877
25 1877
21 1877
22 1877
20 1877
18 1877
19 1877
17 1877
15 1877
16 1877
14 1877
13 1877
11 1877
12 1877
63 1878
56 1879
34 1879
70 1879
33 1879
35 1879
36 1879
32 1879
37 1879
31 1879
38 1879
30 1879
39 1879
28 1879
29 1879
40 1879
27 1879
41 1879
42 1879
26 1879
43 1879
44 1879
45 1879
65 1880
39 1880
38 1880
40 1880
37 1880
41 1880
42 1880
35 1880
36 1880
43 1880
34 1880
44 1880
33 1880
45 1880
32 1880
46 1880
31 1880
47 1880
48 1880
30 1880
49 1880
28 1880
29 1880
50 1880
64 1881
60 1882
49 1882
47 1882
48 1882
50 1882
46 1882
45 1882
44 1882
43 1882
41 1882
42 1882
40 1882
39 1882
38 1882
67 1883
54 1884
70 1885
56 1885
33 1885
32 1885
34 1885
31 1885
35 1885
36 1885
30 1885
37 1885
28 1885
29 1885
38 1885
27 1885
39 1885
26 1885
40 1885
41 1885
42 1885
43 1885
44 1885
57 1886
4 1886
5 1886
58 1886
2 1886
3 1886
7 1886
6 1886
1 1886
8 1886
9 1886
10 1886
11 1886
12 1886
13 1886
14 1886
15 1886
16 1886
17 1886
18 1886
19 1886
61 1887
7 1887
8 1887
62 1887
5 1887
6 1887
9 1887
10 1887
66 1887
3 1887
4 1887
11 1887
1 1887
2 1887
12 1887
13 1887
14 1887
15 1887
16 1887
17 1887
18 1887
19 1887
20 1887
21 1887
22 1887
52 1888
15 1888
16 1888
14 1888
17 1888
13 1888
18 1888
19 1888
11 1888
12 1888
20 1888
10 1888
21 1888
22 1888
8 1888
9 1888
23 1888
7 1888
24 1888
25 1888
5 1888
6 1888
3 1888
4 1888
1 1888
2 1888
55 1889
33 1889
32 1889
34 1889
31 1889
35 1889
36 1889
30 1889
37 1889
28 1889
29 1889
38 1889
27 1889
39 1889
26 1889
40 1889
41 1889
42 1889
43 1889
44 1889
68 1890
48 1890
49 1890
46 1890
47 1890
50 1890
45 1890
44 1890
43 1890
41 1890
42 1890
40 1890
39 1890
38 1890
37 1890
62 1891
7 1891
61 1891
66 1891
5 1891
8 1891
6 1891
3 1891
4 1891
9 1891
10 1891
1 1891
2 1891
11 1891
12 1891
13 1891
14 1891
15 1891
16 1891
17 1891
18 1891
19 1891
20 1891
69 1892
13 1892
14 1892
11 1892
12 1892
15 1892
16 1892
10 1892
17 1892
8 1892
9 1892
18 1892
19 1892
7 1892
20 1892
5 1892
6 1892
21 1892
22 1892
3 1892
4 1892
23 1892
1 1892
2 1892
24 1892
25 1892
51 1893
34 1893
33 1893
35 1893
36 1893
32 1893
37 1893
31 1893
38 1893
30 1893
39 1893
28 1893
29 1893
40 1893
27 1893
41 1893
42 1893
26 1893
43 1893
44 1893
45 1893
66 1894
62 1894
6 1894
7 1894
61 1894
5 1894
8 1894
3 1894
4 1894
9 1894
10 1894
1 1894
2 1894
11 1894
12 1894
13 1894
14 1894
15 1894
16 1894
17 1894
18 1894
19 1894
20 1894
58 1895
5 1895
57 1895
3 1895
6 1895
7 1895
4 1895
1 1895
8 1895
2 1895
9 1895
10 1895
11 1895
12 1895
13 1895
14 1895
15 1895
16 1895
17 1895
18 1895
19 1895
59 1896
17 1896
15 1896
16 1896
18 1896
19 1896
14 1896
20 1896
13 1896
21 1896
22 1896
11 1896
12 1896
23 1896
10 1896
24 1896
25 1896
8 1896
9 1896
7 1896
5 1896
6 1896
3 1896
4 1896
53 1897
22 1897
23 1897
20 1897
21 1897
24 1897
25 1897
18 1897
19 1897
17 1897
15 1897
16 1897
14 1897
13 1897
11 1897
12 1897
10 1897
8 1897
9 1897
63 1898
56 1899
32 1899
70 1899
31 1899
33 1899
30 1899
34 1899
28 1899
29 1899
35 1899
36 1899
27 1899
37 1899
26 1899
38 1899
39 1899
40 1899
41 1899
42 1899
43 1899
65 1900
37 1900
35 1900
36 1900
38 1900
34 1900
39 1900
33 1900
40 1900
32 1900
41 1900
42 1900
31 1900
43 1900
30 1900
44 1900
28 1900
29 1900
45 1900
27 1900
46 1900
26 1900
47 1900
48 1900
64 1901
60 1902
49 1902
47 1902
48 1902
50 1902
46 1902
45 1902
44 1902
43 1902
41 1902
42 1902
40 1902
39 1902
38 1902
67 1903
54 1904
18 1904
17 1904
19 1904
20 1904
15 1904
16 1904
21 1904
22 1904
14 1904
23 1904
13 1904
24 1904
25 1904
11 1904
12 1904
10 1904
8 1904
9 1904
7 1904
5 1904
6 1904
70 1905
56 1905
31 1905
32 1905
30 1905
33 1905
28 1905
29 1905
34 1905
27 1905
35 1905
36 1905
26 1905
37 1905
38 1905
39 1905
40 1905
41 1905
42 1905
43 1905
57 1906
2 1906
3 1906
58 1906
1 1906
5 1906
4 1906
6 1906
7 1906
8 1906
9 1906
10 1906
11 1906
12 1906
13 1906
14 1906
15 1906
16 1906
17 1906
61 1907
5 1907
6 1907
62 1907
3 1907
4 1907
7 1907
66 1907
1 1907
2 1907
8 1907
9 1907
10 1907
11 1907
12 1907
13 1907
14 1907
15 1907
16 1907
17 1907
18 1907
19 1907
52 1908
13 1908
14 1908
11 1908
12 1908
15 1908
16 1908
10 1908
17 1908
8 1908
9 1908
18 1908
19 1908
7 1908
20 1908
5 1908
6 1908
21 1908
22 1908
3 1908
4 1908
23 1908
1 1908
2 1908
24 1908
25 1908
55 1909
32 1909
31 1909
33 1909
30 1909
34 1909
28 1909
29 1909
35 1909
36 1909
27 1909
37 1909
26 1909
38 1909
39 1909
40 1909
41 1909
42 1909
43 1909
68 1910
46 1910
47 1910
45 1910
48 1910
49 1910
44 1910
50 1910
43 1910
41 1910
42 1910
40 1910
39 1910
38 1910
37 1910
35 1910
36 1910
62 1911
5 1911
61 1911
66 1911
3 1911
6 1911
7 1911
4 1911
1 1911
8 1911
2 1911
9 1911
10 1911
11 1911
12 1911
13 1911
14 1911
15 1911
16 1911
17 1911
18 1911
19 1911
69 1912
11 1912
12 1912
10 1912
13 1912
8 1912
9 1912
14 1912
7 1912
15 1912
16 1912
5 1912
6 1912
17 1912
3 1912
4 1912
18 1912
19 1912
1 1912
2 1912
20 1912
21 1912
22 1912
23 1912
24 1912
25 1912
51 1913
32 1913
31 1913
33 1913
30 1913
34 1913
28 1913
29 1913
35 1913
36 1913
27 1913
37 1913
26 1913
38 1913
39 1913
40 1913
41 1913
42 1913
43 1913
66 1914
62 1914
5 1914
61 1914
3 1914
6 1914
7 1914
4 1914
1 1914
8 1914
2 1914
9 1914
10 1914
11 1914
12 1914
13 1914
14 1914
15 1914
16 1914
17 1914
18 1914
19 1914
58 1915
3 1915
57 1915
64 1915
1 1915
4 1915
5 1915
2 1915
6 1915
7 1915
8 1915
9 1915
10 1915
11 1915
12 1915
13 1915
14 1915
15 1915
16 1915
17 1915
59 1916
15 1916
16 1916
14 1916
17 1916
13 1916
18 1916
19 1916
11 1916
12 1916
20 1916
10 1916
21 1916
22 1916
8 1916
9 1916
23 1916
7 1916
24 1916
25 1916
5 1916
6 1916
3 1916
4 1916
1 1916
2 1916
53 1917
20 1917
21 1917
18 1917
19 1917
22 1917
23 1917
17 1917
24 1917
25 1917
15 1917
16 1917
14 1917
13 1917
11 1917
12 1917
10 1917
8 1917
9 1917
7 1917
63 1918
56 1919
30 1919
70 1919
28 1919
29 1919
31 1919
27 1919
32 1919
26 1919
33 1919
34 1919
35 1919
36 1919
37 1919
38 1919
39 1919
40 1919
65 1920
35 1920
34 1920
36 1920
37 1920
33 1920
38 1920
32 1920
39 1920
31 1920
40 1920
30 1920
41 1920
42 1920
28 1920
29 1920
43 1920
27 1920
44 1920
26 1920
45 1920
46 1920
64 1921
60 1922
47 1922
46 1922
48 1922
49 1922
45 1922
50 1922
44 1922
43 1922
41 1922
42 1922
40 1922
39 1922
38 1922
37 1922
67 1923
23 1923
21 1923
22 1923
24 1923
25 1923
20 1923
18 1923
19 1923
17 1923
15 1923
16 1923
14 1923
13 1923
11 1923
12 1923
10 1923
54 1924
16 1924
14 1924
15 1924
17 1924
13 1924
18 1924
19 1924
11 1924
12 1924
20 1924
10 1924
21 1924
22 1924
8 1924
9 1924
23 1924
7 1924
24 1924
25 1924
5 1924
6 1924
3 1924
4 1924
1 1924
2 1924
70 1925
56 1925
29 1925
30 1925
27 1925
28 1925
31 1925
26 1925
32 1925
33 1925
34 1925
35 1925
36 1925
37 1925
38 1925
39 1925
40 1925
57 1926
1 1926
58 1926
3 1926
2 1926
5 1926
4 1926
6 1926
7 1926
8 1926
9 1926
10 1926
11 1926
12 1926
13 1926
14 1926
15 1926
16 1926
61 1927
3 1927
4 1927
62 1927
1 1927
2 1927
5 1927
66 1927
6 1927
7 1927
8 1927
9 1927
10 1927
11 1927
12 1927
13 1927
14 1927
15 1927
16 1927
17 1927
52 1928
12 1928
11 1928
13 1928
10 1928
14 1928
8 1928
9 1928
15 1928
16 1928
7 1928
17 1928
5 1928
6 1928
18 1928
19 1928
3 1928
4 1928
20 1928
1 1928
2 1928
21 1928
22 1928
23 1928
24 1928
25 1928
55 1929
30 1929
28 1929
29 1929
31 1929
27 1929
32 1929
26 1929
33 1929
34 1929
35 1929
36 1929
37 1929
38 1929
39 1929
40 1929
68 1930
44 1930
45 1930
43 1930
46 1930
41 1930
42 1930
47 1930
48 1930
40 1930
49 1930
39 1930
50 1930
38 1930
37 1930
35 1930
36 1930
34 1930
33 1930
62 1931
3 1931
61 1931
66 1931
1 1931
2 1931
5 1931
4 1931
6 1931
7 1931
8 1931
9 1931
10 1931
11 1931
12 1931
13 1931
14 1931
15 1931
16 1931
17 1931
69 1932
10 1932
8 1932
9 1932
11 1932
7 1932
12 1932
13 1932
5 1932
6 1932
14 1932
3 1932
4 1932
15 1932
16 1932
1 1932
2 1932
17 1932
18 1932
19 1932
20 1932
21 1932
22 1932
23 1932
51 1933
66 1934
3 1934
62 1934
1 1934
2 1934
4 1934
5 1934
61 1934
6 1934
7 1934
8 1934
9 1934
10 1934
11 1934
12 1934
13 1934
14 1934
15 1934
16 1934
17 1934
58 1935
1 1935
57 1935
3 1935
2 1935
5 1935
4 1935
6 1935
7 1935
8 1935
9 1935
10 1935
11 1935
12 1935
13 1935
14 1935
15 1935
16 1935
59 1936
13 1936
14 1936
11 1936
12 1936
15 1936
16 1936
10 1936
17 1936
8 1936
9 1936
18 1936
19 1936
7 1936
20 1936
5 1936
6 1936
21 1936
22 1936
3 1936
4 1936
23 1936
1 1936
2 1936
24 1936
25 1936
53 1937
19 1937
17 1937
18 1937
20 1937
15 1937
16 1937
21 1937
22 1937
14 1937
23 1937
13 1937
24 1937
25 1937
11 1937
12 1937
10 1937
8 1937
9 1937
7 1937
5 1937
6 1937
63 1938
56 1939
28 1939
29 1939
55 1939
70 1939
27 1939
30 1939
26 1939
31 1939
32 1939
33 1939
34 1939
35 1939
36 1939
37 1939
38 1939
39 1939
65 1940
33 1940
32 1940
34 1940
31 1940
35 1940
36 1940
30 1940
37 1940
28 1940
29 1940
38 1940
27 1940
39 1940
26 1940
40 1940
41 1940
42 1940
43 1940
44 1940
64 1941
62 1941
66 1941
61 1941
2 1941
3 1941
57 1941
58 1941
1 1941
4 1941
5 1941
6 1941
7 1941
8 1941
9 1941
10 1941
11 1941
12 1941
13 1941
14 1941
15 1941
16 1941
17 1941
60 1942
45 1942
44 1942
46 1942
43 1942
47 1942
48 1942
41 1942
42 1942
49 1942
40 1942
50 1942
39 1942
38 1942
37 1942
35 1942
36 1942
34 1942
67 1943
21 1943
20 1943
22 1943
23 1943
18 1943
19 1943
24 1943
25 1943
17 1943
15 1943
16 1943
14 1943
13 1943
11 1943
12 1943
10 1943
8 1943
9 1943
54 1944
14 1944
13 1944
15 1944
16 1944
11 1944
12 1944
17 1944
10 1944
18 1944
19 1944
8 1944
9 1944
20 1944
7 1944
21 1944
22 1944
5 1944
6 1944
23 1944
3 1944
4 1944
24 1944
25 1944
1 1944
2 1944
70 1945
56 1945
27 1945
28 1945
55 1945
26 1945
29 1945
30 1945
31 1945
32 1945
33 1945
34 1945
35 1945
36 1945
37 1945
38 1945
39 1945
57 1946
3 1946
58 1946
66 1946
1 1946
4 1946
5 1946
61 1946
2 1946
62 1946
64 1946
6 1946
7 1946
8 1946
9 1946
10 1946
11 1946
12 1946
13 1946
14 1946
15 1946
16 1946
17 1946
61 1947
1 1947
2 1947
62 1947
3 1947
4 1947
58 1947
66 1947
5 1947
6 1947
7 1947
8 1947
9 1947
10 1947
11 1947
12 1947
13 1947
14 1947
15 1947
16 1947
52 1948
10 1948
8 1948
9 1948
11 1948
7 1948
12 1948
13 1948
5 1948
6 1948
14 1948
3 1948
4 1948
15 1948
16 1948
1 1948
2 1948
17 1948
18 1948
19 1948
20 1948
21 1948
22 1948
23 1948
55 1949
28 1949
56 1949
29 1949
30 1949
27 1949
70 1949
31 1949
26 1949
32 1949
33 1949
34 1949
35 1949
36 1949
37 1949
38 1949
39 1949
68 1950
42 1950
43 1950
40 1950
41 1950
44 1950
39 1950
45 1950
38 1950
46 1950
37 1950
47 1950
48 1950
35 1950
36 1950
49 1950
34 1950
50 1950
33 1950
32 1950
31 1950
62 1951
1 1951
61 1951
66 1951
3 1951
2 1951
58 1951
5 1951
4 1951
57 1951
6 1951
7 1951
8 1951
9 1951
10 1951
11 1951
12 1951
13 1951
14 1951
15 1951
16 1951
69 1952
8 1952
7 1952
9 1952
10 1952
5 1952
6 1952
11 1952
3 1952
4 1952
12 1952
13 1952
1 1952
2 1952
14 1952
15 1952
16 1952
17 1952
18 1952
19 1952
20 1952
21 1952
22 1952
51 1953
66 1954
1 1954
2 1954
61 1954
62 1954
3 1954
4 1954
5 1954
6 1954
7 1954
8 1954
9 1954
10 1954
11 1954
12 1954
13 1954
14 1954
15 1954
16 1954
58 1955
3 1955
57 1955
1 1955
2 1955
5 1955
4 1955
6 1955
7 1955
8 1955
9 1955
10 1955
11 1955
12 1955
13 1955
14 1955
15 1955
16 1955
17 1955
59 1956
11 1956
12 1956
10 1956
13 1956
8 1956
9 1956
14 1956
7 1956
15 1956
16 1956
5 1956
6 1956
17 1956
3 1956
4 1956
18 1956
19 1956
1 1956
2 1956
20 1956
21 1956
22 1956
23 1956
24 1956
25 1956
53 1957
17 1957
15 1957
16 1957
18 1957
19 1957
14 1957
20 1957
13 1957
21 1957
22 1957
11 1957
12 1957
23 1957
10 1957
24 1957
25 1957
8 1957
9 1957
7 1957
5 1957
6 1957
3 1957
4 1957
63 1958
56 1959
26 1959
27 1959
70 1959
28 1959
29 1959
30 1959
31 1959
32 1959
33 1959
34 1959
35 1959
36 1959
37 1959
38 1959
65 1960
31 1960
30 1960
32 1960
28 1960
29 1960
33 1960
27 1960
34 1960
26 1960
35 1960
36 1960
37 1960
38 1960
39 1960
40 1960
41 1960
42 1960
64 1961
4 1961
2 1961
3 1961
5 1961
1 1961
6 1961
7 1961
8 1961
9 1961
10 1961
11 1961
12 1961
13 1961
14 1961
15 1961
16 1961
17 1961
60 1962
43 1962
41 1962
42 1962
44 1962
40 1962
45 1962
39 1962
46 1962
38 1962
47 1962
48 1962
37 1962
49 1962
35 1962
36 1962
50 1962
34 1962
33 1962
32 1962
67 1963
19 1963
17 1963
18 1963
20 1963
15 1963
16 1963
21 1963
22 1963
14 1963
23 1963
13 1963
24 1963
25 1963
11 1963
12 1963
10 1963
8 1963
9 1963
7 1963
5 1963
6 1963
54 1964
12 1964
11 1964
13 1964
10 1964
14 1964
8 1964
9 1964
15 1964
16 1964
7 1964
17 1964
5 1964
6 1964
18 1964
19 1964
3 1964
4 1964
20 1964
1 1964
2 1964
21 1964
22 1964
23 1964
24 1964
25 1964
70 1965
56 1965
26 1965
27 1965
28 1965
29 1965
30 1965
31 1965
32 1965
33 1965
34 1965
35 1965
36 1965
37 1965
57 1966
4 1966
5 1966
58 1966
2 1966
3 1966
6 1966
7 1966
1 1966
8 1966
9 1966
10 1966
11 1966
12 1966
13 1966
14 1966
15 1966
16 1966
17 1966
18 1966
19 1966
61 1967
2 1967
3 1967
62 1967
66 1967
1 1967
4 1967
5 1967
6 1967
7 1967
8 1967
9 1967
10 1967
11 1967
12 1967
13 1967
14 1967
15 1967
16 1967
17 1967
52 1968
8 1968
7 1968
9 1968
10 1968
5 1968
6 1968
11 1968
3 1968
4 1968
12 1968
13 1968
1 1968
2 1968
14 1968
15 1968
16 1968
17 1968
18 1968
19 1968
20 1968
21 1968
22 1968
55 1969
68 1970
40 1970
41 1970
39 1970
42 1970
43 1970
38 1970
44 1970
37 1970
45 1970
35 1970
36 1970
46 1970
34 1970
47 1970
48 1970
33 1970
49 1970
32 1970
50 1970
31 1970
30 1970
62 1971
61 1971
66 1971
3 1971
2 1971
5 1971
1 1971
4 1971
6 1971
7 1971
8 1971
9 1971
10 1971
11 1971
12 1971
13 1971
14 1971
15 1971
16 1971
17 1971
69 1972
6 1972
5 1972
7 1972
3 1972
4 1972
8 1972
1 1972
2 1972
9 1972
10 1972
11 1972
12 1972
13 1972
14 1972
15 1972
16 1972
17 1972
18 1972
19 1972
51 1973
66 1974
2 1974
3 1974
61 1974
62 1974
1 1974
4 1974
5 1974
6 1974
7 1974
8 1974
9 1974
10 1974
11 1974
12 1974
13 1974
14 1974
15 1974
16 1974
17 1974
58 1975
4 1975
5 1975
57 1975
2 1975
3 1975
7 1975
6 1975
69 1975
1 1975
8 1975
9 1975
10 1975
11 1975
12 1975
13 1975
14 1975
15 1975
16 1975
17 1975
18 1975
19 1975
59 1976
9 1976
10 1976
8 1976
11 1976
7 1976
12 1976
13 1976
5 1976
6 1976
14 1976
3 1976
4 1976
15 1976
16 1976
1 1976
2 1976
17 1976
18 1976
19 1976
20 1976
21 1976
22 1976
23 1976
53 1977
15 1977
14 1977
16 1977
17 1977
13 1977
18 1977
19 1977
11 1977
12 1977
20 1977
10 1977
21 1977
22 1977
8 1977
9 1977
23 1977
7 1977
24 1977
25 1977
5 1977
6 1977
3 1977
4 1977
1 1977
2 1977
63 1978
56 1979
25 1979
70 1979
23 1979
24 1979
55 1979
21 1979
22 1979
20 1979
18 1979
19 1979
17 1979
15 1979
16 1979
14 1979
13 1979
11 1979
12 1979
65 1980
29 1980
27 1980
28 1980
30 1980
26 1980
31 1980
32 1980
33 1980
34 1980
35 1980
36 1980
37 1980
38 1980
39 1980
64 1981
6 1981
52 1981
69 1981
7 1981
57 1981
5 1981
8 1981
3 1981
4 1981
9 1981
10 1981
1 1981
2 1981
11 1981
12 1981
13 1981
14 1981
15 1981
16 1981
17 1981
18 1981
19 1981
20 1981
60 1982
41 1982
40 1982
42 1982
43 1982
39 1982
44 1982
38 1982
45 1982
37 1982
46 1982
35 1982
36 1982
47 1982
48 1982
34 1982
49 1982
33 1982
50 1982
32 1982
31 1982
67 1983
17 1983
18 1983
15 1983
16 1983
19 1983
20 1983
14 1983
21 1983
22 1983
13 1983
23 1983
11 1983
12 1983
24 1983
25 1983
10 1983
8 1983
9 1983
7 1983
5 1983
6 1983
3 1983
4 1983
54 1984
10 1984
11 1984
8 1984
9 1984
12 1984
13 1984
7 1984
14 1984
5 1984
6 1984
15 1984
16 1984
3 1984
4 1984
17 1984
1 1984
2 1984
18 1984
19 1984
20 1984
21 1984
22 1984
23 1984
24 1984
25 1984
70 1985
55 1985
56 1985
25 1985
23 1985
24 1985
21 1985
22 1985
20 1985
18 1985
19 1985
17 1985
15 1985
16 1985
14 1985
13 1985
11 1985
12 1985
57 1986
6 1986
7 1986
52 1986
58 1986
5 1986
8 1986
64 1986
3 1986
4 1986
9 1986
10 1986
1 1986
2 1986
11 1986
12 1986
13 1986
14 1986
15 1986
16 1986
17 1986
18 1986
19 1986
20 1986
61 1987
4 1987
5 1987
62 1987
66 1987
69 1987
2 1987
6 1987
7 1987
3 1987
8 1987
1 1987
9 1987
10 1987
11 1987
12 1987
13 1987
14 1987
15 1987
16 1987
17 1987
18 1987
19 1987
52 1988
6 1988
58 1988
64 1988
5 1988
7 1988
57 1988
3 1988
4 1988
8 1988
1 1988
2 1988
9 1988
10 1988
11 1988
12 1988
13 1988
14 1988
15 1988
16 1988
17 1988
18 1988
19 1988
20 1988
55 1989
70 1989
56 1989
24 1989
25 1989
23 1989
21 1989
22 1989
20 1989
18 1989
19 1989
17 1989
15 1989
16 1989
14 1989
13 1989
11 1989
12 1989
68 1990
39 1990
38 1990
40 1990
37 1990
41 1990
42 1990
35 1990
36 1990
43 1990
34 1990
44 1990
33 1990
45 1990
32 1990
46 1990
31 1990
47 1990
48 1990
30 1990
49 1990
28 1990
29 1990
50 1990
62 1991
61 1991
66 1991
69 1991
4 1991
5 1991
2 1991
3 1991
6 1991
7 1991
1 1991
8 1991
9 1991
10 1991
11 1991
12 1991
13 1991
14 1991
15 1991
16 1991
17 1991
18 1991
19 1991
69 1992
4 1992
61 1992
62 1992
66 1992
2 1992
3 1992
5 1992
1 1992
6 1992
7 1992
8 1992
9 1992
10 1992
11 1992
12 1992
13 1992
14 1992
15 1992
16 1992
17 1992
18 1992
19 1992
51 1993
66 1994
4 1994
5 1994
61 1994
62 1994
69 1994
2 1994
3 1994
6 1994
7 1994
1 1994
8 1994
9 1994
10 1994
11 1994
12 1994
13 1994
14 1994
15 1994
16 1994
17 1994
18 1994
19 1994
58 1995
6 1995
7 1995
57 1995
5 1995
8 1995
59 1995
3 1995
4 1995
9 1995
10 1995
1 1995
2 1995
11 1995
12 1995
13 1995
14 1995
15 1995
16 1995
17 1995
18 1995
19 1995
20 1995
21 1995
22 1995
59 1996
7 1996
8 1996
57 1996
64 1996
5 1996
6 1996
9 1996
10 1996
58 1996
3 1996
4 1996
11 1996
1 1996
2 1996
12 1996
13 1996
14 1996
15 1996
16 1996
17 1996
18 1996
19 1996
20 1996
21 1996
22 1996
53 1997
13 1997
11 1997
12 1997
14 1997
10 1997
15 1997
16 1997
8 1997
9 1997
17 1997
7 1997
18 1997
19 1997
5 1997
6 1997
20 1997
3 1997
4 1997
21 1997
22 1997
1 1997
2 1997
23 1997
24 1997
25 1997
63 1998
56 1999
23 1999
24 1999
70 1999
21 1999
22 1999
25 1999
20 1999
18 1999
19 1999
17 1999
15 1999
16 1999
14 1999
13 1999
11 1999
12 1999
10 1999
65 2000
64 2001
8 2001
54 2001
7 2001
10 2001
9 2001
57 2001
5 2001
6 2001
11 2001
3 2001
4 2001
12 2001
13 2001
1 2001
2 2001
14 2001
15 2001
16 2001
17 2001
18 2001
19 2001
20 2001
21 2001
22 2001
60 2002
67 2003
15 2003
16 2003
14 2003
17 2003
13 2003
18 2003
19 2003
11 2003
12 2003
20 2003
10 2003
21 2003
22 2003
8 2003
9 2003
23 2003
7 2003
24 2003
25 2003
5 2003
6 2003
3 2003
4 2003
1 2003
2 2003
54 2004
8 2004
9 2004
57 2004
64 2004
7 2004
10 2004
58 2004
5 2004
6 2004
11 2004
3 2004
4 2004
12 2004
13 2004
1 2004
2 2004
14 2004
15 2004
16 2004
17 2004
18 2004
19 2004
20 2004
21 2004
22 2004
70 2005
56 2005
23 2005
21 2005
22 2005
24 2005
25 2005
20 2005
18 2005
19 2005
17 2005
15 2005
16 2005
14 2005
13 2005
11 2005
12 2005
10 2005
57 2006
8 2006
9 2006
54 2006
58 2006
7 2006
10 2006
64 2006
5 2006
6 2006
11 2006
3 2006
4 2006
12 2006
13 2006
1 2006
2 2006
14 2006
15 2006
16 2006
17 2006
18 2006
19 2006
20 2006
21 2006
22 2006
61 2007
6 2007
7 2007
59 2007
62 2007
66 2007
8 2007
5 2007
9 2007
10 2007
3 2007
4 2007
11 2007
1 2007
2 2007
12 2007
13 2007
14 2007
15 2007
16 2007
17 2007
18 2007
19 2007
20 2007
52 2008
4 2008
2 2008
3 2008
5 2008
1 2008
6 2008
7 2008
8 2008
9 2008
10 2008
11 2008
12 2008
13 2008
14 2008
15 2008
16 2008
17 2008
55 2009
68 2010
37 2010
35 2010
36 2010
38 2010
34 2010
39 2010
33 2010
40 2010
32 2010
41 2010
42 2010
31 2010
43 2010
30 2010
44 2010
28 2010
29 2010
45 2010
27 2010
46 2010
26 2010
47 2010
48 2010
62 2011
59 2011
61 2011
66 2011
7 2011
6 2011
8 2011
5 2011
9 2011
10 2011
3 2011
4 2011
11 2011
1 2011
2 2011
12 2011
13 2011
14 2011
15 2011
16 2011
17 2011
18 2011
19 2011
20 2011
69 2012
2 2012
1 2012
3 2012
4 2012
5 2012
6 2012
7 2012
8 2012
9 2012
10 2012
11 2012
12 2012
13 2012
14 2012
15 2012
16 2012
51 2013
66 2014
6 2014
7 2014
59 2014
61 2014
62 2014
5 2014
8 2014
54 2014
3 2014
4 2014
9 2014
10 2014
1 2014
2 2014
11 2014
12 2014
13 2014
14 2014
15 2014
16 2014
17 2014
18 2014
19 2014
20 2014
58 2015
8 2015
9 2015
57 2015
7 2015
10 2015
5 2015
6 2015
11 2015
3 2015
4 2015
12 2015
13 2015
1 2015
2 2015
14 2015
15 2015
16 2015
17 2015
18 2015
19 2015
20 2015
21 2015
22 2015
59 2016
5 2016
6 2016
3 2016
4 2016
7 2016
1 2016
2 2016
8 2016
9 2016
10 2016
11 2016
12 2016
13 2016
14 2016
15 2016
16 2016
17 2016
18 2016
19 2016
53 2017
11 2017
10 2017
12 2017
13 2017
8 2017
9 2017
14 2017
7 2017
15 2017
16 2017
5 2017
6 2017
17 2017
3 2017
4 2017
18 2017
19 2017
1 2017
2 2017
20 2017
21 2017
22 2017
23 2017
24 2017
25 2017
63 2018
27 2018
26 2018
28 2018
29 2018
30 2018
31 2018
32 2018
33 2018
34 2018
35 2018
36 2018
37 2018
38 2018
56 2019
21 2019
22 2019
70 2019
20 2019
23 2019
18 2019
19 2019
24 2019
25 2019
17 2019
15 2019
16 2019
14 2019
13 2019
11 2019
12 2019
10 2019
8 2019
9 2019
65 2020
26 2020
27 2020
28 2020
29 2020
30 2020
31 2020
32 2020
33 2020
34 2020
35 2020
36 2020
37 2020
64 2021
9 2021
10 2021
8 2021
11 2021
7 2021
12 2021
13 2021
5 2021
6 2021
14 2021
3 2021
4 2021
15 2021
16 2021
1 2021
2 2021
17 2021
18 2021
19 2021
20 2021
21 2021
22 2021
23 2021
60 2022
67 2023
13 2023
14 2023
11 2023
12 2023
15 2023
16 2023
10 2023
17 2023
8 2023
9 2023
18 2023
19 2023
7 2023
20 2023
5 2023
6 2023
21 2023
22 2023
3 2023
4 2023
23 2023
1 2023
2 2023
24 2023
25 2023
54 2024
6 2024
7 2024
5 2024
8 2024
3 2024
4 2024
9 2024
10 2024
1 2024
2 2024
11 2024
12 2024
13 2024
14 2024
15 2024
16 2024
17 2024
18 2024
19 2024
20 2024
70 2025
56 2025
21 2025
22 2025
20 2025
23 2025
18 2025
19 2025
24 2025
25 2025
17 2025
15 2025
16 2025
14 2025
13 2025
11 2025
12 2025
10 2025
8 2025
9 2025
57 2026
11 2026
53 2026
58 2026
12 2026
13 2026
10 2026
14 2026
8 2026
9 2026
15 2026
16 2026
7 2026
17 2026
5 2026
6 2026
18 2026
19 2026
3 2026
4 2026
20 2026
1 2026
2 2026
21 2026
22 2026
23 2026
24 2026
25 2026
61 2027
8 2027
9 2027
62 2027
66 2027
10 2027
7 2027
11 2027
5 2027
6 2027
12 2027
13 2027
3 2027
4 2027
14 2027
1 2027
2 2027
15 2027
16 2027
17 2027
18 2027
19 2027
20 2027
21 2027
22 2027
52 2028
2 2028
3 2028
1 2028
4 2028
5 2028
6 2028
7 2028
8 2028
9 2028
10 2028
11 2028
12 2028
13 2028
14 2028
15 2028
16 2028
17 2028
55 2029
68 2030
35 2030
34 2030
36 2030
37 2030
33 2030
38 2030
32 2030
39 2030
31 2030
40 2030
30 2030
41 2030
42 2030
28 2030
29 2030
43 2030
27 2030
44 2030
26 2030
45 2030
46 2030
62 2031
61 2031
66 2031
9 2031
7 2031
8 2031
5 2031
6 2031
10 2031
3 2031
4 2031
11 2031
1 2031
2 2031
12 2031
13 2031
14 2031
15 2031
16 2031
17 2031
18 2031
19 2031
20 2031
21 2031
22 2031
69 2032
2 2032
52 2032
1 2032
3 2032
4 2032
5 2032
6 2032
7 2032
8 2032
9 2032
10 2032
11 2032
12 2032
13 2032
14 2032
15 2032
16 2032
51 2033
66 2034
8 2034
61 2034
62 2034
7 2034
10 2034
9 2034
5 2034
6 2034
11 2034
3 2034
4 2034
12 2034
13 2034
1 2034
2 2034
14 2034
15 2034
16 2034
17 2034
18 2034
19 2034
20 2034
21 2034
22 2034
58 2035
10 2035
11 2035
53 2035
57 2035
8 2035
9 2035
12 2035
13 2035
7 2035
14 2035
5 2035
6 2035
15 2035
16 2035
3 2035
4 2035
17 2035
1 2035
2 2035
18 2035
19 2035
20 2035
21 2035
22 2035
23 2035
24 2035
25 2035
59 2036
4 2036
2 2036
3 2036
5 2036
1 2036
6 2036
7 2036
8 2036
9 2036
10 2036
11 2036
12 2036
13 2036
14 2036
15 2036
16 2036
17 2036
53 2037
9 2037
61 2037
62 2037
66 2037
10 2037
8 2037
11 2037
7 2037
12 2037
13 2037
5 2037
6 2037
14 2037
3 2037
4 2037
15 2037
16 2037
1 2037
2 2037
17 2037
18 2037
19 2037
20 2037
21 2037
22 2037
23 2037
63 2038
56 2039
19 2039
20 2039
70 2039
17 2039
18 2039
21 2039
22 2039
15 2039
16 2039
23 2039
14 2039
24 2039
25 2039
13 2039
11 2039
12 2039
10 2039
8 2039
9 2039
7 2039
5 2039
6 2039
65 2040
64 2041
11 2041
12 2041
67 2041
10 2041
13 2041
57 2041
58 2041
8 2041
9 2041
14 2041
7 2041
15 2041
16 2041
5 2041
6 2041
17 2041
3 2041
4 2041
18 2041
19 2041
1 2041
2 2041
20 2041
21 2041
22 2041
23 2041
24 2041
25 2041
60 2042
67 2043
11 2043
12 2043
57 2043
58 2043
64 2043
10 2043
13 2043
8 2043
9 2043
14 2043
7 2043
15 2043
16 2043
5 2043
6 2043
17 2043
3 2043
4 2043
18 2043
19 2043
1 2043
2 2043
20 2043
21 2043
22 2043
23 2043
24 2043
25 2043
54 2044
4 2044
5 2044
2 2044
3 2044
6 2044
7 2044
1 2044
8 2044
9 2044
10 2044
11 2044
12 2044
13 2044
14 2044
15 2044
16 2044
17 2044
18 2044
19 2044
70 2045
19 2045
56 2045
17 2045
18 2045
20 2045
15 2045
16 2045
21 2045
22 2045
14 2045
23 2045
13 2045
24 2045
25 2045
11 2045
12 2045
10 2045
8 2045
9 2045
7 2045
5 2045
6 2045
57 2046
58 2046
67 2046
11 2046
12 2046
64 2046
10 2046
13 2046
8 2046
9 2046
14 2046
7 2046
15 2046
16 2046
5 2046
6 2046
17 2046
3 2046
4 2046
18 2046
19 2046
1 2046
2 2046
20 2046
21 2046
22 2046
23 2046
24 2046
25 2046
61 2047
10 2047
62 2047
66 2047
8 2047
11 2047
9 2047
7 2047
12 2047
13 2047
5 2047
6 2047
14 2047
3 2047
4 2047
15 2047
16 2047
1 2047
2 2047
17 2047
18 2047
19 2047
20 2047
21 2047
22 2047
23 2047
52 2048
1 2048
2 2048
59 2048
3 2048
4 2048
69 2048
5 2048
6 2048
7 2048
8 2048
9 2048
10 2048
11 2048
12 2048
13 2048
14 2048
15 2048
16 2048
55 2049
68 2050
33 2050
34 2050
32 2050
35 2050
36 2050
31 2050
37 2050
30 2050
38 2050
28 2050
29 2050
39 2050
27 2050
40 2050
26 2050
41 2050
42 2050
43 2050
44 2050
45 2050
62 2051
61 2051
10 2051
11 2051
66 2051
8 2051
12 2051
13 2051
9 2051
7 2051
14 2051
5 2051
6 2051
15 2051
16 2051
3 2051
4 2051
17 2051
1 2051
2 2051
18 2051
19 2051
20 2051
21 2051
22 2051
23 2051
24 2051
25 2051
69 2052
54 2052
4 2052
2 2052
3 2052
5 2052
1 2052
6 2052
7 2052
8 2052
9 2052
10 2052
11 2052
12 2052
13 2052
14 2052
15 2052
16 2052
17 2052
51 2053
66 2054
10 2054
61 2054
8 2054
9 2054
11 2054
62 2054
67 2054
7 2054
12 2054
13 2054
5 2054
6 2054
14 2054
3 2054
4 2054
15 2054
16 2054
1 2054
2 2054
17 2054
18 2054
19 2054
20 2054
21 2054
22 2054
23 2054
24 2054
25 2054
58 2055
12 2055
13 2055
57 2055
11 2055
14 2055
10 2055
15 2055
16 2055
8 2055
9 2055
17 2055
7 2055
18 2055
19 2055
5 2055
6 2055
20 2055
3 2055
4 2055
21 2055
22 2055
1 2055
2 2055
23 2055
24 2055
25 2055
59 2056
52 2056
2 2056
1 2056
3 2056
4 2056
5 2056
6 2056
7 2056
8 2056
9 2056
10 2056
11 2056
12 2056
13 2056
14 2056
15 2056
16 2056
53 2057
7 2057
5 2057
6 2057
8 2057
3 2057
4 2057
9 2057
10 2057
1 2057
2 2057
11 2057
12 2057
13 2057
14 2057
15 2057
16 2057
17 2057
18 2057
19 2057
20 2057
63 2058
24 2058
25 2058
23 2058
21 2058
22 2058
20 2058
18 2058
19 2058
17 2058
15 2058
16 2058
14 2058
13 2058
11 2058
12 2058
56 2059
17 2059
18 2059
70 2059
15 2059
16 2059
19 2059
20 2059
14 2059
21 2059
22 2059
13 2059
23 2059
11 2059
12 2059
24 2059
25 2059
10 2059
8 2059
9 2059
7 2059
5 2059
6 2059
3 2059
4 2059
65 2060
64 2061
13 2061
14 2061
11 2061
12 2061
15 2061
16 2061
10 2061
17 2061
8 2061
9 2061
18 2061
19 2061
7 2061
20 2061
5 2061
6 2061
21 2061
22 2061
3 2061
4 2061
23 2061
1 2061
2 2061
24 2061
25 2061
60 2062
67 2063
9 2063
10 2063
8 2063
11 2063
7 2063
12 2063
13 2063
5 2063
6 2063
14 2063
3 2063
4 2063
15 2063
16 2063
1 2063
2 2063
17 2063
18 2063
19 2063
20 2063
21 2063
22 2063
23 2063
54 2064
2 2064
3 2064
52 2064
1 2064
4 2064
5 2064
6 2064
7 2064
8 2064
9 2064
10 2064
11 2064
12 2064
13 2064
14 2064
15 2064
16 2064
17 2064
70 2065
17 2065
56 2065
15 2065
16 2065
19 2065
18 2065
14 2065
20 2065
13 2065
21 2065
22 2065
11 2065
12 2065
23 2065
10 2065
24 2065
25 2065
8 2065
9 2065
7 2065
5 2065
6 2065
3 2065
4 2065
57 2066
61 2067
12 2067
62 2067
66 2067
13 2067
11 2067
14 2067
10 2067
15 2067
16 2067
8 2067
9 2067
17 2067
7 2067
18 2067
19 2067
5 2067
6 2067
20 2067
3 2067
4 2067
21 2067
22 2067
1 2067
2 2067
23 2067
24 2067
25 2067
52 2068
3 2068
1 2068
2 2068
4 2068
5 2068
6 2068
7 2068
8 2068
9 2068
10 2068
11 2068
12 2068
13 2068
14 2068
15 2068
16 2068
17 2068
55 2069
68 2070
31 2070
32 2070
30 2070
33 2070
28 2070
29 2070
34 2070
27 2070
35 2070
36 2070
26 2070
37 2070
38 2070
39 2070
40 2070
41 2070
42 2070
43 2070
62 2071
61 2071
12 2071
13 2071
66 2071
14 2071
11 2071
15 2071
16 2071
10 2071
17 2071
8 2071
9 2071
18 2071
19 2071
7 2071
20 2071
5 2071
6 2071
21 2071
22 2071
3 2071
4 2071
23 2071
1 2071
2 2071
24 2071
25 2071
69 2072
51 2073
66 2074
12 2074
61 2074
11 2074
13 2074
62 2074
10 2074
14 2074
8 2074
9 2074
15 2074
16 2074
7 2074
17 2074
5 2074
6 2074
18 2074
19 2074
3 2074
4 2074
20 2074
1 2074
2 2074
21 2074
22 2074
23 2074
24 2074
25 2074
58 2075
14 2075
15 2075
13 2075
16 2075
17 2075
11 2075
12 2075
18 2075
19 2075
10 2075
20 2075
8 2075
9 2075
21 2075
22 2075
7 2075
23 2075
5 2075
6 2075
24 2075
25 2075
3 2075
4 2075
1 2075
2 2075
59 2076
53 2077
5 2077
3 2077
4 2077
6 2077
7 2077
1 2077
2 2077
8 2077
9 2077
10 2077
11 2077
12 2077
13 2077
14 2077
15 2077
16 2077
17 2077
18 2077
19 2077
63 2078
22 2078
23 2078
20 2078
21 2078
24 2078
25 2078
18 2078
19 2078
17 2078
15 2078
16 2078
14 2078
13 2078
11 2078
12 2078
10 2078
8 2078
9 2078
56 2079
16 2079
64 2079
70 2079
14 2079
17 2079
15 2079
57 2079
13 2079
18 2079
19 2079
11 2079
12 2079
20 2079
10 2079
21 2079
22 2079
8 2079
9 2079
23 2079
7 2079
24 2079
25 2079
5 2079
6 2079
3 2079
4 2079
1 2079
2 2079
65 2080
64 2081
15 2081
16 2081
56 2081
70 2081
14 2081
17 2081
57 2081
58 2081
13 2081
18 2081
19 2081
11 2081
12 2081
20 2081
10 2081
21 2081
22 2081
8 2081
9 2081
23 2081
7 2081
24 2081
25 2081
5 2081
6 2081
3 2081
4 2081
1 2081
2 2081
60 2082
67 2083
8 2083
7 2083
9 2083
10 2083
5 2083
6 2083
11 2083
3 2083
4 2083
12 2083
13 2083
1 2083
2 2083
14 2083
15 2083
16 2083
17 2083
18 2083
19 2083
20 2083
21 2083
22 2083
54 2084
1 2084
2 2084
3 2084
4 2084
5 2084
6 2084
7 2084
8 2084
9 2084
10 2084
11 2084
12 2084
13 2084
14 2084
15 2084
16 2084
70 2085
15 2085
16 2085
56 2085
58 2085
64 2085
14 2085
17 2085
57 2085
13 2085
18 2085
19 2085
11 2085
12 2085
20 2085
10 2085
21 2085
22 2085
8 2085
9 2085
23 2085
7 2085
24 2085
25 2085
5 2085
6 2085
3 2085
4 2085
1 2085
2 2085
57 2086
51 2086
55 2086
58 2086
15 2086
16 2086
70 2086
14 2086
17 2086
56 2086
64 2086
13 2086
18 2086
19 2086
11 2086
12 2086
20 2086
10 2086
21 2086
22 2086
8 2086
9 2086
23 2086
7 2086
24 2086
25 2086
5 2086
6 2086
3 2086
4 2086
1 2086
2 2086
61 2087
14 2087
62 2087
13 2087
15 2087
16 2087
11 2087
12 2087
17 2087
10 2087
18 2087
19 2087
8 2087
9 2087
20 2087
7 2087
21 2087
22 2087
5 2087
6 2087
23 2087
3 2087
4 2087
24 2087
25 2087
1 2087
2 2087
52 2088
55 2089
68 2090
29 2090
30 2090
27 2090
28 2090
31 2090
26 2090
32 2090
33 2090
34 2090
35 2090
36 2090
37 2090
38 2090
39 2090
40 2090
62 2091
61 2091
14 2091
66 2091
70 2091
16 2091
13 2091
15 2091
56 2091
11 2091
12 2091
17 2091
10 2091
18 2091
19 2091
8 2091
9 2091
20 2091
7 2091
21 2091
22 2091
5 2091
6 2091
23 2091
3 2091
4 2091
24 2091
25 2091
1 2091
2 2091
69 2092
51 2093
66 2094
13 2094
14 2094
11 2094
12 2094
15 2094
16 2094
10 2094
17 2094
8 2094
9 2094
18 2094
19 2094
7 2094
20 2094
5 2094
6 2094
21 2094
22 2094
3 2094
4 2094
23 2094
1 2094
2 2094
24 2094
25 2094
58 2095
16 2095
57 2095
14 2095
15 2095
17 2095
13 2095
18 2095
19 2095
11 2095
12 2095
20 2095
10 2095
21 2095
22 2095
8 2095
9 2095
23 2095
7 2095
24 2095
25 2095
5 2095
6 2095
3 2095
4 2095
1 2095
2 2095
59 2096
53 2097
3 2097
4 2097
1 2097
2 2097
5 2097
6 2097
7 2097
8 2097
9 2097
10 2097
11 2097
12 2097
13 2097
14 2097
15 2097
16 2097
17 2097
63 2098
20 2098
21 2098
18 2098
19 2098
22 2098
23 2098
17 2098
24 2098
25 2098
15 2098
16 2098
14 2098
13 2098
11 2098
12 2098
10 2098
8 2098
9 2098
7 2098
56 2099
14 2099
70 2099
13 2099
15 2099
16 2099
11 2099
12 2099
17 2099
10 2099
18 2099
19 2099
8 2099
9 2099
20 2099
7 2099
21 2099
22 2099
5 2099
6 2099
23 2099
3 2099
4 2099
24 2099
25 2099
1 2099
2 2099
65 2100
64 2101
17 2101
18 2101
15 2101
16 2101
19 2101
20 2101
14 2101
21 2101
22 2101
13 2101
23 2101
11 2101
12 2101
24 2101
25 2101
10 2101
8 2101
9 2101
7 2101
5 2101
6 2101
3 2101
4 2101
60 2102
67 2103
6 2103
7 2103
5 2103
8 2103
3 2103
4 2103
9 2103
10 2103
1 2103
2 2103
11 2103
12 2103
13 2103
14 2103
15 2103
16 2103
17 2103
18 2103
19 2103
20 2103
54 2104
3 2104
4 2104
1 2104
2 2104
5 2104
6 2104
7 2104
8 2104
9 2104
10 2104
11 2104
12 2104
13 2104
14 2104
15 2104
16 2104
17 2104
70 2105
13 2105
14 2105
56 2105
11 2105
12 2105
15 2105
16 2105
10 2105
17 2105
8 2105
9 2105
18 2105
19 2105
7 2105
20 2105
5 2105
6 2105
21 2105
22 2105
3 2105
4 2105
23 2105
1 2105
2 2105
24 2105
25 2105
57 2106
58 2106
17 2106
18 2106
15 2106
16 2106
19 2106
20 2106
14 2106
21 2106
22 2106
13 2106
23 2106
11 2106
12 2106
24 2106
25 2106
10 2106
8 2106
9 2106
7 2106
5 2106
6 2106
3 2106
4 2106
61 2107
16 2107
62 2107
14 2107
15 2107
17 2107
13 2107
18 2107
19 2107
11 2107
12 2107
20 2107
10 2107
21 2107
22 2107
8 2107
9 2107
23 2107
7 2107
24 2107
25 2107
5 2107
6 2107
3 2107
4 2107
1 2107
2 2107
52 2108
55 2109
68 2110
27 2110
28 2110
26 2110
29 2110
30 2110
31 2110
32 2110
33 2110
34 2110
35 2110
36 2110
37 2110
38 2110
39 2110
62 2111
61 2111
16 2111
14 2111
15 2111
17 2111
13 2111
18 2111
19 2111
11 2111
12 2111
20 2111
10 2111
21 2111
22 2111
8 2111
9 2111
23 2111
7 2111
24 2111
25 2111
5 2111
6 2111
3 2111
4 2111
1 2111
2 2111
69 2112
51 2113
66 2114
15 2114
16 2114
14 2114
17 2114
13 2114
18 2114
19 2114
11 2114
12 2114
20 2114
10 2114
21 2114
22 2114
8 2114
9 2114
23 2114
7 2114
24 2114
25 2114
5 2114
6 2114
3 2114
4 2114
1 2114
2 2114
58 2115
18 2115
57 2115
17 2115
19 2115
20 2115
63 2115
15 2115
16 2115
21 2115
22 2115
14 2115
23 2115
13 2115
24 2115
25 2115
11 2115
12 2115
10 2115
8 2115
9 2115
7 2115
5 2115
6 2115
59 2116
53 2117
2 2117
1 2117
3 2117
4 2117
5 2117
6 2117
7 2117
8 2117
9 2117
10 2117
11 2117
12 2117
13 2117
14 2117
15 2117
16 2117
63 2118
18 2118
19 2118
58 2118
64 2118
17 2118
20 2118
15 2118
16 2118
21 2118
22 2118
14 2118
23 2118
13 2118
24 2118
25 2118
11 2118
12 2118
10 2118
8 2118
9 2118
7 2118
5 2118
6 2118
56 2119
12 2119
70 2119
11 2119
13 2119
10 2119
14 2119
8 2119
9 2119
15 2119
16 2119
7 2119
17 2119
5 2119
6 2119
18 2119
19 2119
3 2119
4 2119
20 2119
1 2119
2 2119
21 2119
22 2119
23 2119
24 2119
25 2119
65 2120
64 2121
19 2121
20 2121
17 2121
18 2121
21 2121
22 2121
15 2121
16 2121
23 2121
14 2121
24 2121
25 2121
13 2121
11 2121
12 2121
10 2121
8 2121
9 2121
7 2121
5 2121
6 2121
60 2122
67 2123
4 2123
5 2123
54 2123
2 2123
3 2123
6 2123
7 2123
1 2123
8 2123
9 2123
10 2123
11 2123
12 2123
13 2123
14 2123
15 2123
16 2123
17 2123
18 2123
19 2123
54 2124
5 2124
67 2124
3 2124
6 2124
7 2124
4 2124
1 2124
8 2124
2 2124
9 2124
10 2124
11 2124
12 2124
13 2124
14 2124
15 2124
16 2124
17 2124
18 2124
19 2124
70 2125
11 2125
12 2125
56 2125
10 2125
13 2125
8 2125
9 2125
14 2125
7 2125
15 2125
16 2125
5 2125
6 2125
17 2125
3 2125
4 2125
18 2125
19 2125
1 2125
2 2125
20 2125
21 2125
22 2125
23 2125
24 2125
25 2125
57 2126
61 2127
18 2127
62 2127
63 2127
19 2127
20 2127
17 2127
66 2127
21 2127
22 2127
15 2127
16 2127
23 2127
14 2127
24 2127
25 2127
13 2127
11 2127
12 2127
10 2127
8 2127
9 2127
7 2127
5 2127
6 2127
3 2127
4 2127
52 2128
55 2129
68 2130
26 2130
27 2130
28 2130
29 2130
30 2130
31 2130
32 2130
33 2130
34 2130
35 2130
36 2130
37 2130
62 2131
61 2131
18 2131
63 2131
19 2131
20 2131
17 2131
66 2131
21 2131
22 2131
15 2131
16 2131
23 2131
14 2131
24 2131
25 2131
13 2131
11 2131
12 2131
10 2131
8 2131
9 2131
7 2131
5 2131
6 2131
3 2131
4 2131
69 2132
56 2132
70 2132
11 2132
10 2132
12 2132
13 2132
8 2132
9 2132
14 2132
7 2132
15 2132
16 2132
5 2132
6 2132
17 2132
3 2132
4 2132
18 2132
19 2132
1 2132
2 2132
20 2132
21 2132
22 2132
23 2132
24 2132
25 2132
51 2133
66 2134
17 2134
18 2134
63 2134
15 2134
16 2134
19 2134
20 2134
14 2134
21 2134
22 2134
13 2134
23 2134
11 2134
12 2134
24 2134
25 2134
10 2134
8 2134
9 2134
7 2134
5 2134
6 2134
3 2134
4 2134
58 2135
20 2135
18 2135
19 2135
21 2135
22 2135
17 2135
23 2135
15 2135
16 2135
24 2135
25 2135
14 2135
13 2135
11 2135
12 2135
10 2135
8 2135
9 2135
7 2135
59 2136
53 2137
2 2137
67 2137
1 2137
4 2137
3 2137
5 2137
6 2137
7 2137
8 2137
9 2137
10 2137
11 2137
12 2137
13 2137
14 2137
15 2137
16 2137
17 2137
63 2138
16 2138
17 2138
14 2138
15 2138
18 2138
19 2138
13 2138
20 2138
11 2138
12 2138
21 2138
22 2138
10 2138
23 2138
8 2138
9 2138
24 2138
25 2138
7 2138
5 2138
6 2138
3 2138
4 2138
1 2138
2 2138
56 2139
10 2139
11 2139
52 2139
70 2139
8 2139
9 2139
12 2139
13 2139
7 2139
14 2139
5 2139
6 2139
15 2139
16 2139
3 2139
4 2139
17 2139
1 2139
2 2139
18 2139
19 2139
20 2139
21 2139
22 2139
23 2139
24 2139
25 2139
65 2140
64 2141
21 2141
22 2141
20 2141
23 2141
18 2141
19 2141
24 2141
25 2141
17 2141
15 2141
16 2141
14 2141
13 2141
11 2141
12 2141
10 2141
8 2141
9 2141
60 2142
67 2143
2 2143
3 2143
53 2143
1 2143
4 2143
5 2143
6 2143
7 2143
8 2143
9 2143
10 2143
11 2143
12 2143
13 2143
14 2143
15 2143
16 2143
17 2143
54 2144
6 2144
7 2144
5 2144
8 2144
3 2144
4 2144
9 2144
10 2144
1 2144
2 2144
11 2144
12 2144
13 2144
14 2144
15 2144
16 2144
17 2144
18 2144
19 2144
20 2144
70 2145
9 2145
10 2145
56 2145
8 2145
11 2145
7 2145
12 2145
13 2145
5 2145
6 2145
14 2145
3 2145
4 2145
15 2145
16 2145
1 2145
2 2145
17 2145
18 2145
19 2145
20 2145
21 2145
22 2145
23 2145
57 2146
61 2147
62 2147
52 2148
55 2149
68 2150
24 2150
25 2150
23 2150
21 2150
22 2150
20 2150
18 2150
19 2150
17 2150
15 2150
16 2150
14 2150
13 2150
11 2150
12 2150
62 2151
61 2151
69 2152
51 2153
66 2154
19 2154
20 2154
61 2154
17 2154
18 2154
21 2154
22 2154
62 2154
15 2154
16 2154
23 2154
14 2154
24 2154
25 2154
13 2154
11 2154
12 2154
10 2154
8 2154
9 2154
7 2154
5 2154
6 2154
58 2155
22 2155
64 2155
20 2155
21 2155
23 2155
18 2155
19 2155
24 2155
25 2155
17 2155
15 2155
16 2155
14 2155
13 2155
11 2155
12 2155
10 2155
8 2155
9 2155
59 2156
51 2156
53 2157
4 2157
2 2157
3 2157
5 2157
1 2157
6 2157
7 2157
8 2157
9 2157
10 2157
11 2157
12 2157
13 2157
14 2157
15 2157
16 2157
17 2157
63 2158
14 2158
15 2158
13 2158
16 2158
17 2158
11 2158
12 2158
18 2158
19 2158
10 2158
20 2158
8 2158
9 2158
21 2158
22 2158
7 2158
23 2158
5 2158
6 2158
24 2158
25 2158
3 2158
4 2158
1 2158
2 2158
56 2159
8 2159
9 2159
54 2159
70 2159
7 2159
10 2159
5 2159
6 2159
11 2159
3 2159
4 2159
12 2159
13 2159
1 2159
2 2159
14 2159
15 2159
16 2159
17 2159
18 2159
19 2159
20 2159
21 2159
22 2159
65 2160
64 2161
23 2161
68 2161
21 2161
22 2161
24 2161
25 2161
20 2161
18 2161
19 2161
17 2161
15 2161
16 2161
14 2161
13 2161
11 2161
12 2161
10 2161
60 2162
67 2163
1 2163
2 2163
3 2163
4 2163
5 2163
6 2163
7 2163
8 2163
9 2163
10 2163
11 2163
12 2163
13 2163
14 2163
15 2163
16 2163
54 2164
8 2164
9 2164
56 2164
7 2164
10 2164
70 2164
5 2164
6 2164
11 2164
3 2164
4 2164
12 2164
13 2164
1 2164
2 2164
14 2164
15 2164
16 2164
17 2164
18 2164
19 2164
20 2164
21 2164
22 2164
70 2165
7 2165
8 2165
56 2165
5 2165
6 2165
9 2165
10 2165
3 2165
4 2165
11 2165
1 2165
2 2165
12 2165
13 2165
14 2165
15 2165
16 2165
17 2165
18 2165
19 2165
20 2165
21 2165
22 2165
57 2166
61 2167
62 2167
52 2168
65 2168
55 2169
68 2170
23 2170
21 2170
22 2170
24 2170
25 2170
20 2170
18 2170
19 2170
17 2170
15 2170
16 2170
14 2170
13 2170
11 2170
12 2170
10 2170
62 2171
61 2171
69 2172
51 2173
66 2174
21 2174
22 2174
20 2174
23 2174
18 2174
19 2174
24 2174
25 2174
17 2174
15 2174
16 2174
14 2174
13 2174
11 2174
12 2174
10 2174
8 2174
9 2174
58 2175
24 2175
64 2175
23 2175
25 2175
21 2175
22 2175
20 2175
18 2175
19 2175
17 2175
15 2175
16 2175
14 2175
13 2175
11 2175
12 2175
59 2176
65 2176
53 2177
63 2178
12 2178
13 2178
11 2178
14 2178
10 2178
15 2178
16 2178
8 2178
9 2178
17 2178
7 2178
18 2178
19 2178
5 2178
6 2178
20 2178
3 2178
4 2178
21 2178
22 2178
1 2178
2 2178
23 2178
24 2178
25 2178
56 2179
6 2179
7 2179
70 2179
5 2179
8 2179
53 2179
3 2179
4 2179
9 2179
10 2179
1 2179
2 2179
11 2179
12 2179
13 2179
14 2179
15 2179
16 2179
17 2179
18 2179
19 2179
20 2179
65 2180
64 2181
25 2181
58 2181
23 2181
24 2181
21 2181
22 2181
20 2181
18 2181
19 2181
17 2181
15 2181
16 2181
14 2181
13 2181
11 2181
12 2181
60 2182
61 2182
62 2182
66 2182
22 2182
23 2182
20 2182
21 2182
24 2182
25 2182
18 2182
19 2182
17 2182
15 2182
16 2182
14 2182
13 2182
11 2182
12 2182
10 2182
8 2182
9 2182
67 2183
3 2183
4 2183
1 2183
2 2183
5 2183
6 2183
7 2183
8 2183
9 2183
10 2183
11 2183
12 2183
13 2183
14 2183
15 2183
16 2183
17 2183
54 2184
10 2184
11 2184
65 2184
8 2184
9 2184
12 2184
13 2184
7 2184
14 2184
5 2184
6 2184
15 2184
16 2184
3 2184
4 2184
17 2184
1 2184
2 2184
18 2184
19 2184
20 2184
21 2184
22 2184
23 2184
24 2184
25 2184
70 2185
5 2185
6 2185
56 2185
3 2185
4 2185
7 2185
1 2185
2 2185
8 2185
9 2185
10 2185
11 2185
12 2185
13 2185
14 2185
15 2185
16 2185
17 2185
18 2185
19 2185
57 2186
61 2187
60 2187
62 2187
66 2187
23 2187
21 2187
22 2187
24 2187
25 2187
20 2187
18 2187
19 2187
17 2187
15 2187
16 2187
14 2187
13 2187
11 2187
12 2187
10 2187
52 2188
55 2189
68 2190
21 2190
20 2190
22 2190
23 2190
18 2190
19 2190
24 2190
25 2190
17 2190
15 2190
16 2190
14 2190
13 2190
11 2190
12 2190
10 2190
8 2190
9 2190
62 2191
60 2191
61 2191
69 2192
51 2193
66 2194
23 2194
61 2194
21 2194
22 2194
24 2194
25 2194
62 2194
20 2194
18 2194
19 2194
17 2194
15 2194
16 2194
14 2194
13 2194
11 2194
12 2194
10 2194
58 2195
64 2195
25 2195
23 2195
24 2195
21 2195
22 2195
20 2195
18 2195
19 2195
17 2195
15 2195
16 2195
14 2195
13 2195
11 2195
12 2195
59 2196
53 2197
63 2198
10 2198
11 2198
8 2198
9 2198
12 2198
13 2198
7 2198
14 2198
5 2198
6 2198
15 2198
16 2198
3 2198
4 2198
17 2198
1 2198
2 2198
18 2198
19 2198
20 2198
21 2198
22 2198
23 2198
24 2198
25 2198
56 2199
4 2199
5 2199
67 2199
70 2199
2 2199
3 2199
6 2199
7 2199
1 2199
8 2199
9 2199
10 2199
11 2199
12 2199
13 2199
14 2199
15 2199
16 2199
17 2199
18 2199
19 2199
65 2200
64 2201
26 2201
58 2201
27 2201
28 2201
29 2201
30 2201
31 2201
32 2201
33 2201
34 2201
35 2201
36 2201
37 2201
60 2202
67 2203
5 2203
6 2203
3 2203
4 2203
7 2203
1 2203
2 2203
8 2203
9 2203
10 2203
11 2203
12 2203
13 2203
14 2203
15 2203
16 2203
17 2203
18 2203
19 2203
54 2204
12 2204
13 2204
11 2204
14 2204
10 2204
15 2204
16 2204
8 2204
9 2204
17 2204
7 2204
18 2204
19 2204
5 2204
6 2204
20 2204
3 2204
4 2204
21 2204
22 2204
1 2204
2 2204
23 2204
24 2204
25 2204
70 2205
3 2205
4 2205
56 2205
1 2205
2 2205
5 2205
6 2205
7 2205
8 2205
9 2205
10 2205
11 2205
12 2205
13 2205
14 2205
15 2205
16 2205
17 2205
57 2206
61 2207
62 2207
66 2207
24 2207
25 2207
23 2207
21 2207
22 2207
20 2207
18 2207
19 2207
17 2207
15 2207
16 2207
14 2207
13 2207
11 2207
12 2207
52 2208
55 2209
68 2210
69 2210
62 2211
61 2211
66 2211
25 2211
23 2211
24 2211
21 2211
22 2211
20 2211
18 2211
19 2211
17 2211
15 2211
16 2211
14 2211
13 2211
11 2211
12 2211
69 2212
68 2212
51 2213
66 2214
25 2214
61 2214
23 2214
24 2214
62 2214
21 2214
22 2214
20 2214
18 2214
19 2214
17 2214
15 2214
16 2214
14 2214
13 2214
11 2214
12 2214
58 2215
64 2215
26 2215
27 2215
28 2215
29 2215
30 2215
31 2215
32 2215
33 2215
34 2215
35 2215
36 2215
37 2215
38 2215
59 2216
53 2217
63 2218
9 2218
10 2218
8 2218
11 2218
7 2218
12 2218
13 2218
5 2218
6 2218
14 2218
3 2218
4 2218
15 2218
16 2218
1 2218
2 2218
17 2218
18 2218
19 2218
20 2218
21 2218
22 2218
23 2218
56 2219
3 2219
70 2219
1 2219
4 2219
5 2219
2 2219
6 2219
7 2219
8 2219
9 2219
10 2219
11 2219
12 2219
13 2219
14 2219
15 2219
16 2219
17 2219
65 2220
64 2221
27 2221
28 2221
58 2221
26 2221
29 2221
30 2221
31 2221
32 2221
33 2221
34 2221
35 2221
36 2221
37 2221
38 2221
39 2221
60 2222
67 2223
7 2223
8 2223
65 2223
5 2223
6 2223
9 2223
10 2223
3 2223
4 2223
11 2223
1 2223
2 2223
12 2223
13 2223
14 2223
15 2223
16 2223
17 2223
18 2223
19 2223
20 2223
21 2223
22 2223
54 2224
14 2224
15 2224
13 2224
16 2224
17 2224
11 2224
12 2224
18 2224
19 2224
10 2224
20 2224
8 2224
9 2224
21 2224
22 2224
7 2224
23 2224
5 2224
6 2224
24 2224
25 2224
3 2224
4 2224
1 2224
2 2224
70 2225
2 2225
3 2225
56 2225
1 2225
4 2225
5 2225
6 2225
7 2225
8 2225
9 2225
10 2225
11 2225
12 2225
13 2225
14 2225
15 2225
16 2225
17 2225
57 2226
61 2227
62 2227
66 2227
26 2227
27 2227
28 2227
29 2227
30 2227
31 2227
32 2227
33 2227
34 2227
35 2227
36 2227
37 2227
52 2228
55 2229
68 2230
59 2230
62 2231
61 2231
66 2231
26 2231
27 2231
28 2231
29 2231
30 2231
31 2231
32 2231
33 2231
34 2231
35 2231
36 2231
37 2231
69 2232
51 2233
66 2234
26 2234
61 2234
27 2234
62 2234
28 2234
29 2234
30 2234
31 2234
32 2234
33 2234
34 2234
35 2234
36 2234
37 2234
58 2235
59 2236
53 2237
63 2238
7 2238
8 2238
5 2238
6 2238
9 2238
10 2238
3 2238
4 2238
11 2238
1 2238
2 2238
12 2238
13 2238
14 2238
15 2238
16 2238
17 2238
18 2238
19 2238
20 2238
21 2238
22 2238
56 2239
1 2239
70 2239
3 2239
2 2239
5 2239
4 2239
6 2239
7 2239
8 2239
9 2239
10 2239
11 2239
12 2239
13 2239
14 2239
15 2239
16 2239
65 2240
64 2241
30 2241
28 2241
29 2241
31 2241
27 2241
32 2241
26 2241
33 2241
34 2241
35 2241
36 2241
37 2241
38 2241
39 2241
40 2241
60 2242
67 2243
9 2243
8 2243
10 2243
7 2243
11 2243
5 2243
6 2243
12 2243
13 2243
3 2243
4 2243
14 2243
1 2243
2 2243
15 2243
16 2243
17 2243
18 2243
19 2243
20 2243
21 2243
22 2243
54 2244
16 2244
17 2244
14 2244
15 2244
18 2244
19 2244
13 2244
20 2244
11 2244
12 2244
21 2244
22 2244
10 2244
23 2244
8 2244
9 2244
24 2244
25 2244
7 2244
5 2244
6 2244
3 2244
4 2244
1 2244
2 2244
70 2245
1 2245
2 2245
56 2245
3 2245
4 2245
5 2245
6 2245
7 2245
8 2245
9 2245
10 2245
11 2245
12 2245
13 2245
14 2245
15 2245
16 2245
57 2246
61 2247
62 2247
66 2247
52 2248
55 2249
51 2249
68 2250
62 2251
61 2251
66 2251
28 2251
27 2251
29 2251
30 2251
26 2251
31 2251
32 2251
33 2251
34 2251
35 2251
36 2251
37 2251
38 2251
39 2251
69 2252
51 2253
66 2254
28 2254
61 2254
27 2254
29 2254
30 2254
62 2254
26 2254
31 2254
32 2254
33 2254
34 2254
35 2254
36 2254
37 2254
38 2254
39 2254
58 2255
59 2256
53 2257
63 2258
5 2258
6 2258
3 2258
4 2258
7 2258
1 2258
2 2258
8 2258
9 2258
10 2258
11 2258
12 2258
13 2258
14 2258
15 2258
16 2258
17 2258
18 2258
19 2258
56 2259
3 2259
65 2259
70 2259
1 2259
2 2259
5 2259
4 2259
6 2259
7 2259
8 2259
9 2259
10 2259
11 2259
12 2259
13 2259
14 2259
15 2259
16 2259
17 2259
65 2260
56 2260
70 2260
3 2260
4 2260
1 2260
2 2260
5 2260
6 2260
7 2260
8 2260
9 2260
10 2260
11 2260
12 2260
13 2260
14 2260
15 2260
16 2260
17 2260
64 2261
32 2261
31 2261
33 2261
30 2261
34 2261
28 2261
29 2261
35 2261
36 2261
27 2261
37 2261
26 2261
38 2261
39 2261
40 2261
41 2261
42 2261
43 2261
60 2262
67 2263
11 2263
10 2263
12 2263
13 2263
8 2263
9 2263
14 2263
7 2263
15 2263
16 2263
5 2263
6 2263
17 2263
3 2263
4 2263
18 2263
19 2263
1 2263
2 2263
20 2263
21 2263
22 2263
23 2263
24 2263
25 2263
54 2264
18 2264
17 2264
19 2264
20 2264
15 2264
16 2264
21 2264
22 2264
14 2264
23 2264
13 2264
24 2264
25 2264
11 2264
12 2264
10 2264
8 2264
9 2264
7 2264
5 2264
6 2264
70 2265
3 2265
4 2265
56 2265
63 2265
1 2265
2 2265
65 2265
5 2265
6 2265
7 2265
8 2265
9 2265
10 2265
11 2265
12 2265
13 2265
14 2265
15 2265
16 2265
17 2265
18 2265
19 2265
57 2266
58 2266
61 2267
62 2267
66 2267
52 2268
55 2269
68 2270
62 2271
61 2271
66 2271
69 2272
51 2273
66 2274
61 2274
62 2274
58 2275
57 2275
59 2276
53 2277
63 2278
3 2278
4 2278
1 2278
2 2278
5 2278
6 2278
7 2278
8 2278
9 2278
10 2278
11 2278
12 2278
13 2278
14 2278
15 2278
16 2278
17 2278
56 2279
5 2279
70 2279
3 2279
4 2279
7 2279
6 2279
1 2279
2 2279
8 2279
9 2279
10 2279
11 2279
12 2279
13 2279
14 2279
15 2279
16 2279
17 2279
18 2279
19 2279
65 2280
64 2281
60 2282
67 2283
13 2283
11 2283
12 2283
14 2283
10 2283
15 2283
16 2283
8 2283
9 2283
17 2283
7 2283
18 2283
19 2283
5 2283
6 2283
20 2283
3 2283
4 2283
21 2283
22 2283
1 2283
2 2283
23 2283
24 2283
25 2283
54 2284
70 2285
5 2285
6 2285
56 2285
3 2285
4 2285
7 2285
1 2285
2 2285
8 2285
9 2285
10 2285
11 2285
12 2285
13 2285
14 2285
15 2285
16 2285
17 2285
18 2285
19 2285
57 2286
58 2286
61 2287
62 2287
66 2287
52 2288
55 2289
68 2290
62 2291
61 2291
66 2291
69 2292
51 2293
66 2294
61 2294
62 2294
58 2295
57 2295
59 2296
53 2297
63 2298
1 2298
2 2298
3 2298
4 2298
5 2298
6 2298
7 2298
8 2298
9 2298
10 2298
11 2298
12 2298
13 2298
14 2298
15 2298
16 2298
56 2299
70 2299
7 2299
5 2299
6 2299
8 2299
3 2299
4 2299
9 2299
10 2299
1 2299
2 2299
11 2299
12 2299
13 2299
14 2299
15 2299
16 2299
17 2299
18 2299
19 2299
20 2299
65 2300
64 2301
60 2302
67 2303
15 2303
14 2303
16 2303
17 2303
13 2303
18 2303
19 2303
11 2303
12 2303
20 2303
10 2303
21 2303
22 2303
8 2303
9 2303
23 2303
7 2303
24 2303
25 2303
5 2303
6 2303
3 2303
4 2303
1 2303
2 2303
54 2304
70 2305
7 2305
8 2305
56 2305
5 2305
6 2305
9 2305
10 2305
3 2305
4 2305
11 2305
1 2305
2 2305
12 2305
13 2305
14 2305
15 2305
16 2305
17 2305
18 2305
19 2305
20 2305
21 2305
22 2305
57 2306
58 2306
61 2307
62 2307
66 2307
52 2308
55 2309
68 2310
62 2311
61 2311
66 2311
69 2312
51 2313
66 2314
61 2314
62 2314
58 2315
57 2315
59 2316
53 2317
63 2318
2 2318
3 2318
1 2318
4 2318
5 2318
6 2318
7 2318
8 2318
9 2318
10 2318
11 2318
12 2318
13 2318
14 2318
15 2318
16 2318
17 2318
56 2319
68 2319
70 2319
9 2319
55 2319
8 2319
10 2319
7 2319
11 2319
5 2319
6 2319
12 2319
13 2319
3 2319
4 2319
14 2319
1 2319
2 2319
15 2319
16 2319
17 2319
18 2319
19 2319
20 2319
21 2319
22 2319
65 2320
64 2321
60 2322
67 2323
17 2323
15 2323
16 2323
18 2323
19 2323
14 2323
20 2323
13 2323
21 2323
22 2323
11 2323
12 2323
23 2323
10 2323
24 2323
25 2323
8 2323
9 2323
7 2323
5 2323
6 2323
3 2323
4 2323
54 2324
70 2325
9 2325
10 2325
55 2325
56 2325
8 2325
11 2325
60 2325
7 2325
12 2325
13 2325
5 2325
6 2325
14 2325
3 2325
4 2325
15 2325
16 2325
1 2325
2 2325
17 2325
18 2325
19 2325
20 2325
21 2325
22 2325
23 2325
57 2326
58 2326
61 2327
62 2327
66 2327
52 2328
55 2329
60 2329
70 2329
9 2329
10 2329
56 2329
8 2329
11 2329
7 2329
12 2329
13 2329
5 2329
6 2329
14 2329
3 2329
4 2329
15 2329
16 2329
1 2329
2 2329
17 2329
18 2329
19 2329
20 2329
21 2329
22 2329
23 2329
68 2330
62 2331
61 2331
66 2331
69 2332
51 2333
60 2333
55 2333
70 2333
10 2333
56 2333
8 2333
9 2333
11 2333
7 2333
12 2333
13 2333
5 2333
6 2333
14 2333
3 2333
4 2333
15 2333
16 2333
1 2333
2 2333
17 2333
18 2333
19 2333
20 2333
21 2333
22 2333
23 2333
66 2334
61 2334
62 2334
58 2335
57 2335
59 2336
53 2337
63 2338
4 2338
5 2338
2 2338
3 2338
6 2338
7 2338
1 2338
8 2338
9 2338
10 2338
11 2338
12 2338
13 2338
14 2338
15 2338
16 2338
17 2338
18 2338
19 2338
56 2339
70 2339
11 2339
55 2339
10 2339
12 2339
13 2339
8 2339
9 2339
14 2339
7 2339
15 2339
16 2339
5 2339
6 2339
17 2339
3 2339
4 2339
18 2339
19 2339
1 2339
2 2339
20 2339
21 2339
22 2339
23 2339
24 2339
25 2339
65 2340
68 2340
64 2341
60 2342
67 2343
54 2344
70 2345
11 2345
12 2345
55 2345
56 2345
10 2345
13 2345
8 2345
9 2345
14 2345
7 2345
15 2345
16 2345
5 2345
6 2345
17 2345
3 2345
4 2345
18 2345
19 2345
1 2345
2 2345
20 2345
21 2345
22 2345
23 2345
24 2345
25 2345
57 2346
58 2346
61 2347
62 2347
66 2347
52 2348
55 2349
70 2349
11 2349
12 2349
56 2349
10 2349
13 2349
8 2349
9 2349
14 2349
7 2349
15 2349
16 2349
5 2349
6 2349
17 2349
3 2349
4 2349
18 2349
19 2349
1 2349
2 2349
20 2349
21 2349
22 2349
23 2349
24 2349
25 2349
68 2350
62 2351
61 2351
66 2351
69 2352
51 2353
66 2354
61 2354
62 2354
58 2355
57 2355
59 2356
53 2357
63 2358
6 2358
60 2358
5 2358
7 2358
3 2358
4 2358
8 2358
1 2358
2 2358
9 2358
10 2358
11 2358
12 2358
13 2358
14 2358
15 2358
16 2358
17 2358
18 2358
19 2358
56 2359
70 2359
13 2359
55 2359
11 2359
12 2359
14 2359
10 2359
15 2359
16 2359
8 2359
9 2359
17 2359
7 2359
18 2359
19 2359
5 2359
6 2359
20 2359
3 2359
4 2359
21 2359
22 2359
1 2359
2 2359
23 2359
24 2359
25 2359
65 2360
64 2361
60 2362
63 2362
7 2362
5 2362
6 2362
8 2362
3 2362
4 2362
9 2362
10 2362
1 2362
2 2362
11 2362
12 2362
13 2362
14 2362
15 2362
16 2362
17 2362
18 2362
19 2362
20 2362
67 2363
54 2364
70 2365
13 2365
55 2365
56 2365
11 2365
12 2365
14 2365
10 2365
15 2365
16 2365
8 2365
9 2365
17 2365
7 2365
18 2365
19 2365
5 2365
6 2365
20 2365
3 2365
4 2365
21 2365
22 2365
1 2365
2 2365
23 2365
24 2365
25 2365
57 2366
58 2366
61 2367
62 2367
66 2367
52 2368
55 2369
70 2369
56 2369
68 2370
62 2371
61 2371
66 2371
69 2372
51 2373
66 2374
61 2374
62 2374
58 2375
57 2375
59 2376
53 2377
63 2378
8 2378
7 2378
9 2378
10 2378
5 2378
6 2378
11 2378
3 2378
4 2378
12 2378
13 2378
1 2378
2 2378
14 2378
15 2378
16 2378
17 2378
18 2378
19 2378
20 2378
21 2378
22 2378
56 2379
70 2379
15 2379
55 2379
14 2379
16 2379
17 2379
13 2379
18 2379
19 2379
11 2379
12 2379
20 2379
10 2379
21 2379
22 2379
8 2379
9 2379
23 2379
7 2379
24 2379
25 2379
5 2379
6 2379
3 2379
4 2379
1 2379
2 2379
65 2380
64 2381
60 2382
67 2383
54 2384
70 2385
15 2385
55 2385
56 2385
14 2385
16 2385
17 2385
13 2385
18 2385
19 2385
11 2385
12 2385
20 2385
10 2385
21 2385
22 2385
8 2385
9 2385
23 2385
7 2385
24 2385
25 2385
5 2385
6 2385
3 2385
4 2385
1 2385
2 2385
57 2386
58 2386
61 2387
62 2387
66 2387
52 2388
55 2389
70 2389
56 2389
68 2390
62 2391
61 2391
66 2391
69 2392
51 2393
66 2394
61 2394
62 2394
58 2395
57 2395
59 2396
53 2397
63 2398
10 2398
8 2398
9 2398
11 2398
7 2398
12 2398
13 2398
5 2398
6 2398
14 2398
3 2398
4 2398
15 2398
16 2398
1 2398
2 2398
17 2398
18 2398
19 2398
20 2398
21 2398
22 2398
23 2398
56 2399
70 2399
55 2399