51 0.16 5
53 0.16 5
55 0.16 5
52 0.16 5
54 0.16 5
51 0.16 4.84
53 0.16 4.84
55 0.16 5
52 0.16 5
54 0.16 5
51 0.16 4.918
53 0.16 4.918
55 0.16 5
52 0.16 5
54 0.16 5
51 0.16 5
53 0.16 5
55 0.16 5
52 0.16 5
54 0.16 5
51 0.16 5
53 0.16 5
55 0.16 5
52 0.16 5
51 0.016 5
51 0.16 4.984
54 0.16 5
51 0.16 4.824
53 0.16 5
55 0.16 4.941
52 0.16 4.941
54 0.16 4.941
51 0.16 4.765
53 0.16 4.941
55 0.16 4.798
51 0.016 4.622
51 0.16 4.606
52 0.16 4.798
54 0.16 4.798
51 0.16 4.446
53 0.16 4.798
55 0.16 4.906
52 0.16 4.906
54 0.16 4.906
51 0.16 4.554
53 0.16 4.906
51 0.016 4.65
51 0.16 4.634
55 0.16 5
52 0.16 5
54 0.16 5
51 0.16 4.474
53 0.16 5
55 0.16 5
52 0.16 5
54 0.16 5
51 0.16 5
53 0.16 5
55 0.16 4.915
52 0.16 4.915
54 0.16 4.915
51 0.16 4.915
53 0.16 4.915
55 0.16 5
52 0.16 5
54 0.16 5
51 0.16 5
53 0.16 5
55 0.16 5
52 0.16 5
54 0.16 5
51 0.16 5
53 0.16 5
55 0.16 5
52 0.16 5
54 0.16 5
51 0.16 5
53 0.16 5
55 0.16 5
52 0.16 5
54 0.16 5
51 0.16 5
53 0.16 5
55 0.16 5
52 0.16 5
54 0.16 5
51 0.16 5
53 0.16 5
55 0.16 5
52 0.16 5
54 0.16 5
51 0.16 5
53 0.16 5
55 0.16 5
52 0.16 5
54 0.16 5
51 0.16 5
53 0.16 5
55 0.16 5
52 0.16 5
54 0.16 5
51 0.16 5
53 0.16 5
55 0.16 5
52 0.16 5
54 0.16 5
51 0.16 5
53 0.16 5
55 0.16 5
52 0.16 5
54 0.16 5
51 0.16 5
53 0.16 5
55 0.16 4.893
52 0.16 4.893
54 0.16 4.893
51 0.16 4.893
53 0.16 4.893
55 0.16 4.962
52 0.16 4.962
54 0.16 4.962
51 0.16 4.962
53 0.16 4.962
55 0.16 5
52 0.16 5
54 0.16 5
51 0.16 5
53 0.16 5
55 0.16 5
52 0.16 5
54 0.16 5
51 0.16 5
53 0.16 5
55 0.16 5
52 0.16 5
54 0.16 5
51 0.16 5
53 0.16 5
55 0.16 5
52 0.16 5
54 0.16 5
51 0.16 5
53 0.16 5
55 0.16 5
52 0.16 5
54 0.16 5
51 0.16 5
53 0.16 5
55 0.16 5
52 0.16 5
54 0.16 5
51 0.16 5
53 0.16 5
55 0.16 5
52 0.16 5
54 0.16 5
51 0.16 5
53 0.16 5
55 0.16 5
52 0.16 5
54 0.16 5
51 0.16 5
53 0.16 5
55 0.16 5
52 0.16 5
54 0.16 5
51 0.16 5
53 0.16 5
55 0.16 4.995
52 0.16 4.995
54 0.16 4.995
51 0.16 4.995
55 0.016 4.835
55 0.16 4.819
53 0.16 4.995
55 0.16 5
52 0.16 5
54 0.16 5
51 0.16 5
53 0.16 5
55 0.16 5
52 0.16 5
54 0.16 5
51 0.16 5
53 0.16 5
55 0.16 5
52 0.16 5
54 0.16 5
51 0.16 5
53 0.16 5
55 0.16 5
52 0.16 5
54 0.16 5
51 0.16 5
53 0.16 5
52 0.016 4.84
52 0.16 4.824
55 0.16 5
52 0.16 5
54 0.16 5
51 0.16 5
53 0.16 5
55 0.16 5
52 0.16 5
54 0.16 5
51 0.16 5
53 0.16 5
55 0.16 5
52 0.16 5
54 0.16 5
51 0.16 5
53 0.16 5
55 0.16 5
52 0.16 5
54 0.16 5
51 0.16 5
53 0.16 5
55 0.16 4.977
52 0.16 4.977
54 0.16 4.977
51 0.16 4.977
53 0.16 4.977
55 0.16 4.857
52 0.16 4.857
54 0.16 4.857
51 0.16 4.857
53 0.16 4.857
55 0.16 5
52 0.16 5
54 0.16 5
51 0.16 5
53 0.16 5
55 0.16 5
52 0.16 5
54 0.16 5
51 0.16 5
53 0.16 5
55 0.16 5
52 0.16 5
54 0.16 5
51 0.16 5
53 0.16 5
55 0.16 5
52 0.16 5
54 0.16 5
51 0.16 5
53 0.16 5
55 0.16 5
52 0.16 5
54 0.16 5