55 0.16 5
53 0.16 5
54 0.16 5
51 0.16 5
52 0.016 5
52 0.16 4.984
60 0.16 5
58 0.16 5
57 0.16 5
56 0.16 5
59 0.16 5
52 0.16 4.824
51 0.016 4.84
51 0.16 4.824
55 0.16 4.84
53 0.16 4.84
54 0.16 4.84
51 0.16 4.664
52 0.016 4.664
52 0.16 4.648
60 0.16 5
58 0.16 5
57 0.16 5
56 0.16 5
59 0.16 5
52 0.16 4.726
51 0.016 4.742
51 0.16 4.726
55 0.16 4.918
53 0.16 4.918
54 0.16 4.918
51 0.16 4.566
52 0.016 4.566
52 0.16 4.55
60 0.16 5
58 0.16 5
57 0.16 5
51 0.016 5
51 0.16 4.984
52 0.016 4.39
52 0.16 4.374
56 0.16 5
59 0.16 5
52 0.16 4.897
51 0.016 4.824
51 0.16 4.808
57 0.016 4.84
57 0.16 4.824
55 0.16 5
53 0.16 5
54 0.16 5
51 0.16 4.648
52 0.016 4.737
52 0.16 4.721
60 0.16 5
58 0.16 5
57 0.16 5
56 0.16 5
59 0.16 5
52 0.16 5
51 0.016 5
51 0.16 4.984
55 0.16 5
53 0.16 5
54 0.16 5
51 0.16 4.824
52 0.016 4.84
52 0.16 4.824
60 0.16 5
58 0.16 5
57 0.16 5
56 0.16 5
59 0.16 5
51 0.016 4.853
51 0.16 4.837
52 0.016 4.664
52 0.16 4.648
60 0.016 4.84
60 0.16 4.824
52 0.16 4.677
51 0.016 4.677
51 0.16 4.661
60 0.016 4.664
60 0.16 4.648
55 0.16 5
53 0.16 5
54 0.16 5
51 0.16 4.501
52 0.016 4.517
52 0.16 4.501
60 0.16 4.589
57 0.016 4.84
57 0.16 4.824
58 0.16 4.941
57 0.16 4.765
56 0.16 4.941
51 0.016 4.442
51 0.16 4.426
52 0.016 4.341
52 0.16 4.325
59 0.16 4.941
52 0.16 4.266
51 0.016 4.266
51 0.16 4.25
55 0.16 4.941
53 0.16 4.941
54 0.16 4.941
51 0.16 4.09
52 0.016 4.106
52 0.16 4.09
60 0.16 4.446
58 0.16 4.798
57 0.16 4.622
56 0.16 4.798
59 0.16 4.798
52 0.16 3.947
51 0.016 3.947
51 0.16 3.931
55 0.016 4.798
55 0.16 4.782
55 0.16 4.622
51 0.016 3.771
51 0.16 3.755
52 0.016 3.787
52 0.16 3.771
53 0.16 4.798
54 0.16 4.798
51 0.16 3.595
52 0.016 3.611
52 0.16 3.595
55 0.016 4.462
55 0.16 4.446
54 0.016 4.638
54 0.16 4.622
60 0.16 4.554
58 0.16 4.906
57 0.16 4.73
55 0.016 4.286
55 0.16 4.27
56 0.16 4.906
59 0.16 4.906
52 0.16 3.703
51 0.016 3.703
51 0.16 3.687
55 0.16 4.378
53 0.16 4.906
54 0.16 4.73
57 0.016 4.57
57 0.16 4.554
51 0.16 3.527
52 0.016 3.543
52 0.16 3.527
60 0.16 4.65
58 0.16 5
57 0.16 4.65
56 0.16 5
59 0.16 5
52 0.16 3.623
51 0.016 3.623
51 0.16 3.607
55 0.16 4.474
53 0.16 5
54 0.16 4.826
51 0.16 3.447
52 0.016 3.463
52 0.16 3.447
60 0.16 5
58 0.16 5
57 0.16 5
56 0.16 5
59 0.16 5
54 0.016 5
54 0.16 4.984
55 0.016 4.314
55 0.16 4.298
60 0.016 4.84
60 0.16 4.824
52 0.16 3.983
51 0.016 3.983
51 0.16 3.967
55 0.16 4.834
53 0.16 5
54 0.16 4.824
59 0.016 4.84
59 0.16 4.824
60 0.016 4.664
60 0.16 4.648
51 0.16 3.807
52 0.016 3.823
52 0.16 3.807
60 0.16 4.563
58 0.16 4.915
57 0.16 4.915
56 0.16 4.915
59 0.16 4.739
52 0.16 3.722
51 0.016 3.722
51 0.16 3.706
58 0.016 4.755
58 0.16 4.739
55 0.16 4.749
53 0.16 4.915
54 0.16 4.739
51 0.16 3.546
52 0.016 3.562
52 0.16 3.546
60 0.16 4.767
58 0.16 4.943
57 0.16 5
56 0.16 5
59 0.16 4.943
52 0.16 3.75
51 0.016 3.75
51 0.16 3.734
55 0.16 4.953
53 0.16 5
54 0.16 4.943
51 0.16 3.574
52 0.016 3.59
52 0.16 3.574
53 0.016 5
53 0.16 4.984
60 0.16 5
58 0.16 5
57 0.16 5
56 0.16 5
59 0.16 5
52 0.16 4.124
51 0.016 4.124
51 0.16 4.108
55 0.16 5
53 0.16 4.824
54 0.16 5
51 0.16 3.948
52 0.016 3.964
52 0.16 3.948
60 0.16 5
58 0.016 5
58 0.16 4.984
59 0.016 5
59 0.16 4.984
58 0.16 4.824
59 0.016 4.824
59 0.16 4.808
60 0.016 4.84
60 0.16 4.824
57 0.16 5
56 0.16 5
59 0.16 4.648
52 0.16 3.998
51 0.016 3.998
51 0.16 3.982
55 0.16 5
53 0.16 4.874
54 0.16 5
51 0.16 3.822
52 0.016 3.838
52 0.16 3.822
60 0.16 5
58 0.16 5
57 0.16 5
56 0.16 5
59 0.16 5
52 0.16 4.414
51 0.016 4.414
51 0.16 4.398
55 0.16 5
53 0.16 5
54 0.16 5
51 0.16 4.238
52 0.016 4.254
52 0.16 4.238
60 0.16 5
58 0.16 5
57 0.16 5
56 0.16 5
53 0.016 5
53 0.16 4.984
59 0.16 5
52 0.16 4.274
51 0.016 4.274
51 0.16 4.258
55 0.16 5
58 0.016 4.84
58 0.16 4.824
54 0.016 5
54 0.16 4.984
53 0.16 4.824
54 0.16 4.824
58 0.016 4.664
58 0.16 4.648
55 0.016 4.84
55 0.16 4.824
51 0.16 4.098
52 0.016 4.114
52 0.16 4.098
60 0.16 5
58 0.16 4.853
57 0.16 5
56 0.16 5
59 0.16 5
52 0.16 4.303
51 0.016 4.303
51 0.16 4.287
55 0.16 5
53 0.16 5
54 0.16 5
51 0.16 4.127
52 0.016 4.143
52 0.16 4.127
60 0.16 5
58 0.16 5
57 0.16 5
56 0.16 5
59 0.16 5
52 0.16 4.387
51 0.016 4.387
51 0.16 4.371
55 0.16 5
53 0.16 5
54 0.16 5
51 0.16 4.211
52 0.016 4.227
52 0.16 4.211
60 0.16 5
58 0.16 5
57 0.16 5
56 0.16 5
59 0.16 5
52 0.16 4.439
51 0.016 4.439
51 0.16 4.423
55 0.16 5
53 0.16 5
54 0.16 5
51 0.16 4.263
52 0.016 4.279
52 0.16 4.263
60 0.16 5
58 0.16 5
57 0.16 5
56 0.16 5
59 0.16 5
52 0.16 4.624
51 0.016 4.624
51 0.16 4.608
55 0.16 5
53 0.16 5
54 0.16 5
51 0.16 4.448
52 0.016 4.464
52 0.16 4.448
60 0.16 5
58 0.16 5
57 0.16 5
56 0.16 5
59 0.16 5
52 0.16 4.651
51 0.016 4.651
51 0.16 4.635
55 0.16 5
53 0.16 5
54 0.16 5
51 0.16 4.475
52 0.016 4.491
52 0.16 4.475
60 0.16 4.893
58 0.16 4.893
57 0.16 4.893
56 0.16 4.893
59 0.16 4.893
52 0.16 4.368
51 0.016 4.368
51 0.16 4.352
55 0.16 4.893
53 0.16 4.893
54 0.16 4.893
51 0.16 4.192
52 0.016 4.208
52 0.16 4.192
60 0.16 4.962
58 0.16 4.962
57 0.16 4.962
56 0.16 4.962
59 0.16 4.962
52 0.16 4.261
51 0.016 4.261
51 0.16 4.245
55 0.16 4.962
53 0.16 4.962
54 0.16 4.962
51 0.16 4.085
52 0.016 4.101
52 0.16 4.085
60 0.16 5
58 0.16 5
57 0.16 5
56 0.16 5
59 0.16 5
52 0.16 4.154
51 0.016 4.154
51 0.16 4.138
55 0.16 5
53 0.16 5
54 0.16 5
51 0.16 3.978
52 0.016 3.994
52 0.16 3.978
60 0.16 5
58 0.16 5
57 0.16 5
56 0.16 5
59 0.16 5
52 0.16 4.413
51 0.016 4.413
51 0.16 4.397
55 0.16 5
53 0.16 5
54 0.16 5
51 0.16 4.237
52 0.016 4.253
52 0.16 4.237
60 0.16 5
58 0.16 5
57 0.16 5
56 0.16 5
59 0.16 5
52 0.16 4.756
51 0.016 4.756
51 0.16 4.74
55 0.16 5
53 0.16 5
54 0.16 5
51 0.16 4.58
52 0.016 4.596
52 0.16 4.58
60 0.16 5
58 0.16 5
57 0.16 5
56 0.16 5
59 0.16 5
52 0.16 5
51 0.016 5
51 0.16 4.984
55 0.16 5
53 0.16 5
54 0.16 5
51 0.16 4.824
52 0.016 4.84
52 0.16 4.824
60 0.16 5
58 0.16 5
57 0.16 5
56 0.16 5
59 0.16 5
52 0.16 4.958
51 0.016 4.958
51 0.16 4.942
55 0.16 5
53 0.16 5
54 0.16 5
51 0.16 4.782
52 0.016 4.798
52 0.16 4.782
60 0.16 5
58 0.16 5
57 0.16 5
56 0.16 5
59 0.16 5
52 0.16 4.826
51 0.016 4.826
51 0.16 4.81
57 0.016 4.84
57 0.16 4.824
55 0.16 5
53 0.16 5
54 0.16 5
51 0.16 4.65
52 0.016 4.666
52 0.16 4.65
60 0.16 5
58 0.16 5
57 0.16 4.83
56 0.16 5
59 0.16 5
52 0.16 4.656
51 0.016 4.656
51 0.16 4.64
55 0.16 5
53 0.16 5
54 0.16 5
51 0.16 4.48
52 0.016 4.496
52 0.16 4.48
60 0.16 5
58 0.16 5
57 0.16 4.847
56 0.16 5
59 0.16 5
52 0.16 4.497
51 0.016 4.497
51 0.16 4.481
55 0.16 5
53 0.16 5
54 0.16 5
51 0.16 4.321
52 0.016 4.337
52 0.16 4.321
60 0.16 5
57 0.016 4.687
57 0.16 4.671
58 0.16 5
57 0.16 5
60 0.016 4.84
60 0.16 4.824
56 0.16 5
59 0.16 5
52 0.16 4.856
51 0.016 4.856
51 0.16 4.84
55 0.16 5
53 0.16 5
54 0.16 5
51 0.16 4.68
52 0.016 4.696
52 0.16 4.68
60 0.16 4.819
58 0.16 4.995
57 0.16 4.995
56 0.16 4.995
59 0.16 4.995
52 0.16 4.675
51 0.016 4.675
51 0.16 4.659
55 0.16 4.995
53 0.16 4.995
54 0.16 4.995
51 0.16 4.499
52 0.016 4.515
52 0.16 4.499
60 0.16 5
58 0.16 5
57 0.16 5
56 0.16 5
59 0.16 5
52 0.16 5
51 0.016 5
51 0.16 4.984
55 0.16 5
57 0.016 4.84
57 0.16 4.824
53 0.16 5
54 0.16 5
51 0.16 4.824
52 0.016 4.84
52 0.16 4.824
60 0.16 5
58 0.16 5
57 0.16 5
56 0.16 5
59 0.16 5
52 0.16 5
51 0.016 5
51 0.16 4.984
55 0.16 5
53 0.16 5
54 0.16 5
51 0.16 4.824
52 0.016 4.84
52 0.16 4.824
60 0.16 5
58 0.16 5
57 0.16 5
56 0.16 5
59 0.16 5
55 0.016 4.84
55 0.16 4.824
52 0.16 5
51 0.016 5
51 0.16 4.984
55 0.16 5
59 0.016 4.84
59 0.16 4.824
60 0.016 4.84
60 0.16 4.824
54 0.016 5
54 0.16 4.984
53 0.16 5
54 0.16 4.824
59 0.016 4.664
59 0.16 4.648
51 0.16 4.824
52 0.016 4.84
52 0.16 4.824
60 0.16 4.882
54 0.016 4.882
54 0.16 4.866
58 0.16 5
57 0.16 5
56 0.16 5
59 0.16 4.706
52 0.16 4.882
51 0.016 4.882
51 0.16 4.866
55 0.16 5
53 0.16 5
54 0.16 4.706
51 0.16 4.706
52 0.016 4.722
52 0.16 4.706
60 0.16 5
58 0.16 5
57 0.16 5
56 0.16 5
59 0.16 5
52 0.16 5
51 0.016 5
51 0.16 4.984
55 0.16 5
53 0.16 5
54 0.16 5
51 0.16 4.824
52 0.016 4.84
52 0.16 4.824
60 0.16 5
58 0.16 5
57 0.16 5
56 0.16 5
59 0.16 5
52 0.16 4.959
51 0.016 4.959
51 0.16 4.943
55 0.16 5
53 0.16 5
54 0.16 5
51 0.16 4.783
52 0.016 4.799
52 0.16 4.783
60 0.16 5
58 0.16 5
60 0.016 4.84
60 0.16 4.824
57 0.16 5
56 0.16 5
59 0.16 5
52 0.16 4.897
51 0.016 4.897
51 0.16 4.881
55 0.16 5
53 0.16 5
54 0.16 5
51 0.16 4.721
52 0.016 4.737
52 0.16 4.721
60 0.16 5
58 0.16 5
57 0.16 5
56 0.16 5
59 0.16 5
52 0.16 5
51 0.016 5
51 0.16 4.984
55 0.16 5
53 0.16 5
54 0.16 5
51 0.16 4.824
52 0.016 4.84
52 0.16 4.824
60 0.16 4.977
58 0.16 4.977
57 0.16 4.977
56 0.16 4.977
53 0.016 4.977
53 0.16 4.961
59 0.16 4.977
52 0.16 4.801
51 0.016 4.801
51 0.16 4.785
55 0.16 4.977
53 0.16 4.801
56 0.016 4.817
56 0.16 4.801
54 0.16 4.977
51 0.16 4.625
52 0.016 4.641
52 0.16 4.625
60 0.16 4.857
58 0.16 4.857
54 0.016 4.857
54 0.16 4.841
57 0.16 4.857
56 0.16 4.681
59 0.16 4.857
52 0.16 4.505
51 0.016 4.505
51 0.16 4.489
55 0.16 4.857
53 0.16 4.681
54 0.16 4.681
51 0.16 4.329
52 0.016 4.345
52 0.16 4.329
60 0.16 5
58 0.16 5
57 0.16 5
56 0.16 5
59 0.16 5
52 0.16 4.868
51 0.016 4.868
51 0.16 4.852
55 0.16 5
53 0.16 5
54 0.16 5
51 0.16 4.692
52 0.016 4.708
52 0.16 4.692
60 0.16 5
58 0.16 5
57 0.16 5
56 0.16 5
59 0.16 5
52 0.16 5
51 0.016 5
51 0.16 4.984
55 0.16 5
53 0.16 5
54 0.16 5
51 0.16 4.824
52 0.016 4.84
52 0.16 4.824
60 0.16 5
58 0.16 5
57 0.16 5
56 0.16 5
59 0.16 5
52 0.16 5
51 0.016 5
51 0.16 4.984
55 0.16 5
53 0.16 5
54 0.16 5
51 0.16 4.824
52 0.016 4.84
52 0.16 4.824
60 0.16 5
58 0.16 5
57 0.16 5
56 0.16 5
59 0.16 5
52 0.16 4.937
51 0.016 4.937
51 0.16 4.921
55 0.16 5
53 0.16 5
54 0.16 5
51 0.16 4.761
52 0.016 4.777
52 0.16 4.761
60 0.16 5
58 0.16 5
57 0.16 5
56 0.16 5
59 0.16 5
52 0.16 4.937
51 0.016 4.937
51 0.16 4.921