40 56
43 56
52 56
43 56
53 56
46 56
49 56
54 56
34 56
37 56
45 61
53 61
46 61
49 61
54 61
40 61
43 61
34 61
37 61
39 63
52 63
40 63
43 63
34 63
37 63
46 63
49 63
55 63
27 63
30 63
47 66
48 66
53 66
47 66
54 66
40 66
43 66
52 68
34 68
37 68
52 68
40 68
43 68
27 68
30 68
46 68
49 68
53 68
54 68
46 71
49 71
54 71
49 71
53 71
40 71
43 71
34 73
37 73
52 73
35 73
36 73
52 73
40 73
43 73
27 73
30 73
46 76
49 76
49 76
53 76
40 76
43 76
52 78
52 78
34 78
37 78
27 78
30 78
40 78
43 78
55 78
47 81
48 81
53 81
47 81
53 81
40 81
43 81
52 83
52 83
27 83
30 83
34 83
37 83
40 83
43 83
53 86
53 86
46 86
49 86
40 86
43 86
54 86
34 86
37 86
27 88
30 88
52 88
30 88
52 88
34 88
37 88
41 89
42 89
54 89
41 89
34 89
37 89
46 89
49 89
53 91
40 91
43 91
53 91
46 91
49 91
34 91
37 91
28 93
29 93
52 93
28 93
34 93
37 93
55 93
39 94
54 94
40 94
43 94
53 94
34 94
37 94
55 94
46 94
49 94
27 94
30 94
52 94
40 96
43 96
53 96
41 96
42 96
53 96
34 96
37 96
55 96
46 96
49 96
27 98
30 98
34 98
37 98
34 99
37 99
37 99
54 99
40 99
43 99
53 99
27 99
30 99
46 99
49 99
14 100
17 100
17 100
51 100
17 100
20 100
20 100
23 100
13 100
0 100
23 100
10 100
7 100
2 100
5 100
53 101
53 101
40 101
43 101
34 101
37 101
54 101
46 101
49 101
27 101
30 101
25 103
20 103
23 103
17 103
20 103
14 103
17 103
51 103
13 103
35 104
36 104
54 104
35 104
40 104
43 104
27 104
30 104
15 105
16 105
51 105
15 105
17 105
20 105
13 105
20 105
23 105
10 105
0 105
23 105
52 105
7 105
2 105
5 105
3 105
53 106
34 106
37 106
54 106
53 106
40 106
43 106
27 106
30 106
46 106
49 106
25 108
52 108
20 108
23 108
23 108
52 108
17 108
20 108
14 108
17 108
13 108
33 109
54 109
34 109
37 109
53 109
27 109
30 109
40 109
43 109
13 110
13 110
51 110
14 110
17 110
10 110
17 110
20 110
7 110
2 110
5 110
20 110
23 110
52 110
3 110
0 110
23 110
34 111
37 111
53 111
35 111
36 111
53 111
40 111
43 111
27 111
30 111
55 111
20 113
23 113
52 113
21 113
22 113
52 113
17 113
20 113
0 113
23 113
14 113
17 113
13 113
51 113
10 113
31 114
54 114
27 114
30 114
55 114
34 114
37 114
53 114
40 114
43 114
11 115
51 115
11 115
10 115
14 115
17 115
7 115
2 115
5 115
17 115
20 115
3 115
20 115
23 115
52 115
0 115
23 115
34 116
53 116
34 116
37 116
27 116
30 116
40 116
43 116
18 118
52 118
19 118
20 118
52 118
20 118
23 118
14 118
17 118
0 118
23 118
13 118
10 118
51 118
7 118
28 119
29 119
29 119
54 119
34 119
37 119
9 120
51 120
7 120
11 120
2 120
5 120
3 120
14 120
17 120
17 120
20 120
52 120
20 120
23 120
32 121
53 121
27 121
30 121
54 121
34 121
37 121
40 121
43 121
19 123
52 123
14 123
17 123
17 123
52 123
18 123
20 123
23 123
13 123
0 123
23 123
55 123
10 123
51 123
7 123
2 123
5 123
29 124
54 124
27 124
54 124
28 124
34 124
37 124
51 125
7 125
51 125
8 125
2 125
5 125
3 125
11 125
14 125
17 125
17 125
20 125
52 125
20 125
23 125
24 127
55 127
20 127
23 127
17 127
20 127
14 127
17 127
52 127
13 127
14 128
17 128
52 128
15 128
16 128
52 128
17 128
20 128
13 128
20 128
23 128
10 128
0 128
23 128
55 128
7 128
51 128
2 128
5 128
3 128
7 130
51 130
2 130
5 130
5 130
51 130
3 130
8 130
11 130
14 130
17 130
52 130
17 130
20 130
21 132
22 132
22 132
55 132
17 132
20 132
0 132
23 132
54 132
14 132
17 132
13 132
10 132
52 133
13 133
52 133
14 133
17 133
10 133
17 133
20 133
7 133
20 133
23 133
55 133
2 133
5 133
51 133
3 133
0 133
23 133
54 133
2 135
5 135
51 135
3 135
3 135
4 135
51 135
5 135
8 135
11 135
52 135
14 135
17 135
17 137
20 137
20 137
55 137
20 137
23 137
14 137
17 137
0 137
23 137
13 137
52 137
10 137
12 138
52 138
10 138
14 138
17 138
7 138
17 138
20 138
55 138
2 138
5 138
3 138
51 138
20 138
23 138
0 138
23 138
3 140
51 140
2 140
5 140
5 140
8 140
11 140
52 140
14 140
17 140
18 142
19 142
55 142
18 142
14 142
17 142
20 142
23 142
54 142
0 142
23 142
53 142
13 142
10 142
7 142
10 143
10 143
52 143
11 143
7 143
2 143
5 143
14 143
17 143
3 143
51 143
17 143
20 143
55 143
20 143
23 143
54 143
1 145
4 145
51 145
2 145
3 145
51 145
3 145
5 145
8 145
52 145
11 145
14 145
17 145
15 147
16 147
16 147
55 147
17 147
20 147
54 147
13 147
20 147
23 147
10 147
52 147
0 147
23 147
7 147
2 147
5 147
51 147
3 147
8 148
52 148
8 148
7 148
2 148
5 148
51 148
11 148
3 148
14 148
17 148
55 148
17 148
20 148
54 148
20 148
23 148
3 150
51 150
1 150
4 150
5 150
51 150
5 150
52 150
8 150
11 150
14 150
17 150
55 150
17 150
20 150
54 150
14 152
55 152
14 152
17 152
55 152
13 152
17 152
20 152
10 152
20 152
23 152
53 152
7 152
51 152
52 152
2 152
5 152
0 152
23 152
3 152
5 155
51 155
52 155
7 155
51 155
2 155
5 155
8 155
3 155
11 155
55 155
14 155
17 155
17 155
20 155
12 157
55 157
10 157
51 157
14 157
17 157
54 157
7 157
52 157
17 157
20 157
53 157
2 157
5 157
52 157
3 157
20 157
23 157
0 157
23 157
8 160
51 160
8 160
51 160
7 160
2 160
5 160
52 160
11 160
55 160
3 160
14 160
17 160
54 160
17 160
20 160
53 160
20 160
23 160
51 165
10 165
10 165
51 165
55 165
11 165
54 165
7 165
2 165
5 165
14 165
17 165
3 165
52 165
17 165
20 165
20 165
23 165
12 170
51 170
10 170
55 170
14 170
17 170
7 170
17 170
20 170
2 170
5 170
3 170
52 170
20 170
23 170
0 170
23 170
51 175
13 175
51 175
14 175
17 175
10 175
54 175
17 175
20 175
7 175
55 175
20 175
23 175
2 175
5 175
52 175
3 175
0 175
23 175
2 177
5 177
55 177
5 177
52 177
55 177
5 177
3 177
8 177
11 177
14 177
17 177
51 177
17 177
20 177
14 180
17 180
51 180
15 180
16 180
51 180
17 180
20 180
13 180
20 180
23 180
10 180
0 180
23 180
7 180
52 180
2 180
5 180
55 180
3 180
19 185
51 185
14 185
17 185
17 185
51 185
18 185
20 185
23 185
13 185
0 185
23 185
10 185
7 185
54 185
2 185
5 185
18 190
51 190
19 190
20 190
51 190
20 190
23 190
14 190
17 190
0 190
23 190
13 190
10 190
7 190
20 195
23 195
51 195
21 195
22 195
51 195
17 195
20 195
0 195
23 195
14 195
17 195
13 195
52 195
10 195
20 200
23 200
23 200
51 200
0 200
23 200
51 200
17 200
20 200
14 200
17 200
13 200
25 205
20 205
23 205
17 205
20 205
14 205
17 205
52 205
13 205