51 0
53 1
55 2
52 3
54 4
51 5
53 6
55 7
52 8
54 9
51 10
53 11
55 12
52 13
54 14
51 15
53 16
55 17
52 18
54 19
51 20
53 21
55 22
52 23
51 23
54 24
51 25
53 26
55 27
52 28
54 29
51 30
53 31
55 32
51 32
52 33
54 34
51 35
53 36
55 37
52 38
54 39
51 40
53 41
51 41
55 42
52 43
54 44
51 45
53 46
55 47
52 48
54 49
51 50
53 51
55 52
52 53
54 54
51 55
53 56
43 56
41 56
42 56
44 56
40 56
45 56
39 56
46 56
38 56
47 56
48 56
37 56
49 56
35 56
36 56
50 56
34 56
33 56
32 56
55 57
52 58
54 59
51 60
53 61
45 61
44 61
46 61
43 61
47 61
48 61
41 61
42 61
49 61
40 61
50 61
39 61
38 61
37 61
35 61
36 61
34 61
55 62
52 63
39 63
38 63
40 63
37 63
41 63
42 63
35 63
36 63
43 63
34 63
44 63
33 63
45 63
32 63
46 63
31 63
47 63
48 63
30 63
49 63
28 63
29 63
50 63
54 64
51 65
53 66
47 66
46 66
48 66
49 66
45 66
50 66
44 66
43 66
41 66
42 66
40 66
39 66
38 66
37 66
55 67
52 68
37 68
38 68
35 68
36 68
39 68
34 68
40 68
33 68
41 68
42 68
32 68
43 68
31 68
44 68
30 68
45 68
28 68
29 68
46 68
27 68
47 68
48 68
26 68
49 68
54 69
51 70
53 71
49 71
47 71
48 71
50 71
46 71
45 71
44 71
43 71
41 71
42 71
40 71
39 71
38 71
55 72
52 73
35 73
36 73
34 73
37 73
33 73
38 73
32 73
39 73
31 73
40 73
30 73
41 73
42 73
28 73
29 73
43 73
27 73
44 73
26 73
45 73
46 73
54 74
51 75
53 76
49 76
47 76
48 76
50 76
46 76
45 76
44 76
43 76
41 76
42 76
40 76
39 76
38 76
55 77
52 78
33 78
34 78
32 78
35 78
36 78
31 78
37 78
30 78
38 78
28 78
29 78
39 78
27 78
40 78
26 78
41 78
42 78
43 78
44 78
45 78
54 79
51 80
53 81
47 81
46 81
48 81
49 81
45 81
50 81
44 81
43 81
41 81
42 81
40 81
39 81
38 81
37 81
55 82
52 83
31 83
32 83
30 83
33 83
28 83
29 83
34 83
27 83
35 83
36 83
26 83
37 83
38 83
39 83
40 83
41 83
42 83
43 83
54 84
51 85
53 86
45 86
46 86
44 86
47 86
48 86
43 86
49 86
41 86
42 86
50 86
40 86
39 86
38 86
37 86
35 86
36 86
34 86
55 87
52 88
30 88
28 88
29 88
31 88
27 88
32 88
26 88
33 88
34 88
35 88
36 88
37 88
38 88
39 88
40 88
54 89
41 89
40 89
42 89
43 89
39 89
44 89
38 89
45 89
37 89
46 89
35 89
36 89
47 89
48 89
34 89
49 89
33 89
50 89
32 89
31 89
51 90
53 91
43 91
44 91
41 91
42 91
45 91
40 91
46 91
39 91
47 91
48 91
38 91
49 91
37 91
50 91
35 91
36 91
34 91
33 91
32 91
55 92
52 93
28 93
27 93
29 93
30 93
26 93
31 93
32 93
33 93
34 93
35 93
36 93
37 93
38 93
39 93
54 94
39 94
38 94
40 94
37 94
41 94
42 94
35 94
36 94
43 94
34 94
44 94
33 94
45 94
32 94
46 94
31 94
47 94
48 94
30 94
49 94
28 94
29 94
50 94
51 95
53 96
41 96
42 96
40 96
43 96
39 96
44 96
38 96
45 96
37 96
46 96
35 96
36 96
47 96
48 96
34 96
49 96
33 96
50 96
32 96
31 96
55 97
52 98
26 98
27 98
28 98
29 98
30 98
31 98
32 98
33 98
34 98
35 98
36 98
37 98
54 99
37 99
35 99
36 99
38 99
34 99
39 99
33 99
40 99
32 99
41 99
42 99
31 99
43 99
30 99
44 99
28 99
29 99
45 99
27 99
46 99
26 99
47 99
48 99
51 100
17 100
15 100
16 100
18 100
19 100
14 100
20 100
13 100
21 100
22 100
11 100
12 100
23 100
10 100
24 100
25 100
8 100
9 100
7 100
5 100
6 100
3 100
4 100
53 101
39 101
40 101
38 101
41 101
42 101
37 101
43 101
35 101
36 101
44 101
34 101
45 101
33 101
46 101
32 101
47 101
48 101
31 101
49 101
30 101
50 101
28 101
29 101
55 102
52 103
25 103
23 103
24 103
21 103
22 103
20 103
18 103
19 103
17 103
15 103
16 103
14 103
13 103
11 103
12 103
54 104
35 104
34 104
36 104
37 104
33 104
38 104
32 104
39 104
31 104
40 104
30 104
41 104
42 104
28 104
29 104
43 104
27 104
44 104
26 104
45 104
46 104
51 105
15 105
14 105
16 105
17 105
13 105
18 105
19 105
11 105
12 105
20 105
10 105
21 105
22 105
8 105
9 105
23 105
7 105
24 105
25 105
5 105
6 105
3 105
4 105
1 105
2 105
53 106
37 106
38 106
35 106
36 106
39 106
34 106
40 106
33 106
41 106
42 106
32 106
43 106
31 106
44 106
30 106
45 106
28 106
29 106
46 106
27 106
47 106
48 106
26 106
49 106
55 107
52 108
23 108
24 108
21 108
22 108
25 108
20 108
18 108
19 108
17 108
15 108
16 108
14 108
13 108
11 108
12 108
10 108
54 109
33 109
32 109
34 109
31 109
35 109
36 109
30 109
37 109
28 109
29 109
38 109
27 109
39 109
26 109
40 109
41 109
42 109
43 109
44 109
51 110
13 110
11 110
12 110
14 110
10 110
15 110
16 110
8 110
9 110
17 110
7 110
18 110
19 110
5 110
6 110
20 110
3 110
4 110
21 110
22 110
1 110
2 110
23 110
24 110
25 110
53 111
35 111
36 111
34 111
37 111
33 111
38 111
32 111
39 111
31 111
40 111
30 111
41 111
42 111
28 111
29 111
43 111
27 111
44 111
26 111
45 111
46 111
55 112
52 113
21 113
22 113
20 113
23 113
18 113
19 113
24 113
25 113
17 113
15 113
16 113
14 113
13 113
11 113
12 113
10 113
8 113
9 113
54 114
31 114
30 114
32 114
28 114
29 114
33 114
27 114
34 114
26 114
35 114
36 114
37 114
38 114
39 114
40 114
41 114
42 114
51 115
11 115
10 115
12 115
13 115
8 115
9 115
14 115
7 115
15 115
16 115
5 115
6 115
17 115
3 115
4 115
18 115
19 115
1 115
2 115
20 115
21 115
22 115
23 115
24 115
25 115
53 116
34 116
33 116
35 116
36 116
32 116
37 116
31 116
38 116
30 116
39 116
28 116
29 116
40 116
27 116
41 116
42 116
26 116
43 116
44 116
45 116
55 117
52 118
19 118
20 118
17 118
18 118
21 118
22 118
15 118
16 118
23 118
14 118
24 118
25 118
13 118
11 118
12 118
10 118
8 118
9 118
7 118
5 118
6 118
54 119
29 119
27 119
28 119
30 119
26 119
31 119
32 119
33 119
34 119
35 119
36 119
37 119
38 119
39 119
51 120
9 120
8 120
10 120
7 120
11 120
5 120
6 120
12 120
13 120
3 120
4 120
14 120
1 120
2 120
15 120
16 120
17 120
18 120
19 120
20 120
21 120
22 120
53 121
32 121
31 121
33 121
30 121
34 121
28 121
29 121
35 121
36 121
27 121
37 121
26 121
38 121
39 121
40 121
41 121
42 121
43 121
55 122
52 123
17 123
18 123
15 123
16 123
19 123
20 123
14 123
21 123
22 123
13 123
23 123
11 123
12 123
24 123
25 123
10 123
8 123
9 123
7 123
5 123
6 123
3 123
4 123
54 124
27 124
28 124
26 124
29 124
30 124
31 124
32 124
33 124
34 124
35 124
36 124
37 124
38 124
39 124
51 125
7 125
8 125
5 125
6 125
9 125
10 125
3 125
4 125
11 125
1 125
2 125
12 125
13 125
14 125
15 125
16 125
17 125
18 125
19 125
20 125
21 125
22 125
53 126
55 127
24 127
23 127
25 127
21 127
22 127
20 127
18 127
19 127
17 127
15 127
16 127
14 127
13 127
11 127
12 127
52 128
15 128
16 128
14 128
17 128
13 128
18 128
19 128
11 128
12 128
20 128
10 128
21 128
22 128
8 128
9 128
23 128
7 128
24 128
25 128
5 128
6 128
3 128
4 128
1 128
2 128
54 129
51 130
5 130
6 130
3 130
4 130
7 130
1 130
2 130
8 130
9 130
10 130
11 130
12 130
13 130
14 130
15 130
16 130
17 130
18 130
19 130
53 131
55 132
22 132
20 132
21 132
23 132
18 132
19 132
24 132
25 132
17 132
15 132
16 132
14 132
13 132
11 132
12 132
10 132
8 132
9 132
52 133
13 133
14 133
11 133
12 133
15 133
16 133
10 133
17 133
8 133
9 133
18 133
19 133
7 133
20 133
5 133
6 133
21 133
22 133
3 133
4 133
23 133
1 133
2 133
24 133
25 133
54 134
51 135
3 135
4 135
1 135
2 135
5 135
6 135
7 135
8 135
9 135
10 135
11 135
12 135
13 135
14 135
15 135
16 135
17 135
53 136
55 137
20 137
18 137
19 137
21 137
22 137
17 137
23 137
15 137
16 137
24 137
25 137
14 137
13 137
11 137
12 137
10 137
8 137
9 137
7 137
52 138
12 138
11 138
13 138
10 138
14 138
8 138
9 138
15 138
16 138
7 138
17 138
5 138
6 138
18 138
19 138
3 138
4 138
20 138
1 138
2 138
21 138
22 138
23 138
24 138
25 138
54 139
51 140
1 140
2 140
3 140
4 140
5 140
6 140
7 140
8 140
9 140
10 140
11 140
12 140
13 140
14 140
15 140
16 140
53 141
55 142
18 142
17 142
19 142
20 142
15 142
16 142
21 142
22 142
14 142
23 142
13 142
24 142
25 142
11 142
12 142
10 142
8 142
9 142
7 142
5 142
6 142
52 143
10 143
8 143
9 143
11 143
7 143
12 143
13 143
5 143
6 143
14 143
3 143
4 143
15 143
16 143
1 143
2 143
17 143
18 143
19 143
20 143
21 143
22 143
23 143
54 144
51 145
2 145
3 145
1 145
4 145
5 145
6 145
7 145
8 145
9 145
10 145
11 145
12 145
13 145
14 145
15 145
16 145
17 145
53 146
55 147
16 147
14 147
15 147
17 147
13 147
18 147
19 147
11 147
12 147
20 147
10 147
21 147
22 147
8 147
9 147
23 147
7 147
24 147
25 147
5 147
6 147
3 147
4 147
1 147
2 147
52 148
8 148
7 148
9 148
10 148
5 148
6 148
11 148
3 148
4 148
12 148
13 148
1 148
2 148
14 148
15 148
16 148
17 148
18 148
19 148
20 148
21 148
22 148
54 149
51 150
4 150
5 150
2 150
3 150
6 150
7 150
1 150
8 150
9 150
10 150
11 150
12 150
13 150
14 150
15 150
16 150
17 150
18 150
19 150
53 151
55 152
14 152
13 152
15 152
16 152
11 152
12 152
17 152
10 152
18 152
19 152
8 152
9 152
20 152
7 152
21 152
22 152
5 152
6 152
23 152
3 152
4 152
24 152
25 152
1 152
2 152
52 153
54 154
51 155
6 155
7 155
5 155
8 155
3 155
4 155
9 155
10 155
1 155
2 155
11 155
12 155
13 155
14 155
15 155
16 155
17 155
18 155
19 155
20 155
53 156
55 157
12 157
11 157
13 157
10 157
14 157
8 157
9 157
15 157
16 157
7 157
17 157
5 157
6 157
18 157
19 157
3 157
4 157
20 157
1 157
2 157
21 157
22 157
23 157
24 157
25 157
52 158
54 159
51 160
8 160
7 160
9 160
10 160
5 160
6 160
11 160
3 160
4 160
12 160
13 160
1 160
2 160
14 160
15 160
16 160
17 160
18 160
19 160
20 160
21 160
22 160
53 161
55 162
52 163
54 164
51 165
10 165
55 165
8 165
9 165
11 165
7 165
12 165
13 165
5 165
6 165
14 165
3 165
4 165
15 165
16 165
1 165
2 165
17 165
18 165
19 165
20 165
21 165
22 165
23 165
53 166
55 167
52 168
54 169
51 170
12 170
11 170
13 170
10 170
14 170
8 170
9 170
15 170
16 170
7 170
17 170
5 170
6 170
18 170
19 170
3 170
4 170
20 170
1 170
2 170
21 170
22 170
23 170
24 170
25 170
53 171
55 172
52 173
54 174
51 175
13 175
14 175
11 175
12 175
15 175
16 175
10 175
17 175
8 175
9 175
18 175
19 175
7 175
20 175
5 175
6 175
21 175
22 175
3 175
4 175
23 175
1 175
2 175
24 175
25 175
53 176
55 177
5 177
3 177
4 177
6 177
7 177
1 177
2 177
8 177
9 177
10 177
11 177
12 177
13 177
14 177
15 177
16 177
17 177
18 177
19 177
52 178
54 179
51 180
15 180
16 180
14 180
17 180
13 180
18 180
19 180
11 180
12 180
20 180
10 180
21 180
22 180
8 180
9 180
23 180
7 180
24 180
25 180
5 180
6 180
3 180
4 180
1 180
2 180
53 181
55 182
52 183
54 184
51 185
17 185
18 185
15 185
16 185
19 185
20 185
14 185
21 185
22 185
13 185
23 185
11 185
12 185
24 185
25 185
10 185
8 185
9 185
7 185
5 185
6 185
3 185
4 185
53 186
52 186
55 187
52 188
54 189
51 190
19 190
20 190
17 190
18 190
21 190
22 190
15 190
16 190
23 190
14 190
24 190
25 190
13 190
11 190
12 190
10 190
8 190
9 190
7 190
5 190
6 190
53 191
55 192
52 193
54 194
51 195
21 195
22 195
20 195
23 195
18 195
19 195
24 195
25 195
17 195
15 195
16 195
14 195
13 195
11 195
12 195
10 195
8 195
9 195
53 196
55 197
52 198
54 199
51 200
23 200
21 200
22 200
24 200
25 200
20 200
18 200
19 200
17 200
15 200
16 200
14 200
13 200
11 200
12 200
10 200
53 201
55 202
52 203
54 204
51 205
25 205
23 205
24 205
21 205
22 205
20 205
18 205
19 205
17 205
15 205
16 205
14 205
13 205
11 205
12 205
53 206
55 207
52 208
54 209
51 210
53 211
55 212
52 213
54 214
51 215
53 216
55 217
52 218
54 219
51 220
53 221
55 222
52 223
54 224
51 225
53 226
55 227
52 228
54 229
51 230
53 231
55 232
52 233
54 234
51 235
53 236
55 237
52 238
54 239