64 720
59 721
58 722
56 723
24 723
23 723
25 723
21 723
22 723
20 723
18 723
19 723
17 723
15 723
16 723
14 723
13 723
11 723
12 723
62 724
61 724
54 725
55 725
57 725
55 726
54 726
57 726
52 727
45 727
46 727
44 727
47 727
48 727
43 727
49 727
41 727
42 727
50 727
40 727
39 727
38 727
37 727
35 727
36 727
34 727
51 728
65 729
53 730
63 731
60 732
57 733
54 733
55 733
61 733
62 733
61 734
54 734
62 734
55 734
57 734
64 735
59 736
58 737
56 738
62 739
63 739
61 739
54 740
55 740
58 740
55 741
54 741
58 741
52 742
47 742
48 742
46 742
49 742
45 742
50 742
44 742
43 742
41 742
42 742
40 742
39 742
38 742
37 742
51 743
65 744
53 745
63 746
60 747
57 748
61 749
64 750
59 751
58 752
56 753
27 753
26 753
28 753
29 753
30 753
31 753
32 753
33 753
34 753
35 753
36 753
37 753
38 753
62 754
61 754
54 755
55 755
55 756
54 756
52 757
49 757
50 757
47 757
48 757
46 757
45 757
44 757
43 757
41 757
42 757
40 757
39 757
38 757
51 758
65 759
53 760
63 761
60 762
57 763
61 763
62 763
61 764
57 764
62 764
64 765
59 766
58 767
57 767
56 768
62 769
61 769
54 770
55 770
55 771
54 771
52 772
49 772
47 772
48 772
50 772
46 772
45 772
44 772
43 772
41 772
42 772
40 772
39 772
38 772
51 773
65 774
53 775
63 776
60 777
57 778
61 779
58 779
62 779
64 780
59 781
63 781
58 782
56 783
62 784
61 784
54 785
55 785
55 786
54 786
52 787
47 787
46 787
48 787
49 787
45 787
50 787
44 787
43 787
41 787
42 787
40 787
39 787
38 787
37 787
51 788
63 788
65 789
53 790
63 791
51 791
60 792
57 793
61 794
62 794
64 795
59 796
58 797
56 798
62 799
59 799
61 799
54 800
55 800
55 801
54 801
52 802
51 803
65 804
53 805
63 806
60 807
57 808
51 808
61 809
59 809
62 809
64 810
59 811
58 812
56 813
62 814
61 814
52 814
51 814
54 815
55 815
55 816
54 816
52 817
61 817
62 817
51 818
58 818
65 819
53 820
63 821
60 822
57 823
65 823
61 824
52 824
62 824
64 825
59 826
58 827
56 828
63 828
62 829
52 829
61 829
65 829
54 830
55 830
55 831
54 831
52 832
61 832
62 832
51 833
65 834
58 834
53 835
63 836
60 837
57 838
61 839
52 839
62 839
64 840
59 841
58 842
56 843
62 844
52 844
61 844
54 845
55 845
55 846
54 846
52 847
56 847
57 847
61 847
62 847
51 848
65 849
53 850
63 851
64 851
60 852
57 853
52 853
56 853
61 853
62 853
61 854
52 854
56 854
62 854
57 854
64 855
59 856
58 857
56 858
62 859
52 859
61 859
57 859
54 860
55 860
55 861
54 861
52 862
57 862
61 862
62 862
51 863
65 864
53 865
63 866
60 867
57 867
52 867
61 867
62 867
57 868
52 868
60 868
61 868
62 868
61 869
52 869
62 869
57 869
60 869
64 870
62 870
52 870
61 870
57 870
60 870
59 871
58 872
56 873
62 874
52 874
61 874
64 874
57 874
60 874
54 875
55 875
55 876
54 876
52 877
57 877
61 877
62 877
51 878
65 879
53 880
63 881
60 882
58 882
57 883
52 883
61 883
62 883
61 884
52 884
62 884
57 884
64 885
59 886
56 886
58 887
56 888
59 888
62 889
61 889
52 889
57 889
54 890
55 890
55 891
54 891
52 892
57 892
61 892
62 892
51 893
65 894
53 895
63 896
60 897
57 898
52 898
61 898
62 898
61 899
52 899
62 899
57 899
64 900
59 901
58 902
56 903
62 904
53 904
61 904
52 904
57 904
54 905
55 905
55 906
54 906
52 907
53 907
57 907
61 907
62 907
51 908
44 908
43 908
45 908
41 908
42 908
46 908
40 908
47 908
48 908
39 908
49 908
38 908
50 908
37 908
35 908
36 908
34 908
33 908
65 909
53 910
61 910
52 910
62 910
57 910
63 911
26 911
27 911
28 911
29 911
30 911
31 911
32 911
33 911
34 911
35 911
36 911
37 911
60 912
57 913
52 913
61 913
53 913
62 913
61 914
52 914
62 914
57 914
64 915
59 915
59 916
58 917
56 918
62 919
61 919
52 919
57 919
54 920
23 920
55 920
21 920
22 920
24 920
25 920
20 920
18 920
19 920
17 920
15 920
16 920
14 920
13 920
11 920
12 920
10 920
55 921
54 921
23 921
21 921
22 921
24 921
25 921
20 921
18 921
19 921
17 921
15 921
16 921
14 921
13 921
11 921
12 921
10 921
52 922
57 922
61 922
62 922
51 923
42 923
40 923
41 923
43 923
39 923
44 923
38 923
45 923
37 923
46 923
35 923
36 923
47 923
48 923
34 923
49 923
33 923
50 923
32 923
31 923
65 924
53 925
63 926
25 926
23 926
24 926
21 926
22 926
20 926
18 926
19 926
17 926
15 926
16 926
14 926
13 926
11 926
12 926
60 927
57 928
52 928
61 928
62 928
61 929
52 929
62 929
57 929
64 930
59 931
58 932
56 933
62 934
28 934
27 934
29 934
30 934
26 934
31 934
32 934
33 934
34 934
35 934
36 934
37 934
38 934
39 934
54 935
21 935
55 935
20 935
22 935
23 935
18 935
19 935
24 935
25 935
17 935
15 935
16 935
14 935
13 935
11 935
12 935
10 935
8 935
9 935
55 936
54 936
21 936
20 936
22 936
23 936
18 936
19 936
24 936
25 936
17 936
15 936
16 936
14 936
13 936
11 936
12 936
10 936
8 936
9 936
52 937
61 937
51 938
40 938
39 938
41 938
42 938
38 938
43 938
37 938
44 938
35 938
36 938
45 938
34 938
46 938
33 938
47 938
48 938
32 938
49 938
31 938
50 938
30 938
65 939
44 939
43 939
45 939
41 939
42 939
46 939
40 939
47 939
48 939
39 939
49 939
38 939
50 939
37 939
35 939
36 939
34 939
33 939
53 940
63 941
22 941
23 941
20 941
21 941
24 941
25 941
18 941
19 941
17 941
15 941
16 941
14 941
13 941
11 941
12 941
10 941
8 941
9 941
60 942
57 943
61 944
52 944
64 945
59 946
53 946
58 947
56 948
62 949
26 949
27 949
28 949
29 949
30 949
31 949
32 949
33 949
34 949
35 949
36 949
37 949
54 950
19 950
55 950
17 950
18 950
20 950
15 950
16 950
21 950
22 950
14 950
23 950
13 950
24 950
25 950
11 950
12 950
10 950
8 950
9 950
7 950
5 950
6 950
55 951
19 951
20 951
54 951
17 951
18 951
21 951
22 951
15 951
16 951
23 951
14 951
24 951
25 951
13 951
11 951
12 951
10 951
8 951
9 951
7 951
5 951
6 951
52 952
61 952
51 953
38 953
37 953
39 953
35 953
36 953
40 953
34 953
41 953
42 953
33 953
43 953
32 953
44 953
31 953
45 953
30 953
46 953
28 953
29 953
47 953
48 953
27 953
49 953
65 954
42 954
40 954
41 954
43 954
39 954
44 954
38 954
45 954
37 954
46 954
35 954
36 954
47 954
48 954
34 954
49 954
33 954
50 954
32 954
31 954
53 955
63 956
21 956
20 956
22 956
23 956
18 956
19 956
24 956
25 956
17 956
15 956
16 956
14 956
13 956
11 956
12 956
10 956
8 956
9 956
60 957
57 958
61 959
52 959
64 960
56 960
59 961
58 962
56 963
62 964
25 964
23 964
24 964
21 964
22 964
20 964
18 964
19 964
17 964
15 964
16 964
14 964
13 964
11 964
12 964
54 965
17 965
55 965
15 965
16 965
19 965
18 965
14 965
20 965
13 965
21 965
22 965
11 965
12 965
23 965
10 965
24 965
25 965
8 965
9 965
7 965
5 965
6 965
3 965
4 965
55 966
17 966
18 966
54 966
15 966
16 966
19 966
20 966
14 966
21 966
22 966
13 966
23 966
11 966
12 966
24 966
25 966
10 966
8 966
9 966
7 966
5 966
6 966
3 966
4 966
52 967
61 967
51 968
36 968
34 968
35 968
37 968
33 968
38 968
32 968
39 968
31 968
40 968
30 968
41 968
42 968
28 968
29 968
43 968
27 968
44 968
26 968
45 968
46 968
65 969
40 969
39 969
41 969
42 969
38 969
43 969
37 969
44 969
35 969
36 969
45 969
34 969
46 969
33 969
47 969
48 969
32 969
49 969
31 969
50 969
30 969
53 970
63 971
19 971
17 971
18 971
20 971
15 971
16 971
21 971
22 971
14 971
23 971
13 971
24 971
25 971
11 971
12 971
10 971
8 971
9 971
7 971
5 971
6 971
60 972
57 973
61 974
25 974
52 974
23 974
24 974
21 974
22 974
20 974
18 974
19 974
17 974
15 974
16 974
14 974
13 974
11 974
12 974
64 975
59 976
58 977
56 978
62 979
23 979
21 979
22 979
24 979
25 979
20 979
18 979
19 979
17 979
15 979
16 979
14 979
13 979
11 979
12 979
10 979
54 980
15 980
16 980
55 980
14 980
17 980
13 980
18 980
19 980
11 980
12 980
20 980
10 980
21 980
22 980
8 980
9 980
23 980
7 980
24 980
25 980
5 980
6 980
3 980
4 980
1 980
2 980
55 981
15 981
16 981
54 981
14 981
17 981
13 981
18 981
19 981
11 981
12 981
20 981
10 981
21 981
22 981
8 981
9 981
23 981
7 981
24 981
25 981
5 981
6 981
3 981
4 981
1 981
2 981
52 982
61 982
23 982
21 982
22 982
24 982
25 982
20 982
18 982
19 982
17 982
15 982
16 982
14 982
13 982
11 982
12 982
10 982
51 983
34 983
35 983
33 983
36 983
37 983
32 983
38 983
31 983
39 983
30 983
40 983
28 983
29 983
41 983
42 983
27 983
43 983
26 983
44 983
45 983
46 983
65 984
38 984
37 984
39 984
35 984
36 984
40 984
34 984
41 984
42 984
33 984
43 984
32 984
44 984
31 984
45 984
30 984
46 984
28 984
29 984
47 984
48 984
27 984
49 984
53 985
63 986
17 986
15 986
16 986
18 986
19 986
14 986
20 986
13 986
21 986
22 986
11 986
12 986
23 986
10 986
24 986
25 986
8 986
9 986
7 986
5 986
6 986
3 986
4 986
60 987
57 988
61 989
23 989
52 989
21 989
22 989
24 989
25 989
20 989
18 989
19 989
17 989
15 989
16 989
14 989
13 989
11 989
12 989
10 989
64 990
59 991
58 992
56 993
53 993
62 994
21 994
22 994
20 994
23 994
18 994
19 994
24 994
25 994
17 994
15 994
16 994
14 994
13 994
11 994
12 994
10 994
8 994
9 994
54 995
13 995
14 995
55 995
11 995
12 995
15 995
16 995
10 995
17 995
8 995
9 995
18 995
19 995
7 995
20 995
5 995
6 995
21 995
22 995
3 995
4 995
23 995
1 995
2 995
24 995
25 995
55 996
13 996
14 996
54 996
11 996
12 996
15 996
16 996
10 996
17 996
8 996
9 996
18 996
19 996
7 996
20 996
5 996
6 996
21 996
22 996
3 996
4 996
23 996
1 996
2 996
24 996
25 996
52 997
61 997
21 997
22 997
20 997
23 997
18 997
19 997
24 997
25 997
17 997
15 997
16 997
14 997
13 997
11 997
12 997
10 997
8 997
9 997
51 998
32 998
33 998
31 998
34 998
30 998
35 998
36 998
28 998
29 998
37 998
27 998
38 998
26 998
39 998
40 998
41 998
42 998
43 998
44 998
65 999
36 999
34 999
35 999
37 999
33 999
38 999
32 999
39 999
31 999
40 999
30 999
41 999
42 999
28 999
29 999
43 999
27 999
44 999
26 999
45 999
46 999
53 1000
63 1001
15 1001
16 1001
14 1001
17 1001
13 1001
18 1001
19 1001
11 1001
12 1001
20 1001
10 1001
21 1001
22 1001
8 1001
9 1001
23 1001
7 1001
24 1001
25 1001
5 1001
6 1001
3 1001
4 1001
1 1001
2 1001
60 1002
57 1003
20 1003
18 1003
19 1003
21 1003
22 1003
17 1003
23 1003
15 1003
16 1003
24 1003
25 1003
14 1003
13 1003
11 1003
12 1003
10 1003
8 1003
9 1003
7 1003
61 1004
21 1004
52 1004
62 1004
20 1004
22 1004
23 1004
18 1004
19 1004
24 1004
25 1004
17 1004
15 1004
16 1004
14 1004
13 1004
11 1004
12 1004
10 1004
8 1004
9 1004
64 1005
59 1006
58 1007
22 1007
20 1007
21 1007
23 1007
18 1007
19 1007
24 1007
25 1007
17 1007
15 1007
16 1007
14 1007
13 1007
11 1007
12 1007
10 1007
8 1007
9 1007
56 1008
62 1009
19 1009
20 1009
17 1009
18 1009
21 1009
22 1009
15 1009
16 1009
23 1009
14 1009
24 1009
25 1009
13 1009
11 1009
12 1009
10 1009
8 1009
9 1009
7 1009
5 1009
6 1009
54 1010
12 1010
55 1010
11 1010
13 1010
10 1010
14 1010
8 1010
9 1010
15 1010
16 1010
7 1010
17 1010
5 1010
6 1010
18 1010
19 1010
3 1010
4 1010
20 1010
1 1010
2 1010
21 1010
22 1010
23 1010
24 1010
25 1010
55 1011
11 1011
12 1011
54 1011
10 1011
13 1011
8 1011
9 1011
14 1011
7 1011
15 1011
16 1011
5 1011
6 1011
17 1011
3 1011
4 1011
18 1011
19 1011
1 1011
2 1011
20 1011
21 1011
22 1011
23 1011
24 1011
25 1011
52 1012
61 1012
19 1012
20 1012
17 1012
18 1012
21 1012
22 1012
15 1012
16 1012
23 1012
14 1012
24 1012
25 1012
13 1012
11 1012
12 1012
10 1012
8 1012
9 1012
7 1012
5 1012
6 1012
51 1013
30 1013
31 1013
28 1013
29 1013
32 1013
27 1013
33 1013
26 1013
34 1013
35 1013
36 1013
37 1013
38 1013
39 1013
40 1013
41 1013
42 1013
65 1014
34 1014
33 1014
35 1014
36 1014
32 1014
37 1014
31 1014
38 1014
30 1014
39 1014
28 1014
29 1014
40 1014
27 1014
41 1014
42 1014
26 1014
43 1014
44 1014
45 1014
53 1015
64 1015
63 1016
13 1016
14 1016
11 1016
12 1016
15 1016
16 1016
10 1016
17 1016
8 1016
9 1016
18 1016
19 1016
7 1016
20 1016
5 1016
6 1016
21 1016
22 1016
3 1016
4 1016
23 1016
1 1016
2 1016
24 1016
25 1016
60 1017
57 1018
18 1018
17 1018
19 1018
20 1018
15 1018
16 1018
21 1018
22 1018
14 1018
23 1018
13 1018
24 1018
25 1018
11 1018
12 1018
10 1018
8 1018
9 1018
7 1018
5 1018
6 1018
61 1019
19 1019
52 1019
17 1019
18 1019
20 1019
15 1019
16 1019
21 1019
22 1019
14 1019
23 1019
13 1019
24 1019
25 1019
11 1019
12 1019
10 1019
8 1019
9 1019
7 1019
5 1019
6 1019
64 1020
45 1020
44 1020
46 1020
43 1020
47 1020
48 1020
41 1020
42 1020
49 1020
40 1020
50 1020
39 1020
38 1020
37 1020
35 1020
36 1020
34 1020
59 1021
27 1021
28 1021
26 1021
29 1021
30 1021
31 1021
32 1021
33 1021
34 1021
35 1021
36 1021
37 1021
38 1021
39 1021
58 1022
20 1022
18 1022
19 1022
21 1022
22 1022
17 1022
23 1022
15 1022
16 1022
24 1022
25 1022
14 1022
13 1022
11 1022
12 1022
10 1022
8 1022
9 1022
7 1022
56 1023
62 1024
17 1024
18 1024
61 1024
15 1024
16 1024
19 1024
20 1024
52 1024
14 1024
21 1024
22 1024
13 1024
23 1024
11 1024
12 1024
24 1024
25 1024
10 1024
8 1024
9 1024
7 1024
5 1024
6 1024
3 1024
4 1024
54 1025
10 1025
55 1025
8 1025
9 1025
11 1025
7 1025
12 1025
13 1025
5 1025
6 1025
14 1025
3 1025
4 1025
15 1025
16 1025
1 1025
2 1025
17 1025
18 1025
19 1025
20 1025
21 1025
22 1025
23 1025
24 1025
25 1025
55 1026
10 1026
54 1026
8 1026
11 1026
9 1026
7 1026
12 1026
13 1026
5 1026
6 1026
14 1026
3 1026
4 1026
15 1026
16 1026
1 1026
2 1026
17 1026
18 1026
19 1026
20 1026
21 1026
22 1026
23 1026
52 1027
61 1027
17 1027
18 1027
62 1027
15 1027
16 1027
19 1027
20 1027
14 1027
21 1027
22 1027
13 1027
23 1027
11 1027
12 1027
24 1027
25 1027
10 1027
8 1027
9 1027
7 1027
5 1027
6 1027
3 1027
4 1027
51 1028
28 1028
29 1028
27 1028
30 1028
26 1028
31 1028
32 1028
33 1028
34 1028
35 1028
36 1028
37 1028
38 1028
39 1028
65 1029
32 1029
31 1029
33 1029
30 1029
34 1029
28 1029
29 1029
35 1029
36 1029
27 1029
37 1029
26 1029
38 1029
39 1029
40 1029
41 1029
42 1029
43 1029
53 1030
63 1031
11 1031
12 1031
10 1031
13 1031
8 1031
9 1031
14 1031
7 1031
15 1031
16 1031
5 1031
6 1031
17 1031
3 1031
4 1031
18 1031
19 1031
1 1031
2 1031
20 1031
21 1031
22 1031
23 1031
24 1031
25 1031
60 1032
57 1033
16 1033
14 1033
15 1033
17 1033
13 1033
18 1033
19 1033
11 1033
12 1033
20 1033
10 1033
21 1033
22 1033
8 1033
9 1033
23 1033
7 1033
24 1033
25 1033
5 1033
6 1033
3 1033
4 1033
1 1033
2 1033
61 1034
17 1034
18 1034
52 1034
62 1034
15 1034
16 1034
19 1034
20 1034
14 1034
21 1034
22 1034
13 1034
23 1034
11 1034
12 1034
24 1034
25 1034
10 1034
8 1034
9 1034
7 1034
5 1034
6 1034
3 1034
4 1034
64 1035
43 1035
41 1035
42 1035
44 1035
40 1035
45 1035
39 1035
46 1035
38 1035
47 1035
48 1035
37 1035
49 1035
35 1035
36 1035
50 1035
34 1035
33 1035
32 1035
59 1036
26 1036
27 1036
28 1036
29 1036
30 1036
31 1036
32 1036
33 1036
34 1036
35 1036
36 1036
37 1036
58 1037
18 1037
19 1037
17 1037
20 1037
15 1037
16 1037
21 1037
22 1037
14 1037
23 1037
13 1037
24 1037
25 1037
11 1037
12 1037
10 1037
8 1037
9 1037
7 1037
5 1037
6 1037
56 1038
62 1039
16 1039
61 1039
14 1039
15 1039
17 1039
52 1039
13 1039
18 1039
19 1039
11 1039
12 1039
20 1039
10 1039
21 1039
22 1039
8 1039
9 1039
23 1039
7 1039
24 1039
25 1039
5 1039
6 1039
3 1039
4 1039
1 1039
2 1039
54 1040
8 1040
55 1040
7 1040
10 1040
9 1040
5 1040
6 1040
11 1040
3 1040
4 1040
12 1040
13 1040
1 1040
2 1040
14 1040
15 1040
16 1040
17 1040
18 1040
19 1040
20 1040
21 1040
22 1040
55 1041
8 1041
9 1041
54 1041
7 1041
10 1041
5 1041
6 1041
11 1041
3 1041
4 1041
12 1041
13 1041
1 1041
2 1041
14 1041
15 1041
16 1041
17 1041
18 1041
19 1041
20 1041
21 1041
22 1041
52 1042
61 1042
15 1042
16 1042
62 1042
14 1042
17 1042
13 1042
18 1042
19 1042
11 1042
12 1042
20 1042
10 1042
21 1042
22 1042
8 1042
9 1042
23 1042
7 1042
24 1042
25 1042
5 1042
6 1042
3 1042
4 1042
1 1042
2 1042
51 1043
26 1043
27 1043
28 1043
29 1043
30 1043
31 1043
32 1043
33 1043
34 1043
35 1043
36 1043
37 1043
38 1043
65 1044
30 1044
31 1044
28 1044
29 1044
32 1044
27 1044
33 1044
26 1044
34 1044
35 1044
36 1044
37 1044
38 1044
39 1044
40 1044
41 1044
42 1044
53 1045
49 1045
47 1045
48 1045
50 1045
46 1045
45 1045
44 1045
43 1045
41 1045
42 1045
40 1045
39 1045
38 1045
63 1046
9 1046
10 1046
8 1046
11 1046
7 1046
12 1046
13 1046
5 1046
6 1046
14 1046
3 1046
4 1046
15 1046
16 1046
1 1046
2 1046
17 1046
18 1046
19 1046
20 1046
21 1046
22 1046
23 1046
60 1047
57 1048
14 1048
15 1048
13 1048
16 1048
17 1048
11 1048
12 1048
18 1048
19 1048
10 1048
20 1048
8 1048
9 1048
21 1048
22 1048
7 1048
23 1048
5 1048
6 1048
24 1048
25 1048
3 1048
4 1048
1 1048
2 1048
61 1049
15 1049
16 1049
52 1049
62 1049
14 1049
17 1049
13 1049
18 1049
19 1049
11 1049
12 1049
20 1049
10 1049
21 1049
22 1049
8 1049
9 1049
23 1049
7 1049
24 1049
25 1049
5 1049
6 1049
3 1049
4 1049
1 1049
2 1049
64 1050
41 1050
40 1050
42 1050
43 1050
39 1050
44 1050
38 1050
45 1050
37 1050
46 1050
35 1050
36 1050
47 1050
48 1050
34 1050
49 1050
33 1050
50 1050
32 1050
31 1050
59 1051
25 1051
23 1051
24 1051
21 1051
22 1051
20 1051
18 1051
19 1051
17 1051
15 1051
16 1051
14 1051
13 1051
11 1051
12 1051
58 1052
16 1052
17 1052
14 1052
15 1052
18 1052
19 1052
13 1052
20 1052
11 1052
12 1052
21 1052
22 1052
10 1052
23 1052
8 1052
9 1052
24 1052
25 1052
7 1052
5 1052
6 1052
3 1052
4 1052
1 1052
2 1052
56 1053
62 1054
14 1054
61 1054
13 1054
16 1054
15 1054
52 1054
11 1054
12 1054
17 1054
10 1054
18 1054
19 1054
8 1054
9 1054
20 1054
7 1054
21 1054
22 1054
5 1054
6 1054
23 1054
3 1054
4 1054
24 1054
25 1054
1 1054
2 1054
54 1055
6 1055
55 1055
5 1055
7 1055
3 1055
4 1055
8 1055
1 1055
2 1055
9 1055
10 1055
11 1055
12 1055
13 1055
14 1055
15 1055
16 1055
17 1055
18 1055
19 1055
20 1055
55 1056
6 1056
7 1056
54 1056
5 1056
8 1056
3 1056
4 1056
9 1056
10 1056
1 1056
2 1056
11 1056
12 1056
13 1056
14 1056
15 1056
16 1056
17 1056
18 1056
19 1056
20 1056
52 1057
51 1058
25 1058
23 1058
24 1058
21 1058
22 1058
20 1058
18 1058
19 1058
17 1058
15 1058
16 1058
14 1058
13 1058
11 1058
12 1058
65 1059
28 1059
29 1059
27 1059
30 1059
26 1059
31 1059
32 1059
33 1059
34 1059
35 1059
36 1059
37 1059
38 1059
39 1059
53 1060
49 1060
47 1060
48 1060
50 1060
46 1060
45 1060
44 1060
43 1060
41 1060
42 1060
40 1060
39 1060
38 1060
63 1061
7 1061
8 1061
5 1061
6 1061
9 1061
10 1061
3 1061
4 1061
11 1061
1 1061
2 1061
12 1061
13 1061
14 1061
15 1061
16 1061
17 1061
18 1061
19 1061
20 1061
21 1061
22 1061
60 1062
57 1063
12 1063
13 1063
11 1063
14 1063
10 1063
15 1063
16 1063
8 1063
9 1063
17 1063
7 1063
18 1063
19 1063
5 1063
6 1063
20 1063
3 1063
4 1063
21 1063
22 1063
1 1063
2 1063
23 1063
24 1063
25 1063
61 1064
13 1064
14 1064
62 1064
11 1064
12 1064
15 1064
16 1064
10 1064
17 1064
8 1064
9 1064
18 1064
19 1064
7 1064
20 1064
5 1064
6 1064
21 1064
22 1064
3 1064
4 1064
23 1064
1 1064
2 1064
24 1064
25 1064
64 1065
39 1065
40 1065
38 1065
41 1065
42 1065
37 1065
43 1065
35 1065
36 1065
44 1065
34 1065
45 1065
33 1065
46 1065
32 1065
47 1065
48 1065
31 1065
49 1065
30 1065
50 1065
28 1065
29 1065
59 1066
23 1066
21 1066
22 1066
24 1066
25 1066
20 1066
18 1066
19 1066
17 1066
15 1066
16 1066
14 1066
13 1066
11 1066
12 1066
10 1066
58 1067
15 1067
14 1067
16 1067
17 1067
13 1067
18 1067
19 1067
11 1067
12 1067
20 1067
10 1067
21 1067
22 1067
8 1067
9 1067
23 1067
7 1067
24 1067
25 1067
5 1067
6 1067
3 1067
4 1067
1 1067
2 1067
56 1068
62 1069
12 1069
61 1069
11 1069
13 1069
10 1069
14 1069
8 1069
9 1069
15 1069
16 1069
7 1069
17 1069
5 1069
6 1069
18 1069
19 1069
3 1069
4 1069
20 1069
1 1069
2 1069
21 1069
22 1069
23 1069
24 1069
25 1069
54 1070
4 1070
55 1070
2 1070
3 1070
5 1070
1 1070
6 1070
7 1070
8 1070
9 1070
10 1070
11 1070
12 1070
13 1070
14 1070
15 1070
16 1070
17 1070
18 1070
19 1070
55 1071
4 1071
5 1071
54 1071
2 1071
3 1071
6 1071
7 1071
1 1071
8 1071
9 1071
10 1071
11 1071
12 1071
13 1071
14 1071
15 1071
16 1071
17 1071
18 1071
19 1071
52 1072
51 1073
24 1073
23 1073
25 1073
21 1073
22 1073
20 1073
18 1073
19 1073
17 1073
15 1073
16 1073
14 1073
13 1073
11 1073
12 1073
65 1074
26 1074
27 1074
28 1074
29 1074
30 1074
31 1074
32 1074
33 1074
34 1074
35 1074
36 1074
37 1074
38 1074
53 1075
47 1075
46 1075
48 1075
49 1075
45 1075
50 1075
44 1075
43 1075
41 1075
42 1075
40 1075
39 1075
38 1075
37 1075
63 1076
5 1076
6 1076
3 1076
4 1076
7 1076
1 1076
2 1076
8 1076
9 1076
10 1076
11 1076
12 1076
13 1076
14 1076
15 1076
16 1076
17 1076
18 1076
19 1076
60 1077
38 1077
37 1077
39 1077
35 1077
36 1077
40 1077
34 1077
41 1077
42 1077
33 1077
43 1077
32 1077
44 1077
31 1077
45 1077
30 1077
46 1077
28 1077
29 1077
47 1077
48 1077
27 1077
49 1077
57 1078
10 1078
11 1078
8 1078
9 1078
12 1078
13 1078
7 1078
14 1078
5 1078
6 1078
15 1078
16 1078
3 1078
4 1078
17 1078
1 1078
2 1078
18 1078
19 1078
20 1078
21 1078
22 1078
23 1078
24 1078
25 1078
61 1079
11 1079
12 1079
62 1079
10 1079
13 1079
8 1079
9 1079
14 1079
7 1079
15 1079
16 1079
5 1079
6 1079
17 1079
3 1079
4 1079
18 1079
19 1079
1 1079
2 1079
20 1079
21 1079
22 1079
23 1079
24 1079
25 1079
64 1080
38 1080
37 1080
39 1080
35 1080
36 1080
40 1080
34 1080
41 1080
42 1080
33 1080
43 1080
32 1080
44 1080
31 1080
45 1080
30 1080
46 1080
28 1080
29 1080
47 1080
48 1080
27 1080
49 1080
59 1081
21 1081
20 1081
22 1081
23 1081
18 1081
19 1081
24 1081
25 1081
17 1081
15 1081
16 1081
14 1081
13 1081
11 1081
12 1081
10 1081
8 1081
9 1081
58 1082
13 1082
11 1082
12 1082
14 1082
10 1082
15 1082
16 1082
8 1082
9 1082
17 1082
7 1082
18 1082
19 1082
5 1082
6 1082
20 1082
3 1082
4 1082
21 1082
22 1082
1 1082
2 1082
23 1082
24 1082
25 1082
56 1083
62 1084
10 1084
61 1084
8 1084
9 1084
11 1084
7 1084
12 1084
13 1084
5 1084
6 1084
14 1084
3 1084
4 1084
15 1084
16 1084
1 1084
2 1084
17 1084
18 1084
19 1084
20 1084
21 1084
22 1084
23 1084
24 1084
25 1084
54 1085
2 1085
55 1085
1 1085
4 1085
3 1085
5 1085
6 1085
7 1085
8 1085
9 1085
10 1085
11 1085
12 1085
13 1085
14 1085
15 1085
16 1085
17 1085
55 1086
2 1086
3 1086
54 1086
1 1086
4 1086
5 1086
6 1086
7 1086
8 1086
9 1086
10 1086
11 1086
12 1086
13 1086
14 1086
15 1086
16 1086
17 1086
52 1087
62 1087
10 1087
61 1087
8 1087
9 1087
11 1087
7 1087
12 1087
13 1087
5 1087
6 1087
14 1087
3 1087
4 1087
15 1087
16 1087
1 1087
2 1087
17 1087
18 1087
19 1087
20 1087
21 1087
22 1087
23 1087
24 1087
25 1087
51 1088
22 1088
20 1088
21 1088
23 1088
18 1088
19 1088
24 1088
25 1088
17 1088
15 1088
16 1088
14 1088
13 1088
11 1088
12 1088
10 1088
8 1088
9 1088
65 1089
25 1089
23 1089
24 1089
21 1089
22 1089
20 1089
18 1089
19 1089
17 1089
15 1089
16 1089
14 1089
13 1089
11 1089
12 1089
53 1090
45 1090
44 1090
46 1090
43 1090
47 1090
48 1090
41 1090
42 1090
49 1090
40 1090
50 1090
39 1090
38 1090
37 1090
35 1090
36 1090
34 1090
63 1091
3 1091
4 1091
1 1091
2 1091
5 1091
6 1091
7 1091
8 1091
9 1091
10 1091
11 1091
12 1091
13 1091
14 1091
15 1091
16 1091
17 1091
60 1092
36 1092
34 1092
35 1092
37 1092
33 1092
38 1092
32 1092
39 1092
31 1092
40 1092
30 1092
41 1092
42 1092
28 1092
29 1092
43 1092
27 1092
44 1092
26 1092
45 1092
46 1092
57 1093
8 1093
9 1093
7 1093
10 1093
5 1093
6 1093
11 1093
3 1093
4 1093
12 1093
13 1093
1 1093
2 1093
14 1093
15 1093
16 1093
17 1093
18 1093
19 1093
20 1093
21 1093
22 1093
61 1094
9 1094
10 1094
52 1094
62 1094
8 1094
11 1094
7 1094
12 1094
13 1094
5 1094
6 1094
14 1094
3 1094
4 1094
15 1094
16 1094
1 1094
2 1094
17 1094
18 1094
19 1094
20 1094
21 1094
22 1094
23 1094
64 1095
36 1095
34 1095
35 1095
37 1095
33 1095
38 1095
32 1095
39 1095
31 1095
40 1095
30 1095
41 1095
42 1095
28 1095
29 1095
43 1095
27 1095
44 1095
26 1095
45 1095
46 1095
59 1096
19 1096
17 1096
18 1096
20 1096
15 1096
16 1096
21 1096
22 1096
14 1096
23 1096
13 1096
24 1096
25 1096
11 1096
12 1096
10 1096
8 1096
9 1096
7 1096
5 1096
6 1096
58 1097
11 1097
10 1097
12 1097
13 1097
8 1097
9 1097
14 1097
7 1097
15 1097
16 1097
5 1097
6 1097
17 1097
3 1097
4 1097
18 1097
19 1097
1 1097
2 1097
20 1097
21 1097
22 1097
23 1097
24 1097
25 1097
56 1098
62 1099
8 1099
61 1099
7 1099
10 1099
9 1099
52 1099
5 1099
6 1099
11 1099
3 1099
4 1099
12 1099
13 1099
1 1099
2 1099
14 1099
15 1099
16 1099
17 1099
18 1099
19 1099
20 1099
21 1099
22 1099
54 1100
2 1100
55 1100
3 1100
4 1100
1 1100
63 1100
5 1100
6 1100
7 1100
8 1100
9 1100
10 1100
11 1100
12 1100
13 1100
14 1100
15 1100
16 1100
55 1101
1 1101
2 1101
54 1101
63 1101
3 1101
4 1101
5 1101
6 1101
7 1101
8 1101
9 1101
10 1101
11 1101
12 1101
13 1101
14 1101
15 1101
16 1101
52 1102
8 1102
61 1102
7 1102
10 1102
9 1102
62 1102
5 1102
6 1102
11 1102
3 1102
4 1102
12 1102
13 1102
1 1102
2 1102
14 1102
15 1102
16 1102
17 1102
18 1102
19 1102
20 1102
21 1102
22 1102
51 1103
20 1103
18 1103
19 1103
21 1103
22 1103
17 1103
23 1103
15 1103
16 1103
24 1103
25 1103
14 1103
13 1103
11 1103
12 1103
10 1103
8 1103
9 1103
7 1103
65 1104
24 1104
23 1104
25 1104
21 1104
22 1104
20 1104
18 1104
19 1104
17 1104
15 1104
16 1104
14 1104
13 1104
11 1104
12 1104
53 1105
43 1105
41 1105
42 1105
44 1105
40 1105
45 1105
39 1105
46 1105
38 1105
47 1105
48 1105
37 1105
49 1105
35 1105
36 1105
50 1105
34 1105
33 1105
32 1105
63 1106
1 1106
2 1106
55 1106
3 1106
4 1106
54 1106
5 1106
6 1106
7 1106
8 1106
9 1106
10 1106
11 1106
12 1106
13 1106
14 1106
15 1106
16 1106
60 1107
34 1107
33 1107
35 1107
36 1107
32 1107
37 1107
31 1107
38 1107
30 1107
39 1107
28 1107
29 1107
40 1107
27 1107
41 1107
42 1107
26 1107
43 1107
44 1107
45 1107
57 1108
6 1108
7 1108
5 1108
8 1108
3 1108
4 1108
9 1108
10 1108
1 1108
2 1108
11 1108
12 1108
13 1108
14 1108
15 1108
16 1108
17 1108
18 1108
19 1108
20 1108
61 1109
7 1109
8 1109
52 1109
62 1109
5 1109
6 1109
9 1109
10 1109
3 1109
4 1109
11 1109
1 1109
2 1109
12 1109
13 1109
14 1109
15 1109
16 1109
17 1109
18 1109
19 1109
20 1109
21 1109
22 1109
64 1110
34 1110
33 1110
35 1110
36 1110
32 1110
37 1110
31 1110
38 1110
30 1110
39 1110
28 1110
29 1110
40 1110
27 1110
41 1110
42 1110
26 1110
43 1110
44 1110
45 1110
59 1111
17 1111
15 1111
16 1111
18 1111
19 1111
14 1111
20 1111
13 1111
21 1111
22 1111
11 1111
12 1111
23 1111
10 1111
24 1111
25 1111
8 1111
9 1111
7 1111
5 1111
6 1111
3 1111
4 1111
58 1112
9 1112
8 1112
10 1112
7 1112
11 1112
5 1112
6 1112
12 1112
13 1112
3 1112
4 1112
14 1112
1 1112
2 1112
15 1112
16 1112
17 1112
18 1112
19 1112
20 1112
21 1112
22 1112
56 1113
62 1114
6 1114
52 1114
61 1114
5 1114
7 1114
3 1114
4 1114
8 1114
1 1114
2 1114
9 1114
10 1114
11 1114
12 1114
13 1114
14 1114
15 1114
16 1114
17 1114
18 1114
19 1114
20 1114
54 1115
4 1115
55 1115
2 1115
5 1115
3 1115
6 1115
7 1115
1 1115
8 1115
9 1115
10 1115
11 1115
12 1115
13 1115
14 1115
15 1115
16 1115
17 1115
55 1116
3 1116
4 1116
54 1116
1 1116
2 1116
5 1116
6 1116
7 1116
8 1116
9 1116
10 1116
11 1116
12 1116
13 1116
14 1116
15 1116
16 1116
17 1116
52 1117
6 1117
61 1117
62 1117
5 1117
7 1117
3 1117
4 1117
8 1117
1 1117
2 1117
9 1117
10 1117
11 1117
12 1117
13 1117
14 1117
15 1117
16 1117
17 1117
18 1117
19 1117
20 1117
51 1118
18 1118
17 1118
19 1118
20 1118
15 1118
16 1118
21 1118
22 1118
14 1118
23 1118
13 1118
24 1118
25 1118
11 1118
12 1118
10 1118
8 1118
9 1118
7 1118
5 1118
6 1118
65 1119
22 1119
20 1119
21 1119
23 1119
18 1119
19 1119
24 1119
25 1119
17 1119
15 1119
16 1119
14 1119
13 1119
11 1119
12 1119
10 1119
8 1119
9 1119
53 1120
41 1120
42 1120
40 1120
43 1120
39 1120
44 1120
38 1120
45 1120
37 1120
46 1120
35 1120
36 1120
47 1120
48 1120
34 1120
49 1120
33 1120
50 1120
32 1120
31 1120
63 1121
2 1121
1 1121
3 1121
4 1121
5 1121
6 1121
7 1121
8 1121
9 1121
10 1121
11 1121
12 1121
13 1121
14 1121
15 1121
16 1121
60 1122
57 1123
5 1123
54 1123
3 1123
6 1123
7 1123
4 1123
55 1123
1 1123
8 1123
2 1123
9 1123
10 1123
11 1123
12 1123
13 1123
14 1123
15 1123
16 1123
17 1123
18 1123
19 1123
61 1124
5 1124
6 1124
52 1124
62 1124
3 1124
4 1124
7 1124
1 1124
2 1124
8 1124
9 1124
10 1124
11 1124
12 1124
13 1124
14 1124
15 1124
16 1124
17 1124
18 1124
19 1124
64 1125
32 1125
31 1125
33 1125
30 1125
34 1125
28 1125
29 1125
35 1125
36 1125
27 1125
37 1125
26 1125
38 1125
39 1125
40 1125
41 1125
42 1125
43 1125
59 1126
15 1126
14 1126
16 1126
17 1126
13 1126
18 1126
19 1126
11 1126
12 1126
20 1126
10 1126
21 1126
22 1126
8 1126
9 1126
23 1126
7 1126
24 1126
25 1126
5 1126
6 1126
3 1126
4 1126
1 1126
2 1126
58 1127
7 1127
5 1127
6 1127
8 1127
3 1127
4 1127
9 1127
10 1127
1 1127
2 1127
11 1127
12 1127
13 1127
14 1127
15 1127
16 1127
17 1127
18 1127
19 1127
20 1127
56 1128
62 1129
52 1129
61 1129
57 1129
4 1129
5 1129
55 1129
2 1129
3 1129
6 1129
7 1129
54 1129
1 1129
8 1129
9 1129
10 1129
11 1129
12 1129
13 1129
14 1129
15 1129
16 1129
17 1129
18 1129
19 1129
54 1130
6 1130
55 1130
7 1130
5 1130
61 1130
8 1130
3 1130
4 1130
62 1130
63 1130
9 1130
10 1130
1 1130
2 1130
11 1130
12 1130
13 1130
14 1130
15 1130
16 1130
17 1130
18 1130
19 1130
55 1131
5 1131
6 1131
54 1131
61 1131
3 1131
7 1131
58 1131
4 1131
52 1131
62 1131
63 1131
1 1131
8 1131
2 1131
9 1131
10 1131
11 1131
12 1131
13 1131
14 1131
15 1131
16 1131
17 1131
18 1131
19 1131
52 1132
4 1132
57 1132
61 1132
62 1132
63 1132
2 1132
3 1132
5 1132
1 1132
6 1132
7 1132
8 1132
9 1132
10 1132
11 1132
12 1132
13 1132
14 1132
15 1132
16 1132
17 1132
18 1132
19 1132
51 1133
65 1134
20 1134
18 1134
19 1134
21 1134
22 1134
17 1134
23 1134
15 1134
16 1134
24 1134
25 1134
14 1134
13 1134
11 1134
12 1134
10 1134
8 1134
9 1134
7 1134
53 1135
39 1135
40 1135
38 1135
41 1135
42 1135
37 1135
43 1135
35 1135
36 1135
44 1135
34 1135
45 1135
33 1135
46 1135
32 1135
47 1135
48 1135
31 1135
49 1135
30 1135
50 1135
28 1135
29 1135
63 1136
4 1136
52 1136
61 1136
62 1136
2 1136
3 1136
5 1136
57 1136
1 1136
6 1136
7 1136
8 1136
9 1136
10 1136
11 1136
12 1136
13 1136
14 1136
15 1136
16 1136
17 1136
60 1137
57 1138
3 1138
52 1138
1 1138
2 1138
5 1138
4 1138
61 1138
62 1138
63 1138
6 1138
7 1138
8 1138
9 1138
10 1138
11 1138
12 1138
13 1138
14 1138
15 1138
16 1138
17 1138
61 1139
4 1139
52 1139
62 1139
63 1139
2 1139
5 1139
3 1139
57 1139
6 1139
7 1139
1 1139
8 1139
9 1139
10 1139
11 1139
12 1139
13 1139
14 1139
15 1139
16 1139
17 1139
64 1140
59 1141
13 1141
11 1141
12 1141
14 1141
10 1141
15 1141
16 1141
8 1141
9 1141
17 1141
7 1141
18 1141
19 1141
5 1141
6 1141
20 1141
3 1141
4 1141
21 1141
22 1141
1 1141
2 1141
23 1141
24 1141
25 1141
58 1142
63 1142
5 1142
3 1142
4 1142
6 1142
7 1142
1 1142
2 1142
8 1142
9 1142
10 1142
11 1142
12 1142
13 1142
14 1142
15 1142
16 1142
17 1142
18 1142
19 1142
56 1143
25 1143
23 1143
24 1143
21 1143
22 1143
20 1143
18 1143
19 1143
17 1143
15 1143
16 1143
14 1143
13 1143
11 1143
12 1143
62 1144
52 1144
61 1144
57 1144
2 1144
3 1144
1 1144
4 1144
5 1144
6 1144
7 1144
8 1144
9 1144
10 1144
11 1144
12 1144
13 1144
14 1144
15 1144
16 1144
17 1144
54 1145
55 1145
7 1145
5 1145
6 1145
8 1145
3 1145
4 1145
9 1145
10 1145
1 1145
2 1145
11 1145
12 1145
13 1145
14 1145
15 1145
16 1145
17 1145
18 1145
19 1145
20 1145
55 1146
7 1146
8 1146
54 1146
5 1146
6 1146
9 1146
10 1146
3 1146
4 1146
11 1146
1 1146
2 1146
12 1146
13 1146
14 1146
15 1146
16 1146
17 1146
18 1146
19 1146
20 1146
21 1146
22 1146
52 1147
2 1147
57 1147
61 1147
62 1147
4 1147
1 1147
3 1147
5 1147
6 1147
7 1147
8 1147
9 1147
10 1147
11 1147
12 1147
13 1147
14 1147
15 1147
16 1147
17 1147
51 1148
65 1149
18 1149
17 1149
19 1149
20 1149
15 1149
16 1149
21 1149
22 1149
14 1149
23 1149
13 1149
24 1149
25 1149
11 1149
12 1149
10 1149
8 1149
9 1149
7 1149
5 1149
6 1149
53 1150
37 1150
38 1150
35 1150
36 1150
39 1150
34 1150
40 1150
33 1150
41 1150
42 1150
32 1150
43 1150
31 1150
44 1150
30 1150
45 1150
28 1150
29 1150
46 1150
27 1150
47 1150
48 1150
26 1150
49 1150
63 1151
6 1151
5 1151
7 1151
3 1151
4 1151
8 1151
1 1151
2 1151
9 1151
10 1151
11 1151
12 1151
13 1151
14 1151
15 1151
16 1151
17 1151
18 1151
19 1151
60 1152
57 1153
1 1153
52 1153
3 1153
2 1153
61 1153
62 1153
5 1153
4 1153
6 1153
7 1153
8 1153
9 1153
10 1153
11 1153
12 1153
13 1153
14 1153
15 1153
16 1153
61 1154
2 1154
52 1154
62 1154
3 1154
4 1154
1 1154
57 1154
5 1154
6 1154
7 1154
8 1154
9 1154
10 1154
11 1154
12 1154
13 1154
14 1154
15 1154
16 1154
64 1155
59 1156
11 1156
12 1156
10 1156
13 1156
8 1156
9 1156
14 1156
7 1156
15 1156
16 1156
5 1156
6 1156
17 1156
3 1156
4 1156
18 1156
19 1156
1 1156
2 1156
20 1156
21 1156
22 1156
23 1156
24 1156
25 1156
58 1157
56 1158
23 1158
21 1158
22 1158
24 1158
25 1158
20 1158
18 1158
19 1158
17 1158
15 1158
16 1158
14 1158
13 1158
11 1158
12 1158
10 1158
62 1159
52 1159
61 1159
2 1159
57 1159
1 1159
4 1159
3 1159
5 1159
6 1159
7 1159
8 1159
9 1159
10 1159
11 1159
12 1159
13 1159
14 1159
15 1159
16 1159
54 1160
55 1160
9 1160
8 1160
10 1160
7 1160
11 1160
5 1160
6 1160
12 1160
13 1160
3 1160
4 1160
14 1160
1 1160
2 1160
15 1160
16 1160
17 1160
18 1160
19 1160
20 1160
21 1160
22 1160
55 1161
9 1161
54 1161
8 1161
10 1161
7 1161
11 1161
5 1161
6 1161
12 1161
13 1161
3 1161
4 1161
14 1161
1 1161
2 1161
15 1161
16 1161
17 1161
18 1161
19 1161
20 1161
21 1161
22 1161
52 1162
2 1162
57 1162
58 1162
61 1162
4 1162
3 1162
1 1162
62 1162
5 1162
6 1162
7 1162
8 1162
9 1162
10 1162
11 1162
12 1162
13 1162
14 1162
15 1162
16 1162
17 1162
51 1163
65 1164
16 1164
14 1164
15 1164
17 1164
13 1164
18 1164
19 1164
11 1164
12 1164
20 1164
10 1164
21 1164
22 1164
8 1164
9 1164
23 1164
7 1164
24 1164
25 1164
5 1164
6 1164
3 1164
4 1164
1 1164
2 1164
53 1165
35 1165
36 1165
34 1165
37 1165
33 1165
38 1165
32 1165
39 1165
31 1165
40 1165
30 1165
41 1165
42 1165
28 1165
29 1165
43 1165
27 1165
44 1165
26 1165
45 1165
46 1165
63 1166
8 1166
7 1166
9 1166
10 1166
5 1166
6 1166
11 1166
3 1166
4 1166
12 1166
13 1166
1 1166
2 1166
14 1166
15 1166
16 1166
17 1166
18 1166
19 1166
20 1166
21 1166
22 1166
60 1167
57 1168
2 1168
3 1168
52 1168
58 1168
1 1168
4 1168
5 1168
61 1168
6 1168
7 1168
8 1168
9 1168
10 1168
11 1168
12 1168
13 1168
14 1168
15 1168
16 1168
17 1168
61 1169
2 1169
52 1169
58 1169
62 1169
1 1169
4 1169
3 1169
57 1169
5 1169
6 1169
7 1169
8 1169
9 1169
10 1169
11 1169
12 1169
13 1169
14 1169
15 1169
16 1169
17 1169
64 1170
59 1171
9 1171
10 1171
63 1171
8 1171
11 1171
7 1171
12 1171
13 1171
5 1171
6 1171
14 1171
3 1171
4 1171
15 1171
16 1171
1 1171
2 1171
17 1171
18 1171
19 1171
20 1171
21 1171
22 1171
23 1171
58 1172
56 1173
21 1173
20 1173
22 1173
23 1173
18 1173
19 1173
24 1173
25 1173
17 1173
15 1173
16 1173
14 1173
13 1173
11 1173
12 1173
10 1173
8 1173
9 1173
62 1174
61 1174
3 1174
52 1174
1 1174
2 1174
5 1174
4 1174
57 1174
6 1174
7 1174
8 1174
9 1174
10 1174
11 1174
12 1174
13 1174
14 1174
15 1174
16 1174
17 1174
54 1175
51 1175
55 1175
11 1175
10 1175
12 1175
13 1175
8 1175
9 1175
14 1175
7 1175
15 1175
16 1175
5 1175
6 1175
17 1175
3 1175
4 1175
18 1175
19 1175
1 1175
2 1175
20 1175
21 1175
22 1175
23 1175
24 1175
25 1175
55 1176
11 1176
51 1176
54 1176
10 1176
12 1176
13 1176
8 1176
9 1176
14 1176
7 1176
15 1176
16 1176
5 1176
6 1176
17 1176
3 1176
4 1176
18 1176
19 1176
1 1176
2 1176
20 1176
21 1176
22 1176
23 1176
24 1176
25 1176
52 1177
3 1177
4 1177
57 1177
61 1177
1 1177
2 1177
5 1177
62 1177
6 1177
7 1177
8 1177
9 1177
10 1177
11 1177
12 1177
13 1177
14 1177
15 1177
16 1177
17 1177
18 1177
19 1177
51 1178
55 1178
11 1178
54 1178
10 1178
12 1178
13 1178
8 1178
9 1178
14 1178
7 1178
15 1178
16 1178
5 1178
6 1178
17 1178
3 1178
4 1178
18 1178
19 1178
1 1178
2 1178
20 1178
21 1178
22 1178
23 1178
24 1178
25 1178
65 1179
53 1180
33 1180
34 1180
32 1180
35 1180
36 1180
31 1180
37 1180
30 1180
38 1180
28 1180
29 1180
39 1180
27 1180
40 1180
26 1180
41 1180
42 1180
43 1180
44 1180
45 1180
63 1181
10 1181
51 1181
8 1181
9 1181
11 1181
7 1181
12 1181
13 1181
5 1181
6 1181
14 1181
3 1181
4 1181
15 1181
16 1181
1 1181
2 1181
17 1181
18 1181
19 1181
20 1181
21 1181
22 1181
23 1181
60 1182
57 1183
4 1183
5 1183
52 1183
2 1183
3 1183
6 1183
7 1183
61 1183
1 1183
8 1183
9 1183
10 1183
11 1183
12 1183
13 1183
14 1183
15 1183
16 1183
17 1183
18 1183
19 1183
61 1184
3 1184
4 1184
52 1184
62 1184
1 1184
2 1184
5 1184
57 1184
6 1184
7 1184
8 1184
9 1184
10 1184
11 1184
12 1184
13 1184
14 1184
15 1184
16 1184
17 1184
18 1184
19 1184
64 1185
59 1186
8 1186
7 1186
9 1186
10 1186
5 1186
6 1186
11 1186
3 1186
4 1186
12 1186
13 1186
1 1186
2 1186
14 1186
15 1186
16 1186
17 1186
18 1186
19 1186
20 1186
21 1186
22 1186
58 1187
56 1188
19 1188
17 1188
18 1188
20 1188
15 1188
16 1188
21 1188
22 1188
14 1188
23 1188
13 1188
24 1188
25 1188
11 1188
12 1188
10 1188
8 1188
9 1188
7 1188
5 1188
6 1188
62 1189
61 1189
5 1189
52 1189
3 1189
4 1189
7 1189
6 1189
57 1189
1 1189
2 1189
8 1189
9 1189
10 1189
11 1189
12 1189
13 1189
14 1189
15 1189
16 1189
17 1189
18 1189
19 1189
54 1190
55 1190
65 1190
13 1190
11 1190
12 1190
14 1190
10 1190
15 1190
16 1190
8 1190
9 1190
17 1190
7 1190
18 1190
19 1190
5 1190
6 1190
20 1190
3 1190
4 1190
21 1190
22 1190
1 1190
2 1190
23 1190
24 1190
25 1190
55 1191
13 1191
54 1191
65 1191
11 1191
12 1191
14 1191
10 1191
15 1191
16 1191
8 1191
9 1191
17 1191
7 1191
18 1191
19 1191
5 1191
6 1191
20 1191
3 1191
4 1191
21 1191
22 1191
1 1191
2 1191
23 1191
24 1191
25 1191
52 1192
5 1192
6 1192
57 1192
61 1192
3 1192
4 1192
7 1192
1 1192
2 1192
8 1192
9 1192
10 1192
11 1192
12 1192
13 1192
14 1192
15 1192
16 1192
17 1192
18 1192
19 1192
20 1192
51 1193
65 1194
63 1194
53 1195
31 1195
32 1195
30 1195
33 1195
28 1195
29 1195
34 1195
27 1195
35 1195
36 1195
26 1195
37 1195
38 1195
39 1195
40 1195
41 1195
42 1195
43 1195
63 1196
65 1196
60 1197
57 1198
6 1198
7 1198
52 1198
5 1198
8 1198
61 1198
3 1198
4 1198
9 1198
10 1198
1 1198
2 1198
11 1198
12 1198
13 1198
14 1198
15 1198
16 1198
17 1198
18 1198
19 1198
20 1198
61 1199
5 1199
6 1199
52 1199
59 1199
3 1199
4 1199
7 1199
57 1199
62 1199
1 1199
2 1199
8 1199
9 1199
10 1199
11 1199
12 1199
13 1199
14 1199
15 1199
16 1199
17 1199
18 1199
19 1199
64 1200
59 1201
61 1201
6 1201
7 1201
52 1201
5 1201
8 1201
57 1201
3 1201
4 1201
9 1201
10 1201
1 1201
2 1201
11 1201
12 1201
13 1201
14 1201
15 1201
16 1201
17 1201
18 1201
19 1201
20 1201
58 1202
56 1203
17 1203
15 1203
16 1203
18 1203
19 1203
14 1203
20 1203
13 1203
21 1203
22 1203
11 1203
12 1203
23 1203
10 1203
24 1203
25 1203
8 1203
9 1203
7 1203
5 1203
6 1203
3 1203
4 1203
62 1204
54 1205
55 1205
15 1205
14 1205
16 1205
17 1205
13 1205
18 1205
19 1205
11 1205
12 1205
20 1205
10 1205
21 1205
22 1205
8 1205
9 1205
23 1205
7 1205
24 1205
25 1205
5 1205
6 1205
3 1205
4 1205
1 1205
2 1205
55 1206
15 1206
54 1206
14 1206
16 1206
17 1206
13 1206
18 1206
19 1206
11 1206
12 1206
20 1206
10 1206
21 1206
22 1206
8 1206
9 1206
23 1206
7 1206
24 1206
25 1206
5 1206
6 1206
3 1206
4 1206
1 1206
2 1206
52 1207
7 1207
8 1207
57 1207
61 1207
5 1207
6 1207
9 1207
10 1207
51 1207
3 1207
4 1207
11 1207
1 1207
2 1207
12 1207
13 1207
14 1207
15 1207
16 1207
17 1207
18 1207
19 1207
20 1207
21 1207
22 1207
51 1208
61 1208
7 1208
52 1208
5 1208
6 1208
8 1208
57 1208
3 1208
4 1208
9 1208
10 1208
1 1208
2 1208
11 1208
12 1208
13 1208
14 1208
15 1208
16 1208
17 1208
18 1208
19 1208
20 1208
21 1208
22 1208
65 1209
53 1210
29 1210
30 1210
27 1210
28 1210
31 1210
26 1210
32 1210
33 1210
34 1210
35 1210
36 1210
37 1210
38 1210
39 1210
40 1210
63 1211
60 1212
57 1213
8 1213
9 1213
52 1213
10 1213
7 1213
61 1213
11 1213
5 1213
6 1213
12 1213
13 1213
3 1213
4 1213
14 1213
1 1213
2 1213
15 1213
16 1213
17 1213
18 1213
19 1213
20 1213
21 1213
22 1213
61 1214
8 1214
52 1214
9 1214
10 1214
7 1214
57 1214
11 1214
5 1214
6 1214
12 1214
13 1214
3 1214
4 1214
14 1214
1 1214
2 1214
15 1214
16 1214
17 1214
18 1214
19 1214
20 1214
21 1214
22 1214
64 1215
59 1216
4 1216
2 1216
3 1216
5 1216
1 1216
6 1216
7 1216
8 1216
9 1216
10 1216
11 1216
12 1216
13 1216
14 1216
15 1216
16 1216
17 1216
58 1217
51 1217
56 1218
15 1218
14 1218
16 1218
17 1218
13 1218
18 1218
19 1218
11 1218
12 1218
20 1218
10 1218
21 1218
22 1218
8 1218
9 1218
23 1218
7 1218
24 1218
25 1218
5 1218
6 1218
3 1218
4 1218
1 1218
2 1218
62 1219
54 1220
55 1220
17 1220
15 1220
16 1220
18 1220
19 1220
14 1220
20 1220
13 1220
21 1220
22 1220
11 1220
12 1220
23 1220
10 1220
24 1220
25 1220
8 1220
9 1220
7 1220
5 1220
6 1220
3 1220
4 1220
55 1221
17 1221
54 1221
15 1221
16 1221
18 1221
19 1221
14 1221
20 1221
13 1221
21 1221
22 1221
11 1221
12 1221
23 1221
10 1221
24 1221
25 1221
8 1221
9 1221
7 1221
5 1221
6 1221
3 1221
4 1221
52 1222
9 1222
10 1222
57 1222
61 1222
8 1222
11 1222
65 1222
7 1222
12 1222
13 1222
5 1222
6 1222
14 1222
3 1222
4 1222
15 1222
16 1222
1 1222
2 1222
17 1222
18 1222
19 1222
20 1222
21 1222
22 1222
23 1222
51 1223
65 1224
53 1225
28 1225
27 1225
29 1225
30 1225
26 1225
31 1225
32 1225
33 1225
34 1225
35 1225
36 1225
37 1225
38 1225
39 1225
63 1226
60 1227
57 1228
10 1228
11 1228
52 1228
8 1228
12 1228
13 1228
9 1228
7 1228
14 1228
5 1228
6 1228
15 1228
16 1228
3 1228
4 1228
17 1228
1 1228
2 1228
18 1228
19 1228
20 1228
21 1228
22 1228
23 1228
24 1228
25 1228
61 1229
64 1230
59 1231
58 1232
65 1232
56 1233
13 1233
11 1233
12 1233
14 1233
10 1233
15 1233
16 1233
8 1233
9 1233
17 1233
7 1233
18 1233
19 1233
5 1233
6 1233
20 1233
3 1233
4 1233
21 1233
22 1233
1 1233
2 1233
23 1233
24 1233
25 1233
62 1234
54 1235
60 1235
55 1235
64 1235
55 1236
60 1236
64 1236
54 1236
52 1237
11 1237
12 1237
57 1237
10 1237
13 1237
8 1237
9 1237
14 1237
7 1237
15 1237
16 1237
5 1237
6 1237
17 1237
3 1237
4 1237
18 1237
19 1237
1 1237
2 1237
20 1237
21 1237
22 1237
23 1237
24 1237
25 1237
51 1238
65 1239
53 1240
26 1240
27 1240
28 1240
29 1240
30 1240
31 1240
32 1240
33 1240
34 1240
35 1240
36 1240
37 1240
63 1241
60 1242
63 1242
57 1243
12 1243
13 1243
52 1243
14 1243
11 1243
61 1243
15 1243
16 1243
10 1243
17 1243
8 1243
9 1243
18 1243
19 1243
7 1243
20 1243
5 1243
6 1243
21 1243
22 1243
3 1243
4 1243
23 1243
1 1243
2 1243
24 1243
25 1243
61 1244
52 1244
11 1244
12 1244
57 1244
10 1244
13 1244
8 1244
9 1244
14 1244
7 1244
15 1244
16 1244
5 1244
6 1244
17 1244
3 1244
4 1244
18 1244
19 1244
1 1244
2 1244
20 1244
21 1244
22 1244
23 1244
24 1244
25 1244
64 1245
63 1245
60 1245
59 1246
58 1247
56 1248
11 1248
12 1248
10 1248
13 1248
8 1248
9 1248
14 1248
7 1248
15 1248
16 1248
5 1248
6 1248
17 1248
3 1248
4 1248
18 1248
19 1248
1 1248
2 1248
20 1248
21 1248
22 1248
23 1248
24 1248
25 1248
62 1249
54 1250
55 1251
52 1252
13 1252
14 1252
57 1252
11 1252
12 1252
15 1252
16 1252
10 1252
17 1252
8 1252
9 1252
18 1252
19 1252
7 1252
20 1252
5 1252
6 1252
21 1252
22 1252
3 1252
4 1252
23 1252
1 1252
2 1252
24 1252
25 1252
51 1253
65 1254
53 1255
25 1255
23 1255
24 1255
21 1255
22 1255
20 1255
18 1255
19 1255
17 1255
15 1255
16 1255
14 1255
13 1255
11 1255
12 1255
63 1256
60 1257
57 1258
14 1258
52 1258
15 1258
16 1258
13 1258
17 1258
11 1258
12 1258
18 1258
19 1258
10 1258
20 1258
8 1258
9 1258
21 1258
22 1258
7 1258
23 1258
5 1258
6 1258
24 1258
25 1258
3 1258
4 1258
1 1258
2 1258
61 1259
64 1260
59 1261
58 1262
56 1263
9 1263
10 1263
8 1263
11 1263
7 1263
12 1263
13 1263
5 1263
6 1263
14 1263
3 1263
4 1263
15 1263
16 1263
1 1263
2 1263
17 1263
18 1263
19 1263
20 1263
21 1263
22 1263
23 1263
62 1264
64 1264
61 1264
52 1264
14 1264
15 1264
57 1264
60 1264
13 1264
16 1264
17 1264
11 1264
12 1264
18 1264
19 1264
10 1264
20 1264
8 1264
9 1264
21 1264
22 1264
7 1264
23 1264
5 1264
6 1264
24 1264
25 1264
3 1264
4 1264
1 1264
2 1264
54 1265
55 1266
52 1267
15 1267
16 1267
57 1267
14 1267
17 1267
13 1267
18 1267
19 1267
11 1267
12 1267
20 1267
10 1267
21 1267
22 1267
8 1267
9 1267
23 1267
7 1267
24 1267
25 1267
5 1267
6 1267
3 1267
4 1267
1 1267
2 1267
51 1268
65 1268
65 1269
51 1269
53 1270
23 1270
55 1270
21 1270
22 1270
24 1270
25 1270
20 1270
18 1270
19 1270
17 1270
15 1270
16 1270
14 1270
13 1270
11 1270
12 1270
10 1270
63 1271
60 1272
57 1273
16 1273
52 1273
14 1273
17 1273
15 1273
13 1273
18 1273
19 1273
11 1273
12 1273
20 1273
10 1273
21 1273
22 1273
8 1273
9 1273
23 1273
7 1273
24 1273
25 1273
5 1273
6 1273
3 1273
4 1273
1 1273
2 1273
61 1274
64 1275
59 1276
58 1277
60 1277
56 1278
7 1278
8 1278
5 1278
6 1278
9 1278
10 1278
3 1278
4 1278
11 1278
1 1278
2 1278
12 1278
13 1278
14 1278
15 1278
16 1278
17 1278
18 1278
19 1278
20 1278
21 1278
22 1278
62 1279
54 1280
55 1281
52 1282
17 1282
57 1282
61 1282
15 1282
16 1282
19 1282
18 1282
14 1282
20 1282
13 1282
21 1282
22 1282
11 1282
12 1282
23 1282
10 1282
24 1282
25 1282
8 1282
9 1282
7 1282
5 1282
6 1282
3 1282
4 1282
51 1283
65 1284
53 1285
63 1286
60 1287
57 1288
18 1288
52 1288
19 1288
20 1288
17 1288
61 1288
21 1288
22 1288
15 1288
16 1288
23 1288
14 1288
24 1288
25 1288
13 1288
11 1288
12 1288
10 1288
8 1288
9 1288
7 1288
5 1288
6 1288
3 1288
4 1288
61 1289
52 1289
17 1289
18 1289
57 1289
15 1289
16 1289
19 1289
20 1289
14 1289
21 1289
22 1289
13 1289
23 1289
11 1289
12 1289
24 1289
25 1289
10 1289
8 1289
9 1289
7 1289
5 1289
6 1289
3 1289
4 1289
64 1290
59 1291
58 1292
56 1293
5 1293
6 1293
3 1293
4 1293
7 1293
1 1293
2 1293
8 1293
9 1293
10 1293
11 1293
12 1293
13 1293
14 1293
15 1293
16 1293
17 1293
18 1293
19 1293
62 1294
54 1295
55 1296
52 1297
19 1297
53 1297
57 1297
17 1297
18 1297
20 1297
15 1297
16 1297
21 1297
22 1297
14 1297
23 1297
13 1297
24 1297
25 1297
11 1297
12 1297
10 1297
8 1297
9 1297
7 1297
5 1297
6 1297
51 1298
65 1299
53 1300
52 1300
57 1300
61 1300
19 1300
20 1300
17 1300
18 1300
21 1300
22 1300
15 1300
16 1300
23 1300
14 1300
24 1300
25 1300
13 1300
11 1300
12 1300
10 1300
8 1300
9 1300
7 1300
5 1300
6 1300
63 1301
60 1302
57 1303
52 1303
53 1303
19 1303
20 1303
61 1303
17 1303
18 1303
21 1303
22 1303
15 1303
16 1303
23 1303
14 1303
24 1303
25 1303
13 1303
11 1303
12 1303
10 1303
8 1303
9 1303
7 1303
5 1303
6 1303
61 1304
53 1304
52 1304
19 1304
20 1304
57 1304
17 1304
18 1304
21 1304
22 1304
15 1304
16 1304
23 1304
14 1304
24 1304
25 1304
13 1304
11 1304
12 1304
10 1304
8 1304
9 1304
7 1304
5 1304
6 1304
64 1305
59 1305
59 1306
64 1306
58 1307
56 1308
3 1308
4 1308
1 1308
2 1308
5 1308
6 1308
7 1308
8 1308
9 1308
10 1308
11 1308
12 1308
13 1308
14 1308
15 1308
16 1308
17 1308
62 1309
54 1310
55 1311
52 1312
21 1312
57 1312
20 1312
22 1312
23 1312
18 1312
19 1312
24 1312
25 1312
17 1312
15 1312
16 1312
14 1312
13 1312
11 1312
12 1312
10 1312
8 1312
9 1312
51 1313
60 1313
65 1314
53 1315
63 1316
60 1317
51 1317
57 1318
52 1318
21 1318
20 1318
22 1318
23 1318
18 1318
19 1318
24 1318
25 1318
17 1318
15 1318
16 1318
14 1318
13 1318
11 1318
12 1318
10 1318
8 1318
9 1318
61 1319
64 1320
59 1321
58 1322
56 1323
1 1323
2 1323
3 1323
4 1323
5 1323
6 1323
7 1323
8 1323
9 1323
10 1323
11 1323
12 1323
13 1323
14 1323
15 1323
16 1323
62 1324
54 1325
55 1326
52 1327
23 1327
57 1327
21 1327
22 1327
24 1327
25 1327
20 1327
18 1327
19 1327
17 1327
15 1327
16 1327
14 1327
13 1327
11 1327
12 1327
10 1327
51 1328
65 1329
60 1329
53 1330
63 1331
60 1332
65 1332
57 1333
52 1333
23 1333
21 1333
22 1333
24 1333
25 1333
20 1333
18 1333
19 1333
17 1333
15 1333
16 1333
14 1333
13 1333
11 1333
12 1333
10 1333
61 1334
64 1335
59 1336
58 1337
56 1338
2 1338
1 1338
3 1338
4 1338
5 1338
6 1338
7 1338
8 1338
9 1338
10 1338
11 1338
12 1338
13 1338
14 1338
15 1338
16 1338
62 1339
61 1339
54 1340
55 1341
52 1342
25 1342
57 1342
23 1342
24 1342
21 1342
22 1342
20 1342
18 1342
19 1342
17 1342
15 1342
16 1342
14 1342
13 1342
11 1342
12 1342
51 1343
65 1344
53 1345
59 1345
63 1346
60 1347
57 1348
52 1348
25 1348
23 1348
24 1348
21 1348
22 1348
20 1348
18 1348
19 1348
17 1348
15 1348
16 1348
14 1348
13 1348
11 1348
12 1348
61 1349
62 1349
64 1350
59 1351
58 1352
56 1353
4 1353
2 1353
3 1353
5 1353
1 1353
6 1353
7 1353
8 1353
9 1353
10 1353
11 1353
12 1353
13 1353
14 1353
15 1353
16 1353
17 1353
62 1354
54 1355
55 1356
52 1357
26 1357
57 1357
27 1357
28 1357
29 1357
30 1357
31 1357
32 1357
33 1357
34 1357
35 1357
36 1357
37 1357
51 1358
65 1359
53 1360
63 1361
60 1362
57 1363
52 1363
26 1363
27 1363
28 1363
29 1363
30 1363
31 1363
32 1363
33 1363
34 1363
35 1363
36 1363
37 1363
61 1364
62 1364
64 1365
59 1366
58 1367
56 1368
6 1368
5 1368
7 1368
3 1368
4 1368
8 1368
1 1368
2 1368
9 1368
10 1368
11 1368
12 1368
13 1368
14 1368
15 1368
16 1368
17 1368
18 1368
19 1368
62 1369
61 1369
54 1370
55 1371
52 1372
57 1372
51 1373
65 1374
53 1375
63 1376
60 1377
57 1378
52 1378
61 1379
64 1380
59 1381
58 1382
56 1383
62 1384
54 1385
55 1386
52 1387
57 1387
51 1388
65 1389
53 1390
63 1391
60 1392
57 1393
52 1393
61 1393
61 1394
52 1394
57 1394
64 1395
59 1396
58 1397
56 1398
62 1399
52 1399
57 1399
61 1399
54 1400
55 1401
52 1402
57 1402
61 1402
62 1402
51 1403
65 1404
53 1405
63 1406
60 1407
57 1408
52 1408
61 1408
62 1408
61 1409
52 1409
57 1409
62 1409
64 1410
59 1411
58 1412
56 1413
62 1414
52 1414
61 1414
57 1414
54 1415
55 1416
52 1417
57 1417
61 1417
62 1417
51 1418
65 1419
53 1420
63 1421
60 1422
57 1423
52 1423
61 1423
62 1423
61 1424
52 1424
62 1424
57 1424
64 1425
59 1426
58 1427
56 1428
62 1429
52 1429
57 1429
61 1429
54 1430
55 1431
52 1432
57 1432
61 1432
62 1432
51 1433
65 1434
53 1435
63 1436
60 1437
57 1438
52 1438
61 1438
62 1438
61 1439
52 1439
57 1439
62 1439