68 52 0 100 128371
73 52 0 100 116701
78 52 0 100 93360
83 52 0 100 70020
88 52 0 100 58350
93 52 0 100 46680
98 52 0 100 23340
99 54 0 100 128372
100 51 0 100 81691
103 52 0 100 11670
104 54 0 100 116701
105 51 0 100 93361
106 53 0 100 128371
108 52 0 100 23340
109 54 0 100 93361
110 51 0 100 116701
111 53 0 100 116701
113 52 0 100 46680
114 54 0 100 70021
115 51 0 100 128371
116 53 0 100 105031
118 52 0 100 58350
119 54 0 100 46681
121 53 0 100 81691
123 52 0 100 70020
124 54 0 100 35011
127 55 0 100 23340
128 52 0 100 93360
129 54 0 100 11671
132 55 0 100 46680
133 52 0 100 105031
137 55 0 100 58350
138 52 0 100 128371
142 55 0 100 70020
147 55 0 100 93360
152 55 0 100 105031
157 55 0 100 128371
170 51 0 100 128371
175 51 0 100 105031
180 51 0 100 93361
185 51 0 100 70020
190 51 0 100 58350
195 51 0 100 46680
200 51 0 100 35010
205 51 0 100 23340