71 2400
52 2401
65 2402
53 2403
48 2403
46 2403
47 2403
49 2403
45 2403
50 2403
44 2403
43 2403
41 2403
42 2403
40 2403
39 2403
38 2403
37 2403
68 2404
60 2405
51 2405
72 2405
40 2405
39 2405
41 2405
42 2405
38 2405
43 2405
37 2405
44 2405
35 2405
36 2405
45 2405
34 2405
46 2405
33 2405
47 2405
48 2405
32 2405
49 2405
31 2405
50 2405
30 2405
59 2406
62 2406
75 2406
70 2407
54 2408
73 2409
56 2410
61 2410
74 2411
72 2412
40 2412
41 2412
60 2412
39 2412
42 2412
43 2412
51 2412
38 2412
44 2412
37 2412
45 2412
35 2412
36 2412
46 2412
34 2412
47 2412
48 2412
33 2412
49 2412
32 2412
50 2412
31 2412
30 2412
64 2413
67 2414
62 2415
59 2415
75 2415
57 2416
61 2417
56 2417
51 2418
60 2418
72 2418
41 2418
40 2418
42 2418
43 2418
39 2418
44 2418
38 2418
45 2418
37 2418
46 2418
35 2418
36 2418
47 2418
48 2418
34 2418
49 2418
33 2418
50 2418
32 2418
31 2418
75 2419
59 2419
62 2419
64 2419
55 2420
69 2421
46 2421
47 2421
53 2421
45 2421
48 2421
49 2421
44 2421
50 2421
43 2421
41 2421
42 2421
40 2421
39 2421
38 2421
37 2421
35 2421
36 2421
58 2422
66 2423
39 2423
40 2423
38 2423
41 2423
42 2423
37 2423
43 2423
35 2423
36 2423
44 2423
34 2423
45 2423
33 2423
46 2423
32 2423
47 2423
48 2423
31 2423
49 2423
30 2423
50 2423
28 2423
29 2423
63 2424
71 2425
52 2426
55 2426
65 2427
53 2428
46 2428
45 2428
47 2428
48 2428
44 2428
49 2428
43 2428
50 2428
41 2428
42 2428
40 2428
39 2428
38 2428
37 2428
35 2428
36 2428
68 2429
60 2430
51 2430
72 2430
54 2430
42 2430
40 2430
41 2430
43 2430
39 2430
44 2430
38 2430
45 2430
37 2430
46 2430
35 2430
36 2430
47 2430
48 2430
34 2430
49 2430
33 2430
50 2430
32 2430
31 2430
59 2431
62 2431
75 2431
70 2432
54 2433
51 2433
60 2433
72 2433
42 2433
40 2433
41 2433
43 2433
39 2433
44 2433
38 2433
45 2433
37 2433
46 2433
35 2433
36 2433
47 2433
48 2433
34 2433
49 2433
33 2433
50 2433
32 2433
31 2433
73 2434
56 2435
61 2435
74 2436
72 2437
60 2437
51 2437
54 2437
64 2438
67 2439
62 2440
59 2440
75 2440
57 2441
61 2442
56 2442
51 2443
54 2443
60 2443
72 2443
43 2443
41 2443
42 2443
44 2443
40 2443
45 2443
39 2443
46 2443
38 2443
47 2443
48 2443
37 2443
49 2443
35 2443
36 2443
50 2443
34 2443
33 2443
32 2443
75 2444
59 2444
62 2444
55 2445
52 2445
69 2446
48 2446
49 2446
46 2446
47 2446
50 2446
45 2446
44 2446
43 2446
41 2446
42 2446
40 2446
39 2446
38 2446
37 2446
58 2447
66 2448
41 2448
42 2448
40 2448
43 2448
39 2448
44 2448
38 2448
45 2448
37 2448
46 2448
35 2448
36 2448
47 2448
48 2448
34 2448
49 2448
33 2448
50 2448
32 2448
31 2448
63 2449
71 2450
52 2451
55 2451
65 2452
53 2453
44 2453
43 2453
45 2453
41 2453
42 2453
46 2453
40 2453
47 2453
48 2453
39 2453
49 2453
38 2453
50 2453
37 2453
35 2453
36 2453
34 2453
33 2453
68 2454
60 2455
51 2455
72 2455
44 2455
43 2455
45 2455
41 2455
42 2455
46 2455
40 2455
47 2455
48 2455
39 2455
49 2455
38 2455
50 2455
37 2455
35 2455
36 2455
34 2455
33 2455
59 2456
62 2456
70 2456
75 2456
70 2457
59 2457
62 2457
75 2457
54 2458
51 2458
60 2458
72 2458
44 2458
43 2458
45 2458
41 2458
42 2458
46 2458
40 2458
47 2458
48 2458
39 2458
49 2458
38 2458
50 2458
37 2458
35 2458
36 2458
34 2458
33 2458
73 2459
56 2460
61 2460
74 2461
72 2462
60 2462
51 2462
53 2462
54 2462
64 2463
67 2464
62 2465
59 2465
70 2465
75 2465
54 2465
51 2465
53 2465
60 2465
66 2465
72 2465
43 2465
41 2465
42 2465
44 2465
40 2465
45 2465
39 2465
46 2465
38 2465
47 2465
48 2465
37 2465
49 2465
35 2465
36 2465
50 2465
34 2465
33 2465
32 2465
57 2466
61 2467
56 2467
51 2468
54 2468
60 2468
59 2468
62 2468
75 2468
72 2468
45 2468
44 2468
46 2468
43 2468
47 2468
48 2468
41 2468
42 2468
49 2468
40 2468
50 2468
39 2468
38 2468
37 2468
35 2468
36 2468
34 2468
75 2469
51 2469
54 2469
59 2469
62 2469
60 2469
72 2469
45 2469
44 2469
46 2469
43 2469
47 2469
48 2469
41 2469
42 2469
49 2469
40 2469
50 2469
39 2469
38 2469
37 2469
35 2469
36 2469
34 2469
55 2470
52 2470
69 2471
49 2471
50 2471
47 2471
48 2471
46 2471
45 2471
44 2471
43 2471
41 2471
42 2471
40 2471
39 2471
38 2471
58 2472
66 2473
44 2473
43 2473
45 2473
41 2473
42 2473
46 2473
40 2473
47 2473
48 2473
39 2473
49 2473
38 2473
50 2473
37 2473
35 2473
36 2473
34 2473
33 2473
63 2474
71 2475
52 2476
55 2476
65 2477
53 2478
68 2479
60 2480
51 2480
72 2480
54 2480
59 2480
62 2480
46 2480
75 2480
45 2480
47 2480
48 2480
44 2480
49 2480
43 2480
50 2480
41 2480
42 2480
40 2480
39 2480
38 2480
37 2480
35 2480
36 2480
59 2481
51 2481
62 2481
66 2481
75 2481
54 2481
60 2481
44 2481
72 2481
43 2481
45 2481
41 2481
42 2481
46 2481
40 2481
47 2481
48 2481
39 2481
49 2481
38 2481
50 2481
37 2481
35 2481
36 2481
34 2481
33 2481
70 2482
54 2483
51 2483
64 2483
60 2483
72 2483
46 2483
45 2483
47 2483
48 2483
44 2483
49 2483
43 2483
50 2483
41 2483
42 2483
40 2483
39 2483
38 2483
37 2483
35 2483
36 2483
73 2484
56 2485
61 2485
74 2486
72 2487
60 2487
51 2487
64 2487
54 2487
64 2488
51 2488
54 2488
60 2488
72 2488
67 2489
62 2490
59 2490
75 2490
57 2491
61 2492
56 2492
51 2493
54 2493
60 2493
64 2493
72 2493
75 2494
59 2494
62 2494
55 2495
52 2495
69 2496
48 2496
72 2496
46 2496
47 2496
49 2496
60 2496
45 2496
50 2496
51 2496
54 2496
44 2496
43 2496
41 2496
42 2496
40 2496
39 2496
38 2496
37 2496
58 2497
66 2498
64 2498
63 2499
71 2500
52 2501
55 2501
65 2502
53 2503
68 2504
60 2505
51 2505
54 2505
69 2505
72 2505
47 2505
66 2505
48 2505
49 2505
46 2505
50 2505
45 2505
44 2505
43 2505
41 2505
42 2505
40 2505
39 2505
38 2505
37 2505
35 2505
36 2505
59 2506
62 2506
67 2506
75 2506
58 2506
70 2507
54 2508
51 2508
60 2508
69 2508
72 2508
47 2508
66 2508
48 2508
49 2508
46 2508
50 2508
45 2508
44 2508
43 2508
41 2508
42 2508
40 2508
39 2508
38 2508
37 2508
35 2508
36 2508
73 2509
56 2510
61 2510
74 2511
72 2512
60 2512
51 2512
54 2512
69 2512
47 2512
66 2512
46 2512
48 2512
49 2512
45 2512
50 2512
44 2512
43 2512
41 2512
42 2512
40 2512
39 2512
38 2512
37 2512
64 2513
67 2514
62 2515
59 2515
75 2515
57 2516
61 2517
56 2517
51 2518
54 2518
60 2518
70 2518
72 2518
75 2519
59 2519
62 2519
55 2520
69 2521
46 2521
45 2521
47 2521
48 2521
44 2521
49 2521
43 2521
50 2521
41 2521
42 2521
40 2521
39 2521
38 2521
37 2521
35 2521
36 2521
58 2522
64 2522
67 2522
66 2523
51 2523
54 2523
60 2523
70 2523
72 2523
63 2524
71 2525
52 2526
65 2527
53 2528
68 2529
60 2530
51 2530
54 2530
72 2530
66 2530
70 2530
59 2531
62 2531
75 2531
70 2532
66 2532
51 2532
54 2532
60 2532
72 2532
54 2533
51 2533
60 2533
66 2533
72 2533
70 2533
73 2534
56 2535
61 2535
74 2536
72 2537
60 2537
51 2537
54 2537
66 2537
64 2538
67 2539
69 2539
58 2539
62 2540
59 2540
75 2540
57 2541
61 2542
56 2542
51 2543
54 2543
60 2543
66 2543
72 2543
75 2544
59 2544
62 2544
55 2545
69 2546
58 2547
66 2548
51 2548
54 2548
60 2548
72 2548
63 2549
71 2550
52 2551
55 2551
65 2552
53 2553
68 2554
60 2555
51 2555
54 2555
72 2555
66 2555
59 2556
62 2556
75 2556
70 2557
54 2558
60 2558
51 2558
72 2558
66 2558
73 2559
56 2560
61 2560
64 2560
74 2561
53 2561
72 2562
60 2562
51 2562
54 2562
64 2563
56 2563
61 2563
67 2564
62 2565
59 2565
75 2565
57 2566
61 2567
56 2567
64 2567
51 2568
60 2568
66 2568
54 2568
67 2568
72 2568
75 2569
59 2569
62 2569
74 2569
55 2570
69 2571
58 2572
60 2572
72 2572
51 2572
54 2572
67 2572
66 2572
66 2573
51 2573
67 2573
54 2573
60 2573
72 2573
58 2573
63 2574
71 2575
52 2576
65 2577
53 2578
63 2578
68 2579
75 2579
59 2579
62 2579
74 2579
60 2580
51 2580
54 2580
58 2580
72 2580
66 2580
67 2580
59 2581
62 2581
74 2581
75 2581
68 2581
70 2582
54 2583
73 2584
56 2585
61 2585
74 2586
64 2586
72 2587
60 2587
51 2587
66 2587
58 2587
64 2588
74 2588
67 2589
62 2590
59 2590
75 2590
57 2591
61 2592
56 2592
51 2593
60 2593
66 2593
72 2593
75 2594
59 2594
62 2594
55 2595
69 2596
58 2597
66 2598
51 2598
60 2598
72 2598
63 2599
59 2599
75 2599
62 2599
71 2600
52 2601
65 2602
53 2603
57 2603
68 2604
60 2605
51 2605
72 2605
66 2605
56 2605
61 2605
59 2606
62 2606
75 2606
70 2607
54 2608
73 2609
56 2610
60 2610
61 2610
72 2610
51 2610
66 2610
74 2611
69 2611
68 2611
72 2612
56 2612
60 2612
61 2612
51 2612
66 2612
64 2613
67 2614
58 2614
62 2615
57 2615
59 2615
75 2615
57 2616
59 2616
62 2616
75 2616
61 2617
51 2617
56 2617
60 2617
72 2617
66 2617
51 2618
56 2618
60 2618
61 2618
66 2618
72 2618
75 2619
62 2619
57 2619
59 2619
55 2620
69 2621
58 2622
66 2623
51 2623
56 2623
61 2623
60 2623
72 2623
63 2624
71 2625
52 2626
59 2626
62 2626
65 2627
53 2628
68 2629
60 2630
51 2630
72 2630
66 2630
59 2631
52 2631
62 2631
70 2632
54 2633
73 2634
56 2635
61 2635
74 2636
72 2637
60 2637
51 2637
66 2637
64 2638
67 2639
47 2639
46 2639
48 2639
49 2639
45 2639
50 2639
44 2639
43 2639
41 2639
42 2639
40 2639
39 2639
38 2639
37 2639
62 2640
59 2640
57 2641
61 2642
56 2642
67 2642
47 2642
46 2642
48 2642
49 2642
45 2642
50 2642
44 2642
43 2642
41 2642
42 2642
40 2642
39 2642
38 2642
37 2642
51 2643
60 2643
66 2643
74 2643
72 2643
54 2643
68 2643
75 2644
55 2645
64 2645
69 2646
58 2647
61 2647
56 2647
66 2648
51 2648
74 2648
60 2648
68 2648
72 2648
63 2649
70 2649
71 2650
52 2651
69 2651
65 2652
53 2653
73 2653
68 2654
51 2654
66 2654
60 2654
74 2654
72 2654
60 2655
51 2655
72 2655
66 2655
68 2655
74 2655
59 2656
62 2656
70 2657
63 2657
54 2658
73 2659
75 2659
30 2659
28 2659
29 2659
31 2659
27 2659
32 2659
26 2659
33 2659
34 2659
35 2659
36 2659
37 2659
38 2659
39 2659
40 2659
56 2660
61 2660
74 2661
72 2662
60 2662
51 2662
66 2662
68 2662
64 2663
67 2664
45 2664
44 2664
46 2664
43 2664
47 2664
48 2664
41 2664
42 2664
49 2664
40 2664
50 2664
39 2664
38 2664
37 2664
35 2664
36 2664
34 2664
62 2665
59 2665
73 2665
75 2665
30 2665
28 2665
29 2665
31 2665
27 2665
32 2665
26 2665
33 2665
34 2665
35 2665
36 2665
37 2665
38 2665
39 2665
40 2665
57 2666
61 2667
56 2667
51 2668
60 2668
66 2668
72 2668
75 2669
30 2669
73 2669
28 2669
29 2669
31 2669
59 2669
62 2669
27 2669
32 2669
26 2669
33 2669
34 2669
35 2669
36 2669
37 2669
38 2669
39 2669
40 2669
55 2670
69 2671
58 2672
66 2673
51 2673
60 2673
72 2673
63 2674
71 2675
52 2676
65 2677
53 2678
68 2679
58 2679
67 2679
45 2679
74 2679
44 2679
46 2679
43 2679
47 2679
48 2679
41 2679
42 2679
49 2679
40 2679
50 2679
39 2679
38 2679
37 2679
35 2679
36 2679
34 2679
33 2679
60 2680
51 2680
72 2680
66 2680
59 2681
62 2681
70 2682
54 2683
39 2683
38 2683
40 2683
37 2683
41 2683
42 2683
35 2683
36 2683
43 2683
34 2683
44 2683
33 2683
45 2683
32 2683
46 2683
31 2683
47 2683
48 2683
30 2683
49 2683
28 2683
29 2683
50 2683
73 2684
64 2684
56 2685
61 2685
74 2686
72 2687
60 2687
51 2687
66 2687
64 2688
67 2689
43 2689
44 2689
41 2689
42 2689
45 2689
40 2689
46 2689
39 2689
47 2689
48 2689
38 2689
49 2689
37 2689
50 2689
35 2689
36 2689
34 2689
33 2689
32 2689
62 2690
59 2690
57 2691
61 2692
56 2692
51 2693
52 2693
60 2693
66 2693
55 2693
72 2693
75 2694
28 2694
27 2694
29 2694
30 2694
26 2694
31 2694
32 2694
33 2694
34 2694
35 2694
36 2694
37 2694
38 2694
39 2694
55 2695
51 2695
52 2695
60 2695
72 2695
66 2695
69 2696
73 2696
58 2697
44 2697
43 2697
45 2697
41 2697
42 2697
46 2697
40 2697
47 2697
48 2697
39 2697
49 2697
38 2697
50 2697
37 2697
35 2697
36 2697
34 2697
33 2697
66 2698
51 2698
52 2698
55 2698
60 2698
72 2698
63 2699
67 2699
42 2699
43 2699
40 2699
41 2699
44 2699
39 2699
45 2699
38 2699
46 2699
37 2699
47 2699
48 2699
35 2699
36 2699
49 2699
34 2699
50 2699
33 2699
32 2699
31 2699
71 2700
52 2701
51 2701
55 2701
66 2701
60 2701
72 2701
65 2702
64 2702
53 2703
68 2704
60 2705
51 2705
72 2705
66 2705
52 2705
55 2705
59 2706
62 2706
70 2707
54 2708
37 2708
35 2708
36 2708
38 2708
34 2708
39 2708
33 2708
40 2708
32 2708
41 2708
42 2708
31 2708
43 2708
30 2708
44 2708
28 2708
29 2708
45 2708
27 2708
46 2708
26 2708
47 2708
48 2708
73 2709
56 2710
61 2710
74 2711
72 2712
60 2712
51 2712
66 2712
64 2713
65 2713
71 2713
67 2714
41 2714
42 2714
40 2714
43 2714
39 2714
44 2714
38 2714
45 2714
37 2714
46 2714
35 2714
36 2714
47 2714
48 2714
34 2714
49 2714
33 2714
50 2714
32 2714
31 2714
62 2715
59 2715
57 2716
61 2717
56 2717
74 2717
51 2718
60 2718
66 2718
72 2718
75 2719
26 2719
27 2719
28 2719
29 2719
30 2719
31 2719
32 2719
33 2719
34 2719
35 2719
36 2719
37 2719
55 2720
52 2720
69 2721
58 2722
42 2722
40 2722
41 2722
43 2722
39 2722
44 2722
38 2722
45 2722
37 2722
46 2722
35 2722
36 2722
47 2722
48 2722
34 2722
49 2722
33 2722
50 2722
32 2722
31 2722
66 2723
51 2723
60 2723
72 2723
63 2724
71 2725
52 2726
55 2726
65 2727
53 2728
68 2729
60 2730
51 2730
72 2730
66 2730
73 2730
35 2730
54 2730
34 2730
36 2730
37 2730
33 2730
38 2730
32 2730
39 2730
31 2730
40 2730
30 2730
41 2730
42 2730
28 2730
29 2730
43 2730
27 2730
44 2730
26 2730
45 2730
46 2730
59 2731
62 2731
70 2732
33 2732
32 2732
34 2732
31 2732
35 2732
36 2732
30 2732
37 2732
28 2732
29 2732
38 2732
27 2732
39 2732
26 2732
40 2732
41 2732
42 2732
43 2732
44 2732
54 2733
35 2733
73 2733
34 2733
36 2733
37 2733
51 2733
33 2733
38 2733
66 2733
32 2733
39 2733
31 2733
40 2733
30 2733
41 2733
42 2733
28 2733
29 2733
43 2733
27 2733
44 2733
26 2733
45 2733
46 2733
73 2734
51 2734
54 2734
60 2734
66 2734
35 2734
34 2734
36 2734
37 2734
33 2734
38 2734
32 2734
39 2734
31 2734
40 2734
30 2734
41 2734
42 2734
28 2734
29 2734
43 2734
27 2734
44 2734
26 2734
45 2734
46 2734
56 2735
61 2735
74 2736
72 2737
60 2737
51 2737
66 2737
73 2737
54 2737
35 2737
34 2737
36 2737
37 2737
33 2737
38 2737
32 2737
39 2737
31 2737
40 2737
30 2737
41 2737
42 2737
28 2737
29 2737
43 2737
27 2737
44 2737
26 2737
45 2737
46 2737
64 2738
67 2739
39 2739
40 2739
38 2739
41 2739
42 2739
37 2739
43 2739
35 2739
36 2739
44 2739
34 2739
45 2739
33 2739
46 2739
32 2739
47 2739
48 2739
31 2739
49 2739
30 2739
50 2739
28 2739
29 2739
62 2740
59 2740
57 2741
61 2742
56 2742
51 2743
60 2743
66 2743
72 2743
73 2743
36 2743
34 2743
35 2743
37 2743
33 2743
38 2743
32 2743
39 2743
31 2743
40 2743
30 2743
41 2743
42 2743
28 2743
29 2743
43 2743
27 2743
44 2743
26 2743
45 2743
46 2743
75 2744
25 2744
23 2744
24 2744
21 2744
22 2744
20 2744
18 2744
19 2744
17 2744
15 2744
16 2744
14 2744
13 2744
11 2744
12 2744
55 2745
52 2745
69 2746
58 2747
40 2747
39 2747
41 2747
42 2747
38 2747
43 2747
37 2747
44 2747
35 2747
36 2747
45 2747
34 2747
46 2747
33 2747
47 2747
48 2747
32 2747
49 2747
31 2747
50 2747
30 2747
66 2748
51 2748
60 2748
72 2748
63 2749
71 2750
52 2751
55 2751
65 2752
53 2753
68 2754
60 2755
51 2755
72 2755
66 2755
59 2756
62 2756
70 2757
31 2757
30 2757
32 2757
28 2757
29 2757
33 2757
27 2757
34 2757
26 2757
35 2757
36 2757
37 2757
38 2757
39 2757
40 2757
41 2757
42 2757
54 2758
33 2758
32 2758
34 2758
31 2758
35 2758
36 2758
30 2758
37 2758
28 2758
29 2758
38 2758
27 2758
39 2758
26 2758
40 2758
41 2758
42 2758
43 2758
44 2758
73 2759
37 2759
67 2759
35 2759
36 2759
38 2759
34 2759
39 2759
33 2759
40 2759
32 2759
41 2759
42 2759
31 2759
43 2759
30 2759
44 2759
28 2759
29 2759
45 2759
27 2759
46 2759
26 2759
47 2759
48 2759
49 2759
56 2760
61 2760
74 2761
72 2762
60 2762
71 2762
51 2762
66 2762
64 2763
67 2764
37 2764
38 2764
73 2764
35 2764
36 2764
39 2764
34 2764
40 2764
33 2764
41 2764
42 2764
32 2764
43 2764
31 2764
44 2764
30 2764
45 2764
28 2764
29 2764
46 2764
27 2764
47 2764
48 2764
26 2764
49 2764
62 2765
59 2765
57 2766
61 2767
55 2767
56 2767
52 2767
51 2768
60 2768
66 2768
71 2768
72 2768
75 2769
23 2769
21 2769
22 2769
24 2769
25 2769
20 2769
18 2769
19 2769
17 2769
15 2769
16 2769
14 2769
13 2769
11 2769
12 2769
10 2769
55 2770
52 2770
56 2770
61 2770
69 2771
58 2772
38 2772
73 2772
37 2772
39 2772
35 2772
36 2772
40 2772
34 2772
41 2772
42 2772
33 2772
43 2772
32 2772
44 2772
31 2772
45 2772
30 2772
46 2772
28 2772
29 2772
47 2772
48 2772
27 2772
49 2772
66 2773
63 2774
71 2775
52 2776
55 2776
65 2777
53 2778
68 2779
60 2780
51 2780
72 2780
59 2781
62 2781
70 2782
29 2782
27 2782
28 2782
30 2782
26 2782
31 2782
32 2782
33 2782
34 2782
35 2782
36 2782
37 2782
38 2782
39 2782
54 2783
31 2783
32 2783
30 2783
33 2783
28 2783
29 2783
34 2783
27 2783
35 2783
36 2783
26 2783
37 2783
38 2783
39 2783
40 2783
41 2783
42 2783
43 2783
73 2784
39 2784
38 2784
40 2784
37 2784
41 2784
42 2784
35 2784
36 2784
43 2784
34 2784
44 2784
33 2784
45 2784
32 2784
46 2784
31 2784
47 2784
48 2784
30 2784
49 2784
28 2784
29 2784
50 2784
56 2785
61 2785
74 2786
47 2786
57 2786
46 2786
48 2786
49 2786
45 2786
50 2786
44 2786
43 2786
41 2786
42 2786
40 2786
39 2786
38 2786
37 2786
72 2787
60 2787
51 2787
64 2788
24 2788
23 2788
25 2788
21 2788
22 2788
20 2788
18 2788
19 2788
17 2788
15 2788
16 2788
14 2788
13 2788
11 2788
12 2788
67 2789
35 2789
36 2789
34 2789
37 2789
33 2789
38 2789
32 2789
39 2789
31 2789
40 2789
30 2789
41 2789
42 2789
28 2789
29 2789
43 2789
27 2789
44 2789
26 2789
45 2789
46 2789
62 2790
59 2790
57 2791
74 2791
47 2791
46 2791
48 2791
49 2791
45 2791
50 2791
44 2791
43 2791
41 2791
42 2791
40 2791
39 2791
38 2791
37 2791
61 2792
56 2792
51 2793
60 2793
72 2793
75 2794
21 2794
22 2794
20 2794
23 2794
18 2794
19 2794
24 2794
25 2794
17 2794
15 2794
16 2794
14 2794
13 2794
11 2794
12 2794
10 2794
8 2794
9 2794
55 2795
52 2795
74 2795
46 2795
45 2795
47 2795
48 2795
44 2795
49 2795
43 2795
50 2795
41 2795
42 2795
40 2795
39 2795
38 2795
37 2795
35 2795
36 2795
69 2796
58 2797
36 2797
65 2797
34 2797
35 2797
37 2797
33 2797
38 2797
32 2797
39 2797
31 2797
40 2797
30 2797
41 2797
42 2797
28 2797
29 2797
43 2797
27 2797
44 2797
26 2797
45 2797
46 2797
66 2798
63 2799
71 2800
58 2800
35 2800
36 2800
65 2800
34 2800
37 2800
33 2800
38 2800
32 2800
39 2800
31 2800
40 2800
30 2800
41 2800
42 2800
28 2800
29 2800
43 2800
27 2800
44 2800
26 2800
45 2800
46 2800
52 2801
55 2801
68 2801
65 2802
37 2802
35 2802
36 2802
38 2802
34 2802
39 2802
33 2802
40 2802
32 2802
41 2802
42 2802
31 2802
43 2802
30 2802
44 2802
28 2802
29 2802
45 2802
27 2802
46 2802
26 2802
47 2802
48 2802
53 2803
68 2804
52 2804
55 2804
60 2805
51 2805
72 2805
59 2806
62 2806
70 2807
54 2808
29 2808
30 2808
27 2808
28 2808
31 2808
26 2808
32 2808
33 2808
34 2808
35 2808
36 2808
37 2808
38 2808
39 2808
40 2808
73 2809
41 2809
40 2809
42 2809
43 2809
39 2809
44 2809
38 2809
45 2809
37 2809
46 2809
35 2809
36 2809
47 2809
48 2809
34 2809
49 2809
33 2809
50 2809
32 2809
31 2809
56 2810
61 2810
74 2811
45 2811
44 2811
46 2811
43 2811
47 2811
48 2811
41 2811
42 2811
49 2811
40 2811
50 2811
39 2811
38 2811
37 2811
35 2811
36 2811
34 2811
72 2812
60 2812
51 2812
64 2813
22 2813
20 2813
21 2813
23 2813
18 2813
19 2813
24 2813
25 2813
17 2813
15 2813
16 2813
14 2813
13 2813
11 2813
12 2813
10 2813
8 2813
9 2813
67 2814
33 2814
34 2814
32 2814
35 2814
36 2814
31 2814
37 2814
30 2814
38 2814
28 2814
29 2814
39 2814
27 2814
40 2814
26 2814
41 2814
42 2814
43 2814
44 2814
45 2814
62 2815
59 2815
57 2816
61 2817
56 2817
51 2818
60 2818
72 2818
75 2819
19 2819
20 2819
17 2819
18 2819
21 2819
22 2819
15 2819
16 2819
23 2819
14 2819
24 2819
25 2819
13 2819
11 2819
12 2819
10 2819
8 2819
9 2819
7 2819
5 2819
6 2819
55 2820
52 2820
69 2821
58 2822
34 2822
35 2822
33 2822
36 2822
37 2822
32 2822
38 2822
31 2822
39 2822
30 2822
40 2822
28 2822
29 2822
41 2822
42 2822
27 2822
43 2822
26 2822
44 2822
45 2822
46 2822
66 2823
63 2824
48 2824
46 2824
47 2824
49 2824
45 2824
50 2824
44 2824
43 2824
41 2824
42 2824
40 2824
39 2824
38 2824
37 2824
71 2825
52 2826
55 2826
65 2827
39 2827
61 2827
38 2827
40 2827
56 2827
37 2827
41 2827
42 2827
35 2827
36 2827
43 2827
34 2827
44 2827
33 2827
45 2827
32 2827
46 2827
31 2827
47 2827
48 2827
30 2827
49 2827
28 2827
29 2827
50 2827
53 2828
68 2829
44 2829
43 2829
45 2829
41 2829
42 2829
46 2829
40 2829
47 2829
48 2829
39 2829
49 2829
38 2829
50 2829
37 2829
35 2829
36 2829
34 2829
33 2829
60 2830
51 2830
72 2830
66 2830
59 2831
62 2831
70 2832
54 2833
27 2833
28 2833
26 2833
29 2833
30 2833
31 2833
32 2833
33 2833
34 2833
35 2833
36 2833
37 2833
38 2833
39 2833
73 2834
43 2834
74 2834
41 2834
42 2834
44 2834
40 2834
45 2834
39 2834
46 2834
38 2834
47 2834
48 2834
37 2834
49 2834
35 2834
36 2834
50 2834
34 2834
33 2834
32 2834
56 2835
61 2835
65 2835
71 2835
39 2835
38 2835
40 2835
37 2835
41 2835
42 2835
35 2835
36 2835
43 2835
34 2835
44 2835
33 2835
45 2835
32 2835
46 2835
31 2835
47 2835
48 2835
30 2835
49 2835
28 2835
29 2835
50 2835
74 2836
43 2836
73 2836
41 2836
42 2836
44 2836
40 2836
45 2836
39 2836
46 2836
38 2836
47 2836
48 2836
37 2836
49 2836
35 2836
36 2836
50 2836
34 2836
33 2836
32 2836
72 2837
60 2837
51 2837
66 2837
64 2838
20 2838
18 2838
19 2838
21 2838
22 2838
17 2838
23 2838
15 2838
16 2838
24 2838
25 2838
14 2838
13 2838
11 2838
12 2838
10 2838
8 2838
9 2838
7 2838
67 2839
32 2839
33 2839
31 2839
34 2839
30 2839
35 2839
36 2839
28 2839
29 2839
37 2839
27 2839
38 2839
26 2839
39 2839
40 2839
41 2839
42 2839
43 2839
44 2839
62 2840
59 2840
57 2841
52 2841
55 2841
61 2842
38 2842
56 2842
71 2842
37 2842
39 2842
35 2842
36 2842
40 2842
34 2842
41 2842
42 2842
33 2842
43 2842
32 2842
44 2842
31 2842
45 2842
30 2842
46 2842
28 2842
29 2842
47 2842
48 2842
27 2842
49 2842
51 2843
60 2843
66 2843
72 2843
75 2844
17 2844
18 2844
15 2844
16 2844
19 2844
20 2844
14 2844
21 2844
22 2844
13 2844
23 2844
11 2844
12 2844
24 2844
25 2844
10 2844
8 2844
9 2844
7 2844
5 2844
6 2844
3 2844
4 2844
55 2845
52 2845
69 2846
58 2847
32 2847
33 2847
31 2847
34 2847
30 2847
35 2847
36 2847
28 2847
29 2847
37 2847
27 2847
38 2847
26 2847
39 2847
40 2847
41 2847
42 2847
43 2847
44 2847
66 2848
51 2848
60 2848
72 2848
63 2849
46 2849
45 2849
47 2849
48 2849
44 2849
49 2849
43 2849
50 2849
41 2849
42 2849
40 2849
39 2849
38 2849
37 2849
35 2849
36 2849
71 2850
52 2851
55 2851
65 2852
41 2852
40 2852
42 2852
43 2852
39 2852
44 2852
38 2852
45 2852
37 2852
46 2852
35 2852
36 2852
47 2852
48 2852
34 2852
49 2852
33 2852
50 2852
32 2852
31 2852
53 2853
68 2854
42 2854
43 2854
40 2854
41 2854
44 2854
39 2854
45 2854
38 2854
46 2854
37 2854
47 2854
48 2854
35 2854
36 2854
49 2854
34 2854
50 2854
33 2854
32 2854
31 2854
60 2855
51 2855
72 2855
66 2855
59 2856
62 2856
70 2857
54 2858
26 2858
27 2858
28 2858
29 2858
30 2858
31 2858
32 2858
33 2858
34 2858
35 2858
36 2858
37 2858
73 2859
45 2859
44 2859
46 2859
43 2859
47 2859
48 2859
41 2859
42 2859
49 2859
40 2859
50 2859
39 2859
38 2859
37 2859
35 2859
36 2859
34 2859
56 2860
61 2860
37 2860
35 2860
36 2860
38 2860
34 2860
39 2860
33 2860
40 2860
32 2860
41 2860
42 2860
31 2860
43 2860
30 2860
44 2860
28 2860
29 2860
45 2860
27 2860
46 2860
26 2860
47 2860
48 2860
74 2861
41 2861
42 2861
40 2861
43 2861
39 2861
44 2861
38 2861
45 2861
37 2861
46 2861
35 2861
36 2861
47 2861
48 2861
34 2861
49 2861
33 2861
50 2861
32 2861
31 2861
72 2862
60 2862
51 2862
66 2862
64 2863
18 2863
19 2863
17 2863
20 2863
15 2863
16 2863
21 2863
22 2863
14 2863
23 2863
13 2863
24 2863
25 2863
11 2863
12 2863
10 2863
8 2863
9 2863
7 2863
5 2863
6 2863
67 2864
30 2864
31 2864
28 2864
29 2864
32 2864
27 2864
33 2864
26 2864
34 2864
35 2864
36 2864
37 2864
38 2864
39 2864
40 2864
41 2864
42 2864
62 2865
59 2865
57 2866
61 2867
36 2867
56 2867
34 2867
35 2867
37 2867
33 2867
38 2867
32 2867
39 2867
31 2867
40 2867
30 2867
41 2867
42 2867
28 2867
29 2867
43 2867
27 2867
44 2867
26 2867
45 2867
46 2867
51 2868
60 2868
66 2868
72 2868
75 2869
15 2869
16 2869
62 2869
14 2869
17 2869
59 2869
13 2869
18 2869
19 2869
11 2869
12 2869
20 2869
10 2869
21 2869
22 2869
8 2869
9 2869
23 2869
7 2869
24 2869
25 2869
5 2869
6 2869
3 2869
4 2869
1 2869
2 2869
55 2870
69 2871
58 2872
30 2872
31 2872
28 2872
29 2872
32 2872
27 2872
33 2872
26 2872
34 2872
35 2872
36 2872
37 2872
38 2872
39 2872
40 2872
41 2872
42 2872
66 2873
51 2873
60 2873
72 2873
63 2874
44 2874
43 2874
45 2874
41 2874
42 2874
46 2874
40 2874
47 2874
48 2874
39 2874
49 2874
38 2874
50 2874
37 2874
35 2874
36 2874
34 2874
33 2874
71 2875
68 2875
41 2875
40 2875
42 2875
43 2875
39 2875
44 2875
38 2875
45 2875
37 2875
46 2875
35 2875
36 2875
47 2875
48 2875
34 2875
49 2875
33 2875
50 2875
32 2875
31 2875
52 2876
65 2877
53 2878
68 2879
40 2879
41 2879
71 2879
39 2879
42 2879
43 2879
38 2879
44 2879
37 2879
45 2879
35 2879
36 2879
46 2879
34 2879
47 2879
48 2879
33 2879
49 2879
32 2879
50 2879
31 2879
30 2879
60 2880
51 2880
72 2880
66 2880
59 2881
62 2881
15 2881
75 2881
16 2881
17 2881
14 2881
18 2881
19 2881
13 2881
20 2881
11 2881
12 2881
21 2881
22 2881
10 2881
23 2881
8 2881
9 2881
24 2881
25 2881
7 2881
5 2881
6 2881
3 2881
4 2881
1 2881
2 2881
70 2882
54 2883
24 2883
25 2883
23 2883
21 2883
22 2883
20 2883
18 2883
19 2883
17 2883
15 2883
16 2883
14 2883
13 2883
11 2883
12 2883
73 2884
46 2884
47 2884
52 2884
45 2884
48 2884
49 2884
44 2884
50 2884
43 2884
41 2884
42 2884
40 2884
39 2884
38 2884
37 2884
35 2884
36 2884
56 2885
61 2885
35 2885
34 2885
36 2885
37 2885
33 2885
38 2885
32 2885
39 2885
31 2885
40 2885
30 2885
41 2885
42 2885
28 2885
29 2885
43 2885
27 2885
44 2885
26 2885
45 2885
46 2885
74 2886
39 2886
40 2886
38 2886
41 2886
42 2886
37 2886
43 2886
35 2886
36 2886
44 2886
34 2886
45 2886
33 2886
46 2886
32 2886
47 2886
48 2886
31 2886
49 2886
30 2886
50 2886
28 2886
29 2886
72 2887
60 2887
51 2887
25 2887
66 2887
23 2887
24 2887
21 2887
22 2887
20 2887
18 2887
19 2887
17 2887
15 2887
16 2887
14 2887
13 2887
11 2887
12 2887
64 2888
17 2888
15 2888
16 2888
18 2888
19 2888
14 2888
20 2888
13 2888
21 2888
22 2888
11 2888
12 2888
23 2888
10 2888
24 2888
25 2888
8 2888
9 2888
7 2888
5 2888
6 2888
3 2888
4 2888
67 2889
28 2889
29 2889
27 2889
30 2889
26 2889
31 2889
32 2889
33 2889
34 2889
35 2889
36 2889
37 2889
38 2889
39 2889
62 2890
59 2890
75 2890
13 2890
14 2890
11 2890
12 2890
15 2890
16 2890
10 2890
17 2890
8 2890
9 2890
18 2890
19 2890
7 2890
20 2890
5 2890
6 2890
21 2890
22 2890
3 2890
4 2890
23 2890
1 2890
2 2890
24 2890
25 2890
57 2891
61 2892
34 2892
56 2892
33 2892
35 2892
36 2892
32 2892
37 2892
31 2892
38 2892
30 2892
39 2892
28 2892
29 2892
40 2892
27 2892
41 2892
42 2892
26 2892
43 2892
44 2892
45 2892
51 2893
60 2893
66 2893
72 2893
75 2894
13 2894
14 2894
62 2894
11 2894
12 2894
15 2894
16 2894
59 2894
10 2894
17 2894
8 2894
9 2894
18 2894
19 2894
7 2894
20 2894
5 2894
6 2894
21 2894
22 2894
3 2894
4 2894
23 2894
1 2894
2 2894
24 2894
25 2894
55 2895
69 2896
58 2897
28 2897
29 2897
27 2897
30 2897
26 2897
31 2897
32 2897
33 2897
34 2897
35 2897
36 2897
37 2897
38 2897
39 2897
66 2898
51 2898
24 2898
60 2898
23 2898
25 2898
72 2898
21 2898
22 2898
20 2898
18 2898
19 2898
17 2898
15 2898
16 2898
14 2898
13 2898
11 2898
12 2898
63 2899
42 2899
40 2899
41 2899
43 2899
39 2899
44 2899
38 2899
45 2899
37 2899
46 2899
35 2899
36 2899
47 2899
48 2899
34 2899
49 2899
33 2899
50 2899
32 2899
31 2899
71 2900
43 2900
41 2900
42 2900
44 2900
40 2900
45 2900
39 2900
46 2900
38 2900
47 2900
48 2900
37 2900
49 2900
35 2900
36 2900
50 2900
34 2900
33 2900
32 2900
52 2901
65 2902
44 2902
43 2902
45 2902
41 2902
42 2902
46 2902
40 2902
47 2902
48 2902
39 2902
49 2902
38 2902
50 2902
37 2902
35 2902
36 2902
34 2902
33 2902
53 2903
68 2904
38 2904
39 2904
37 2904
40 2904
35 2904
36 2904
41 2904
42 2904
34 2904
43 2904
33 2904
44 2904
32 2904
45 2904
31 2904
46 2904
30 2904
47 2904
48 2904
28 2904
29 2904
49 2904
27 2904
50 2904
60 2905
51 2905
72 2905
66 2905
59 2906
62 2906
13 2906
75 2906
11 2906
14 2906
12 2906
10 2906
15 2906
16 2906
8 2906
9 2906
17 2906
7 2906
18 2906
19 2906
5 2906
6 2906
20 2906
3 2906
4 2906
21 2906
22 2906
1 2906
2 2906
23 2906
24 2906
25 2906
70 2907
54 2908
23 2908
21 2908
22 2908
24 2908
25 2908
20 2908
18 2908
19 2908
17 2908
15 2908
16 2908
14 2908
13 2908
11 2908
12 2908
10 2908
73 2909
48 2909
49 2909
46 2909
47 2909
50 2909
45 2909
44 2909
43 2909
41 2909
42 2909
40 2909
39 2909
38 2909
37 2909
56 2910
61 2910
33 2910
32 2910
34 2910
31 2910
35 2910
36 2910
30 2910
37 2910
28 2910
29 2910
38 2910
27 2910
39 2910
26 2910
40 2910
41 2910
42 2910
43 2910
44 2910
74 2911
37 2911
38 2911
35 2911
36 2911
39 2911
34 2911
40 2911
33 2911
41 2911
42 2911
32 2911
43 2911
31 2911
44 2911
30 2911
45 2911
28 2911
29 2911
46 2911
27 2911
47 2911
48 2911
26 2911
49 2911
72 2912
60 2912
51 2912
23 2912
66 2912
21 2912
22 2912
24 2912
25 2912
20 2912
18 2912
19 2912
17 2912
15 2912
16 2912
14 2912
13 2912
11 2912
12 2912
10 2912
64 2913
15 2913
14 2913
16 2913
17 2913
13 2913
18 2913
19 2913
11 2913
12 2913
20 2913
10 2913
21 2913
22 2913
8 2913
9 2913
23 2913
7 2913
24 2913
25 2913
5 2913
6 2913
3 2913
4 2913
1 2913
2 2913
67 2914
26 2914
27 2914
28 2914
29 2914
30 2914
31 2914
32 2914
33 2914
34 2914
35 2914
36 2914
37 2914
38 2914
62 2915
12 2915
59 2915
75 2915
11 2915
13 2915
10 2915
14 2915
8 2915
9 2915
15 2915
16 2915
7 2915
17 2915
5 2915
6 2915
18 2915
19 2915
3 2915
4 2915
20 2915
1 2915
2 2915
21 2915
22 2915
23 2915
24 2915
25 2915
57 2916
61 2917
33 2917
56 2917
32 2917
34 2917
31 2917
35 2917
36 2917
30 2917
37 2917
28 2917
29 2917
38 2917
27 2917
39 2917
26 2917
40 2917
41 2917
42 2917
43 2917
44 2917
51 2918
23 2918
60 2918
66 2918
21 2918
22 2918
24 2918
25 2918
72 2918
20 2918
18 2918
19 2918
17 2918
15 2918
16 2918
14 2918
13 2918
11 2918
12 2918
10 2918
75 2919
11 2919
12 2919
62 2919
10 2919
13 2919
59 2919
8 2919
9 2919
14 2919
7 2919
15 2919
16 2919
5 2919
6 2919
17 2919
3 2919
4 2919
18 2919
19 2919
1 2919
2 2919
20 2919
21 2919
22 2919
23 2919
24 2919
25 2919
55 2920
69 2921
58 2922
26 2922
27 2922
28 2922
29 2922
30 2922
31 2922
32 2922
33 2922
34 2922
35 2922
36 2922
37 2922
38 2922
66 2923
51 2923
22 2923
60 2923
20 2923
21 2923
23 2923
72 2923
18 2923
19 2923
24 2923
25 2923
17 2923
15 2923
16 2923
14 2923
13 2923
11 2923
12 2923
10 2923
8 2923
9 2923
63 2924
40 2924
39 2924
41 2924
42 2924
38 2924
43 2924
37 2924
44 2924
35 2924
36 2924
45 2924
34 2924
46 2924
33 2924
47 2924
48 2924
32 2924
49 2924
31 2924
50 2924
30 2924
71 2925
45 2925
44 2925
46 2925
43 2925
47 2925
48 2925
41 2925
42 2925
49 2925
40 2925
50 2925
39 2925
38 2925
37 2925
35 2925
36 2925
34 2925
52 2926
44 2926
43 2926
45 2926
41 2926
42 2926
46 2926
40 2926
47 2926
48 2926
39 2926
49 2926
38 2926
50 2926
37 2926
35 2926
36 2926
34 2926
33 2926
65 2927
46 2927
45 2927
47 2927
48 2927
44 2927
49 2927
43 2927
50 2927
41 2927
42 2927
40 2927
39 2927
38 2927
37 2927
35 2927
36 2927
53 2928
68 2929
36 2929
37 2929
34 2929
35 2929
38 2929
33 2929
39 2929
32 2929
40 2929
31 2929
41 2929
42 2929
30 2929
43 2929
28 2929
29 2929
44 2929
27 2929
45 2929
26 2929
46 2929
47 2929
48 2929
60 2930
51 2930
72 2930
22 2930
66 2930
20 2930
21 2930
23 2930
18 2930
19 2930
24 2930
25 2930
17 2930
15 2930
16 2930
14 2930
13 2930
11 2930
12 2930
10 2930
8 2930
9 2930
59 2931
62 2931
11 2931
75 2931
12 2931
13 2931
10 2931
14 2931
8 2931
9 2931
15 2931
16 2931
7 2931
17 2931
5 2931
6 2931
18 2931
19 2931
3 2931
4 2931
20 2931
1 2931
2 2931
21 2931
22 2931
23 2931
24 2931
25 2931
70 2932
54 2933
21 2933
20 2933
22 2933
23 2933
18 2933
19 2933
24 2933
25 2933
17 2933
15 2933
16 2933
14 2933
13 2933
11 2933
12 2933
10 2933
8 2933
9 2933
73 2934
49 2934
50 2934
47 2934
48 2934
46 2934
45 2934
44 2934
43 2934
41 2934
42 2934
40 2934
39 2934
38 2934
56 2935
61 2935
31 2935
30 2935
32 2935
28 2935
29 2935
33 2935
27 2935
34 2935
26 2935
35 2935
36 2935
37 2935
38 2935
39 2935
40 2935
41 2935
42 2935
74 2936
35 2936
36 2936
34 2936
37 2936
33 2936
38 2936
32 2936
39 2936
31 2936
40 2936
30 2936
41 2936
42 2936
28 2936
29 2936
43 2936
27 2936
44 2936
26 2936
45 2936
46 2936
72 2937
60 2937
51 2937
21 2937
66 2937
20 2937
22 2937
23 2937
18 2937
19 2937
24 2937
25 2937
17 2937
15 2937
16 2937
14 2937
13 2937
11 2937
12 2937
10 2937
8 2937
9 2937
64 2938
13 2938
11 2938
12 2938
14 2938
10 2938
15 2938
16 2938
8 2938
9 2938
17 2938
7 2938
18 2938
19 2938
5 2938
6 2938
20 2938
3 2938
4 2938
21 2938
22 2938
1 2938
2 2938
23 2938
24 2938
25 2938
67 2939
25 2939
23 2939
24 2939
21 2939
22 2939
20 2939
18 2939
19 2939
17 2939
15 2939
16 2939
14 2939
13 2939
11 2939
12 2939
62 2940
10 2940
11 2940
59 2940
75 2940
8 2940
9 2940
12 2940
13 2940
7 2940
14 2940
5 2940
6 2940
15 2940
16 2940
3 2940
4 2940
17 2940
1 2940
2 2940
18 2940
19 2940
20 2940
21 2940
22 2940
23 2940
24 2940
25 2940
57 2941
61 2942
31 2942
56 2942
30 2942
32 2942
28 2942
29 2942
33 2942
27 2942
34 2942
26 2942
35 2942
36 2942
37 2942
38 2942
39 2942
40 2942
41 2942
42 2942
51 2943
21 2943
60 2943
66 2943
20 2943
22 2943
23 2943
72 2943
18 2943
19 2943
24 2943
25 2943
17 2943
15 2943
16 2943
14 2943
13 2943
11 2943
12 2943
10 2943
8 2943
9 2943
75 2944
9 2944
10 2944
62 2944
8 2944
11 2944
59 2944
7 2944
12 2944
13 2944
5 2944
6 2944
14 2944
3 2944
4 2944
15 2944
16 2944
1 2944
2 2944
17 2944
18 2944
19 2944
20 2944
21 2944
22 2944
23 2944
55 2945
69 2946
58 2947
66 2948
51 2948
20 2948
21 2948
60 2948
18 2948
19 2948
22 2948
23 2948
72 2948
17 2948
24 2948
25 2948
15 2948
16 2948
14 2948
13 2948
11 2948
12 2948
10 2948
8 2948
9 2948
7 2948
63 2949
71 2950
47 2950
46 2950
48 2950
49 2950
45 2950
50 2950
44 2950
43 2950
41 2950
42 2950
40 2950
39 2950
38 2950
37 2950
52 2951
42 2951
40 2951
41 2951
43 2951
39 2951
44 2951
38 2951
45 2951
37 2951
46 2951
35 2951
36 2951
47 2951
48 2951
34 2951
49 2951
33 2951
50 2951
32 2951
31 2951
65 2952
48 2952
73 2952
46 2952
49 2952
47 2952
71 2952
45 2952
50 2952
44 2952
43 2952
41 2952
42 2952
40 2952
39 2952
38 2952
37 2952
53 2953
68 2954
35 2954
34 2954
36 2954
37 2954
33 2954
38 2954
32 2954
39 2954
31 2954
40 2954
30 2954
41 2954
42 2954
28 2954
29 2954
43 2954
27 2954
44 2954
26 2954
45 2954
46 2954
60 2955
51 2955
72 2955
20 2955
66 2955
18 2955
19 2955
21 2955
22 2955
17 2955
23 2955
15 2955
16 2955
24 2955
25 2955
14 2955
13 2955
11 2955
12 2955
10 2955
8 2955
9 2955
7 2955
59 2956
62 2956
9 2956
75 2956
10 2956
8 2956
11 2956
7 2956
12 2956
13 2956
5 2956
6 2956
14 2956
3 2956
4 2956
15 2956
16 2956
1 2956
2 2956
17 2956
18 2956
19 2956
20 2956
21 2956
22 2956
70 2957
54 2958
19 2958
17 2958
18 2958
20 2958
15 2958
16 2958
21 2958
22 2958
14 2958
23 2958
13 2958
24 2958
25 2958
11 2958
12 2958
10 2958
8 2958
9 2958
7 2958
5 2958
6 2958
73 2959
47 2959
48 2959
71 2959
46 2959
49 2959
45 2959
50 2959
44 2959
43 2959
41 2959
42 2959
40 2959
39 2959
38 2959
37 2959
56 2960
61 2960
29 2960
27 2960
28 2960
30 2960
26 2960
31 2960
32 2960
33 2960
34 2960
35 2960
36 2960
37 2960
38 2960
39 2960
74 2961
33 2961
34 2961
32 2961
35 2961
36 2961
31 2961
37 2961
30 2961
38 2961
28 2961
29 2961
39 2961
27 2961
40 2961
26 2961
41 2961
42 2961
43 2961
44 2961
45 2961
72 2962
60 2962
51 2962
19 2962
20 2962
66 2962
17 2962
18 2962
21 2962
22 2962
15 2962
16 2962
23 2962
14 2962
24 2962
25 2962
13 2962
11 2962
12 2962
10 2962
8 2962
9 2962
7 2962
5 2962
6 2962
64 2963
11 2963
10 2963
12 2963
13 2963
8 2963
9 2963
14 2963
7 2963
15 2963
16 2963
5 2963
6 2963
17 2963
3 2963
4 2963
18 2963
19 2963
1 2963
2 2963
20 2963
21 2963
22 2963
23 2963
24 2963
25 2963
67 2964
23 2964
24 2964
21 2964
22 2964
25 2964
20 2964
18 2964
19 2964
17 2964
15 2964
16 2964
14 2964
13 2964
11 2964
12 2964
10 2964
62 2965
8 2965
9 2965
59 2965
75 2965
7 2965
10 2965
5 2965
6 2965
11 2965
3 2965
4 2965
12 2965
13 2965
1 2965
2 2965
14 2965
15 2965
16 2965
17 2965
18 2965
19 2965
20 2965
21 2965
22 2965
57 2966
61 2967
29 2967
56 2967
27 2967
28 2967
30 2967
26 2967
31 2967
32 2967
33 2967
34 2967
35 2967
36 2967
37 2967
38 2967
39 2967
51 2968
19 2968
60 2968
66 2968
17 2968
18 2968
20 2968
72 2968
15 2968
16 2968
21 2968
22 2968
14 2968
23 2968
13 2968
24 2968
25 2968
11 2968
12 2968
10 2968
8 2968
9 2968
7 2968
5 2968
6 2968
75 2969
7 2969
8 2969
62 2969
5 2969
6 2969
9 2969
10 2969
59 2969
3 2969
4 2969
11 2969
1 2969
2 2969
12 2969
13 2969
14 2969
15 2969
16 2969
17 2969
18 2969
19 2969
20 2969
21 2969
22 2969
55 2970
69 2971
58 2972
24 2972
23 2972
25 2972
21 2972
22 2972
20 2972
18 2972
19 2972
17 2972
15 2972
16 2972
14 2972
13 2972
11 2972
12 2972
66 2973
51 2973
18 2973
19 2973
60 2973
17 2973
20 2973
72 2973
15 2973
16 2973
21 2973
22 2973
14 2973
23 2973
13 2973
24 2973
25 2973
11 2973
12 2973
10 2973
8 2973
9 2973
7 2973
5 2973
6 2973
63 2974
71 2975
49 2975
47 2975
48 2975
50 2975
46 2975
45 2975
44 2975
43 2975
41 2975
42 2975
40 2975
39 2975
38 2975
52 2976
40 2976
39 2976
41 2976
42 2976
38 2976
43 2976
37 2976
44 2976
35 2976
36 2976
45 2976
34 2976
46 2976
33 2976
47 2976
48 2976
32 2976
49 2976
31 2976
50 2976
30 2976
65 2977
50 2977
71 2977
49 2977
47 2977
48 2977
46 2977
45 2977
44 2977
43 2977
41 2977
42 2977
40 2977
39 2977
38 2977
53 2978
68 2979
33 2979
32 2979
34 2979
31 2979
35 2979
36 2979
30 2979
37 2979
28 2979
29 2979
38 2979
27 2979
39 2979
26 2979
40 2979
41 2979
42 2979
43 2979
44 2979
60 2980
51 2980
72 2980
18 2980
66 2980
17 2980
19 2980
20 2980
15 2980
16 2980
21 2980
22 2980
14 2980
23 2980
13 2980
24 2980
25 2980
11 2980
12 2980
10 2980
8 2980
9 2980
7 2980
5 2980
6 2980
59 2981
62 2981
7 2981
75 2981
5 2981
6 2981
8 2981
3 2981
4 2981
9 2981
10 2981
1 2981
2 2981
11 2981
12 2981
13 2981
14 2981
15 2981
16 2981
17 2981
18 2981
19 2981
20 2981
70 2982
54 2983
17 2983
15 2983
16 2983
18 2983
19 2983
14 2983
20 2983
13 2983
21 2983
22 2983
11 2983
12 2983
23 2983
10 2983
24 2983
25 2983
8 2983
9 2983
7 2983
5 2983
6 2983
3 2983
4 2983
73 2984
45 2984
46 2984
44 2984
47 2984
48 2984
43 2984
49 2984
41 2984
42 2984
50 2984
40 2984
39 2984
38 2984
37 2984
35 2984
36 2984
34 2984
56 2985
61 2985
27 2985
26 2985
28 2985
29 2985
30 2985
31 2985
32 2985
33 2985
34 2985
35 2985
36 2985
37 2985
38 2985
74 2986
31 2986
32 2986
30 2986
33 2986
28 2986
29 2986
34 2986
27 2986
35 2986
36 2986
26 2986
37 2986
38 2986
39 2986
40 2986
41 2986
42 2986
43 2986
72 2987
60 2987
51 2987
17 2987
18 2987
66 2987
15 2987
16 2987
19 2987
20 2987
14 2987
21 2987
22 2987
13 2987
23 2987
11 2987
12 2987
24 2987
25 2987
10 2987
8 2987
9 2987
7 2987
5 2987
6 2987
3 2987
4 2987
64 2988
9 2988
8 2988
10 2988
7 2988
11 2988
5 2988
6 2988
12 2988
13 2988
3 2988
4 2988
14 2988
1 2988
2 2988
15 2988
16 2988
17 2988
18 2988
19 2988
20 2988
21 2988
22 2988
67 2989
21 2989
22 2989
20 2989
23 2989
18 2989
19 2989
24 2989
25 2989
17 2989
15 2989
16 2989
14 2989
13 2989
11 2989
12 2989
10 2989
8 2989
9 2989
62 2990
6 2990
7 2990
59 2990
75 2990
5 2990
8 2990
3 2990
4 2990
9 2990
10 2990
1 2990
2 2990
11 2990
12 2990
13 2990
14 2990
15 2990
16 2990
17 2990
18 2990
19 2990
20 2990
57 2991
61 2992
27 2992
56 2992
26 2992
28 2992
29 2992
30 2992
31 2992
32 2992
33 2992
34 2992
35 2992
36 2992
37 2992
38 2992
51 2993
17 2993
60 2993
66 2993
15 2993
16 2993
19 2993
72 2993
18 2993
14 2993
20 2993
13 2993
21 2993
22 2993
11 2993
12 2993
23 2993
10 2993
24 2993
25 2993
8 2993
9 2993
7 2993
5 2993
6 2993
3 2993
4 2993
75 2994
6 2994
62 2994
5 2994
7 2994
59 2994
3 2994
4 2994
8 2994
1 2994
2 2994
9 2994
10 2994
11 2994
12 2994
13 2994
14 2994
15 2994
16 2994
17 2994
18 2994
19 2994
20 2994
55 2995
69 2996
58 2997
22 2997
20 2997
21 2997
23 2997
18 2997
19 2997
24 2997
25 2997
17 2997
15 2997
16 2997
14 2997
13 2997
11 2997
12 2997
10 2997
8 2997
9 2997
66 2998
17 2998
51 2998
15 2998
16 2998
18 2998
19 2998
60 2998
14 2998
20 2998
13 2998
21 2998
22 2998
11 2998
12 2998
23 2998
10 2998
24 2998
25 2998
8 2998
9 2998
7 2998
5 2998
6 2998
3 2998
4 2998
63 2999
71 3000
49 3000
47 3000
48 3000
50 3000
46 3000
45 3000
44 3000
43 3000
41 3000
42 3000
40 3000
39 3000
38 3000
52 3001
38 3001
39 3001
37 3001
40 3001
35 3001
36 3001
41 3001
42 3001
34 3001
43 3001
33 3001
44 3001
32 3001
45 3001
31 3001
46 3001
30 3001
47 3001
48 3001
28 3001
29 3001
49 3001
27 3001
50 3001
65 3002
48 3002
46 3002
47 3002
49 3002
45 3002
50 3002
44 3002
43 3002
41 3002
42 3002
40 3002
39 3002
38 3002
37 3002
53 3003
68 3004
31 3004
30 3004
32 3004
28 3004
29 3004
33 3004
27 3004
34 3004
26 3004
35 3004
36 3004
37 3004
38 3004
39 3004
40 3004
41 3004
42 3004
60 3005
51 3005
72 3005
16 3005
66 3005
14 3005
15 3005
17 3005
13 3005
18 3005
19 3005
11 3005
12 3005
20 3005
10 3005
21 3005
22 3005
8 3005
9 3005
23 3005
7 3005
24 3005
25 3005
5 3005
6 3005
3 3005
4 3005
1 3005
2 3005
59 3006
62 3006
5 3006
6 3006
75 3006
3 3006
4 3006
7 3006
1 3006
2 3006
8 3006
9 3006
10 3006
11 3006
12 3006
13 3006
14 3006
15 3006
16 3006
17 3006
18 3006
19 3006
70 3007
54 3008
15 3008
14 3008
16 3008
17 3008
13 3008
18 3008
19 3008
11 3008
12 3008
20 3008
10 3008
21 3008
22 3008
8 3008
9 3008
23 3008
7 3008
24 3008
25 3008
5 3008
6 3008
3 3008
4 3008
1 3008
2 3008
73 3009
43 3009
44 3009
41 3009
42 3009
45 3009
40 3009
46 3009
39 3009
47 3009
48 3009
38 3009
49 3009
37 3009
50 3009
35 3009
36 3009
34 3009
33 3009
32 3009
56 3010
61 3010
74 3011
29 3011
30 3011
27 3011
28 3011
31 3011
26 3011
32 3011
33 3011
34 3011
35 3011
36 3011
37 3011
38 3011
39 3011
40 3011
72 3012
60 3012
51 3012
16 3012
66 3012
14 3012
15 3012
17 3012
13 3012
18 3012
19 3012
11 3012
12 3012
20 3012
10 3012
21 3012
22 3012
8 3012
9 3012
23 3012
7 3012
24 3012
25 3012
5 3012
6 3012
3 3012
4 3012
1 3012
2 3012
64 3013
7 3013
5 3013
6 3013
8 3013
3 3013
4 3013
9 3013
10 3013
1 3013
2 3013
11 3013
12 3013
13 3013
14 3013
15 3013
16 3013
17 3013
18 3013
19 3013
20 3013
67 3014
19 3014
20 3014
17 3014
18 3014
21 3014
22 3014
15 3014
16 3014
23 3014
14 3014
24 3014
25 3014
13 3014
11 3014
12 3014
10 3014
8 3014
9 3014
7 3014
5 3014
6 3014
62 3015
5 3015
59 3015
75 3015
3 3015
6 3015
7 3015
4 3015
1 3015
8 3015
2 3015
9 3015
10 3015
11 3015
12 3015
13 3015
14 3015
15 3015
16 3015
17 3015
18 3015
19 3015
57 3016
61 3017
56 3017
51 3018
15 3018
60 3018
66 3018
14 3018
17 3018
72 3018
16 3018
13 3018
18 3018
19 3018
11 3018
12 3018
20 3018
10 3018
21 3018
22 3018
8 3018
9 3018
23 3018
7 3018
24 3018
25 3018
5 3018
6 3018
3 3018
4 3018
1 3018
2 3018
75 3019
4 3019
62 3019
2 3019
3 3019
5 3019
59 3019
1 3019
6 3019
7 3019
8 3019
9 3019
10 3019
11 3019
12 3019
13 3019
14 3019
15 3019
16 3019
17 3019
18 3019
19 3019
55 3020
69 3021
58 3022
20 3022
18 3022
19 3022
21 3022
22 3022
17 3022
23 3022
15 3022
16 3022
24 3022
25 3022
14 3022
13 3022
11 3022
12 3022
10 3022
8 3022
9 3022
7 3022
66 3023
15 3023
16 3023
51 3023
14 3023
17 3023
60 3023
13 3023
18 3023
19 3023
11 3023
12 3023
20 3023
10 3023
21 3023
22 3023
8 3023
9 3023
23 3023
7 3023
24 3023
25 3023
5 3023
6 3023
3 3023
4 3023
1 3023
2 3023
63 3024
71 3025
47 3025
46 3025
48 3025
49 3025
45 3025
50 3025
44 3025
43 3025
41 3025
42 3025
40 3025
39 3025
38 3025
37 3025
52 3026
36 3026
37 3026
34 3026
35 3026
38 3026
33 3026
39 3026
32 3026
40 3026
31 3026
41 3026
42 3026
30 3026
43 3026
28 3026
29 3026
44 3026
27 3026
45 3026
26 3026
46 3026
47 3026
48 3026
65 3027
53 3028
68 3029
29 3029
27 3029
28 3029
30 3029
26 3029
31 3029
32 3029
33 3029
34 3029
35 3029
36 3029
37 3029
38 3029
39 3029
60 3030
51 3030
72 3030
14 3030
66 3030
13 3030
16 3030
15 3030
11 3030
12 3030
17 3030
10 3030
18 3030
19 3030
8 3030
9 3030
20 3030
7 3030
21 3030
22 3030
5 3030
6 3030
23 3030
3 3030
4 3030
24 3030
25 3030
1 3030
2 3030
59 3031
62 3031
3 3031
4 3031
75 3031
1 3031
2 3031
5 3031
6 3031
7 3031
8 3031
9 3031
10 3031
11 3031
12 3031
13 3031
14 3031
15 3031
16 3031
17 3031
70 3032
54 3033
13 3033
11 3033
12 3033
14 3033
10 3033
15 3033
16 3033
8 3033
9 3033
17 3033
7 3033
18 3033
19 3033
5 3033
6 3033
20 3033
3 3033
4 3033
21 3033
22 3033
1 3033
2 3033
23 3033
24 3033
25 3033
73 3034
41 3034
42 3034
40 3034
43 3034
39 3034
44 3034
38 3034
45 3034
37 3034
46 3034
35 3034
36 3034
47 3034
48 3034
34 3034
49 3034
33 3034
50 3034
32 3034
31 3034
56 3035
61 3035
74 3036
27 3036
28 3036
26 3036
29 3036
30 3036
31 3036
32 3036
33 3036
34 3036
35 3036
36 3036
37 3036
38 3036
39 3036
72 3037
60 3037
51 3037
14 3037
66 3037
13 3037
16 3037
15 3037
11 3037
12 3037
17 3037
10 3037
18 3037
19 3037
8 3037
9 3037
20 3037
7 3037
21 3037
22 3037
5 3037
6 3037
23 3037
3 3037
4 3037
24 3037
25 3037
1 3037
2 3037
64 3038
5 3038
3 3038
4 3038
6 3038
7 3038
1 3038
2 3038
8 3038
9 3038
10 3038
11 3038
12 3038
13 3038
14 3038
15 3038
16 3038
17 3038
18 3038
19 3038
67 3039
17 3039
18 3039
15 3039
16 3039
19 3039
20 3039
14 3039
21 3039
22 3039
13 3039
23 3039
11 3039
12 3039
24 3039
25 3039
10 3039
8 3039
9 3039
7 3039
5 3039
6 3039
3 3039
4 3039
62 3040
3 3040
59 3040
1 3040
2 3040
4 3040
5 3040
6 3040
7 3040
8 3040
9 3040
10 3040
11 3040
12 3040
13 3040
14 3040
15 3040
16 3040
17 3040
57 3041
61 3042
24 3042
56 3042
23 3042
25 3042
21 3042
22 3042
20 3042
18 3042
19 3042
17 3042
15 3042
16 3042
14 3042
13 3042
11 3042
12 3042
51 3043
13 3043
60 3043
66 3043
11 3043
12 3043
72 3043
14 3043
10 3043
15 3043
16 3043
8 3043
9 3043
17 3043
7 3043
18 3043
19 3043
5 3043
6 3043
20 3043
3 3043
4 3043
21 3043
22 3043
1 3043
2 3043
23 3043
24 3043
25 3043
75 3044
2 3044
53 3044
1 3044
3 3044
4 3044
5 3044
6 3044
7 3044
8 3044
9 3044
10 3044
11 3044
12 3044
13 3044
14 3044
15 3044
16 3044
55 3045
69 3046
58 3047
18 3047
17 3047
19 3047
20 3047
15 3047
16 3047
21 3047
22 3047
14 3047
23 3047
13 3047
24 3047
25 3047
11 3047
12 3047
10 3047
8 3047
9 3047
7 3047
5 3047
6 3047
66 3048
13 3048
14 3048
51 3048
11 3048
12 3048
15 3048
16 3048
60 3048
10 3048
17 3048
8 3048
9 3048
18 3048
19 3048
7 3048
20 3048
5 3048
6 3048
21 3048
22 3048
3 3048
4 3048
23 3048
1 3048
2 3048
24 3048
25 3048
63 3049
71 3050
45 3050
44 3050
46 3050
43 3050
47 3050
48 3050
41 3050
42 3050
49 3050
40 3050
50 3050
39 3050
38 3050
37 3050
35 3050
36 3050
34 3050
52 3051
34 3051
35 3051
33 3051
36 3051
37 3051
32 3051
38 3051
31 3051
39 3051
30 3051
40 3051
28 3051
29 3051
41 3051
42 3051
27 3051
43 3051
26 3051
44 3051
45 3051
46 3051
65 3052
53 3053
68 3054
27 3054
28 3054
26 3054
29 3054
30 3054
31 3054
32 3054
33 3054
34 3054
35 3054
36 3054
37 3054
38 3054
39 3054
60 3055
51 3055
72 3055
12 3055
66 3055
11 3055
13 3055
10 3055
14 3055
8 3055
9 3055
15 3055
16 3055
7 3055
17 3055
5 3055
6 3055
18 3055
19 3055
3 3055
4 3055
20 3055
1 3055
2 3055
21 3055
22 3055
23 3055
24 3055
25 3055
59 3056
62 3056
1 3056
2 3056
3 3056
4 3056
5 3056
6 3056
7 3056
8 3056
9 3056
10 3056
11 3056
12 3056
13 3056
14 3056
15 3056
16 3056
70 3057
54 3058
11 3058
10 3058
12 3058
13 3058
8 3058
9 3058
14 3058
7 3058
15 3058
16 3058
5 3058
6 3058
17 3058
3 3058
4 3058
18 3058
19 3058
1 3058
2 3058
20 3058
21 3058
22 3058
23 3058
24 3058
25 3058
73 3059
39 3059
40 3059
38 3059
41 3059
42 3059
37 3059
43 3059
35 3059
36 3059
44 3059
34 3059
45 3059
33 3059
46 3059
32 3059
47 3059
48 3059
31 3059
49 3059
30 3059
50 3059
28 3059
29 3059
56 3060
61 3060
74 3061
26 3061
27 3061
28 3061
29 3061
30 3061
31 3061
32 3061
33 3061
34 3061
35 3061
36 3061
37 3061
72 3062
60 3062
51 3062
12 3062
66 3062
11 3062
13 3062
10 3062
14 3062
8 3062
9 3062
15 3062
16 3062
7 3062
17 3062
5 3062
6 3062
18 3062
19 3062
3 3062
4 3062
20 3062
1 3062
2 3062
21 3062
22 3062
23 3062
24 3062
25 3062
64 3063
3 3063
1 3063
2 3063
4 3063
5 3063
6 3063
7 3063
8 3063
9 3063
10 3063
11 3063
12 3063
13 3063
14 3063
15 3063
16 3063
17 3063
67 3064
16 3064
14 3064
15 3064
17 3064
13 3064
18 3064
19 3064
11 3064
12 3064
20 3064
10 3064
21 3064
22 3064
8 3064
9 3064
23 3064
7 3064
24 3064
25 3064
5 3064
6 3064
3 3064
4 3064
1 3064
2 3064
62 3065
1 3065
59 3065
2 3065
3 3065
4 3065
5 3065
6 3065
7 3065
8 3065
9 3065
10 3065
11 3065
12 3065
13 3065
14 3065
15 3065
16 3065
57 3066
32 3066
31 3066
33 3066
30 3066
34 3066
28 3066
29 3066
35 3066
36 3066
27 3066
37 3066
26 3066
38 3066
39 3066
40 3066
41 3066
42 3066
43 3066
61 3067
56 3067
51 3068
11 3068
12 3068
60 3068
66 3068
10 3068
13 3068
72 3068
8 3068
9 3068
14 3068
7 3068
15 3068
16 3068
5 3068
6 3068
17 3068
3 3068
4 3068
18 3068
19 3068
1 3068
2 3068
20 3068
21 3068
22 3068
23 3068
24 3068
25 3068
75 3069
55 3070
69 3071
58 3072
16 3072
14 3072
15 3072
17 3072
13 3072
18 3072
19 3072
11 3072
12 3072
20 3072
10 3072
21 3072
22 3072
8 3072
9 3072
23 3072
7 3072
24 3072
25 3072
5 3072
6 3072
3 3072
4 3072
1 3072
2 3072
66 3073
11 3073
12 3073
51 3073
10 3073
13 3073
60 3073
8 3073
9 3073
14 3073
7 3073
15 3073
16 3073
5 3073
6 3073
17 3073
3 3073
4 3073
18 3073
19 3073
1 3073
2 3073
20 3073
21 3073
22 3073
23 3073
24 3073
25 3073
63 3074
71 3075
52 3076
32 3076
33 3076
31 3076
34 3076
30 3076
35 3076
36 3076
28 3076
29 3076
37 3076
27 3076
38 3076
26 3076
39 3076
40 3076
41 3076
42 3076
43 3076
44 3076
65 3077
53 3078
69 3078
68 3079
26 3079
27 3079
28 3079
29 3079
30 3079
31 3079
32 3079
33 3079
34 3079
35 3079
36 3079
37 3079
60 3080
10 3080
51 3080
72 3080
8 3080
9 3080
11 3080
66 3080
7 3080
12 3080
13 3080
5 3080
6 3080
14 3080
3 3080
4 3080
15 3080
16 3080
1 3080
2 3080
17 3080
18 3080
19 3080
20 3080
21 3080
22 3080
23 3080
24 3080
25 3080
59 3081
62 3081
2 3081
3 3081
1 3081
4 3081
5 3081
6 3081
7 3081
8 3081
9 3081
10 3081
11 3081
12 3081
13 3081
14 3081
15 3081
16 3081
17 3081
70 3082
54 3083
73 3084
38 3084
37 3084
39 3084
35 3084
36 3084
40 3084
34 3084
41 3084
42 3084
33 3084
43 3084
32 3084
44 3084
31 3084
45 3084
30 3084
46 3084
28 3084
29 3084
47 3084
48 3084
27 3084
49 3084
56 3085
61 3085
74 3086
25 3086
23 3086
24 3086
21 3086
22 3086
20 3086
18 3086
19 3086
17 3086
15 3086
16 3086
14 3086
13 3086
11 3086
12 3086
72 3087
60 3087
51 3087
10 3087
66 3087
8 3087
9 3087
11 3087
7 3087
12 3087
13 3087
5 3087
6 3087
14 3087
3 3087
4 3087
15 3087
16 3087
1 3087
2 3087
17 3087
18 3087
19 3087
20 3087
21 3087
22 3087
23 3087
24 3087
25 3087
64 3088
1 3088
2 3088
3 3088
4 3088
5 3088
6 3088
7 3088
8 3088
9 3088
10 3088
11 3088
12 3088
13 3088
14 3088
15 3088
16 3088
67 3089
14 3089
13 3089
15 3089
16 3089
11 3089
12 3089
17 3089
10 3089
18 3089
19 3089
8 3089
9 3089
20 3089
7 3089
21 3089
22 3089
5 3089
6 3089
23 3089
3 3089
4 3089
24 3089
25 3089
1 3089
2 3089
62 3090
3 3090
59 3090
1 3090
2 3090
4 3090
5 3090
6 3090
7 3090
8 3090
9 3090
10 3090
11 3090
12 3090
13 3090
14 3090
15 3090
16 3090
17 3090
57 3091
30 3091
28 3091
29 3091
31 3091
27 3091
32 3091
26 3091
33 3091
34 3091
35 3091
36 3091
37 3091
38 3091
39 3091
40 3091
61 3092
56 3092
51 3093
9 3093
10 3093
60 3093
66 3093
8 3093
72 3093
11 3093
7 3093
12 3093
13 3093
5 3093
6 3093
14 3093
3 3093
4 3093
15 3093
16 3093
1 3093
2 3093
17 3093
18 3093
19 3093
20 3093
21 3093
22 3093
23 3093
24 3093
25 3093
75 3094
69 3094
3 3094
1 3094
2 3094
4 3094
5 3094
6 3094
7 3094
8 3094
9 3094
10 3094
11 3094
12 3094
13 3094
14 3094
15 3094
16 3094
17 3094
55 3095
69 3096
3 3096
1 3096
2 3096
4 3096
5 3096
6 3096
7 3096
8 3096
9 3096
10 3096
11 3096
12 3096
13 3096
14 3096
15 3096
16 3096
17 3096
58 3097
14 3097
13 3097
15 3097
16 3097
11 3097
12 3097
17 3097
10 3097
18 3097
19 3097
8 3097
9 3097
20 3097
7 3097
21 3097
22 3097
5 3097
6 3097
23 3097
3 3097
4 3097
24 3097
25 3097
1 3097
2 3097
66 3098
9 3098
10 3098
51 3098
8 3098
11 3098
60 3098
7 3098
12 3098
13 3098
5 3098
6 3098
14 3098
3 3098
4 3098
15 3098
16 3098
1 3098
2 3098
17 3098
18 3098
19 3098
20 3098
21 3098
22 3098
23 3098
63 3099
71 3100
52 3101
30 3101
31 3101
28 3101
29 3101
32 3101
27 3101
33 3101
26 3101
34 3101
35 3101
36 3101
37 3101
38 3101
39 3101
40 3101
41 3101
42 3101
65 3102
53 3103
6 3103
7 3103
5 3103
8 3103
3 3103
4 3103
9 3103
10 3103
1 3103
2 3103
11 3103
12 3103
13 3103
14 3103
15 3103
16 3103
17 3103
18 3103
19 3103
20 3103
68 3104
24 3104
25 3104
23 3104
21 3104
22 3104
20 3104
18 3104
19 3104
17 3104
15 3104
16 3104
14 3104
13 3104
11 3104
12 3104
60 3105
8 3105
51 3105
72 3105
7 3105
10 3105
9 3105
66 3105
5 3105
6 3105
11 3105
3 3105
4 3105
12 3105
13 3105
1 3105
2 3105
14 3105
15 3105
16 3105
17 3105
18 3105
19 3105
20 3105
21 3105
22 3105
59 3106
4 3106
62 3106
2 3106
3 3106
5 3106
1 3106
6 3106
7 3106
8 3106
9 3106
10 3106
11 3106
12 3106
13 3106
14 3106
15 3106
16 3106
17 3106
18 3106
19 3106
70 3107
75 3107
54 3108
73 3109
36 3109
34 3109
35 3109
37 3109
33 3109
38 3109
32 3109
39 3109
31 3109
40 3109
30 3109
41 3109
42 3109
28 3109
29 3109
43 3109
27 3109
44 3109
26 3109
45 3109
46 3109
56 3110
19 3110
61 3110
17 3110
18 3110
20 3110
15 3110
16 3110
21 3110
22 3110
14 3110
23 3110
13 3110
24 3110
25 3110
11 3110
12 3110
10 3110
8 3110
9 3110
7 3110
5 3110
6 3110
74 3111
23 3111
24 3111
21 3111
22 3111
25 3111
20 3111
18 3111
19 3111
17 3111
15 3111
16 3111
14 3111
13 3111
11 3111
12 3111
10 3111
72 3112
60 3112
7 3112
8 3112
51 3112
5 3112
6 3112
9 3112
10 3112
66 3112
3 3112
4 3112
11 3112
1 3112
2 3112
12 3112
13 3112
14 3112
15 3112
16 3112
17 3112
18 3112
19 3112
20 3112
21 3112
22 3112
64 3113
2 3113
3 3113
69 3113
1 3113
4 3113
5 3113
6 3113
7 3113
8 3113
9 3113
10 3113
11 3113
12 3113
13 3113
14 3113
15 3113
16 3113
17 3113
67 3114
12 3114
11 3114
13 3114
10 3114
14 3114
8 3114
9 3114
15 3114
16 3114
7 3114
17 3114
5 3114
6 3114
18 3114
19 3114
3 3114
4 3114
20 3114
1 3114
2 3114
21 3114
22 3114
23 3114
24 3114
25 3114
62 3115
5 3115
59 3115
70 3115
3 3115
4 3115
6 3115
7 3115
75 3115
1 3115
2 3115
8 3115
9 3115
10 3115
11 3115
12 3115
13 3115
14 3115
15 3115
16 3115
17 3115
18 3115
19 3115
57 3116
28 3116
27 3116
29 3116
30 3116
26 3116
31 3116
32 3116
33 3116
34 3116
35 3116
36 3116
37 3116
38 3116
39 3116
61 3117
56 3117
51 3118
7 3118
8 3118
53 3118
60 3118
66 3118
5 3118
6 3118
10 3118
54 3118
72 3118
9 3118
3 3118
4 3118
11 3118
1 3118
2 3118
12 3118
13 3118
14 3118
15 3118
16 3118
17 3118
18 3118
19 3118
20 3118
21 3118
22 3118
75 3119
55 3120
69 3121
1 3121
2 3121
3 3121
4 3121
5 3121
6 3121
7 3121
8 3121
9 3121
10 3121
11 3121
12 3121
13 3121
14 3121
15 3121
16 3121
58 3122
66 3123
7 3123
8 3123
51 3123
53 3123
5 3123
6 3123
9 3123
10 3123
60 3123
3 3123
4 3123
11 3123
1 3123
2 3123
12 3123
13 3123
14 3123
15 3123
16 3123
17 3123
18 3123
19 3123
20 3123
21 3123
22 3123
63 3124
71 3125
52 3126
28 3126
29 3126
27 3126
30 3126
26 3126
31 3126
32 3126
33 3126
34 3126
35 3126
36 3126
37 3126
38 3126
39 3126
65 3127
53 3128
8 3128
9 3128
7 3128
10 3128
5 3128
6 3128
11 3128
3 3128
4 3128
12 3128
13 3128
1 3128
2 3128
14 3128
15 3128
16 3128
17 3128
18 3128
19 3128
20 3128
21 3128
22 3128
68 3129
22 3129
23 3129
20 3129
21 3129
24 3129
25 3129
18 3129
19 3129
17 3129
15 3129
16 3129
14 3129
13 3129
11 3129
12 3129
10 3129
8 3129
9 3129
60 3130
6 3130
51 3130
72 3130
5 3130
7 3130
66 3130
3 3130
4 3130
8 3130
1 3130
2 3130
9 3130
10 3130
11 3130
12 3130
13 3130
14 3130
15 3130
16 3130
17 3130
18 3130
19 3130
20 3130
21 3130
22 3130
59 3131
54 3131
62 3131
6 3131
5 3131
7 3131
3 3131
4 3131
8 3131
1 3131
2 3131
9 3131
10 3131
11 3131
12 3131
13 3131
14 3131
15 3131
16 3131
17 3131
18 3131
19 3131
70 3132
54 3133
59 3133
62 3133
6 3133
5 3133
7 3133
3 3133
4 3133
8 3133
1 3133
2 3133
9 3133
10 3133
11 3133
12 3133
13 3133
14 3133
15 3133
16 3133
17 3133
18 3133
19 3133
73 3134
34 3134
33 3134
35 3134
36 3134
32 3134
37 3134
31 3134
38 3134
30 3134
39 3134
28 3134
29 3134
40 3134
27 3134
41 3134
42 3134
26 3134
43 3134
44 3134
45 3134
56 3135
17 3135
61 3135
15 3135
16 3135
18 3135
19 3135
14 3135
20 3135
13 3135
21 3135
22 3135
11 3135
12 3135
23 3135
10 3135
24 3135
25 3135
8 3135
9 3135
7 3135
5 3135
6 3135
3 3135
4 3135
74 3136
21 3136
22 3136
20 3136
23 3136
18 3136
19 3136
24 3136
25 3136
17 3136
15 3136
16 3136
14 3136
13 3136
11 3136
12 3136
10 3136
8 3136
9 3136
72 3137
60 3137
64 3137
6 3137
51 3137
4 3137
5 3137
2 3137
3 3137
7 3137
1 3137
8 3137
9 3137
10 3137
11 3137
12 3137
13 3137
14 3137
15 3137
16 3137
17 3137
18 3137
19 3137
64 3138
4 3138
5 3138
72 3138
2 3138
3 3138
6 3138
7 3138
60 3138
1 3138
8 3138
9 3138
10 3138
11 3138
12 3138
13 3138
14 3138
15 3138
16 3138
17 3138
18 3138
19 3138
67 3139
10 3139
8 3139
9 3139
11 3139
7 3139
12 3139
13 3139
5 3139
6 3139
14 3139
3 3139
4 3139
15 3139
16 3139
1 3139
2 3139
17 3139
18 3139
19 3139
20 3139
21 3139
22 3139
23 3139
62 3140
7 3140
59 3140
66 3140
5 3140
8 3140
6 3140
51 3140
3 3140
4 3140
9 3140
10 3140
1 3140
2 3140
11 3140
12 3140
13 3140
14 3140
15 3140
16 3140
17 3140
18 3140
19 3140
20 3140
57 3141
26 3141
27 3141
28 3141
29 3141
30 3141
31 3141
32 3141
33 3141
34 3141
35 3141
36 3141
37 3141
61 3142
56 3142
17 3142
15 3142
16 3142
18 3142
19 3142
14 3142
20 3142
13 3142
21 3142
22 3142
11 3142
12 3142
23 3142
10 3142
24 3142
25 3142
8 3142
9 3142
7 3142
5 3142
6 3142
3 3142
4 3142
51 3143
5 3143
6 3143
60 3143
64 3143
66 3143
3 3143
4 3143
72 3143
7 3143
1 3143
2 3143
8 3143
9 3143
10 3143
11 3143
12 3143
13 3143
14 3143
15 3143
16 3143
17 3143
18 3143
19 3143
20 3143
75 3144
55 3145
69 3146
3 3146
1 3146
2 3146
4 3146
5 3146
6 3146
7 3146
8 3146
9 3146
10 3146
11 3146
12 3146
13 3146
14 3146
15 3146
16 3146
17 3146
58 3147
66 3148
5 3148
6 3148
51 3148
64 3148
3 3148
4 3148
7 3148
60 3148
1 3148
2 3148
8 3148
9 3148
10 3148
11 3148
12 3148
13 3148
14 3148
15 3148
16 3148
17 3148
18 3148
19 3148
63 3149
71 3150
52 3151
26 3151
27 3151
28 3151
29 3151
30 3151
31 3151
32 3151
33 3151
34 3151
35 3151
36 3151
37 3151
38 3151
65 3152
53 3153
10 3153
11 3153
58 3153
8 3153
9 3153
12 3153
13 3153
7 3153
14 3153
5 3153
6 3153
15 3153
16 3153
3 3153
4 3153
17 3153
1 3153
2 3153
18 3153
19 3153
20 3153
21 3153
22 3153
23 3153
24 3153
25 3153
68 3154
21 3154
20 3154
22 3154
23 3154
18 3154
19 3154
24 3154
25 3154
17 3154
15 3154
16 3154
14 3154
13 3154
11 3154
12 3154
10 3154
8 3154
9 3154
60 3155
4 3155
51 3155
69 3155
72 3155
2 3155
5 3155
66 3155
3 3155
7 3155
6 3155
64 3155
1 3155
8 3155
9 3155
10 3155
11 3155
12 3155
13 3155
14 3155
15 3155
16 3155
17 3155
18 3155
19 3155
59 3156
8 3156
62 3156
7 3156
9 3156
10 3156
5 3156
6 3156
11 3156
3 3156
4 3156
12 3156
13 3156
1 3156
2 3156
14 3156
15 3156
16 3156
17 3156
18 3156
19 3156
20 3156
21 3156
22 3156
70 3157
54 3158
69 3158
3 3158
4 3158
51 3158
60 3158
72 3158
1 3158
2 3158
5 3158
66 3158
7 3158
6 3158
8 3158
9 3158
10 3158
11 3158
12 3158
13 3158
14 3158
15 3158
16 3158
17 3158
18 3158
19 3158
73 3159
32 3159
31 3159
33 3159
30 3159
34 3159
28 3159
29 3159
35 3159
36 3159
27 3159
37 3159
26 3159
38 3159
39 3159
40 3159
41 3159
42 3159
43 3159
56 3160
61 3160
74 3161
19 3161
20 3161
17 3161
18 3161
21 3161
22 3161
15 3161
16 3161
23 3161
14 3161
24 3161
25 3161
13 3161
11 3161
12 3161
10 3161
8 3161
9 3161
7 3161
5 3161
6 3161
72 3162
60 3162
69 3162
3 3162
4 3162
51 3162
1 3162
2 3162
5 3162
66 3162
7 3162
6 3162
8 3162
9 3162
10 3162
11 3162
12 3162
13 3162
14 3162
15 3162
16 3162
17 3162
18 3162
19 3162
64 3163
6 3163
7 3163
5 3163
8 3163
3 3163
4 3163
9 3163
10 3163
1 3163
2 3163
11 3163
12 3163
13 3163
14 3163
15 3163
16 3163
17 3163
18 3163
19 3163
20 3163
67 3164
75 3164
58 3164
62 3165
9 3165
59 3165
8 3165
10 3165
7 3165
11 3165
5 3165
6 3165
12 3165
13 3165
3 3165
4 3165
14 3165
1 3165
2 3165
15 3165
16 3165
17 3165
18 3165
19 3165
20 3165
21 3165
22 3165
57 3166
25 3166
23 3166
24 3166
21 3166
22 3166
20 3166
18 3166
19 3166
17 3166
15 3166
16 3166
14 3166
13 3166
11 3166
12 3166
61 3167
56 3167
51 3168
3 3168
4 3168
60 3168
66 3168
69 3168
1 3168
2 3168
72 3168
5 3168
6 3168
7 3168
8 3168
9 3168
10 3168
11 3168
12 3168
13 3168
14 3168
15 3168
16 3168
17 3168
18 3168
19 3168
75 3169
58 3169
55 3170
69 3171
4 3171
5 3171
66 3171
2 3171
3 3171
6 3171
7 3171
51 3171
1 3171
8 3171
9 3171
10 3171
11 3171
12 3171
13 3171
14 3171
15 3171
16 3171
17 3171
18 3171
19 3171
58 3172
66 3173
4 3173
5 3173
51 3173
69 3173
2 3173
6 3173
7 3173
3 3173
60 3173
8 3173
1 3173
9 3173
10 3173
11 3173
12 3173
13 3173
14 3173
15 3173
16 3173
17 3173
18 3173
19 3173
63 3174
71 3175
52 3176
26 3176
27 3176
28 3176
29 3176
30 3176
31 3176
32 3176
33 3176
34 3176
35 3176
36 3176
37 3176
65 3177
53 3178
12 3178
11 3178
13 3178
10 3178
14 3178
8 3178
9 3178
15 3178
16 3178
7 3178
17 3178
5 3178
6 3178
18 3178
19 3178
3 3178
4 3178
20 3178
1 3178
2 3178
21 3178
22 3178
23 3178
24 3178
25 3178
68 3179
19 3179
17 3179
18 3179
20 3179
15 3179
16 3179
21 3179
22 3179
14 3179
23 3179
13 3179
24 3179
25 3179
11 3179
12 3179
10 3179
8 3179
9 3179
7 3179
5 3179
6 3179
60 3180
2 3180
3 3180
51 3180
72 3180
1 3180
4 3180
5 3180
66 3180
6 3180
7 3180
8 3180
9 3180
10 3180
11 3180
12 3180
13 3180
14 3180
15 3180
16 3180
17 3180
59 3181
10 3181
62 3181
8 3181
9 3181
11 3181
7 3181
12 3181
13 3181
5 3181
6 3181
14 3181
3 3181
4 3181
15 3181
16 3181
1 3181
2 3181
17 3181
18 3181
19 3181
20 3181
21 3181
22 3181
23 3181
70 3182
54 3182
54 3183
70 3183
73 3184
30 3184
28 3184
29 3184
31 3184
27 3184
32 3184
26 3184
33 3184
34 3184
35 3184
36 3184
37 3184
38 3184
39 3184
40 3184
56 3185
13 3185
61 3185
11 3185
12 3185
14 3185
10 3185
15 3185
16 3185
8 3185
9 3185
17 3185
7 3185
18 3185
19 3185
5 3185
6 3185
20 3185
3 3185
4 3185
21 3185
22 3185
1 3185
2 3185
23 3185
24 3185
25 3185
74 3186
17 3186
18 3186
15 3186
16 3186
19 3186
20 3186
14 3186
21 3186
22 3186
13 3186
23 3186
11 3186
12 3186
24 3186
25 3186
10 3186
8 3186
9 3186
7 3186
5 3186
6 3186
3 3186
4 3186
72 3187
60 3187
1 3187
2 3187
51 3187
4 3187
3 3187
66 3187
5 3187
6 3187
7 3187
8 3187
9 3187
10 3187
11 3187
12 3187
13 3187
14 3187
15 3187
16 3187
17 3187
64 3188
8 3188
58 3188
7 3188
9 3188
10 3188
5 3188
6 3188
11 3188
3 3188
4 3188
12 3188
13 3188
1 3188
2 3188
14 3188
15 3188
16 3188
17 3188
18 3188
19 3188
20 3188
21 3188
22 3188
67 3189
69 3189
6 3189
5 3189
7 3189
3 3189
4 3189
8 3189
1 3189
2 3189
9 3189
10 3189
11 3189
12 3189
13 3189
14 3189
15 3189
16 3189
17 3189
18 3189
19 3189
62 3190
10 3190
11 3190
59 3190
8 3190
9 3190
12 3190
13 3190
7 3190
14 3190
5 3190
6 3190
15 3190
16 3190
3 3190
4 3190
17 3190
1 3190
2 3190
18 3190
19 3190
20 3190
21 3190
22 3190
23 3190
24 3190
25 3190
57 3191
23 3191
24 3191
21 3191
22 3191
25 3191
20 3191
18 3191
19 3191
17 3191
15 3191
16 3191
14 3191
13 3191
11 3191
12 3191
10 3191
61 3192
56 3192
13 3192
11 3192
12 3192
14 3192
10 3192
15 3192
16 3192
8 3192
9 3192
17 3192
7 3192
18 3192
19 3192
5 3192
6 3192
20 3192
3 3192
4 3192
21 3192
22 3192
1 3192
2 3192
23 3192
24 3192
25 3192
51 3193
1 3193
2 3193
60 3193
66 3193
4 3193
72 3193
3 3193
5 3193
6 3193
7 3193
8 3193
9 3193
10 3193
11 3193
12 3193
13 3193
14 3193
15 3193
16 3193
17 3193
75 3194
55 3195
52 3195
24 3195
25 3195
23 3195
21 3195
22 3195
20 3195
18 3195
19 3195
17 3195
15 3195
16 3195
14 3195
13 3195
11 3195
12 3195
69 3196
6 3196
7 3196
58 3196
5 3196
8 3196
3 3196
4 3196
9 3196
10 3196
1 3196
2 3196
11 3196
12 3196
13 3196
14 3196
15 3196
16 3196
17 3196
18 3196
19 3196
20 3196
58 3197
69 3197
6 3197
7 3197
5 3197
8 3197
3 3197
4 3197
9 3197
10 3197
1 3197
2 3197
11 3197
12 3197
13 3197
14 3197
15 3197
16 3197
17 3197
18 3197
19 3197
20 3197
66 3198
2 3198
3 3198
51 3198
4 3198
5 3198
1 3198
60 3198
72 3198
6 3198
7 3198
8 3198
9 3198
10 3198
11 3198
12 3198
13 3198
14 3198
15 3198
16 3198
17 3198
63 3199
71 3200
52 3201
24 3201
25 3201
55 3201
23 3201
21 3201
22 3201
20 3201
18 3201
19 3201
17 3201
15 3201
16 3201
14 3201
13 3201
11 3201
12 3201
65 3202
53 3203
14 3203
13 3203
15 3203
16 3203
11 3203
12 3203
17 3203
10 3203
18 3203
19 3203
8 3203
9 3203
20 3203
7 3203
21 3203
22 3203
5 3203
6 3203
23 3203
3 3203
4 3203
24 3203
25 3203
1 3203
2 3203
68 3204
60 3205
1 3205
2 3205
51 3205
66 3205
72 3205
3 3205
4 3205
5 3205
6 3205
7 3205
8 3205
9 3205
10 3205
11 3205
12 3205
13 3205
14 3205
15 3205
16 3205
59 3206
12 3206
62 3206
11 3206
13 3206
10 3206
14 3206
8 3206
9 3206
15 3206
16 3206
7 3206
17 3206
5 3206
6 3206
18 3206
19 3206
3 3206
4 3206
20 3206
1 3206
2 3206
21 3206
22 3206
23 3206
24 3206
25 3206
70 3207
54 3208
73 3209
56 3210
74 3211
15 3211
16 3211
14 3211
17 3211
13 3211
18 3211
19 3211
11 3211
12 3211
20 3211
10 3211
21 3211
22 3211
8 3211
9 3211
23 3211
7 3211
24 3211
25 3211
5 3211
6 3211
3 3211
4 3211
1 3211
2 3211
72 3212
60 3212
2 3212
51 3212
66 3212
3 3212
4 3212
1 3212
5 3212
6 3212
7 3212
8 3212
9 3212
10 3212
11 3212
12 3212
13 3212
14 3212
15 3212
16 3212
64 3213
10 3213
61 3213
8 3213
9 3213
11 3213
7 3213
12 3213
13 3213
5 3213
6 3213
14 3213
3 3213
4 3213
15 3213
16 3213
1 3213
2 3213
17 3213
18 3213
19 3213
20 3213
21 3213
22 3213
23 3213
67 3214
62 3215
12 3215
59 3215
11 3215
13 3215
10 3215
14 3215
8 3215
9 3215
15 3215
16 3215
7 3215
17 3215
5 3215
6 3215
18 3215
19 3215
3 3215
4 3215
20 3215
1 3215
2 3215
21 3215
22 3215
23 3215
24 3215
25 3215
57 3216
22 3216
20 3216
21 3216
23 3216
18 3216
19 3216
24 3216
25 3216
17 3216
15 3216
16 3216
14 3216
13 3216
11 3216
12 3216
10 3216
8 3216
9 3216
61 3217
64 3217
56 3217
11 3217
10 3217
12 3217
13 3217
8 3217
9 3217
14 3217
7 3217
15 3217
16 3217
5 3217
6 3217
17 3217
3 3217
4 3217
18 3217
19 3217
1 3217
2 3217
20 3217
21 3217
22 3217
23 3217
24 3217
25 3217
51 3218
2 3218
3 3218
60 3218
66 3218
4 3218
5 3218
72 3218
1 3218
6 3218
7 3218
8 3218
9 3218
10 3218
11 3218
12 3218
13 3218
14 3218
15 3218
16 3218
17 3218
75 3219
55 3220
52 3220
22 3220
23 3220
20 3220
21 3220
24 3220
25 3220
18 3220
19 3220
17 3220
15 3220
16 3220
14 3220
13 3220
11 3220
12 3220
10 3220
8 3220
9 3220
69 3221
8 3221
9 3221
7 3221
10 3221
5 3221
6 3221
11 3221
3 3221
4 3221
12 3221
13 3221
1 3221
2 3221
14 3221
15 3221
16 3221
17 3221
18 3221
19 3221
20 3221
21 3221
22 3221
58 3222
66 3223
1 3223
2 3223
51 3223
4 3223
3 3223
60 3223
5 3223
6 3223
7 3223
8 3223
9 3223
10 3223
11 3223
12 3223
13 3223
14 3223
15 3223
16 3223
17 3223
63 3224
71 3225
52 3226
22 3226
23 3226
55 3226
20 3226
21 3226
24 3226
25 3226
18 3226
19 3226
17 3226
15 3226
16 3226
14 3226
13 3226
11 3226
12 3226
10 3226
8 3226
9 3226
65 3227
53 3228
16 3228
14 3228
15 3228
17 3228
13 3228
18 3228
19 3228
11 3228
12 3228
20 3228
10 3228
21 3228
22 3228
8 3228
9 3228
23 3228
7 3228
24 3228
25 3228
5 3228
6 3228
3 3228
4 3228
1 3228
2 3228
68 3229
60 3230
3 3230
4 3230
51 3230
72 3230
1 3230
2 3230
5 3230
66 3230
58 3230
6 3230
7 3230
8 3230
9 3230
10 3230
11 3230
12 3230
13 3230
14 3230
15 3230
16 3230
17 3230
59 3231
62 3231
14 3231
74 3231
13 3231
15 3231
16 3231
11 3231
12 3231
17 3231
10 3231
18 3231
19 3231
8 3231
9 3231
20 3231
7 3231
21 3231
22 3231
5 3231
6 3231
23 3231
3 3231
4 3231
24 3231
25 3231
1 3231
2 3231
70 3232
54 3233
58 3233
72 3233
4 3233
60 3233
2 3233
5 3233
3 3233
51 3233
6 3233
7 3233
1 3233
8 3233
9 3233
10 3233
11 3233
12 3233
13 3233
14 3233
15 3233
16 3233
17 3233
73 3234
56 3235
10 3235
69 3235
8 3235
11 3235
9 3235
7 3235
12 3235
13 3235
5 3235
6 3235
14 3235
3 3235
4 3235
15 3235
16 3235
1 3235
2 3235
17 3235
18 3235
19 3235
20 3235
21 3235
22 3235
23 3235
74 3236
14 3236
62 3236
13 3236
15 3236
16 3236
59 3236
11 3236
12 3236
17 3236
10 3236
18 3236
19 3236
8 3236
9 3236
20 3236
7 3236
21 3236
22 3236
5 3236
6 3236
23 3236
3 3236
4 3236
24 3236
25 3236
1 3236
2 3236
72 3237
60 3237
4 3237
51 3237
2 3237
5 3237
3 3237
58 3237
66 3237
6 3237
7 3237
1 3237
8 3237
9 3237
10 3237
11 3237
12 3237
13 3237
14 3237
15 3237
16 3237
17 3237
64 3238
12 3238
11 3238
13 3238
10 3238
14 3238
8 3238
9 3238
15 3238
16 3238
7 3238
17 3238
5 3238
6 3238
18 3238
19 3238
3 3238
4 3238
20 3238
1 3238
2 3238
21 3238
22 3238
23 3238
24 3238
25 3238
67 3239
62 3240
59 3240
57 3241
20 3241
18 3241
19 3241
21 3241
22 3241
17 3241
23 3241
15 3241
16 3241
24 3241
25 3241
14 3241
13 3241
11 3241
12 3241
10 3241
8 3241
9 3241
7 3241
61 3242
51 3243
4 3243
60 3243
66 3243
2 3243
5 3243
72 3243
3 3243
58 3243
6 3243
7 3243
1 3243
8 3243
9 3243
10 3243
11 3243
12 3243
13 3243
14 3243
15 3243
16 3243
17 3243
18 3243
19 3243
75 3244
55 3245
21 3245
52 3245
20 3245
22 3245
23 3245
18 3245
19 3245
24 3245
25 3245
17 3245
15 3245
16 3245
14 3245
13 3245
11 3245
12 3245
10 3245
8 3245
9 3245
69 3246
10 3246
11 3246
8 3246
9 3246
12 3246
13 3246
7 3246
14 3246
5 3246
6 3246
15 3246
16 3246
3 3246
4 3246
17 3246
1 3246
2 3246
18 3246
19 3246
20 3246
21 3246
22 3246
23 3246
24 3246
25 3246
58 3247
66 3248
3 3248
4 3248
51 3248
1 3248
2 3248
5 3248
60 3248
6 3248
7 3248
8 3248
9 3248
10 3248
11 3248
12 3248
13 3248
14 3248
15 3248
16 3248
17 3248
18 3248
19 3248
63 3249
71 3250
52 3251
20 3251
21 3251
55 3251
18 3251
19 3251
22 3251
23 3251
17 3251
24 3251
25 3251
15 3251
16 3251
14 3251
13 3251
11 3251
12 3251
10 3251
8 3251
9 3251
7 3251
65 3252
53 3253
18 3253
57 3253
17 3253
19 3253
20 3253
15 3253
16 3253
21 3253
22 3253
14 3253
23 3253
13 3253
24 3253
25 3253
11 3253
12 3253
10 3253
8 3253
9 3253
7 3253
5 3253
6 3253
68 3254
64 3254
60 3255
5 3255
6 3255
51 3255
72 3255
3 3255
4 3255
7 3255
66 3255
1 3255
2 3255
8 3255
9 3255
10 3255
11 3255
12 3255
13 3255
14 3255
15 3255
16 3255
17 3255
18 3255
19 3255
59 3256
62 3256
63 3256
70 3257
54 3258
73 3259
56 3260
8 3260
7 3260
9 3260
10 3260
5 3260
6 3260
11 3260
3 3260
4 3260
12 3260
13 3260
1 3260
2 3260
14 3260
15 3260
16 3260
17 3260
18 3260
19 3260
20 3260
21 3260
22 3260
74 3261
12 3261
69 3261
13 3261
11 3261
14 3261
10 3261
15 3261
16 3261
8 3261
9 3261
17 3261
7 3261
18 3261
19 3261
5 3261
6 3261
20 3261
3 3261
4 3261
21 3261
22 3261
1 3261
2 3261
23 3261
24 3261
25 3261
72 3262
6 3262
60 3262
5 3262
7 3262
51 3262
3 3262
4 3262
8 3262
1 3262
2 3262
9 3262
10 3262
11 3262
12 3262
13 3262
14 3262
15 3262
16 3262
17 3262
18 3262
19 3262
64 3263
67 3264
58 3264
62 3265
59 3265
57 3266
18 3266
53 3266
17 3266
20 3266
19 3266
15 3266
16 3266
21 3266
22 3266
14 3266
23 3266
13 3266
24 3266
25 3266
11 3266
12 3266
10 3266
8 3266
9 3266
7 3266
5 3266
6 3266
61 3267
72 3267
7 3267
56 3267
60 3267
5 3267
8 3267
6 3267
51 3267
3 3267
4 3267
9 3267
10 3267
66 3267
1 3267
2 3267
11 3267
12 3267
13 3267
14 3267
15 3267
16 3267
17 3267
18 3267
19 3267
20 3267
51 3268
5 3268
6 3268
60 3268
66 3268
3 3268
4 3268
7 3268
56 3268
72 3268
1 3268
2 3268
8 3268
9 3268
10 3268
11 3268
12 3268
13 3268
14 3268
15 3268
16 3268
17 3268
18 3268
19 3268
20 3268
75 3269
55 3270
19 3270
52 3270
17 3270
18 3270
20 3270
53 3270
15 3270
16 3270
21 3270
22 3270
14 3270
23 3270
13 3270
24 3270
25 3270
11 3270
12 3270
10 3270
8 3270
9 3270
7 3270
5 3270
6 3270
69 3271
12 3271
13 3271
11 3271
14 3271
10 3271
15 3271
16 3271
8 3271
9 3271
17 3271
7 3271
18 3271
19 3271
5 3271
6 3271
20 3271
3 3271
4 3271
21 3271
22 3271
1 3271
2 3271
23 3271
24 3271
25 3271
58 3272
66 3273
5 3273
6 3273
51 3273
3 3273
4 3273
7 3273
56 3273
60 3273
1 3273
2 3273
8 3273
9 3273
10 3273
11 3273
12 3273
13 3273
14 3273
15 3273
16 3273
17 3273
18 3273
19 3273
20 3273
63 3274
71 3275
52 3276
18 3276
19 3276
55 3276
17 3276
20 3276
15 3276
16 3276
21 3276
22 3276
14 3276
23 3276
13 3276
24 3276
25 3276
11 3276
12 3276
10 3276
8 3276
9 3276
7 3276
5 3276
6 3276
65 3277
53 3278
19 3278
20 3278
17 3278
18 3278
21 3278
22 3278
15 3278
16 3278
23 3278
14 3278
24 3278
25 3278
13 3278
11 3278
12 3278
10 3278
8 3278
9 3278
7 3278
5 3278
6 3278
68 3279
74 3279
60 3280
7 3280
8 3280
51 3280
72 3280
5 3280
6 3280
9 3280
10 3280
66 3280
3 3280
4 3280
11 3280
1 3280
2 3280
12 3280
13 3280
14 3280
15 3280
16 3280
17 3280
18 3280
19 3280
20 3280
21 3280
22 3280
59 3281
62 3281
70 3282
54 3283
73 3284
56 3285
6 3285
61 3285
5 3285
7 3285
3 3285
4 3285
8 3285
1 3285
2 3285
9 3285
10 3285
11 3285
12 3285
13 3285
14 3285
15 3285
16 3285
17 3285
18 3285
19 3285
74 3286
68 3286
72 3287
8 3287
60 3287
9 3287
10 3287
7 3287
51 3287
11 3287
5 3287
6 3287
12 3287
13 3287
3 3287
4 3287
14 3287
1 3287
2 3287
15 3287
16 3287
17 3287
18 3287
19 3287
20 3287
21 3287
22 3287
64 3288
67 3289
62 3290
59 3290
57 3291
16 3291
14 3291
15 3291
17 3291
13 3291
18 3291
19 3291
11 3291
12 3291
20 3291
10 3291
21 3291
22 3291
8 3291
9 3291
23 3291
7 3291
24 3291
25 3291
5 3291
6 3291
3 3291
4 3291
1 3291
2 3291
61 3292
51 3293
7 3293
8 3293
60 3293
66 3293
5 3293
6 3293
10 3293
9 3293
72 3293
3 3293
4 3293
11 3293
1 3293
2 3293
12 3293
13 3293
14 3293
15 3293
16 3293
17 3293
18 3293
19 3293
20 3293
21 3293
22 3293
75 3294
55 3295
17 3295
52 3295
64 3295
15 3295
16 3295
19 3295
18 3295
14 3295
20 3295
13 3295
21 3295
22 3295
11 3295
12 3295
23 3295
10 3295
24 3295
25 3295
8 3295
9 3295
7 3295
5 3295
6 3295
3 3295
4 3295
69 3296
14 3296
15 3296
13 3296
16 3296
17 3296
11 3296
12 3296
18 3296
19 3296
10 3296
20 3296
8 3296
9 3296
21 3296
22 3296
7 3296
23 3296
5 3296
6 3296
24 3296
25 3296
3 3296
4 3296
1 3296
2 3296
58 3297
66 3298
7 3298
8 3298
51 3298
5 3298
6 3298
10 3298
9 3298
60 3298
3 3298
4 3298
11 3298
1 3298
2 3298
12 3298
13 3298
14 3298
15 3298
16 3298
17 3298
18 3298
19 3298
20 3298
21 3298
22 3298
63 3299
71 3300
52 3301
16 3301
17 3301
55 3301
14 3301
15 3301
18 3301
19 3301
13 3301
20 3301
11 3301
12 3301
21 3301
22 3301
10 3301
23 3301
8 3301
9 3301
24 3301
25 3301
7 3301
5 3301
6 3301
3 3301
4 3301
1 3301
2 3301
65 3302
53 3303
21 3303
22 3303
20 3303
23 3303
18 3303
19 3303
24 3303
25 3303
17 3303
15 3303
16 3303
14 3303
13 3303
11 3303
12 3303
10 3303
8 3303
9 3303
68 3304
51 3304
8 3304
9 3304
60 3304
66 3304
74 3304
7 3304
10 3304
72 3304
5 3304
6 3304
11 3304
3 3304
4 3304
12 3304
13 3304
1 3304
2 3304
14 3304
15 3304
16 3304
17 3304
18 3304
19 3304
20 3304
21 3304
22 3304
23 3304
60 3305
9 3305
10 3305
51 3305
72 3305
11 3305
8 3305
66 3305
68 3305
74 3305
12 3305
13 3305
7 3305
14 3305
5 3305
6 3305
15 3305
16 3305
3 3305
4 3305
17 3305
1 3305
2 3305
18 3305
19 3305
20 3305
21 3305
22 3305
23 3305
59 3306
62 3306
70 3307
63 3307
54 3308
73 3309
56 3310
74 3311
66 3311
8 3311
9 3311
51 3311
7 3311
10 3311
60 3311
68 3311
5 3311
6 3311
11 3311
3 3311
4 3311
12 3311
13 3311
1 3311
2 3311
14 3311
15 3311
16 3311
17 3311
18 3311
19 3311
20 3311
21 3311
22 3311
72 3312
10 3312
60 3312
8 3312
11 3312
9 3312
51 3312
7 3312
12 3312
13 3312
5 3312
6 3312
14 3312
3 3312
4 3312
15 3312
16 3312
1 3312
2 3312
17 3312
18 3312
19 3312
20 3312
21 3312
22 3312
23 3312
64 3313
67 3314
62 3315
59 3315
57 3316
61 3317
51 3318
9 3318
10 3318
60 3318
66 3318
8 3318
11 3318
72 3318
7 3318
12 3318
13 3318
5 3318
6 3318
14 3318
3 3318
4 3318
15 3318
16 3318
1 3318
2 3318
17 3318
18 3318
19 3318
20 3318
21 3318
22 3318
23 3318
24 3318
25 3318
75 3319
73 3319
55 3320
15 3320
52 3320
14 3320
17 3320
16 3320
69 3320
13 3320
18 3320
19 3320
11 3320
12 3320
20 3320
10 3320
21 3320
22 3320
8 3320
9 3320
23 3320
7 3320
24 3320
25 3320
5 3320
6 3320
3 3320
4 3320
1 3320
2 3320
69 3321
16 3321
17 3321
14 3321
15 3321
18 3321
19 3321
13 3321
20 3321
11 3321
12 3321
21 3321
22 3321
10 3321
23 3321
8 3321
9 3321
24 3321
25 3321
7 3321
5 3321
6 3321
3 3321
4 3321
1 3321
2 3321
58 3322
66 3323
9 3323
10 3323
51 3323
8 3323
11 3323
60 3323
7 3323
12 3323
13 3323
5 3323
6 3323
14 3323
3 3323
4 3323
15 3323
16 3323
1 3323
2 3323
17 3323
18 3323
19 3323
20 3323
21 3323
22 3323
23 3323
63 3324
54 3324
71 3325
52 3326
14 3326
15 3326
55 3326
13 3326
16 3326
17 3326
11 3326
12 3326
18 3326
19 3326
10 3326
20 3326
8 3326
9 3326
21 3326
22 3326
7 3326
23 3326
5 3326
6 3326
24 3326
25 3326
3 3326
4 3326
1 3326
2 3326
65 3327
53 3328
23 3328
24 3328
21 3328
22 3328
25 3328
20 3328
18 3328
19 3328
17 3328
15 3328
16 3328
14 3328
13 3328
11 3328
12 3328
10 3328
68 3329
67 3329
74 3329
58 3329
60 3330
11 3330
12 3330
51 3330
72 3330
13 3330
10 3330
66 3330
14 3330
8 3330
9 3330
15 3330
16 3330
7 3330
17 3330
5 3330
6 3330
18 3330
19 3330
3 3330
4 3330
20 3330
1 3330
2 3330
21 3330
22 3330
23 3330
24 3330
25 3330
59 3331
62 3331
70 3332
54 3333
73 3334
64 3334
56 3335
74 3336
58 3336
72 3337
12 3337
60 3337
13 3337
11 3337
51 3337
14 3337
10 3337
15 3337
16 3337
8 3337
9 3337
17 3337
7 3337
18 3337
19 3337
5 3337
6 3337
20 3337
3 3337
4 3337
21 3337
22 3337
1 3337
2 3337
23 3337
24 3337
25 3337
64 3338
73 3338
67 3339
68 3339
62 3340
59 3340
57 3341
54 3341
61 3342
51 3343
11 3343
12 3343
60 3343
66 3343
10 3343
13 3343
72 3343
8 3343
9 3343
14 3343
7 3343
15 3343
16 3343
5 3343
6 3343
17 3343
3 3343
4 3343
18 3343
19 3343
1 3343
2 3343
20 3343
21 3343
22 3343
23 3343
24 3343
25 3343
75 3344
55 3345
13 3345
52 3345
60 3345
72 3345
11 3345
14 3345
12 3345
51 3345
10 3345
15 3345
16 3345
66 3345
8 3345
9 3345
17 3345
7 3345
18 3345
19 3345
5 3345
6 3345
20 3345
3 3345
4 3345
21 3345
22 3345
1 3345
2 3345
23 3345
24 3345
25 3345
69 3346
18 3346
17 3346
19 3346
20 3346
15 3346
16 3346
21 3346
22 3346
14 3346
23 3346
13 3346
24 3346
25 3346
11 3346
12 3346
10 3346
8 3346
9 3346
7 3346
5 3346
6 3346
58 3347
68 3347
66 3348
11 3348
51 3348
57 3348
10 3348
13 3348
12 3348
60 3348
8 3348
9 3348
14 3348
52 3348
55 3348
72 3348
7 3348
15 3348
16 3348
5 3348
6 3348
17 3348
3 3348
4 3348
18 3348
19 3348
1 3348
2 3348
20 3348
21 3348
22 3348
23 3348
24 3348
25 3348
63 3349
71 3350
52 3351
13 3351
51 3351
55 3351
60 3351
11 3351
14 3351
66 3351
12 3351
72 3351
10 3351
15 3351
16 3351
8 3351
9 3351
17 3351
7 3351
18 3351
19 3351
5 3351
6 3351
20 3351
3 3351
4 3351
21 3351
22 3351
1 3351
2 3351
23 3351
24 3351
25 3351
65 3352
53 3353
25 3353
23 3353
24 3353
21 3353
22 3353
20 3353
18 3353
19 3353
17 3353
15 3353
16 3353
14 3353
13 3353
11 3353
12 3353
68 3354
60 3355
13 3355
51 3355
52 3355
55 3355
72 3355
11 3355
66 3355
12 3355
14 3355
10 3355
15 3355
16 3355
8 3355
9 3355
17 3355
7 3355
18 3355
19 3355
5 3355
6 3355
20 3355
3 3355
4 3355
21 3355
22 3355
1 3355
2 3355
23 3355
24 3355
25 3355
59 3356
62 3356
75 3356
70 3357
54 3358
73 3359
56 3360
74 3361
72 3362
14 3362
60 3362
15 3362
16 3362
13 3362
51 3362
17 3362
11 3362
12 3362
18 3362
19 3362
10 3362
20 3362
8 3362
9 3362
21 3362
22 3362
7 3362
23 3362
5 3362
6 3362
24 3362
25 3362
3 3362
4 3362
1 3362
2 3362
64 3363
65 3363
67 3364
62 3365
59 3365
75 3365
57 3366
61 3367
51 3368
13 3368
14 3368
60 3368
66 3368
11 3368
12 3368
15 3368
16 3368
72 3368
10 3368
17 3368
8 3368
9 3368
18 3368
19 3368
7 3368
20 3368
5 3368
6 3368
21 3368
22 3368
3 3368
4 3368
23 3368
1 3368
2 3368
24 3368
25 3368
75 3369
62 3369
59 3369
55 3370
11 3370
52 3370
10 3370
13 3370
12 3370
8 3370
9 3370
14 3370
7 3370
15 3370
16 3370
5 3370
6 3370
17 3370
3 3370
4 3370
18 3370
19 3370
1 3370
2 3370
20 3370
21 3370
22 3370
23 3370
24 3370
25 3370
69 3371
20 3371
18 3371
19 3371
21 3371
22 3371
17 3371
23 3371
15 3371
16 3371
24 3371
25 3371
14 3371
13 3371
11 3371
12 3371
10 3371
8 3371
9 3371
7 3371
58 3372
66 3373
13 3373
51 3373
11 3373
12 3373
14 3373
60 3373
10 3373
16 3373
15 3373
72 3373
8 3373
9 3373
17 3373
7 3373
18 3373
19 3373
5 3373
6 3373
20 3373
3 3373
4 3373
21 3373
22 3373
1 3373
2 3373
23 3373
24 3373
25 3373
63 3374
71 3375
52 3376
11 3376
55 3376
12 3376
13 3376
10 3376
14 3376
8 3376
9 3376
15 3376
16 3376
7 3376
17 3376
5 3376
6 3376
18 3376
19 3376
3 3376
4 3376
20 3376
1 3376
2 3376
21 3376
22 3376
23 3376
24 3376
25 3376
65 3377
53 3378
26 3378
27 3378
28 3378
29 3378
30 3378
31 3378
32 3378
33 3378
34 3378
35 3378
36 3378
37 3378
38 3378
68 3379
56 3379
61 3379
60 3380
15 3380
51 3380
72 3380
17 3380
14 3380
66 3380
16 3380
18 3380
19 3380
13 3380
20 3380
11 3380
12 3380
21 3380
22 3380
10 3380
23 3380
8 3380
9 3380
24 3380
25 3380
7 3380
5 3380
6 3380
3 3380
4 3380
1 3380
2 3380
59 3381
62 3381
75 3381
70 3382
54 3383
73 3383
73 3384
54 3384
56 3385
68 3385
74 3386
72 3387
16 3387
60 3387
14 3387
17 3387
15 3387
51 3387
13 3387
18 3387
19 3387
66 3387
11 3387
12 3387
20 3387
10 3387
21 3387
22 3387
8 3387
9 3387
23 3387
7 3387
24 3387
25 3387
5 3387
6 3387
3 3387
4 3387
1 3387
2 3387
64 3388
67 3389
62 3390
59 3390
75 3390
57 3391
61 3392
51 3393
15 3393
16 3393
60 3393
66 3393
73 3393
14 3393
17 3393
72 3393
54 3393
13 3393
18 3393
19 3393
11 3393
12 3393
20 3393
10 3393
21 3393
22 3393
8 3393
9 3393
23 3393
7 3393
24 3393
25 3393
5 3393
6 3393
3 3393
4 3393
1 3393
2 3393
75 3394
62 3394
59 3394
55 3395
9 3395
10 3395
8 3395
11 3395
7 3395
12 3395
13 3395
5 3395
6 3395
14 3395
3 3395
4 3395
15 3395
16 3395
1 3395
2 3395
17 3395
18 3395
19 3395
20 3395
21 3395
22 3395
23 3395
69 3396
22 3396
20 3396
21 3396
23 3396
18 3396
19 3396
24 3396
25 3396
17 3396
15 3396
16 3396
14 3396
13 3396
11 3396
12 3396
10 3396
8 3396
9 3396
58 3397
66 3398
15 3398
51 3398
73 3398
14 3398
17 3398
16 3398
60 3398
13 3398
18 3398
19 3398
11 3398
12 3398
20 3398
10 3398
21 3398
22 3398
8 3398
9 3398
23 3398
7 3398
24 3398
25 3398
5 3398
6 3398
3 3398
4 3398
1 3398
2 3398
63 3399
71 3400
52 3401
9 3401
8 3401
10 3401
7 3401
11 3401
5 3401
6 3401
12 3401
13 3401
3 3401
4 3401
14 3401
1 3401
2 3401
15 3401
16 3401
17 3401
18 3401
19 3401
20 3401
21 3401
22 3401
65 3402
53 3403
28 3403
29 3403
27 3403
30 3403
26 3403
31 3403
32 3403
33 3403
34 3403
35 3403
36 3403
37 3403
38 3403
39 3403
68 3404
74 3404
60 3405
17 3405
51 3405
72 3405
15 3405
18 3405
19 3405
16 3405
66 3405
20 3405
14 3405
21 3405
22 3405
13 3405
23 3405
11 3405
12 3405
24 3405
25 3405
10 3405
8 3405
9 3405
7 3405
5 3405
6 3405
3 3405
4 3405
1 3405
2 3405
59 3406
62 3406
75 3406
70 3407
54 3408
73 3409
56 3410
61 3410
74 3411
68 3411
72 3412
18 3412
60 3412
19 3412
20 3412
17 3412
51 3412
21 3412
22 3412
15 3412
16 3412
66 3412
23 3412
14 3412
24 3412
25 3412
13 3412
11 3412
12 3412
10 3412
8 3412
9 3412
7 3412
5 3412
6 3412
3 3412
4 3412
64 3413
67 3414
62 3415
59 3415
75 3415
57 3416
61 3417
56 3417
51 3418
17 3418
60 3418
66 3418
15 3418
16 3418
19 3418
18 3418
72 3418
14 3418
20 3418
13 3418
21 3418
22 3418
11 3418
12 3418
23 3418
10 3418
24 3418
25 3418
8 3418
9 3418
7 3418
5 3418
6 3418
3 3418
4 3418
75 3419
62 3419
59 3419
55 3420
7 3420
8 3420
5 3420
6 3420
9 3420
10 3420
3 3420
4 3420
11 3420
1 3420
2 3420
12 3420
13 3420
14 3420
15 3420
16 3420
17 3420
18 3420
19 3420
20 3420
21 3420
22 3420
69 3421
24 3421
23 3421
25 3421
21 3421
22 3421
20 3421
18 3421
19 3421
17 3421
15 3421
16 3421
14 3421
13 3421
11 3421
12 3421
58 3422
73 3422
67 3422
66 3423
51 3423
18 3423
60 3423
17 3423
19 3423
20 3423
72 3423
15 3423
16 3423
21 3423
22 3423
14 3423
23 3423
13 3423
24 3423
25 3423
11 3423
12 3423
10 3423
8 3423
9 3423
7 3423
5 3423
6 3423
63 3424
74 3424
71 3425
52 3426
7 3426
56 3426
5 3426
6 3426
8 3426
61 3426
3 3426
4 3426
9 3426
10 3426
1 3426
2 3426
11 3426
12 3426
13 3426
14 3426
15 3426
16 3426
17 3426
18 3426
19 3426
20 3426
65 3427
53 3428
30 3428
28 3428
29 3428
31 3428
27 3428
32 3428
26 3428
33 3428
34 3428
35 3428
36 3428
37 3428
38 3428
39 3428
40 3428
68 3429
60 3430
19 3430
51 3430
72 3430
17 3430
20 3430
18 3430
15 3430
16 3430
21 3430
22 3430
14 3430
23 3430
13 3430
24 3430
25 3430
11 3430
12 3430
10 3430
8 3430
9 3430
7 3430
5 3430
6 3430
59 3431
62 3431
75 3431
70 3432
54 3433
73 3434
58 3434
56 3435
61 3435
74 3436
72 3437
20 3437
60 3437
18 3437
21 3437
22 3437
19 3437
51 3437
23 3437
17 3437
24 3437
25 3437
15 3437
16 3437
14 3437
13 3437
11 3437
12 3437
10 3437
8 3437
9 3437
7 3437
5 3437
6 3437
64 3438
67 3439
62 3440
59 3440
75 3440
57 3441
61 3442
56 3442
51 3443
19 3443
60 3443
66 3443
17 3443
18 3443
20 3443
72 3443
15 3443
16 3443
21 3443
22 3443
14 3443
23 3443
13 3443
24 3443
25 3443
11 3443
12 3443
10 3443
8 3443
9 3443
7 3443
5 3443
6 3443
75 3444
62 3444
59 3444
55 3445
5 3445
6 3445
3 3445
4 3445
7 3445
1 3445
2 3445
8 3445
9 3445
10 3445
11 3445
12 3445
13 3445
14 3445
15 3445
16 3445
17 3445
18 3445
19 3445
69 3446
58 3447
66 3448
63 3449
71 3450
67 3450
52 3451
74 3451
65 3452
58 3452
53 3453
32 3453
31 3453
33 3453
30 3453
34 3453
28 3453
29 3453
35 3453
36 3453
27 3453
37 3453
26 3453
38 3453
39 3453
40 3453
41 3453
42 3453
43 3453
68 3454
60 3455
21 3455
51 3455
72 3455
20 3455
22 3455
23 3455
66 3455
18 3455
19 3455
24 3455
25 3455
17 3455
15 3455
16 3455
14 3455
13 3455
11 3455
12 3455
10 3455
8 3455
9 3455
59 3456
62 3456
75 3456
70 3457
54 3458
73 3459
61 3459
56 3459
56 3460
61 3460
73 3460
74 3461
72 3462
21 3462
22 3462
60 3462
20 3462
23 3462
51 3462
18 3462
19 3462
24 3462
25 3462
17 3462
15 3462
16 3462
14 3462
13 3462
11 3462
12 3462
10 3462
8 3462
9 3462
64 3463
67 3464
62 3465
59 3465
75 3465
57 3466
63 3466
61 3467
56 3467
73 3467
51 3468
60 3468
72 3468
22 3468
20 3468
21 3468
23 3468
18 3468
19 3468
24 3468
25 3468
17 3468
15 3468
16 3468
14 3468
13 3468
11 3468
12 3468
10 3468
8 3468
9 3468
75 3469
62 3469
59 3469
55 3470
4 3470
2 3470
3 3470
5 3470
1 3470
6 3470
7 3470
8 3470
9 3470
10 3470
11 3470
12 3470
13 3470
14 3470
15 3470
16 3470
17 3470
69 3471
27 3471
26 3471
28 3471
29 3471
30 3471
31 3471
32 3471
33 3471
34 3471
35 3471
36 3471
37 3471
38 3471
58 3472
66 3473
63 3474
57 3474
71 3475
52 3476
63 3476
65 3477
53 3478
34 3478
33 3478
35 3478
36 3478
32 3478
37 3478
31 3478
38 3478
30 3478
39 3478
28 3478
29 3478
40 3478
27 3478
41 3478
42 3478
26 3478
43 3478
44 3478
45 3478
68 3479
60 3480
51 3480
72 3480
23 3480
21 3480
22 3480
24 3480
25 3480
20 3480
18 3480
19 3480
17 3480
15 3480
16 3480
14 3480
13 3480
11 3480
12 3480
10 3480
59 3481
62 3481
75 3481
70 3482
54 3483
73 3484
56 3485
61 3485
65 3485
74 3486
73 3486
72 3487
23 3487
24 3487
60 3487
21 3487
22 3487
25 3487
51 3487
20 3487
18 3487
19 3487
17 3487
15 3487
16 3487
14 3487
13 3487
11 3487
12 3487
10 3487
64 3488
67 3489
62 3490
59 3490
75 3490
57 3491
61 3492
56 3492
65 3492
71 3492
51 3493
60 3493
72 3493
24 3493
23 3493
25 3493
21 3493
22 3493
20 3493
18 3493
19 3493
17 3493
15 3493
16 3493
14 3493
13 3493
11 3493
12 3493
75 3494
59 3494
62 3494
55 3495
2 3495
1 3495
3 3495
4 3495
5 3495
6 3495
7 3495
8 3495
9 3495
10 3495
11 3495
12 3495
13 3495
14 3495
15 3495
16 3495
69 3496
58 3497
66 3498
63 3499
71 3500
52 3501
65 3502
53 3503
36 3503
34 3503
35 3503
37 3503
33 3503
38 3503
32 3503
39 3503
31 3503
40 3503
30 3503
41 3503
42 3503
28 3503
29 3503
43 3503
27 3503
44 3503
26 3503
45 3503
46 3503
68 3504
60 3505
51 3505
72 3505
25 3505
23 3505
24 3505
21 3505
22 3505
20 3505
18 3505
19 3505
17 3505
15 3505
16 3505
14 3505
13 3505
11 3505
12 3505
59 3506
62 3506
75 3506
70 3507
54 3508
73 3509
56 3510
61 3510
74 3511
72 3512
60 3512
51 3512
64 3513
67 3514
62 3515
59 3515
75 3515
57 3516
61 3517
56 3517
51 3518
60 3518
72 3518
75 3519
55 3520
2 3520
1 3520
3 3520
4 3520
5 3520
6 3520
7 3520
8 3520
9 3520
10 3520
11 3520
12 3520
13 3520
14 3520
15 3520
16 3520
69 3521
58 3522
66 3523
63 3524
71 3525
68 3525
74 3525
65 3525
52 3526
65 3527
53 3528
38 3528
37 3528
39 3528
35 3528
36 3528
40 3528
34 3528
41 3528
42 3528
33 3528
43 3528
32 3528
44 3528
31 3528
45 3528
30 3528
46 3528
28 3528
29 3528
47 3528
48 3528
27 3528
49 3528
68 3529
71 3529
60 3530
51 3530
72 3530
59 3531
62 3531
70 3532
54 3533
73 3534
57 3534
56 3535
61 3535
74 3536
72 3537
60 3537
51 3537
64 3538
67 3539
62 3540
59 3540
57 3541
61 3542
56 3542
51 3543
60 3543
66 3543
72 3543
75 3544
37 3544
35 3544
36 3544
38 3544
34 3544
39 3544
33 3544
40 3544
32 3544
41 3544
42 3544
31 3544
43 3544
30 3544
44 3544
28 3544
29 3544
45 3544
27 3544
46 3544
26 3544
47 3544
48 3544
55 3545
4 3545
2 3545
3 3545
5 3545
1 3545
6 3545
7 3545
8 3545
9 3545
10 3545
11 3545
12 3545
13 3545
14 3545
15 3545
16 3545
17 3545
69 3546
58 3547
66 3548
63 3549
71 3550
52 3551
65 3552
53 3553
68 3554
60 3555
51 3555
54 3555
72 3555
59 3556
62 3556
70 3557
54 3558
60 3558
51 3558
72 3558
73 3559
56 3560
61 3560
74 3561
72 3562
60 3562
51 3562
54 3562
64 3563
67 3564
62 3565
59 3565
57 3566
61 3567
56 3567
51 3568
60 3568
54 3568
72 3568
75 3569
39 3569
38 3569
40 3569
37 3569
41 3569
42 3569
35 3569
36 3569
43 3569
34 3569
44 3569
33 3569
45 3569
32 3569
46 3569
31 3569
47 3569
48 3569
30 3569
49 3569
28 3569
29 3569
50 3569
55 3570
65 3570
52 3570
69 3571
58 3572
66 3573
63 3574
71 3575
52 3575
55 3575
52 3576
71 3576
55 3576
65 3577
53 3578
68 3579
60 3580
51 3580
54 3580
72 3580
59 3581
62 3581
70 3582
54 3583
60 3583
51 3583
72 3583
73 3584
56 3585
61 3585
74 3586
72 3587
60 3587
51 3587
54 3587
64 3588
67 3589
62 3590
59 3590
57 3591
61 3592
56 3592
51 3593
60 3593
54 3593
72 3593
75 3594
41 3594
40 3594
42 3594
43 3594
39 3594
44 3594
38 3594
45 3594
37 3594
46 3594
35 3594
36 3594
47 3594
48 3594
34 3594
49 3594
33 3594
50 3594
32 3594
31 3594
55 3595
69 3596
58 3597
66 3598
63 3599