48 1441
58 1441
64 1441
46 1441
64 1441
47 1441
61 1441
66 1441
40 1441
43 1441
34 1441
37 1441
53 1441
39 1444
54 1444
40 1444
43 1444
59 1444
34 1444
37 1444
53 1444
46 1444
49 1444
64 1444
27 1444
30 1444
0 1445
70 1445
25 1445
20 1445
23 1445
17 1445
20 1445
63 1445
14 1445
17 1445
13 1445
22 1458
63 1458
17 1458
20 1458
20 1458
63 1458
21 1458
0 1458
23 1458
14 1458
17 1458
13 1458
68 1458
10 1458
56 1459
27 1459
30 1459
34 1459
37 1459
58 1461
64 1461
64 1461
40 1461
43 1461
54 1461
46 1461
49 1461
66 1461
34 1461
37 1461
56 1465
70 1465
70 1465
27 1465
30 1465
34 1465
37 1465
61 1467
61 1467
21 1478
63 1478
22 1478
23 1478
63 1478
0 1478
23 1478
17 1478
20 1478
14 1478
17 1478
13 1478
60 1478
10 1478
28 1479
29 1479
56 1479
70 1479
28 1479
34 1479
37 1479
67 1479
41 1481
54 1481
58 1481
64 1481
58 1481
64 1481
42 1481
43 1481
64 1481
54 1481
46 1481
49 1481
34 1481
37 1481
67 1481
54 1484
41 1484
54 1484
58 1484
64 1484
42 1484
43 1484
64 1484
46 1484
49 1484
34 1484
37 1484
67 1484
27 1485
30 1485
56 1485
70 1485
70 1485
28 1485
29 1485
56 1485
70 1485
34 1485
37 1485
67 1485
61 1487
62 1491
62 1491
61 1494
66 1494
0 1498
23 1498
63 1498
20 1498
23 1498
17 1498
20 1498
14 1498
17 1498
68 1498
13 1498
27 1499
30 1499
51 1499
30 1499
56 1499
70 1499
34 1499
37 1499
41 1501
42 1501
53 1501
58 1501
64 1501
41 1501
62 1501
66 1501
34 1501
37 1501
46 1501
49 1501
56 1505
70 1505
70 1505
27 1505
30 1505
51 1505
56 1505
70 1505
34 1505
37 1505
40 1505
43 1505
53 1505
64 1505
62 1511
62 1511
66 1514
53 1517
32 1519
56 1519
70 1519
27 1519
30 1519
34 1519
37 1519
40 1519
43 1519
62 1519
66 1519
39 1521
58 1521
64 1521
40 1521
43 1521
66 1521
34 1521
37 1521
46 1521
49 1521
54 1521
69 1521
27 1521
30 1521
70 1525
32 1525
56 1525
70 1525
27 1525
30 1525
34 1525
37 1525
40 1525
43 1525
66 1525
62 1531
66 1534
27 1538
63 1538
27 1538
30 1538
34 1538
37 1538
34 1541
37 1541
37 1541
58 1541
64 1541
40 1541
43 1541
67 1541
27 1541
30 1541
63 1541
46 1541
49 1541
52 1541
57 1555
28 1558
29 1558
29 1558
63 1558
34 1558
37 1558
55 1558
56 1558
57 1558
58 1558
64 1558
70 1558
56 1559
64 1559
56 1559
57 1559
55 1559
57 1559
35 1559
36 1559
57 1559
64 1559
70 1559
35 1559
64 1559
70 1559
40 1559
43 1559
27 1559
30 1559
63 1559
51 1561
56 1561
57 1561
58 1561
64 1561
70 1561
64 1561
64 1561
64 1561
35 1561
36 1561
51 1561
57 1561
64 1561
35 1561
55 1561
56 1561
62 1561
70 1561
40 1561
43 1561
27 1561
30 1561
63 1561
57 1566
51 1566
57 1566
61 1567
62 1569
70 1569
62 1571
66 1571
61 1571
62 1571
70 1571
62 1571
62 1574
66 1574
66 1574
70 1574
66 1574
57 1581
57 1586
57 1586
34 1593
37 1593
66 1593
37 1593
51 1593
40 1593
43 1593
69 1593
27 1593
30 1593
46 1593
49 1593
58 1595
64 1595
70 1605
57 1606
39 1612
51 1612
69 1612
40 1612
43 1612
52 1612
70 1612
34 1612
37 1612
46 1612
49 1612
67 1612
27 1612
30 1612
51 1613
39 1613
51 1613
69 1613
40 1613
43 1613
52 1613
70 1613
34 1613
37 1613
46 1613
49 1613
27 1613
30 1613
56 1619
70 1625
51 1633
41 1633
42 1633
51 1633
59 1633
41 1633
54 1633
55 1633
56 1633
70 1633
34 1633
37 1633
63 1633
46 1633
49 1633
40 1636
43 1636
51 1636
59 1636
41 1636
42 1636
51 1636
34 1636
37 1636
63 1636
46 1636
49 1636
64 1641
57 1646
61 1647
40 1653
43 1653
43 1653
51 1653
46 1653
49 1653
34 1653
37 1653
69 1653
58 1655
64 1655
53 1657
60 1662
60 1662
57 1666
62 1671
27 1671
61 1671
62 1671
27 1671
30 1671
60 1671
34 1671
37 1671
52 1671
34 1672
69 1672
34 1672
37 1672
52 1672
27 1672
30 1672
60 1672
40 1672
43 1672
65 1672
45 1673
51 1673
46 1673
49 1673
40 1673
43 1673
65 1673
34 1673
37 1673
52 1673
58 1675
64 1681
57 1686
34 1688
52 1688
34 1688
37 1688
59 1688
27 1688
30 1688
40 1688
43 1688
53 1688
63 1688
32 1692
69 1692
27 1692
30 1692
34 1692
37 1692
59 1692
40 1692
43 1692
53 1692
63 1692
48 1693
51 1693
46 1693
51 1693
47 1693
55 1693
70 1693
40 1693
43 1693
53 1693
63 1693
34 1693
37 1693
59 1693
58 1695
35 1696
36 1696
59 1696
35 1696
40 1696
43 1696
63 1696
27 1696
30 1696
60 1702
32 1702
52 1702
60 1702
27 1702
30 1702
34 1702
37 1702
59 1702
40 1702
43 1702
52 1708
32 1708
52 1708
60 1708
27 1708
30 1708
34 1708
37 1708
54 1708
40 1708
43 1708
24 1711
61 1711
62 1711
20 1711
23 1711
57 1711
17 1711
20 1711
14 1711
17 1711
13 1711
27 1712
30 1712
30 1712
69 1712
34 1712
37 1712
54 1712
47 1713
51 1713
48 1713
49 1713
51 1713
40 1713
43 1713
58 1715
59 1716
33 1716
59 1716
60 1716
34 1716
37 1716
68 1716
27 1716
30 1716
69 1716
40 1716
43 1716
34 1722
60 1722
34 1722
37 1722
68 1722
27 1722
30 1722
69 1722
40 1722
43 1722
67 1722
57 1726
64 1726
17 1726
20 1726
20 1726
57 1726
20 1726
23 1726
58 1726
61 1726
62 1726
58 1726
14 1726
17 1726
0 1726
23 1726
13 1726
10 1726
27 1728
30 1728
69 1728
30 1728
52 1728
34 1728
37 1728
60 1728
68 1728
46 1729
49 1729
55 1729
49 1729
51 1729
55 1729
40 1729
43 1729
67 1729
21 1731
22 1731
57 1731
58 1731
22 1731
61 1731
62 1731
17 1731
20 1731
57 1731
0 1731
23 1731
14 1731
17 1731
13 1731
10 1731
28 1732
29 1732
69 1732
28 1732
52 1732
34 1732
37 1732
60 1732
51 1733
55 1733
46 1733
49 1733
55 1733
56 1733
65 1733
70 1733
40 1733
43 1733
31 1736
59 1736
27 1736
30 1736
52 1736
69 1736
34 1736
37 1736
60 1736
40 1736
43 1736
56 1739
60 1742
35 1742
36 1742
60 1742
36 1742
53 1742
60 1742
40 1742
43 1742
27 1742
30 1742
52 1742
70 1745
57 1746
18 1746
19 1746
57 1746
18 1746
58 1746
61 1746
62 1746
14 1746
17 1746
20 1746
23 1746
61 1746
62 1746
66 1746
0 1746
23 1746
13 1746
10 1746
7 1746
22 1747
61 1747
62 1747
17 1747
20 1747
57 1747
58 1747
20 1747
61 1747
62 1747
21 1747
0 1747
23 1747
14 1747
17 1747
13 1747
10 1747
28 1748
29 1748
52 1748
28 1748
59 1748
34 1748
37 1748
53 1748
60 1748
47 1749
48 1749
51 1749
55 1749
47 1749
51 1749
65 1749
40 1749
43 1749
22 1751
61 1751
62 1751
66 1751
62 1751
17 1751
20 1751
57 1751
58 1751
20 1751
62 1751
21 1751
0 1751
23 1751
14 1751
17 1751
13 1751
10 1751
27 1752
30 1752
52 1752
59 1752
34 1752
37 1752
53 1752
60 1752
46 1753
49 1753
51 1753
55 1753
63 1753
47 1753
48 1753
51 1753
40 1753
43 1753
19 1755
57 1755
58 1755
14 1755
17 1755
17 1755
57 1755
18 1755
61 1755
62 1755
20 1755
23 1755
13 1755
0 1755
23 1755
10 1755
7 1755
2 1755
5 1755
28 1756
59 1756
29 1756
52 1756
30 1756
59 1756
34 1756
37 1756
53 1756
38 1762
60 1762
34 1762
37 1762
40 1762
43 1762
27 1762
30 1762
59 1762
46 1762
49 1762
51 1762
57 1766
15 1766
16 1766
16 1766
57 1766
17 1766
20 1766
61 1766
62 1766
13 1766
20 1766
23 1766
10 1766
0 1766
23 1766
69 1766
7 1766
2 1766
5 1766
3 1766
17 1767
20 1767
61 1767
62 1767
18 1767
19 1767
61 1767
62 1767
14 1767
17 1767
57 1767
20 1767
23 1767
0 1767
23 1767
69 1767
13 1767
10 1767
7 1767
27 1768
30 1768
59 1768
34 1768
37 1768
45 1769
51 1769
55 1769
46 1769
49 1769
40 1769
43 1769
34 1769
37 1769
17 1771
20 1771
61 1771
62 1771
66 1771
18 1771
62 1771
18 1771
19 1771
61 1771
62 1771
14 1771
17 1771
57 1771
58 1771
20 1771
23 1771
0 1771
23 1771
69 1771
13 1771
10 1771
7 1771
25 1772
20 1772
23 1772
17 1772
20 1772
61 1772
62 1772
66 1772
14 1772
17 1772
57 1772
58 1772
13 1772
51 1773
55 1773
51 1773
46 1773
49 1773
40 1773
43 1773
68 1773
34 1773
37 1773
14 1775
17 1775
57 1775
58 1775
15 1775
16 1775
57 1775
17 1775
20 1775
61 1775
62 1775
66 1775
13 1775
20 1775
23 1775
10 1775
0 1775
23 1775
69 1775
7 1775
2 1775
5 1775
3 1775
29 1776
59 1776
27 1776
59 1776
28 1776
54 1776
34 1776
37 1776
60 1782
60 1782
40 1782
43 1782
68 1782
34 1782
37 1782
67 1782
46 1782
49 1782
65 1782
27 1782
30 1782
54 1782
16 1786
57 1786
58 1786
57 1786
14 1786
57 1786
15 1786
61 1786
62 1786
13 1786
17 1786
20 1786
10 1786
20 1786
23 1786
7 1786
0 1786
23 1786
52 1786
69 1786
2 1786
5 1786
3 1786
16 1787
61 1787
14 1787
17 1787
57 1787
58 1787
61 1787
62 1787
17 1787
20 1787
61 1787
62 1787
17 1787
20 1787
23 1787
13 1787
0 1787
23 1787
52 1787
69 1787
10 1787
7 1787
2 1787
5 1787
3 1787
25 1788
69 1788
20 1788
23 1788
17 1788
20 1788
14 1788
17 1788
57 1788
58 1788
61 1788
62 1788
13 1788
40 1789
43 1789
68 1789
43 1789
55 1789
56 1789
46 1789
49 1789
65 1789
34 1789
37 1789
67 1789
15 1791
61 1791
62 1791
66 1791
16 1791
62 1791
16 1791
57 1791
58 1791
64 1791
17 1791
61 1791
62 1791
17 1791
20 1791
13 1791
20 1791
23 1791
10 1791
0 1791
23 1791
52 1791
69 1791
7 1791
2 1791
5 1791
3 1791
25 1792
69 1792
20 1792
23 1792
23 1792
69 1792
17 1792
20 1792
14 1792
17 1792
58 1792
61 1792
62 1792
13 1792
51 1793
55 1793
40 1793
43 1793
55 1793
56 1793
60 1793
68 1793
51 1793
46 1793
49 1793
65 1793
34 1793
37 1793
67 1793
57 1795
58 1795
13 1795
57 1795
14 1795
17 1795
58 1795
61 1795
62 1795
10 1795
17 1795
20 1795
7 1795
20 1795
23 1795
2 1795
5 1795
3 1795
0 1795
23 1795
52 1795
69 1795
27 1796
30 1796
34 1796
37 1796
40 1802
42 1802
43 1802
51 1802
55 1802
56 1802
60 1802
41 1802
60 1802
41 1802
42 1802
55 1802
60 1802
34 1802
37 1802
46 1802
49 1802
63 1802
11 1806
57 1806
58 1806
57 1806
13 1806
57 1806
14 1806
17 1806
61 1806
62 1806
66 1806
10 1806
17 1806
20 1806
7 1806
2 1806
5 1806
20 1806
23 1806
69 1806
3 1806
0 1806
23 1806
52 1806
59 1806
61 1807
15 1807
16 1807
61 1807
62 1807
15 1807
17 1807
20 1807
13 1807
57 1807
20 1807
23 1807
69 1807
10 1807
0 1807
23 1807
52 1807
59 1807
7 1807
2 1807
5 1807
3 1807
25 1808
52 1808
20 1808
23 1808
69 1808
23 1808
52 1808
17 1808
20 1808
14 1808
17 1808
61 1808
62 1808
66 1808
13 1808
57 1808
42 1809
51 1809
55 1809
41 1809
42 1809
55 1809
56 1809
41 1809
42 1809
51 1809
60 1809
43 1809
60 1809
34 1809
37 1809
46 1809
49 1809
15 1811
16 1811
61 1811
62 1811
66 1811
14 1811
62 1811
14 1811
61 1811
62 1811
15 1811
13 1811
57 1811
17 1811
20 1811
10 1811
20 1811
23 1811
69 1811
7 1811
0 1811
23 1811
52 1811
59 1811
2 1811
5 1811
3 1811
20 1812
23 1812
69 1812
21 1812
22 1812
69 1812
17 1812
20 1812
0 1812
23 1812
59 1812
14 1812
17 1812
61 1812
62 1812
66 1812
13 1812
57 1812
58 1812
10 1812
40 1813
42 1813
43 1813
51 1813
55 1813
60 1813
43 1813
51 1813
41 1813
42 1813
51 1813
34 1813
37 1813
46 1813
49 1813
13 1815
57 1815
58 1815
11 1815
57 1815
10 1815
14 1815
17 1815
61 1815
62 1815
66 1815
7 1815
2 1815
5 1815
17 1815
20 1815
3 1815
20 1815
23 1815
52 1815
69 1815
0 1815
23 1815
59 1815
0 1816
23 1816
59 1816
20 1816
23 1816
52 1816
69 1816
17 1816
20 1816
14 1816
17 1816
62 1816
66 1816
13 1816
57 1816
58 1816
60 1822
65 1822
40 1822
43 1822
51 1822
60 1822
46 1822
49 1822
34 1822
37 1822
57 1826
58 1826
64 1826
57 1826
10 1826
57 1826
11 1826
61 1826
62 1826
7 1826
14 1826
17 1826
2 1826
5 1826
3 1826
17 1826
20 1826
69 1826
20 1826
23 1826
52 1826
0 1826
23 1826
54 1826
59 1826
61 1827
13 1827
57 1827
58 1827
61 1827
64 1827
13 1827
61 1827
62 1827
14 1827
17 1827
10 1827
17 1827
20 1827
69 1827
7 1827
2 1827
5 1827
20 1827
23 1827
52 1827
3 1827
0 1827
23 1827
54 1827
59 1827
20 1828
23 1828
52 1828
21 1828
22 1828
52 1828
17 1828
20 1828
69 1828
0 1828
23 1828
54 1828
59 1828
14 1828
17 1828
13 1828
57 1828
58 1828
61 1828
62 1828
64 1828
10 1828
39 1829
55 1829
56 1829
40 1829
43 1829
51 1829
34 1829
37 1829
46 1829
49 1829
27 1829
30 1829
53 1829
46 1830
68 1830
46 1830
49 1830
40 1830
43 1830
51 1830
34 1830
37 1830
11 1831
13 1831
61 1831
62 1831
66 1831
12 1831
62 1831
13 1831
61 1831
62 1831
14 1831
17 1831
10 1831
17 1831
20 1831
69 1831
7 1831
2 1831
5 1831
20 1831
23 1831
52 1831
3 1831
0 1831
23 1831
54 1831
59 1831
18 1832
69 1832
19 1832
20 1832
69 1832
20 1832
23 1832
52 1832
14 1832
17 1832
0 1832
23 1832
54 1832
59 1832
13 1832
57 1832
58 1832
61 1832
62 1832
10 1832
7 1832
51 1833
55 1833
56 1833
51 1833
40 1833
43 1833
34 1833
37 1833
46 1833
49 1833
27 1833
30 1833
53 1833
8 1835
57 1835
58 1835
10 1835
57 1835
11 1835
61 1835
62 1835
66 1835
7 1835
2 1835
5 1835
14 1835
17 1835
3 1835
17 1835
20 1835
69 1835
20 1835
23 1835
52 1835
59 1835
21 1836
59 1836
22 1836
52 1836
23 1836
59 1836
0 1836
23 1836
54 1836
17 1836
20 1836
69 1836
14 1836
17 1836
13 1836
58 1836
61 1836
62 1836
10 1836
57 1836
45 1842
60 1842
46 1842
49 1842
68 1842
40 1842
43 1842
65 1842
34 1842
37 1842
9 1846
10 1846
57 1846
58 1846
64 1846
57 1846
8 1846
57 1846
7 1846
2 1846
5 1846
11 1846
62 1846
66 1846
3 1846
14 1846
17 1846
17 1846
20 1846
52 1846
69 1846
20 1846
23 1846
59 1846
61 1847
11 1847
61 1847
62 1847
11 1847
62 1847
66 1847
10 1847
57 1847
58 1847
64 1847
14 1847
17 1847
7 1847
2 1847
5 1847
17 1847
20 1847
52 1847
69 1847
3 1847
20 1847
23 1847
59 1847
0 1847
23 1847
54 1847
18 1848
52 1848
19 1848
69 1848
20 1848
52 1848
20 1848
23 1848
59 1848
14 1848
17 1848
0 1848
23 1848
13 1848
61 1848
62 1848
66 1848
10 1848
57 1848
58 1848
64 1848
7 1848
34 1849
37 1849
37 1849
55 1849
56 1849
70 1849
40 1849
43 1849
65 1849
27 1849
30 1849
67 1849
46 1849
49 1849
68 1849
47 1850
48 1850
60 1850
68 1850
48 1850
68 1850
40 1850
43 1850
65 1850
11 1851
61 1851
62 1851
66 1851
10 1851
62 1851
10 1851
57 1851
58 1851
64 1851
61 1851
62 1851
11 1851
7 1851
14 1851
17 1851
2 1851
5 1851
3 1851
17 1851
20 1851
52 1851
69 1851
20 1851
23 1851
59 1851
0 1851
23 1851
19 1852
69 1852
14 1852
17 1852
17 1852
69 1852
18 1852
52 1852
20 1852
23 1852
59 1852
13 1852
61 1852
62 1852
66 1852
0 1852
23 1852
10 1852
57 1852
58 1852
64 1852
7 1852
2 1852
5 1852
38 1853
51 1853
34 1853
37 1853
55 1853
56 1853
40 1853
43 1853
65 1853
27 1853
30 1853
67 1853
46 1853
49 1853
68 1853
8 1855
57 1855
58 1855
8 1855
58 1855
61 1855
62 1855
7 1855
2 1855
5 1855
11 1855
3 1855
14 1855
17 1855
17 1855
20 1855
52 1855
69 1855
20 1855
23 1855
59 1855
22 1856
59 1856
17 1856
20 1856
52 1856
69 1856
20 1856
59 1856
21 1856
54 1856
0 1856
23 1856
14 1856
17 1856
13 1856
61 1856
62 1856
66 1856
10 1856
57 1856
58 1856
64 1856
47 1862
48 1862
60 1862
47 1862
60 1862
68 1862
40 1862
43 1862
63 1862
65 1862
5 1866
7 1866
57 1866
58 1866
64 1866
57 1866
7 1866
57 1866
2 1866
5 1866
8 1866
61 1866
62 1866
66 1866
3 1866
11 1866
14 1866
17 1866
69 1866
17 1866
20 1866
52 1866
59 1866
10 1867
61 1867
66 1867
9 1867
61 1867
62 1867
62 1867
7 1867
57 1867
11 1867
2 1867
5 1867
3 1867
14 1867
17 1867
69 1867
17 1867
20 1867
52 1867
59 1867
20 1867
23 1867
54 1867
19 1868
52 1868
14 1868
17 1868
69 1868
17 1868
52 1868
18 1868
59 1868
20 1868
23 1868
54 1868
13 1868
0 1868
23 1868
53 1868
10 1868
58 1868
61 1868
62 1868
7 1868
57 1868
2 1868
5 1868
35 1869
36 1869
55 1869
56 1869
35 1869
51 1869
55 1869
40 1869
43 1869
63 1869
65 1869
27 1869
30 1869
67 1869
46 1870
49 1870
60 1870
40 1870
43 1870
63 1870
8 1871
62 1871
62 1871
9 1871
61 1871
62 1871
66 1871
11 1871
7 1871
57 1871
2 1871
5 1871
14 1871
17 1871
69 1871
3 1871
17 1871
20 1871
52 1871
59 1871
20 1871
23 1871
54 1871
14 1872
17 1872
69 1872
15 1872
16 1872
69 1872
17 1872
20 1872
52 1872
59 1872
13 1872
20 1872
23 1872
54 1872
10 1872
61 1872
62 1872
66 1872
0 1872
23 1872
53 1872
7 1872
57 1872
2 1872
5 1872
3 1872
35 1873
36 1873
55 1873
56 1873
70 1873
36 1873
51 1873
40 1873
43 1873
63 1873
27 1873
30 1873
9 1874
10 1874
61 1874
62 1874
66 1874
8 1874
62 1874
8 1874
61 1874
62 1874
7 1874
57 1874
58 1874
2 1874
5 1874
11 1874
3 1874
14 1874
17 1874
69 1874
17 1874
20 1874
52 1874
59 1874
20 1874
23 1874
54 1874
6 1875
58 1875
7 1875
57 1875
58 1875
7 1875
57 1875
58 1875
2 1875
5 1875
8 1875
61 1875
62 1875
66 1875
3 1875
11 1875
14 1875
17 1875
69 1875
17 1875
20 1875
52 1875
59 1875
17 1876
20 1876
59 1876
18 1876
19 1876
59 1876
14 1876
17 1876
52 1876
69 1876
20 1876
23 1876
54 1876
0 1876
23 1876
53 1876
13 1876
10 1876
61 1876
62 1876
66 1876
7 1876
57 1876
58 1876
64 1876
24 1877
53 1877
20 1877
23 1877
54 1877
17 1877
20 1877
59 1877
14 1877
17 1877
52 1877
69 1877
13 1877
56 1879
34 1879
55 1879
56 1879
70 1879
34 1879
37 1879
51 1879
27 1879
30 1879
40 1879
43 1879
39 1880
65 1880
40 1880
43 1880
34 1880
37 1880
51 1880
46 1880
49 1880
27 1880
30 1880
46 1882
49 1882
49 1882
60 1882
68 1882
40 1882
43 1882
33 1885
55 1885
56 1885
34 1885
37 1885
51 1885
27 1885
30 1885
40 1885
43 1885
3 1886
5 1886
57 1886
58 1886
64 1886
6 1886
57 1886
1 1886
4 1886
5 1886
57 1886
5 1886
58 1886
61 1886
62 1886
8 1886
11 1886
14 1886
17 1886
52 1886
69 1886
17 1886
20 1886
54 1886
59 1886
8 1887
61 1887
62 1887
66 1887
7 1887
61 1887
66 1887
7 1887
57 1887
58 1887
64 1887
61 1887
62 1887
8 1887
62 1887
2 1887
5 1887
57 1887
3 1887
11 1887
14 1887
17 1887
52 1887
69 1887
17 1887
20 1887
54 1887
59 1887
20 1887
23 1887
14 1888
17 1888
52 1888
15 1888
16 1888
52 1888
17 1888
20 1888
54 1888
59 1888
13 1888
20 1888
23 1888
10 1888
61 1888
62 1888
66 1888
0 1888
23 1888
53 1888
7 1888
57 1888
58 1888
64 1888
2 1888
5 1888
57 1888
3 1888
33 1889
55 1889
56 1889
70 1889
34 1889
37 1889
51 1889
27 1889
30 1889
40 1889
43 1889
47 1890
60 1890
68 1890
48 1890
49 1890
68 1890
40 1890
43 1890
6 1891
62 1891
62 1891
7 1891
57 1891
58 1891
61 1891
64 1891
7 1891
61 1891
62 1891
66 1891
2 1891
5 1891
57 1891
8 1891
3 1891
11 1891
69 1891
14 1891
17 1891
52 1891
17 1891
20 1891
54 1891
59 1891
69 1892
13 1892
69 1892
14 1892
17 1892
52 1892
10 1892
66 1892
17 1892
20 1892
54 1892
59 1892
7 1892
57 1892
58 1892
61 1892
64 1892
20 1892
23 1892
2 1892
5 1892
57 1892
3 1892
0 1892
23 1892
34 1893
51 1893
34 1893
37 1893
27 1893
30 1893
40 1893
43 1893
5 1894
7 1894
61 1894
62 1894
66 1894
6 1894
62 1894
7 1894
61 1894
62 1894
2 1894
5 1894
57 1894
8 1894
3 1894
11 1894
69 1894
14 1894
17 1894
52 1894
17 1894
20 1894
54 1894
59 1894
4 1895
58 1895
2 1895
5 1895
57 1895
5 1895
57 1895
58 1895
61 1895
62 1895
64 1895
66 1895
5 1895
3 1895
8 1895
11 1895
69 1895
14 1895
17 1895
52 1895
17 1895
20 1895
54 1895
59 1895
14 1896
17 1896
52 1896
59 1896
17 1896
59 1896
17 1896
20 1896
54 1896
20 1896
23 1896
53 1896
13 1896
0 1896
23 1896
10 1896
7 1896
58 1896
61 1896
62 1896
2 1896
5 1896
57 1896
58 1896
64 1896
21 1897
53 1897
22 1897
23 1897
53 1897
0 1897
23 1897
17 1897
20 1897
54 1897
14 1897
17 1897
52 1897
59 1897
13 1897
10 1897
56 1899
32 1899
55 1899
56 1899
70 1899
27 1899
30 1899
34 1899
37 1899
40 1899
43 1899
34 1900
37 1900
37 1900
65 1900
40 1900
43 1900
27 1900
30 1900
46 1900
49 1900
68 1900
46 1902
49 1902
68 1902
49 1902
60 1902
40 1902
43 1902
18 1904
19 1904
54 1904
18 1904
14 1904
17 1904
52 1904
59 1904
20 1904
23 1904
53 1904
0 1904
23 1904
67 1904
13 1904
69 1904
10 1904
7 1904
61 1904
62 1904
66 1904
55 1905
56 1905
70 1905
55 1905
56 1905
27 1905
30 1905
34 1905
37 1905
65 1905
40 1905
43 1905
1 1906
3 1906
4 1906
57 1906
58 1906
64 1906
4 1906
57 1906
2 1906
3 1906
57 1906
3 1906
58 1906
61 1906
62 1906
64 1906
5 1906
61 1906
62 1906
66 1906
8 1906
11 1906
69 1906
14 1906
17 1906
59 1906
6 1907
7 1907
61 1907
62 1907
66 1907
5 1907
61 1907
66 1907
2 1907
5 1907
57 1907
58 1907
64 1907
5 1907
61 1907
62 1907
62 1907
3 1907
57 1907
8 1907
11 1907
52 1907
69 1907
14 1907
17 1907
59 1907
17 1907
20 1907
54 1907
52 1908
69 1908
13 1908
69 1908
52 1908
14 1908
17 1908
59 1908
10 1908
17 1908
20 1908
54 1908
7 1908
61 1908
62 1908
66 1908
20 1908
23 1908
53 1908
2 1908
5 1908
57 1908
58 1908
64 1908
3 1908
57 1908
0 1908
23 1908
67 1908
32 1909
51 1909
55 1909
56 1909
27 1909
30 1909
34 1909
37 1909
65 1909
40 1909
43 1909
48 1910
68 1910
46 1910
68 1910
47 1910
60 1910
40 1910
43 1910
34 1910
37 1910
65 1910
4 1911
62 1911
62 1911
2 1911
5 1911
57 1911
58 1911
61 1911
64 1911
5 1911
61 1911
62 1911
66 1911
5 1911
62 1911
66 1911
3 1911
57 1911
8 1911
11 1911
52 1911
69 1911
14 1911
17 1911
59 1911
17 1911
20 1911
54 1911
13 1912
69 1912
11 1912
69 1912
10 1912
14 1912
17 1912
59 1912
7 1912
61 1912
62 1912
66 1912
2 1912
5 1912
57 1912
58 1912
61 1912
64 1912
17 1912
20 1912
54 1912
3 1912
57 1912
20 1912
23 1912
53 1912
0 1912
23 1912
67 1912
32 1913
51 1913
27 1913
30 1913
34 1913
37 1913
65 1913
40 1913
43 1913
4 1914
62 1914
2 1914
5 1914
57 1914
58 1914
61 1914
62 1914
64 1914
5 1914
61 1914
62 1914
66 1914
5 1914
66 1914
3 1914
57 1914
8 1914
11 1914
52 1914
69 1914
14 1914
17 1914
59 1914
17 1914
20 1914
2 1915
58 1915
58 1915
2 1915
3 1915
57 1915
3 1915
57 1915
58 1915
61 1915
62 1915
64 1915
66 1915
3 1915
4 1915
5 1915
66 1915
8 1915
11 1915
52 1915
69 1915
14 1915
17 1915
59 1915
14 1916
17 1916
59 1916
15 1916
16 1916
59 1916
17 1916
20 1916
13 1916
69 1916
20 1916
23 1916
53 1916
10 1916
0 1916
23 1916
67 1916
7 1916
61 1916
62 1916
66 1916
2 1916
5 1916
58 1916
61 1916
62 1916
64 1916
3 1916
57 1916
58 1916
64 1916
22 1917
53 1917
17 1917
20 1917
20 1917
53 1917
21 1917
0 1917
23 1917
67 1917
14 1917
17 1917
54 1917
59 1917
13 1917
52 1917
69 1917
10 1917
56 1919
27 1919
30 1919
30 1919
55 1919
56 1919
70 1919
34 1919
37 1919
65 1919
35 1920
36 1920
65 1920
35 1920
63 1920
40 1920
43 1920
27 1920
30 1920
47 1922
48 1922
60 1922
47 1922
40 1922
43 1922
20 1923
23 1923
23 1923
67 1923
0 1923
23 1923
17 1923
20 1923
14 1923
17 1923
54 1923
59 1923
13 1923
52 1923
69 1923
15 1924
16 1924
59 1924
16 1924
54 1924
17 1924
20 1924
13 1924
52 1924
69 1924
20 1924
23 1924
10 1924
0 1924
23 1924
7 1924
2 1924
5 1924
61 1924
62 1924
66 1924
3 1924
57 1924
58 1924
64 1924
28 1925
55 1925
56 1925
70 1925
29 1925
30 1925
56 1925
34 1925
37 1925
63 1925
65 1925
2 1926
57 1926
1 1926
4 1926
58 1926
61 1926
62 1926
64 1926
3 1926
61 1926
62 1926
66 1926
5 1926
8 1926
69 1926
11 1926
52 1926
14 1926
17 1926
54 1926
59 1926
2 1927
4 1927
5 1927
61 1927
62 1927
66 1927
3 1927
61 1927
66 1927
3 1927
57 1927
58 1927
64 1927
3 1927
4 1927
61 1927
62 1927
4 1927
62 1927
5 1927
8 1927
69 1927
11 1927
52 1927
59 1927
14 1927
17 1927
54 1927
12 1928
52 1928
10 1928
14 1928
17 1928
54 1928
7 1928
17 1928
20 1928
53 1928
2 1928
5 1928
61 1928
62 1928
66 1928
3 1928
57 1928
58 1928
64 1928
20 1928
23 1928
0 1928
23 1928
27 1929
30 1929
55 1929
56 1929
70 1929
30 1929
51 1929
55 1929
56 1929
34 1929
37 1929
63 1929
65 1929
68 1930
68 1930
40 1930
43 1930
46 1930
49 1930
60 1930
34 1930
37 1930
63 1930
65 1930
4 1931
62 1931
4 1931
62 1931
2 1931
3 1931
57 1931
58 1931
64 1931
3 1931
4 1931
61 1931
62 1931
66 1931
3 1931
61 1931
62 1931
66 1931
5 1931
8 1931
69 1931
11 1931
52 1931
59 1931
14 1931
17 1931
54 1931
10 1932
69 1932
10 1932
69 1932
11 1932
52 1932
59 1932
7 1932
2 1932
5 1932
61 1932
62 1932
66 1932
14 1932
17 1932
54 1932
3 1932
57 1932
58 1932
61 1932
64 1932
17 1932
20 1932
53 1932
20 1932
23 1932
67 1932
61 1934
66 1934
2 1934
3 1934
57 1934
58 1934
61 1934
64 1934
3 1934
4 1934
61 1934
62 1934
66 1934
2 1934
3 1934
62 1934
66 1934
3 1934
5 1934
8 1934
69 1934
11 1934
52 1934
59 1934
14 1934
17 1934
54 1934
2 1935
58 1935
1 1935
4 1935
57 1935
61 1935
62 1935
66 1935
3 1935
66 1935
5 1935
8 1935
69 1935
11 1935
52 1935
59 1935
14 1935
17 1935
54 1935
59 1936
13 1936
52 1936
59 1936
14 1936
17 1936
54 1936
10 1936
69 1936
17 1936
20 1936
53 1936
7 1936
20 1936
23 1936
67 1936
2 1936
5 1936
61 1936
62 1936
66 1936
3 1936
57 1936
58 1936
61 1936
62 1936
64 1936
0 1936
23 1936
18 1937
19 1937
53 1937
19 1937
53 1937
14 1937
17 1937
54 1937
20 1937
23 1937
67 1937
0 1937
23 1937
13 1937
52 1937
59 1937
10 1937
69 1937
7 1937
27 1939
30 1939
51 1939
55 1939
56 1939
70 1939
56 1939
56 1939
28 1939
29 1939
55 1939
56 1939
34 1939
37 1939
63 1939
33 1940
65 1940
34 1940
37 1940
27 1940
30 1940
51 1940
55 1940
56 1940
70 1940
40 1940
43 1940
2 1941
57 1941
58 1941
64 1941
1 1941
2 1941
58 1941
62 1941
1 1941
3 1941
4 1941
57 1941
58 1941
61 1941
62 1941
64 1941
66 1941
2 1941
57 1941
58 1941
61 1941
62 1941
66 1941
2 1941
62 1941
66 1941
2 1941
3 1941
57 1941
66 1941
3 1941
5 1941
8 1941
52 1941
69 1941
11 1941
59 1941
14 1941
17 1941
54 1941
45 1942
60 1942
46 1942
49 1942
40 1942
43 1942
34 1942
37 1942
21 1943
22 1943
67 1943
21 1943
67 1943
17 1943
20 1943
53 1943
0 1943
23 1943
14 1943
17 1943
13 1943
52 1943
59 1943
10 1943
69 1943
14 1944
54 1944
14 1944
17 1944
13 1944
52 1944
59 1944
17 1944
20 1944
53 1944
10 1944
69 1944
20 1944
23 1944
67 1944
7 1944
2 1944
5 1944
57 1944
58 1944
66 1944
0 1944
23 1944
3 1944
57 1944
58 1944
61 1944
62 1944
64 1944
66 1944
28 1945
29 1945
55 1945
56 1945
70 1945
56 1945
27 1945
56 1945
28 1945
51 1945
34 1945
37 1945
2 1946
57 1946
58 1946
61 1946
62 1946
64 1946
66 1946
2 1946
57 1946
62 1946
2 1946
3 1946
57 1946
58 1946
61 1946
62 1946
64 1946
66 1946
2 1946
3 1946
57 1946
58 1946
64 1946
66 1946
3 1946
4 1946
1 1946
2 1946
58 1946
62 1946
58 1946
61 1946
66 1946
66 1946
5 1946
8 1946
52 1946
69 1946
11 1946
59 1946
14 1946
17 1946
2 1947
3 1947
58 1947
61 1947
62 1947
64 1947
66 1947
58 1947
61 1947
66 1947
2 1947
5 1947
57 1947
58 1947
62 1947
64 1947
66 1947
2 1947
3 1947
57 1947
58 1947
64 1947
2 1947
57 1947
62 1947
5 1947
8 1947
52 1947
69 1947
11 1947
59 1947
14 1947
17 1947
10 1948
69 1948
10 1948
52 1948
11 1948
54 1948
59 1948
7 1948
2 1948
5 1948
57 1948
58 1948
64 1948
14 1948
17 1948
3 1948
58 1948
61 1948
62 1948
64 1948
66 1948
17 1948
20 1948
53 1948
20 1948
23 1948
67 1948
27 1949
55 1949
70 1949
28 1949
51 1949
55 1949
56 1949
28 1949
29 1949
56 1949
34 1949
37 1949
41 1950
68 1950
42 1950
43 1950
68 1950
46 1950
49 1950
34 1950
37 1950
2 1951
58 1951
62 1951
2 1951
62 1951
1 1951
2 1951
4 1951
57 1951
58 1951
61 1951
62 1951
64 1951
66 1951
3 1951
57 1951
66 1951
3 1951
4 1951
57 1951
3 1951
58 1951
5 1951
8 1951
52 1951
69 1951
11 1951
54 1951
59 1951
14 1951
17 1951
8 1952
69 1952
8 1952
52 1952
7 1952
2 1952
5 1952
57 1952
58 1952
64 1952
11 1952
54 1952
59 1952
3 1952
58 1952
61 1952
62 1952
66 1952
14 1952
17 1952
17 1952
20 1952
53 1952
20 1952
23 1952
67 1952
2 1954
3 1954
58 1954
61 1954
62 1954
66 1954
1 1954
61 1954
62 1954
66 1954
1 1954
66 1954
2 1954
5 1954
57 1954
58 1954
64 1954
5 1954
69 1954
8 1954
52 1954
11 1954
54 1954
59 1954
14 1954
17 1954
4 1955
58 1955
2 1955
3 1955
58 1955
61 1955
62 1955
66 1955
3 1955
4 1955
57 1955
58 1955
64 1955
3 1955
57 1955
5 1955
69 1955
8 1955
52 1955
11 1955
54 1955
59 1955
14 1955
17 1955
13 1956
59 1956
11 1956
59 1956
10 1956
52 1956
69 1956
14 1956
17 1956
7 1956
2 1956
5 1956
57 1956
58 1956
64 1956
17 1956
20 1956
3 1956
61 1956
62 1956
66 1956
20 1956
23 1956
67 1956
0 1956
23 1956
14 1957
17 1957
53 1957
17 1957
53 1957
17 1957
20 1957
20 1957
23 1957
13 1957
54 1957
59 1957
0 1957
23 1957
10 1957
52 1957
69 1957
7 1957
57 1957
2 1957
5 1957
57 1957
58 1957
64 1957
55 1959
56 1959
70 1959
56 1959
27 1959
30 1959
51 1959
34 1959
37 1959
31 1960
65 1960
27 1960
30 1960
51 1960
34 1960
37 1960
40 1960
43 1960
68 1960
1 1961
3 1961
4 1961
58 1961
61 1961
62 1961
66 1961
4 1961
57 1961
58 1961
64 1961
5 1961
69 1961
8 1961
52 1961
59 1961
11 1961
54 1961
14 1961
17 1961
53 1961
40 1962
43 1962
68 1962
43 1962
60 1962
46 1962
49 1962
34 1962
37 1962
18 1963
19 1963
53 1963
19 1963
67 1963
14 1963
17 1963
53 1963
20 1963
23 1963
0 1963
23 1963
13 1963
54 1963
59 1963
10 1963
52 1963
7 1963
57 1963
69 1963
12 1964
54 1964
10 1964
52 1964
14 1964
17 1964
53 1964
7 1964
57 1964
69 1964
17 1964
20 1964
67 1964
2 1964
5 1964
57 1964
58 1964
61 1964
64 1964
3 1964
61 1964
62 1964
66 1964
20 1964
23 1964
0 1964
23 1964
27 1965
30 1965
34 1965
37 1965
3 1966
57 1966
58 1966
64 1966
4 1966
57 1966
1 1966
4 1966
61 1966
62 1966
66 1966
5 1966
57 1966
58 1966
64 1966
5 1966
69 1966
8 1966
52 1966
59 1966
11 1966
54 1966
14 1966
17 1966
53 1966
17 1966
20 1966
67 1966
1 1967
4 1967
61 1967
62 1967
66 1967
2 1967
61 1967
62 1967
66 1967
2 1967
61 1967
2 1967
3 1967
61 1967
62 1967
3 1967
57 1967
58 1967
64 1967
5 1967
69 1967
8 1967
52 1967
59 1967
11 1967
54 1967
14 1967
17 1967
53 1967
8 1968
52 1968
8 1968
52 1968
59 1968
7 1968
57 1968
58 1968
64 1968
69 1968
2 1968
5 1968
58 1968
61 1968
62 1968
64 1968
11 1968
54 1968
3 1968
61 1968
62 1968
66 1968
14 1968
17 1968
53 1968
17 1968
20 1968
67 1968
20 1968
23 1968
42 1970
68 1970
40 1970
68 1970
41 1970
60 1970
34 1970
37 1970
46 1970
49 1970
2 1971
62 1971
1 1971
4 1971
61 1971
62 1971
66 1971
3 1971
57 1971
58 1971
64 1971
2 1971
3 1971
61 1971
62 1971
5 1971
57 1971
69 1971
8 1971
59 1971
11 1971
54 1971
14 1971
17 1971
53 1971
6 1972
57 1972
69 1972
2 1972
5 1972
58 1972
61 1972
62 1972
64 1972
66 1972
3 1972
61 1972
62 1972
66 1972
8 1972
59 1972
11 1972
54 1972
14 1972
17 1972
53 1972
17 1972
20 1972
67 1972
1 1974
3 1974
4 1974
61 1974
62 1974
66 1974
61 1974
62 1974
66 1974
3 1974
66 1974
2 1974
3 1974
66 1974
3 1974
57 1974
58 1974
64 1974
5 1974
52 1974
57 1974
69 1974
8 1974
59 1974
11 1974
54 1974
14 1974
17 1974
53 1974
3 1975
5 1975
57 1975
58 1975
61 1975
64 1975
6 1975
58 1975
69 1975
1 1975
4 1975
61 1975
62 1975
66 1975
5 1975
58 1975
5 1975
6 1975
52 1975
57 1975
69 1975
57 1975
8 1975
59 1975
11 1975
54 1975
14 1975
17 1975
53 1975
17 1975
20 1975
67 1975
8 1976
59 1976
10 1976
59 1976
11 1976
54 1976
7 1976
57 1976
58 1976
64 1976
69 1976
2 1976
5 1976
61 1976
62 1976
66 1976
14 1976
17 1976
53 1976
3 1976
66 1976
17 1976
20 1976
67 1976
20 1976
23 1976
15 1977
16 1977
53 1977
15 1977
17 1977
20 1977
67 1977
13 1977
54 1977
20 1977
23 1977
10 1977
52 1977
59 1977
0 1977
23 1977
56 1977
70 1977
7 1977
57 1977
58 1977
64 1977
69 1977
2 1977
5 1977
61 1977
62 1977
66 1977
3 1977
55 1979
56 1979
25 1979
70 1979
20 1979
23 1979
17 1979
20 1979
67 1979
14 1979
17 1979
53 1979
13 1979
54 1979
28 1980
29 1980
29 1980
65 1980
34 1980
37 1980
5 1981
7 1981
57 1981
64 1981
64 1981
6 1981
52 1981
57 1981
58 1981
64 1981
6 1981
7 1981
52 1981
58 1981
2 1981
5 1981
61 1981
62 1981
66 1981
8 1981
54 1981
59 1981
3 1981
11 1981
14 1981
17 1981
53 1981
17 1981
20 1981
67 1981
41 1982
42 1982
60 1982
41 1982
60 1982
34 1982
37 1982
46 1982
49 1982
19 1983
67 1983
14 1983
17 1983
53 1983
17 1983
67 1983
18 1983
20 1983
23 1983
13 1983
54 1983
0 1983
23 1983
55 1983
56 1983
70 1983
10 1983
59 1983
7 1983
52 1983
57 1983
58 1983
61 1983
64 1983
69 1983
2 1983
5 1983
61 1983
62 1983
66 1983
69 1983
54 1984
10 1984
59 1984
54 1984
11 1984
7 1984
52 1984
57 1984
58 1984
61 1984
64 1984
69 1984
14 1984
17 1984
53 1984
2 1984
5 1984
61 1984
62 1984
66 1984
69 1984
3 1984
17 1984
20 1984
67 1984
20 1984
23 1984
0 1984
23 1984
55 1984
56 1984
70 1984
70 1985
25 1985
20 1985
23 1985
17 1985
20 1985
67 1985
14 1985
17 1985
53 1985
13 1985
54 1985
5 1986
7 1986
52 1986
57 1986
58 1986
64 1986
6 1986
57 1986
64 1986
6 1986
57 1986
6 1986
7 1986
52 1986
57 1986
64 1986
52 1986
2 1986
5 1986
61 1986
62 1986
66 1986
69 1986
8 1986
54 1986
59 1986
3 1986
11 1986
14 1986
17 1986
53 1986
17 1986
20 1986
67 1986
3 1987
5 1987
61 1987
62 1987
66 1987
69 1987
3 1987
4 1987
61 1987
62 1987
66 1987
69 1987
4 1987
61 1987
4 1987
61 1987
62 1987
1 1987
4 1987
66 1987
5 1987
52 1987
57 1987
58 1987
61 1987
64 1987
69 1987
5 1987
8 1987
54 1987
59 1987
11 1987
14 1987
17 1987
17 1987
20 1987
67 1987
7 1988
52 1988
57 1988
6 1988
52 1988
6 1988
7 1988
52 1988
58 1988
64 1988
58 1988
2 1988
5 1988
61 1988
62 1988
66 1988
69 1988
3 1988
8 1988
54 1988
59 1988
11 1988
14 1988
17 1988
17 1988
20 1988
67 1988
0 1989
23 1989
55 1989
56 1989
70 1989
20 1989
23 1989
17 1989
20 1989
67 1989
14 1989
17 1989
13 1989
39 1990
68 1990
40 1990
43 1990
60 1990
34 1990
37 1990
46 1990
49 1990
27 1990
30 1990
65 1990
4 1991
5 1991
62 1991
66 1991
69 1991
4 1991
61 1991
62 1991
3 1991
61 1991
62 1991
66 1991
69 1991
1 1991
4 1991
5 1991
61 1991
62 1991
69 1991
5 1991
52 1991
57 1991
58 1991
64 1991
8 1991
54 1991
11 1991
53 1991
14 1991
17 1991
17 1991
20 1991
5 1992
61 1992
62 1992
66 1992
69 1992
4 1992
5 1992
62 1992
66 1992
69 1992
61 1992
69 1992
1 1992
3 1992
4 1992
4 1992
61 1992
62 1992
66 1992
69 1992
5 1992
52 1992
57 1992
58 1992
59 1992
64 1992
8 1992
54 1992
11 1992
53 1992
14 1992
17 1992
67 1992
17 1992
20 1992
3 1994
5 1994
52 1994
61 1994
62 1994
66 1994
69 1994
4 1994
61 1994
62 1994
66 1994
69 1994
4 1994
5 1994
66 1994
61 1994
66 1994
1 1994
4 1994
5 1994
61 1994
62 1994
66 1994
5 1994
52 1994
57 1994
58 1994
59 1994
64 1994
8 1994
54 1994
11 1994
53 1994
14 1994
17 1994
67 1994
17 1994
20 1994
5 1995
7 1995
52 1995
57 1995
58 1995
59 1995
64 1995
8 1995
58 1995
59 1995
7 1995
58 1995
64 1995
7 1995
57 1995
64 1995
2 1995
5 1995
61 1995
66 1995
69 1995
8 1995
54 1995
3 1995
11 1995
53 1995
14 1995
17 1995
67 1995
17 1995
20 1995
20 1995
23 1995
8 1996
57 1996
58 1996
59 1996
64 1996
7 1996
58 1996
59 1996
7 1996
59 1996
7 1996
52 1996
61 1996
62 1996
66 1996
7 1996
57 1996
59 1996
8 1996
54 1996
57 1996
2 1996
5 1996
66 1996
69 1996
3 1996
11 1996
53 1996
14 1996
17 1996
67 1996
17 1996
20 1996
20 1996
23 1996
13 1997
13 1997
53 1997
14 1997
17 1997
67 1997
10 1997
54 1997
57 1997
58 1997
59 1997
64 1997
17 1997
20 1997
7 1997
52 1997
61 1997
62 1997
66 1997
2 1997
5 1997
66 1997
69 1997
20 1997
23 1997
3 1997
0 1997
23 1997
51 1997
55 1997
56 1997
70 1997
25 1999
55 1999
56 1999
70 1999
56 1999
20 1999
23 1999
23 1999
56 1999
70 1999
17 1999
20 1999
14 1999
17 1999
67 1999
13 1999
53 1999
9 2001
57 2001
64 2001
8 2001
54 2001
57 2001
58 2001
64 2001
8 2001
9 2001
54 2001
57 2001
8 2001
54 2001
58 2001
7 2001
52 2001
59 2001
61 2001
62 2001
66 2001
2 2001
5 2001
52 2001
69 2001
11 2001
53 2001
3 2001
14 2001
17 2001
67 2001
17 2001
20 2001
20 2001
23 2001
14 2003
17 2003
67 2003
15 2003
16 2003
67 2003
17 2003
20 2003
13 2003
53 2003
20 2003
23 2003
10 2003
54 2003
57 2003
58 2003
64 2003
0 2003
23 2003
51 2003
56 2003
7 2003
52 2003
59 2003
61 2003
62 2003
66 2003
2 2003
5 2003
52 2003
69 2003
3 2003
9 2004
10 2004
54 2004
57 2004
58 2004
64 2004
8 2004
54 2004
58 2004
8 2004
54 2004
8 2004
54 2004
57 2004
8 2004
57 2004
7 2004
52 2004
59 2004
61 2004
62 2004
66 2004
2 2004
5 2004
52 2004
69 2004
11 2004
53 2004
3 2004
14 2004
17 2004
67 2004
17 2004
20 2004
20 2004
23 2004
20 2005
23 2005
23 2005
55 2005
56 2005
70 2005
0 2005
23 2005
51 2005
56 2005
17 2005
20 2005
14 2005
17 2005
67 2005
13 2005
53 2005
9 2006
10 2006
54 2006
57 2006
58 2006
64 2006
8 2006
57 2006
64 2006
8 2006
57 2006
8 2006
54 2006
57 2006
8 2006
54 2006
7 2006
52 2006
59 2006
61 2006
62 2006
66 2006
2 2006
5 2006
52 2006
69 2006
11 2006
53 2006
3 2006
69 2006
14 2006
17 2006
67 2006
17 2006
20 2006
20 2006
23 2006
5 2007
7 2007
59 2007
61 2007
62 2007
66 2007
5 2007
6 2007
59 2007
61 2007
62 2007
66 2007
6 2007
61 2007
62 2007
61 2007
7 2007
59 2007
61 2007
8 2007
54 2007
57 2007
64 2007
2 2007
5 2007
52 2007
69 2007
3 2007
69 2007
11 2007
53 2007
14 2007
17 2007
67 2007
17 2007
20 2007
1 2008
3 2008
4 2008
69 2008
4 2008
52 2008
5 2008
59 2008
61 2008
62 2008
66 2008
8 2008
54 2008
57 2008
58 2008
64 2008
11 2008
53 2008
14 2008
17 2008
67 2008
34 2010
37 2010
68 2010
37 2010
68 2010
40 2010
43 2010
27 2010
30 2010
63 2010
46 2010
49 2010
6 2011
61 2011
62 2011
66 2011
6 2011
59 2011
62 2011
5 2011
54 2011
59 2011
61 2011
62 2011
66 2011
7 2011
61 2011
62 2011
8 2011
57 2011
58 2011
64 2011
2 2011
5 2011
52 2011
69 2011
3 2011
69 2011
11 2011
53 2011
14 2011
17 2011
67 2011
17 2011
20 2011
2 2012
3 2012
69 2012
2 2012
5 2012
52 2012
69 2012
5 2012
54 2012
59 2012
61 2012
62 2012
66 2012
8 2012
57 2012
58 2012
64 2012
11 2012
53 2012
14 2012
17 2012
67 2012
5 2014
7 2014
54 2014
59 2014
61 2014
62 2014
66 2014
6 2014
54 2014
61 2014
62 2014
66 2014
6 2014
66 2014
66 2014
7 2014
61 2014
62 2014
66 2014
7 2014
61 2014
2 2014
5 2014
52 2014
69 2014
8 2014
57 2014
58 2014
64 2014
3 2014
69 2014
11 2014
53 2014
14 2014
17 2014
67 2014
17 2014
20 2014
9 2015
10 2015
54 2015
57 2015
58 2015
64 2015
58 2015
8 2015
58 2015
64 2015
7 2015
59 2015
61 2015
62 2015
66 2015
2 2015
5 2015
52 2015
69 2015
11 2015
53 2015
3 2015
69 2015
14 2015
17 2015
67 2015
17 2015
20 2015
20 2015
23 2015
56 2015
70 2015
7 2016
59 2016
66 2016
2 2016
5 2016
52 2016
5 2016
59 2016
3 2016
69 2016
8 2016
57 2016
58 2016
64 2016
11 2016
53 2016
14 2016
17 2016
67 2016
17 2016
20 2016
11 2017
53 2017
11 2017
10 2017
54 2017
57 2017
58 2017
61 2017
64 2017
14 2017
17 2017
67 2017
7 2017
59 2017
66 2017
2 2017
5 2017
52 2017
17 2017
20 2017
3 2017
69 2017
20 2017
23 2017
55 2017
56 2017
70 2017
0 2017
23 2017
27 2018
63 2018
27 2018
30 2018
34 2018
37 2018
68 2018
20 2019
23 2019
55 2019
56 2019
70 2019
56 2019
21 2019
22 2019
56 2019
70 2019
17 2019
20 2019
0 2019
23 2019
14 2019
17 2019
67 2019
13 2019
53 2019
10 2019
58 2019
61 2019
62 2019
64 2019
27 2020
30 2020
34 2020
37 2020
68 2020
8 2021
53 2021
57 2021
58 2021
64 2021
10 2021
58 2021
64 2021
11 2021
67 2021
7 2021
54 2021
59 2021
2 2021
5 2021
52 2021
59 2021
14 2021
17 2021
3 2021
69 2021
17 2021
20 2021
20 2021
23 2021
55 2021
56 2021
70 2021
67 2023
13 2023
53 2023
57 2023
67 2023
14 2023
17 2023
10 2023
58 2023
61 2023
62 2023
64 2023
66 2023
17 2023
20 2023
7 2023
54 2023
59 2023
20 2023
23 2023
55 2023
56 2023
70 2023
2 2023
5 2023
52 2023
59 2023
3 2023
52 2023
69 2023
0 2023
23 2023
5 2024
54 2024
61 2024
66 2024
7 2024
54 2024
2 2024
5 2024
52 2024
59 2024
8 2024
53 2024
57 2024
58 2024
64 2024
3 2024
52 2024
69 2024
11 2024
67 2024
14 2024
17 2024
17 2024
20 2024
20 2025
23 2025
55 2025
56 2025
70 2025
21 2025
22 2025
56 2025
17 2025
20 2025
0 2025
23 2025
14 2025
17 2025
13 2025
53 2025
57 2025
10 2025
58 2025
61 2025
62 2025
66 2025
10 2026
53 2026
57 2026
58 2026
10 2026
57 2026
11 2026
53 2026
57 2026
67 2026
11 2026
10 2026
58 2026
61 2026
62 2026
66 2026
14 2026
17 2026
7 2026
54 2026
59 2026
17 2026
20 2026
2 2026
5 2026
52 2026
59 2026
3 2026
52 2026
69 2026
20 2026
23 2026
55 2026
56 2026
70 2026
0 2026
23 2026
7 2027
10 2027
61 2027
62 2027
66 2027
8 2027
61 2027
62 2027
66 2027
61 2027
8 2027
61 2027
7 2027
54 2027
59 2027
11 2027
67 2027
2 2027
5 2027
52 2027
59 2027
3 2027
52 2027
69 2027
14 2027
17 2027
17 2027
20 2027
20 2027
23 2027
55 2027
56 2027
70 2027
1 2028
4 2028
52 2028
69 2028
2 2028
3 2028
52 2028
3 2028
59 2028
5 2028
54 2028
66 2028
8 2028
53 2028
57 2028
58 2028
61 2028
64 2028
11 2028
67 2028
14 2028
17 2028
35 2030
36 2030
68 2030
35 2030
60 2030
40 2030
43 2030
27 2030
30 2030
8 2031
62 2031
8 2031
10 2031
61 2031
62 2031
66 2031
61 2031
62 2031
66 2031
7 2031
54 2031
2 2031
5 2031
52 2031
59 2031
3 2031
52 2031
69 2031
11 2031
67 2031
14 2031
17 2031
17 2031
20 2031
20 2031
23 2031
51 2031
55 2031
56 2031
70 2031
69 2032
2 2032
3 2032
52 2032
69 2032
2 2032
5 2032
59 2032
5 2032
54 2032
66 2032
8 2032
53 2032
58 2032
61 2032
62 2032
64 2032
11 2032
67 2032
14 2032
17 2032
9 2034
61 2034
62 2034
66 2034
66 2034
8 2034
61 2034
62 2034
66 2034
8 2034
53 2034
58 2034
61 2034
62 2034
64 2034
7 2034
54 2034
2 2034
5 2034
59 2034
11 2034
67 2034
3 2034
52 2034
69 2034
14 2034
17 2034
17 2034
20 2034
20 2034
23 2034
51 2034
55 2034
56 2034
70 2034
11 2035
53 2035
57 2035
58 2035
64 2035
10 2035
58 2035
58 2035
10 2035
53 2035
61 2035
62 2035
66 2035
58 2035
64 2035
11 2035
67 2035
7 2035
54 2035
14 2035
17 2035
2 2035
5 2035
59 2035
3 2035
52 2035
69 2035
17 2035
20 2035
20 2035
23 2035
51 2035
55 2035
56 2035
70 2035
0 2035
23 2035
65 2035
1 2036
3 2036
4 2036
52 2036
59 2036
69 2036
4 2036
59 2036
5 2036
54 2036
8 2036
53 2036
58 2036
61 2036
62 2036
64 2036
66 2036
11 2036
57 2036
67 2036
14 2036
17 2036
8 2037
10 2037
53 2037
61 2037
62 2037
66 2037
9 2037
53 2037
62 2037
66 2037
53 2037
61 2037
9 2037
53 2037
61 2037
62 2037
66 2037
11 2037
57 2037
64 2037
67 2037
7 2037
54 2037
2 2037
5 2037
59 2037
69 2037
14 2037
17 2037
3 2037
52 2037
69 2037
17 2037
20 2037
56 2037
20 2037
23 2037
51 2037
18 2039
55 2039
56 2039
70 2039
56 2039
19 2039
20 2039
56 2039
70 2039
20 2039
23 2039
51 2039
14 2039
17 2039
0 2039
23 2039
65 2039
13 2039
57 2039
58 2039
64 2039
67 2039
10 2039
53 2039
61 2039
62 2039
66 2039
7 2039
54 2039
12 2041
13 2041
57 2041
58 2041
64 2041
67 2041
11 2041
57 2041
58 2041
64 2041
11 2041
58 2041
64 2041
67 2041
11 2041
12 2041
57 2041
58 2041
67 2041
12 2041
67 2041
10 2041
53 2041
61 2041
62 2041
66 2041
14 2041
17 2041
7 2041
54 2041
2 2041
5 2041
54 2041
59 2041
69 2041
17 2041
20 2041
56 2041
70 2041
3 2041
52 2041
69 2041
20 2041
23 2041
0 2041
23 2041
63 2041
65 2041
12 2043
13 2043
57 2043
58 2043
64 2043
67 2043
11 2043
57 2043
58 2043
67 2043
67 2043
11 2043
12 2043
67 2043
11 2043
58 2043
64 2043
67 2043
10 2043
53 2043
61 2043
66 2043
14 2043
17 2043
7 2043
54 2043
2 2043
5 2043
54 2043
59 2043
69 2043
17 2043
20 2043
56 2043
70 2043
3 2043
52 2043
20 2043
23 2043
0 2043
23 2043
63 2043
65 2043
3 2044
54 2044
1 2044
4 2044
52 2044
59 2044
69 2044
5 2044
54 2044
5 2044
8 2044
53 2044
61 2044
62 2044
66 2044
11 2044
57 2044
58 2044
64 2044
67 2044
14 2044
17 2044
17 2044
20 2044
56 2044
70 2044
20 2045
70 2045
18 2045
19 2045
19 2045
55 2045
56 2045
70 2045
14 2045
17 2045
20 2045
23 2045
0 2045
23 2045
63 2045
65 2045
13 2045
57 2045
58 2045
64 2045
67 2045
10 2045
53 2045
61 2045
66 2045
7 2045
54 2045
11 2046
12 2046
57 2046
12 2046
13 2046
57 2046
58 2046
64 2046
67 2046
11 2046
67 2046
11 2046
58 2046
64 2046
67 2046
10 2046
53 2046
66 2046
14 2046
17 2046
7 2046
54 2046
2 2046
5 2046
54 2046
59 2046
69 2046
17 2046
20 2046
55 2046
56 2046
70 2046
3 2046
52 2046
59 2046
20 2046
23 2046
0 2046
23 2046
63 2046
65 2046
9 2047
61 2047
61 2047
10 2047
53 2047
66 2047
10 2047
61 2047
62 2047
66 2047
11 2047
57 2047
58 2047
64 2047
67 2047
7 2047
54 2047
2 2047
5 2047
54 2047
59 2047
69 2047
14 2047
17 2047
3 2047
52 2047
59 2047
17 2047
20 2047
55 2047
56 2047
70 2047
20 2047
23 2047
3 2048
52 2048
59 2048
52 2048
69 2048
2 2048
5 2048
54 2048
59 2048
69 2048
3 2048
59 2048
5 2048
8 2048
53 2048
61 2048
62 2048
66 2048
11 2048
57 2048
58 2048
64 2048
67 2048
14 2048
17 2048
68 2050
68 2050
34 2050
37 2050
60 2050
27 2050
30 2050
40 2050
43 2050
9 2051
61 2051
62 2051
66 2051
67 2051
10 2051
61 2051
10 2051
53 2051
66 2051
11 2051
57 2051
58 2051
61 2051
64 2051
67 2051
7 2051
54 2051
14 2051
17 2051
2 2051
5 2051
54 2051
59 2051
69 2051
3 2051
52 2051
59 2051
17 2051
20 2051
55 2051
56 2051
70 2051
20 2051
23 2051
0 2051
23 2051
63 2051
65 2051
1 2052
3 2052
4 2052
52 2052
59 2052
69 2052
4 2052
54 2052
69 2052
5 2052
8 2052
61 2052
62 2052
66 2052
11 2052
57 2052
58 2052
64 2052
67 2052
14 2052
17 2052
11 2054
62 2054
66 2054
67 2054
10 2054
53 2054
10 2054
61 2054
62 2054
66 2054
61 2054
61 2054
11 2054
57 2054
58 2054
64 2054
67 2054
7 2054
2 2054
5 2054
54 2054
69 2054
14 2054
17 2054
3 2054
52 2054
59 2054
17 2054
20 2054
55 2054
56 2054
70 2054
20 2054
23 2054
0 2054
23 2054
63 2054
65 2054
11 2055
57 2055
58 2055
64 2055
58 2055
13 2055
58 2055
64 2055
14 2055
17 2055
10 2055
53 2055
17 2055
20 2055
55 2055
56 2055
70 2055
7 2055
2 2055
5 2055
54 2055
69 2055
20 2055
23 2055
3 2055
52 2055
59 2055
0 2055
23 2055
63 2055
65 2055
2 2056
3 2056
52 2056
59 2056
2 2056
5 2056
54 2056
69 2056
5 2056
53 2056
8 2056
61 2056
66 2056
67 2056
11 2056
57 2056
58 2056
64 2056
14 2056
17 2056
7 2057
7 2057
53 2057
2 2057
5 2057
52 2057
54 2057
69 2057
8 2057
66 2057
67 2057
3 2057
52 2057
59 2057
11 2057
57 2057
58 2057
61 2057
64 2057
14 2057
17 2057
17 2057
20 2057
55 2057
56 2057
70 2057
0 2058
23 2058
63 2058
20 2058
23 2058
17 2058
20 2058
55 2058
56 2058
70 2058
14 2058
17 2058
13 2058
61 2058
62 2058
66 2058
67 2058
18 2059
19 2059
55 2059
56 2059
70 2059
56 2059
14 2059
17 2059
17 2059
56 2059
70 2059
18 2059
51 2059
20 2059
23 2059
13 2059
61 2059
62 2059
66 2059
67 2059
0 2059
23 2059
63 2059
10 2059
7 2059
69 2059
2 2059
5 2059
52 2059
54 2059
69 2059
57 2061
58 2061
64 2061
13 2061
61 2061
62 2061
66 2061
58 2061
64 2061
14 2061
17 2061
10 2061
17 2061
20 2061
51 2061
55 2061
56 2061
70 2061
7 2061
53 2061
69 2061
20 2061
23 2061
65 2061
2 2061
5 2061
52 2061
54 2061
69 2061
3 2061
54 2061
59 2061
0 2061
23 2061
63 2061
8 2063
67 2063
10 2063
67 2063
11 2063
58 2063
61 2063
62 2063
64 2063
66 2063
7 2063
53 2063
69 2063
2 2063
5 2063
52 2063
54 2063
14 2063
17 2063
3 2063
54 2063
59 2063
17 2063
20 2063
51 2063
55 2063
56 2063
70 2063
20 2063
23 2063
65 2063
1 2064
3 2064
4 2064
52 2064
54 2064
54 2064
2 2064
3 2064
54 2064
3 2064
69 2064
5 2064
53 2064
8 2064
67 2064
11 2064
58 2064
61 2064
62 2064
64 2064
66 2064
14 2064
17 2064
18 2065
70 2065
14 2065
17 2065
17 2065
56 2065
70 2065
17 2065
20 2065
51 2065
56 2065
70 2065
20 2065
23 2065
65 2065
13 2065
61 2065
62 2065
66 2065
0 2065
23 2065
63 2065
10 2065
67 2065
7 2065
53 2065
69 2065
2 2065
5 2065
52 2065
54 2065
11 2067
61 2067
61 2067
12 2067
61 2067
62 2067
66 2067
14 2067
17 2067
57 2067
10 2067
67 2067
17 2067
20 2067
51 2067
56 2067
7 2067
53 2067
69 2067
2 2067
5 2067
52 2067
54 2067
20 2067
23 2067
65 2067
3 2067
54 2067
59 2067
0 2067
23 2067
63 2067
2 2068
3 2068
54 2068
59 2068
3 2068
4 2068
52 2068
54 2068
3 2068
52 2068
69 2068
5 2068
53 2068
8 2068
67 2068
11 2068
58 2068
61 2068
62 2068
66 2068
14 2068
17 2068
57 2068
68 2070
68 2070
27 2070
30 2070
34 2070
37 2070
40 2070
43 2070
11 2071
61 2071
62 2071
66 2071
11 2071
12 2071
61 2071
13 2071
61 2071
14 2071
17 2071
56 2071
57 2071
64 2071
10 2071
67 2071
17 2071
20 2071
51 2071
7 2071
53 2071
69 2071
20 2071
23 2071
65 2071
2 2071
5 2071
52 2071
54 2071
3 2071
54 2071
59 2071
0 2071
23 2071
63 2071
13 2074
62 2074
66 2074
12 2074
61 2074
62 2074
66 2074
61 2074
10 2074
67 2074
14 2074
17 2074
56 2074
57 2074
58 2074
64 2074
70 2074
7 2074
53 2074
69 2074
17 2074
20 2074
2 2074
5 2074
52 2074
3 2074
54 2074
59 2074
20 2074
23 2074
65 2074
0 2074
23 2074
16 2075
57 2075
58 2075
64 2075
14 2075
58 2075
64 2075
15 2075
55 2075
56 2075
70 2075
13 2075
61 2075
62 2075
66 2075
17 2075
20 2075
10 2075
67 2075
20 2075
23 2075
65 2075
7 2075
53 2075
69 2075
0 2075
23 2075
2 2075
5 2075
52 2075
3 2075
54 2075
59 2075
2 2077
5 2077
52 2077
59 2077
5 2077
52 2077
53 2077
5 2077
53 2077
69 2077
3 2077
54 2077
59 2077
8 2077
67 2077
11 2077
61 2077
62 2077
66 2077
14 2077
17 2077
55 2077
56 2077
57 2077
58 2077
64 2077
70 2077
17 2077
20 2077
21 2078
63 2078
22 2078
65 2078
23 2078
63 2078
0 2078
23 2078
17 2078
20 2078
14 2078
17 2078
55 2078
56 2078
57 2078
58 2078
64 2078
70 2078
13 2078
66 2078
10 2078
67 2078
15 2079
56 2079
57 2079
64 2079
70 2079
16 2079
56 2079
15 2079
16 2079
56 2079
58 2079
61 2079
64 2079
16 2079
55 2079
56 2079
57 2079
64 2079
70 2079
55 2079
58 2079
70 2079
17 2079
20 2079
13 2079
66 2079
20 2079
23 2079
63 2079
65 2079
10 2079
67 2079
0 2079
23 2079
7 2079
52 2079
53 2079
69 2079
2 2079
5 2079
52 2079
59 2079
3 2079
54 2079
14 2081
16 2081
17 2081
55 2081
56 2081
57 2081
58 2081
64 2081
70 2081
15 2081
56 2081
57 2081
58 2081
64 2081
70 2081
15 2081
16 2081
64 2081
15 2081
16 2081
56 2081
58 2081
64 2081
70 2081
15 2081
16 2081
55 2081
70 2081
70 2081
17 2081
20 2081
13 2081
66 2081
20 2081
23 2081
63 2081
65 2081
10 2081
67 2081
0 2081
23 2081
7 2081
52 2081
53 2081
69 2081
2 2081
5 2081
59 2081
3 2081
54 2081
8 2083
67 2083
8 2083
7 2083
52 2083
53 2083
2 2083
5 2083
53 2083
59 2083
11 2083
61 2083
66 2083
3 2083
54 2083
14 2083
17 2083
55 2083
56 2083
57 2083
58 2083
64 2083
70 2083
17 2083
20 2083
20 2083
23 2083
63 2083
65 2083
3 2084
54 2084
2 2084
5 2084
53 2084
59 2084
5 2084
67 2084
69 2084
8 2084
11 2084
61 2084
66 2084
14 2084
17 2084
55 2084
56 2084
57 2084
58 2084
64 2084
70 2084
14 2085
16 2085
17 2085
55 2085
56 2085
57 2085
58 2085
64 2085
70 2085
15 2085
56 2085
57 2085
64 2085
70 2085
15 2085
16 2085
70 2085
15 2085
16 2085
70 2085
15 2085
16 2085
56 2085
58 2085
64 2085
70 2085
51 2085
58 2085
17 2085
20 2085
13 2085
20 2085
23 2085
63 2085
65 2085
10 2085
67 2085
0 2085
23 2085
7 2085
52 2085
53 2085
2 2085
5 2085
53 2085
59 2085
3 2085
54 2085
57 2086
57 2086
14 2086
16 2086
17 2086
55 2086
56 2086
57 2086
58 2086
64 2086
70 2086
15 2086
56 2086
58 2086
64 2086
15 2086
16 2086
56 2086
58 2086
64 2086
70 2086
15 2086
16 2086
56 2086
64 2086
70 2086
15 2086
16 2086
70 2086
17 2086
20 2086
13 2086
20 2086
23 2086
63 2086
65 2086
10 2086
67 2086
0 2086
23 2086
7 2086
52 2086
53 2086
2 2086
5 2086
53 2086
59 2086
3 2086
54 2086
61 2087
14 2087
61 2087
62 2087
66 2087
14 2087
17 2087
55 2087
56 2087
57 2087
58 2087
64 2087
70 2087
13 2087
17 2087
20 2087
10 2087
67 2087
20 2087
23 2087
63 2087
65 2087
7 2087
52 2087
53 2087
2 2087
5 2087
53 2087
59 2087
0 2087
23 2087
3 2087
54 2087
28 2090
68 2090
29 2090
30 2090
68 2090
34 2090
37 2090
13 2091
15 2091
56 2091
61 2091
61 2091
14 2091
15 2091
17 2091
55 2091
56 2091
57 2091
58 2091
61 2091
64 2091
70 2091
14 2091
61 2091
62 2091
66 2091
70 2091
13 2091
17 2091
20 2091
10 2091
67 2091
20 2091
23 2091
63 2091
7 2091
52 2091
53 2091
2 2091
5 2091
53 2091
59 2091
0 2091
23 2091
3 2091
54 2091
56 2094
61 2094
62 2094
66 2094
70 2094
13 2094
66 2094
14 2094
17 2094
55 2094
56 2094
58 2094
61 2094
64 2094
70 2094
10 2094
67 2094
69 2094
17 2094
20 2094
7 2094
52 2094
20 2094
23 2094
63 2094
2 2094
5 2094
53 2094
59 2094
3 2094
54 2094
0 2094
23 2094
58 2095
15 2095
16 2095
55 2095
56 2095
61 2095
62 2095
66 2095
70 2095
16 2095
58 2095
64 2095
17 2095
20 2095
13 2095
20 2095
23 2095
63 2095
10 2095
67 2095
69 2095
0 2095
23 2095
7 2095
52 2095
2 2095
5 2095
53 2095
59 2095
3 2095
54 2095
2 2097
5 2097
53 2097
54 2097
59 2097
3 2097
54 2097
3 2097
4 2097
53 2097
5 2097
52 2097
67 2097
8 2097
11 2097
14 2097
17 2097
51 2097
56 2097
58 2097
61 2097
62 2097
64 2097
66 2097
70 2097
22 2098
63 2098
65 2098
17 2098
20 2098
57 2098
65 2098
20 2098
63 2098
21 2098
0 2098
23 2098
14 2098
17 2098
51 2098
56 2098
58 2098
61 2098
62 2098
64 2098
66 2098
70 2098
13 2098
10 2098
69 2098
56 2099
14 2099
56 2099
66 2099
70 2099
14 2099
17 2099
51 2099
61 2099
62 2099
66 2099
13 2099
17 2099
20 2099
57 2099
64 2099
65 2099
10 2099
69 2099
20 2099
23 2099
63 2099
7 2099
52 2099
59 2099
67 2099
2 2099
5 2099
53 2099
54 2099
0 2099
23 2099
3 2099
54 2099
19 2101
57 2101
58 2101
64 2101
14 2101
17 2101
61 2101
62 2101
66 2101
17 2101
58 2101
64 2101
18 2101
63 2101
65 2101
20 2101
23 2101
13 2101
0 2101
23 2101
10 2101
69 2101
7 2101
59 2101
67 2101
2 2101
5 2101
53 2101
54 2101
5 2103
52 2103
67 2103
7 2103
67 2103
2 2103
5 2103
53 2103
54 2103
8 2103
69 2103
3 2103
11 2103
56 2103
70 2103
14 2103
17 2103
61 2103
62 2103
66 2103
17 2103
20 2103
57 2103
58 2103
64 2103
65 2103
2 2104
5 2104
53 2104
54 2104
3 2104
3 2104
4 2104
54 2104
5 2104
52 2104
67 2104
8 2104
69 2104
11 2104
56 2104
70 2104
14 2104
17 2104
61 2104
62 2104
66 2104
14 2105
55 2105
56 2105
70 2105
13 2105
70 2105
13 2105
56 2105
70 2105
14 2105
17 2105
61 2105
62 2105
66 2105
10 2105
69 2105
17 2105
20 2105
57 2105
58 2105
63 2105
64 2105
65 2105
7 2105
59 2105
67 2105
20 2105
23 2105
2 2105
5 2105
53 2105
54 2105
3 2105
53 2105
0 2105
23 2105
19 2106
57 2106
58 2106
64 2106
65 2106
14 2106
17 2106
61 2106
62 2106
66 2106
17 2106
58 2106
64 2106
18 2106
63 2106
65 2106
20 2106
23 2106
13 2106
0 2106
23 2106
10 2106
69 2106
7 2106
59 2106
67 2106
2 2106
5 2106
53 2106
54 2106
61 2107
15 2107
16 2107
51 2107
56 2107
61 2107
66 2107
70 2107
16 2107
61 2107
66 2107
17 2107
20 2107
57 2107
58 2107
63 2107
64 2107
65 2107
13 2107
20 2107
23 2107
10 2107
69 2107
0 2107
23 2107
7 2107
59 2107
67 2107
2 2107
5 2107
53 2107
54 2107
3 2107
53 2107
29 2110
68 2110
27 2110
68 2110
28 2110
60 2110
34 2110
37 2110
15 2111
16 2111
51 2111
56 2111
66 2111
16 2111
61 2111
62 2111
66 2111
17 2111
20 2111
57 2111
58 2111
63 2111
64 2111
65 2111
13 2111
20 2111
23 2111
10 2111
52 2111
69 2111
0 2111
23 2111
7 2111
59 2111
67 2111
2 2111
5 2111
53 2111
54 2111
3 2111
53 2111
14 2114
17 2114
61 2114
62 2114
66 2114
15 2114
16 2114
66 2114
17 2114
20 2114
57 2114
58 2114
63 2114
64 2114
65 2114
13 2114
56 2114
70 2114
20 2114
23 2114
10 2114
52 2114
69 2114
0 2114
23 2114
7 2114
59 2114
67 2114
2 2114
5 2114
54 2114
3 2114
53 2114
58 2115
63 2115
18 2115
19 2115
58 2115
64 2115
65 2115
18 2115
57 2115
63 2115
64 2115
19 2115
57 2115
14 2115
17 2115
61 2115
62 2115
66 2115
20 2115
23 2115
0 2115
23 2115
13 2115
56 2115
70 2115
10 2115
52 2115
69 2115
7 2115
59 2115
67 2115
2 2117
3 2117
53 2117
2 2117
5 2117
54 2117
67 2117
5 2117
59 2117
8 2117
69 2117
11 2117
55 2117
56 2117
70 2117
14 2117
17 2117
66 2117
17 2118
19 2118
20 2118
57 2118
58 2118
63 2118
64 2118
65 2118
18 2118
63 2118
18 2118
19 2118
63 2118
18 2118
19 2118
58 2118
63 2118
64 2118
14 2118
17 2118
66 2118
20 2118
23 2118
0 2118
23 2118
13 2118
56 2118
70 2118
10 2118
52 2118
7 2118
54 2118
59 2118
67 2118
56 2119
12 2119
56 2119
70 2119
10 2119
52 2119
14 2119
17 2119
66 2119
7 2119
54 2119
59 2119
67 2119
17 2119
20 2119
57 2119
58 2119
63 2119
64 2119
2 2119
5 2119
54 2119
67 2119
3 2119
53 2119
20 2119
23 2119
0 2119
23 2119
18 2121
57 2121
58 2121
63 2121
64 2121
19 2121
61 2121
62 2121
63 2121
65 2121
66 2121
20 2121
64 2121
20 2121
23 2121
14 2121
17 2121
66 2121
0 2121
23 2121
13 2121
56 2121
70 2121
10 2121
52 2121
7 2121
54 2121
67 2121
3 2123
5 2123
54 2123
67 2123
67 2123
1 2123
4 2123
5 2123
67 2123
5 2123
59 2123
8 2123
52 2123
69 2123
11 2123
56 2123
70 2123
14 2123
17 2123
66 2123
17 2123
20 2123
58 2123
61 2123
63 2123
64 2123
4 2124
54 2124
2 2124
5 2124
67 2124
5 2124
54 2124
59 2124
67 2124
5 2124
3 2124
53 2124
8 2124
52 2124
11 2124
56 2124
70 2124
14 2124
17 2124
66 2124
17 2124
20 2124
58 2124
61 2124
63 2124
64 2124
12 2125
13 2125
55 2125
56 2125
69 2125
70 2125
11 2125
70 2125
11 2125
56 2125
70 2125
10 2125
52 2125
14 2125
17 2125
7 2125
54 2125
67 2125
2 2125
5 2125
67 2125
17 2125
20 2125
58 2125
61 2125
63 2125
64 2125
3 2125
53 2125
20 2125
23 2125
0 2125
23 2125
17 2127
61 2127
66 2127
61 2127
17 2127
18 2127
57 2127
58 2127
61 2127
63 2127
64 2127
18 2127
19 2127
63 2127
20 2127
23 2127
14 2127
17 2127
65 2127
0 2127
23 2127
13 2127
55 2127
56 2127
69 2127
70 2127
10 2127
52 2127
7 2127
54 2127
2 2127
5 2127
67 2127
27 2130
30 2130
34 2130
37 2130
17 2131
61 2131
66 2131
17 2131
18 2131
57 2131
58 2131
61 2131
63 2131
64 2131
66 2131
18 2131
19 2131
18 2131
63 2131
20 2131
23 2131
14 2131
17 2131
65 2131
0 2131
23 2131
13 2131
55 2131
56 2131
69 2131
70 2131
10 2131
52 2131
7 2131
54 2131
2 2131
5 2131
67 2131
11 2132
69 2132
11 2132
56 2132
69 2132
70 2132
11 2132
56 2132
70 2132
10 2132
52 2132
14 2132
17 2132
65 2132
7 2132
54 2132
2 2132
5 2132
67 2132
17 2132
20 2132
58 2132
61 2132
62 2132
63 2132
66 2132
3 2132
53 2132
20 2132
23 2132
0 2132
23 2132
18 2134
19 2134
61 2134
62 2134
63 2134
66 2134
17 2134
66 2134
14 2134
17 2134
65 2134
17 2134
63 2134
66 2134
18 2134
58 2134
64 2134
20 2134
23 2134
57 2134
64 2134
13 2134
55 2134
56 2134
69 2134
70 2134
0 2134
23 2134
10 2134
52 2134
59 2134
7 2134
54 2134
2 2134
5 2134
67 2134
17 2135
20 2135
61 2135
62 2135
63 2135
66 2135
20 2135
58 2135
64 2135
20 2135
23 2135
57 2135
64 2135
14 2135
17 2135
65 2135
0 2135
23 2135
13 2135
55 2135
56 2135
69 2135
70 2135
10 2135
52 2135
59 2135
3 2137
53 2137
2 2137
3 2137
53 2137
67 2137
2 2137
5 2137
53 2137
67 2137
5 2137
54 2137
8 2137
52 2137
56 2137
70 2137
11 2137
69 2137
14 2137
17 2137
63 2137
65 2137
15 2138
63 2138
65 2138
16 2138
65 2138
17 2138
63 2138
17 2138
20 2138
61 2138
62 2138
66 2138
13 2138
56 2138
69 2138
70 2138
20 2138
23 2138
57 2138
58 2138
64 2138
10 2138
59 2138
0 2138
23 2138
68 2138
7 2138
54 2138
2 2138
5 2138
53 2138
67 2138
3 2138
53 2138
67 2138
11 2139
52 2139
55 2139
56 2139
70 2139
10 2139
52 2139
56 2139
70 2139
56 2139
10 2139
59 2139
56 2139
70 2139
11 2139
69 2139
7 2139
54 2139
14 2139
17 2139
63 2139
65 2139
2 2139
5 2139
53 2139
67 2139
3 2139
53 2139
67 2139
17 2139
20 2139
61 2139
62 2139
66 2139
20 2139
23 2139
57 2139
58 2139
64 2139
0 2139
23 2139
68 2139
20 2141
23 2141
57 2141
58 2141
64 2141
21 2141
22 2141
64 2141
17 2141
20 2141
61 2141
62 2141
66 2141
0 2141
23 2141
68 2141
14 2141
17 2141
63 2141
65 2141
13 2141
52 2141
69 2141
10 2141
56 2141
59 2141
70 2141
1 2143
3 2143
4 2143
53 2143
67 2143
67 2143
2 2143
3 2143
67 2143
3 2143
5 2143
54 2143
8 2143
56 2143
59 2143
70 2143
11 2143
69 2143
14 2143
17 2143
63 2143
65 2143
5 2144
54 2144
7 2144
54 2144
2 2144
5 2144
53 2144
67 2144
8 2144
56 2144
59 2144
70 2144
3 2144
67 2144
11 2144
69 2144
14 2144
17 2144
63 2144
65 2144
17 2144
20 2144
61 2144
66 2144
8 2145
10 2145
56 2145
59 2145
70 2145
9 2145
70 2145
10 2145
56 2145
70 2145
11 2145
69 2145
7 2145
2 2145
5 2145
53 2145
67 2145
14 2145
17 2145
63 2145
65 2145
3 2145
67 2145
17 2145
20 2145
61 2145
66 2145
20 2145
23 2145
57 2145
58 2145
64 2145
0 2150
23 2150
68 2150
20 2150
23 2150
57 2150
58 2150
64 2150
17 2150
20 2150
66 2150
14 2150
17 2150
63 2150
65 2150
13 2150
52 2150
18 2154
20 2154
61 2154
62 2154
66 2154
62 2154
66 2154
19 2154
20 2154
66 2154
20 2154
23 2154
58 2154
61 2154
64 2154
14 2154
17 2154
63 2154
0 2154
23 2154
68 2154
13 2154
52 2154
10 2154
54 2154
56 2154
70 2154
7 2154
58 2155
21 2155
22 2155
61 2155
62 2155
66 2155
22 2155
58 2155
64 2155
17 2155
20 2155
66 2155
0 2155
23 2155
68 2155
14 2155
17 2155
63 2155
13 2155
52 2155
10 2155
54 2155
56 2155
70 2155
1 2157
3 2157
4 2157
67 2157
4 2157
53 2157
5 2157
8 2157
54 2157
56 2157
59 2157
70 2157
11 2157
52 2157
14 2157
17 2157
63 2157
16 2158
63 2158
65 2158
69 2158
14 2158
63 2158
15 2158
13 2158
52 2158
17 2158
20 2158
10 2158
54 2158
56 2158
70 2158
20 2158
23 2158
58 2158
61 2158
64 2158
7 2158
53 2158
0 2158
23 2158
68 2158
2 2158
5 2158
53 2158
3 2158
67 2158
9 2159
10 2159
54 2159
55 2159
56 2159
70 2159
8 2159
54 2159
56 2159
70 2159
8 2159
9 2159
56 2159
8 2159
54 2159
56 2159
70 2159
7 2159
53 2159
2 2159
5 2159
53 2159
11 2159
52 2159
65 2159
3 2159
67 2159
14 2159
17 2159
63 2159
17 2159
20 2159
20 2159
23 2159
58 2159
61 2159
64 2159
66 2159
64 2161
20 2161
23 2161
61 2161
62 2161
66 2161
23 2161
58 2161
64 2161
68 2161
0 2161
23 2161
64 2161
68 2161
17 2161
20 2161
14 2161
17 2161
63 2161
13 2161
52 2161
3 2163
67 2163
2 2163
5 2163
5 2163
70 2163
8 2163
54 2163
11 2163
52 2163
65 2163
14 2163
17 2163
63 2163
10 2164
54 2164
56 2164
70 2164
8 2164
54 2164
70 2164
8 2164
54 2164
56 2164
8 2164
7 2164
53 2164
2 2164
5 2164
11 2164
52 2164
65 2164
3 2164
67 2164
14 2164
17 2164
63 2164
17 2164
20 2164
20 2164
23 2164
61 2164
62 2164
66 2164
8 2165
54 2165
56 2165
70 2165
70 2165
7 2165
53 2165
56 2165
70 2165
8 2165
54 2165
2 2165
5 2165
3 2165
67 2165
11 2165
52 2165
65 2165
14 2165
17 2165
63 2165
17 2165
20 2165
20 2165
23 2165
61 2165
62 2165
66 2165
20 2170
23 2170
61 2170
62 2170
66 2170
68 2170
23 2170
58 2170
64 2170
68 2170
0 2170
23 2170
57 2170
58 2170
60 2170
64 2170
17 2170
20 2170
14 2170
17 2170
69 2170
13 2170
59 2170
65 2170
20 2174
23 2174
61 2174
62 2174
66 2174
68 2174
21 2174
22 2174
66 2174
17 2174
20 2174
0 2174
23 2174
57 2174
58 2174
60 2174
64 2174
14 2174
17 2174
69 2174
13 2174
59 2174
65 2174
10 2174
54 2174
56 2174
70 2174
58 2175
24 2175
58 2175
64 2175
20 2175
23 2175
61 2175
62 2175
66 2175
68 2175
17 2175
20 2175
14 2175
17 2175
69 2175
13 2175
59 2175
65 2175
11 2178
59 2178
63 2178
65 2178
13 2178
63 2178
14 2178
17 2178
69 2178
10 2178
17 2178
20 2178
7 2178
53 2178
56 2178
70 2178
2 2178
5 2178
67 2178
20 2178
23 2178
61 2178
66 2178
68 2178
3 2178
0 2178
23 2178
57 2178
58 2178
64 2178
5 2179
7 2179
53 2179
56 2179
70 2179
6 2179
53 2179
56 2179
7 2179
53 2179
56 2179
70 2179
70 2179
2 2179
5 2179
67 2179
8 2179
54 2179
3 2179
11 2179
59 2179
63 2179
65 2179
14 2179
17 2179
69 2179
17 2179
20 2179
64 2181
25 2181
60 2181
61 2181
66 2181
20 2181
23 2181
66 2181
68 2181
17 2181
20 2181
14 2181
17 2181
69 2181
13 2181
54 2181
63 2181
65 2181
60 2182
21 2182
61 2182
66 2182
68 2182
22 2182
68 2182
23 2182
66 2182
0 2182
23 2182
58 2182
64 2182
17 2182
20 2182
14 2182
17 2182
69 2182
13 2182
54 2182
63 2182
65 2182
10 2182
2 2183
5 2183
67 2183
3 2183
3 2183
4 2183
67 2183
5 2183
53 2183
56 2183
70 2183
8 2183
54 2183
11 2183
59 2183
63 2183
14 2183
17 2183
69 2183
54 2184
65 2184
54 2184
10 2184
54 2184
11 2184
59 2184
63 2184
7 2184
56 2184
70 2184
14 2184
17 2184
69 2184
2 2184
5 2184
67 2184
3 2184
17 2184
20 2184
20 2184
23 2184
66 2184
68 2184
0 2184
23 2184
58 2184
64 2184
6 2185
7 2185
56 2185
70 2185
70 2185
2 2185
5 2185
67 2185
5 2185
70 2185
3 2185
8 2185
54 2185
11 2185
59 2185
63 2185
14 2185
17 2185
52 2185
17 2185
20 2185
61 2187
61 2187
20 2187
23 2187
66 2187
68 2187
23 2187
61 2187
66 2187
0 2187
23 2187
58 2187
61 2187
64 2187
17 2187
20 2187
14 2187
17 2187
52 2187
13 2187
54 2187
63 2187
65 2187
21 2190
22 2190
68 2190
21 2190
60 2190
61 2190
66 2190
17 2190
20 2190
0 2190
23 2190
58 2190
61 2190
64 2190
14 2190
17 2190
52 2190
13 2190
54 2190
63 2190
65 2190
10 2190
62 2191
66 2194
20 2194
23 2194
68 2194
23 2194
66 2194
0 2194
23 2194
58 2194
61 2194
64 2194
66 2194
61 2194
17 2194
20 2194
14 2194
17 2194
52 2194
13 2194
54 2194
63 2194
25 2195
61 2195
66 2195
20 2195
23 2195
68 2195
17 2195
20 2195
14 2195
17 2195
52 2195
13 2195
54 2195
63 2195
63 2198
65 2198
10 2198
53 2198
63 2198
11 2198
54 2198
7 2198
56 2198
67 2198
70 2198
14 2198
17 2198
52 2198
2 2198
5 2198
56 2198
67 2198
70 2198
3 2198
17 2198
20 2198
20 2198
23 2198
0 2198
23 2198
61 2198
66 2198
3 2199
5 2199
56 2199
67 2199
70 2199
4 2199
56 2199
67 2199
70 2199
5 2199
56 2199
1 2199
4 2199
5 2199
56 2199
70 2199
5 2199
67 2199
8 2199
63 2199
65 2199
11 2199
54 2199
14 2199
17 2199
52 2199
17 2199
20 2199
64 2201
27 2201
30 2201
34 2201
37 2201
7 2203
51 2203
67 2203
70 2203
2 2203
5 2203
56 2203
70 2203
5 2203
67 2203
3 2203
8 2203
53 2203
63 2203
65 2203
11 2203
54 2203
14 2203
17 2203
52 2203
17 2203
20 2203
68 2203
69 2203
11 2204
54 2204
13 2204
54 2204
14 2204
17 2204
52 2204
10 2204
53 2204
65 2204
17 2204
20 2204
68 2204
69 2204
7 2204
51 2204
67 2204
70 2204
2 2204
5 2204
56 2204
70 2204
20 2204
23 2204
60 2204
3 2204
0 2204
23 2204
61 2204
66 2204
2 2205
4 2205
5 2205
56 2205
70 2205
70 2205
3 2205
3 2205
4 2205
70 2205
5 2205
67 2205
8 2205
53 2205
63 2205
65 2205
11 2205
54 2205
14 2205
17 2205
61 2207
0 2207
23 2207
61 2207
66 2207
20 2207
23 2207
17 2207
20 2207
68 2207
69 2207
14 2207
17 2207
13 2207
54 2207
63 2207
25 2211
20 2211
23 2211
17 2211
20 2211
68 2211
69 2211
14 2211
17 2211
59 2211
13 2211
62 2214
66 2214
25 2214
20 2214
23 2214
17 2214
20 2214
68 2214
69 2214
14 2214
17 2214
59 2214
13 2214
58 2215
64 2215
27 2215
30 2215
34 2215
37 2215
8 2218
53 2218
63 2218
10 2218
63 2218
11 2218
7 2218
67 2218
2 2218
5 2218
56 2218
70 2218
14 2218
17 2218
59 2218
3 2218
56 2218
70 2218
17 2218
20 2218
52 2218
68 2218
20 2218
23 2218
2 2219
56 2219
2 2219
3 2219
56 2219
70 2219
3 2219
56 2219
70 2219
3 2219
4 2219
5 2219
67 2219
8 2219
53 2219
63 2219
11 2219
14 2219
17 2219
29 2221
58 2221
64 2221
64 2221
27 2221
58 2221
64 2221
28 2221
34 2221
37 2221
63 2223
65 2223
67 2223
67 2223
7 2223
67 2223
8 2223
53 2223
63 2223
2 2223
5 2223
51 2223
70 2223
3 2223
56 2223
70 2223
11 2223
14 2223
17 2223
54 2223
17 2223
20 2223
52 2223
68 2223
20 2223
23 2223
16 2224
54 2224
14 2224
54 2224
15 2224
59 2224
68 2224
13 2224
53 2224
17 2224
20 2224
52 2224
68 2224
10 2224
63 2224
67 2224
20 2224
23 2224
7 2224
0 2224
23 2224
2 2224
5 2224
51 2224
70 2224
3 2224
56 2224
70 2224
1 2225
4 2225
56 2225
70 2225
2 2225
70 2225
2 2225
3 2225
70 2225
3 2225
5 2225
65 2225
67 2225
8 2225
63 2225
11 2225
14 2225
17 2225
54 2225
61 2227
27 2227
30 2227
58 2227
64 2227
34 2227
37 2227
27 2231
30 2231
58 2231
64 2231
34 2231
37 2231
62 2234
66 2234
61 2234
27 2234
30 2234
58 2234
64 2234
34 2234
37 2234
63 2238
67 2238
7 2238
65 2238
63 2238
8 2238
67 2238
2 2238
5 2238
3 2238
56 2238
70 2238
11 2238
53 2238
14 2238
17 2238
54 2238
68 2238
17 2238
20 2238
20 2238
23 2238
2 2239
56 2239
1 2239
4 2239
56 2239
70 2239
3 2239
5 2239
63 2239
65 2239
8 2239
67 2239
11 2239
53 2239
14 2239
17 2239
54 2239
68 2239
27 2241
30 2241
58 2241
61 2241
64 2241
30 2241
58 2241
64 2241
34 2241
37 2241
9 2243
67 2243
7 2243
63 2243
65 2243
11 2243
53 2243
2 2243
5 2243
3 2243
51 2243
55 2243
56 2243
70 2243
14 2243
17 2243
54 2243
68 2243
17 2243
20 2243
20 2243
23 2243
15 2244
54 2244
68 2244
16 2244
17 2244
54 2244
17 2244
20 2244
13 2244
53 2244
20 2244
23 2244
10 2244
67 2244
0 2244
23 2244
7 2244
63 2244
65 2244
2 2244
5 2244
3 2244
51 2244
55 2244
56 2244
70 2244
2 2245
3 2245
51 2245
55 2245
56 2245
70 2245
70 2245
2 2245
5 2245
5 2245
63 2245
8 2245
67 2245
11 2245
53 2245
14 2245
17 2245
54 2245
68 2245
61 2247
28 2251
29 2251
61 2251
66 2251
28 2251
58 2251
64 2251
34 2251
37 2251
66 2254
28 2254
29 2254
66 2254
28 2254
58 2254
61 2254
64 2254
61 2254
34 2254
37 2254
7 2258
63 2258
2 2258
5 2258
56 2258
65 2258
70 2258
5 2258
63 2258
3 2258
51 2258
8 2258
67 2258
11 2258
14 2258
17 2258
17 2258
20 2258
54 2258
4 2259
56 2259
56 2259
2 2259
3 2259
51 2259
3 2259
4 2259
56 2259
70 2259
3 2259
56 2259
63 2259
65 2259
70 2259
5 2259
63 2259
8 2259
67 2259
11 2259
14 2259
17 2259
2 2260
5 2260
55 2260
56 2260
63 2260
65 2260
70 2260
3 2260
3 2260
4 2260
56 2260
70 2260
5 2260
8 2260
11 2260
14 2260
17 2260
32 2261
64 2261
27 2261
30 2261
66 2261
34 2261
37 2261
40 2261
43 2261
11 2263
67 2263
11 2263
67 2263
10 2263
14 2263
17 2263
53 2263
7 2263
63 2263
2 2263
5 2263
55 2263
56 2263
63 2263
65 2263
70 2263
17 2263
20 2263
54 2263
3 2263
20 2263
23 2263
52 2263
0 2263
23 2263
18 2264
19 2264
54 2264
18 2264
54 2264
14 2264
17 2264
53 2264
20 2264
23 2264
52 2264
0 2264
23 2264
13 2264
67 2264
10 2264
7 2264
63 2264
2 2265
4 2265
5 2265
55 2265
56 2265
63 2265
65 2265
70 2265
5 2265
65 2265
70 2265
4 2265
70 2265
3 2265
3 2265
4 2265
56 2265
70 2265
56 2265
5 2265
8 2265
11 2265
67 2265
14 2265
17 2265
53 2265
17 2265
20 2265
54 2265
61 2267
2 2278
5 2278
51 2278
63 2278
3 2278
65 2278
3 2278
4 2278
63 2278
5 2278
8 2278
11 2278
67 2278
68 2278
14 2278
17 2278
53 2278
6 2279
56 2279
2 2279
5 2279
51 2279
63 2279
5 2279
55 2279
56 2279
70 2279
5 2279
70 2279
3 2279
65 2279
8 2279
11 2279
67 2279
68 2279
14 2279
17 2279
53 2279
17 2279
20 2279
13 2283
68 2283
13 2283
67 2283
14 2283
17 2283
53 2283
10 2283
17 2283
20 2283
7 2283
55 2283
56 2283
70 2283
2 2283
5 2283
51 2283
63 2283
20 2283
23 2283
3 2283
63 2283
65 2283
0 2283
23 2283
7 2285
55 2285
56 2285
70 2285
70 2285
2 2285
5 2285
63 2285
5 2285
56 2285
70 2285
3 2285
63 2285
65 2285
8 2285
11 2285
67 2285
68 2285
14 2285
17 2285
53 2285
17 2285
20 2285
61 2287
62 2291
66 2294
3 2298
63 2298
65 2298
2 2298
5 2298
5 2298
55 2298
56 2298
70 2298
8 2298
11 2298
60 2298
14 2298
17 2298
67 2298
7 2299
51 2299
7 2299
55 2299
56 2299
70 2299
2 2299
5 2299
8 2299
68 2299
3 2299
63 2299
65 2299
11 2299
60 2299
14 2299
17 2299
67 2299
17 2299
20 2299
53 2299
15 2303
16 2303
67 2303
15 2303
17 2303
20 2303
53 2303
13 2303
60 2303
20 2303
23 2303
54 2303
10 2303
56 2303
70 2303
0 2303
23 2303
7 2303
51 2303
2 2303
5 2303
3 2303
63 2303
55 2305
56 2305
70 2305
70 2305
7 2305
51 2305
56 2305
70 2305
8 2305
68 2305
2 2305
5 2305
3 2305
63 2305
11 2305
14 2305
17 2305
67 2305
17 2305
20 2305
53 2305
20 2305
23 2305
54 2305
61 2307
62 2311
66 2314
1 2318
4 2318
63 2318
2 2318
3 2318
63 2318
3 2318
5 2318
8 2318
56 2318
70 2318
11 2318
14 2318
17 2318
67 2318
56 2319
70 2319
9 2319
55 2319
56 2319
70 2319
7 2319
11 2319
2 2319
5 2319
63 2319
65 2319
3 2319
63 2319
14 2319
17 2319
67 2319
17 2319
20 2319
20 2319
23 2319
14 2323
17 2323
17 2323
67 2323
17 2323
20 2323
20 2323
23 2323
13 2323
0 2323
23 2323
54 2323
10 2323
51 2323
55 2323
56 2323
68 2323
70 2323
7 2323
2 2323
5 2323
63 2323
8 2325
55 2325
56 2325
60 2325
70 2325
60 2325
70 2325
70 2325
10 2325
55 2325
56 2325
70 2325
11 2325
7 2325
2 2325
5 2325
63 2325
14 2325
17 2325
3 2325
17 2325
20 2325
20 2325
23 2325
61 2327
55 2329
8 2329
55 2329
56 2329
60 2329
70 2329
70 2329
10 2329
70 2329
11 2329
7 2329
2 2329
5 2329
63 2329
14 2329
17 2329
3 2329
17 2329
20 2329
20 2329
23 2329
62 2331
70 2333
10 2333
51 2333
10 2333
55 2333
56 2333
70 2333
11 2333
7 2333
2 2333
5 2333
63 2333
14 2333
17 2333
3 2333
17 2333
20 2333
67 2333
20 2333
23 2333
53 2333
66 2334
3 2338
63 2338
1 2338
4 2338
5 2338
63 2338
5 2338
68 2338
8 2338
51 2338
55 2338
70 2338
11 2338
14 2338
17 2338
17 2338
20 2338
67 2338
70 2339
11 2339
55 2339
56 2339
70 2339
11 2339
10 2339
60 2339
14 2339
17 2339
7 2339
63 2339
65 2339
2 2339
5 2339
63 2339
17 2339
20 2339
67 2339
3 2339
20 2339
23 2339
53 2339
0 2339
23 2339
13 2345
55 2345
56 2345
70 2345
70 2345
70 2345
11 2345
70 2345
10 2345
60 2345
14 2345
17 2345
7 2345
63 2345
68 2345
2 2345
5 2345
17 2345
20 2345
67 2345
3 2345
20 2345
23 2345
53 2345
0 2345
23 2345
61 2347
13 2349
55 2349
56 2349
70 2349
70 2349
11 2349
70 2349
10 2349
14 2349
17 2349
7 2349
63 2349
68 2349
2 2349
5 2349
17 2349
20 2349
67 2349
3 2349
20 2349
23 2349
0 2349
23 2349
62 2351
66 2354
63 2358
6 2358
63 2358
2 2358
5 2358
3 2358
8 2358
11 2358
55 2358
56 2358
70 2358
14 2358
17 2358
17 2358
20 2358
70 2359
13 2359
51 2359
55 2359
70 2359
13 2359
55 2359
56 2359
70 2359
14 2359
17 2359
10 2359
17 2359
20 2359
7 2359
63 2359
2 2359
5 2359
20 2359
23 2359
3 2359
0 2359
23 2359
7 2362
60 2362
63 2362
7 2362
63 2362
2 2362
5 2362
8 2362
3 2362
11 2362
51 2362
55 2362
56 2362
70 2362
14 2362
17 2362
17 2362
20 2362
70 2365
70 2365
13 2365
51 2365
13 2365
55 2365
56 2365
70 2365
14 2365
17 2365
10 2365
17 2365
20 2365
7 2365
60 2365
2 2365
5 2365
20 2365
23 2365
67 2365
3 2365
0 2365
23 2365
53 2365
61 2367
62 2371
66 2374
8 2378
63 2378
8 2378
7 2378
60 2378
2 2378
5 2378
11 2378
51 2378
3 2378
14 2378
17 2378
70 2378
17 2378
20 2378
20 2378
23 2378
67 2378
70 2379
15 2379
16 2379
55 2379
56 2379
70 2379
15 2379
17 2379
20 2379
13 2379
20 2379
23 2379
67 2379
10 2379
63 2379
0 2379
23 2379
7 2379
60 2379
2 2379
5 2379
3 2379
70 2385
70 2385
15 2385
16 2385
55 2385
56 2385
70 2385
15 2385
17 2385
20 2385
13 2385
20 2385
23 2385
10 2385
63 2385
0 2385
23 2385
7 2385
2 2385
5 2385
60 2385
3 2385
61 2387
62 2391
66 2394
10 2398
10 2398
63 2398
11 2398
7 2398
2 2398
5 2398
60 2398
14 2398
17 2398
51 2398
55 2398
70 2398
3 2398
17 2398
20 2398
20 2398
23 2398