64 0.16 5
59 0.16 5
58 0.16 5
56 0.16 5
62 0.16 5
61 0.016 5
61 0.16 4.984
54 0.16 5
55 0.016 5
55 0.16 4.984
57 0.016 5
57 0.16 4.984
55 0.16 4.824
54 0.016 4.84
54 0.16 4.824
57 0.016 4.824
57 0.16 4.808
52 0.16 5
51 0.16 5
65 0.16 5
53 0.16 5
63 0.16 5
60 0.16 5
57 0.16 4.648
54 0.016 4.664
54 0.16 4.648
55 0.016 4.664
55 0.16 4.648
61 0.016 4.824
61 0.16 4.808
62 0.016 4.84
62 0.16 4.824
61 0.16 4.648
54 0.016 4.488
54 0.16 4.472
62 0.016 4.664
62 0.16 4.648
55 0.016 4.488
55 0.16 4.472
57 0.016 4.488
57 0.16 4.472
64 0.16 4.84
59 0.16 4.84
58 0.16 4.84
56 0.16 4.84
62 0.16 4.726
63 0.016 4.84
63 0.16 4.824
61 0.016 4.488
61 0.16 4.472
54 0.16 4.312
55 0.016 4.312
55 0.16 4.296
58 0.016 4.68
58 0.16 4.664
55 0.16 4.136
54 0.016 4.152
54 0.16 4.136
58 0.016 4.504
58 0.16 4.488
52 0.16 5
51 0.16 5
65 0.16 5
53 0.16 5
63 0.16 4.902
60 0.16 5
57 0.16 4.55
61 0.16 4.55
64 0.16 4.918
59 0.16 4.918
58 0.16 4.566
56 0.16 4.918
62 0.16 5
61 0.016 4.39
61 0.16 4.374
54 0.16 4.214
55 0.016 4.214
55 0.16 4.198
55 0.16 4.038
54 0.016 4.054
54 0.16 4.038
52 0.16 5
51 0.16 5
65 0.16 5
53 0.16 5
63 0.16 5
60 0.16 5
57 0.16 5
61 0.016 4.897
61 0.16 4.881
62 0.016 4.84
62 0.16 4.824
61 0.16 4.721
57 0.016 4.84
57 0.16 4.824
62 0.016 4.664
62 0.16 4.648
64 0.16 5
59 0.16 5
58 0.16 5
57 0.016 5
57 0.16 4.984
56 0.16 5
62 0.16 5
61 0.016 4.561
61 0.16 4.545
54 0.16 4.561
55 0.016 4.561
55 0.16 4.545
55 0.16 4.385
54 0.016 4.401
54 0.16 4.385
52 0.16 5
51 0.16 5
65 0.16 5
53 0.16 5
63 0.16 5
60 0.16 5
57 0.16 4.824
61 0.16 5
58 0.016 4.84
58 0.16 4.824
62 0.016 4.84
62 0.16 4.824
64 0.16 5
59 0.16 5
63 0.016 4.84
63 0.16 4.824
58 0.16 5
56 0.16 5
62 0.16 4.853
61 0.016 4.84
61 0.16 4.824
54 0.16 4.969
55 0.016 4.969
55 0.16 4.953
55 0.16 4.793
54 0.016 4.809
54 0.16 4.793
52 0.16 5
51 0.16 5
63 0.016 4.664
63 0.16 4.648
65 0.16 5
53 0.16 5
63 0.16 4.677
51 0.016 4.84
51 0.16 4.824
60 0.16 5
57 0.16 4.853
61 0.16 4.853
62 0.016 4.693
62 0.16 4.677
64 0.16 5
59 0.16 5
58 0.16 5
56 0.16 5
62 0.16 4.618
59 0.016 4.84
59 0.16 4.824
61 0.016 4.693
61 0.16 4.677
54 0.16 4.822
55 0.016 4.822
55 0.16 4.806
55 0.16 4.646
54 0.016 4.662
54 0.16 4.646
52 0.16 4.941
51 0.16 4.765
65 0.16 4.941
53 0.16 4.941
63 0.16 4.618
60 0.16 4.941
57 0.16 4.794
51 0.016 4.605
51 0.16 4.589
61 0.16 4.618
59 0.016 4.765
59 0.16 4.749
62 0.016 4.458
62 0.16 4.442
64 0.16 4.941
59 0.16 4.589
58 0.16 4.941
56 0.16 4.941
62 0.16 4.299
61 0.016 4.458
61 0.16 4.442
52 0.016 4.781
52 0.16 4.765
51 0.016 4.429
51 0.16 4.413
54 0.16 4.587
55 0.016 4.587
55 0.16 4.571
55 0.16 4.411
54 0.016 4.427
54 0.16 4.411
52 0.16 4.622
61 0.016 4.299
61 0.16 4.283
62 0.016 4.139
62 0.16 4.123
51 0.16 4.27
58 0.016 4.781
58 0.16 4.765
65 0.16 4.798
53 0.16 4.798
63 0.16 4.475
60 0.16 4.798
57 0.16 4.651
65 0.016 4.638
65 0.16 4.622
61 0.16 4.123
52 0.016 4.462
52 0.16 4.446
62 0.016 3.963
62 0.16 3.947
64 0.16 4.798
59 0.16 4.446
58 0.16 4.622
56 0.16 4.798
63 0.016 4.315
63 0.16 4.299
62 0.16 4.055
52 0.016 4.286
52 0.16 4.27
61 0.016 3.963
61 0.16 3.947
65 0.016 4.73
65 0.16 4.714
54 0.16 4.268
55 0.016 4.268
55 0.16 4.252
55 0.16 4.092
54 0.016 4.108
54 0.16 4.092
52 0.16 4.378
61 0.016 4.055
61 0.16 4.039
62 0.016 3.895
62 0.16 3.879
51 0.16 4.378
65 0.16 4.554
58 0.016 4.462
58 0.16 4.446
53 0.16 4.906
63 0.16 4.407
60 0.16 4.906
57 0.16 4.759
61 0.16 3.879
52 0.016 4.218
52 0.16 4.202
62 0.016 3.719
62 0.16 3.703
64 0.16 4.906
59 0.16 4.554
58 0.16 4.554
56 0.16 4.906
62 0.16 3.799
52 0.016 4.042
52 0.16 4.026
61 0.016 3.719
61 0.16 3.703
54 0.16 4.2
55 0.016 4.2
55 0.16 4.184
55 0.16 4.024
54 0.016 4.04
54 0.16 4.024
52 0.16 4.122
56 0.016 4.746
56 0.16 4.73
57 0.016 4.855
57 0.16 4.839
61 0.016 3.799
61 0.16 3.783
62 0.016 3.639
62 0.16 3.623
51 0.16 4.474
65 0.16 4.65
53 0.16 5
63 0.16 4.503
64 0.016 5
64 0.16 4.984
60 0.16 5
57 0.16 4.679
52 0.016 3.962
52 0.16 3.946
56 0.016 4.57
56 0.16 4.554
61 0.016 3.623
61 0.16 3.607
62 0.016 3.463
62 0.16 3.447
61 0.16 3.447
52 0.016 3.786
52 0.16 3.77
56 0.016 4.394
56 0.16 4.378
62 0.016 3.287
62 0.16 3.271
57 0.016 4.519
57 0.16 4.503
64 0.16 4.824
59 0.16 4.65
58 0.16 4.65
56 0.16 4.474
62 0.16 3.807
52 0.016 3.61
52 0.16 3.594
61 0.016 3.287
61 0.16 3.271
57 0.016 5
57 0.16 4.984
54 0.16 4.12
55 0.016 4.12
55 0.16 4.104
55 0.16 3.944
54 0.016 3.96
54 0.16 3.944
52 0.16 4.13
57 0.016 4.824
57 0.16 4.808
61 0.016 3.807
61 0.16 3.791
62 0.016 3.647
62 0.16 3.631
51 0.16 5
65 0.16 5
53 0.16 5
63 0.16 5
60 0.16 5
57 0.016 4.648
57 0.16 4.632
52 0.016 3.97
52 0.16 3.954
61 0.016 3.631
61 0.16 3.615
62 0.016 3.471
62 0.16 3.455
57 0.16 4.472
52 0.016 3.794
52 0.16 3.778
60 0.016 4.84
60 0.16 4.824
61 0.016 3.455
61 0.16 3.439
62 0.016 3.295
62 0.16 3.279
61 0.16 3.279
52 0.016 3.618
52 0.16 3.602
62 0.016 3.119
62 0.16 3.103
57 0.016 4.312
57 0.16 4.296
60 0.016 4.664
60 0.16 4.648
64 0.16 5
62 0.016 2.943
62 0.16 2.927
52 0.016 3.442
52 0.16 3.426
61 0.016 3.119
61 0.16 3.103
57 0.016 4.211
57 0.16 4.195
60 0.016 4.563
60 0.16 4.547
59 0.16 5
58 0.16 5
56 0.16 5
62 0.16 2.842
52 0.016 3.266
52 0.16 3.25
61 0.016 2.943
61 0.16 2.927
64 0.016 4.84
64 0.16 4.824
57 0.016 4.035
57 0.16 4.019
60 0.016 4.387
60 0.16 4.371
54 0.16 4.48
55 0.016 4.48
55 0.16 4.464
55 0.16 4.304
54 0.016 4.32
54 0.16 4.304
52 0.16 3.165
57 0.016 3.859
57 0.16 3.843
61 0.016 2.842
61 0.16 2.826
62 0.016 2.682
62 0.16 2.666
51 0.16 4.915
65 0.16 4.915
53 0.16 4.915
63 0.16 4.915
60 0.16 4.211
58 0.016 4.84
58 0.16 4.824
57 0.16 3.683
52 0.016 3.005
52 0.16 2.989
61 0.016 2.666
61 0.16 2.65
62 0.016 2.506
62 0.16 2.49
61 0.16 2.49
52 0.016 2.829
52 0.16 2.813
62 0.016 2.33
62 0.16 2.314
57 0.016 3.523
57 0.16 3.507
64 0.16 4.739
59 0.16 4.915
56 0.016 4.915
56 0.16 4.899
58 0.16 4.739
56 0.16 4.739
59 0.016 4.755
59 0.16 4.739
62 0.16 2.518
61 0.016 2.33
61 0.16 2.314
52 0.016 2.653
52 0.16 2.637
57 0.016 3.711
57 0.16 3.695
54 0.16 4.219
55 0.016 4.219
55 0.16 4.203
55 0.16 4.043
54 0.016 4.059
54 0.16 4.043
52 0.16 2.841
57 0.016 3.535
57 0.16 3.519
61 0.016 2.518
61 0.16 2.502
62 0.016 2.358
62 0.16 2.342
51 0.16 5
65 0.16 5
53 0.16 5
63 0.16 5
60 0.16 4.415
57 0.16 3.359
52 0.016 2.681
52 0.16 2.665
61 0.016 2.342
61 0.16 2.326
62 0.016 2.182
62 0.16 2.166
61 0.16 2.166
52 0.016 2.505
52 0.16 2.489
62 0.016 2.006
62 0.16 1.99
57 0.016 3.199
57 0.16 3.183
64 0.16 4.943
59 0.16 4.943
58 0.16 4.943
56 0.16 4.943
62 0.16 2.54
53 0.016 4.84
53 0.16 4.824
61 0.016 2.006
61 0.16 1.99
52 0.016 2.329
52 0.16 2.313
57 0.016 3.733
57 0.16 3.717
54 0.16 4.247
55 0.016 4.247
55 0.16 4.231
55 0.16 4.071
54 0.016 4.087
54 0.16 4.071
52 0.16 2.863
53 0.016 5
53 0.16 4.984
57 0.016 3.557
57 0.16 3.541
61 0.016 2.54
61 0.16 2.524
62 0.016 2.38
62 0.16 2.364
51 0.16 5
65 0.16 5
53 0.16 4.824
61 0.016 2.364
61 0.16 2.348
52 0.016 2.703
52 0.16 2.687
62 0.016 2.204
62 0.16 2.188
57 0.016 3.381
57 0.16 3.365
63 0.16 5
60 0.16 4.965
57 0.16 3.205
52 0.016 2.527
52 0.16 2.511
61 0.016 2.188
61 0.16 2.172
53 0.016 4.664
53 0.16 4.648
62 0.016 2.028
62 0.16 2.012
61 0.16 2.012
52 0.016 2.351
52 0.16 2.335
62 0.016 1.852
62 0.16 1.836
57 0.016 3.045
57 0.16 3.029
64 0.16 5
59 0.016 5
59 0.16 4.984
59 0.16 4.824
58 0.16 5
56 0.16 5
62 0.16 1.886
61 0.016 1.852
61 0.16 1.836
52 0.016 2.175
52 0.16 2.159
57 0.016 3.079
57 0.16 3.063
54 0.16 4.621
55 0.016 4.621
55 0.16 4.605
55 0.16 4.445
54 0.016 4.461
54 0.16 4.445
52 0.16 2.209
57 0.016 2.903
57 0.16 2.887
61 0.016 1.886
61 0.16 1.87
62 0.016 1.726
62 0.16 1.71
51 0.16 5
65 0.16 5
53 0.16 4.698
63 0.16 5
60 0.16 5
57 0.16 2.727
52 0.016 2.049
52 0.16 2.033
61 0.016 1.71
61 0.16 1.694
62 0.016 1.55
62 0.16 1.534
61 0.16 1.534
52 0.016 1.873
52 0.16 1.857
62 0.016 1.374
62 0.16 1.358
57 0.016 2.567
57 0.16 2.551
64 0.16 5
59 0.16 4.874
58 0.16 5
56 0.16 5
62 0.16 1.95
54 0.16 4.495
55 0.016 4.495
55 0.16 4.479
55 0.16 4.319
54 0.016 4.335
54 0.16 4.319
52 0.16 2.449
61 0.016 2.126
61 0.16 2.11
51 0.16 5
65 0.16 5
53 0.16 5
63 0.16 5
60 0.16 5
57 0.16 3.143
61 0.16 1.95
52 0.016 2.289
52 0.16 2.273
64 0.16 5
59 0.16 5
53 0.016 4.84
53 0.16 4.824
58 0.16 5
56 0.16 5
62 0.16 1.986
54 0.16 4.911
55 0.016 4.911
55 0.16 4.895
55 0.16 4.735
54 0.016 4.751
54 0.16 4.735
52 0.16 2.309
61 0.016 1.986
61 0.16 1.97
51 0.16 5
65 0.16 5
53 0.16 4.86
63 0.16 5
60 0.16 5
57 0.16 3.179
61 0.16 1.81
52 0.016 2.149
52 0.16 2.133
64 0.16 5
56 0.016 5
56 0.16 4.984
59 0.16 5
58 0.16 5
56 0.16 4.824
62 0.16 2.191
54 0.16 4.771
55 0.016 4.771
55 0.16 4.755
55 0.16 4.595
54 0.016 4.611
54 0.16 4.595
52 0.16 2.338
61 0.016 2.015
61 0.16 1.999
51 0.16 5
65 0.16 5
53 0.16 5
63 0.16 5
60 0.16 5
57 0.16 3.384
61 0.16 1.839
52 0.016 2.178
52 0.16 2.162
64 0.16 5
59 0.16 5
58 0.16 5
56 0.16 5
62 0.16 2.451
54 0.16 4.8
55 0.016 4.8
55 0.16 4.784
55 0.16 4.624
54 0.016 4.64
54 0.16 4.624
52 0.16 2.422
61 0.016 2.099
61 0.16 2.083
51 0.16 5
65 0.16 5
53 0.16 5
63 0.16 5
60 0.16 5
57 0.16 3.644
61 0.16 1.923
52 0.016 2.262
52 0.16 2.246
64 0.16 5
59 0.16 5
58 0.16 5
56 0.16 5
53 0.016 4.84
53 0.16 4.824
62 0.16 2.679
54 0.16 4.884
55 0.016 4.884
55 0.16 4.868
55 0.16 4.708
54 0.016 4.724
54 0.16 4.708
52 0.16 2.474
61 0.016 2.151
61 0.16 2.135
51 0.16 5
65 0.16 5
53 0.16 5
63 0.16 5
60 0.16 5
57 0.16 3.872
61 0.16 1.975
52 0.016 2.314
52 0.16 2.298
62 0.016 2.519
62 0.16 2.503
64 0.16 5
59 0.16 5
58 0.16 5
56 0.16 5
62 0.16 2.864
54 0.16 4.936
55 0.016 4.936
55 0.16 4.92
55 0.16 4.76
54 0.016 4.776
54 0.16 4.76
52 0.16 2.659
61 0.016 2.336
61 0.16 2.32
51 0.16 5
65 0.16 5
53 0.16 5
64 0.016 5
64 0.16 4.984
63 0.16 5
60 0.16 5
57 0.16 4.233
61 0.16 2.16
52 0.016 2.499
52 0.16 2.483
64 0.16 4.824
59 0.16 5
58 0.16 5
56 0.16 5
62 0.16 3.067
61 0.016 2
61 0.16 1.984
52 0.016 2.323
52 0.16 2.307
54 0.16 5
55 0.016 5
55 0.16 4.984
55 0.16 4.824
54 0.016 4.84
54 0.16 4.824
52 0.16 2.51
61 0.016 2.187
61 0.16 2.171
62 0.016 2.907
62 0.16 2.891
51 0.16 5
65 0.16 5
53 0.16 5
63 0.16 5
60 0.16 5
57 0.16 4.436
61 0.16 2.011
52 0.016 2.35
52 0.16 2.334
62 0.016 2.731
62 0.16 2.715
64 0.16 5
59 0.16 5
58 0.16 5
56 0.16 5
62 0.16 2.608
61 0.016 1.851
61 0.16 1.835
52 0.016 2.174
52 0.16 2.158
54 0.16 5
55 0.016 5
55 0.16 4.984
55 0.16 4.824
54 0.016 4.84
54 0.16 4.824
52 0.16 2.051
61 0.016 1.728
61 0.16 1.712
62 0.016 2.448
62 0.16 2.432
51 0.16 4.893
65 0.16 4.893
53 0.16 4.893
63 0.16 4.893
60 0.16 4.893
57 0.16 4.329
61 0.16 1.552
52 0.016 1.891
52 0.16 1.875
62 0.016 2.272
62 0.16 2.256
64 0.16 4.893
59 0.16 4.893
58 0.16 4.893
56 0.16 4.893
62 0.16 2.325
61 0.016 1.392
61 0.16 1.376
52 0.016 1.715
52 0.16 1.699
54 0.16 4.717
55 0.016 4.717
55 0.16 4.701
55 0.16 4.541
54 0.016 4.557
54 0.16 4.541
52 0.16 1.768
51 0.16 4.962
65 0.16 4.962
53 0.16 4.962
63 0.16 4.962
60 0.16 4.962
57 0.16 4.398
61 0.16 1.445
62 0.016 2.165
62 0.16 2.149
64 0.16 4.962
59 0.16 4.962
58 0.16 4.962
56 0.16 4.962
62 0.16 2.218
61 0.016 1.285
61 0.16 1.269
54 0.16 4.61
55 0.016 4.61
55 0.16 4.594
55 0.16 4.434
54 0.016 4.45
54 0.16 4.434
52 0.16 1.837
51 0.16 5
65 0.16 5
53 0.16 5
63 0.16 5
60 0.16 5
57 0.16 4.467
61 0.16 1.338
62 0.016 2.058
62 0.16 2.042
64 0.16 5
59 0.16 5
58 0.16 5
56 0.16 5
62 0.16 2.477
61 0.016 1.178
61 0.16 1.162
54 0.16 4.503
55 0.016 4.503
55 0.16 4.487
55 0.16 4.327
54 0.016 4.343
54 0.16 4.327
52 0.16 2.272
62 0.016 2.317
62 0.16 2.301
61 0.016 1.597
61 0.16 1.581
51 0.16 5
65 0.16 5
53 0.16 5
63 0.16 5
60 0.16 5
57 0.16 4.902
61 0.16 1.421
52 0.016 2.112
52 0.16 2.096
62 0.016 2.141
62 0.16 2.125
64 0.16 5
59 0.16 5
58 0.16 5
56 0.16 5
62 0.16 2.644
61 0.016 1.261
61 0.16 1.245
52 0.016 1.936
52 0.16 1.92
54 0.16 4.762
55 0.016 4.762
55 0.16 4.746
63 0.016 4.84
63 0.16 4.824
55 0.16 4.586
54 0.016 4.602
54 0.16 4.586
63 0.016 4.664
63 0.16 4.648
52 0.16 2.439
61 0.016 1.764
61 0.16 1.748
62 0.016 2.484
62 0.16 2.468
51 0.16 5
65 0.16 5
53 0.16 5
63 0.16 5
55 0.016 4.426
55 0.16 4.41
54 0.016 5
54 0.16 4.984
60 0.16 5
57 0.16 5
61 0.16 1.588
52 0.016 2.279
52 0.16 2.263
62 0.016 2.308
62 0.16 2.292
64 0.16 5
59 0.16 5
58 0.16 5
56 0.16 5
62 0.16 2.859
52 0.016 2.103
52 0.16 2.087
61 0.016 1.428
61 0.16 1.412
54 0.16 4.824
55 0.016 4.929
55 0.16 4.913
55 0.16 4.753
54 0.016 4.664
54 0.16 4.648
52 0.16 2.654
61 0.016 1.979
61 0.16 1.963
62 0.016 2.699
62 0.16 2.683
51 0.16 5
65 0.16 5
53 0.16 5
63 0.16 5
60 0.16 5
57 0.16 5
54 0.016 5
54 0.16 4.984
55 0.016 4.593
55 0.16 4.577
61 0.16 1.803
52 0.016 2.494
52 0.16 2.478
62 0.016 2.523
62 0.16 2.507
64 0.16 5
59 0.16 5
58 0.16 5
56 0.16 5
62 0.16 2.641
52 0.016 2.318
52 0.16 2.302
61 0.016 1.643
61 0.16 1.627
57 0.016 5
57 0.16 4.984
55 0.016 5
55 0.16 4.984
54 0.016 4.824
54 0.16 4.808
54 0.16 4.648
55 0.016 4.824
55 0.16 4.808
61 0.016 1.761
61 0.16 1.745
62 0.016 2.481
62 0.16 2.465
63 0.016 4.84
63 0.16 4.824
55 0.16 4.648
54 0.016 4.488
54 0.16 4.472
61 0.016 1.585
61 0.16 1.569
58 0.016 4.84
58 0.16 4.824
52 0.016 2.436
52 0.16 2.42
62 0.016 2.305
62 0.16 2.289
63 0.016 4.664
63 0.16 4.648
52 0.16 2.26
57 0.016 4.824
57 0.16 4.808
61 0.016 1.409
61 0.16 1.393
62 0.016 2.129
62 0.16 2.113
63 0.016 4.488
63 0.16 4.472
51 0.16 5
65 0.16 5
53 0.16 5
63 0.16 4.606
52 0.016 2.1
52 0.16 2.084
61 0.016 1.233
61 0.16 1.217
62 0.016 1.953
62 0.16 1.937
57 0.016 4.648
57 0.16 4.632
60 0.16 5
57 0.16 4.472
52 0.016 1.924
52 0.16 1.908
61 0.016 1.057
61 0.16 1.041
62 0.016 1.777
62 0.16 1.761
63 0.016 4.446
63 0.16 4.43
61 0.16 0.881
52 0.016 1.748
52 0.16 1.732
62 0.016 1.601
62 0.16 1.585
63 0.016 4.27
63 0.16 4.254
57 0.016 4.312
57 0.16 4.296
64 0.16 5
59 0.16 5
58 0.16 4.958
63 0.016 4.094
63 0.16 4.078
56 0.16 5
62 0.16 1.629
52 0.016 1.572
52 0.16 1.556
61 0.016 0.721
61 0.16 0.705
57 0.016 4.34
57 0.16 4.324
54 0.16 4.606
55 0.016 4.782
55 0.16 4.766
55 0.16 4.606
54 0.016 4.446
54 0.16 4.43
52 0.16 1.6
57 0.016 4.164
57 0.16 4.148
61 0.016 0.749
61 0.16 0.733
62 0.016 1.469
62 0.16 1.453
51 0.16 5
65 0.16 5
53 0.16 5
63 0.16 4.122
60 0.16 5
57 0.16 3.988
52 0.016 1.44
52 0.16 1.424
61 0.016 0.573
61 0.16 0.557
62 0.016 1.293
62 0.16 1.277
61 0.16 0.397
52 0.016 1.264
52 0.16 1.248
62 0.016 1.117
62 0.16 1.101
57 0.016 3.828
57 0.16 3.812
64 0.16 5
59 0.16 5
58 0.16 5
56 0.16 5
62 0.16 1.107
52 0.016 1.088
52 0.16 1.072
61 0.016 0.237
61 0.16 0.221
57 0.016 3.818
57 0.16 3.802
54 0.16 4.474
55 0.016 4.65
55 0.16 4.634
55 0.16 4.474
54 0.016 4.314
54 0.16 4.298
52 0.16 1.078
57 0.016 3.642
57 0.16 3.626
58 0.016 4.84
58 0.16 4.824
61 0.016 0.227
61 0.16 0.211
62 0.016 0.947
62 0.16 0.931
51 0.16 5
65 0.16 5
53 0.16 5
63 0.16 4.128
60 0.16 5
57 0.16 3.466
52 0.016 0.918
52 0.16 0.902
58 0.016 4.664
58 0.16 4.648
61 0.016 0.051
61 0.16 0.035
61 0.16 0
52 0.016 0.742
52 0.16 0.726
58 0.016 4.488
58 0.16 4.472
62 0.016 0.771
62 0.16 0.755
57 0.016 3.306
57 0.16 3.29
64 0.16 5
59 0.16 5
63 0.016 3.968
63 0.16 3.952
58 0.16 4.478
56 0.16 5
62 0.16 0.772
61 0.016 0
61 0.16 0
52 0.016 0.566
52 0.16 0.55
57 0.016 3.307
57 0.16 3.291
54 0.16 4.304
51 0.016 4.84
51 0.16 4.824
55 0.016 4.48
55 0.16 4.464
55 0.16 4.304
51 0.016 4.841
51 0.16 4.825
54 0.016 4.144
54 0.16 4.128
52 0.16 0.567
57 0.016 3.131
57 0.16 3.115
61 0.016 0.177
61 0.16 0.161
62 0.016 0.612
62 0.16 0.596
51 0.16 4.665
55 0.016 4.144
55 0.16 4.128
54 0.016 3.968
54 0.16 3.952
65 0.16 5
53 0.16 5
63 0.16 3.969
51 0.016 4.505
51 0.16 4.489
60 0.16 5
57 0.16 2.955
52 0.016 0.407
52 0.16 0.391
61 0.016 0.001
61 0.16 0
61 0.16 0
52 0.016 0.231
52 0.16 0.215
62 0.016 0.436
62 0.16 0.42
57 0.016 2.795
57 0.16 2.779
64 0.16 5
59 0.16 5
58 0.16 4.495
56 0.16 5
62 0.16 0.955
61 0.016 0
61 0.16 0
52 0.016 0.055
52 0.16 0.039
57 0.016 3.314
57 0.16 3.298
54 0.16 3.969
55 0.016 4.145
55 0.16 4.129
65 0.016 5
65 0.16 4.984
55 0.16 3.969
54 0.016 3.809
54 0.16 3.793
65 0.016 4.824
65 0.16 4.808
52 0.16 0.695
57 0.016 3.138
57 0.16 3.122
61 0.016 0.695
61 0.16 0.679
51 0.16 5
65 0.16 4.648
63 0.016 3.809
63 0.16 3.793
53 0.16 5
63 0.16 4.328
65 0.016 4.488
65 0.16 4.472
60 0.16 5
57 0.16 2.962
52 0.016 0.535
52 0.16 0.519
61 0.016 0.519
61 0.16 0.503
61 0.16 0.343
52 0.016 0.359
52 0.16 0.343
59 0.016 5
59 0.16 4.984
57 0.016 2.802
57 0.16 2.786
62 0.016 0.795
62 0.16 0.779
64 0.16 5
59 0.16 4.824
61 0.016 0.183
61 0.16 0.167
52 0.016 0.183
52 0.16 0.167
57 0.016 2.781
57 0.16 2.765
58 0.16 5
56 0.16 5
62 0.16 0.774
54 0.16 4.328
55 0.016 4.504
55 0.16 4.488
55 0.16 4.328
54 0.016 4.168
54 0.16 4.152
52 0.16 0.162
57 0.016 2.605
57 0.16 2.589
61 0.016 0.162
61 0.16 0.146
51 0.016 4.995
51 0.16 4.979
51 0.16 4.819
61 0.016 0
61 0.16 0
52 0.016 0.002
52 0.16 0
57 0.016 2.429
57 0.16 2.413
65 0.16 4.467
53 0.16 4.995
63 0.16 4.323
60 0.16 4.995
57 0.16 2.253
52 0.016 0
52 0.16 0
61 0.016 0
61 0.16 0
61 0.16 0
52 0.016 0
52 0.16 0
57 0.016 2.093
57 0.16 2.077
64 0.16 4.995
59 0.16 4.819
58 0.16 4.995
51 0.016 4.659
51 0.16 4.643
56 0.16 4.995
62 0.16 1.321
54 0.16 4.147
55 0.016 4.323
55 0.16 4.307
55 0.16 4.147
54 0.016 3.987
54 0.16 3.971
52 0.16 0.707
57 0.016 2.624
57 0.16 2.608
61 0.016 0.707
61 0.16 0.691
65 0.016 5
65 0.16 4.984
51 0.16 5
65 0.16 4.824
53 0.16 5
63 0.16 4.87
60 0.16 5
57 0.16 2.448
52 0.016 0.547
52 0.16 0.531
61 0.16 0.531
64 0.16 5
59 0.16 5
58 0.16 5
65 0.016 4.664
65 0.16 4.648
56 0.16 5
62 0.16 1.653
54 0.16 4.518
60 0.016 5
60 0.16 4.984
55 0.016 4.694
55 0.16 4.678
64 0.016 4.84
64 0.16 4.824
55 0.16 4.518
60 0.016 4.824
60 0.16 4.808
64 0.016 4.664
64 0.16 4.648
54 0.016 4.358
54 0.16 4.342
52 0.16 0.863
57 0.016 2.78
57 0.16 2.764
51 0.16 5
65 0.16 4.98
53 0.16 5
63 0.16 5
60 0.16 4.648
63 0.016 4.84
63 0.16 4.824
57 0.16 2.604
52 0.016 0.703
52 0.16 0.687
61 0.016 0.863
61 0.16 0.847
61 0.16 0.687
52 0.016 0.527
52 0.16 0.511
57 0.016 2.444
57 0.16 2.428
64 0.16 4.98
63 0.016 4.664
63 0.16 4.648
60 0.016 5
60 0.16 4.984
59 0.16 5
58 0.16 5
56 0.16 5
62 0.16 2.192
54 0.16 4.674
55 0.16 4.85
52 0.16 1.05
57 0.016 2.967
57 0.16 2.951
51 0.16 5
65 0.16 5
53 0.16 5
63 0.16 5
60 0.16 4.824
57 0.16 2.791
52 0.016 0.89
52 0.16 0.874
61 0.16 1.226
64 0.16 5
59 0.16 5
58 0.16 5
56 0.16 5
62 0.16 2.25
64 0.016 4.84
64 0.16 4.824
61 0.016 1.066
61 0.16 1.05
52 0.016 0.714
52 0.16 0.698
57 0.016 2.849
57 0.16 2.833
60 0.016 4.882
60 0.16 4.866
54 0.16 5
55 0.16 5
52 0.16 0.756
57 0.016 2.673
57 0.16 2.657
51 0.16 5
65 0.016 5
65 0.16 4.984
65 0.16 4.824
51 0.016 4.84
51 0.16 4.824
53 0.16 5
55 0.016 4.84
55 0.16 4.824
63 0.16 5
60 0.16 4.706
57 0.16 2.497
52 0.016 0.596
52 0.16 0.58
61 0.16 1.108
64 0.16 4.882
59 0.16 5
58 0.16 5
60 0.016 5
60 0.16 4.984
56 0.16 5
62 0.16 2.724
54 0.16 5
55 0.16 4.882
52 0.16 1.054
57 0.016 2.971
57 0.16 2.955
61 0.016 1.582
61 0.16 1.566
51 0.16 5
65 0.16 5
53 0.16 5
63 0.16 5
60 0.16 4.824
57 0.16 2.795
52 0.016 0.894
52 0.16 0.878
61 0.016 1.406
61 0.16 1.39
61 0.16 1.23
52 0.016 0.718
52 0.16 0.702
57 0.016 2.635
57 0.16 2.619
64 0.16 5
59 0.16 5
58 0.16 5
56 0.16 5
62 0.16 2.859
54 0.16 5
55 0.16 5
52 0.16 0.837
53 0.016 5
53 0.16 4.984
57 0.016 2.754
57 0.16 2.738
51 0.16 5
65 0.16 5
53 0.16 4.824
52 0.016 0.677
52 0.16 0.661
57 0.016 2.578
57 0.16 2.562
61 0.016 1.365
61 0.16 1.349
63 0.16 5
60 0.16 4.959
57 0.16 2.402
52 0.016 0.501
52 0.16 0.485
53 0.016 4.664
53 0.16 4.648
61 0.016 1.189
61 0.16 1.173
61 0.16 1.013
53 0.016 4.488
53 0.16 4.472
52 0.016 0.325
52 0.16 0.309
57 0.016 2.242
57 0.16 2.226
64 0.16 5
59 0.016 5
59 0.16 4.984
59 0.16 4.824
64 0.016 4.84
64 0.16 4.824
58 0.16 5
56 0.16 5
62 0.16 2.973
54 0.16 5
55 0.16 5
52 0.16 0.423
57 0.016 2.34
57 0.16 2.324
51 0.16 5
60 0.016 5
60 0.16 4.984
65 0.16 5
53 0.16 4.586
63 0.16 5
60 0.16 4.824
51 0.016 4.84
51 0.16 4.824
57 0.16 2.164
52 0.016 0.263
52 0.16 0.247
61 0.16 1.127
64 0.16 4.938
59 0.16 4.938
58 0.16 5
56 0.16 5
62 0.16 3.379
54 0.16 5
55 0.16 5
52 0.16 0.653
57 0.016 2.57
57 0.16 2.554
51 0.16 5
65 0.16 5
60 0.016 5
60 0.16 4.984
53 0.16 4.992
63 0.16 5
60 0.16 4.824
65 0.016 4.84
65 0.16 4.824
57 0.16 2.394
52 0.016 0.493
52 0.16 0.477
61 0.16 1.533
64 0.16 5
59 0.16 5
58 0.16 5
56 0.16 5
62 0.16 3.356
61 0.016 1.373
61 0.16 1.357
54 0.16 5
55 0.16 5
52 0.16 0.454
57 0.016 2.371
57 0.16 2.355
51 0.16 4.977
65 0.16 4.801
53 0.16 4.969
59 0.016 4.84
59 0.16 4.824
63 0.16 4.977
60 0.16 4.801
57 0.16 2.195
52 0.016 0.294
52 0.16 0.278
61 0.16 1.334
62 0.016 3.196
62 0.16 3.18
64 0.16 4.977
59 0.16 4.801
58 0.16 4.977
56 0.16 4.977
62 0.16 3.06
54 0.16 4.977
55 0.16 4.977
52 0.16 0.158
57 0.016 2.075
57 0.16 2.059
51 0.16 4.857
65 0.16 4.681
53 0.16 4.849
63 0.16 4.857
60 0.16 4.681
57 0.16 1.899
52 0.016 0
52 0.16 0
61 0.16 1.214
62 0.016 2.9
62 0.16 2.884
64 0.16 4.857
59 0.16 4.681
58 0.16 4.857
56 0.16 4.857
62 0.16 3.423
61 0.016 1.054
61 0.16 1.038
54 0.16 4.857
55 0.16 4.857
52 0.16 0.699
57 0.016 2.438
57 0.16 2.422
51 0.16 5
65 0.16 5
53 0.16 5
63 0.16 5
60 0.16 5
57 0.16 2.262
52 0.016 0.539
52 0.16 0.523
61 0.16 1.577
64 0.16 5
59 0.16 5
58 0.16 5
56 0.16 5
62 0.16 3.951
54 0.16 5
55 0.16 5
52 0.16 1.051
57 0.016 2.79
57 0.16 2.774
51 0.16 5
65 0.16 5
53 0.16 5
63 0.16 5
60 0.16 5
57 0.16 2.614
52 0.016 0.891
52 0.16 0.875
61 0.016 2.105
61 0.16 2.089
61 0.16 1.929
52 0.016 0.715
52 0.16 0.699
57 0.016 2.454
57 0.16 2.438
64 0.16 5
59 0.16 5
58 0.16 5
56 0.16 5
62 0.16 4.168
52 0.016 0.539
52 0.16 0.523
57 0.016 2.655
57 0.16 2.639
61 0.016 1.769
61 0.16 1.753
54 0.16 5
55 0.16 5
52 0.16 0.74
57 0.016 2.479
57 0.16 2.463
61 0.016 1.97
61 0.16 1.954
62 0.016 4.008
62 0.16 3.992
51 0.16 5
65 0.16 5
53 0.16 5
63 0.16 5
60 0.16 5
57 0.16 2.303
52 0.016 0.58
52 0.16 0.564
61 0.016 1.794
61 0.16 1.778
62 0.016 3.832
62 0.16 3.816
61 0.16 1.618
52 0.016 0.404
52 0.16 0.388
57 0.016 2.143
57 0.16 2.127
62 0.016 3.656
62 0.16 3.64
64 0.16 5
59 0.16 5
58 0.16 5
56 0.16 5
62 0.16 3.753
52 0.016 0.228
52 0.16 0.212
61 0.016 1.458
61 0.16 1.442
57 0.016 2.24
57 0.16 2.224
54 0.16 5
55 0.16 5
52 0.16 0.325
57 0.016 2.064
57 0.16 2.048
61 0.016 1.555
61 0.16 1.539
62 0.016 3.593
62 0.16 3.577
51 0.16 5
65 0.16 5
53 0.16 5
63 0.16 5
60 0.16 5
57 0.16 1.888
52 0.016 0.165
52 0.16 0.149
61 0.016 1.379
61 0.16 1.363
62 0.016 3.417
62 0.16 3.401
61 0.16 1.203
52 0.016 0
52 0.16 0
62 0.016 3.241
62 0.16 3.225
57 0.016 1.728
57 0.16 1.712
64 0.16 5
59 0.16 5
58 0.16 5
56 0.16 5
62 0.16 3.401
52 0.016 0
52 0.16 0
57 0.016 1.888
57 0.16 1.872
61 0.016 1.043
61 0.16 1.027
54 0.16 5
55 0.16 5
52 0.16 0.336
57 0.016 1.712
57 0.16 1.696
61 0.016 1.203
61 0.16 1.187
62 0.016 3.241
62 0.16 3.225
51 0.16 5
65 0.16 5
53 0.16 5
63 0.16 5
60 0.16 5
57 0.16 1.536
52 0.016 0.176
52 0.16 0.16
61 0.016 1.027
61 0.16 1.011
62 0.016 3.065
62 0.16 3.049
61 0.16 0.851
52 0.016 2.77556e-17
52 0.16 0
57 0.016 1.376
57 0.16 1.36
62 0.016 2.889
62 0.16 2.873