0.001 51 0.28287 0.0163563 0.0194677 0
0.001 52 0.405613 0.0155826 0.00310276 0
0.001 53 0.0401262 0.00333998 0.00991354 0
0.001 54 0.483371 0.0159091 0.0142647 0
0.001 55 0.479386 0.013939 0.0140499 0
0.001 56 0.185044 0.0059395 0.00215399 0
0.001 57 0.412472 0.0173801 0.0138536 0
0.001 58 0.381176 0.0153458 0.0121205 0
0.001 59 0.301341 0.00482023 0.00940538 0
0.001 60 0.12831 0.0159732 0.0144776 0
0.001 61 0.401634 0.0134567 0.0154609 0
0.001 62 0.406743 0.00529716 0.0167096 0
0.001 63 0.463244 0.00635026 0.0186926 0
0.001 64 0.128866 0.00152193 0.0152766 0
0.001 65 0.244878 0.0151233 0.017323 0
0.101 51 0.301977 0.0163657 0.019943 0
0.101 52 0.424635 0.0149373 0.00408135 0
0.101 53 0.0592072 0.00303907 0.0108167 0
0.101 54 0.497383 0.0154905 0.0160903 0
0.101 55 0.498199 0.014341 0.0167151 0
0.101 56 0.204071 0.00672797 0.00303472 0
0.101 57 0.431501 0.0170501 0.0135806 0
0.101 58 0.400229 0.015085 0.0138349 0
0.101 59 0.320227 0.00493966 0.0110394 0
0.101 60 0.147386 0.016778 0.0154421 0
0.101 61 0.420677 0.0133264 0.0161234 0
0.101 62 0.425798 0.00570108 0.0171015 0
0.101 63 0.482291 0.0059442 0.0196514 0
0.101 64 0.147838 0.00144984 0.0160541 0
0.101 65 0.263835 0.0147104 0.0187877 0
0.201 51 0.321047 0.0159098 0.0182181 0
0.201 52 0.44373 0.0150243 0.00485095 0
0.201 53 0.0782294 0.00371493 0.011086 0
0.201 54 0.4783 0.0151843 0.0176391 0
0.201 55 0.482598 0.0148356 0.0176376 0
0.201 56 0.22312 0.00599493 0.00485909 0
0.201 57 0.450422 0.0177328 0.0148412 0
0.201 58 0.419405 0.0158576 0.0147745 0
0.201 59 0.339286 0.00454481 0.0121717 0
0.201 60 0.166317 0.0169583 0.016333 0
0.201 61 0.439786 0.0130771 0.0169555 0
0.201 62 0.444919 0.00555003 0.0183621 0
0.201 63 0.498594 0.00637585 0.0187886 0
0.201 64 0.166847 0.0016433 0.0172501 0
0.201 65 0.282842 0.0150304 0.0194842 0
0.301 51 0.340188 0.0154306 0.0174428 0
0.301 52 0.462849 0.0146621 0.00539425 0
0.301 53 0.0972494 0.00362816 0.0119671 0
0.301 54 0.459208 0.0152736 0.0183873 0
0.301 55 0.463556 0.0147158 0.0180109 0
0.301 56 0.242159 0.00658923 0.00649825 0
0.301 57 0.469496 0.0177981 0.0154268 0
0.301 58 0.4385 0.0163816 0.0161846 0
0.301 59 0.358332 0.00441608 0.0136499 0
0.301 60 0.185387 0.0170056 0.0172303 0
0.301 61 0.458864 0.0134242 0.0173488 0
0.301 62 0.463899 0.00457355 0.0186444 0
0.301 63 0.479638 0.00617966 0.0182217 0
0.301 64 0.185987 0.00139777 0.0180349 0
0.301 65 0.301692 0.0155838 0.0187473 0
0.401 51 0.359056 0.0160772 0.016245 0
0.401 52 0.481914 0.0141067 0.00619371 0
0.401 53 0.116222 0.00314345 0.013005 0
0.401 54 0.44022 0.0152894 0.0198641 0
0.401 55 0.444372 0.0146142 0.0184949 0
0.401 56 0.261323 0.00605232 0.00785325 0
0.401 57 0.488598 0.0171939 0.0156997 0
0.401 58 0.457592 0.015811 0.0171668 0
0.401 59 0.377293 0.00451531 0.0148791 0
0.401 60 0.204442 0.0176706 0.0176098 0
0.401 61 0.477943 0.0128133 0.0180284 0
0.401 62 0.482914 0.00425779 0.0198497 0
0.401 63 0.460552 0.00675444 0.0172592 0
0.401 64 0.20497 0.000896757 0.0193315 0
0.401 65 0.320765 0.0152969 0.0177318 0
0.501 51 0.378038 0.0152238 0.0154197 0
0.501 52 0.498709 0.0139017 0.00734396 0
0.501 53 0.135289 0.00382732 0.0130663 0
0.501 54 0.421248 0.0153694 0.0182101 0
0.501 55 0.425312 0.0139716 0.019532 0
0.501 56 0.280358 0.00600438 0.00938714 0
0.501 57 0.492263 0.0174589 0.0166316 0
0.501 58 0.476587 0.0163084 0.0179857 0
0.501 59 0.396282 0.00432378 0.0152451 0
0.501 60 0.223525 0.0172696 0.0181156 0
0.501 61 0.497054 0.0122138 0.0185907 0
0.501 62 0.497879 0.00463893 0.0195735 0
0.501 63 0.441538 0.00653361 0.0168694 0
0.501 64 0.224099 0.000850526 0.0193835 0
0.501 65 0.339867 0.0158173 0.0173517 0
0.601 51 0.39708 0.0153759 0.0137588 0
0.601 52 0.479734 0.0138711 0.0084684 0
0.601 53 0.154244 0.0047979 0.0147348 0
0.601 54 0.402163 0.0150904 0.0174736 0
0.601 55 0.406235 0.0141132 0.018887 0
0.601 56 0.299319 0.00609994 0.010462 0
0.601 57 0.473171 0.0176898 0.0175754 0
0.601 58 0.495602 0.0160671 0.0193758 0
0.601 59 0.415352 0.00399135 0.0157291 0
0.601 60 0.242383 0.01686 0.0193965 0
0.601 61 0.483646 0.0124285 0.0187804 0
0.601 62 0.478824 0.0052872 0.0185742 0
0.601 63 0.422461 0.00670257 0.016107 0
0.601 64 0.243196 0.0010429 0.0183607 0
0.601 65 0.358962 0.0162913 0.0163293 0
0.701 51 0.416028 0.0153485 0.0126554 0
0.701 52 0.460636 0.0135764 0.00894075 0
0.701 53 0.173303 0.00521533 0.0154063 0
0.701 54 0.383208 0.0150924 0.0169266 0
0.701 55 0.387272 0.0134483 0.0182522 0
0.701 56 0.318294 0.00584884 0.0117176 0
0.701 57 0.454106 0.0172863 0.0184136 0
0.701 58 0.485307 0.0167626 0.0193764 0
0.701 59 0.434354 0.00412545 0.0173098 0
0.701 60 0.261505 0.0167524 0.0197068 0
0.701 61 0.464705 0.0129871 0.0198158 0
0.701 62 0.45985 0.00534291 0.0174228 0
0.701 63 0.403537 0.00689925 0.0149577 0
0.701 64 0.26215 0.000292231 0.0179088 0
0.701 65 0.378019 0.0166158 0.0153456 0
0.801 51 0.43503 0.0159144 0.0113993 0
0.801 52 0.441574 0.0136965 0.00998421 0
0.801 53 0.192272 0.00549635 0.0167442 0
0.801 54 0.364202 0.0151056 0.0151056 0
0.801 55 0.368188 0.0143205 0.0177611 0
0.801 56 0.337353 0.00522189 0.0124721 0
0.801 57 0.435066 0.0173596 0.0186192 0
0.801 58 0.466323 0.0174596 0.0179942 0
0.801 59 0.45326 0.00409625 0.0191958 0
0.801 60 0.280545 0.0172633 0.0192478 0
0.801 61 0.445626 0.0126001 0.0194075 0
0.801 62 0.440756 0.00491709 0.0167889 0
0.801 63 0.384602 0.00675502 0.0144131 0
0.801 64 0.281247 0.000114432 0.0161085 0
0.801 65 0.39704 0.0164763 0.0140255 0
0.901 51 0.453986 0.0156208 0.0100303 0
0.901 52 0.422567 0.0137134 0.0109652 0
0.901 53 0.211362 0.00457157 0.0172273 0
0.901 54 0.345103 0.0151032 0.0143602 0
0.901 55 0.34912 0.0138433 0.0166073 0
0.901 56 0.356374 0.00551605 0.0128445 0
0.901 57 0.415998 0.0176496 0.0192524 0
0.901 58 0.447313 0.0174731 0.0174546 0
0.901 59 0.472239 0.00402254 0.0191181 0
0.901 60 0.299514 0.0176494 0.0180064 0
0.901 61 0.426613 0.0122875 0.0182883 0
0.901 62 0.421719 0.00528441 0.0155615 0
0.901 63 0.365514 0.00767233 0.0142044 0
0.901 64 0.300324 0.000425011 0.0151923 0
0.901 65 0.416054 0.016552 0.0131203 0
1.001 51 0.473042 0.0161825 0.0103835 0
1.001 52 0.403488 0.0131924 0.0120609 0
1.001 53 0.230374 0.00422717 0.01791 0
1.001 54 0.326103 0.014998 0.0130335 0
1.001 55 0.330105 0.0136523 0.0154467 0
1.001 56 0.375371 0.00531473 0.0142241 0
1.001 57 0.397001 0.0172564 0.0192043 0
1.001 58 0.428239 0.0179337 0.0164872 0
1.001 59 0.491193 0.00460879 0.0182471 0
1.001 60 0.31857 0.0181544 0.0170708 0
1.001 61 0.407464 0.0122418 0.0173765 0
1.001 62 0.402705 0.00485493 0.0146126 0
1.001 63 0.346415 0.00817083 0.0132086 0
1.001 64 0.31941 0.000467996 0.0139289 0
1.001 65 0.435027 0.0166684 0.0118639 0
1.101 51 0.491952 0.0166724 0.00939101 0
1.101 52 0.384491 0.0127157 0.0140925 0
1.101 53 0.249359 0.00535797 0.0194576 0
1.101 54 0.307111 0.014815 0.0121294 0
1.101 55 0.311073 0.0134613 0.0143843 0
1.101 56 0.39443 0.0056738 0.0150064 0
1.101 57 0.377992 0.0172438 0.0191739 0
1.101 58 0.409225 0.0183588 0.0154616 0
1.101 59 0.489295 0.0047299 0.017673 0
1.101 60 0.337583 0.0186312 0.0155477 0
1.101 61 0.388377 0.0117478 0.0164565 0
1.101 62 0.383638 0.00453977 0.0131359 0
1.101 63 0.327559 0.00805185 0.0119628 0
1.101 64 0.338466 0.000123466 0.0132356 0
1.101 65 0.454213 0.0164794 0.0108553 0
1.201 51 0.488874 0.0169832 0.00900075 0
1.201 52 0.365504 0.0129803 0.0150767 0
1.201 53 0.268452 0.00560889 0.019812 0
1.201 54 0.288107 0.0141057 0.0119386 0
1.201 55 0.291934 0.0136768 0.0136833 0
1.201 56 0.413416 0.0051924 0.0154923 0
1.201 57 0.358886 0.016913 0.0176677 0
1.201 58 0.390216 0.0187742 0.0142245 0
1.201 59 0.470214 0.00435738 0.017601 0
1.201 60 0.356571 0.018816 0.0144272 0
1.201 61 0.369386 0.0113427 0.0155125 0
1.201 62 0.364626 0.00450032 0.0121189 0
1.201 63 0.308558 0.00794609 0.0106416 0
1.201 64 0.357514 6.29776e-05 0.0127458 0
1.201 65 0.473306 0.0166025 0.0103477 0
1.301 51 0.469875 0.0169189 0.00784435 0
1.301 52 0.346517 0.0127198 0.0161246 0
1.301 53 0.287619 0.00529503 0.0194511 0
1.301 54 0.268966 0.0145248 0.0106902 0
1.301 55 0.272972 0.0135361 0.0122081 0
1.301 56 0.432357 0.00513105 0.016827 0
1.301 57 0.339938 0.0161557 0.0162729 0
1.301 58 0.371176 0.0191974 0.0128267 0
1.301 59 0.451229 0.00405852 0.0162509 0
1.301 60 0.375499 0.0185644 0.0130258 0
1.301 61 0.350345 0.0106721 0.0141294 0
1.301 62 0.345627 0.00408666 0.011087 0
1.301 63 0.289567 0.00755023 0.00987343 0
1.301 64 0.376478 0.000506395 0.0124182 0
1.301 65 0.492439 0.016732 0.00999496 0
1.401 51 0.450816 0.0174576 0.00658656 0
1.401 52 0.327473 0.0123071 0.0165467 0
1.401 53 0.306634 0.00541174 0.0180565 0
1.401 54 0.249967 0.0150664 0.00945549 0
1.401 55 0.25395 0.0139027 0.0114482 0
1.401 56 0.451334 0.00534693 0.0178083 0
1.401 57 0.320942 0.0160234 0.0153172 0
1.401 58 0.352224 0.0197711 0.0116638 0
1.401 59 0.432028 0.00437015 0.0158086 0
1.401 60 0.394543 0.018493 0.0119674 0
1.401 61 0.331283 0.0112485 0.0132954 0
1.401 62 0.326589 0.00338524 0.00999257 0
1.401 63 0.270439 0.0076405 0.00959639 0
1.401 64 0.395588 0.000347367 0.0115311 0
1.401 65 0.488544 0.0169424 0.00876487 0
1.501 51 0.431671 0.016934 0.00476788 0
1.501 52 0.308486 0.0120155 0.0176459 0
1.501 53 0.325642 0.00571287 0.0173001 0
1.501 54 0.230945 0.0158897 0.00844331 0
1.501 55 0.234756 0.013585 0.0110572 0
1.501 56 0.470482 0.00509046 0.019104 0
1.501 57 0.30196 0.0157808 0.0139956 0
1.501 58 0.33315 0.0195237 0.0104715 0
1.501 59 0.413007 0.00393955 0.0143531 0
1.501 60 0.413624 0.0192455 0.0111954 0
1.501 61 0.312256 0.0107758 0.0122191 0
1.501 62 0.30763 0.00287519 0.00824339 0
1.501 63 0.251413 0.00836123 0.00822659 1.04577e-08
1.501 64 0.41464 0.000351331 0.0109027 1.04577e-08
1.501 65 0.469493 0.0168994 0.00792226 1.04577e-08
1.601 51 0.412588 0.0161642 0.00378447 0
1.601 52 0.289564 0.0119689 0.0187984 0
1.601 53 0.344873 0.00552922 0.0160905 0
1.601 54 0.211962 0.0164965 0.00730332 0
1.601 55 0.215711 0.0129604 0.00983402 0
1.601 56 0.489403 0.00511219 0.0191255 0
1.601 57 0.283006 0.0155355 0.0121065 0
1.601 58 0.314153 0.0191182 0.009278 0
1.601 59 0.393936 0.00321098 0.0139787 0
1.601 60 0.432786 0.0190305 0.0109063 0
1.601 61 0.293294 0.0108741 0.0113601 0
1.601 62 0.288537 0.00332113 0.00695606 0
1.601 63 0.23241 0.00822783 0.00709797 0
1.601 64 0.433726 0.000796772 0.0101251 0
1.601 65 0.450344 0.0165539 0.0070329 0
1.701 51 0.393625 0.0160051 0.00263973 0
1.701 52 0.270662 0.0120251 0.019574 0
1.701 53 0.363874 0.00530821 0.0152233 0
1.701 54 0.192938 0.0159768 0.00573903 0
1.701 55 0.196748 0.012589 0.00879934 0
1.701 56 0.491291 0.0047162 0.0184713 0
1.701 57 0.263993 0.0155279 0.0111032 0
1.701 58 0.295081 0.0188217 0.00779892 0
1.701 59 0.374833 0.00255149 0.0136245 0
1.701 60 0.451797 0.0184009 0.0103438 0
1.701 61 0.274146 0.0107739 0.0110536 0
1.701 62 0.26947 0.00249564 0.00614541 0
1.701 63 0.21334 0.00854357 0.00607278 0
1.701 64 0.452626 0.000543643 0.00942785 0
1.701 65 0.431373 0.0163651 0.00569401 0
1.801 51 0.374605 0.0163371 0.00177369 0
1.801 52 0.251589 0.011958 0.0178034 0
1.801 53 0.382861 0.00672612 0.0140442 0
1.801 54 0.173923 0.0161763 0.00470735 0
1.801 55 0.177756 0.0126203 0.00791999 0
1.801 56 0.472262 0.00437151 0.0177523 0
1.801 57 0.244912 0.0155886 0.0110255 0
1.801 58 0.276048 0.0188078 0.00690517 0
1.801 59 0.355815 0.00274008 0.0121517 0
1.801 60 0.470941 0.0184156 0.00978727 0
1.801 61 0.255098 0.0104715 0.0105162 0
1.801 62 0.250417 0.00205925 0.00503072 8.54662e-09
1.801 63 0.194345 0.00846885 0.00520399 8.54662e-09
1.801 64 0.471644 0.00126023 0.00896996 8.54662e-09
1.801 65 0.412272 0.0165451 0.00496647 8.54662e-09
1.901 51 0.355481 0.0150984 0.00022447 0
1.901 52 0.232635 0.0113879 0.0173608 0
1.901 53 0.401986 0.00623605 0.0134828 0
1.901 54 0.15488 0.0161617 0.00380699 0
1.901 55 0.15882 0.012196 0.00683404 0
1.901 56 0.453221 0.00404322 0.0169777 0
1.901 57 0.225863 0.0156823 0.00949978 0
1.901 58 0.256952 0.0192346 0.0064912 0
1.901 59 0.336755 0.00333242 0.0107051 0
1.901 60 0.489912 0.0184857 0.00841158 0
1.901 61 0.235989 0.00995285 0.00954004 0
1.901 62 0.23148 0.00205967 0.00408308 0
1.901 63 0.175321 0.00863699 0.00370461 0
1.901 64 0.490722 0.000998033 0.00783002 0
1.901 65 0.393155 0.0163583 0.00350421 0
2.001 51 0.336479 0.0154029 0.000616081 0
2.001 52 0.213614 0.0116503 0.0164056 0
2.001 53 0.420978 0.00577508 0.012131 0
2.001 54 0.135913 0.0160573 0.00252319 0
2.001 55 0.13972 0.0123831 0.00604606 0
2.001 56 0.434142 0.00404794 0.0154925 0
2.001 57 0.206765 0.0154448 0.00851766 0
2.001 58 0.237912 0.0190735 0.00513915 0
2.001 59 0.31776 0.00382756 0.00886739 0
2.001 60 0.49101 0.0191237 0.00719026 0
2.001 61 0.216883 0.0106102 0.00797426 0
2.001 62 0.212492 0.00206866 0.00278779 0
2.001 63 0.156226 0.00907933 0.0021557 0
2.001 64 0.489896 0.00127938 0.00679512 0
2.001 65 0.37416 0.0165976 0.00212998 0
2.101 51 0.317437 0.0153208 0.00211227 0
2.101 52 0.194496 0.0113019 0.015557 0
2.101 53 0.440087 0.00550701 0.0113966 0
2.101 54 0.116739 0.0167659 0.00278897 0
2.101 55 0.120665 0.0122409 0.00466997 0
2.101 56 0.415115 0.00380976 0.0147795 0
2.101 57 0.187742 0.0150252 0.00792764 0
2.101 58 0.218822 0.0190469 0.00316024 0
2.101 59 0.298697 0.00434548 0.00783744 0
2.101 60 0.471953 0.0197153 0.00707594 0
2.101 61 0.197834 0.0102013 0.00734663 0
2.101 62 0.193516 0.00266339 0.00149773 0
2.101 63 0.137104 0.0085924 0.00169388 0
2.101 64 0.470915 0.00106498 0.00591465 0
2.101 65 0.355112 0.0161276 0.000970722 0
2.201 51 0.298452 0.0146923 0.00339907 0
2.201 52 0.175477 0.0110826 0.0140694 0
2.201 53 0.45911 0.00586589 0.0102059 0
2.201 54 0.0978324 0.017246 0.00227985 0
2.201 55 0.101705 0.0117316 0.00287405 0
2.201 56 0.396134 0.00431015 0.013634 0
2.201 57 0.168805 0.0150891 0.00679919 0
2.201 58 0.199793 0.0184661 0.00258813 0
2.201 59 0.279667 0.00455705 0.00702507 0
2.201 60 0.452871 0.0199243 0.00626948 0
2.201 61 0.178733 0.010412 0.00599579 0
2.201 62 0.17458 0.00298534 0.000397881 0
2.201 63 0.118046 0.00864606 0.000965614 0
2.201 64 0.451792 0.00116921 0.00426257 0
2.201 65 0.33619 0.0159665 0.000320254 0
2.301 51 0.279359 0.0143774 0.0047201 0
2.301 52 0.156475 0.0115353 0.0130468 0
2.301 53 0.478047 0.00601168 0.00903804 0
2.301 54 0.0786867 0.0169347 0.000868386 0
2.301 55 0.0826689 0.0117314 0.00146196 0
2.301 56 0.37703 0.00429199 0.0127878 0
2.301 57 0.149828 0.0147367 0.00535509 0
2.301 58 0.180738 0.0181326 0.00164973 0
2.301 59 0.26069 0.00482615 0.0060898 0
2.301 60 0.433901 0.0199619 0.00521521 0
2.301 61 0.159661 0.0100476 0.00487697 0
2.301 62 0.155517 0.00296931 0.00100232 0
2.301 63 0.0989531 0.00808084 0.00013212 0
2.301 64 0.432788 0.0018074 0.00243669 0
2.301 65 0.317136 0.0156628 0.00146889 0
2.401 51 0.260288 0.0142565 0.00463678 0
2.401 52 0.137409 0.011512 0.0121923 0
2.401 53 0.497131 0.00624763 0.00747124 0
2.401 54 0.0595581 0.0171302 0.000441221 0
2.401 55 0.0635834 0.0113782 0.000490529 0
2.401 56 0.357965 0.00425342 0.0125054 0
2.401 57 0.130811 0.0150374 0.00453311 0
2.401 58 0.161647 0.0174576 0.000851025 0
2.401 59 0.241629 0.00451659 0.0045974 0
2.401 60 0.414754 0.0197137 0.00429144 0
2.401 61 0.140726 0.0095826 0.00337424 0
2.401 62 0.136396 0.00341024 0.00197005 0
2.401 63 0.07995 0.00817562 0.000761259 0
2.401 64 0.413659 0.00204365 0.00103216 0
2.401 65 0.298048 0.0150697 0.00211145 0
2.501 51 0.241301 0.013888 0.00551355 0
2.501 52 0.118334 0.0115398 0.0118172 0
2.501 53 0.483538 0.00667959 0.00631513 0
2.501 54 0.0406089 0.0176738 0.000489524 0
2.501 55 0.0445392 0.0114479 0.000607894 0
2.501 56 0.338854 0.00441311 0.0117473 0
2.501 57 0.111805 0.0152792 0.00297347 0
2.501 58 0.142684 0.0171972 0.00132054 0
2.501 59 0.222535 0.00415368 0.00405558 0
2.501 60 0.395592 0.0199085 0.00375894 0
2.501 61 0.12163 0.00912072 0.00185212 0
2.501 62 0.117444 0.00282924 0.00351941 0
2.501 63 0.0608715 0.00821631 0.00209977 0
2.501 64 0.394592 0.00181903 0.000623831 0
2.501 65 0.279061 0.0155344 0.00306092 0
2.601 51 0.222227 0.0139482 0.00630952 0
2.601 52 0.0993403 0.011193 0.0105079 0
2.601 53 0.464536 0.00629766 0.00471099 0
2.601 54 0.0214753 0.0176047 0.00168428 0
2.601 55 0.0254642 0.0115193 0.00121168 0
2.601 56 0.319886 0.0038719 0.0107608 0
2.601 57 0.0928634 0.0148219 0.0020203 0
2.601 58 0.123626 0.0163799 0.00335463 0
2.601 59 0.203494 0.00420694 0.00322918 0
2.601 60 0.376562 0.0191062 0.00290315 0
2.601 61 0.102584 0.00934188 0.00093786 0
2.601 62 0.0984081 0.00306574 0.00371463 0
2.601 63 0.0419027 0.00804989 0.00315752 0
2.601 64 0.375591 0.00167033 0.00070879 0
2.601 65 0.260103 0.0150782 0.00472065 0
2.701 51 0.203043 0.013899 0.00708975 0
2.701 52 0.0802012 0.0114592 0.00933733 0
2.701 53 0.4455 0.00625685 0.00347123 0
2.701 54 0.00235773 0.0171563 0.00146511 0
2.701 55 0.00650838 0.0105855 0.00188174 0
2.701 56 0.300831 0.00409351 0.00995211 0
2.701 57 0.0738032 0.0145959 0.000943254 0
2.701 58 0.104557 0.0164277 0.00389093 0
2.701 59 0.184517 0.00410718 0.00182361 0
2.701 60 0.357474 0.0189612 0.00149454 0
2.701 61 0.08351 0.00930738 8.18701e-05 0
2.701 62 0.0794424 0.00212974 0.00465401 0
2.701 63 0.0227682 0.00775832 0.00371449 0
2.701 64 0.356558 0.00209712 0.00186249 0
2.701 65 0.241069 0.0152441 0.00499641 0
2.801 51 0.183978 0.0133666 0.00791747 0
2.801 52 0.0611497 0.0115471 0.00820931 0
2.801 53 0.426551 0.00619621 0.00264661 0
2.801 54 0.0169046 0.017044 0.00195506 0
2.801 55 0.0126654 0.0103963 0.00262809 0
2.801 56 0.281726 0.00395572 0.00886962 0
2.801 57 0.0547165 0.0147082 0.000220323 0
2.801 58 0.0855131 0.0169051 0.00512108 0
2.801 59 0.165521 0.00340024 0.000561787 0
2.801 60 0.338397 0.0192053 0.000234665 0
2.801 61 0.064453 0.00894909 0.00127886 0
2.801 62 0.0604478 0.00203269 0.00510835 0
2.801 63 0.00371164 0.00757238 0.00446321 0
2.801 64 0.337505 0.0018916 0.00355729 0
2.801 65 0.222086 0.0156283 0.0055814 0
2.901 51 0.164928 0.0132281 0.0094322 0
2.901 52 0.0421463 0.0118283 0.00733861 0
2.901 53 0.407583 0.00632977 0.00160225 0
2.901 54 0.0358297 0.0168006 0.0030692 0
2.901 55 0.0316485 0.0116423 0.00343018 0
2.901 56 0.262634 0.00451727 0.00777801 0
2.901 57 0.0355803 0.0145747 0.000729403 0
2.901 58 0.0665321 0.0169 0.00657309 0
2.901 59 0.1465 0.00331037 0.000978177 0
2.901 60 0.319349 0.0196125 0.00115766 0
2.901 61 0.045402 0.00854207 0.0027027 0
2.901 62 0.0414182 0.00223004 0.00560121 0
2.901 63 0.0154867 0.00776482 0.00611449 0
2.901 64 0.318384 0.00212768 0.00461703 0
2.901 65 0.203057 0.0152431 0.00616169 0
3.001 51 0.145822 0.0130522 0.0102044 0
3.001 52 0.0230265 0.0122046 0.00700363 0
3.001 53 0.388551 0.00596829 0.000403856 0
3.001 54 0.0548935 0.0176929 0.00434255 0
3.001 55 0.0506155 0.0112815 0.00512207 0
3.001 56 0.243549 0.00511494 0.00723153 0
3.001 57 0.0165725 0.0138134 0.00136501 0
3.001 58 0.0476409 0.0163241 0.00765299 0
3.001 59 0.12755 0.00323015 0.00271493 0
3.001 60 0.300246 0.0192662 0.00180303 0
3.001 61 0.0264037 0.00872728 0.00363056 0
3.001 62 0.0223476 0.00256906 0.00686659 0
3.001 63 0.0345943 0.00868502 0.00677845 0
3.001 64 0.299269 0.00143298 0.00516557 0
3.001 65 0.183931 0.0149277 0.00718552 0
3.101 51 0.126879 0.013015 0.0122215 0
3.101 52 0.00398202 0.0121323 0.00584487 0
3.101 53 0.369465 0.00514666 0.000158508 0
3.101 54 0.0739647 0.0172157 0.00575313 0
3.101 55 0.0696951 0.0109911 0.00615461 0
3.101 56 0.224551 0.00419008 0.00658899 0
3.101 57 0.0028204 0.0136291 0.00218098 0
3.101 58 0.0286646 0.0169678 0.00846358 0
3.101 59 0.108567 0.00353965 0.00397956 0
3.101 60 0.281236 0.0185678 0.00305348 0
3.101 61 0.00727371 0.00869806 0.0046978 0
3.101 62 0.00327282 0.0027638 0.00806104 0
3.101 63 0.0535994 0.00843158 0.00830906 0
3.101 64 0.280221 0.00158677 0.00635928 0
3.101 65 0.164919 0.0150279 0.00776765 0
3.201 51 0.107796 0.013623 0.0120445 0
3.201 52 0.0154188 0.0119824 0.00498258 0
3.201 53 0.35036 0.00591662 0.00122123 0
3.201 54 0.0929404 0.0175636 0.00639673 0
3.201 55 0.0888766 0.0110479 0.00691431 0
3.201 56 0.205498 0.00485424 0.00590766 0
3.201 57 0.0218589 0.0139441 0.00279041 0
3.201 58 0.00967378 0.0162061 0.00913437 0
3.201 59 0.0895344 0.00392276 0.0046893 0
3.201 60 0.262115 0.0185174 0.00371841 0
3.201 61 0.011716 0.00933135 0.0051513 0
3.201 62 0.0157417 0.00279914 0.00984335 0
3.201 63 0.0725763 0.00839223 0.00905882 0
3.201 64 0.261145 0.00134883 0.00769618 0
3.201 65 0.145839 0.0148426 0.00888575 0
3.301 51 0.0888237 0.0146073 0.0128599 0
3.301 52 0.0345927 0.0121869 0.00391397 0
3.301 53 0.331249 0.00568398 0.00248857 0
3.301 54 0.112032 0.0175909 0.0070161 0
3.301 55 0.107861 0.0113791 0.00800699 0
3.301 56 0.186394 0.00497604 0.00516718 0
3.301 57 0.0408269 0.0145734 0.00375922 0
3.301 58 0.00927873 0.0158893 0.0103492 0
3.301 59 0.0705332 0.00443046 0.00584801 0
3.301 60 0.243053 0.0183752 0.00460135 0
3.301 61 0.0306402 0.0098573 0.00679814 0
3.301 62 0.0345482 0.00195761 0.0107125 0
3.301 63 0.0915706 0.00888153 0.00905608 0
3.301 64 0.242143 0.00140265 0.00889937 0
3.301 65 0.126841 0.0143589 0.00973519 0
3.401 51 0.0697455 0.0145783 0.0139364 0
3.401 52 0.0534549 0.0117626 0.00268222 0
3.401 53 0.312245 0.00531998 0.00290566 0
3.401 54 0.131097 0.0181432 0.00783437 0
3.401 55 0.126809 0.0113654 0.00819699 0
3.401 56 0.167411 0.00482331 0.00507003 0
3.401 57 0.0598786 0.0147133 0.00492264 0
3.401 58 0.0282383 0.0154917 0.0108559 0
3.401 59 0.0516023 0.00512275 0.00844887 0
3.401 60 0.223999 0.0184603 0.00534165 0
3.401 61 0.0495911 0.0100601 0.00770636 0
3.401 62 0.0535921 0.00169609 0.0122836 0
3.401 63 0.110646 0.00971507 0.009843 0
3.401 64 0.223077 0.00132308 0.0102079 0
3.401 65 0.107806 0.0151465 0.0106031 0
3.501 51 0.0506962 0.0146956 0.0147298 0
3.501 52 0.0724747 0.0114587 0.00152161 0
3.501 53 0.293116 0.005644 0.00378418 0
3.501 54 0.150094 0.0184083 0.0085113 0
3.501 55 0.145907 0.0113951 0.00865171 0
3.501 56 0.148459 0.00420491 0.00382926 0
3.501 57 0.0789814 0.0147042 0.00636094 0
3.501 58 0.0473105 0.0160277 0.0117732 0
3.501 59 0.0325145 0.00554277 0.00860909 0
3.501 60 0.205007 0.0183861 0.00662833 0
3.501 61 0.0686219 0.0101302 0.00898543 0
3.501 62 0.0725907 0.00246411 0.0138246 0
3.501 63 0.129557 0.0100854 0.0109439 0
3.501 64 0.204042 0.00178174 0.0108632 0
3.501 65 0.0887382 0.0149485 0.0119792 0
3.601 51 0.0315868 0.0149963 0.0156004 0
3.601 52 0.0914733 0.0117119 9.13537e-06 0
3.601 53 0.274142 0.00594134 0.0054946 0
3.601 54 0.169117 0.019638 0.00968183 0
3.601 55 0.164869 0.0103865 0.009477 0
3.601 56 0.129337 0.00389367 0.00320719 0
3.601 57 0.0981262 0.0142942 0.00640481 0
3.601 58 0.0663311 0.0166929 0.0124445 0
3.601 59 0.0134874 0.00638284 0.00902103 0
3.601 60 0.185916 0.0180265 0.00761819 0
3.601 61 0.0876296 0.0103035 0.00970871 0
3.601 62 0.0915503 0.00192887 0.0148766 0
3.601 63 0.14868 0.0103729 0.0112983 0
3.601 64 0.185008 0.0020631 0.0105301 0
3.601 65 0.0697604 0.0149508 0.0136504 0
3.701 51 0.0124866 0.0146807 0.0160622 0
3.701 52 0.110454 0.0116284 0.00143879 0
3.701 53 0.254916 0.00679948 0.00628722 1.02335e-08
3.701 54 0.188245 0.0195095 0.0105166 1.02335e-08
3.701 55 0.183919 0.0102134 0.010213 1.02335e-08
3.701 56 0.1102 0.00384291 0.00270235 1.02335e-08
3.701 57 0.117259 0.0137703 0.0065985 1.02335e-08
3.701 58 0.0853983 0.0174675 0.0130295 1.02335e-08
3.701 59 0.00571396 0.00571758 0.00992975 1.02335e-08
3.701 60 0.166888 0.0178712 0.00839373 1.02335e-08
3.701 61 0.106655 0.0101731 0.00998343 1.02335e-08
3.701 62 0.110539 0.00215456 0.0159528 1.02335e-08
3.701 63 0.167654 0.0107588 0.0117966 1.02335e-08
3.701 64 0.165934 0.00198567 0.012218 1.02335e-08
3.701 65 0.0506929 0.0148355 0.0139977 1.02335e-08
3.801 51 0.00670934 0.0145906 0.0169375 0
3.801 52 0.129622 0.0113062 0.00226872 0
3.801 53 0.235835 0.00631821 0.00688356 0
3.801 54 0.207307 0.0197137 0.0107266 0
3.801 55 0.202964 0.0100105 0.0119513 0
3.801 56 0.091222 0.0041707 0.0015158 0
3.801 57 0.136334 0.0137146 0.00737238 0
3.801 58 0.104469 0.016918 0.0137238 0
3.801 59 0.0246803 0.00556804 0.0109148 0
3.801 60 0.147811 0.0177242 0.00953026 0
3.801 61 0.125616 0.0104289 0.0116011 0
3.801 62 0.129566 0.00203102 0.0162424 0
3.801 63 0.186711 0.0105877 0.0131345 0
3.801 64 0.146892 0.00229849 0.0134068 0
3.801 65 0.0317514 0.0158426 0.0145567 0
3.901 51 0.0257426 0.014312 0.0182819 0
3.901 52 0.148625 0.0112439 0.00336881 0
3.901 53 0.216751 0.00696122 0.00846847 0
3.901 54 0.226262 0.0195956 0.0117577 0
3.901 55 0.222133 0.00987662 0.0119335 0
3.901 56 0.072146 0.00387412 0.000726719 0
3.901 57 0.155293 0.0138054 0.00839386 0
3.901 58 0.123538 0.0168027 0.0141884 0
3.901 59 0.0437156 0.00572657 0.012062 0
3.901 60 0.128807 0.0178994 0.0105677 0
3.901 61 0.144659 0.010274 0.0126834 0
3.901 62 0.148658 0.00145069 0.0174103 0
3.901 63 0.205725 0.0111077 0.0136447 0
3.901 64 0.127877 0.00180553 0.014316 0
3.901 65 0.0127481 0.016462 0.0148866 0
4.001 51 0.044737 0.014608 0.0186788 0
4.001 52 0.167682 0.0116133 0.00444711 0
4.001 53 0.197768 0.00663328 0.00950849 0
4.001 54 0.245154 0.0195481 0.0132251 0
4.001 55 0.24105 0.00910364 0.0136191 0
4.001 56 0.0530765 0.00392973 0.000970811 0
4.001 57 0.174368 0.0129456 0.00943932 0
4.001 58 0.142601 0.0165359 0.015213 0
4.001 59 0.062805 0.00507216 0.0132928 0
4.001 60 0.109685 0.0173825 0.0106371 0
4.001 61 0.163641 0.0110103 0.0138539 0
4.001 62 0.167656 0.000998523 0.0185433 0
4.001 63 0.224759 0.0110495 0.0139771 0
4.001 64 0.108805 0.00124186 0.0156679 0
4.001 65 0.00657399 0.0168558 0.0155626 0
4.101 51 0.0638744 0.0146723 0.0190567 0
4.101 52 0.186724 0.011664 0.00567656 0
4.101 53 0.178694 0.00790054 0.0106535 0
4.101 54 0.264134 0.0196143 0.0150029 0
4.101 55 0.260118 0.00914749 0.0143109 0
4.101 56 0.0340392 0.00399042 0.00204774 0
4.101 57 0.193347 0.0137507 0.0110025 0
4.101 58 0.161663 0.016371 0.0161223 0
4.101 59 0.0818112 0.00532521 0.013732 0
4.101 60 0.0906752 0.0169223 0.0111689 0
4.101 61 0.18272 0.0111094 0.0149083 0
4.101 62 0.186643 0.00124537 0.0195684 0
4.101 63 0.243888 0.0104864 0.0143485 0
4.101 64 0.089754 0.0010578 0.0171445 0
4.101 65 0.0254984 0.0160727 0.01694 0
4.201 51 0.0829246 0.015318 0.0197631 0
4.201 52 0.205884 0.0123265 0.00626172 0
4.201 53 0.159727 0.00866157 0.0118415 0
4.201 54 0.283049 0.0196971 0.0161202 0
4.201 55 0.27916 0.00898464 0.0150254 0
4.201 56 0.014911 0.00453399 0.0029612 0
4.201 57 0.212339 0.0139704 0.0117026 0
4.201 58 0.180711 0.0162254 0.0168819 0
4.201 59 0.10093 0.00551138 0.014429 0
4.201 60 0.0715819 0.0169932 0.0126774 0
4.201 61 0.201671 0.0106232 0.0164801 0
4.201 62 0.205639 0.0010613 0.0194144 0
4.201 63 0.26297 0.010699 0.0150056 0
4.201 64 0.0707522 0.0015043 0.0183492 0
4.201 65 0.0445704 0.015656 0.0178595 0
4.301 51 0.101967 0.0152791 0.0194607 0
4.301 52 0.224983 0.0119445 0.00726942 0
4.301 53 0.140659 0.00841864 0.0129973 0
4.301 54 0.302113 0.0197672 0.0170468 0
4.301 55 0.298259 0.00932982 0.0155999 0
4.301 56 0.00427324 0.00505827 0.00432381 0
4.301 57 0.23137 0.0136606 0.0125325 0
4.301 58 0.199937 0.0161626 0.0174155 0
4.301 59 0.120028 0.00542428 0.0152657 0
4.301 60 0.0525873 0.0170356 0.014302 0
4.301 61 0.220606 0.0107095 0.0178203 0
4.301 62 0.224732 0.00167814 0.0181633 0
4.301 63 0.28212 0.00994724 0.0161826 0
4.301 64 0.0517228 0.00118759 0.0192167 0
4.301 65 0.0635261 0.0158939 0.0193405 0
4.401 51 0.121043 0.0159949 0.0192351 0
4.401 52 0.244054 0.0116242 0.00775132 7.71503e-09
4.401 53 0.121537 0.00854835 0.0138802 7.71503e-09
4.401 54 0.321073 0.0197503 0.018521 7.71503e-09
4.401 55 0.317298 0.0085834 0.0171331 7.71503e-09
4.401 56 0.0232218 0.00428106 0.00591911 7.71503e-09
4.401 57 0.250384 0.013554 0.0128895 7.71503e-09
4.401 58 0.218944 0.0167194 0.0182361 7.71503e-09
4.401 59 0.13908 0.00539213 0.0161254 7.71503e-09
4.401 60 0.0335593 0.0170424 0.015931 7.71503e-09
4.401 61 0.23965 0.0107865 0.0193891 7.71503e-09
4.401 62 0.243822 0.00213435 0.0164979 7.71503e-09
4.401 63 0.301229 0.00897755 0.0164449 7.71503e-09
4.401 64 0.032679 0.00107825 0.0194387 7.71503e-09
4.401 65 0.0826726 0.0154499 0.0193452 7.71503e-09
4.501 51 0.140034 0.0164348 0.0182657 0
4.501 52 0.26308 0.0123203 0.00910706 0
4.501 53 0.102461 0.00817129 0.0150562 0
4.501 54 0.340037 0.0198756 0.0195753 0
4.501 55 0.336314 0.0079999 0.0181568 0
4.501 56 0.0422529 0.00445717 0.0073686 0
4.501 57 0.269455 0.0134427 0.0137184 0
4.501 58 0.238126 0.017175 0.0193692 0
4.501 59 0.158068 0.00553477 0.017131 0
4.501 60 0.0144339 0.0169582 0.0164013 0
4.501 61 0.258744 0.0107635 0.019389 0
4.501 62 0.262892 0.00257721 0.016049 0
4.501 63 0.320273 0.00902989 0.0174606 0
4.501 64 0.0136584 0.000249807 0.0181458 0
4.501 65 0.101682 0.0158576 0.0195854 0
4.601 51 0.158908 0.0164308 0.0168685 0
4.601 52 0.28212 0.0122006 0.00989293 0
4.601 53 0.083408 0.00902547 0.0159478 0
4.601 54 0.358982 0.0198313 0.0197512 0
4.601 55 0.355481 0.00817115 0.0189734 0
4.601 56 0.0613581 0.00322923 0.00765606 0
4.601 57 0.288451 0.0133004 0.0148045 0
4.601 58 0.25731 0.0178535 0.0199903 0
4.601 59 0.177118 0.00563539 0.0177357 0
4.601 60 0.00491329 0.0172663 0.0170457 0
4.601 61 0.277787 0.0108145 0.0193828 0
4.601 62 0.281875 0.00231182 0.0147031 0
4.601 63 0.339219 0.00850499 0.0184225 0
4.601 64 0.00565035 0.000323647 0.0166684 0
4.601 65 0.120725 0.0159736 0.018684 0
4.701 51 0.177948 0.0154191 0.0157181 0
4.701 52 0.301131 0.011642 0.0108488 0
4.701 53 0.0643413 0.0103888 0.0169853 0
4.701 54 0.378077 0.0197722 0.0183409 0
4.701 55 0.374461 0.00838598 0.0196295 0
4.701 56 0.08041 0.003334 0.00843774 0
4.701 57 0.307475 0.0125222 0.0152703 0
4.701 58 0.276302 0.0178223 0.0187448 0
4.701 59 0.196136 0.00483625 0.0185072 0
4.701 60 0.0238908 0.0174541 0.0182061 0
4.701 61 0.296766 0.0105996 0.0193338 0
4.701 62 0.300895 0.00205823 0.0143365 0
4.701 63 0.358224 0.00793504 0.0190813 0
4.701 64 0.0247899 0.000347537 0.015998 0
4.701 65 0.13974 0.0160598 0.0175444 0
4.801 51 0.196962 0.0146055 0.014539 0
4.801 52 0.320181 0.0117112 0.0114327 0
4.801 53 0.0452963 0.0111152 0.0175584 0
4.801 54 0.397077 0.0193339 0.0170864 0
4.801 55 0.393384 0.00832515 0.0181393 0
4.801 56 0.0993867 0.00245089 0.00929029 0
4.801 57 0.326441 0.0124809 0.0164219 0
4.801 58 0.295414 0.0175001 0.0172401 0
4.801 59 0.215107 0.00441479 0.019567 0
4.801 60 0.042847 0.0180166 0.0195131 0
4.801 61 0.315777 0.0104023 0.0185045 0
4.801 62 0.319842 0.00262958 0.013373 0
4.801 63 0.377317 0.00716275 0.0195479 0
4.801 64 0.0438586 0.000325968 0.0148063 0
4.801 65 0.158743 0.0162479 0.0166807 0
4.901 51 0.215919 0.015185 0.0135585 0
4.901 52 0.339169 0.0115666 0.012061 0
4.901 53 0.0263232 0.0101459 0.0187852 0
4.901 54 0.416134 0.0193659 0.0163455 0
4.901 55 0.412424 0.00838134 0.0176737 0
4.901 56 0.118561 0.00228136 0.00973324 0
4.901 57 0.34559 0.0124031 0.0175867 0
4.901 58 0.314369 0.0174299 0.017654 0
4.901 59 0.234074 0.00386616 0.018617 0
4.901 60 0.0618265 0.0176816 0.0188985 0
4.901 61 0.334813 0.0104386 0.0175518 0
4.901 62 0.338903 0.00292203 0.0124676 0
4.901 63 0.396322 0.00703937 0.018493 0
4.901 64 0.062867 0.000238717 0.0136029 0
4.901 65 0.177776 0.0161748 0.0158925 0
