0.001 51 0.404571 0.0187883 0.0139428 0
0.001 52 0.00208627 0.0164752 0.00521935 0
0.001 53 0.295937 0.00232974 0.00552709 0
0.001 54 0.00517209 0.0057972 0.00845428 0
0.001 55 0.304463 0.00957784 0.00357575 0
0.001 56 0.118434 0.0166048 0.00514652 0
0.001 57 0.404636 0.00445304 0.0175998 0
0.001 58 0.120428 0.0114731 0.00396486 0
0.001 59 0.0145406 0.000141744 0.0118643 0
0.001 60 0.194486 0.00969552 0.0152539 0
0.001 61 0.184808 0.0115478 0.0148635 0
0.001 62 0.476417 0.0157548 0.014598 0
0.001 63 0.0805808 0.0162129 0.0099716 0
0.001 64 0.181598 0.0104907 0.00861693 0
0.001 65 0.0244837 0.00423533 0.0192758 0
0.001 66 0.134655 0.0145948 0.00817664 0
0.001 67 0.0796943 0.0169382 0.0180069 0
0.001 68 0.0333485 0.0059633 0.00731289 0
0.001 69 0.411792 0.0137923 0.00214857 0
0.001 70 0.0618003 0.0148667 0.00687236 0
0.001 71 0.0467078 0.0151671 0.0181178 0
0.001 72 0.449391 0.0187308 0.000198843 0
0.001 73 0.375111 0.0154739 0.00237167 0
0.001 74 0.311974 0.00340468 0.0068155 0
0.001 75 0.174391 0.0101935 0.00948655 0
0.001 76 0.496581 0.0143607 0.0187507 0
0.001 77 0.0171098 0.0109997 0.0146108 0
0.001 78 0.11426 0.0191987 0.012364 0
0.001 79 0.236445 0.00243135 0.0177427 0
0.001 80 0.0183597 0.00331374 0.0130355 0
0.101 51 0.423512 0.0191153 0.0157346 0
0.101 52 0.0212123 0.0168975 0.0065061 0
0.101 53 0.314938 0.00193256 0.00704175 0
0.101 54 0.0242973 0.00521866 0.00909741 0
0.101 55 0.323508 0.00951055 0.00395409 0
0.101 56 0.137397 0.0175117 0.00507921 0
0.101 57 0.423692 0.00386914 0.0184587 0
0.101 58 0.139496 0.0110688 0.00512052 0
0.101 59 0.0336319 0.000646664 0.0118339 0
0.101 60 0.213594 0.00984118 0.0153335 0
0.101 61 0.203857 0.0116383 0.0160881 0
0.101 62 0.495551 0.0157769 0.0154301 0
0.101 63 0.0996605 0.0162871 0.0110221 0
0.101 64 0.200583 0.0102995 0.0100153 0
0.101 65 0.0435839 0.00394738 0.0197166 0
0.101 66 0.15379 0.0145929 0.00932707 0
0.101 67 0.098749 0.0169703 0.0187418 0
0.101 68 0.0523882 0.00555844 0.00848418 0
0.101 69 0.430808 0.0134672 0.0034916 0
0.101 70 0.0809207 0.0145208 0.00749591 0
0.101 71 0.065858 0.0155335 0.0189382 0
0.101 72 0.468398 0.0184533 0.00152031 0
0.101 73 0.394171 0.0157008 0.0027255 0
0.101 74 0.330973 0.0032022 0.00783266 0
0.101 75 0.193441 0.010563 0.00981286 0
0.101 76 0.483976 0.0143808 0.0198391 0
0.101 77 0.0360896 0.00981741 0.0153353 0
0.101 78 0.133252 0.0190164 0.0137657 0
0.101 79 0.255499 0.00295649 0.0188121 0
0.101 80 0.0374726 0.00376552 0.0130258 0
0.201 51 0.442526 0.0191219 0.0163062 0
0.201 52 0.0402384 0.0163771 0.00725973 0
0.201 53 0.333951 0.00265772 0.00864098 0
0.201 54 0.0433784 0.00550748 0.0100715 0
0.201 55 0.342507 0.00982482 0.0048949 0
0.201 56 0.156493 0.0176113 0.00617665 0
0.201 57 0.442733 0.00425443 0.0194676 0
0.201 58 0.158469 0.0109257 0.00579974 0
0.201 59 0.0526492 0.00103247 0.0132477 0
0.201 60 0.232639 0.00994292 0.016082 0
0.201 61 0.222947 0.0108646 0.0166241 0
0.201 62 0.485285 0.0155173 0.0160902 0
0.201 63 0.118741 0.0168394 0.0123171 0
0.201 64 0.219693 0.0105177 0.0111793 0
0.201 65 0.0626064 0.00349673 0.019041 0
0.201 66 0.172785 0.0149215 0.0102691 0
0.201 67 0.117819 0.0169677 0.0191001 0
0.201 68 0.0713794 0.0055256 0.0101641 0
0.201 69 0.449876 0.0135092 0.00382435 0
0.201 70 0.0999653 0.0146563 0.00801329 0
0.201 71 0.0848672 0.0154443 0.0199125 0
0.201 72 0.487516 0.0186625 0.00237455 0
0.201 73 0.41328 0.0153158 0.00357845 0
0.201 74 0.349954 0.00281832 0.00880003 0
0.201 75 0.2126 0.0096342 0.0110258 0
0.201 76 0.465035 0.0139205 0.0188643 0
0.201 77 0.0550836 0.00884812 0.0167096 0
0.201 78 0.152426 0.0189121 0.0145561 0
0.201 79 0.27453 0.0028202 0.0195899 0
0.201 80 0.0565044 0.0039049 0.0142858 0
0.301 51 0.46153 0.0197581 0.0169524 0
0.301 52 0.0593857 0.0173434 0.00733633 0
0.301 53 0.352928 0.00265741 0.0100669 0
0.301 54 0.0625058 0.00507898 0.010732 0
0.301 55 0.361593 0.00971749 0.00584432 0
0.301 56 0.175434 0.0183496 0.00789633 0
0.301 57 0.461743 0.00352299 0.0180931 0
0.301 58 0.177552 0.0114716 0.00691849 0
0.301 59 0.0717524 0.00105071 0.0141743 0
0.301 60 0.25166 0.00944506 0.017156 0
0.301 61 0.241997 0.0107381 0.0173791 0
0.301 62 0.466199 0.0159365 0.0167646 0
0.301 63 0.137752 0.0173934 0.0128446 0
0.301 64 0.23878 0.01078 0.0123333 0
0.301 65 0.081698 0.00386822 0.018065 0
0.301 66 0.191835 0.0151169 0.0108204 0
0.301 67 0.136799 0.0172364 0.0199021 0
0.301 68 0.0903227 0.00634968 0.0115467 0
0.301 69 0.468897 0.0134528 0.00500808 0
0.301 70 0.119022 0.0143895 0.0095139 0
0.301 71 0.103964 0.0155417 0.0193296 0
0.301 72 0.493224 0.0187797 0.00379837 0
0.301 73 0.432302 0.0156496 0.00475068 0
0.301 74 0.369054 0.00299539 0.00934621 0
0.301 75 0.231578 0.0100543 0.0119284 0
0.301 76 0.446038 0.0138951 0.0176369 0
0.301 77 0.074181 0.00850541 0.0175879 0
0.301 78 0.171566 0.018697 0.0155369 0
0.301 79 0.293574 0.00269226 0.0197647 0
0.301 80 0.0755125 0.00352471 0.015481 0
0.401 51 0.48049 0.0194007 0.0183198 0
0.401 52 0.0784811 0.0171155 0.00832219 0
0.401 53 0.371898 0.00287921 0.0108643 0
0.401 54 0.08159 0.00497499 0.0114688 0
0.401 55 0.380663 0.00978182 0.00686758 0
0.401 56 0.194478 0.0184206 0.00887438 0
0.401 57 0.480798 0.00361567 0.0178294 0
0.401 58 0.196617 0.0119698 0.0078609 0
0.401 59 0.0907747 0.00113164 0.0146496 0
0.401 60 0.270652 0.00971836 0.0181356 0
0.401 61 0.261166 0.0104367 0.0183284 0
0.401 62 0.447206 0.0158919 0.0178127 0
0.401 63 0.156715 0.0172884 0.0134996 0
0.401 64 0.257821 0.010713 0.0133331 0
0.401 65 0.100727 0.0037178 0.0171429 0
0.401 66 0.210966 0.0149216 0.0111433 0
0.401 67 0.155855 0.0174941 0.0186555 0
0.401 68 0.109418 0.0064552 0.0123148 0
0.401 69 0.48791 0.0140381 0.00644934 0
0.401 70 0.137997 0.0142011 0.0105552 0
0.401 71 0.122995 0.0154988 0.0180819 0
0.401 72 0.474215 0.0193106 0.00530064 0
0.401 73 0.451325 0.0146274 0.00608951 0
0.401 74 0.388112 0.00322067 0.0102935 0
0.401 75 0.250549 0.00985019 0.011921 0
0.401 76 0.42688 0.0134331 0.0170109 0
0.401 77 0.0931347 0.00832525 0.018234 0
0.401 78 0.190688 0.0189857 0.0164129 0
0.401 79 0.312457 0.00177058 0.0186936 0
0.401 80 0.0945937 0.00302782 0.0158962 0
0.501 51 0.499466 0.0198461 0.0198519 0
0.501 52 0.0976307 0.0166076 0.00906771 0
0.501 53 0.390904 0.00266537 0.0114023 0
0.501 54 0.100659 0.00546713 0.0122269 0
0.501 55 0.399639 0.00904814 0.00782482 0
0.501 56 0.213621 0.0180332 0.0100872 0
0.501 57 0.499921 0.00410717 0.016753 0
0.501 58 0.215775 0.0120966 0.00910211 0
0.501 59 0.10986 0.00107728 0.0159816 0
0.501 60 0.289732 0.00983635 0.0184411 0
0.501 61 0.28031 0.00999341 0.0188753 0
0.501 62 0.428204 0.0158605 0.0184708 0
0.501 63 0.175712 0.0173398 0.014817 0
0.501 64 0.276925 0.0107449 0.012902 0
0.501 65 0.119855 0.00438599 0.0164035 0
0.501 66 0.229922 0.0149322 0.0126256 0
0.501 67 0.174861 0.01762 0.0175158 0
0.501 68 0.128512 0.00690139 0.0134421 0
0.501 69 0.492841 0.0138419 0.00698762 0
0.501 70 0.157003 0.0141812 0.0113459 0
0.501 71 0.142008 0.0158955 0.0165019 0
0.501 72 0.455014 0.0191328 0.00563998 0
0.501 73 0.470361 0.0142389 0.00763605 0
0.501 74 0.407293 0.00341875 0.0107384 0
0.501 75 0.269556 0.0095013 0.0131989 0
0.501 76 0.408008 0.0133354 0.0157568 0
0.501 77 0.112115 0.00767413 0.0192545 0
0.501 78 0.209724 0.0185793 0.0171627 0
0.501 79 0.33159 0.0017892 0.0179191 0
0.501 80 0.113592 0.0024884 0.016832 0
0.601 51 0.481201 0.019444 0.0189228 0
0.601 52 0.116727 0.0164748 0.0106761 0
0.601 53 0.409945 0.00240864 0.0121107 0
0.601 54 0.119822 0.00535875 0.0133109 0
0.601 55 0.418635 0.00826509 0.00946387 0
0.601 56 0.232678 0.0177953 0.0113028 0
0.601 57 0.480918 0.0046641 0.0160918 0
0.601 58 0.2347 0.0118265 0.0102801 0
0.601 59 0.128888 0.0013103 0.0166003 0
0.601 60 0.308804 0.0105445 0.0197559 0
0.601 61 0.299429 0.00970717 0.0197984 0
0.601 62 0.409146 0.0149327 0.0189408 0
0.601 63 0.194804 0.0170197 0.0154675 0
0.601 64 0.295902 0.0106472 0.0142329 0
0.601 65 0.138808 0.00462848 0.0155662 0
0.601 66 0.249114 0.0146028 0.0127783 0
0.601 67 0.193911 0.0172716 0.0166041 0
0.601 68 0.147528 0.00713625 0.0144022 0
0.601 69 0.473842 0.0131864 0.00765771 0
0.601 70 0.175989 0.0142371 0.0126196 0
0.601 71 0.160986 0.0154824 0.0153615 0
0.601 72 0.435982 0.0188967 0.00693676 0
0.601 73 0.48947 0.0142565 0.00834149 0
0.601 74 0.426396 0.00363032 0.0120064 0
0.601 75 0.288545 0.00915364 0.0137041 0
0.601 76 0.388972 0.0129148 0.0147676 0
0.601 77 0.131151 0.00797014 0.0192804 0
0.601 78 0.228759 0.0188308 0.017972 0
0.601 79 0.350569 0.0023398 0.01668 0
0.601 80 0.132572 0.00259528 0.0178082 0
0.701 51 0.462043 0.0195663 0.0180888 0
0.701 52 0.135828 0.0169055 0.0118918 0
0.701 53 0.428934 0.00332324 0.013602 0
0.701 54 0.138947 0.00485415 0.0138064 0
0.701 55 0.437678 0.0088454 0.0108294 0
0.701 56 0.251823 0.0178979 0.0117877 0
0.701 57 0.461882 0.00464349 0.0148811 0
0.701 58 0.253715 0.0119152 0.0111284 0
0.701 59 0.147855 0.00100419 0.0177363 0
0.701 60 0.327804 0.0104281 0.0187857 0
0.701 61 0.318449 0.0102001 0.0183915 0
0.701 62 0.390208 0.0149718 0.0196751 0
0.701 63 0.213917 0.0165442 0.0167715 0
0.701 64 0.315049 0.0109756 0.0149853 0
0.701 65 0.157751 0.00455215 0.0145143 0
0.701 66 0.268115 0.015557 0.0135676 0
0.701 67 0.212982 0.0174649 0.0156302 0
0.701 68 0.166509 0.00696237 0.0159741 0
0.701 69 0.454794 0.0129259 0.00912704 0
0.701 70 0.195037 0.0136365 0.0132325 0
0.701 71 0.180037 0.0151 0.0135548 0
0.701 72 0.416919 0.0188076 0.00783739 0
0.701 73 0.491273 0.0144217 0.00954614 0
0.701 74 0.445342 0.00305222 0.0128386 0
0.701 75 0.307576 0.00908776 0.014688 0
0.701 76 0.369917 0.0124398 0.0136548 0
0.701 77 0.150236 0.00845094 0.0193283 0
0.701 78 0.247804 0.0187211 0.0182892 0
0.701 79 0.369613 0.00273085 0.0161483 0
0.701 80 0.151665 0.00244945 0.0188596 0
0.801 51 0.442994 0.0198361 0.0169658 0
0.801 52 0.154902 0.0173072 0.0124565 0
0.801 53 0.447995 0.0039572 0.0140051 0
0.801 54 0.157955 0.00470527 0.0147891 0
0.801 55 0.45668 0.00842957 0.0122921 0
0.801 56 0.270857 0.0179612 0.0122699 0
0.801 57 0.442848 0.00548064 0.0148724 0
0.801 58 0.272687 0.0112811 0.0120822 0
0.801 59 0.166844 0.000507867 0.0183974 0
0.801 60 0.346808 0.00996972 0.0176383 0
0.801 61 0.33757 0.0105238 0.0179346 0
0.801 62 0.371144 0.015521 0.0190158 0
0.801 63 0.232964 0.0168166 0.0171545 0
0.801 64 0.333992 0.0108207 0.016958 0
0.801 65 0.17677 0.00428105 0.0130945 0
0.801 66 0.287225 0.0158232 0.0151053 0
0.801 67 0.231977 0.0176677 0.0151308 0
0.801 68 0.185662 0.00732099 0.0164362 0
0.801 69 0.435681 0.0133292 0.0100314 0
0.801 70 0.213981 0.0148615 0.0142618 0
0.801 71 0.199043 0.0154253 0.0123455 0
0.801 72 0.397841 0.0186876 0.00854362 0
0.801 73 0.472208 0.0148913 0.00990145 0
0.801 74 0.464459 0.0025031 0.0139299 0
0.801 75 0.326591 0.0089561 0.0153284 0
0.801 76 0.350857 0.0120626 0.0132227 0
0.801 77 0.169204 0.00871694 0.0178326 0
0.801 78 0.266813 0.0185292 0.0194426 0
0.801 79 0.388484 0.0027322 0.0145861 0
0.801 80 0.170702 0.00318747 0.0191766 0
0.901 51 0.423897 0.018818 0.0159586 0
0.901 52 0.174067 0.0171384 0.013943 0
0.901 53 0.466901 0.0038676 0.0155926 0
0.901 54 0.176933 0.00527095 0.0156405 0
0.901 55 0.475728 0.0087029 0.0132479 0
0.901 56 0.289935 0.0180707 0.0129947 0
0.901 57 0.423991 0.005916 0.0141805 0
0.901 58 0.291707 0.011573 0.0134913 0
0.901 59 0.185737 0.000204696 0.019493 0
0.901 60 0.365943 0.01007 0.0171961 0
0.901 61 0.356635 0.0111089 0.0168193 0
0.901 62 0.352105 0.0152375 0.0181436 0
0.901 63 0.252108 0.0165499 0.0180384 0
0.901 64 0.353102 0.0104797 0.0179785 0
0.901 65 0.195806 0.00420797 0.011919 0
0.901 66 0.306136 0.0159567 0.0160285 0
0.901 67 0.250956 0.017578 0.0136077 0
0.901 68 0.204631 0.00713665 0.01723 0
0.901 69 0.41674 0.0122644 0.0105964 0
0.901 70 0.233004 0.0142471 0.0153239 0
0.901 71 0.218153 0.0155783 0.0112241 0
0.901 72 0.378961 0.0187129 0.0097358 0
0.901 73 0.453135 0.0151227 0.0109719 0
0.901 74 0.483454 0.00173625 0.0155499 0
0.901 75 0.345608 0.00882481 0.0164089 0
0.901 76 0.331875 0.0116579 0.0117546 0
0.901 77 0.188281 0.00915771 0.0173147 0
0.901 78 0.285712 0.0186345 0.0189511 0
0.901 79 0.407526 0.00285194 0.0130377 0
0.901 80 0.189691 0.00313228 0.0179599 0
1.001 51 0.404832 0.0182864 0.0147237 0
1.001 52 0.19312 0.0171325 0.0149871 0
1.001 53 0.485864 0.00421487 0.0170698 0
1.001 54 0.196111 0.00491108 0.0162642 0
1.001 55 0.494773 0.00956314 0.0142231 0
1.001 56 0.308963 0.0179096 0.0140902 0
1.001 57 0.404906 0.00659353 0.0134151 0
1.001 58 0.310698 0.0113256 0.0153102 0
1.001 59 0.204735 5.36999e-05 0.0179215 0
1.001 60 0.384993 0.00919864 0.0162085 0
1.001 61 0.375599 0.0110535 0.0157468 0
1.001 62 0.333109 0.0155921 0.0167549 0
1.001 63 0.271119 0.0164801 0.018731 0
1.001 64 0.372163 0.0101947 0.0189144 0
1.001 65 0.214858 0.00385992 0.0112934 0
1.001 66 0.32524 0.0162337 0.0163256 0
1.001 67 0.270073 0.0168921 0.0125476 0
1.001 68 0.223699 0.00725154 0.0180206 0
1.001 69 0.397669 0.0130307 0.0105953 0
1.001 70 0.251966 0.0139457 0.0165516 0
1.001 71 0.237082 0.0156585 0.00997059 0
1.001 72 0.359885 0.0183714 0.0111269 0
1.001 73 0.434192 0.0151826 0.011722 0
1.001 74 0.497515 0.00206934 0.0158398 0
1.001 75 0.364748 0.00930999 0.0170134 0
1.001 76 0.31288 0.0114051 0.0105583 0
1.001 77 0.207351 0.00953898 0.0165204 0
1.001 78 0.304798 0.0184844 0.0183499 0
1.001 79 0.426525 0.0028198 0.0122046 0
1.001 80 0.208774 0.00321908 0.0173367 0
1.101 51 0.385794 0.0177771 0.0131528 0
1.101 52 0.212323 0.0170082 0.0158831 0
1.101 53 0.494988 0.00454398 0.0178362 0
1.101 54 0.215156 0.00509555 0.0162758 0
1.101 55 0.486063 0.0100539 0.0145874 0
1.101 56 0.32804 0.0175165 0.0145386 0
1.101 57 0.385874 0.0071504 0.0125701 0
1.101 58 0.329735 0.0118368 0.0156052 0
1.101 59 0.223772 0.000281923 0.017183 0
1.101 60 0.403941 0.00864526 0.0148169 0
1.101 61 0.394626 0.0108872 0.0143814 0
1.101 62 0.314127 0.0154315 0.0158995 0
1.101 63 0.290141 0.0152775 0.019441 0
1.101 64 0.391333 0.00998536 0.0197862 0
1.101 65 0.233913 0.0037087 0.0108395 0
1.101 66 0.344219 0.0159098 0.0173509 0
1.101 67 0.289197 0.0170208 0.0116991 0
1.101 68 0.242677 0.00768479 0.0183699 0
1.101 69 0.378819 0.0129915 0.0114462 0
1.101 70 0.27093 0.013709 0.0184832 0
1.101 71 0.25626 0.016094 0.00944391 0
1.101 72 0.340727 0.0185391 0.0118034 0
1.101 73 0.41509 0.0157574 0.0119119 0
1.101 74 0.478477 0.00116234 0.0171349 0
1.101 75 0.383741 0.00896932 0.0184011 0
1.101 76 0.29386 0.011589 0.00930468 0
1.101 77 0.226424 0.00894869 0.0154284 0
1.101 78 0.323914 0.018334 0.0168386 0
1.101 79 0.445671 0.00319513 0.0115801 0
1.101 80 0.227727 0.00330457 0.0159015 0
1.201 51 0.366839 0.0171382 0.0116605 0
1.201 52 0.2314 0.0168068 0.0165683 0
1.201 53 0.475961 0.0042923 0.0192979 0
1.201 54 0.234144 0.00571429 0.0168813 0
1.201 55 0.467121 0.00951693 0.0159628 0
1.201 56 0.347094 0.0180604 0.0151253 0
1.201 57 0.366827 0.00737678 0.0117565 0
1.201 58 0.348706 0.0113882 0.0168002 0
1.201 59 0.242842 0.000456285 0.0160218 0
1.201 60 0.422872 0.00891009 0.0133937 0
1.201 61 0.413624 0.0110984 0.0131797 0
1.201 62 0.295021 0.0158874 0.0149145 0
1.201 63 0.309093 0.015153 0.0198588 0
1.201 64 0.410419 0.0105817 0.0194984 0
1.201 65 0.253054 0.00446808 0.0101204 0
1.201 66 0.363248 0.0161082 0.0172109 0
1.201 67 0.308285 0.0170392 0.011247 0
1.201 68 0.261582 0.00858809 0.0190824 0
1.201 69 0.359897 0.0138415 0.0125529 0
1.201 70 0.290024 0.0141253 0.0190919 0
1.201 71 0.275222 0.015397 0.00800061 0
1.201 72 0.321654 0.0187938 0.0122892 0
1.201 73 0.396028 0.0162216 0.0123107 0
1.201 74 0.459505 0.00145743 0.0181965 0
1.201 75 0.402714 0.00906978 0.0198037 0
1.201 76 0.274884 0.0107066 0.00706119 0
1.201 77 0.245541 0.00921351 0.0146801 0
1.201 78 0.342899 0.0182009 0.0157206 0
1.201 79 0.464711 0.00340172 0.0101421 0
1.201 80 0.246712 0.00279615 0.0149133 0
1.301 51 0.347791 0.017023 0.0110943 0
1.301 52 0.25041 0.0169358 0.0168977 0
1.301 53 0.456909 0.0045308 0.0196343 0
1.301 54 0.253238 0.00606409 0.017978 0
1.301 55 0.44807 0.00962491 0.0165802 0
1.301 56 0.366146 0.0180284 0.0166083 0
1.301 57 0.347696 0.00690973 0.0108225 0
1.301 58 0.367716 0.0117781 0.0176151 0
1.301 59 0.26193 0.00140761 0.0152782 0
1.301 60 0.441853 0.00912929 0.012954 0
1.301 61 0.432583 0.0110151 0.0123257 0
1.301 62 0.276051 0.0161408 0.0141729 0
1.301 63 0.328086 0.0153257 0.0188484 0
1.301 64 0.429394 0.010394 0.0187001 0
1.301 65 0.272026 0.0046452 0.00913211 0
1.301 66 0.382171 0.0169902 0.0184161 0
1.301 67 0.327259 0.0176684 0.0103443 0
1.301 68 0.280593 0.00856863 0.0197369 0
1.301 69 0.340898 0.0131256 0.0131112 0
1.301 70 0.308896 0.0145733 0.0196947 0
1.301 71 0.29435 0.0161059 0.00661362 0
1.301 72 0.302632 0.0188361 0.0130445 0
1.301 73 0.376924 0.0154423 0.0135903 0
1.301 74 0.440453 0.00190214 0.0186536 0
1.301 75 0.421741 0.00950666 0.0188401 0
1.301 76 0.255888 0.0111142 0.00576807 1.09373e-08
1.301 77 0.264625 0.00902516 0.014079 1.09373e-08
1.301 78 0.361977 0.0174285 0.0148867 1.09373e-08
1.301 79 0.483807 0.00296221 0.0101423 1.09373e-08
1.301 80 0.265723 0.00253481 0.0147646 1.09373e-08
1.401 51 0.328746 0.017142 0.0107179 0
1.401 52 0.269525 0.0171615 0.0171778 0
1.401 53 0.437916 0.00501073 0.0184419 0
1.401 54 0.272221 0.00599958 0.0196982 0
1.401 55 0.429022 0.010561 0.017689 0
1.401 56 0.385286 0.0171053 0.0170896 0
1.401 57 0.328617 0.00667173 0.0100147 0
1.401 58 0.386837 0.0117258 0.0172928 0
1.401 59 0.280953 0.001312 0.0143893 0
1.401 60 0.460871 0.00896085 0.0117153 0
1.401 61 0.451651 0.0110681 0.0110581 0
1.401 62 0.257135 0.0161806 0.0124755 0
1.401 63 0.347107 0.0152696 0.0180502 0
1.401 64 0.448438 0.00980607 0.0184599 0
1.401 65 0.291015 0.00500154 0.00746662 0
1.401 66 0.401349 0.0165538 0.0197677 0
1.401 67 0.346214 0.0179592 0.00930436 0
1.401 68 0.299603 0.00900174 0.0193558 0
1.401 69 0.321862 0.0136364 0.0139118 0
1.401 70 0.328021 0.0140251 0.018846 0
1.401 71 0.313404 0.0161461 0.00515013 0
1.401 72 0.283679 0.0186748 0.0145776 0
1.401 73 0.357922 0.0155501 0.0145161 0
1.401 74 0.421357 0.00185994 0.0195292 0
1.401 75 0.440884 0.00939881 0.0178638 0
1.401 76 0.236938 0.0106682 0.00420759 0
1.401 77 0.283648 0.00889792 0.0129022 0
1.401 78 0.380966 0.0174024 0.013577 0
1.401 79 0.496736 0.00337435 0.0100783 0
1.401 80 0.28483 0.00311182 0.0138969 0
1.501 51 0.309792 0.0164577 0.00946524 0
1.501 52 0.288537 0.0165166 0.0183722 0
1.501 53 0.418956 0.00432739 0.0179669 0
1.501 54 0.291189 0.00545219 0.0190027 0
1.501 55 0.409907 0.0111002 0.0193236 0
1.501 56 0.404348 0.0167149 0.0179191 0
1.501 57 0.309635 0.00705631 0.00905367 0
1.501 58 0.405914 0.0117281 0.0181109 0
1.501 59 0.299959 0.00157749 0.0133567 0
1.501 60 0.47999 0.0095069 0.0111189 0
1.501 61 0.470729 0.0114861 0.00995518 0
1.501 62 0.238216 0.0161536 0.0115156 0
1.501 63 0.366167 0.0147779 0.0168088 0
1.501 64 0.467522 0.010587 0.0168629 0
1.501 65 0.310058 0.00563153 0.00703393 0
1.501 66 0.420446 0.0169271 0.0191215 0
1.501 67 0.365148 0.0178326 0.00793461 0
1.501 68 0.318701 0.00903176 0.0185078 0
1.501 69 0.302877 0.0130596 0.0154273 0
1.501 70 0.347065 0.0141844 0.0177253 0
1.501 71 0.332474 0.0161509 0.0045634 0
1.501 72 0.264609 0.0177571 0.0152844 0
1.501 73 0.338949 0.0150198 0.0163718 0
1.501 74 0.40239 0.00236166 0.019837 0
1.501 75 0.459972 0.00980957 0.0176586 0
1.501 76 0.217953 0.0100986 0.00324906 0
1.501 77 0.302619 0.00874611 0.0111787 0
1.501 78 0.400002 0.0171778 0.012597 0
1.501 79 0.477763 0.00274183 0.00981101 0
1.501 80 0.303894 0.0029821 0.0131461 0
1.601 51 0.290743 0.0167955 0.0086339 0
1.601 52 0.307595 0.0166467 0.0197481 0
1.601 53 0.399903 0.00475005 0.0171548 0
1.601 54 0.310159 0.00545781 0.0179213 0
1.601 55 0.390905 0.0105401 0.0192968 0
1.601 56 0.423397 0.0167603 0.0190905 0
1.601 57 0.290641 0.00745869 0.00843652 0
1.601 58 0.424952 0.0110027 0.0191629 0
1.601 59 0.319021 0.00111641 0.0132213 0
1.601 60 0.499008 0.0107625 0.0102294 0
1.601 61 0.489732 0.0112854 0.00874725 0
1.601 62 0.219279 0.0170598 0.0106747 0
1.601 63 0.385182 0.014778 0.0161727 0
1.601 64 0.486736 0.0111586 0.016051 0
1.601 65 0.329204 0.00656128 0.00650921 0
1.601 66 0.439436 0.0171413 0.0175837 0
1.601 67 0.384084 0.0173771 0.00760932 0
1.601 68 0.337668 0.00905327 0.0176004 0
1.601 69 0.283834 0.013093 0.0161208 0
1.601 70 0.366057 0.0138544 0.0161432 0
1.601 71 0.351361 0.016665 0.00341429 0
1.601 72 0.245677 0.0176888 0.0162258 0
1.601 73 0.319948 0.0152919 0.0174472 0
1.601 74 0.383357 0.00193373 0.0182217 0
1.601 75 0.479077 0.00984373 0.0172956 0
1.601 76 0.198969 0.0100919 0.00231757 0
1.601 77 0.321729 0.00779932 0.0101395 0
1.601 78 0.419037 0.0170362 0.0112294 0
1.601 79 0.458794 0.00294878 0.00833833 0
1.601 80 0.322842 0.00269452 0.0123027 0
1.701 51 0.271664 0.0168942 0.0079777 0
1.701 52 0.32649 0.0167415 0.0187598 0
1.701 53 0.380811 0.00466677 0.0167529 0
1.701 54 0.329221 0.00529765 0.0170764 0
1.701 55 0.371921 0.0107944 0.0177898 0
1.701 56 0.44243 0.0171697 0.0199369 0
1.701 57 0.271548 0.00752849 0.00806238 0
1.701 58 0.444022 0.0117409 0.0199097 0
1.701 59 0.338048 0.00067473 0.012561 0
1.701 60 0.481842 0.0110949 0.00898711 0
1.701 61 0.49127 0.011401 0.00776062 0
1.701 62 0.200207 0.0170309 0.00980432 0
1.701 63 0.404172 0.0146877 0.0153823 0
1.701 64 0.493999 0.0117443 0.0154611 0
1.701 65 0.348289 0.00712847 0.005591 0
1.701 66 0.458481 0.0171933 0.0166512 0
1.701 67 0.403092 0.0176294 0.0062527 0
1.701 68 0.356708 0.0078691 0.0170519 0
1.701 69 0.264754 0.0128717 0.0170702 0
1.701 70 0.385113 0.0137117 0.0158243 0
1.701 71 0.370393 0.0165975 0.00223109 0
1.701 72 0.226676 0.0174608 0.0171445 0
1.701 73 0.300973 0.0153969 0.018527 0
1.701 74 0.364284 0.00222778 0.0168603 0
1.701 75 0.498238 0.00957599 0.0162501 0
1.701 76 0.180064 0.00985277 0.000776563 0
1.701 77 0.340679 0.00750793 0.00935779 0
1.701 78 0.438136 0.0167757 0.0101043 0
1.701 79 0.439724 0.00307222 0.00756142 0
1.701 80 0.341891 0.00238829 0.0116666 0
1.801 51 0.252556 0.0171778 0.00754899 0
1.801 52 0.3456 0.016263 0.0181963 0
1.801 53 0.361693 0.00478172 0.0161964 0
1.801 54 0.348255 0.00595351 0.0160577 0
1.801 55 0.352943 0.0107362 0.0162262 0
1.801 56 0.461439 0.0171338 0.019378 0
1.801 57 0.252467 0.00727484 0.00704599 1.19809e-08
1.801 58 0.463015 0.0116458 0.0189753 1.19809e-08
1.801 59 0.357173 0.000663465 0.012578 1.19809e-08
1.801 60 0.462922 0.0111998 0.00806134 1.19809e-08
1.801 61 0.472251 0.01087 0.00624325 1.19809e-08
1.801 62 0.181083 0.0168358 0.00869816 1.19809e-08
1.801 63 0.423201 0.0150081 0.0142641 1.19809e-08
1.801 64 0.47495 0.0113829 0.015315 1.19809e-08
1.801 65 0.367316 0.00684155 0.00435399 1.19809e-08
1.801 66 0.47752 0.0171914 0.0153825 1.19809e-08
1.801 67 0.422075 0.0175613 0.00583816 1.19809e-08
1.801 68 0.375724 0.00801139 0.0159121 1.19809e-08
1.801 69 0.245783 0.0122317 0.0182297 1.19809e-08
1.801 70 0.404279 0.0138673 0.0149574 1.19809e-08
1.801 71 0.38949 0.016781 0.00173609 1.19809e-08
1.801 72 0.207713 0.0174417 0.0183903 1.19809e-08
1.801 73 0.282024 0.0158279 0.0198545 1.19809e-08
1.801 74 0.345281 0.00332395 0.0151507 1.19809e-08
1.801 75 0.482614 0.0104595 0.0151074 1.19809e-08
1.801 76 0.16108 0.00989988 0.000248504 1.19809e-08
1.801 77 0.359708 0.00771103 0.00837629 1.19809e-08
1.801 78 0.457132 0.0171211 0.00911064 1.19809e-08
1.801 79 0.420679 0.00295551 0.00596372 1.19809e-08
1.801 80 0.361007 0.00230576 0.0112217 1.19809e-08
1.901 51 0.233569 0.0181933 0.00656207 0
1.901 52 0.364659 0.0167577 0.0166413 0
1.901 53 0.342747 0.00505859 0.0144856 0
1.901 54 0.367251 0.00542007 0.0148542 0
1.901 55 0.334 0.0103363 0.0148211 0
1.901 56 0.480545 0.0171191 0.0184755 0
1.901 57 0.233382 0.00704562 0.00665194 0
1.901 58 0.482105 0.0121109 0.0180784 0
1.901 59 0.376216 0.00106531 0.0117068 0
1.901 60 0.443891 0.0115727 0.00689321 0
1.901 61 0.453184 0.0102945 0.00569768 0
1.901 62 0.16203 0.016501 0.00819201 0
1.901 63 0.442232 0.0153712 0.013316 0
1.901 64 0.455948 0.012457 0.0144746 0
1.901 65 0.386404 0.00747666 0.00356206 0
1.901 66 0.496549 0.0168072 0.0129429 0
1.901 67 0.441122 0.0176259 0.00410071 0
1.901 68 0.394681 0.00731855 0.0148915 0
1.901 69 0.226778 0.0119955 0.0195135 0
1.901 70 0.423257 0.0136761 0.0134703 0
1.901 71 0.408541 0.016368 0.000278922 0
1.901 72 0.188529 0.0172494 0.0192078 0
1.901 73 0.263015 0.015389 0.0194498 0
1.901 74 0.326184 0.00309395 0.0136896 0
1.901 75 0.463618 0.0108321 0.0141536 0
1.901 76 0.142117 0.00901523 0.0014304 0
1.901 77 0.37861 0.00736768 0.00657437 0
1.901 78 0.476247 0.0172208 0.00826992 0
1.901 79 0.401743 0.00315176 0.00525138 0
1.901 80 0.380069 0.00241066 0.0102612 0
2.001 51 0.214456 0.0181735 0.00543425 0
2.001 52 0.383826 0.0164627 0.0158858 0
2.001 53 0.323726 0.00479952 0.0132852 0
2.001 54 0.386244 0.00576407 0.0137031 0
2.001 55 0.315 0.0102004 0.0130251 0
2.001 56 0.499503 0.0176942 0.0170201 0
2.001 57 0.214216 0.00694935 0.00588979 0
2.001 58 0.498824 0.0122418 0.0171812 0
2.001 59 0.395172 0.000372031 0.0105632 0
2.001 60 0.424848 0.0115792 0.00591142 0
2.001 61 0.434137 0.0102303 0.0048148 0
2.001 62 0.142988 0.0163898 0.00814341 0
2.001 63 0.461281 0.0153746 0.012242 0
2.001 64 0.436938 0.0119897 0.0142198 0
2.001 65 0.405484 0.00697088 0.00273403 0
2.001 66 0.484083 0.0173075 0.0120617 0
2.001 67 0.460162 0.0176166 0.00312877 0
2.001 68 0.413782 0.00731325 0.0138436 0
2.001 69 0.207683 0.0115135 0.0193975 0
2.001 70 0.442227 0.0130609 0.0125359 0
2.001 71 0.427708 0.0160331 0.000593389 0
2.001 72 0.169493 0.0174689 0.0197241 0
2.001 73 0.243916 0.0146228 0.0189062 0
2.001 74 0.307264 0.00329766 0.0130294 0
2.001 75 0.444618 0.0107223 0.0129442 0
2.001 76 0.122951 0.0094265 0.00218085 0
2.001 77 0.397663 0.00713783 0.00518441 0
2.001 78 0.495224 0.0174597 0.00745438 0
2.001 79 0.382755 0.00314451 0.00395339 0
2.001 80 0.399056 0.0023803 0.00925445 0
2.101 51 0.195332 0.0184661 0.00519311 0
2.101 52 0.402734 0.0163379 0.0149616 0
2.101 53 0.304792 0.00503392 0.0122418 0
2.101 54 0.405339 0.00559603 0.012569 0
2.101 55 0.29599 0.010112 0.0116591 0
2.101 56 0.481276 0.0178842 0.0163324 0
2.101 57 0.195054 0.00684472 0.00496502 0
2.101 58 0.479763 0.0126514 0.0165375 0
2.101 59 0.414124 0.00112065 0.00894345 0
2.101 60 0.405833 0.0124871 0.00576079 0
2.101 61 0.415176 0.0107476 0.00371836 0
2.101 62 0.12393 0.0164716 0.00737111 0
2.101 63 0.480286 0.015411 0.0108571 0
2.101 64 0.417997 0.0121727 0.013172 0
2.101 65 0.424603 0.00652226 0.00193825 0
2.101 66 0.465002 0.0178563 0.0113693 0
2.101 67 0.479269 0.0175572 0.00209143 0
2.101 68 0.432784 0.00680121 0.012097 0
2.101 69 0.188636 0.0110755 0.0188625 0
2.101 70 0.461293 0.0125987 0.0116304 0
2.101 71 0.446745 0.0160586 0.00170383 0
2.101 72 0.150474 0.0173844 0.0184775 0
2.101 73 0.225022 0.0148066 0.0179216 0
2.101 74 0.288131 0.00294887 0.0121593 0
2.101 75 0.425593 0.0110858 0.0119982 0
2.101 76 0.10393 0.00985914 0.0026244 0
2.101 77 0.41661 0.00691403 0.0042092 0
2.101 78 0.485721 0.0177151 0.00656262 0
2.101 79 0.363673 0.00267452 0.00315366 0
2.101 80 0.418109 0.00200777 0.00787937 0
2.201 51 0.176319 0.0180342 0.00436401 0
2.201 52 0.421792 0.0165468 0.013703 0
2.201 53 0.285725 0.00485972 0.0109168 0
2.201 54 0.42434 0.00586551 0.0117626 0
2.201 55 0.276835 0.010046 0.0109983 0
2.201 56 0.462218 0.0175191 0.015936 0
2.201 57 0.175961 0.00638339 0.00477617 0
2.201 58 0.460725 0.012781 0.0166643 0
2.201 59 0.433123 0.000883594 0.00718169 0
2.201 60 0.386877 0.0123404 0.00465681 0
2.201 61 0.396138 0.0113074 0.00271657 0
2.201 62 0.104885 0.0164668 0.00650142 0
2.201 63 0.499369 0.0150636 0.00961089 0
2.201 64 0.398933 0.0127323 0.0113309 0
2.201 65 0.443601 0.00728215 0.00112893 0
2.201 66 0.445966 0.0177921 0.00938989 0
2.201 67 0.49821 0.0175972 0.000459459 0
2.201 68 0.451793 0.00652613 0.0107785 0
2.201 69 0.1695 0.0112986 0.0174642 0
2.201 70 0.480297 0.0127653 0.0111507 0
2.201 71 0.465737 0.0160719 0.00253806 0
2.201 72 0.131547 0.0178986 0.0168477 0
2.201 73 0.206058 0.0148536 0.0170646 0
2.201 74 0.26913 0.00268909 0.0116472 0
2.201 75 0.406628 0.01104 0.0109805 0
2.201 76 0.0848242 0.00973937 0.00318443 0
2.201 77 0.435691 0.00643718 0.00319764 0
2.201 78 0.466647 0.0174127 0.00598122 0
2.201 79 0.344608 0.00327995 0.00186964 0
2.201 80 0.437102 0.00209422 0.00702371 0
2.301 51 0.157169 0.0174568 0.00358991 0
2.301 52 0.44085 0.0163238 0.0123702 0
2.301 53 0.266552 0.00471058 0.0102338 0
2.301 54 0.443248 0.00522494 0.0094009 0
2.301 55 0.257787 0.00968323 0.0103687 0
2.301 56 0.443078 0.0172612 0.0157064 0
2.301 57 0.156887 0.00613413 0.00420291 0
2.301 58 0.441663 0.0124279 0.0165672 0
2.301 59 0.452185 0.00198273 0.00610874 0
2.301 60 0.367882 0.0127025 0.00349289 0
2.301 61 0.377179 0.0118363 0.00131438 0
2.301 62 0.0859327 0.0173735 0.00557031 0
2.301 63 0.481523 0.0153591 0.00881605 0
2.301 64 0.379931 0.012486 0.0107041 0
2.301 65 0.462707 0.00733009 0.000653586 0
2.301 66 0.426902 0.0173218 0.00850726 0
2.301 67 0.482584 0.0176117 0.0013545 0
2.301 68 0.47083 0.00602493 0.0098428 0
2.301 69 0.15041 0.0108921 0.016641 0
2.301 70 0.499411 0.0127794 0.0111165 0
2.301 71 0.484817 0.01578 0.00330047 0
2.301 72 0.112385 0.0172759 0.0161516 0
2.301 73 0.186923 0.0150808 0.0168808 0
2.301 74 0.250178 0.00229459 0.0105575 0
2.301 75 0.387604 0.010891 0.00984418 0
2.301 76 0.0657737 0.00898047 0.00406796 0
2.301 77 0.454791 0.0072447 0.00202281 0
2.301 78 0.447568 0.0181136 0.00482297 0
2.301 79 0.325601 0.00354775 0.0011607 0
2.301 80 0.456141 0.0022286 0.00618288 0
2.401 51 0.138137 0.0177977 0.0029649 0
2.401 52 0.459976 0.0164257 0.0112204 0
2.401 53 0.247526 0.00540998 0.00987228 0
2.401 54 0.462203 0.00500031 0.00821496 0
2.401 55 0.238714 0.00939909 0.00975041 0
2.401 56 0.424008 0.0168231 0.0146407 0
2.401 57 0.137841 0.0062472 0.00386465 0
2.401 58 0.422632 0.0118516 0.0152774 0
2.401 59 0.471334 0.00234161 0.00547179 0
2.401 60 0.348903 0.0131051 0.00244149 0
2.401 61 0.358214 0.0114109 0.00075866 0
2.401 62 0.0669671 0.0172611 0.00366429 0
2.401 63 0.46254 0.015985 0.00719034 0
2.401 64 0.360976 0.0133539 0.00995096 0
2.401 65 0.481773 0.00723725 0.000222228 0
2.401 66 0.407869 0.0174798 0.00755154 0
2.401 67 0.46361 0.0182633 0.00252426 0
2.401 68 0.489905 0.00585176 0.0089675 0
2.401 69 0.131479 0.0119387 0.0146522 0
2.401 70 0.48139 0.0130716 0.0103727 0
2.401 71 0.49593 0.0168643 0.00346065 0
2.401 72 0.0934303 0.0174374 0.0158336 0
2.401 73 0.16792 0.014841 0.0157839 0
2.401 74 0.23115 0.0022258 0.00919505 0
2.401 75 0.368643 0.011482 0.00941187 0
2.401 76 0.0466906 0.00892687 0.00558534 0
2.401 77 0.47373 0.0072894 0.00123531 0
2.401 78 0.428424 0.0178483 0.00397674 0
2.401 79 0.306558 0.00381538 0.000453474 0
2.401 80 0.475142 0.00170084 0.00528303 0
2.501 51 0.119163 0.0184032 0.00193309 0
2.501 52 0.478882 0.0165212 0.00982569 0
2.501 53 0.228454 0.00556882 0.00886382 0
2.501 54 0.481243 0.00433927 0.00726905 0
2.501 55 0.2197 0.00989517 0.00804917 0
2.501 56 0.40496 0.0168606 0.0144383 0
2.501 57 0.118839 0.0060525 0.00207553 0
2.501 58 0.403533 0.0121461 0.0143453 0
2.501 59 0.490392 0.00219314 0.00464448 0
2.501 60 0.329864 0.0130517 0.00131754 0
2.501 61 0.339222 0.0108866 0.00214676 0
2.501 62 0.0479904 0.0170964 0.00207067 0
2.501 63 0.44363 0.0164374 0.00607429 0
2.501 64 0.341918 0.0120589 0.00877059 0
2.501 65 0.498855 0.0066565 0.00138677 0
2.501 66 0.388852 0.0177355 0.00694327 0
2.501 67 0.44453 0.0180715 0.00407008 0
2.501 68 0.490738 0.00587933 0.00778251 0
2.501 69 0.112416 0.011987 0.0136411 0
2.501 70 0.462419 0.0126836 0.00912573 0
2.501 71 0.47691 0.0168169 0.00526615 0
2.501 72 0.0743332 0.0181019 0.0144449 0
2.501 73 0.1488 0.014666 0.014925 0
2.501 74 0.212016 0.00189424 0.00803066 0
2.501 75 0.349578 0.0113167 0.00847384 0
2.501 76 0.0276141 0.00868317 0.00660989 0
2.501 77 0.492821 0.00662557 0.0013124 0
2.501 78 0.409334 0.0186812 0.00316416 0
2.501 79 0.287641 0.00367271 0.00186559 0
2.501 80 0.494108 0.00129636 0.00425282 0
2.601 51 0.100154 0.0183277 0.000960836 0
2.601 52 0.497914 0.0170756 0.00866804 0
2.601 53 0.209327 0.00514949 0.00771336 0
2.601 54 0.499559 0.00448168 0.00660472 0
2.601 55 0.200682 0.0104554 0.00779081 0
2.601 56 0.385828 0.0167477 0.014015 0
2.601 57 0.0998063 0.006448 0.00133666 0
2.601 58 0.384354 0.0118602 0.014333 0
2.601 59 0.490528 0.00227229 0.00346036 0
2.601 60 0.310948 0.01327 0.000457158 0
2.601 61 0.320051 0.0112036 0.00309403 0
2.601 62 0.0290495 0.0169765 0.000548017 0
2.601 63 0.424526 0.016171 0.00539336 0
2.601 64 0.322849 0.0116931 0.00817471 0
2.601 65 0.479958 0.00628397 0.00180288 0
2.601 66 0.369723 0.017962 0.00591436 0
2.601 67 0.425516 0.0180936 0.00537866 0
2.601 68 0.471702 0.00601569 0.00711879 0
2.601 69 0.0933623 0.0119354 0.0129689 0
2.601 70 0.443338 0.0127289 0.00789099 0
2.601 71 0.457776 0.0168528 0.00535089 0
2.601 72 0.0553049 0.0184337 0.0139203 0
2.601 73 0.129844 0.0145574 0.0134785 0
2.601 74 0.192994 0.00202527 0.00639636 0
2.601 75 0.330541 0.0118804 0.00705324 0
2.601 76 0.00863094 0.00837665 0.00773035 0
2.601 77 0.487841 0.00642303 0.000568217 0
2.601 78 0.39034 0.0188565 0.00280407 0
2.601 79 0.268678 0.00407038 0.00318755 0
2.601 80 0.486471 0.000961618 0.00361876 0
2.701 51 0.0811582 0.0182805 0.000101927 0
2.701 52 0.483157 0.0178854 0.00755899 0
2.701 53 0.190326 0.0044642 0.00733121 0
2.701 54 0.480475 0.00417903 0.00558243 0
2.701 55 0.181726 0.0108677 0.00681561 0
2.701 56 0.366681 0.0163048 0.013693 0
2.701 57 0.080827 0.0060804 0.00024567 0
2.701 58 0.365293 0.0114069 0.0134488 0
2.701 59 0.471451 0.00182431 0.00305748 0
2.701 60 0.291858 0.0127372 0.000603101 0
2.701 61 0.301067 0.0103315 0.00479626 0
2.701 62 0.00999262 0.0168127 0.00104245 0
2.701 63 0.405646 0.0154939 0.00402468 0
2.701 64 0.303822 0.0112352 0.00727231 0
2.701 65 0.460944 0.00644811 0.00237485 0
2.701 66 0.350701 0.0188723 0.00455576 0
2.701 67 0.4065 0.0189094 0.00606542 0
2.701 68 0.452555 0.00637939 0.00648104 0
2.701 69 0.0743034 0.0131454 0.0119893 0
2.701 70 0.424303 0.0138881 0.00679317 0
2.701 71 0.438783 0.0177703 0.00638755 0
2.701 72 0.0363224 0.0178729 0.0122862 0
2.701 73 0.110862 0.0148104 0.0124619 0
2.701 74 0.173906 0.0023242 0.00655848 0
2.701 75 0.311591 0.0121933 0.00642956 0
2.701 76 0.0104895 0.0083333 0.00823161 0
2.701 77 0.468828 0.0060416 0.000611086 0
2.701 78 0.371345 0.0186515 0.00209816 0
2.701 79 0.249661 0.00464861 0.00455894 1.52756e-08
2.701 80 0.467398 0.000981511 0.00316255 1.52756e-08
2.801 51 0.0620258 0.0179758 0.000498463 0
2.801 52 0.464089 0.0182828 0.0063968 0
2.801 53 0.171403 0.00492581 0.00575734 0
2.801 54 0.461434 0.00386086 0.00436144 0
2.801 55 0.162693 0.0111523 0.00582626 0
2.801 56 0.347637 0.016582 0.0127462 0
2.801 57 0.061713 0.00640949 0.000208127 0
2.801 58 0.346263 0.0116223 0.0119078 0
2.801 59 0.452422 0.00145264 0.00209325 0
2.801 60 0.272754 0.0124621 0.00165611 0
2.801 61 0.281983 0.0100564 0.00590974 0
2.801 62 0.00912094 0.0175339 0.00210984 0
2.801 63 0.386566 0.0167155 0.00338247 0
2.801 64 0.284763 0.0112073 0.00622552 0
2.801 65 0.441931 0.0077954 0.00281375 0
2.801 66 0.331534 0.0185204 0.00451768 0
2.801 67 0.387484 0.0191725 0.00742868 0
2.801 68 0.433495 0.00623496 0.00541973 0
2.801 69 0.0553139 0.0128752 0.0107429 0
2.801 70 0.405265 0.0140414 0.00582008 0
2.801 71 0.419739 0.0176454 0.00710383 0
2.801 72 0.017269 0.0183004 0.0111727 0
2.801 73 0.0918932 0.0143504 0.011081 0
2.801 74 0.15491 0.00202724 0.00528199 0
2.801 75 0.292676 0.0123763 0.00480879 0
2.801 76 0.0295285 0.00795862 0.00900917 0
2.801 77 0.449681 0.00658429 0.00115944 0
2.801 78 0.352277 0.0180301 0.0018928 0
2.801 79 0.230512 0.00493592 0.00502296 0
2.801 80 0.448367 0.00109991 0.00160631 0
2.901 51 0.0428741 0.0179374 0.00166624 0
2.901 52 0.445114 0.0179638 0.00540371 0
2.901 53 0.152395 0.00503644 0.00563637 0
2.901 54 0.442394 0.00393221 0.00314937 0
2.901 55 0.143649 0.0105364 0.00505374 0
2.901 56 0.328632 0.0166588 0.0118664 0
2.901 57 0.0426492 0.00601768 0.000784211 0
2.901 58 0.327292 0.0109603 0.0103877 0
2.901 59 0.43343 0.00107269 0.000249236 0
2.901 60 0.25374 0.0119156 0.00219213 3.36894e-08
2.901 61 0.26289 0.00941991 0.00647899 3.36894e-08
2.901 62 0.0282198 0.0173635 0.00337685 3.36894e-08
2.901 63 0.36747 0.0166958 0.00342295 3.36894e-08
2.901 64 0.265759 0.0112712 0.00488798 3.36894e-08
2.901 65 0.422999 0.00645339 0.00403498 3.36894e-08
2.901 66 0.31249 0.0184178 0.00360536 3.36894e-08
2.901 67 0.368361 0.0185392 0.00820774 3.36894e-08
2.901 68 0.414382 0.00604882 0.00446531 3.36894e-08
2.901 69 0.0362251 0.0132968 0.0102558 3.36894e-08
2.901 70 0.386195 0.0147302 0.00531394 3.36894e-08
2.901 71 0.400829 0.0173846 0.00862173 3.36894e-08
2.901 72 0.00197551 0.0187311 0.0103333 3.36894e-08
2.901 73 0.0728537 0.0148896 0.00979139 3.36894e-08
2.901 74 0.135867 0.00159991 0.00437348 3.36894e-08
2.901 75 0.273617 0.0126245 0.00320127 3.36894e-08
2.901 76 0.0485852 0.00869843 0.0102244 3.36894e-08
2.901 77 0.430536 0.00625407 0.00167637 3.36894e-08
2.901 78 0.333236 0.0186574 0.00120432 3.36894e-08
2.901 79 0.211558 0.00538738 0.00638221 3.36894e-08
2.901 80 0.429336 0.000976036 0.000859724 3.36894e-08
3.001 51 0.0239252 0.0177246 0.0023864 0
3.001 52 0.426057 0.0178524 0.00433425 0
3.001 53 0.13338 0.00554101 0.00448899 0
3.001 54 0.42331 0.00380763 0.00218597 0
3.001 55 0.124488 0.0105568 0.0034797 0
3.001 56 0.309585 0.0173631 0.0103508 0
3.001 57 0.0234717 0.00636272 0.00146801 0
3.001 58 0.308246 0.0108996 0.00932602 0
3.001 59 0.4144 0.00131767 0.00107734 0
3.001 60 0.234636 0.0110036 0.00327466 0
3.001 61 0.243935 0.00991375 0.00726526 8.44813e-09
3.001 62 0.0472103 0.0175529 0.00429905 8.44813e-09
3.001 63 0.348359 0.0167016 0.00268251 8.44813e-09
3.001 64 0.246764 0.0117106 0.0043025 3.21609e-08
3.001 65 0.403944 0.00694691 0.00505259 3.21609e-08
3.001 66 0.293523 0.0184245 0.00256921 3.21609e-08
3.001 67 0.349245 0.0188929 0.00959298 3.21609e-08
3.001 68 0.395278 0.00602112 0.00330687 3.21609e-08
3.001 69 0.0171924 0.0129244 0.00976279 3.21609e-08
3.001 70 0.367191 0.0155201 0.00543148 3.21609e-08
3.001 71 0.381704 0.0171164 0.00872411 3.21609e-08
3.001 72 0.0209897 0.0181562 0.00938725 3.21609e-08
3.001 73 0.0538594 0.0147387 0.00827497 3.21609e-08
3.001 74 0.116853 0.00187251 0.00321526 3.21609e-08
3.001 75 0.254615 0.0126218 0.00271995 5.34368e-08
3.001 76 0.0676001 0.0089844 0.0102825 5.34368e-08
3.001 77 0.411343 0.00673416 0.00231659 5.34368e-08
3.001 78 0.314189 0.0188559 0.000176402 5.34368e-08
3.001 79 0.192603 0.00553078 0.00812739 5.34368e-08
3.001 80 0.410242 0.00169829 6.00765e-06 5.34368e-08
3.101 51 0.00488708 0.0175553 0.00360832 0
3.101 52 0.407084 0.0185438 0.0032104 0
3.101 53 0.114388 0.00482104 0.00305174 0
3.101 54 0.404254 0.00404774 0.00130553 0
3.101 55 0.105453 0.0107031 0.00252111 0
3.101 56 0.290652 0.0172612 0.00910524 0
3.101 57 0.00442501 0.00664698 0.00294657 0
3.101 58 0.289233 0.010667 0.00816203 0
3.101 59 0.395419 0.00140866 0.00163588 0
3.101 60 0.215632 0.012023 0.00436366 0
3.101 61 0.224873 0.010171 0.00856431 0
3.101 62 0.0662978 0.0178879 0.0057368 0
3.101 63 0.329353 0.0165284 0.0026881 0
3.101 64 0.227702 0.0122502 0.00334281 0
3.101 65 0.384942 0.00669173 0.00610485 0
3.101 66 0.274483 0.0182246 0.00133362 0
3.101 67 0.33036 0.0182529 0.0115764 0
3.101 68 0.376225 0.00644715 0.00136867 0
3.101 69 0.00208713 0.0129102 0.00825569 0
3.101 70 0.348118 0.0154387 0.00442464 0
3.101 71 0.362712 0.0172596 0.0103561 0
3.101 72 0.0400033 0.0183998 0.00856965 0
3.101 73 0.0348464 0.0151504 0.00695374 0
3.101 74 0.0977878 0.00227242 0.00187335 0
3.101 75 0.235642 0.0122925 0.00165104 0
3.101 76 0.0867004 0.00864499 0.0108829 0
3.101 77 0.392367 0.00625295 0.00401781 0
3.101 78 0.295111 0.01933 0.00115272 0
3.101 79 0.173516 0.00533095 0.00881324 0
3.101 80 0.391185 0.00211974 0.00154735 0
3.201 51 0.0143669 0.017684 0.00445304 0
3.201 52 0.388176 0.0186848 0.00152529 0
3.201 53 0.0953048 0.00515236 0.00242766 0
3.201 54 0.385219 0.00425849 0.000787271 0
3.201 55 0.0863372 0.0105379 0.00144971 0
3.201 56 0.271607 0.0169688 0.00833008 0
3.201 57 0.0147474 0.00764793 0.00401964 0
3.201 58 0.270158 0.0109029 0.00744592 0
3.201 59 0.376411 0.000516981 0.00228379 0
3.201 60 0.196616 0.0119413 0.00542686 0
3.201 61 0.205765 0.00978217 0.00931091 0
3.201 62 0.0853798 0.0178096 0.00632582 0
3.201 63 0.310381 0.0162397 0.00147086 0
3.201 64 0.208683 0.0128286 0.00217265 0
3.201 65 0.365904 0.00685871 0.00658424 0
3.201 66 0.255488 0.0176831 0.000160554 8.48542e-09
3.201 67 0.3114 0.0182256 0.0121096 8.48542e-09
3.201 68 0.357185 0.00707743 0.00121316 8.48542e-09
3.201 69 0.0211279 0.013177 0.00757929 8.48542e-09
3.201 70 0.329132 0.0156087 0.00262238 8.48542e-09
3.201 71 0.343683 0.0173532 0.0112685 8.48542e-09
3.201 72 0.0590332 0.0185776 0.0073341 8.48542e-09
3.201 73 0.0157397 0.0146977 0.00621934 8.48542e-09
3.201 74 0.0787125 0.00223786 0.000309476 8.48542e-09
3.201 75 0.216671 0.0113237 0.000500044 8.48542e-09
3.201 76 0.105802 0.00956778 0.0115112 8.48542e-09
3.201 77 0.373327 0.00583734 0.00457388 8.48542e-09
3.201 78 0.276112 0.0192906 0.00178064 8.48542e-09
3.201 79 0.154506 0.00573234 0.00934609 8.48542e-09
3.201 80 0.37206 0.00212986 0.00244151 8.48542e-09
3.301 51 0.0333438 0.0184021 0.00590476 0
3.301 52 0.369228 0.0182196 1.38162e-05 0
3.301 53 0.0762197 0.00487739 0.00169083 0
3.301 54 0.366198 0.00451905 0.00169838 0
3.301 55 0.0673098 0.0104528 0.000127173 0
3.301 56 0.252603 0.0168888 0.00700479 0
3.301 57 0.0338296 0.00819137 0.00459808 0
3.301 58 0.251076 0.0111209 0.00709162 1.43575e-08
3.301 59 0.357244 0.00042077 0.00207985 1.43575e-08
3.301 60 0.177531 0.0122659 0.00566669 1.43575e-08
3.301 61 0.186696 0.00980509 0.0110641 1.43575e-08
3.301 62 0.104396 0.0183913 0.00636364 1.43575e-08
3.301 63 0.291268 0.0158306 0.000327262 1.43575e-08
3.301 64 0.189652 0.0128877 0.000677718 1.43575e-08
3.301 65 0.346883 0.0066994 0.00686556 1.43575e-08
3.301 66 0.236439 0.0168037 0.0012709 1.43575e-08
3.301 67 0.292307 0.0180431 0.0133332 1.43575e-08
3.301 68 0.338118 0.00720081 0.000432311 1.43575e-08
3.301 69 0.0402529 0.0133288 0.0063545 1.43575e-08
3.301 70 0.310173 0.0155853 0.00192968 1.43575e-08
3.301 71 0.324681 0.0177577 0.0120661 1.43575e-08
3.301 72 0.0780552 0.0176157 0.00549503 1.43575e-08
3.301 73 0.00358877 0.015026 0.0053636 1.43575e-08
3.301 74 0.0596768 0.00219332 0.000755926 1.43575e-08
3.301 75 0.197658 0.0107834 0.000460646 1.43575e-08
3.301 76 0.124818 0.00921332 0.0126842 1.43575e-08
3.301 77 0.354366 0.00544042 0.00593926 1.43575e-08
3.301 78 0.257184 0.019376 0.00225166 1.43575e-08
3.301 79 0.135411 0.00574299 0.0107506 1.43575e-08
3.301 80 0.352949 0.00185169 0.00328642 1.43575e-08
3.401 51 0.0523313 0.0177053 0.00692801 0
3.401 52 0.350138 0.0188502 0.00109508 0
3.401 53 0.0571151 0.00473542 0.00157705 0
3.401 54 0.347188 0.00528387 0.00216246 0
3.401 55 0.0482152 0.00987821 0.00177583 0
3.401 56 0.233481 0.0167981 0.00683772 0
3.401 57 0.0528387 0.0085852 0.00495376 0
3.401 58 0.232003 0.0115317 0.00594603 0
3.401 59 0.33823 0.000466224 0.00320155 0
3.401 60 0.158396 0.0129145 0.0062462 0
3.401 61 0.167744 0.00995944 0.0123327 0
3.401 62 0.123551 0.0184513 0.00740685 0
3.401 63 0.272173 0.0152163 0.00119529 0
3.401 64 0.170615 0.0122191 0.000415356 0
3.401 65 0.327689 0.00643728 0.00731548 0
3.401 66 0.217402 0.0173494 0.0031663 0
3.401 67 0.273327 0.0177765 0.0140864 0
3.401 68 0.318997 0.00630741 0.000392523 0
3.401 69 0.0592101 0.0132616 0.00438949 0
3.401 70 0.291163 0.0147875 0.000958875 0
3.401 71 0.305665 0.0175451 0.0127455 0
3.401 72 0.0970853 0.0175922 0.00462037 0
3.401 73 0.0226449 0.0149872 0.00377345 0
3.401 74 0.0406762 0.00260584 0.0013617 0
3.401 75 0.178443 0.0103156 0.000468897 0
3.401 76 0.143809 0.0095447 0.0136741 0
3.401 77 0.335305 0.00581484 0.0066941 0
3.401 78 0.238138 0.0189289 0.00385548 0
3.401 79 0.116433 0.00555513 0.0121636 0
3.401 80 0.33398 0.00236166 0.00405195 0
3.501 51 0.0714683 0.0173512 0.00801547 0
3.501 52 0.331042 0.0191044 0.00220741 0
3.501 53 0.0380366 0.00491576 0.000977486 0
3.501 54 0.328105 0.00509234 0.0025658 0
3.501 55 0.0291311 0.010427 0.00336718 0
3.501 56 0.214391 0.016483 0.00614788 0
3.501 57 0.0719923 0.00877316 0.00498738 0
3.501 58 0.213045 0.011174 0.00502081 0
3.501 59 0.31925 0.000333386 0.00344025 0
3.501 60 0.139289 0.0136109 0.00692909 0
3.501 61 0.148653 0.010169 0.0135202 0
3.501 62 0.142602 0.0188512 0.00873391 0
3.501 63 0.253177 0.0154196 0.00242356 1.66894e-08
3.501 64 0.151588 0.0120736 0.00102189 1.66894e-08
3.501 65 0.308749 0.00712074 0.0088493 1.66894e-08
3.501 66 0.198279 0.0171009 0.00362376 1.66894e-08
3.501 67 0.254355 0.0182828 0.015765 1.66894e-08
3.501 68 0.29996 0.00637605 0.00206972 1.66894e-08
3.501 69 0.0782075 0.013013 0.00268127 1.66894e-08
3.501 70 0.272165 0.0145833 0.00113505 1.66894e-08
3.501 71 0.286631 0.0179194 0.0135603 1.66894e-08
3.501 72 0.116111 0.0169574 0.00349264 1.66894e-08
3.501 73 0.0418124 0.0147848 0.0037473 1.66894e-08
3.501 74 0.0215517 0.00275775 0.00254667 1.66894e-08
3.501 75 0.159473 0.010203 0.00228381 1.66894e-08
3.501 76 0.162905 0.0094824 0.014718 1.66894e-08
3.501 77 0.316223 0.00640569 0.00789541 1.66894e-08
3.501 78 0.219123 0.0188008 0.00533072 1.66894e-08
3.501 79 0.0974713 0.00517406 0.0132644 1.66894e-08
3.501 80 0.31484 0.003419 0.0055646 1.66894e-08
3.601 51 0.0905217 0.0174091 0.00939607 0
3.601 52 0.312037 0.0190963 0.00252627 0
3.601 53 0.0190303 0.00449361 0.00104072 0
3.601 54 0.309047 0.00550133 0.00300523 0
3.601 55 0.0101269 0.0104395 0.0044726 0
3.601 56 0.195284 0.016619 0.0056571 0
3.601 57 0.091055 0.00836001 0.00604464 0
3.601 58 0.194026 0.011128 0.00475523 0
3.601 59 0.300219 0.00040707 0.00521515 0
3.601 60 0.120231 0.0134658 0.0078814 0
3.601 61 0.129462 0.00974226 0.0137591 0
3.601 62 0.161667 0.0191571 0.0095969 0
3.601 63 0.23405 0.014844 0.00294827 0
3.601 64 0.132646 0.011276 0.00241059 0
3.601 65 0.289615 0.00699474 0.00934258 0
3.601 66 0.179207 0.0168687 0.00471588 0
3.601 67 0.235256 0.0182015 0.017051 0
3.601 68 0.280915 0.00672229 0.00298527 0
3.601 69 0.0973438 0.0125579 0.00176723 0
3.601 70 0.253151 0.0139638 0.00282621 2.25041e-08
3.601 71 0.267593 0.0175144 0.014393 2.25041e-08
3.601 72 0.135152 0.0169282 0.00247863 2.25041e-08
3.601 73 0.0608902 0.0149956 0.00271344 2.25041e-08
3.601 74 0.00248964 0.00238119 0.00305212 2.25041e-08
3.601 75 0.140387 0.010302 0.00347513 2.25041e-08
3.601 76 0.181857 0.0092532 0.0158842 2.25041e-08
3.601 77 0.29723 0.00603867 0.00910357 2.25041e-08
3.601 78 0.200173 0.0182794 0.00554479 2.25041e-08
3.601 79 0.078352 0.00462773 0.0135037 2.25041e-08
3.601 80 0.295789 0.00286246 0.00647126 2.25041e-08
3.701 51 0.109516 0.0173678 0.0111568 0
3.701 52 0.293032 0.0191581 0.00368395 0
3.701 53 0.000251474 0.00375985 0.00163182 0
3.701 54 0.289966 0.00614553 0.00313923 0
3.701 55 0.00929562 0.0102411 0.00471078 0
3.701 56 0.176354 0.0164057 0.00435347 0
3.701 57 0.110056 0.00849215 0.00703379 0
3.701 58 0.174913 0.0101645 0.00395036 0
3.701 59 0.281119 0.000662082 0.00620036 0
3.701 60 0.101211 0.0137452 0.00872351 0
3.701 61 0.110398 0.0100451 0.0147331 0
3.701 62 0.180713 0.0189935 0.0111965 0
3.701 63 0.215066 0.0152474 0.00372256 0
3.701 64 0.113481 0.0108839 0.00330415 0
3.701 65 0.270743 0.00696362 0.0106729 0
3.701 66 0.16002 0.0165193 0.00546999 0
3.701 67 0.216118 0.0183359 0.0176205 0
3.701 68 0.261918 0.00667731 0.00383054 0
3.701 69 0.116337 0.0127511 0.000412171 0
3.701 70 0.234159 0.0143715 0.00351942 0
3.701 71 0.248543 0.0182535 0.0156611 0
3.701 72 0.154199 0.0163642 0.00164449 0
3.701 73 0.0799214 0.0147774 0.00188542 0
3.701 74 0.0166345 0.00169832 0.0037283 0
3.701 75 0.121293 0.0102201 0.00391473 0
3.701 76 0.20096 0.00905988 0.0163412 0
3.701 77 0.278226 0.00600138 0.0106525 0
3.701 78 0.181184 0.0184018 0.00680357 0
3.701 79 0.0591929 0.00431471 0.0143654 0
3.701 80 0.276776 0.00310184 0.00727115 0
3.801 51 0.12856 0.0178904 0.0115881 0
3.801 52 0.27388 0.0196117 0.00397474 0
3.801 53 0.019291 0.00359819 0.00294625 0
3.801 54 0.270881 0.0067261 0.00377699 0
3.801 55 0.0284172 0.00986517 0.00553088 0
3.801 56 0.157319 0.0162961 0.00382288 0
3.801 57 0.129038 0.00779294 0.00798191 0
3.801 58 0.155814 0.0110495 0.00296935 0
3.801 59 0.262183 0.00152009 0.00702759 0
3.801 60 0.0820558 0.0139861 0.0096526 0
3.801 61 0.0913731 0.00951521 0.0157892 0
3.801 62 0.199742 0.0191146 0.0116206 0
3.801 63 0.196036 0.0156159 0.00455633 0
3.801 64 0.0945776 0.011422 0.0047758 0
3.801 65 0.251713 0.00671944 0.0114742 0
3.801 66 0.141027 0.0165572 0.00742149 0
3.801 67 0.197005 0.0178864 0.0184632 0
3.801 68 0.242869 0.006512 0.00409191 9.48775e-09
3.801 69 0.135368 0.0127276 0.000317596 9.48775e-09
3.801 70 0.215068 0.0140304 0.00333266 9.48775e-09
3.801 71 0.229533 0.0190014 0.0170461 9.48775e-09
3.801 72 0.173115 0.0168738 0.000219445 9.48775e-09
3.801 73 0.0990727 0.0139172 0.000420032 9.48775e-09
3.801 74 0.0356449 0.0019493 0.00465811 9.48775e-09
3.801 75 0.102171 0.0100042 0.00534027 9.48775e-09
3.801 76 0.220148 0.00905888 0.0169332 9.48775e-09
3.801 77 0.259118 0.00559671 0.0110306 9.48775e-09
3.801 78 0.162195 0.0189728 0.00702093 9.48775e-09
3.801 79 0.04023 0.00459286 0.0156602 9.48775e-09
3.801 80 0.257676 0.00352824 0.00828459 9.48775e-09
3.901 51 0.147581 0.0179694 0.0134029 0
3.901 52 0.254832 0.019074 0.0053857 0
3.901 53 0.0383269 0.00370183 0.00362802 0
3.901 54 0.251886 0.00726357 0.00504025 2.07597e-08
3.901 55 0.0474088 0.0103884 0.00727304 2.07597e-08
3.901 56 0.138227 0.0165459 0.00308633 2.07597e-08
3.901 57 0.14795 0.00745314 0.00961141 2.07597e-08
3.901 58 0.136744 0.0109177 0.0021211 2.07597e-08
3.901 59 0.24312 0.00136911 0.0081523 2.07597e-08
3.901 60 0.0629665 0.013674 0.0102882 2.07597e-08
3.901 61 0.0723631 0.009444 0.0168682 2.07597e-08
3.901 62 0.218756 0.0193079 0.0123635 2.07597e-08
3.901 63 0.176953 0.0157251 0.00417729 2.07597e-08
3.901 64 0.0756454 0.0116462 0.00576259 2.07597e-08
3.901 65 0.232736 0.00680999 0.0113135 2.07597e-08
3.901 66 0.122022 0.0170591 0.0085698 2.07597e-08
3.901 67 0.177937 0.0183944 0.0192385 2.07597e-08
3.901 68 0.223774 0.00618998 0.00465525 2.07597e-08
3.901 69 0.154426 0.0130448 0.000556443 2.07597e-08
3.901 70 0.195916 0.0140413 0.00342108 2.07597e-08
3.901 71 0.210581 0.0190167 0.0180367 2.07597e-08
3.901 72 0.19216 0.0176841 0.00106091 2.07597e-08
3.901 73 0.118132 0.0138834 0.000535777 2.07597e-08
3.901 74 0.0546826 0.00166912 0.0052254 2.07597e-08
3.901 75 0.0830947 0.00942788 0.00637704 2.07597e-08
3.901 76 0.239258 0.0086893 0.0173317 2.07597e-08
3.901 77 0.240134 0.00566701 0.0124507 2.07597e-08
3.901 78 0.143164 0.018232 0.00760653 2.07597e-08
3.901 79 0.0213018 0.00471217 0.0174476 2.07597e-08
3.901 80 0.238677 0.00301668 0.00968617 2.07597e-08
4.001 51 0.166575 0.0178006 0.0147104 0
4.001 52 0.235727 0.0192576 0.00672797 0
4.001 53 0.057389 0.00370567 0.00424004 0
4.001 54 0.232912 0.00818106 0.00657273 0
4.001 55 0.0664624 0.0107367 0.0082732 0
4.001 56 0.119222 0.0161698 0.00222682 0
4.001 57 0.167016 0.00715974 0.0103589 0
4.001 58 0.11769 0.0108532 0.000466923 0
4.001 59 0.223902 0.00150879 0.00848949 0
4.001 60 0.0438255 0.0141568 0.0116444 0
4.001 61 0.0533679 0.00933019 0.0184514 0
4.001 62 0.23779 0.0189461 0.0130118 0
4.001 63 0.15792 0.0156877 0.00425108 0
4.001 64 0.0566809 0.0115577 0.00702562 0
4.001 65 0.213681 0.00674687 0.012473 0
4.001 66 0.102975 0.0175772 0.00953542 0
4.001 67 0.15884 0.0187537 0.0199473 0
4.001 68 0.204697 0.00612872 0.00572903 0
4.001 69 0.173469 0.0122796 0.00194284 0
4.001 70 0.17684 0.0141776 0.00444255 0
4.001 71 0.191522 0.0180036 0.0188328 0
4.001 72 0.211225 0.0175948 0.00181791 0
4.001 73 0.137173 0.0137694 0.00213121 0
4.001 74 0.0737798 0.00179287 0.00623887 0
4.001 75 0.0639267 0.00919901 0.00756541 0
4.001 76 0.25844 0.00921005 0.0180026 0
4.001 77 0.22107 0.00632701 0.0132432 0
4.001 78 0.124118 0.0184284 0.00879429 0
4.001 79 0.0022643 0.00474712 0.0186519 0
4.001 80 0.219541 0.00298856 0.0104832 0
4.101 51 0.185582 0.017251 0.0154799 0
4.101 52 0.216684 0.0191299 0.00755578 0
4.101 53 0.0764096 0.0036242 0.00539705 0
4.101 54 0.213954 0.00823618 0.00793314 0
4.101 55 0.0855481 0.0108732 0.0086854 0
4.101 56 0.100099 0.0160958 0.00115855 0
4.101 57 0.186018 0.00798574 0.0113179 0
4.101 58 0.0987621 0.0105921 0.00195984 0
4.101 59 0.204766 0.00233879 0.00913137 0
4.101 60 0.0246954 0.0136884 0.0122921 0
4.101 61 0.0342966 0.0097133 0.0196823 0
4.101 62 0.256839 0.019672 0.0146201 0
4.101 63 0.138816 0.0153841 0.00508171 0
4.101 64 0.0376241 0.0111932 0.00839785 0
4.101 65 0.194678 0.00687588 0.0137866 0
4.101 66 0.0838228 0.0177553 0.00995267 0
4.101 67 0.139787 0.0191388 0.0182356 0
4.101 68 0.185661 0.00571338 0.00721607 0
4.101 69 0.192475 0.0125367 0.00328728 0
4.101 70 0.157743 0.0140172 0.00558596 0
4.101 71 0.172481 0.0182151 0.0198345 0
4.101 72 0.230335 0.0175634 0.00287548 0
4.101 73 0.156059 0.0137485 0.00357141 0
4.101 74 0.0927023 0.0018242 0.00710559 0
4.101 75 0.0448755 0.00849749 0.00861165 0
4.101 76 0.277507 0.00890602 0.0185008 0
4.101 77 0.202113 0.00634577 0.014608 0
4.101 78 0.105098 0.0178349 0.00991955 0
4.101 79 0.0169976 0.00422428 0.0195672 0
4.101 80 0.200661 0.00265219 0.0107884 0
4.201 51 0.204641 0.0170437 0.0162438 0
4.201 52 0.197594 0.0188284 0.00805567 0
4.201 53 0.0955057 0.00369257 0.0062952 0
4.201 54 0.194906 0.00798849 0.00943126 0
4.201 55 0.104772 0.0105455 0.00982368 0
4.201 56 0.0811101 0.0154229 0.000460187 0
4.201 57 0.20505 0.00856076 0.0126009 0
4.201 58 0.0797334 0.0102127 0.00287853 0
4.201 59 0.18571 0.00224007 0.0101627 0
4.201 60 0.00568704 0.0132285 0.0131651 0
4.201 61 0.0153489 0.0102612 0.0189073 0
4.201 62 0.275896 0.0198575 0.0154911 0
4.201 63 0.119608 0.0151099 0.00591539 0
4.201 64 0.0186027 0.0111422 0.00959069 0
4.201 65 0.175722 0.00705226 0.0151999 0
4.201 66 0.0649249 0.0178707 0.0115797 0
4.201 67 0.12072 0.0180647 0.0169947 0
4.201 68 0.166578 0.00572084 0.0085443 0
4.201 69 0.211619 0.0125082 0.0034076 0
4.201 70 0.138626 0.0137229 0.00685037 0
4.201 71 0.153479 0.0181476 0.0183857 0
4.201 72 0.249379 0.0174693 0.00372817 1.07984e-08
4.201 73 0.175076 0.0142483 0.00503936 1.07984e-08
4.201 74 0.111696 0.000693137 0.00803112 1.07984e-08
4.201 75 0.0257256 0.00849096 0.0093721 1.07984e-08
4.201 76 0.296657 0.0085831 0.0190788 1.07984e-08
4.201 77 0.183025 0.00644688 0.0160874 1.07984e-08
4.201 78 0.0860233 0.0172409 0.01076 1.07984e-08
4.201 79 0.0360214 0.00389983 0.0196792 1.07984e-08
4.201 80 0.181617 0.00351163 0.0117678 1.07984e-08
4.301 51 0.223739 0.0173606 0.0177133 0
4.301 52 0.17863 0.019386 0.00885259 0
4.301 53 0.114552 0.00387291 0.00758129 0
4.301 54 0.17579 0.00809077 0.00998168 0
4.301 55 0.123937 0.0106446 0.0106997 0
4.301 56 0.0620812 0.0152075 0.00138032 0
4.301 57 0.22401 0.00872427 0.0138975 0
4.301 58 0.0607037 0.00962665 0.00406109 0
4.301 59 0.166807 0.00236257 0.0119483 0
4.301 60 0.0135818 0.0133523 0.0143281 0
4.301 61 0.00362805 0.0102263 0.0176278 0
4.301 62 0.295009 0.0192197 0.0165052 0
4.301 63 0.100603 0.014972 0.00726479 0
4.301 64 0.000625685 0.0118154 0.0103223 0
4.301 65 0.156684 0.0074398 0.0170192 0
4.301 66 0.0457796 0.0179046 0.0123447 0
4.301 67 0.10177 0.0179706 0.0147699 0
4.301 68 0.147568 0.00538392 0.00957158 0
4.301 69 0.230648 0.0128774 0.00436778 0
4.301 70 0.119591 0.0135026 0.00754692 0
4.301 71 0.134346 0.0183278 0.0180457 0
4.301 72 0.268452 0.0175913 0.0045436 0
4.301 73 0.193974 0.0151285 0.0061201 0
4.301 74 0.130711 0.000455673 0.0085636 0
4.301 75 0.00668861 0.00751353 0.0102818 0
4.301 76 0.315802 0.00869308 0.0194326 0
4.301 77 0.163965 0.00598477 0.0171592 0
4.301 78 0.06699 0.0168186 0.0113059 0
4.301 79 0.0549564 0.00452084 0.0187597 0
4.301 80 0.162643 0.00292138 0.0128283 0
4.401 51 0.242771 0.0171986 0.0188942 0
4.401 52 0.159638 0.0194905 0.0101276 0
4.401 53 0.133513 0.00354257 0.00814473 0
4.401 54 0.156751 0.00727933 0.0106958 0
4.401 55 0.142956 0.0101235 0.0112049 0
4.401 56 0.0430623 0.0146219 0.00201083 0
4.401 57 0.242986 0.00882678 0.0148046 0
4.401 58 0.0415744 0.00982947 0.00567181 0
4.401 59 0.147808 0.00268776 0.0127472 0
4.401 60 0.0326915 0.0137336 0.0150638 0
4.401 61 0.0224867 0.010069 0.0160071 0
4.401 62 0.314018 0.0197637 0.0174144 0
4.401 63 0.0815515 0.0152401 0.00827429 0
4.401 64 0.019695 0.0115325 0.0114521 0
4.401 65 0.137733 0.00713981 0.0181734 0
4.401 66 0.0267048 0.017806 0.0130501 0
4.401 67 0.0827678 0.0181488 0.013037 0
4.401 68 0.128528 0.00542605 0.0105762 0
4.401 69 0.24968 0.0135924 0.00492802 2.02906e-08
4.401 70 0.100491 0.0142028 0.0082254 2.02906e-08
4.401 71 0.115305 0.0182087 0.0170053 2.02906e-08
4.401 72 0.287433 0.0179119 0.00520466 2.02906e-08
4.401 73 0.213005 0.0159125 0.00598591 2.02906e-08
4.401 74 0.14974 0.000762839 0.0102437 2.02906e-08
4.401 75 0.01243 0.00702956 0.011399 2.02906e-08
4.401 76 0.334849 0.0083909 0.0196306 2.02906e-08
4.401 77 0.14496 0.00642841 0.018245 2.02906e-08
4.401 78 0.0477942 0.0163787 0.0122604 2.02906e-08
4.401 79 0.0740028 0.00457641 0.0182682 2.02906e-08
4.401 80 0.143612 0.00201361 0.0141345 2.02906e-08
4.501 51 0.261785 0.0174577 0.0198088 0
4.501 52 0.140597 0.0187382 0.0112002 0
4.501 53 0.152603 0.00379691 0.00840869 0
4.501 54 0.137711 0.0073873 0.0118277 0
4.501 55 0.162033 0.0103442 0.0116426 0
4.501 56 0.0239055 0.015081 0.00235113 0
4.501 57 0.262026 0.00843836 0.0157633 0
4.501 58 0.0226115 0.00933563 0.00696645 0
4.501 59 0.128826 0.00300781 0.0142162 0
4.501 60 0.0517703 0.0138873 0.0156947 0
4.501 61 0.0416049 0.00973128 0.0148446 0
4.501 62 0.333122 0.0191266 0.0186294 0
4.501 63 0.0624949 0.015622 0.0088523 0
4.501 64 0.0387657 0.0120938 0.0128262 0
4.501 65 0.118651 0.00681727 0.0188131 0
4.501 66 0.00765756 0.0181311 0.0141263 0
4.501 67 0.0636781 0.0179669 0.0123776 0
4.501 68 0.10955 0.00539923 0.0115576 0
4.501 69 0.268791 0.0137185 0.00534547 0
4.501 70 0.081374 0.0141695 0.0086945 0
4.501 71 0.0962522 0.0186626 0.0160471 0
4.501 72 0.306476 0.0180307 0.00571351 0
4.501 73 0.232055 0.0156279 0.00725006 0
4.501 74 0.168866 0.00140671 0.0108038 0
4.501 75 0.0315126 0.00714842 0.0129642 0
4.501 76 0.353865 0.00875029 0.0186894 0
4.501 77 0.125954 0.00697452 0.0195932 0
4.501 78 0.0287535 0.0164716 0.012735 0
4.501 79 0.0930451 0.00450649 0.0175819 0
4.501 80 0.124613 0.00202003 0.0147568 0
4.601 51 0.28082 0.0182247 0.0195876 0
4.601 52 0.12163 0.0194442 0.0125247 0
4.601 53 0.171587 0.00400808 0.00914207 0
4.601 54 0.118559 0.00793705 0.0121112 0
4.601 55 0.181113 0.00951182 0.0127452 0
4.601 56 0.00487509 0.0150585 0.00318682 0
4.601 57 0.281235 0.00830968 0.015746 0
4.601 58 0.00345091 0.0091678 0.00763602 0
4.601 59 0.109755 0.0023782 0.0154841 0
4.601 60 0.0708124 0.0141569 0.016901 0
4.601 61 0.0606815 0.00929222 0.0135533 0
4.601 62 0.352295 0.0188043 0.018933 0
4.601 63 0.0434451 0.0159588 0.00960386 0
4.601 64 0.0577669 0.0124723 0.0138828 0
4.601 65 0.0996004 0.0074587 0.0185216 0
4.601 66 0.0115215 0.0181195 0.014794 0
4.601 67 0.0445939 0.0182515 0.0113922 0
4.601 68 0.0904591 0.0049547 0.0123115 0
4.601 69 0.287848 0.0137576 0.00656829 0
4.601 70 0.0624072 0.0138752 0.00971839 0
4.601 71 0.0771796 0.0181632 0.014718 0
4.601 72 0.325519 0.0177201 0.00734168 0
4.601 73 0.251032 0.01527 0.00878708 0
4.601 74 0.187974 0.00145186 0.0120799 0
4.601 75 0.0505341 0.00775802 0.013725 0
4.601 76 0.373 0.00886837 0.0181115 0
4.601 77 0.106837 0.00675477 0.0195992 0
4.601 78 0.0097104 0.0167993 0.0141757 0
4.601 79 0.112045 0.00415585 0.0167086 0
4.601 80 0.105526 0.00232268 0.016065 0
4.701 51 0.299909 0.0179555 0.0187452 0
4.701 52 0.102492 0.0195251 0.0131284 0
4.701 53 0.190658 0.00371412 0.0103306 0
4.701 54 0.0995782 0.00825361 0.0132653 0
4.701 55 0.200076 0.00957182 0.0138476 0
4.701 56 0.0144351 0.0153036 0.00405333 0
4.701 57 0.300245 0.0080003 0.0164905 0
4.701 58 0.0156803 0.00891391 0.00866388 0
4.701 59 0.0907214 0.0025966 0.0155725 0
4.701 60 0.089943 0.0141022 0.0172563 0
4.701 61 0.0797382 0.00881703 0.0121611 0
4.701 62 0.371452 0.0198485 0.0196144 0
4.701 63 0.0244316 0.0166819 0.0110089 0
4.701 64 0.0769667 0.0132022 0.0145479 0
4.701 65 0.0805568 0.00753784 0.0197539 0
4.701 66 0.0304743 0.0179731 0.0160192 0
4.701 67 0.0255327 0.0182835 0.0110231 0
4.701 68 0.0714734 0.00503392 0.0130077 0
4.701 69 0.306805 0.0141082 0.00760575 0
4.701 70 0.0435412 0.0140855 0.0112756 0
4.701 71 0.0581645 0.01854 0.0133248 0
4.701 72 0.344499 0.0175814 0.00850606 0
4.701 73 0.270028 0.0154612 0.0106387 0
4.701 74 0.206899 0.00164006 0.0132789 0
4.701 75 0.069594 0.00674246 0.0147638 0
4.701 76 0.392103 0.00859609 0.0173595 0
4.701 77 0.0876695 0.00639554 0.0194938 0
4.701 78 0.00972624 0.0165935 0.0146735 0
4.701 79 0.131091 0.004935 0.0161159 0
4.701 80 0.0864454 0.00227494 0.0166934 0
4.801 51 0.319007 0.017462 0.0175363 0
4.801 52 0.0834164 0.0191882 0.0136858 0
4.801 53 0.20972 0.00454553 0.0113052 0
4.801 54 0.0805713 0.00795192 0.0148452 0
4.801 55 0.219083 0.00988373 0.014535 0
4.801 56 0.0334425 0.0155261 0.00533989 0
4.801 57 0.319333 0.00794388 0.0169875 0
4.801 58 0.0347506 0.00916681 0.0100889 0
4.801 59 0.0716391 0.00216174 0.0166676 0
4.801 60 0.108916 0.0144948 0.0188156 0
4.801 61 0.0987827 0.00857883 0.0104224 0
4.801 62 0.390564 0.0196659 0.0199287 0
4.801 63 0.00546913 0.0170567 0.0123088 0
4.801 64 0.0959895 0.0136616 0.0156243 0
4.801 65 0.061666 0.00732648 0.0183924 0
4.801 66 0.0495199 0.0185292 0.0170384 0
4.801 67 0.00646924 0.0187077 0.010168 0
4.801 68 0.0524187 0.00485482 0.0144624 0
4.801 69 0.325823 0.014458 0.00844604 0
4.801 70 0.0245489 0.0148202 0.012551 0
4.801 71 0.0391807 0.0182685 0.0125873 0
4.801 72 0.363491 0.0170608 0.00914457 0
4.801 73 0.289065 0.014989 0.0106772 0
4.801 74 0.225942 0.00180609 0.0142405 0
4.801 75 0.0885698 0.00689476 0.0154458 0
4.801 76 0.411163 0.00861325 0.0159718 0
4.801 77 0.0685877 0.00594256 0.0188528 0
4.801 78 0.028798 0.016286 0.0157762 0
4.801 79 0.150131 0.00553504 0.0152016 0
4.801 80 0.0675246 0.00242563 0.0180744 0
4.901 51 0.338024 0.0166436 0.0170994 0
4.901 52 0.0642749 0.0191937 0.0147582 0
4.901 53 0.228708 0.00453825 0.0123319 0
4.901 54 0.0614473 0.00749045 0.0152474 0
4.901 55 0.23808 0.00963354 0.0155504 0
4.901 56 0.0524517 0.0155744 0.00633694 0
4.901 57 0.338337 0.00810832 0.0184797 0
4.901 58 0.0539049 0.00861091 0.0106542 0
4.901 59 0.0524805 0.00272751 0.0173918 0
4.901 60 0.127987 0.0147105 0.0194092 0
4.901 61 0.117816 0.00834125 0.00955823 0
4.901 62 0.409582 0.0189624 0.018755 0
4.901 63 0.0139543 0.0166904 0.0126287 0
4.901 64 0.115076 0.0135648 0.0158683 0
4.901 65 0.0426401 0.00747059 0.0175031 0
4.901 66 0.0685715 0.018833 0.0179983 0
4.901 67 0.0126891 0.0185352 0.00857082 0
4.901 68 0.033277 0.00470875 0.0152725 0
4.901 69 0.344889 0.0142924 0.00847475 0
4.901 70 0.00546278 0.0139341 0.0140322 0
4.901 71 0.0200256 0.0181185 0.0113741 0
4.901 72 0.382626 0.0165181 0.00965492 0
4.901 73 0.30812 0.0144603 0.0120798 0
4.901 74 0.244976 0.0013292 0.0151123 0
4.901 75 0.107568 0.00684004 0.0166072 0
4.901 76 0.430187 0.00917922 0.0146004 0
4.901 77 0.0495488 0.00554732 0.0177972 0
4.901 78 0.0477965 0.0166128 0.0165096 0
4.901 79 0.169143 0.00455509 0.0145536 0
4.901 80 0.0484921 0.00272644 0.0188349 0
