0.001 51 0.351184 0.0124217 0.0120849 0
0.001 52 0.119468 0.0109124 0.00805907 0
0.001 53 0.479582 0.00460503 0.00451703 0
0.001 54 0.358491 0.00554107 0.01647 0
0.001 55 0.119438 0.0187485 0.0018564 0
0.001 56 0.242864 0.0192606 0.00694624 0
0.001 57 0.137183 0.00312595 0.00721717 0
0.001 58 0.298465 0.0150331 0.019148 0
0.001 59 0.457455 0.00362075 0.00782946 0
0.001 60 0.356663 0.0162476 0.00641387 0
0.001 61 0.246295 0.0167755 0.0145783 0
0.001 62 0.458353 0.00509201 0.0106985 0
0.001 63 0.161999 0.00208019 0.0191284 0
0.001 64 0.436066 0.0143195 0.0180192 0
0.001 65 0.0223467 0.0179429 0.01777 0
0.001 66 0.343835 0.0104347 0.00170311 0
0.001 67 0.310422 0.0120091 0.0189252 0
0.001 68 0.190943 0.0136873 0.0149489 0
0.001 69 0.41257 0.0139914 0.00198256 0
0.001 70 0.380275 0.00293973 0.0186494 0
0.001 71 0.012065 0.0193271 0.0156051 0
0.001 72 0.360431 0.0163896 0.00159842 0
0.001 73 0.0625506 0.00947057 0.0147354 0
0.001 74 0.200368 0.00933128 0.0141945 0
0.001 75 0.46226 0.00820032 0.0169703 0
0.101 51 0.370191 0.0119532 0.0133277 0
0.101 52 0.138577 0.0103296 0.0089846 0
0.101 53 0.498742 0.00527163 0.00536183 0
0.101 54 0.377581 0.00600238 0.0172543 0
0.101 55 0.138453 0.0189817 0.00318925 0
0.101 56 0.261868 0.0193365 0.00766478 0
0.101 57 0.156135 0.00342255 0.00884692 0
0.101 58 0.317498 0.0150725 0.019825 0
0.101 59 0.47643 0.00395362 0.00955706 0
0.101 60 0.375688 0.0162099 0.00694876 0
0.101 61 0.265317 0.0177761 0.0144917 0
0.101 62 0.477325 0.00547544 0.0122744 0
0.101 63 0.180948 0.00157676 0.0197764 0
0.101 64 0.455046 0.014127 0.018765 0
0.101 65 0.0415158 0.0179619 0.0181722 0
0.101 66 0.362885 0.0099265 0.00231423 0
0.101 67 0.329428 0.0118496 0.0199934 0
0.101 68 0.210002 0.0140548 0.0160435 0
0.101 69 0.431589 0.0141469 0.00254635 0
0.101 70 0.399242 0.00264558 0.0196405 0
0.101 71 0.0310916 0.0197812 0.0160129 0
0.101 72 0.379523 0.0165766 0.0026878 0
0.101 73 0.0817083 0.00905805 0.0155259 0
0.101 74 0.219364 0.00979966 0.0153261 0
0.101 75 0.481266 0.00761306 0.0186763 0
0.201 51 0.389263 0.0118822 0.0144261 0
0.201 52 0.157561 0.0103051 0.0101078 0
0.201 53 0.482036 0.00460992 0.00698035 0
0.201 54 0.396612 0.00635252 0.0189964 0
0.201 55 0.157563 0.0195681 0.00502824 0
0.201 56 0.280913 0.0194529 0.00885597 0
0.201 57 0.175224 0.00293315 0.00950306 0
0.201 58 0.336476 0.0146799 0.0188354 0
0.201 59 0.495462 0.00451271 0.0106869 0
0.201 60 0.394714 0.0165212 0.00848288 0
0.201 61 0.284235 0.0174543 0.0158089 0
0.201 62 0.496307 0.00530585 0.0141403 0
0.201 63 0.200037 0.00086398 0.0194363 0
0.201 64 0.474075 0.0147521 0.0199617 0
0.201 65 0.0605513 0.0184478 0.0188745 0
0.201 66 0.381936 0.0097353 0.00416234 0
0.201 67 0.348393 0.012528 0.0184362 0
0.201 68 0.229013 0.014809 0.0171627 0
0.201 69 0.450533 0.012876 0.00375998 0
0.201 70 0.4182 0.0028856 0.0186541 0
0.201 71 0.0501305 0.0195867 0.0177289 0
0.201 72 0.398619 0.0164089 0.00290526 0
0.201 73 0.100785 0.00891442 0.0164736 0
0.201 74 0.238429 0.0100181 0.0155456 0
0.201 75 0.499265 0.00746713 0.0188436 0
0.301 51 0.408263 0.011285 0.0150863 0
0.301 52 0.176665 0.0112408 0.0108061 0
0.301 53 0.463088 0.00497933 0.00765326 0
0.301 54 0.415716 0.00634769 0.0197423 0
0.301 55 0.176684 0.0198372 0.00604984 0
0.301 56 0.299993 0.0195186 0.00924607 0
0.301 57 0.194253 0.00289837 0.011414 0
0.301 58 0.355524 0.0146103 0.0174435 0
0.301 59 0.485458 0.00487102 0.0118096 0
0.301 60 0.413688 0.016323 0.0105724 0
0.301 61 0.303212 0.0173791 0.0170288 0
0.301 62 0.484539 0.00521278 0.0145495 0
0.301 63 0.219097 0.000756669 0.0187885 0
0.301 64 0.493171 0.0152344 0.0187744 0
0.301 65 0.0796796 0.0188396 0.0194406 0
0.301 66 0.400915 0.0105193 0.00576356 0
0.301 67 0.367319 0.0124122 0.0170994 0
0.301 68 0.248092 0.0152328 0.0185297 0
0.301 69 0.469482 0.0129855 0.00519398 0
0.301 70 0.437302 0.0025743 0.0169224 0
0.301 71 0.0692363 0.019494 0.0185841 0
0.301 72 0.417746 0.0177801 0.00331409 0
0.301 73 0.119714 0.00980432 0.0176906 0
0.301 74 0.257495 0.00962068 0.0170153 0
0.301 75 0.480192 0.0073573 0.0198144 0
0.401 51 0.427255 0.0115164 0.0151749 0
0.401 52 0.195803 0.0109125 0.0115071 0
0.401 53 0.443963 0.00487151 0.00861251 0
0.401 54 0.43479 0.00690122 0.0197935 0
0.401 55 0.195817 0.0193227 0.0072608 0
0.401 56 0.31901 0.0197475 0.0101816 0
0.401 57 0.213273 0.00229796 0.0122392 0
0.401 58 0.374532 0.0152224 0.0160762 0
0.401 59 0.466489 0.00547759 0.0126541 0
0.401 60 0.432792 0.0159913 0.011446 0
0.401 61 0.322149 0.0178137 0.0179851 0
0.401 62 0.4655 0.0054608 0.0151095 0
0.401 63 0.238161 0.000649685 0.0179289 0
0.401 64 0.487348 0.0151471 0.018255 0
0.401 65 0.0987262 0.0190182 0.0191678 0
0.401 66 0.420008 0.0103975 0.00711061 0
0.401 67 0.386342 0.0133243 0.0160784 0
0.401 68 0.267135 0.015051 0.0197911 0
0.401 69 0.48847 0.012353 0.0059814 0
0.401 70 0.456397 0.00245689 0.0157662 0
0.401 71 0.0883778 0.019372 0.0181119 0
0.401 72 0.436783 0.0184184 0.0040547 0
0.401 73 0.138758 0.00997663 0.0187793 0
0.401 74 0.276572 0.00963721 0.0178568 0
0.401 75 0.461204 0.00670962 0.018383 0
0.501 51 0.446259 0.0117478 0.0160833 0
0.501 52 0.214926 0.0113217 0.0118072 0
0.501 53 0.42484 0.00504943 0.00884802 0
0.501 54 0.453813 0.0070197 0.0185518 0
0.501 55 0.214911 0.0194705 0.00727478 0
0.501 56 0.338072 0.0199632 0.0113004 0
0.501 57 0.232329 0.0022779 0.0138773 0
0.501 58 0.393569 0.0153614 0.0151264 0
0.501 59 0.447488 0.00536209 0.0130895 0
0.501 60 0.451909 0.0154533 0.0119042 0
0.501 61 0.341197 0.0180048 0.019331 0
0.501 62 0.446413 0.00502359 0.0155919 0
0.501 63 0.257219 0.000818122 0.016726 0
0.501 64 0.468297 0.0149752 0.0175979 0
0.501 65 0.117822 0.0189801 0.0183557 0
0.501 66 0.439121 0.0102744 0.00788724 0
0.501 67 0.405376 0.0132546 0.0147521 0
0.501 68 0.28622 0.0144348 0.0185352 0
0.501 69 0.492347 0.0122785 0.00670294 0
0.501 70 0.475465 0.00236899 0.0149758 0
0.501 71 0.107339 0.0194909 0.0197705 0
0.501 72 0.45578 0.0185618 0.00527319 0
0.501 73 0.157813 0.0104285 0.0198552 0
0.501 74 0.295552 0.00964271 0.0185225 0
0.501 75 0.44211 0.00770148 0.0172718 0
0.601 51 0.465369 0.011497 0.0165797 0
0.601 52 0.233757 0.0116433 0.0135739 0
0.601 53 0.405786 0.00498337 0.0102993 0
0.601 54 0.472931 0.0068966 0.0166303 0
0.601 55 0.233859 0.0199504 0.00808408 0
0.601 56 0.357141 0.0195979 0.0117552 0
0.601 57 0.251407 0.00253137 0.0149212 0
0.601 58 0.412646 0.015569 0.0148604 0
0.601 59 0.428573 0.00526066 0.0144795 0
0.601 60 0.470903 0.0143498 0.0130411 0
0.601 61 0.360203 0.0181574 0.0192927 0
0.601 62 0.427466 0.00495792 0.0161359 0
0.601 63 0.276332 0.000659833 0.0160513 0
0.601 64 0.449273 0.0155336 0.0164982 0
0.601 65 0.136703 0.0194491 0.0171064 0
0.601 66 0.458159 0.0099247 0.00931426 0
0.601 67 0.424378 0.013466 0.0140973 0
0.601 68 0.305153 0.0151564 0.0175355 0
0.601 69 0.473333 0.0123304 0.00831402 0
0.601 70 0.4946 0.00188276 0.014531 0
0.601 71 0.12639 0.0194815 0.0188894 0
0.601 72 0.474754 0.0183849 0.00615657 0
0.601 73 0.17679 0.0107249 0.0196965 0
0.601 74 0.31463 0.00914956 0.0192235 0
0.601 75 0.423065 0.00787814 0.0158212 0
0.701 51 0.484338 0.0114947 0.0169037 0
0.701 52 0.252825 0.011627 0.0147551 0
0.701 53 0.386698 0.00528777 0.0110682 0
0.701 54 0.491987 0.00640288 0.0156968 0
0.701 55 0.252981 0.0197219 0.008473 0
0.701 56 0.376214 0.0197157 0.013507 0
0.701 57 0.270473 0.0022964 0.0156353 0
0.701 58 0.431718 0.0160088 0.0143579 0
0.701 59 0.409561 0.00474651 0.0157231 0
0.701 60 0.489922 0.0143455 0.0141056 0
0.701 61 0.379279 0.0180104 0.0178847 0
0.701 62 0.408498 0.0049838 0.0175542 0
0.701 63 0.295355 0.000687501 0.0139295 0
0.701 64 0.430214 0.0151329 0.015517 0
0.701 65 0.155744 0.0193527 0.0154975 0
0.701 66 0.477147 0.0106352 0.0103112 0
0.701 67 0.443439 0.0128055 0.0130281 0
0.701 68 0.324282 0.0161049 0.0171681 0
0.701 69 0.454319 0.0119786 0.00925456 0
0.701 70 0.48627 0.00147061 0.0129855 0
0.701 71 0.145385 0.0197677 0.0180499 0
0.701 72 0.493774 0.0180113 0.00790525 0
0.701 73 0.195843 0.0112063 0.0184958 0
0.701 74 0.333707 0.0098095 0.01959 0
0.701 75 0.404012 0.00769046 0.0145528 0
0.801 51 0.496524 0.0113067 0.0183729 0
0.801 52 0.271826 0.0118532 0.0153896 0
0.801 53 0.367646 0.00511642 0.0118109 0
0.801 54 0.48903 0.00627734 0.0139527 0
0.801 55 0.272012 0.0198741 0.0095919 0
0.801 56 0.39526 0.0192896 0.014174 0
0.801 57 0.289524 0.0018748 0.0166578 0
0.801 58 0.450752 0.0159123 0.0132354 0
0.801 59 0.390522 0.00454374 0.0163862 0
0.801 60 0.490992 0.0141846 0.0154705 0
0.801 61 0.398374 0.0186715 0.0173304 0
0.801 62 0.389446 0.00518654 0.0188932 0
0.801 63 0.31437 0.000829462 0.012566 0
0.801 64 0.411184 0.0145614 0.0138148 0
0.801 65 0.174781 0.019113 0.0146652 0
0.801 66 0.496213 0.0110667 0.0110058 0
0.801 67 0.462462 0.0121893 0.0119032 0
0.801 68 0.343336 0.0158771 0.0158975 0
0.801 69 0.43517 0.011778 0.0102205 0
0.801 70 0.46725 0.000991596 0.0117204 0
0.801 71 0.164431 0.0198863 0.0166956 0
0.801 72 0.487009 0.0179365 0.00880559 0
0.801 73 0.214881 0.0117954 0.0177258 0
0.801 74 0.352692 0.00996912 0.018038 0
0.801 75 0.38492 0.00803478 0.0135563 0
0.901 51 0.477362 0.0113816 0.0191446 0
0.901 52 0.290742 0.0112286 0.0168906 0
0.901 53 0.348594 0.00502025 0.0127084 0
0.901 54 0.469979 0.00593693 0.0129534 0
0.901 55 0.291113 0.0198691 0.011031 0
0.901 56 0.414329 0.0199735 0.0150614 0
0.901 57 0.308519 0.00150817 0.0167932 0
0.901 58 0.469686 0.0152997 0.0121482 0
0.901 59 0.371481 0.00397421 0.017222 0
0.901 60 0.472045 0.0142142 0.0169789 0
0.901 61 0.417236 0.0183032 0.0160296 0
0.901 62 0.370453 0.00482678 0.0193703 0
0.901 63 0.333438 0.00100332 0.0115617 0
0.901 64 0.392067 0.0147757 0.0133478 0
0.901 65 0.19376 0.0181294 0.0128537 0
0.901 66 0.484424 0.0114363 0.0126717 0
0.901 67 0.481496 0.0120392 0.0106597 0
0.901 68 0.362393 0.0153242 0.0156104 0
0.901 69 0.416143 0.0115151 0.0109171 0
0.901 70 0.448029 0.000344786 0.0115106 0
0.901 71 0.18346 0.0196891 0.0152165 0
0.901 72 0.467973 0.0178315 0.00962547 0
0.901 73 0.234022 0.0114131 0.0166954 0
0.901 74 0.371749 0.00937913 0.0171213 0
0.901 75 0.36591 0.00830595 0.0128742 0
1.001 51 0.458312 0.0118666 0.0199719 0
1.001 52 0.30974 0.0113448 0.0176415 0
1.001 53 0.329566 0.0045962 0.0137412 0
1.001 54 0.451 0.00563709 0.0110737 0
1.001 55 0.310193 0.0196755 0.0117538 0
1.001 56 0.433265 0.0198498 0.016204 0
1.001 57 0.327504 0.000870287 0.0178629 0
1.001 58 0.488573 0.0152051 0.0112968 0
1.001 59 0.352538 0.00353574 0.0184592 0
1.001 60 0.452949 0.0147872 0.0179287 0
1.001 61 0.436426 0.0186399 0.0151478 0
1.001 62 0.351427 0.00517536 0.0198896 0
1.001 63 0.352479 0.000693863 0.0100861 0
1.001 64 0.372905 0.0143093 0.012476 0
1.001 65 0.212756 0.019201 0.0124544 0
1.001 66 0.465413 0.0114428 0.013404 0
1.001 67 0.499403 0.0125682 0.0098604 0
1.001 68 0.38141 0.0160444 0.0145974 0
1.001 69 0.397062 0.0114998 0.0115749 0
1.001 70 0.429017 0.000575869 0.0107895 0
1.001 71 0.202497 0.0199726 0.0147726 0
1.001 72 0.448936 0.0180121 0.0110134 0
1.001 73 0.253074 0.0108321 0.0155024 0
1.001 74 0.390859 0.00906119 0.0156671 0
1.001 75 0.346855 0.00836472 0.0114985 0
1.101 51 0.439218 0.0120954 0.0195074 0
1.101 52 0.32884 0.0108954 0.0187091 0
1.101 53 0.310587 0.00467119 0.0144724 0
1.101 54 0.431905 0.00541711 0.0104242 0
1.101 55 0.329242 0.0197424 0.0128561 0
1.101 56 0.452195 0.0190281 0.0181028 0
1.101 57 0.346459 0.00110516 0.0195233 0
1.101 58 0.492251 0.015473 0.0105269 0
1.101 59 0.333491 0.00422162 0.0198113 0
1.101 60 0.433927 0.0157044 0.0192585 0
1.101 61 0.455404 0.0181779 0.0144275 0
1.101 62 0.332419 0.00552153 0.0185389 0
1.101 63 0.371498 0.000121165 0.00878081 0
1.101 64 0.353951 0.014046 0.0115847 0
1.101 65 0.231773 0.0192685 0.0112638 0
1.101 66 0.446327 0.0113875 0.014451 0
1.101 67 0.480378 0.0127092 0.00902874 0
1.101 68 0.400515 0.0157697 0.0142913 0
1.101 69 0.37803 0.0116344 0.0129622 0
1.101 70 0.409919 0.00153444 0.00994793 0
1.101 71 0.221405 0.0197734 0.0133979 0
1.101 72 0.429918 0.0185267 0.0119793 0
1.101 73 0.272045 0.0107319 0.0145496 0
1.101 74 0.409935 0.00889875 0.0144885 0
1.101 75 0.327906 0.00914818 0.00993665 0
1.201 51 0.420028 0.012249 0.0184785 0
1.201 52 0.347892 0.0106598 0.0198675 0
1.201 53 0.291535 0.00456246 0.0152019 0
1.201 54 0.412884 0.00446089 0.00947581 0
1.201 55 0.34834 0.0196526 0.0134924 0
1.201 56 0.471225 0.0191336 0.0194434 0
1.201 57 0.365436 0.00164041 0.019893 0
1.201 58 0.473121 0.0153439 0.00988474 0
1.201 59 0.314451 0.00385537 0.0187425 0
1.201 60 0.414902 0.0158527 0.0197066 0
1.201 61 0.47444 0.0183687 0.0137355 0
1.201 62 0.313388 0.00593691 0.0171758 0
1.201 63 0.390527 0.000823475 0.0077969 0
1.201 64 0.334888 0.0148954 0.0110852 0
1.201 65 0.250799 0.018872 0.00980116 0
1.201 66 0.427308 0.0116238 0.0152536 0
1.201 67 0.46134 0.0118218 0.00843403 0
1.201 68 0.419513 0.0156472 0.0131464 0
1.201 69 0.359064 0.0114679 0.0143841 0
1.201 70 0.391045 0.0019492 0.00873982 0
1.201 71 0.240361 0.0198278 0.0128257 0
1.201 72 0.410937 0.0184456 0.0130768 0
1.201 73 0.29096 0.0101274 0.0132035 0
1.201 74 0.428992 0.00884517 0.0137777 0
1.201 75 0.308868 0.0099964 0.00899736 0
1.301 51 0.400958 0.012239 0.017573 0
1.301 52 0.366978 0.0107711 0.0195671 0
1.301 53 0.272423 0.00474451 0.0158447 0
1.301 54 0.393947 0.00454326 0.00841683 0
1.301 55 0.367419 0.0196031 0.0141309 0
1.301 56 0.49021 0.0193865 0.0191421 0
1.301 57 0.384334 0.000782119 0.0191266 0
1.301 58 0.454187 0.0150993 0.00850788 0
1.301 59 0.295417 0.00374779 0.0176541 0
1.301 60 0.39571 0.015669 0.019832 0
1.301 61 0.49342 0.0184256 0.0120155 0
1.301 62 0.29445 0.00555872 0.016876 0
1.301 63 0.409547 0.00134048 0.00680818 0
1.301 64 0.315767 0.015113 0.0104416 0
1.301 65 0.269775 0.0185443 0.0081373 0
1.301 66 0.408315 0.0110237 0.015887 0
1.301 67 0.442259 0.0116156 0.00761735 0
1.301 68 0.438587 0.015985 0.0117905 0
1.301 69 0.339952 0.0115563 0.0159123 0
1.301 70 0.372023 0.00207214 0.00727126 0
1.301 71 0.259499 0.0197411 0.0117726 0
1.301 72 0.391928 0.0179499 0.0144775 0
1.301 73 0.310092 0.0097639 0.0125042 0
1.301 74 0.447957 0.00870195 0.0128129 0
1.301 75 0.289808 0.0101083 0.00801045 0
1.401 51 0.381978 0.0121548 0.0160781 0
1.401 52 0.386019 0.0105009 0.0181509 0
1.401 53 0.25348 0.00518884 0.0174074 0
1.401 54 0.37492 0.00473925 0.00697106 0
1.401 55 0.386556 0.0192625 0.0147533 0
1.401 56 0.490585 0.019681 0.0177194 0
1.401 57 0.403401 0.000726876 0.0183273 0
1.401 58 0.435172 0.0150153 0.0075934 0
1.401 59 0.276508 0.00358503 0.0164568 0
1.401 60 0.376656 0.0160045 0.0194715 0
1.401 61 0.487337 0.0181994 0.0108961 0
1.401 62 0.275445 0.00541275 0.0153604 0
1.401 63 0.428567 0.00125151 0.00635667 0
1.401 64 0.296729 0.0149434 0.0101008 0
1.401 65 0.288733 0.0192957 0.00695758 0
1.401 66 0.38948 0.0113815 0.0176803 0
1.401 67 0.42322 0.0111128 0.00657255 0
1.401 68 0.457748 0.0160438 0.0110523 0
1.401 69 0.320975 0.0113598 0.016957 0
1.401 70 0.353068 0.00177697 0.00624209 0
1.401 71 0.278498 0.0197969 0.0107294 0
1.401 72 0.372794 0.0175191 0.0147893 0
1.401 73 0.32905 0.00964031 0.0117184 0
1.401 74 0.466994 0.00916324 0.0120197 0
1.401 75 0.270744 0.010167 0.00714219 0
1.501 51 0.362981 0.0116305 0.0145465 0
1.501 52 0.40508 0.00984263 0.0178089 0
1.501 53 0.23448 0.00527232 0.0183098 0
1.501 54 0.355937 0.0050284 0.00571421 0
1.501 55 0.405624 0.0189191 0.0150947 0
1.501 56 0.471584 0.019566 0.0165806 0
1.501 57 0.422563 0.00105139 0.0177321 0
1.501 58 0.416124 0.0152069 0.0067802 0
1.501 59 0.257411 0.00357488 0.0164033 0
1.501 60 0.357602 0.0157762 0.0189821 0
1.501 61 0.468305 0.0188507 0.0096091 0
1.501 62 0.256413 0.00483004 0.014817 0
1.501 63 0.4476 0.000781609 0.00554372 0
1.501 64 0.277649 0.0154003 0.00889884 0
1.501 65 0.30777 0.0194683 0.00582037 0
1.501 66 0.370392 0.0111791 0.0183735 0
1.501 67 0.404174 0.0108574 0.0050568 0
1.501 68 0.476757 0.0158075 0.0101426 0
1.501 69 0.301878 0.011515 0.0178876 0
1.501 70 0.333979 0.0018611 0.0050871 0
1.501 71 0.297656 0.0194867 0.00938984 0
1.501 72 0.353789 0.0172061 0.0158157 0
1.501 73 0.34806 0.00924433 0.00993261 0
1.501 74 0.486065 0.00888068 0.0113052 0
1.501 75 0.251704 0.0104418 0.00581157 2.05222e-08
1.601 51 0.343961 0.0125751 0.0128065 0
1.601 52 0.424165 0.00962709 0.0168149 0
1.601 53 0.215458 0.00544137 0.0185883 0
1.601 54 0.336804 0.00467029 0.00482237 0
1.601 55 0.424663 0.0186996 0.0156368 0
1.601 56 0.452536 0.018359 0.01585 0
1.601 57 0.441558 0.00157231 0.0161799 0
1.601 58 0.396997 0.0153197 0.00565429 0
1.601 59 0.238354 0.00403938 0.0157104 0
1.601 60 0.338643 0.0165715 0.0176167 0
1.601 61 0.449371 0.0185191 0.00819672 0
1.601 62 0.237424 0.0044267 0.0131468 0
1.601 63 0.46671 0.000415751 0.00467087 0
1.601 64 0.25862 0.0159013 0.0083779 0
1.601 65 0.32674 0.0192669 0.00404791 0
1.601 66 0.351352 0.0114356 0.0189097 0
1.601 67 0.385156 0.0105803 0.00417978 0
1.601 68 0.495734 0.0157068 0.00910839 0
1.601 69 0.282846 0.0124779 0.0183463 0
1.601 70 0.314824 0.00160836 0.00430396 0
1.601 71 0.31682 0.0187535 0.00915707 0
1.601 72 0.334768 0.0170931 0.0167339 0
1.601 73 0.36718 0.00957212 0.00979922 0
1.601 74 0.494843 0.00836903 0.0104847 0
1.601 75 0.232707 0.0103305 0.00426231 0
1.701 51 0.324811 0.0120861 0.0125378 0
1.701 52 0.443083 0.0097026 0.0161558 0
1.701 53 0.196387 0.00602808 0.0199311 0
1.701 54 0.317793 0.00484884 0.00450303 0
1.701 55 0.443825 0.0186691 0.0155928 0
1.701 56 0.433567 0.0190096 0.0149629 0
1.701 57 0.460642 0.00177479 0.0148584 0
1.701 58 0.377931 0.015622 0.0043942 0
1.701 59 0.219252 0.00392018 0.0154436 0
1.701 60 0.31961 0.0164485 0.0170649 0
1.701 61 0.430359 0.0183485 0.00678984 0
1.701 62 0.218296 0.00476727 0.0121626 0
1.701 63 0.485734 0.000786406 0.00345286 0
1.701 64 0.239514 0.0155238 0.00817903 0
1.701 65 0.345756 0.0199498 0.00291899 0
1.701 66 0.332327 0.0119044 0.0197381 0
1.701 67 0.36593 0.0103323 0.00367362 0
1.701 68 0.485117 0.0157615 0.00885395 0
1.701 69 0.263744 0.0126316 0.0193173 0
1.701 70 0.295828 0.000657221 0.00264942 0
1.701 71 0.335945 0.0179012 0.00834781 0
1.701 72 0.315906 0.0167465 0.018718 0
1.701 73 0.38628 0.00941666 0.00903761 0
1.701 74 0.475798 0.00794324 0.00943998 0
1.701 75 0.213685 0.0109416 0.00306848 0
1.801 51 0.305744 0.0119249 0.0111977 0
1.801 52 0.462066 0.0101439 0.015039 0
1.801 53 0.177243 0.00645684 0.0192727 0
1.801 54 0.298763 0.00423997 0.00361324 0
1.801 55 0.462926 0.0180932 0.0166097 0
1.801 56 0.414641 0.019407 0.0136279 0
1.801 57 0.479659 0.00139573 0.0135864 0
1.801 58 0.35893 0.0155434 0.00246589 0
1.801 59 0.200241 0.00338071 0.0144811 0
1.801 60 0.300469 0.0165061 0.0162072 0
1.801 61 0.411287 0.0185847 0.00593036 0
1.801 62 0.19927 0.00434285 0.0108845 0
1.801 63 0.49523 0.000477525 0.00335652 0
1.801 64 0.220425 0.0156099 0.00750517 0
1.801 65 0.36476 0.0196924 0.00174362 0
1.801 66 0.31341 0.0116885 0.0184488 0
1.801 67 0.346937 0.0103427 0.00272007 0
1.801 68 0.466105 0.0152242 0.00840234 0
1.801 69 0.244672 0.0121754 0.0197857 0
1.801 70 0.27675 0.000397777 0.00200685 0
1.801 71 0.354945 0.0182968 0.00773568 0
1.801 72 0.296884 0.0162863 0.0198294 0
1.801 73 0.405328 0.00929969 0.00764261 0
1.801 74 0.456826 0.00709285 0.00786793 0
1.801 75 0.194626 0.0109909 0.00169341 0
1.901 51 0.286662 0.012393 0.0108187 0
1.901 52 0.481155 0.0105371 0.0143603 0
1.901 53 0.158293 0.00606443 0.0180255 0
1.901 54 0.279811 0.00414653 0.00219173 0
1.901 55 0.481945 0.0175237 0.0178412 0
1.901 56 0.395574 0.0192282 0.0126086 0
1.901 57 0.498653 0.000719964 0.0113551 0
1.901 58 0.339909 0.0157052 0.0013959 0
1.901 59 0.181409 0.00322748 0.0131945 0
1.901 60 0.281484 0.0171785 0.0156129 0
1.901 61 0.39225 0.0184167 0.00526154 0
1.901 62 0.180149 0.00418417 0.00978651 0
1.901 63 0.476074 0.000691016 0.00241296 0
1.901 64 0.201396 0.0157114 0.00686311 0
1.901 65 0.383809 0.01916 0.00100417 0
1.901 66 0.294418 0.0120749 0.0169553 0
1.901 67 0.32782 0.00942118 0.00173365 0
1.901 68 0.44714 0.0156898 0.00739999 0
1.901 69 0.225732 0.0121085 0.018971 0
1.901 70 0.257721 0.000404145 0.000981975 0
1.901 71 0.373877 0.0188292 0.00693601 0
1.901 72 0.277847 0.0165336 0.0189232 0
1.901 73 0.424356 0.0102469 0.00676412 0
1.901 74 0.437771 0.00749244 0.00680941 0
1.901 75 0.175412 0.0107411 8.05158e-05 0
2.001 51 0.267705 0.0123615 0.0101302 0
2.001 52 0.499453 0.0102209 0.0126951 0
2.001 53 0.13925 0.00548628 0.0173031 0
2.001 54 0.260739 0.00336919 0.00111928 0
2.001 55 0.498758 0.0174423 0.0187344 0
2.001 56 0.376544 0.0193987 0.0114792 0
2.001 57 0.481835 0.00123217 0.01033 0
2.001 58 0.320888 0.0156232 0.000203104 0
2.001 59 0.162373 0.00297291 0.0125467 0
2.001 60 0.262527 0.0166254 0.0142218 0
2.001 61 0.373101 0.0182722 0.0037242 0
2.001 62 0.161105 0.00397852 0.00904014 0
2.001 63 0.457019 0.00051036 0.00166209 0
2.001 64 0.182413 0.0161656 0.00539275 0
2.001 65 0.402852 0.0189742 0.00024454 0
2.001 66 0.275306 0.0124801 0.0161088 0
2.001 67 0.308774 0.00961697 0.000527903 0
2.001 68 0.42812 0.0156134 0.00608995 0
2.001 69 0.20671 0.0123306 0.0182775 0
2.001 70 0.238569 0.000557151 0.000540897 0
2.001 71 0.392783 0.0187126 0.00537088 0
2.001 72 0.258898 0.0170168 0.0173966 0
2.001 73 0.443332 0.0107144 0.00552814 0
2.001 74 0.418801 0.00813495 0.00509876 0
2.001 75 0.15634 0.0111191 0.00152325 0
2.101 51 0.248703 0.0119745 0.00924153 8.31657e-09
2.101 52 0.480429 0.00990819 0.0114404 8.31657e-09
2.101 53 0.120289 0.00577143 0.0165279 8.31657e-09
2.101 54 0.241685 0.0035157 0.000290939 8.31657e-09
2.101 55 0.479726 0.0171711 0.0193426 8.31657e-09
2.101 56 0.357543 0.0199457 0.010952 8.31657e-09
2.101 57 0.462922 0.00084877 0.0092163 8.31657e-09
2.101 58 0.301769 0.0157502 0.00162726 8.31657e-09
2.101 59 0.143327 0.00259894 0.0108511 8.31657e-09
2.101 60 0.243551 0.0176779 0.0132482 8.31657e-09
2.101 61 0.35409 0.0188229 0.00218583 8.31657e-09
2.101 62 0.14203 0.00399521 0.00820268 8.31657e-09
2.101 63 0.437947 0.000487176 0.000257549 8.31657e-09
2.101 64 0.163273 0.0165577 0.0049111 8.31657e-09
2.101 65 0.421939 0.0191616 8.5823e-05 8.31657e-09
2.101 66 0.25628 0.0119614 0.0147879 8.31657e-09
2.101 67 0.289577 0.00933266 0.000345184 8.31657e-09
2.101 68 0.409174 0.0161482 0.0048855 8.31657e-09
2.101 69 0.187625 0.0122238 0.0178288 8.31657e-09
2.101 70 0.219548 0.00045275 0.00121256 8.31657e-09
2.101 71 0.411895 0.0189794 0.00435459 8.31657e-09
2.101 72 0.239842 0.0170049 0.0166188 8.31657e-09
2.101 73 0.462504 0.0114213 0.00495893 8.31657e-09
2.101 74 0.399753 0.00852304 0.00430215 8.31657e-09
2.101 75 0.137299 0.00978822 0.00258044 8.31657e-09
2.201 51 0.229695 0.0113229 0.00895556 0
2.201 52 0.461432 0.00960029 0.0100339 0
2.201 53 0.101238 0.00640973 0.015056 0
2.201 54 0.222646 0.00350114 7.43719e-05 0
2.201 55 0.460709 0.0169022 0.0199327 0
2.201 56 0.338504 0.0199203 0.00980861 0
2.201 57 0.443939 0.000748486 0.00845387 0
2.201 58 0.282822 0.0154408 0.00299703 0
2.201 59 0.124271 0.00295785 0.00992682 0
2.201 60 0.22452 0.0169127 0.0118847 0
2.201 61 0.334987 0.0189911 0.00130148 0
2.201 62 0.122941 0.00446643 0.00729892 0
2.201 63 0.418941 0.000996358 0.000707429 0
2.201 64 0.144136 0.017072 0.00449159 0
2.201 65 0.441033 0.0187725 0.000628289 0
2.201 66 0.237272 0.011692 0.0133466 0
2.201 67 0.270547 0.0097999 0.00184368 0
2.201 68 0.390065 0.0160052 0.00352232 0
2.201 69 0.168503 0.0119626 0.0173232 0
2.201 70 0.200506 0.000335294 0.00243307 0
2.201 71 0.430906 0.018851 0.00365766 0
2.201 72 0.220835 0.0170782 0.0153285 0
2.201 73 0.481647 0.0117875 0.00429348 0
2.201 74 0.380845 0.00843933 0.00364788 0
2.201 75 0.118242 0.00976908 0.00395189 0
2.301 51 0.210663 0.0114784 0.00850769 0
2.301 52 0.442444 0.010526 0.00916285 0
2.301 53 0.0822359 0.00642799 0.0138974 0
2.301 54 0.203528 0.00345496 0.000681304 0
2.301 55 0.441627 0.017309 0.0188794 0
2.301 56 0.319447 0.0191223 0.00869435 0
2.301 57 0.424808 0.000659758 0.00750733 0
2.301 58 0.263702 0.0156703 0.00354666 0
2.301 59 0.105185 0.00257944 0.00887347 0
2.301 60 0.205498 0.0167192 0.0110462 0
2.301 61 0.315877 0.0190489 0.000707802 0
2.301 62 0.103876 0.00403528 0.0060227 0
2.301 63 0.39992 0.00126471 0.00204325 0
2.301 64 0.125069 0.0167717 0.0034192 0
2.301 65 0.460033 0.0188568 0.00227884 0
2.301 66 0.218262 0.0115188 0.0119938 0
2.301 67 0.251604 0.0101663 0.00280347 7.23459e-08
2.301 68 0.371063 0.0156747 0.00257062 7.23459e-08
2.301 69 0.149471 0.0117739 0.0161551 7.23459e-08
2.301 70 0.181483 0.000688904 0.00314587 7.23459e-08
2.301 71 0.449948 0.0182015 0.00256337 7.23459e-08
2.301 72 0.20178 0.0175051 0.014663 7.23459e-08
2.301 73 0.498875 0.0116272 0.00346082 7.23459e-08
2.301 74 0.361796 0.00853289 0.00248432 7.23459e-08
2.301 75 0.0991865 0.00993777 0.00498699 7.23459e-08
2.401 51 0.191633 0.0113567 0.00823514 0
2.401 52 0.423433 0.0103708 0.00827772 0
2.401 53 0.0632358 0.00589897 0.0128697 0
2.401 54 0.184386 0.00397144 0.00193399 0
2.401 55 0.42259 0.017577 0.0179485 0
2.401 56 0.30035 0.0193587 0.0079284 0
2.401 57 0.405717 0.00155556 0.00719264 0
2.401 58 0.24473 0.0154638 0.00440637 9.82223e-09
2.401 59 0.0861714 0.00130607 0.00762679 9.82223e-09
2.401 60 0.186569 0.0166892 0.0100511 9.82223e-09
2.401 61 0.296857 0.0189307 5.69739e-05 9.82223e-09
2.401 62 0.0848939 0.00455601 0.00460865 9.82223e-09
2.401 63 0.380852 0.000804432 0.00287045 9.82223e-09
2.401 64 0.105911 0.0170258 0.00273525 9.82223e-09
2.401 65 0.479057 0.0188086 0.00290657 9.82223e-09
2.401 66 0.199292 0.0114709 0.0107924 9.82223e-09
2.401 67 0.232604 0.010944 0.00352221 9.82223e-09
2.401 68 0.352052 0.0153831 0.00220294 9.82223e-09
2.401 69 0.13053 0.0119166 0.0149965 9.82223e-09
2.401 70 0.16237 0.000970991 0.00428297 9.82223e-09
2.401 71 0.469026 0.0182616 0.00187541 9.82223e-09
2.401 72 0.182755 0.0177245 0.0138142 9.82223e-09
2.401 73 0.479865 0.0121128 0.00208611 9.82223e-09
2.401 74 0.342728 0.00852454 0.00173791 9.82223e-09
2.401 75 0.080181 0.00992976 0.00566873 9.82223e-09
2.501 51 0.172662 0.0122607 0.00801601 0
2.501 52 0.404495 0.0104046 0.00742311 0
2.501 53 0.0442247 0.0054634 0.011987 0
2.501 54 0.165313 0.00344406 0.00274392 0
2.501 55 0.403557 0.0169806 0.0164357 0
2.501 56 0.281356 0.0196971 0.00684293 0
2.501 57 0.386682 0.0014076 0.00627704 0
2.501 58 0.225638 0.0149469 0.00498228 0
2.501 59 0.0672387 0.000497596 0.0060692 0
2.501 60 0.167551 0.0166612 0.00962597 0
2.501 61 0.277852 0.0190559 0.000807061 0
2.501 62 0.0659421 0.00407701 0.00283946 0
2.501 63 0.361803 0.000858389 0.00324591 0
2.501 64 0.0867149 0.0172021 0.00184043 0
2.501 65 0.498158 0.0191207 0.00330621 0
2.501 66 0.180177 0.0109113 0.00988712 0
2.501 67 0.21357 0.0108169 0.00380219 0
2.501 68 0.333024 0.0152687 0.000502724 0
2.501 69 0.111402 0.0123267 0.0141874 0
2.501 70 0.143306 0.00106662 0.00537572 0
2.501 71 0.488252 0.0184904 0.00107023 0
2.501 72 0.163706 0.0182936 0.0130743 0
2.501 73 0.460846 0.0122711 0.00126904 0
2.501 74 0.323689 0.00837691 0.000418069 0
2.501 75 0.0612038 0.00953028 0.00680021 0
2.601 51 0.153632 0.0128016 0.0074671 0
2.601 52 0.385448 0.0106529 0.00667754 0
2.601 53 0.0252447 0.0056812 0.0103693 0
2.601 54 0.146168 0.00338076 0.00328727 0
2.601 55 0.384509 0.0163207 0.0156938 0
2.601 56 0.262384 0.0194567 0.00570914 0
2.601 57 0.36774 0.000923806 0.00468933 0
2.601 58 0.206589 0.0148754 0.00561692 0
2.601 59 0.0481515 0.000817721 0.0055708 0
2.601 60 0.148485 0.0164435 0.00829265 0
2.601 61 0.258906 0.0187329 0.00176625 0
2.601 62 0.0469619 0.00373352 0.00247155 0
2.601 63 0.342702 0.000186556 0.00399095 0
2.601 64 0.0677427 0.0171364 0.000545084 0
2.601 65 0.482522 0.0191403 0.00395972 0
2.601 66 0.161093 0.0109709 0.00896551 0
2.601 67 0.194583 0.0108217 0.00437625 0
2.601 68 0.314038 0.0155024 0.00054754 0
2.601 69 0.0922595 0.0131308 0.0131429 0
2.601 70 0.124266 0.00192011 0.00594775 0
2.601 71 0.492413 0.0180912 2.95128e-05 0
2.601 72 0.144715 0.0177985 0.0128968 0
2.601 73 0.44184 0.0128817 0.000333825 0
2.601 74 0.304657 0.0084314 0.000707451 0
2.601 75 0.0421831 0.00926594 0.00813313 0
2.701 51 0.134639 0.0128584 0.00599911 0
2.701 52 0.366344 0.0102304 0.00623591 0
2.701 53 0.00628934 0.00571289 0.00884367 0
2.701 54 0.127143 0.00304746 0.00481642 0
2.701 55 0.365475 0.015803 0.0150889 0
2.701 56 0.243368 0.0194289 0.00443873 0
2.701 57 0.348792 0.000902363 0.0032557 0
2.701 58 0.187504 0.0143297 0.0058902 0
2.701 59 0.0291206 0.000694321 0.00448295 0
2.701 60 0.129458 0.0168496 0.00773851 0
2.701 61 0.23985 0.0191903 0.00319592 0
2.701 62 0.0278402 0.00395354 0.00214143 0
2.701 63 0.323822 0.000791621 0.0048862 0
2.701 64 0.0486595 0.0173263 0.000564396 0
2.701 65 0.463407 0.0193021 0.00460674 0
2.701 66 0.142145 0.0110839 0.0077842 0
2.701 67 0.175501 0.0109789 0.00568327 0
2.701 68 0.29489 0.0159749 0.00135887 0
2.701 69 0.0733242 0.0138513 0.0123104 0
2.701 70 0.105111 0.00176059 0.00689339 0
2.701 71 0.473357 0.0186234 0.00135029 0
2.701 72 0.125631 0.0172303 0.0116106 0
2.701 73 0.42289 0.0124483 0.00154306 0
2.701 74 0.285614 0.00831356 0.000858002 0
2.701 75 0.0232475 0.00929834 0.00846423 0
2.801 51 0.115552 0.0131781 0.00600031 0
2.801 52 0.347287 0.0107029 0.00553724 0
2.801 53 0.0131475 0.00642156 0.00872894 0
2.801 54 0.108102 0.00305483 0.00535225 0
2.801 55 0.346412 0.015945 0.0143258 0
2.801 56 0.22429 0.0196032 0.0039084 0
2.801 57 0.329706 0.00042124 0.00206122 0
2.801 58 0.168429 0.0134537 0.00633742 0
2.801 59 0.0100559 0.000393176 0.0036096 0
2.801 60 0.110458 0.0169702 0.00715984 0
2.801 61 0.220917 0.018352 0.00436112 0
2.801 62 0.00884448 0.00449419 0.000772954 0
2.801 63 0.304929 0.00160537 0.00573465 0
2.801 64 0.0296756 0.0172364 0.00138672 0
2.801 65 0.444409 0.0199122 0.0052368 0
2.801 66 0.123073 0.0110587 0.006592 0
2.801 67 0.156495 0.0107855 0.00640259 0
2.801 68 0.275844 0.0154163 0.00250507 0
2.801 69 0.0543511 0.0142413 0.0108243 0
2.801 70 0.0860368 0.00144199 0.00744982 0
2.801 71 0.454219 0.0188811 0.00139039 0
2.801 72 0.106495 0.017946 0.0110324 0
2.801 73 0.403912 0.0123332 0.00291241 0
2.801 74 0.266685 0.00939079 0.00173142 0
2.801 75 0.00419439 0.00942188 0.0097929 0
2.901 51 0.0966341 0.0139079 0.00541756 0
2.901 52 0.328387 0.0101902 0.00408047 0
2.901 53 0.0322249 0.00611913 0.00834229 0
2.901 54 0.0891552 0.00315809 0.00645631 0
2.901 55 0.327569 0.0150956 0.0129595 0
2.901 56 0.205073 0.0196082 0.0030237 0
2.901 57 0.310658 0.000159366 0.000879192 0
2.901 58 0.149402 0.0137469 0.00803065 0
2.901 59 0.00934129 0.000373817 0.00257775 0
2.901 60 0.0915159 0.0164816 0.00691336 0
2.901 61 0.201875 0.0188116 0.00570667 0
2.901 62 0.0103262 0.0038367 0.000426006 0
2.901 63 0.285842 0.000620471 0.00711946 0
2.901 64 0.0104939 0.016792 0.00246642 0
2.901 65 0.425323 0.0197608 0.00646048 0
2.901 66 0.104161 0.0105896 0.00567203 0
2.901 67 0.137409 0.0105581 0.00679123 0
2.901 68 0.256688 0.015786 0.00320016 8.55533e-09
2.901 69 0.0353305 0.0136627 0.00955099 8.55533e-09
2.901 70 0.0670302 0.00160192 0.00817291 8.55533e-09
2.901 71 0.435197 0.019034 0.00284728 8.55533e-09
2.901 72 0.0874865 0.0180509 0.0105235 8.55533e-09
2.901 73 0.384787 0.012431 0.0036061 8.55533e-09
2.901 74 0.247589 0.00950964 0.00292162 6.04301e-08
2.901 75 0.015161 0.00974707 0.0108993 6.04301e-08
3.001 51 0.0775718 0.0145608 0.00435584 0
3.001 52 0.309333 0.0108589 0.00305637 0
3.001 53 0.051308 0.00591765 0.0072414 0
3.001 54 0.0701624 0.0035457 0.00735092 0
3.001 55 0.30838 0.0149166 0.012196 0
3.001 56 0.186094 0.0196131 0.00237954 0
3.001 57 0.291672 0.000431489 0.000545671 0
3.001 58 0.130349 0.0136068 0.00891552 0
3.001 59 0.0283407 0.000439862 0.00181757 0
3.001 60 0.0725337 0.016193 0.00560097 0
3.001 61 0.182841 0.0185489 0.00636164 0
3.001 62 0.0294444 0.00392274 0.00220365 0
3.001 63 0.266773 0.000179819 0.00766805 0
3.001 64 0.00861508 0.016977 0.00271257 0
3.001 65 0.406304 0.0198426 0.00724716 0
3.001 66 0.0852644 0.0103646 0.00410832 0
3.001 67 0.118359 0.0112996 0.0074984 0
3.001 68 0.237721 0.0159415 0.00446986 0
3.001 69 0.0162692 0.0132981 0.00846799 0
3.001 70 0.0479087 0.00151235 0.00831324 0
3.001 71 0.416221 0.0187922 0.00409632 0
3.001 72 0.0683942 0.0178129 0.00942318 0
3.001 73 0.365807 0.0127891 0.00510126 0
3.001 74 0.228596 0.00949444 0.00326496 0
3.001 75 0.0341798 0.00884426 0.012091 0
3.101 51 0.0585137 0.0137059 0.00305572 0
3.101 52 0.290368 0.0113655 0.00123177 0
3.101 53 0.0704194 0.00579234 0.00647949 0
3.101 54 0.0511886 0.00393875 0.00837204 0
3.101 55 0.289182 0.0150562 0.0116849 0
3.101 56 0.16703 0.0197418 0.00144209 0
3.101 57 0.2726 0.00119953 0.00063089 0
3.101 58 0.111252 0.0134017 0.00876443 0
3.101 59 0.0475089 0.000166838 0.00132403 0
3.101 60 0.0535792 0.0152564 0.00437586 0
3.101 61 0.16377 0.0185055 0.00787702 0
3.101 62 0.0484331 0.00349274 0.00305095 0
3.101 63 0.247706 9.76282e-06 0.00821601 0
3.101 64 0.0276353 0.0166894 0.00427674 0
3.101 65 0.387244 0.0197206 0.00816543 0
3.101 66 0.0662113 0.0102639 0.00265543 0
3.101 67 0.0994233 0.0121079 0.00852033 0
3.101 68 0.218727 0.0157657 0.00493214 0
3.101 69 0.00300435 0.0133842 0.00717479 0
3.101 70 0.0288683 0.000848801 0.00962778 0
3.101 71 0.397131 0.0194715 0.00544067 0
3.101 72 0.0492838 0.0172301 0.00867182 0
3.101 73 0.346661 0.0127786 0.00597702 0
3.101 74 0.20955 0.00953136 0.00387309 0
3.101 75 0.0531633 0.00892266 0.0129012 0
3.201 51 0.0395317 0.013727 0.0021435 0
3.201 52 0.27132 0.010838 0.000164633 0
3.201 53 0.0893873 0.00562222 0.00475524 0
3.201 54 0.0320743 0.00451026 0.00935829 0
3.201 55 0.270185 0.0150973 0.0105232 0
3.201 56 0.147993 0.0199764 0.000681822 0
3.201 57 0.253714 0.00147807 0.000779191 8.69518e-09
3.201 58 0.0921804 0.0126215 0.00984868 8.69518e-09
3.201 59 0.0666472 0.000201389 0.000253689 8.69518e-09
3.201 60 0.034563 0.015011 0.00345409 8.69518e-09
3.201 61 0.144619 0.0184232 0.00850068 8.69518e-09
3.201 62 0.0674415 0.0030739 0.00409125 8.69518e-09
3.201 63 0.228566 0.000443157 0.00953807 8.69518e-09
3.201 64 0.0466399 0.0163747 0.00473973 8.69518e-09
3.201 65 0.368167 0.0195808 0.00879723 8.69518e-09
3.201 66 0.0471162 0.0104414 0.00107925 8.69518e-09
3.201 67 0.0804359 0.0114114 0.0102257 8.69518e-09
3.201 68 0.199731 0.0154642 0.00591846 8.69518e-09
3.201 69 0.0220329 0.0136591 0.00637306 8.69518e-09
3.201 70 0.00982193 0.000945334 0.0113117 8.69518e-09
3.201 71 0.37812 0.018647 0.00608944 8.69518e-09
3.201 72 0.0302051 0.0178578 0.00827481 8.69518e-09
3.201 73 0.327658 0.012597 0.00719414 8.69518e-09
3.201 74 0.190436 0.00997111 0.00457327 8.69518e-09
3.201 75 0.0721307 0.00937602 0.0143012 8.69518e-09
3.301 51 0.0205746 0.0140007 0.00100249 0
3.301 52 0.252203 0.0109596 0.000365442 1.28093e-07
3.301 53 0.108476 0.00536587 0.00401535 1.28093e-07
3.301 54 0.0129731 0.00508345 0.010108 1.28093e-07
3.301 55 0.251133 0.0155157 0.0093832 1.28093e-07
3.301 56 0.12888 0.0198357 0.000499511 1.28093e-07
3.301 57 0.234678 0.00180656 0.00166975 1.28093e-07
3.301 58 0.0731779 0.0119382 0.0101065 1.28093e-07
3.301 59 0.0857892 0.000433513 0.000549074 1.28093e-07
3.301 60 0.0155293 0.0143079 0.00242628 1.28093e-07
3.301 61 0.125601 0.0187309 0.00931394 1.28093e-07
3.301 62 0.0865385 0.00360342 0.00480454 1.28093e-07
3.301 63 0.209627 0.000527803 0.0107886 1.28093e-07
3.301 64 0.0657507 0.0162065 0.0052986 1.28093e-07
3.301 65 0.349106 0.0193645 0.0095947 1.28093e-07
3.301 66 0.0281056 0.0103679 0.000393739 1.28093e-07
3.301 67 0.0613392 0.0109906 0.011539 1.28093e-07
3.301 68 0.18081 0.0154624 0.00787471 1.28093e-07
3.301 69 0.040949 0.0131261 0.00485814 1.28093e-07
3.301 70 0.00939843 0.00114208 0.0121647 1.28093e-07
3.301 71 0.359044 0.0182715 0.00744853 1.28093e-07
3.301 72 0.0111149 0.0176458 0.0072648 1.28093e-07
3.301 73 0.30871 0.0127907 0.00854918 1.28093e-07
3.301 74 0.171441 0.010139 0.0054831 1.28093e-07
3.301 75 0.091205 0.0088398 0.015949 1.28093e-07
3.401 51 0.00157203 0.0137559 0.000849857 0
3.401 52 0.233139 0.0116422 0.000823816 0
3.401 53 0.127463 0.00545635 0.00302946 0
3.401 54 0.00636243 0.00519813 0.0108166 0
3.401 55 0.232065 0.0154995 0.00824763 0
3.401 56 0.109871 0.019353 0.000100845 0
3.401 57 0.215679 0.00165882 0.00262886 0
3.401 58 0.0539957 0.0122368 0.0103068 0
3.401 59 0.10479 0.00104883 0.0025053 0
3.401 60 0.00376124 0.0147077 0.00219069 0
3.401 61 0.106503 0.0188503 0.0101674 0
3.401 62 0.105624 0.00395925 0.00469462 0
3.401 63 0.190492 0.000892848 0.0119357 0
3.401 64 0.0847463 0.0159011 0.00658727 0
3.401 65 0.330186 0.0197742 0.0111726 0
3.401 66 0.0091604 0.0102907 0.00146738 0
3.401 67 0.042289 0.0109453 0.0124137 0
3.401 68 0.161792 0.015103 0.00906112 0
3.401 69 0.0600782 0.0127498 0.00429261 0
3.401 70 0.0283661 0.00122782 0.0137146 0
3.401 71 0.340095 0.0187476 0.00881331 0
3.401 72 0.0081428 0.0176316 0.00611671 0
3.401 73 0.28958 0.01229 0.00894037 0
3.401 74 0.152499 0.0101458 0.00703895 0
3.401 75 0.110306 0.00924756 0.0164604 0
3.501 51 0.017581 0.0135855 0.00188858 0
3.501 52 0.214158 0.0120154 0.00117715 0
3.501 53 0.146534 0.0058158 0.00260147 0
3.501 54 0.0253328 0.00596204 0.0118574 0
3.501 55 0.213122 0.0160027 0.00778406 0
3.501 56 0.0909059 0.0181721 0.000978495 0
3.501 57 0.196615 0.0022373 0.00337533 0
3.501 58 0.0349379 0.0121232 0.0111189 0
3.501 59 0.123911 0.00112242 0.00332475 0
3.501 60 0.0227975 0.0142584 0.000835923 0
3.501 61 0.0874827 0.0191046 0.0113478 0
3.501 62 0.124633 0.0032103 0.00630115 0
3.501 63 0.171448 0.000549554 0.0130895 0
3.501 64 0.103708 0.0156834 0.0076792 0
3.501 65 0.311099 0.0195894 0.0123667 0
3.501 66 0.00991459 0.00924687 0.0028783 0
3.501 67 0.0232216 0.0113675 0.0124915 0
3.501 68 0.142589 0.0151595 0.010075 0
3.501 69 0.0789924 0.0122199 0.00361126 0
3.501 70 0.0474491 0.000895016 0.0150678 0
3.501 71 0.321003 0.0187916 0.00985399 0
3.501 72 0.0272606 0.0181431 0.00486436 0
3.501 73 0.270521 0.0122271 0.0107065 0
3.501 74 0.133435 0.00978322 0.00803893 0
3.501 75 0.129328 0.00944139 0.017355 0
3.601 51 0.0366911 0.0129483 0.00272886 0
3.601 52 0.195032 0.012606 0.00184116 0
3.601 53 0.165661 0.00552318 0.00149633 0
3.601 54 0.0442957 0.00541403 0.0122249 0
3.601 55 0.194073 0.0159229 0.00673124 0
3.601 56 0.0718987 0.0187386 0.00192071 0
3.601 57 0.177456 0.00300934 0.00393099 0
3.601 58 0.0158639 0.011904 0.0116363 0
3.601 59 0.143016 0.000858341 0.00365193 0
3.601 60 0.0419064 0.0144989 0.000153244 0
3.601 61 0.0685688 0.0190537 0.0126139 0
3.601 62 0.143497 0.00325471 0.00733138 0
3.601 63 0.152394 0.000590849 0.0138584 0
3.601 64 0.12279 0.0156148 0.00917986 0
3.601 65 0.292064 0.019266 0.0138442 0
3.601 66 0.0290382 0.00918772 0.00426739 0
3.601 67 0.00425337 0.0114992 0.0139609 0
3.601 68 0.123375 0.0153777 0.0110446 0
3.601 69 0.0980754 0.0122396 0.00297981 0
3.601 70 0.0664929 0.00103845 0.0163732 0
3.601 71 0.301928 0.0185485 0.010259 0
3.601 72 0.046351 0.0179166 0.00427283 0
3.601 73 0.251532 0.01192 0.0110493 0
3.601 74 0.114406 0.0100595 0.00894674 0
3.601 75 0.148424 0.00914957 0.018121 0
3.701 51 0.0557434 0.0134505 0.00354116 0
3.701 52 0.176043 0.0125357 0.00315657 0
3.701 53 0.184746 0.00480239 0.000580703 0
3.701 54 0.0632994 0.00540128 0.0135637 0
3.701 55 0.175026 0.0161196 0.00561637 0
3.701 56 0.0529192 0.0187485 0.0042425 0
3.701 57 0.158449 0.00218468 0.00531069 0
3.701 58 0.0033369 0.0111645 0.0125521 0
3.701 59 0.162097 0.000647261 0.00434472 0
3.701 60 0.0609661 0.014497 0.00102103 0
3.701 61 0.0494971 0.0194377 0.0130439 0
3.701 62 0.162531 0.00326046 0.00816532 0
3.701 63 0.133243 0.000945002 0.0144765 0
3.701 64 0.141881 0.0155144 0.00980528 0
3.701 65 0.273102 0.018919 0.0153621 0
3.701 66 0.0482247 0.00924168 0.00502415 0
3.701 67 0.0147921 0.0115355 0.0151686 0
3.701 68 0.104357 0.0148175 0.011948 0
3.701 69 0.117075 0.0116257 0.00101042 0
3.701 70 0.0855656 0.0010837 0.0169158 0
3.701 71 0.283016 0.0191839 0.0122632 0
3.701 72 0.0653567 0.0175087 0.00290829 0
3.701 73 0.232379 0.011977 0.0120598 0
3.701 74 0.0954006 0.0110507 0.0101816 0
3.701 75 0.167368 0.00948899 0.0196755 0
3.801 51 0.0747958 0.0130249 0.0041262 0
3.801 52 0.157069 0.0120989 0.00355468 0
3.801 53 0.203857 0.00519856 0.000579387 0
3.801 54 0.0823792 0.00536129 0.0144589 0
3.801 55 0.155892 0.0163345 0.00485949 0
3.801 56 0.0338207 0.0187538 0.00492595 0
3.801 57 0.139462 0.00252854 0.00663545 0
3.801 58 0.0223776 0.010361 0.0122798 0
3.801 59 0.181139 0.000367145 0.00526499 0
3.801 60 0.0799896 0.015263 0.00200315 0
3.801 61 0.0304784 0.0194703 0.0148274 0
3.801 62 0.181636 0.00339079 0.00932826 0
3.801 63 0.114209 0.000552809 0.0162613 0
3.801 64 0.160946 0.0157639 0.0104603 0
3.801 65 0.254084 0.0189827 0.0166365 0
3.801 66 0.0672935 0.00935569 0.0058935 0
3.801 67 0.0339125 0.0110813 0.0166389 0
3.801 68 0.0852622 0.0153114 0.0125443 0
3.801 69 0.13622 0.0117354 0.000398539 0
3.801 70 0.104447 0.000370541 0.0175616 0
3.801 71 0.264051 0.0199702 0.0131988 0
3.801 72 0.0844228 0.0179423 0.00217905 0
3.801 73 0.213312 0.0115434 0.012695 0
3.801 74 0.0763984 0.0104895 0.0113873 0
3.801 75 0.186386 0.00863158 0.0195393 0
3.901 51 0.0938801 0.0134197 0.00478561 0
3.901 52 0.138119 0.0110244 0.00561686 0
3.901 53 0.22289 0.00547613 0.00143528 0
3.901 54 0.101563 0.00516786 0.0148551 0
3.901 55 0.136788 0.0168157 0.00394487 0
3.901 56 0.0147955 0.018186 0.0060579 0
3.901 57 0.120349 0.00295956 0.0082234 0
3.901 58 0.0414454 0.0106746 0.0127233 0
3.901 59 0.200221 0.000491593 0.00608382 0
3.901 60 0.0989934 0.0141202 0.00306203 0
3.901 61 0.011489 0.019059 0.0157058 0
3.901 62 0.200793 0.00335674 0.00960786 0
3.901 63 0.0951656 0.000625842 0.017491 0
3.901 64 0.179945 0.0153877 0.0110877 0
3.901 65 0.235106 0.0194863 0.0170799 0
3.901 66 0.0863641 0.00885935 0.0068146 0
3.901 67 0.0529822 0.0110596 0.018238 0
3.901 68 0.0662788 0.0158079 0.0138299 0
3.901 69 0.155275 0.0120717 0.00143403 0
3.901 70 0.1235 0.000534882 0.0184529 0
3.901 71 0.245039 0.0198367 0.0139569 0
3.901 72 0.103373 0.0173601 0.00101318 0
3.901 73 0.194385 0.0108022 0.0134163 0
3.901 74 0.0572462 0.0102023 0.0124399 0
3.901 75 0.205397 0.00889885 0.0189046 0
4.001 51 0.112956 0.0129679 0.00525339 0
4.001 52 0.119124 0.0100629 0.00671609 0
4.001 53 0.241898 0.00588201 0.00262398 8.45541e-09
4.001 54 0.120604 0.00628297 0.015726 8.45541e-09
4.001 55 0.117708 0.0169072 0.00251436 8.45541e-09
4.001 56 0.00458819 0.0183336 0.00636647 8.45541e-09
4.001 57 0.101303 0.00297319 0.00959582 8.45541e-09
4.001 58 0.0604579 0.0108661 0.0141119 8.45541e-09
4.001 59 0.219266 0.000205638 0.00804712 8.45541e-09
4.001 60 0.11807 0.0140193 0.00456961 8.45541e-09
4.001 61 0.00768923 0.0185975 0.0167895 8.45541e-09
4.001 62 0.219765 0.00308669 0.0108264 8.45541e-09
4.001 63 0.0762247 0.000775636 0.0190776 8.45541e-09
4.001 64 0.199017 0.0155939 0.0121343 8.45541e-09
4.001 65 0.216031 0.0184381 0.0181676 8.45541e-09
4.001 66 0.105228 0.0085945 0.00737549 8.45541e-09
4.001 67 0.0720153 0.0107677 0.018951 8.45541e-09
4.001 68 0.0472433 0.0160262 0.0143713 8.45541e-09
4.001 69 0.174227 0.0120499 0.00364875 8.45541e-09
4.001 70 0.142577 4.28731e-05 0.0195749 8.45541e-09
4.001 71 0.22596 0.019978 0.0150881 8.45541e-09
4.001 72 0.122427 0.0172047 0.000400965 8.45541e-09
4.001 73 0.175379 0.0104725 0.013845 8.45541e-09
4.001 74 0.0382367 0.01038 0.0141406 8.45541e-09
4.001 75 0.224406 0.00939118 0.0170601 8.45541e-09
4.101 51 0.132032 0.0128292 0.0064079 0
4.101 52 0.100101 0.0104314 0.00769922 0
4.101 53 0.260842 0.00599067 0.00351575 0
4.101 54 0.139576 0.00590877 0.0163313 0
4.101 55 0.0987359 0.0172025 0.00102266 0
4.101 56 0.0235979 0.0185877 0.00809305 0
4.101 57 0.0823139 0.00334635 0.0109899 0
4.101 58 0.0795646 0.0111253 0.0150881 0
4.101 59 0.23833 0.000121524 0.00895093 0
4.101 60 0.137166 0.0139844 0.00536008 0
4.101 61 0.0267273 0.0183697 0.0175148 0
4.101 62 0.238893 0.00321795 0.0118714 0
4.101 63 0.0571289 0.00123224 0.0197601 0
4.101 64 0.218069 0.015633 0.0127953 0
4.101 65 0.196928 0.0178816 0.0185749 0
4.101 66 0.124201 0.00809057 0.00795816 0
4.101 67 0.0910113 0.0104022 0.0192502 0
4.101 68 0.0282247 0.0165642 0.0149786 0
4.101 69 0.193343 0.0126954 0.00430917 0
4.101 70 0.161537 9.64288e-05 0.0196966 0
4.101 71 0.206952 0.0194456 0.0163826 0
4.101 72 0.141459 0.0173587 0.00200149 0
4.101 73 0.156345 0.0108844 0.0146018 0
4.101 74 0.0191474 0.0100303 0.0153279 0
4.101 75 0.243412 0.0098567 0.0159023 0
4.201 51 0.150971 0.0134589 0.0067055 0
4.201 52 0.0811229 0.00994897 0.00883585 0
4.201 53 0.279935 0.00640198 0.00387305 0
4.201 54 0.158573 0.00630804 0.0172133 0
4.201 55 0.0797136 0.0169452 7.04691e-05 0
4.201 56 0.0425841 0.01853 0.00936136 0
4.201 57 0.0633061 0.00269324 0.0121943 0
4.201 58 0.0986965 0.0104677 0.015799 0
4.201 59 0.257269 0.000238677 0.010122 0
4.201 60 0.156206 0.013741 0.00665507 0
4.201 61 0.0457768 0.0184687 0.0181233 0
4.201 62 0.257912 0.00307156 0.0137415 0
4.201 63 0.0382892 0.0007549 0.0181518 0
4.201 64 0.23709 0.0150848 0.0142831 0
4.201 65 0.177785 0.0181524 0.0191184 0
4.201 66 0.143234 0.00821781 0.00923739 0
4.201 67 0.109986 0.00961617 0.0198022 0
4.201 68 0.00925226 0.0165535 0.0156573 0
4.201 69 0.212251 0.0128081 0.00463315 0
4.201 70 0.1805 0.00033033 0.0189507 0
4.201 71 0.187853 0.018369 0.0171558 0
4.201 72 0.160431 0.0177235 0.00365491 0
4.201 73 0.137294 0.0114068 0.0159787 0
4.201 74 0.000134965 0.00949163 0.0158487 0
4.201 75 0.262505 0.00952734 0.0142725 0
4.301 51 0.169999 0.0134673 0.00733149 0
4.301 52 0.0621468 0.00990287 0.00948189 0
4.301 53 0.298885 0.00642386 0.00546872 0
4.301 54 0.177508 0.00685103 0.018273 0
4.301 55 0.0606563 0.0173145 0.0010044 0
4.301 56 0.0615802 0.0178205 0.011105 0
4.301 57 0.0442434 0.00239024 0.0133061 0
4.301 58 0.117768 0.00998537 0.0166362 0
4.301 59 0.276415 0.000306209 0.011045 0
4.301 60 0.175305 0.0139305 0.00765345 0
4.301 61 0.0648636 0.0176999 0.0188542 0
4.301 62 0.276967 0.00262814 0.0148486 0
4.301 63 0.0192504 0.00117583 0.0165185 0
4.301 64 0.256055 0.0145261 0.0156917 0
4.301 65 0.158717 0.0178356 0.0194723 0
4.301 66 0.162359 0.00776001 0.0106787 0
4.301 67 0.129197 0.0098798 0.0189326 0
4.301 68 0.0101159 0.0163552 0.016447 0
4.301 69 0.231206 0.0130248 0.00601524 0
4.301 70 0.199518 0.000203586 0.0179163 0
4.301 71 0.1689 0.0191672 0.0180886 0
4.301 72 0.179513 0.0175199 0.0044942 0
4.301 73 0.11831 0.0106839 0.016862 0
4.301 74 0.0192289 0.0101744 0.0172372 0
4.301 75 0.281471 0.00980359 0.013765 0
4.401 51 0.18904 0.014041 0.00884743 0
4.401 52 0.0431243 0.0100692 0.0107695 0
4.401 53 0.31808 0.00635957 0.00576413 0
4.401 54 0.196589 0.00617093 0.0192074 0
4.401 55 0.0416279 0.0175255 0.00191639 0
4.401 56 0.0806177 0.0183813 0.0127492 0
4.401 57 0.0252087 0.00226298 0.0140165 0
4.401 58 0.136678 0.010127 0.0173115 0
4.401 59 0.295443 0.000318633 0.0114632 0
4.401 60 0.194356 0.0137945 0.00828154 0
4.401 61 0.0837878 0.017792 0.0193948 0
4.401 62 0.295922 0.00239906 0.015204 0
4.401 63 0.000219935 0.00071901 0.016023 0
4.401 64 0.27512 0.0145218 0.016419 0
4.401 65 0.139615 0.0185094 0.0192568 0
4.401 66 0.181452 0.00775822 0.0106117 0
4.401 67 0.148203 0.0100718 0.0181062 0
4.401 68 0.0292677 0.0162063 0.0170838 0
4.401 69 0.250223 0.0132288 0.00689466 1.30441e-08
4.401 70 0.218593 1.6351e-05 0.0168198 1.30441e-08
4.401 71 0.149846 0.0190798 0.0191909 1.30441e-08
4.401 72 0.198658 0.0166251 0.00456882 1.30441e-08
4.401 73 0.0991911 0.0105877 0.0183294 1.30441e-08
4.401 74 0.0381988 0.00991886 0.0184309 1.30441e-08
4.401 75 0.300541 0.00969784 0.0124896 1.30441e-08
4.501 51 0.208009 0.0141893 0.0101667 0
4.501 52 0.0240828 0.00961641 0.011695 0
4.501 53 0.337116 0.00521533 0.00665058 0
4.501 54 0.21557 0.00670209 0.0198822 0
4.501 55 0.02262 0.0179822 0.00282913 0
4.501 56 0.099706 0.0181084 0.013817 0
4.501 57 0.00605892 0.00211554 0.0153334 0
4.501 58 0.155751 0.0100527 0.0181874 0
4.501 59 0.314446 0.000620137 0.012481 0
4.501 60 0.213462 0.013987 0.00877918 0
4.501 61 0.102823 0.0175858 0.0183345 0
4.501 62 0.314919 0.0034736 0.0163463 0
4.501 63 0.0189415 0.000402776 0.0149622 0
4.501 64 0.294017 0.0140581 0.0180958 0
4.501 65 0.120622 0.0182889 0.0179723 0
4.501 66 0.200483 0.00791174 0.0116958 0
4.501 67 0.167267 0.0095683 0.0170598 0
4.501 68 0.0483108 0.016159 0.0180931 0
4.501 69 0.269294 0.0137127 0.00803574 0
4.501 70 0.237703 0.000378265 0.0158426 0
4.501 71 0.130796 0.0189213 0.0197039 0
4.501 72 0.217804 0.0166246 0.00481681 0
4.501 73 0.0801182 0.0111161 0.0196816 0
4.501 74 0.0572462 0.00984696 0.0192264 0
4.501 75 0.319716 0.00928148 0.0119915 0
4.601 51 0.227083 0.0144434 0.0116338 0
4.601 52 0.00508666 0.00911152 0.0128326 0
4.601 53 0.356158 0.00436511 0.00697267 0
4.601 54 0.234737 0.00561809 0.018781 0
4.601 55 0.00365664 0.0180943 0.00442496 0
4.601 56 0.11869 0.0184153 0.0152952 0
4.601 57 0.0132527 0.00171812 0.0159253 0
4.601 58 0.174805 0.00985404 0.0192653 0
4.601 59 0.333445 0.00137175 0.0140874 0
4.601 60 0.232477 0.0134647 0.00917074 0
4.601 61 0.121937 0.0173708 0.0175267 0
4.601 62 0.334009 0.00365535 0.0175945 0
4.601 63 0.0379196 0.000354518 0.0137053 0
4.601 64 0.313025 0.013882 0.018917 0
4.601 65 0.101563 0.0184734 0.0174761 0
4.601 66 0.219502 0.00743926 0.0126351 0
4.601 67 0.186324 0.00993488 0.0169233 0
4.601 68 0.0673264 0.0161523 0.0192371 0
4.601 69 0.288351 0.0138563 0.00805095 0
4.601 70 0.256618 0.000449639 0.0143157 0
4.601 71 0.111713 0.0194537 0.0191495 0
4.601 72 0.236806 0.0169086 0.0058119 0
4.601 73 0.0610503 0.0113371 0.0194063 0
4.601 74 0.0762362 0.010653 0.0198388 0
4.601 75 0.338759 0.00920137 0.0104436 0
4.701 51 0.246103 0.0140708 0.0124323 0
4.701 52 0.0143123 0.00957769 0.0128077 0
4.701 53 0.375319 0.00463107 0.00749256 0
4.701 54 0.253738 0.00595598 0.017468 0
4.701 55 0.0154746 0.0178828 0.00527957 0
4.701 56 0.13777 0.0182601 0.0163748 0
4.701 57 0.0322378 0.00226082 0.0173556 0
4.701 58 0.19377 0.00970804 0.0189741 0
4.701 59 0.352363 0.00187108 0.0152654 0
4.701 60 0.251516 0.0138388 0.0100444 0
4.701 61 0.140918 0.0171219 0.0166619 0
4.701 62 0.353052 0.00344013 0.0188148 0
4.701 63 0.0569917 0.000713729 0.0132538 0
4.701 64 0.331979 0.0142146 0.0198816 0
4.701 65 0.0826585 0.0182821 0.0161535 0
4.701 66 0.238549 0.00737751 0.0130061 0
4.701 67 0.205385 0.010343 0.0166139 0
4.701 68 0.0863527 0.0167612 0.0196744 0
4.701 69 0.307415 0.0141113 0.00883708 0
4.701 70 0.275632 0.000486876 0.0136947 0
4.701 71 0.092782 0.0192988 0.0184451 0
4.701 72 0.255888 0.0172334 0.00698363 0
4.701 73 0.0419929 0.0113068 0.0183627 0
4.701 74 0.0952442 0.0107814 0.0186373 0
4.701 75 0.357851 0.00864296 0.00969324 0
4.801 51 0.265118 0.0140916 0.0135191 0
4.801 52 0.0334196 0.0093547 0.0144213 0
4.801 53 0.394417 0.00388603 0.00828663 0
4.801 54 0.272782 0.00653187 0.017063 0
4.801 55 0.0345918 0.0182478 0.00599351 0
4.801 56 0.156746 0.0176014 0.0181327 0
4.801 57 0.0512789 0.00241671 0.0187159 0
4.801 58 0.212833 0.0096972 0.0182847 0
4.801 59 0.371446 0.00130037 0.0161095 0
4.801 60 0.27068 0.0142744 0.0112455 0
4.801 61 0.15997 0.0172283 0.0164467 0
4.801 62 0.372116 0.00345026 0.0196371 0
4.801 63 0.0758951 0.00082309 0.0117231 0
4.801 64 0.351014 0.0150784 0.0191467 0
4.801 65 0.0636396 0.0180105 0.0147693 0
4.801 66 0.257508 0.00754656 0.014596 0
4.801 67 0.224389 0.00997971 0.0149635 0
4.801 68 0.105274 0.0174019 0.0183696 0
4.801 69 0.326457 0.0144399 0.0100977 0
4.801 70 0.294621 0.000284837 0.0126358 0
4.801 71 0.0737456 0.019439 0.0176227 0
4.801 72 0.274866 0.0180343 0.00703946 0
4.801 73 0.0228801 0.0109084 0.018122 0
4.801 74 0.114226 0.0113855 0.0176354 0
4.801 75 0.376838 0.00855543 0.00892638 0
4.901 51 0.284266 0.0148073 0.0143502 0
4.901 52 0.0524675 0.0101828 0.0146887 0
4.901 53 0.413481 0.00396833 0.00937018 0
4.901 54 0.29185 0.0063186 0.0161866 0
4.901 55 0.0537613 0.0181865 0.0068995 0
4.901 56 0.175737 0.0173219 0.0195471 0
4.901 57 0.0704501 0.00286511 0.0197629 0
4.901 58 0.231861 0.00995282 0.0177498 0
4.901 59 0.390575 0.000946944 0.0169269 0
4.901 60 0.289634 0.014439 0.0125343 0
4.901 61 0.17901 0.0168119 0.0158023 0
4.901 62 0.39106 0.00344878 0.0195667 0
4.901 63 0.0949711 0.000642556 0.0110923 0
4.901 64 0.370145 0.0147098 0.0180208 0
4.901 65 0.0447101 0.0177262 0.0133154 0
4.901 66 0.2764 0.00800227 0.0160401 0
4.901 67 0.243417 0.00998635 0.0135775 0
4.901 68 0.124328 0.017467 0.0178124 0
4.901 69 0.345416 0.0138244 0.0112528 0
4.901 70 0.313676 0.00132808 0.011774 0
4.901 71 0.0548102 0.0199374 0.0160448 0
4.901 72 0.29399 0.0177321 0.00812768 0
4.901 73 0.00383717 0.010922 0.0167014 0
4.901 74 0.133313 0.0114985 0.0169013 0
4.901 75 0.395881 0.00880764 0.00766818 0
