0.001 51 0.422951 0.0129626 0.0100439 0
0.001 52 0.324631 0.0125861 0.0157997 0
0.001 53 0.178332 0.0149712 0.0175279 0
0.001 54 0.212134 0.00601625 0.0187551 0
0.001 55 0.244257 0.0169566 0.00875359 0
0.101 51 0.441976 0.0128167 0.0103961 0
0.101 52 0.343588 0.012516 0.0164528 0
0.101 53 0.197322 0.0152467 0.0187883 0
0.101 54 0.231263 0.0052543 0.0191583 0
0.101 55 0.26329 0.0168145 0.00970097 0
0.201 51 0.460931 0.0135255 0.0104337 0
0.201 52 0.362622 0.0130056 0.0170431 0
0.201 53 0.216305 0.0156187 0.0194285 0
0.201 54 0.250308 0.00593314 0.0192874 0
0.201 55 0.282354 0.0161994 0.0102139 0
0.301 51 0.479866 0.0137741 0.0115571 0
0.301 52 0.381639 0.012902 0.0175594 0
0.301 53 0.23536 0.0156276 0.01911 0
0.301 54 0.269404 0.00571432 0.0178554 0
0.301 55 0.301453 0.0163349 0.0111577 0
0.401 51 0.49893 0.0133475 0.0118518 0
0.401 52 0.40067 0.0127848 0.0186579 0
0.401 53 0.254407 0.0151691 0.0178442 0
0.401 54 0.288452 0.0051997 0.0170574 0
0.401 55 0.320403 0.0172919 0.0124278 0
0.501 51 0.481719 0.0135316 0.0123952 0
0.501 52 0.419745 0.0126836 0.0194959 0
0.501 53 0.273417 0.014754 0.0164928 0
0.501 54 0.307648 0.00464623 0.0170794 0
0.501 55 0.339456 0.0167978 0.0136722 0
0.601 51 0.462643 0.0139286 0.0133706 0
0.601 52 0.438765 0.0129095 0.0189296 0
0.601 53 0.292483 0.014633 0.0152719 0
0.601 54 0.326822 0.00463149 0.0161661 0
0.601 55 0.358581 0.0165069 0.0144349 0
0.701 51 0.443601 0.013849 0.0148097 0
0.701 52 0.457755 0.0134317 0.0179739 0
0.701 53 0.311516 0.0146132 0.014199 0
0.701 54 0.345952 0.00458559 0.0153916 0
0.701 55 0.377509 0.016825 0.0161317 0
0.801 51 0.424599 0.0139952 0.0153808 0
0.801 52 0.476742 0.0136394 0.0159559 0
0.801 53 0.330503 0.0146758 0.0132691 0
0.801 54 0.364996 0.0047441 0.0141277 0
0.801 55 0.396599 0.0164041 0.0167619 0
0.901 51 0.405586 0.0148262 0.0165625 0
0.901 52 0.495816 0.0132575 0.0155568 0
0.901 53 0.349621 0.0148716 0.0117859 0
0.901 54 0.384175 0.00512908 0.0132271 0
0.901 55 0.41577 0.0162957 0.017377 0
1.001 51 0.386571 0.0156625 0.0179234 0
1.001 52 0.485087 0.0129189 0.0146106 0
1.001 53 0.368687 0.0147763 0.0107971 0
1.001 54 0.403141 0.00517185 0.0116174 0
1.001 55 0.434911 0.0160332 0.0175254 0
1.101 51 0.367509 0.015295 0.0187451 0
1.101 52 0.466124 0.0130556 0.0132284 0
1.101 53 0.387882 0.014752 0.0103397 0
1.101 54 0.422275 0.00502599 0.0110492 0
1.101 55 0.453929 0.0156792 0.0189998 0
1.201 51 0.348567 0.0150707 0.0195674 0
1.201 52 0.447061 0.0125873 0.0122553 0
1.201 53 0.406879 0.0148508 0.00894342 0
1.201 54 0.441321 0.00376532 0.0100816 0
1.201 55 0.472879 0.0154459 0.0194827 0
1.301 51 0.329548 0.0149465 0.0189896 0
1.301 52 0.428059 0.012704 0.0112817 0
1.301 53 0.425886 0.015464 0.00754023 0
1.301 54 0.460347 0.00397118 0.00994829 0
1.301 55 0.491999 0.0154993 0.0188376 0
1.401 51 0.310521 0.015529 0.0177172 0
1.401 52 0.408991 0.012533 0.0101866 0
1.401 53 0.444905 0.0154765 0.00713026 0
1.401 54 0.479367 0.00338186 0.00908823 0
1.401 55 0.488556 0.0162775 0.0178082 0
1.501 51 0.291435 0.0151196 0.0164364 0
1.501 52 0.390026 0.0120381 0.0087199 0
1.501 53 0.463959 0.01543 0.00611643 0
1.501 54 0.49843 0.00257617 0.00818144 0
1.501 55 0.469477 0.0165197 0.0169644 0
1.601 51 0.272394 0.0149681 0.0148587 0
1.601 52 0.371 0.0122295 0.00803228 0
1.601 53 0.48298 0.0151362 0.00523536 0
1.601 54 0.482504 0.00257667 0.00755564 0
1.601 55 0.450495 0.017347 0.0158907 0
1.701 51 0.253369 0.014876 0.0141902 0
1.701 52 0.351842 0.0121453 0.00751349 0
1.701 53 0.497567 0.0153952 0.00397107 0
1.701 54 0.463615 0.00286728 0.00671449 0
1.701 55 0.431526 0.0170585 0.0151766 0
1.801 51 0.234307 0.0147945 0.0125185 0
1.801 52 0.332902 0.0131107 0.00568407 0
1.801 53 0.47848 0.0156739 0.00380909 0
1.801 54 0.444604 0.00261398 0.00639656 0
1.801 55 0.4124 0.0169055 0.0140572 0
1.901 51 0.215314 0.0145627 0.0110125 0
1.901 52 0.313988 0.0129696 0.0050565 0
1.901 53 0.45937 0.0155154 0.00292605 0
1.901 54 0.42551 0.00239967 0.00495374 0
1.901 55 0.393339 0.0170609 0.0134261 0
2.001 51 0.19632 0.0149691 0.0099584 0
2.001 52 0.294959 0.0131615 0.00434507 0
2.001 53 0.440322 0.0152342 0.00234598 0
2.001 54 0.406571 0.00287128 0.00422168 0
2.001 55 0.374281 0.0172614 0.0124437 0
2.101 51 0.17725 0.014759 0.00912987 0
2.101 52 0.275833 0.0129882 0.00287568 0
2.101 53 0.421438 0.0150066 0.000911747 0
2.101 54 0.387551 0.00229558 0.00355237 0
2.101 55 0.355228 0.0177726 0.0116585 0
2.201 51 0.158307 0.0152621 0.00819651 0
2.201 52 0.256817 0.0124894 0.00176272 1.3568e-08
2.201 53 0.40239 0.0148864 0.000336966 1.3568e-08
2.201 54 0.368455 0.00267964 0.0020423 1.3568e-08
2.201 55 0.336146 0.0175309 0.0108696 1.3568e-08
2.301 51 0.139243 0.0150516 0.00648622 0
2.301 52 0.237743 0.0121124 0.000616334 0
2.301 53 0.383376 0.0145076 0.00150026 0
2.301 54 0.34945 0.00284112 0.00144889 0
2.301 55 0.317094 0.0175656 0.0110323 0
2.401 51 0.120295 0.0154987 0.00587213 0
2.401 52 0.218767 0.0118679 0.00057437 0
2.401 53 0.364287 0.014242 0.00274843 0
2.401 54 0.330338 0.00253113 7.77899e-05 0
2.401 55 0.298115 0.0175199 0.0103036 0
2.501 51 0.101184 0.0151647 0.00460983 0
2.501 52 0.199737 0.011793 0.00155462 0
2.501 53 0.345296 0.0154039 0.00447253 0
2.501 54 0.3112 0.00275327 0.00114435 0
2.501 55 0.279193 0.017975 0.00860736 0
2.601 51 0.0820424 0.014675 0.00401864 0
2.601 52 0.180709 0.0120547 0.00312555 0
2.601 53 0.326277 0.0159316 0.0058415 0
2.601 54 0.292104 0.00333464 0.00270035 0
2.601 55 0.260239 0.0182999 0.0064645 0
2.701 51 0.0631576 0.014471 0.0036336 0
2.701 52 0.161707 0.0123975 0.00415388 0
2.701 53 0.307338 0.0164984 0.00750109 0
2.701 54 0.27305 0.0037664 0.00374665 0
2.701 55 0.241224 0.0182165 0.00541676 0
2.801 51 0.0440762 0.0143569 0.00217086 0
2.801 52 0.142602 0.0122045 0.00537581 0
2.801 53 0.288315 0.0163184 0.00846306 0
2.801 54 0.253972 0.00339517 0.00553617 8.40285e-09
2.801 55 0.222101 0.0177379 0.00409635 8.40285e-09
2.901 51 0.0249382 0.0143777 0.00173907 0
2.901 52 0.123514 0.0119314 0.00621134 0
2.901 53 0.269217 0.0165923 0.00965216 0
2.901 54 0.234968 0.00361589 0.00657018 0
2.901 55 0.203107 0.0184729 0.00298942 0
3.001 51 0.00601856 0.0144472 0.00106007 0
3.001 52 0.10457 0.0112123 0.00725685 0
3.001 53 0.250207 0.0167534 0.00978739 0
3.001 54 0.215912 0.00366606 0.00785832 0
3.001 55 0.184014 0.0183792 0.00171496 0
3.101 51 0.0133579 0.0141001 6.64539e-05 0
3.101 52 0.0856301 0.0109781 0.00836817 0
3.101 53 0.231259 0.0162485 0.0114303 0
3.101 54 0.196816 0.0033778 0.00841647 0
3.101 55 0.165021 0.0185952 0.000965133 0
3.201 51 0.0324401 0.0142257 0.00100666 0
3.201 52 0.0666376 0.0103908 0.00929676 0
3.201 53 0.212199 0.0159336 0.0124406 0
3.201 54 0.177764 0.00323933 0.00988405 0
3.201 55 0.145978 0.0186007 0.000136711 0
3.301 51 0.0515125 0.0145017 0.00193877 0
3.301 52 0.0477371 0.0105092 0.0103361 0
3.301 53 0.193174 0.01591 0.0134512 0
3.301 54 0.158656 0.0034617 0.0107319 0
3.301 55 0.126983 0.0189271 0.00106861 0
3.401 51 0.0707202 0.0148904 0.00185479 0
3.401 52 0.0287549 0.0103819 0.0112669 0
3.401 53 0.174218 0.0157702 0.0146797 0
3.401 54 0.139677 0.00281425 0.0113335 0
3.401 55 0.107765 0.019056 0.0018553 0
3.501 51 0.0898982 0.0145437 0.00212933 0
3.501 52 0.00977455 0.0110724 0.012158 0
3.501 53 0.155266 0.0152908 0.0159758 0
3.501 54 0.120623 0.00267398 0.0118743 0
3.501 55 0.0886742 0.0189974 0.00242633 0
3.601 51 0.108956 0.0141072 0.00295256 0
3.601 52 0.009401 0.0106246 0.0136976 0
3.601 53 0.136141 0.0153701 0.0172242 0
3.601 54 0.101646 0.00258137 0.0128939 0
3.601 55 0.0696269 0.0191386 0.00249253 0
3.701 51 0.127944 0.0138777 0.00395018 0
3.701 52 0.0282343 0.0107619 0.0153969 0
3.701 53 0.117124 0.0155866 0.0174367 0
3.701 54 0.0825721 0.0023818 0.0136359 0
3.701 55 0.0505525 0.0183743 0.00371141 0
3.801 51 0.146891 0.0134062 0.00486813 0
3.801 52 0.0472516 0.0111496 0.0164187 0
3.801 53 0.0979871 0.0158098 0.0178828 0
3.801 54 0.0635235 0.00191358 0.0147705 0
3.801 55 0.0314381 0.0183189 0.00514674 0
3.901 51 0.166001 0.0127941 0.00532299 0
3.901 52 0.0661857 0.011207 0.0183209 0
3.901 53 0.0789206 0.015999 0.0178368 0
3.901 54 0.0446371 0.00150053 0.0163618 0
3.901 55 0.0124413 0.0181613 0.00645319 0
4.001 51 0.184998 0.0128178 0.00632678 0
4.001 52 0.0852642 0.0114606 0.0195972 0
4.001 53 0.0599934 0.0163476 0.0193275 0
4.001 54 0.0255632 0.00152864 0.0176293 0
4.001 55 0.00681001 0.0183083 0.00743244 0
4.101 51 0.203971 0.0132747 0.00665738 0
4.101 52 0.104252 0.0114874 0.0190134 0
4.101 53 0.0409058 0.0164243 0.0192046 0
4.101 54 0.00656152 0.00202724 0.0191144 0
4.101 55 0.0257684 0.0183894 0.00787496 0
4.201 51 0.222978 0.0132052 0.00791977 0
4.201 52 0.123272 0.0103851 0.018023 0
4.201 53 0.0217572 0.0161442 0.0182913 0
4.201 54 0.012561 0.00282997 0.0193732 0
4.201 55 0.0447531 0.0195297 0.00879346 0
4.301 51 0.242025 0.0132879 0.00837684 0
4.301 52 0.142321 0.0101083 0.0171769 0
4.301 53 0.00279023 0.0158048 0.0168611 0
4.301 54 0.0317055 0.00266177 0.0180846 0
4.301 55 0.0637971 0.0190378 0.00980725 0
4.401 51 0.261093 0.0134509 0.00941979 0
4.401 52 0.161354 0.0103967 0.0157885 0
4.401 53 0.0165203 0.0156445 0.0152066 0
4.401 54 0.0508241 0.00199526 0.0175433 0
4.401 55 0.0827888 0.0188652 0.0110181 0
4.501 51 0.28009 0.0134209 0.010667 0
4.501 52 0.180286 0.0105079 0.014709 0
4.501 53 0.035562 0.0153464 0.0142377 0
4.501 54 0.0698525 0.00253233 0.0174521 0
4.501 55 0.101716 0.0185724 0.0121199 0
4.601 51 0.299175 0.0130116 0.0113865 0
4.601 52 0.199403 0.0110159 0.0140573 0
4.601 53 0.0546697 0.0152435 0.0137638 0
4.601 54 0.0889164 0.00291487 0.0168375 0
4.601 55 0.120802 0.0179432 0.0127005 0
4.701 51 0.318343 0.0134871 0.0124519 0
4.701 52 0.218432 0.0105095 0.0131048 0
4.701 53 0.0736302 0.0142685 0.0122218 0
4.701 54 0.107908 0.00275159 0.0153891 0
4.701 55 0.139782 0.0183144 0.0138908 0
4.801 51 0.337443 0.0140997 0.0137901 0
4.801 52 0.237501 0.0116552 0.0121915 0
4.801 53 0.0925831 0.015062 0.0107623 0
4.801 54 0.126908 0.00227255 0.0150432 0
4.801 55 0.158778 0.0181992 0.0149916 0
4.901 51 0.356608 0.0136546 0.0140048 0
4.901 52 0.256576 0.0119768 0.0106208 0
4.901 53 0.111697 0.0161485 0.0100579 0
4.901 54 0.145926 0.00233687 0.013774 0
4.901 55 0.177875 0.0183533 0.0158073 0
