0.001 51 0.417056 0.0136676 0.017964 0
0.001 52 0.419829 0.00654246 0.0179727 0
0.001 53 0.038824 0.0168396 0.0117787 0
0.001 54 0.219917 0.011501 0.00796125 0
0.001 55 0.231395 0.0116049 0.00243777 0
0.001 56 0.286844 0.0189174 0.0165272 0
0.001 57 0.398341 0.00516351 0.019832 0
0.001 58 0.0872572 0.0126797 0.00592692 0
0.001 59 0.324308 0.0184031 0.00248797 0
0.001 60 0.319899 0.0088513 0.0018558 0
0.101 51 0.436136 0.0144987 0.0195285 0
0.101 52 0.438751 0.00647748 0.0192696 0
0.101 53 0.0578317 0.0182385 0.0128225 0
0.101 54 0.238901 0.0114292 0.0100563 0
0.101 55 0.250538 0.0119216 0.00323407 5.23997e-08
0.101 56 0.305945 0.0190056 0.0180552 5.23997e-08
0.101 57 0.417364 0.00523041 0.0183162 5.23997e-08
0.101 58 0.106289 0.0122697 0.00704997 5.23997e-08
0.101 59 0.343426 0.0183357 0.0037052 5.23997e-08
0.101 60 0.338894 0.00959995 0.00385719 5.23997e-08
0.201 51 0.455102 0.0137843 0.0190938 0
0.201 52 0.457752 0.00631051 0.0192519 0
0.201 53 0.0770036 0.0188443 0.0127908 0
0.201 54 0.257925 0.0123041 0.011724 0
0.201 55 0.269521 0.0112875 0.00404464 0
0.201 56 0.324861 0.0192149 0.0192903 0
0.201 57 0.436306 0.00505069 0.0177142 0
0.201 58 0.125238 0.0120378 0.00789516 0
0.201 59 0.362393 0.0189876 0.00473661 0
0.201 60 0.357901 0.00927173 0.00541302 0
0.301 51 0.474058 0.0140215 0.0177791 0
0.301 52 0.476808 0.006118 0.0180953 0
0.301 53 0.0960792 0.0189649 0.0146265 0
0.301 54 0.27689 0.0121941 0.0131498 0
0.301 55 0.288648 0.0106991 0.00465851 0
0.301 56 0.343956 0.0190322 0.0194473 0
0.301 57 0.455332 0.00519565 0.0166968 0
0.301 58 0.144299 0.0118076 0.00888973 0
0.301 59 0.381449 0.0187205 0.00600319 0
0.301 60 0.376904 0.00945203 0.00614782 0
0.401 51 0.493153 0.0135445 0.0174487 0
0.401 52 0.495812 0.00673463 0.0166508 0
0.401 53 0.115083 0.018869 0.0154961 0
0.401 54 0.295719 0.0117183 0.0140954 0
0.401 55 0.307795 0.0107357 0.00493919 0
0.401 56 0.362983 0.0193351 0.0193241 0
0.401 57 0.474446 0.00587143 0.0162702 0
0.401 58 0.163455 0.0126668 0.010014 0
0.401 59 0.400425 0.0192692 0.00668186 0
0.401 60 0.395952 0.00933791 0.00758704 0
0.501 51 0.487719 0.0134729 0.0167776 0
0.501 52 0.48507 0.00637997 0.0157277 0
0.501 53 0.134141 0.0190227 0.0165767 0
0.501 54 0.314762 0.0118147 0.0152346 0
0.501 55 0.326828 0.0109597 0.00600811 0
0.501 56 0.381935 0.0187941 0.0180311 0
0.501 57 0.493567 0.00587273 0.0157287 0
0.501 58 0.182396 0.0127561 0.0112325 0
0.501 59 0.41946 0.0189523 0.00715621 0
0.501 60 0.415054 0.00904541 0.00838387 0
0.601 51 0.468773 0.0131672 0.0159585 0
0.601 52 0.466045 0.00568429 0.0146963 0
0.601 53 0.153241 0.0188924 0.0175637 0
0.601 54 0.333822 0.011723 0.0165978 0
0.601 55 0.345846 0.0113661 0.00642818 0
0.601 56 0.400978 0.0190765 0.0176514 0
0.601 57 0.487126 0.00606038 0.0151527 0
0.601 58 0.201453 0.0125485 0.0117396 0
0.601 59 0.438508 0.0186105 0.00829895 0
0.601 60 0.434041 0.00880515 0.009583 0
0.701 51 0.449777 0.0124546 0.0147117 0
0.701 52 0.447072 0.00562173 0.0147207 0
0.701 53 0.172162 0.0178847 0.0191937 0
0.701 54 0.352845 0.0115129 0.0178329 0
0.701 55 0.364803 0.0118728 0.00770989 0
0.701 56 0.420005 0.0194149 0.0163896 0
0.701 57 0.468111 0.00666424 0.0148412 0
0.701 58 0.22043 0.0120591 0.0124676 0
0.701 59 0.457678 0.0186968 0.00901019 0
0.701 60 0.453049 0.00865682 0.0109846 0
0.801 51 0.430749 0.0120725 0.0131575 0
0.801 52 0.427981 0.00561883 0.0138372 0
0.801 53 0.191247 0.017907 0.0194355 0
0.801 54 0.371843 0.011101 0.0189844 0
0.801 55 0.383807 0.0113588 0.00844172 0
0.801 56 0.438978 0.0195777 0.0158055 0
0.801 57 0.449226 0.00653564 0.0132287 0
0.801 58 0.239486 0.0121658 0.0129704 0
0.801 59 0.476762 0.0183694 0.00985342 0
0.801 60 0.472001 0.00791868 0.0117009 0
0.901 51 0.411825 0.0106467 0.0121357 0
0.901 52 0.409077 0.00548359 0.0129193 0
0.901 53 0.210183 0.0177746 0.0175859 0
0.901 54 0.390916 0.0113236 0.019706 0
0.901 55 0.402863 0.0119398 0.00945665 0
0.901 56 0.45798 0.0184493 0.0140895 0
0.901 57 0.430076 0.0062018 0.0123081 0
0.901 58 0.258426 0.0119899 0.0139265 0
0.901 59 0.495804 0.0182778 0.0103092 0
0.901 60 0.491083 0.0080213 0.012108 0
1.001 51 0.392799 0.0107049 0.0111135 0
1.001 52 0.390045 0.00559607 0.0118137 0
1.001 53 0.229277 0.0175835 0.0159763 0
1.001 54 0.409856 0.0120467 0.0186522 0
1.001 55 0.421964 0.0119034 0.00956802 0
1.001 56 0.476898 0.0185882 0.0127021 0
1.001 57 0.411051 0.00619298 0.012001 0
1.001 58 0.277489 0.0121127 0.0151538 0
1.001 59 0.48482 0.0178344 0.0112777 0
1.001 60 0.489616 0.00810636 0.0137024 0
1.101 51 0.373731 0.010068 0.0104377 0
1.101 52 0.370896 0.0055037 0.0109847 0
1.101 53 0.248406 0.0176735 0.014854 0
1.101 54 0.428917 0.01144 0.017428 0
1.101 55 0.440938 0.0122285 0.0106651 0
1.101 56 0.495974 0.0189737 0.0113633 0
1.101 57 0.391957 0.00683667 0.010896 0
1.101 58 0.296596 0.0113529 0.0157571 0
1.101 59 0.46568 0.0180403 0.0118557 0
1.101 60 0.470593 0.00834059 0.0143458 0
1.201 51 0.354745 0.0107727 0.00975797 0
1.201 52 0.351924 0.00599132 0.00968543 0
1.201 53 0.267459 0.0172851 0.0143848 0
1.201 54 0.448055 0.011393 0.0166053 0
1.201 55 0.45988 0.0127218 0.0110207 0
1.201 56 0.484811 0.0192932 0.0101251 0
1.201 57 0.373029 0.00616285 0.00968544 0
1.201 58 0.315668 0.0117757 0.0173892 0
1.201 59 0.446649 0.018056 0.0128454 0
1.201 60 0.451605 0.00797581 0.015215 0
1.301 51 0.335681 0.0102142 0.00916982 0
1.301 52 0.332825 0.00623164 0.00807957 0
1.301 53 0.286623 0.0173671 0.0145529 0
1.301 54 0.467151 0.0115667 0.0163708 0
1.301 55 0.478858 0.0125648 0.0122213 0
1.301 56 0.465787 0.0196344 0.00917849 0
1.301 57 0.35397 0.00636336 0.00898869 0
1.301 58 0.334755 0.0114076 0.0184403 0
1.301 59 0.427547 0.0175681 0.0140965 0
1.301 60 0.432486 0.00752785 0.0163491 0
1.401 51 0.316669 0.0108439 0.00813939 0
1.401 52 0.313874 0.00620677 0.00730397 0
1.401 53 0.305625 0.0172064 0.0129427 0
1.401 54 0.486349 0.0117797 0.0161521 0
1.401 55 0.497948 0.0132014 0.01312 0
1.401 56 0.446782 0.0196282 0.00782155 0
1.401 57 0.334905 0.00656696 0.00836921 0
1.401 58 0.353819 0.0117593 0.0187079 0
1.401 59 0.408541 0.017655 0.0151711 0
1.401 60 0.413414 0.00711944 0.0171551 0
1.501 51 0.297554 0.0105414 0.00713067 0
1.501 52 0.294837 0.00624657 0.0052879 0
1.501 53 0.324596 0.0177059 0.0117311 0
1.501 54 0.494391 0.0117509 0.0147342 0
1.501 55 0.482757 0.0131813 0.0144935 0
1.501 56 0.427747 0.0197404 0.00653785 0
1.501 57 0.315788 0.00623858 0.00765938 0
1.501 58 0.372859 0.0121909 0.0198353 0
1.501 59 0.389512 0.0177784 0.0160143 0
1.501 60 0.394308 0.00730874 0.0179966 0
1.601 51 0.278592 0.0105198 0.00627316 0
1.601 52 0.275794 0.00665479 0.00435302 0
1.601 53 0.343534 0.0177102 0.0102275 0
1.601 54 0.475318 0.0122246 0.014224 0
1.601 55 0.463782 0.0128274 0.0157863 0
1.601 56 0.408809 0.0191203 0.00500835 0
1.601 57 0.296669 0.00605895 0.00731765 0
1.601 58 0.391789 0.0123281 0.0189887 0
1.601 59 0.370426 0.0172971 0.0167183 0
1.601 60 0.375204 0.0072565 0.0190612 0
1.701 51 0.259561 0.0100384 0.00447642 0
1.701 52 0.256821 0.00722078 0.0034924 1.13884e-08
1.701 53 0.362544 0.0180519 0.00948031 1.13884e-08
1.701 54 0.456321 0.0130843 0.0131965 1.13884e-08
1.701 55 0.444709 0.0130572 0.0170339 1.13884e-08
1.701 56 0.389722 0.0188216 0.00358322 1.13884e-08
1.701 57 0.277612 0.00617195 0.00691512 1.13884e-08
1.701 58 0.410875 0.0123372 0.017623 1.13884e-08
1.701 59 0.351356 0.0176112 0.0183966 1.13884e-08
1.701 60 0.356242 0.00777226 0.0190633 1.13884e-08
1.801 51 0.24063 0.00970174 0.00313172 7.74513e-09
1.801 52 0.237776 0.00788093 0.00264351 7.74513e-09
1.801 53 0.381675 0.0178729 0.00831588 7.74513e-09
1.801 54 0.437313 0.0136246 0.0118118 7.74513e-09
1.801 55 0.425685 0.0133461 0.0174471 7.74513e-09
1.801 56 0.370739 0.0195374 0.00285241 7.74513e-09
1.801 57 0.258429 0.00647035 0.00606734 7.74513e-09
1.801 58 0.429961 0.0124462 0.0168083 7.74513e-09
1.801 59 0.33229 0.0178233 0.0199554 7.74513e-09
1.801 60 0.337181 0.00785277 0.0182856 7.74513e-09
1.901 51 0.221592 0.00958292 0.00198669 0
1.901 52 0.218734 0.00828712 0.00198405 0
1.901 53 0.400712 0.0182216 0.00772973 0
1.901 54 0.418249 0.0134898 0.0111586 0
1.901 55 0.406615 0.0135132 0.0180532 0
1.901 56 0.35182 0.0191446 0.00121322 0
1.901 57 0.239333 0.00583864 0.0052384 0
1.901 58 0.44901 0.0126084 0.0167455 0
1.901 59 0.313159 0.0184502 0.0194049 0
1.901 60 0.318177 0.00797405 0.0167238 0
2.001 51 0.202444 0.0098732 0.00105782 0
2.001 52 0.199642 0.008435 0.00100963 0
2.001 53 0.419802 0.0180506 0.00695714 0
2.001 54 0.399257 0.0133521 0.0105708 0
2.001 55 0.387509 0.0129855 0.0187057 0
2.001 56 0.33275 0.018922 0.000165561 0
2.001 57 0.220326 0.00608307 0.00460893 0
2.001 58 0.468026 0.0126282 0.015393 0
2.001 59 0.29412 0.0180884 0.0190804 0
2.001 60 0.299187 0.0071364 0.0152897 0
2.101 51 0.183419 0.00984801 0.000615666 0
2.101 52 0.180745 0.00809556 0.0013968 0
2.101 53 0.438758 0.0186036 0.00541563 0
2.101 54 0.380256 0.0132671 0.01 0
2.101 55 0.368441 0.0123274 0.0195934 0
2.101 56 0.313674 0.0188656 0.000697418 0
2.101 57 0.201241 0.00580793 0.00342471 0
2.101 58 0.487209 0.0124779 0.0148104 0
2.101 59 0.27502 0.0182327 0.0185435 0
2.101 60 0.280133 0.00723516 0.0145513 0
2.201 51 0.164432 0.00954654 0.00187776 0
2.201 52 0.161728 0.00859371 0.00272121 0
2.201 53 0.457863 0.0186928 0.00472226 0
2.201 54 0.361162 0.0127137 0.00986516 0
2.201 55 0.349364 0.0126539 0.0196632 0
2.201 56 0.294596 0.0196568 0.00093933 0
2.201 57 0.182113 0.00562586 0.00171811 0
2.201 58 0.493289 0.0121806 0.0140827 0
2.201 59 0.255888 0.0185291 0.0172971 0
2.201 60 0.261068 0.00777237 0.0139994 0
2.301 51 0.145361 0.00976376 0.00281236 0
2.301 52 0.142701 0.00819599 0.00421194 0
2.301 53 0.476861 0.0181132 0.0036243 0
2.301 54 0.342085 0.0130177 0.00957144 0
2.301 55 0.330279 0.0126965 0.0195076 0
2.301 56 0.275595 0.0197125 0.00166372 0
2.301 57 0.163154 0.00552216 0.000331044 0
2.301 58 0.474252 0.0122175 0.0125911 0
2.301 59 0.236952 0.0178318 0.0164806 0
2.301 60 0.242085 0.00832378 0.012367 0
2.401 51 0.126227 0.00940697 0.00409647 0
2.401 52 0.12369 0.00774877 0.00576713 0
2.401 53 0.495864 0.0177692 0.00198146 0
2.401 54 0.322948 0.01266 0.00939959 0
2.401 55 0.311194 0.0126417 0.0184396 0
2.401 56 0.256629 0.0197151 0.00267244 0
2.401 57 0.144203 0.00595396 0.00151783 0
2.401 58 0.455157 0.0123303 0.012033 0
2.401 59 0.217896 0.0179566 0.0153549 0
2.401 60 0.223054 0.00818023 0.0115619 0
2.501 51 0.107237 0.00964323 0.00516056 0
2.501 52 0.104703 0.00763401 0.00702293 0
2.501 53 0.484794 0.0182857 0.000705373 0
2.501 54 0.303968 0.012411 0.00808129 0
2.501 55 0.292241 0.0129281 0.0174672 0
2.501 56 0.237492 0.0197823 0.00364099 0
2.501 57 0.125196 0.00627674 0.00261601 0
2.501 58 0.436095 0.0121785 0.0107944 0
2.501 59 0.198872 0.0176515 0.013749 0
2.501 60 0.204153 0.0079386 0.0098397 0
2.601 51 0.088107 0.00967728 0.00575955 0
2.601 52 0.0857358 0.00747951 0.00690318 0
2.601 53 0.465763 0.0177037 0.000829717 0
2.601 54 0.28494 0.0124118 0.00661045 0
2.601 55 0.273221 0.0129894 0.0172718 0
2.601 56 0.218453 0.0193305 0.00494542 0
2.601 57 0.106187 0.0059913 0.00404654 0
2.601 58 0.417091 0.0116817 0.00965888 0
2.601 59 0.179822 0.0178995 0.0130643 0
2.601 60 0.185087 0.0078345 0.00897982 0
2.701 51 0.0691435 0.00967747 0.00779302 0
2.701 52 0.0667263 0.00722112 0.00815847 0
2.701 53 0.44668 0.0182893 0.000392695 0
2.701 54 0.266024 0.0118358 0.00505906 0
2.701 55 0.254293 0.0130211 0.0162793 0
2.701 56 0.199469 0.0195191 0.00617512 0
2.701 57 0.0871062 0.00594414 0.00510645 0
2.701 58 0.398073 0.0112736 0.00872332 0
2.701 59 0.160781 0.0172651 0.0124793 0
2.701 60 0.166102 0.00847279 0.00799954 0
2.801 51 0.0500956 0.00911594 0.0086722 0
2.801 52 0.0476007 0.00720505 0.00871645 0
2.801 53 0.427638 0.0189192 0.00128456 0
2.801 54 0.246935 0.0118036 0.00425364 2.46158e-08
2.801 55 0.235287 0.0140405 0.0154637 2.46158e-08
2.801 56 0.180398 0.0198855 0.00708891 2.46158e-08
2.801 57 0.0681338 0.00629197 0.00662263 2.46158e-08
2.801 58 0.37901 0.0109267 0.00827601 2.46158e-08
2.801 59 0.141703 0.0173228 0.0118244 2.46158e-08
2.801 60 0.147159 0.00824535 0.00663188 2.46158e-08
2.901 51 0.0309979 0.00832513 0.00967345 0
2.901 52 0.0286152 0.0072222 0.0102787 0
2.901 53 0.408628 0.0193322 0.00217123 0
2.901 54 0.227931 0.0116526 0.00337411 0
2.901 55 0.216245 0.0129627 0.0145153 0
2.901 56 0.161271 0.0197733 0.0078448 0
2.901 57 0.0491147 0.00585796 0.00721392 0
2.901 58 0.360008 0.0118969 0.00698888 0
2.901 59 0.122672 0.0173045 0.0113396 0
2.901 60 0.128025 0.00861935 0.00601004 0
3.001 51 0.0119247 0.00843428 0.0105148 0
3.001 52 0.00956448 0.00745986 0.0116016 0
3.001 53 0.389669 0.0188441 0.00348553 0
3.001 54 0.208918 0.011772 0.00355874 0
3.001 55 0.197248 0.0137569 0.0139164 0
3.001 56 0.142169 0.0190165 0.0086444 0
3.001 57 0.030134 0.00653091 0.008421 0
3.001 58 0.340922 0.0124895 0.00638449 0
3.001 59 0.10365 0.0173386 0.0099841 0
3.001 60 0.108941 0.00925862 0.00522837 0
3.101 51 0.00740963 0.00868269 0.0125902 0
3.101 52 0.00950302 0.00736877 0.0129704 0
3.101 53 0.370672 0.0182204 0.0042965 0
3.101 54 0.189899 0.0119294 0.00257194 0
3.101 55 0.178126 0.0138224 0.012241 0
3.101 56 0.123203 0.0186241 0.00939778 0
3.101 57 0.0110589 0.00735016 0.00902505 0
3.101 58 0.321902 0.0125807 0.00489549 0
3.101 59 0.0846702 0.0165595 0.00853234 0
3.101 60 0.0899649 0.00880818 0.00383279 0
3.201 51 0.0263525 0.00899325 0.0142042 0
3.201 52 0.0284353 0.00765468 0.0146555 0
3.201 53 0.35169 0.0189152 0.00468792 0
3.201 54 0.170889 0.01193 0.0016168 0
3.201 55 0.159095 0.0141163 0.0117899 0
3.201 56 0.104243 0.0188456 0.0102512 0
3.201 57 0.0082016 0.00833167 0.00982155 0
3.201 58 0.302944 0.0119158 0.00377622 0
3.201 59 0.0656407 0.0169319 0.00792371 0
3.201 60 0.0709484 0.00854882 0.00290007 0
3.301 51 0.0453885 0.0092267 0.0147882 0
3.301 52 0.0475123 0.00707774 0.0156 0
3.301 53 0.332718 0.0194581 0.00523763 0
3.301 54 0.151891 0.012722 0.000698705 0
3.301 55 0.139989 0.0135242 0.011659 0
3.301 56 0.0851735 0.0185755 0.0104674 0
3.301 57 0.0272433 0.00819128 0.0102253 0
3.301 58 0.283871 0.0115275 0.0027893 0
3.301 59 0.0465845 0.0168938 0.00700464 0
3.301 60 0.0518287 0.00818268 0.00219162 0
3.401 51 0.0644878 0.00956632 0.016246 0
3.401 52 0.0666382 0.00798489 0.0164024 0
3.401 53 0.313697 0.0192451 0.00612008 0
3.401 54 0.132783 0.0126766 8.31997e-05 0
3.401 55 0.120915 0.013625 0.0110099 0
3.401 56 0.0661404 0.0183152 0.0118392 0
3.401 57 0.0462101 0.00782402 0.0116961 0
3.401 58 0.264857 0.0112744 0.0016934 0
3.401 59 0.0275705 0.0170026 0.005773 0
3.401 60 0.0327659 0.00820769 0.00163641 0
3.501 51 0.0834925 0.00988114 0.0184856 0
3.501 52 0.0858095 0.00786578 0.0170418 0
3.501 53 0.294763 0.019863 0.00795188 0
3.501 54 0.113791 0.0125617 0.00156258 0
3.501 55 0.101895 0.0143163 0.00956613 0
3.501 56 0.0470902 0.0189168 0.0125246 0
3.501 57 0.0652693 0.00894969 0.0126902 0
3.501 58 0.245827 0.010317 0.000284809 4.29977e-08
3.501 59 0.0084619 0.0175955 0.00509833 4.29977e-08
3.501 60 0.0137317 0.00872551 0.000330328 4.29977e-08
3.601 51 0.102539 0.0101629 0.0190907 0
3.601 52 0.104963 0.00741275 0.0183424 0
3.601 53 0.275692 0.0195663 0.00857558 0
3.601 54 0.0947396 0.0131847 0.00316087 0
3.601 55 0.082853 0.0136791 0.00870183 0
3.601 56 0.0280113 0.0191349 0.0133819 0
3.601 57 0.0842935 0.00860529 0.0141897 0
3.601 58 0.22672 0.0102346 0.00136085 0
3.601 59 0.0108113 0.0178509 0.00393664 0
3.601 60 0.00544196 0.00822749 0.00137636 0
3.701 51 0.121464 0.0093587 0.0189524 0
3.701 52 0.123969 0.00756719 0.0195823 0
3.701 53 0.256597 0.0197896 0.00978391 0
3.701 54 0.0756328 0.0133735 0.00321538 0
3.701 55 0.0637798 0.0144749 0.00817966 0
3.701 56 0.00902355 0.0191889 0.0143357 0
3.701 57 0.103285 0.00879214 0.0156026 0
3.701 58 0.207623 0.010131 0.00235322 0
3.701 59 0.0297547 0.0177691 0.0031575 0
3.701 60 0.024439 0.00847047 0.00224015 0
3.801 51 0.140445 0.00926955 0.0179115 0
3.801 52 0.142945 0.00790787 0.0189701 0
3.801 53 0.237467 0.0189468 0.0108296 0
3.801 54 0.0566648 0.0136752 0.00453995 0
3.801 55 0.0446776 0.0145087 0.00753579 0
3.801 56 0.0101577 0.0196082 0.0146154 0
3.801 57 0.122171 0.00782847 0.0169376 0
3.801 58 0.188654 0.0103555 0.00409437 0
3.801 59 0.048747 0.0170951 0.00228597 0
3.801 60 0.0434209 0.00817976 0.00378117 0
3.901 51 0.159355 0.00904032 0.0164722 0
3.901 52 0.161987 0.00823642 0.0180609 0
3.901 53 0.218374 0.0185615 0.0117495 0
3.901 54 0.0377065 0.0144153 0.00549117 0
3.901 55 0.0256653 0.0142849 0.00668813 0
3.901 56 0.0290894 0.0194572 0.0165953 0
3.901 57 0.141305 0.00764297 0.0176 0
3.901 58 0.169624 0.00959888 0.00503443 0
3.901 59 0.0677661 0.0170052 0.00116815 0
3.901 60 0.0624145 0.0081908 0.00529697 0
4.001 51 0.17843 0.00900111 0.0158943 0
4.001 52 0.180974 0.0081941 0.0171917 0
4.001 53 0.199328 0.0182469 0.0117043 0
4.001 54 0.0187188 0.014133 0.00650871 0
4.001 55 0.00673629 0.0139198 0.00470949 0
4.001 56 0.04816 0.0194891 0.016804 0
4.001 57 0.16051 0.00754446 0.0182596 0
4.001 58 0.150594 0.0096617 0.00527966 0
4.001 59 0.0869108 0.017134 0.00101814 0
4.001 60 0.0813991 0.00772744 0.00615762 0
4.101 51 0.197493 0.00885972 0.0151145 0
4.101 52 0.199979 0.00869031 0.0160291 0
4.101 53 0.180313 0.0186583 0.0133213 0
4.101 54 0.000413274 0.013725 0.007525 0
4.101 55 0.0123297 0.0145199 0.00390294 0
4.101 56 0.0672008 0.0192842 0.0178364 0
4.101 57 0.179613 0.00783416 0.0188045 0
4.101 58 0.13171 0.00992614 0.0070203 0
4.101 59 0.106019 0.0173115 9.84276e-05 0
4.101 60 0.100541 0.00789487 0.00640848 0
4.201 51 0.216444 0.00855977 0.0141527 0
4.201 52 0.219168 0.00930084 0.0150811 0
4.201 53 0.161205 0.0188724 0.0139364 0
4.201 54 0.019418 0.0138316 0.00843864 0
4.201 55 0.031338 0.0152392 0.00239552 0
4.201 56 0.0861937 0.0193042 0.0192885 0
4.201 57 0.198669 0.0076618 0.0198563 0
4.201 58 0.112647 0.010054 0.00786741 0
4.201 59 0.124898 0.0182211 0.000607564 0
4.201 60 0.119639 0.00707628 0.00692392 0
4.301 51 0.235551 0.00855896 0.012968 0
4.301 52 0.238162 0.00875052 0.0140522 0
4.301 53 0.142212 0.018854 0.0153039 0
4.301 54 0.0384344 0.0143552 0.00923637 0
4.301 55 0.0503568 0.0156808 0.00110199 0
4.301 56 0.105248 0.0198255 0.0191846 0
4.301 57 0.217613 0.00726978 0.0192262 0
4.301 58 0.0935079 0.00973328 0.00900282 0
4.301 59 0.143828 0.0177502 0.00129916 0
4.301 60 0.138708 0.00655007 0.00751515 0
4.401 51 0.254586 0.00901984 0.0119939 0
4.401 52 0.257237 0.0083142 0.0132343 0
4.401 53 0.12328 0.0182513 0.0160933 0
4.401 54 0.0574131 0.0150308 0.0104497 0
4.401 55 0.0694148 0.0150893 0.000241572 0
4.401 56 0.124318 0.0192942 0.0182377 0
4.401 57 0.236567 0.00739068 0.0178612 0
4.401 58 0.074572 0.0090648 0.010076 0
4.401 59 0.162871 0.0178899 0.00248754 0
4.401 60 0.157758 0.00564914 0.0082549 0
4.501 51 0.273669 0.00884809 0.0111114 0
4.501 52 0.276176 0.00810732 0.01178 0
4.501 53 0.104217 0.0180978 0.0169829 0
4.501 54 0.0764686 0.015238 0.0117802 0
4.501 55 0.0883895 0.0143712 0.00129617 0
4.501 56 0.143347 0.0191938 0.0167623 0
4.501 57 0.255745 0.00760445 0.0170902 0
4.501 58 0.0555278 0.00850404 0.0112883 0
4.501 59 0.181955 0.0178463 0.00358077 0
4.501 60 0.176823 0.00621211 0.00913474 0
4.601 51 0.292698 0.00951547 0.0101842 0
4.601 52 0.295193 0.00794271 0.0112285 0
4.601 53 0.0850879 0.0189087 0.0184086 0
4.601 54 0.0954618 0.0149627 0.0127738 0
4.601 55 0.107456 0.0140168 0.00244051 0
4.601 56 0.16236 0.0189332 0.015701 0
4.601 57 0.274776 0.00849115 0.0158629 0
4.601 58 0.0365013 0.0076965 0.0119616 0
4.601 59 0.200961 0.0176368 0.00457176 0
4.601 60 0.19589 0.00550969 0.0109425 0
4.701 51 0.311687 0.00946697 0.00831101 0
4.701 52 0.314178 0.00811097 0.00972003 0
4.701 53 0.0660181 0.0191642 0.0195074 0
4.701 54 0.114514 0.0146537 0.0137171 0
4.701 55 0.126576 0.0139994 0.00312447 0
4.701 56 0.181496 0.018631 0.0143248 0
4.701 57 0.293715 0.00778048 0.0144967 0
4.701 58 0.0174736 0.00798216 0.0132963 0
4.701 59 0.219942 0.0176741 0.00548871 0
4.701 60 0.214899 0.00550489 0.012119 0
4.801 51 0.330709 0.00971288 0.00754379 0
4.801 52 0.33325 0.00836826 0.00839915 0
4.801 53 0.0469114 0.0191005 0.019786 0
4.801 54 0.133564 0.0147154 0.0148117 0
4.801 55 0.145447 0.0135665 0.00465451 0
4.801 56 0.200425 0.0187793 0.0126761 0
4.801 57 0.312889 0.00732247 0.0142995 0
4.801 58 0.00175892 0.00766899 0.0142879 0
4.801 59 0.239042 0.0176721 0.00580946 0
4.801 60 0.233948 0.00526856 0.0136374 0
4.901 51 0.349723 0.00924025 0.00651509 0
4.901 52 0.352235 0.00838463 0.00794282 0
4.901 53 0.0278467 0.0179285 0.0194311 0
4.901 54 0.152596 0.014338 0.0159322 0
4.901 55 0.164548 0.0142916 0.00543281 0
4.901 56 0.219414 0.0190132 0.0119299 0
4.901 57 0.332053 0.00705205 0.0128465 0
4.901 58 0.0206719 0.00715571 0.015533 0
4.901 59 0.2581 0.0164951 0.00709531 0
4.901 60 0.253048 0.00511205 0.0143474 0
