0.001 51 0.190699 0.0130581 0.0199965 0
0.001 52 0.388993 0.00712479 0.0161624 0
0.001 53 0.311539 0.0172908 0.00549976 0
0.001 54 0.351406 0.011141 0.00665218 0
0.001 55 0.201869 0.0185277 0.0162433 0
0.001 56 0.203947 0.00628045 0.004824 0
0.001 57 0.499878 0.00833833 0.0161009 0
0.001 58 0.493 0.017889 0.00932444 0
0.001 59 0.368966 0.00952302 0.0163986 0
0.001 60 0.0308386 0.0129994 0.0156197 0
0.001 61 0.475469 0.00799277 0.0135228 0
0.001 62 0.473498 0.0167847 0.0172098 0
0.001 63 0.140764 0.00989052 0.00095228 0
0.001 64 0.494546 0.00706515 0.00137089 0
0.001 65 0.152072 0.000859297 0.0128777 0
0.001 66 0.468764 0.015491 0.00459226 0
0.001 67 0.278449 0.0119995 0.00916088 0
0.001 68 0.0500771 0.00447575 0.0107785 0
0.001 69 0.406144 0.00766137 0.0175165 0
0.001 70 0.204594 0.00843599 0.00164459 0
0.101 51 0.209658 0.012784 0.0182427 0
0.101 52 0.407919 0.00636619 0.0174287 0
0.101 53 0.330581 0.0172701 0.00685492 0
0.101 54 0.370537 0.0109554 0.00763271 0
0.101 55 0.220904 0.0182225 0.0174808 0
0.101 56 0.222985 0.00556786 0.00540334 0
0.101 57 0.480913 0.00855531 0.0177785 0
0.101 58 0.487924 0.0182656 0.0095839 0
0.101 59 0.387945 0.00853992 0.0164376 0
0.101 60 0.0498858 0.013229 0.0166107 0
0.101 61 0.494603 0.00821168 0.0146394 0
0.101 62 0.492657 0.0170827 0.0185162 0
0.101 63 0.159855 0.00996322 0.00231582 0
0.101 64 0.486193 0.00728222 0.00227799 0
0.101 65 0.171083 0.00077287 0.0140728 0
0.101 66 0.487794 0.015607 0.00527919 0
0.101 67 0.297509 0.0122831 0.0102495 0
0.101 68 0.0691451 0.0048785 0.0116495 0
0.101 69 0.425114 0.00765951 0.018537 0
0.101 70 0.223676 0.00871737 0.00264205 0
0.201 51 0.228653 0.0128006 0.0172756 0
0.201 52 0.426927 0.00630502 0.0183556 0
0.201 53 0.349631 0.0180855 0.00740904 0
0.201 54 0.389515 0.0108931 0.00918596 0
0.201 55 0.239917 0.0186446 0.0188622 0
0.201 56 0.241907 0.00546895 0.00667278 0
0.201 57 0.461834 0.00894385 0.0188291 0
0.201 58 0.468788 0.01845 0.0100092 0
0.201 59 0.4069 0.00897976 0.0174347 0
0.201 60 0.0688684 0.0126556 0.0174599 0
0.201 61 0.486171 0.0084281 0.0156641 0
0.201 62 0.488185 0.0167424 0.0199003 0
0.201 63 0.178906 0.0101483 0.00376342 0
0.201 64 0.467191 0.00772808 0.00361095 0
0.201 65 0.190148 0.00107229 0.01424 0
0.201 66 0.493068 0.0155806 0.0070078 0
0.201 67 0.316597 0.012142 0.0108641 0
0.201 68 0.0883022 0.0050246 0.012298 0
0.201 69 0.444117 0.00802997 0.0199012 0
0.201 70 0.242517 0.00862885 0.0040375 1.02016e-08
0.301 51 0.247783 0.0123888 0.0163533 0
0.301 52 0.446039 0.00632925 0.0191402 0
0.301 53 0.36865 0.0182722 0.00851531 0
0.301 54 0.408447 0.0104325 0.0102199 0
0.301 55 0.259054 0.0189849 0.019272 0
0.301 56 0.26092 0.00540338 0.00778794 0
0.301 57 0.44283 0.0100305 0.0196751 0
0.301 58 0.44982 0.0182267 0.0112171 0
0.301 59 0.426017 0.00920795 0.0176322 0
0.301 60 0.0879536 0.0120759 0.018641 0
0.301 61 0.467087 0.007868 0.0164441 0
0.301 62 0.469302 0.0162638 0.0183799 0
0.301 63 0.197835 0.010029 0.00479207 0
0.301 64 0.448185 0.00741651 0.00446454 0
0.301 65 0.209187 0.00155191 0.0149888 0
0.301 66 0.473972 0.0155177 0.00861105 0
0.301 67 0.335694 0.0124155 0.0117674 0
0.301 68 0.10741 0.00451308 0.0131497 0
0.301 69 0.463249 0.0079641 0.0198818 0
0.301 70 0.261611 0.00826518 0.00518807 0
0.401 51 0.266813 0.0120045 0.0153053 0
0.401 52 0.465037 0.00740735 0.0198517 0
0.401 53 0.38762 0.0181357 0.00979421 0
0.401 54 0.427408 0.0106374 0.0113976 0
0.401 55 0.278045 0.0192901 0.0196219 0
0.401 56 0.280013 0.00598479 0.00922757 0
0.401 57 0.423662 0.0102682 0.0197236 0
0.401 58 0.430782 0.0177112 0.0123165 0
0.401 59 0.445008 0.00963557 0.0183259 0
0.401 60 0.106963 0.0123401 0.0191198 0
0.401 61 0.44795 0.0077695 0.0173288 0
0.401 62 0.450217 0.0161656 0.0181914 0
0.401 63 0.216864 0.00991651 0.00525837 0
0.401 64 0.429128 0.0079839 0.0061842 0
0.401 65 0.228293 0.000608504 0.0161301 0
0.401 66 0.454986 0.0155754 0.00892915 0
0.401 67 0.354749 0.0127937 0.0121813 0
0.401 68 0.126462 0.00436389 0.0138718 0
0.401 69 0.482237 0.00872348 0.0184655 0
0.401 70 0.280597 0.0083472 0.0065197 0
0.501 51 0.285823 0.0112488 0.0141462 0
0.501 52 0.484062 0.00695134 0.0189535 0
0.501 53 0.406654 0.0180359 0.011472 0
0.501 54 0.446512 0.0109125 0.0128264 0
0.501 55 0.297007 0.0193473 0.0180927 0
0.501 56 0.299083 0.00592396 0.00990215 0
0.501 57 0.404671 0.0106278 0.0187946 0
0.501 58 0.41172 0.0180895 0.0134723 0
0.501 59 0.463981 0.00981043 0.0196859 0
0.501 60 0.125928 0.01245 0.0187999 0
0.501 61 0.428952 0.00837057 0.0189238 0
0.501 62 0.431149 0.0158096 0.0168919 0
0.501 63 0.235816 0.00975347 0.00632927 0
0.501 64 0.410122 0.00802544 0.00666848 0
0.501 65 0.247338 0.000449611 0.0166624 0
0.501 66 0.43595 0.0153703 0.00982637 0
0.501 67 0.373747 0.0128615 0.013454 0
0.501 68 0.145522 0.00461378 0.0151299 0
0.501 69 0.498551 0.00830862 0.0173377 0
0.501 70 0.299685 0.0085976 0.00719429 0
0.601 51 0.304835 0.0108543 0.0124635 0
0.601 52 0.496669 0.00760897 0.0185395 0
0.601 53 0.425654 0.0174515 0.012781 0
0.601 54 0.465531 0.010125 0.0139388 0
0.601 55 0.316018 0.0199014 0.0174815 0
0.601 56 0.3181 0.00580478 0.0115374 0
0.601 57 0.385703 0.0106868 0.0182189 0
0.601 58 0.392524 0.0173027 0.0141583 0
0.601 59 0.483041 0.00918429 0.01876 0
0.601 60 0.145009 0.0126969 0.0177786 0
0.601 61 0.40987 0.00834768 0.01982 0
0.601 62 0.412141 0.016502 0.0162443 0
0.601 63 0.254784 0.00952873 0.00778589 9.03789e-09
0.601 64 0.39104 0.00812069 0.00736576 9.03789e-09
0.601 65 0.266405 0.000522515 0.0171799 9.03789e-09
0.601 66 0.417024 0.0145539 0.0109752 9.03789e-09
0.601 67 0.392938 0.0127227 0.0143158 9.03789e-09
0.601 68 0.164586 0.0052303 0.0165259 9.03789e-09
0.601 69 0.479532 0.00788135 0.016601 9.03789e-09
0.601 70 0.318705 0.00795274 0.00851163 9.03789e-09
0.701 51 0.323941 0.0101716 0.0119535 0
0.701 52 0.477731 0.00681774 0.0166865 0
0.701 53 0.444655 0.0174899 0.0143622 0
0.701 54 0.484539 0.0106407 0.0138519 0
0.701 55 0.335092 0.0199842 0.0163736 0
0.701 56 0.337112 0.00595469 0.0126001 0
0.701 57 0.366701 0.0105491 0.0171881 0
0.701 58 0.373456 0.0169533 0.0147927 0
0.701 59 0.497582 0.00946863 0.0184119 0
0.701 60 0.164128 0.0124731 0.0165818 0
0.701 61 0.39081 0.00755764 0.0194145 0
0.701 62 0.393045 0.016641 0.0145075 0
0.701 63 0.273848 0.0102121 0.00863432 0
0.701 64 0.372062 0.00856476 0.00841359 0
0.701 65 0.285483 0.000700709 0.0185409 0
0.701 66 0.398026 0.014718 0.012646 0
0.701 67 0.411909 0.0129431 0.0155299 0
0.701 68 0.18366 0.00513258 0.0166237 0
0.701 69 0.460457 0.00743566 0.0162782 0
0.701 70 0.337724 0.00771667 0.00963088 0
0.801 51 0.34298 0.0101558 0.0111968 0
0.801 52 0.45869 0.00569422 0.0160317 0
0.801 53 0.463637 0.0166335 0.0155944 0
0.801 54 0.496215 0.010536 0.0146663 0
0.801 55 0.354023 0.0198488 0.0150669 0
0.801 56 0.356111 0.00634122 0.0138874 0
0.801 57 0.347695 0.0106928 0.0158348 0
0.801 58 0.354447 0.0163671 0.0158833 0
0.801 59 0.478597 0.00877076 0.0171582 0
0.801 60 0.183156 0.0137296 0.0148774 0
0.801 61 0.37182 0.00735831 0.0190434 0
0.801 62 0.373984 0.0160325 0.0133759 0
0.801 63 0.292983 0.01041 0.00904689 0
0.801 64 0.352938 0.0079779 0.00914737 0
0.801 65 0.304526 0.00079511 0.0195144 0
0.801 66 0.378954 0.0149106 0.0138601 0
0.801 67 0.430944 0.0127825 0.016141 0
0.801 68 0.202722 0.00464451 0.0175821 0
0.801 69 0.441581 0.00768251 0.0155741 0
0.801 70 0.356761 0.00764842 0.0105613 0
0.901 51 0.361947 0.0100104 0.00982661 0
0.901 52 0.439697 0.00556249 0.0156851 0
0.901 53 0.482652 0.0155604 0.017052 0
0.901 54 0.477102 0.0104596 0.0153311 0
0.901 55 0.372959 0.0195155 0.0138417 0
0.901 56 0.37521 0.0064896 0.0144285 0
0.901 57 0.328639 0.0103687 0.0155763 0
0.901 58 0.335233 0.0165414 0.0167225 0
0.901 59 0.459549 0.00897726 0.0167111 0
0.901 60 0.202198 0.0132158 0.0141546 0
0.901 61 0.352848 0.00651211 0.0184807 0
0.901 62 0.354955 0.0159272 0.0117768 0
0.901 63 0.312 0.0105792 0.00995286 0
0.901 64 0.333999 0.00726703 0.0110659 0
0.901 65 0.323584 0.00147378 0.0192603 0
0.901 66 0.35991 0.0151476 0.0142295 0
0.901 67 0.449808 0.0120553 0.016238 0
0.901 68 0.221869 0.00493401 0.0183806 0
0.901 69 0.422605 0.00796481 0.0143647 0
0.901 70 0.375793 0.00713873 0.010769 0
1.001 51 0.381026 0.0100866 0.00838368 0
1.001 52 0.420701 0.00607122 0.0142787 0
1.001 53 0.497914 0.0161992 0.0182949 0
1.001 54 0.458059 0.00934941 0.0167715 0
1.001 55 0.391968 0.0199154 0.0130015 0
1.001 56 0.394305 0.00616775 0.0160345 0
1.001 57 0.309693 0.0109291 0.0146607 0
1.001 58 0.316131 0.016442 0.0178945 0
1.001 59 0.440527 0.00897662 0.0158005 0
1.001 60 0.221306 0.0137414 0.0135178 0
1.001 61 0.333732 0.00662515 0.0173104 0
1.001 62 0.335865 0.0158355 0.0105459 0
1.001 63 0.330996 0.0100553 0.0109006 0
1.001 64 0.314905 0.00638031 0.011517 0
1.001 65 0.342493 0.00102425 0.0177886 0
1.001 66 0.34088 0.0152913 0.0160437 0
1.001 67 0.468818 0.0126066 0.0174046 0
1.001 68 0.240886 0.0045925 0.0190702 0
1.001 69 0.403524 0.00770803 0.0126348 0
1.001 70 0.394826 0.00804062 0.0107385 0
1.101 51 0.400096 0.0100835 0.00746699 0
1.101 52 0.40175 0.00551787 0.0124764 0
1.101 53 0.478921 0.0149332 0.0193834 0
1.101 54 0.439063 0.00948862 0.0170445 0
1.101 55 0.41113 0.0189588 0.0121746 0
1.101 56 0.413435 0.00625173 0.016881 0
1.101 57 0.290716 0.0107022 0.0132408 0
1.101 58 0.297182 0.0163672 0.0195149 0
1.101 59 0.421498 0.00898063 0.0137858 0
1.101 60 0.240394 0.0138909 0.0126465 0
1.101 61 0.314768 0.0075105 0.0162898 0
1.101 62 0.316675 0.0157595 0.0100266 0
1.101 63 0.35004 0.010232 0.0122551 0
1.101 64 0.295868 0.00563731 0.0124071 0
1.101 65 0.361516 0.00085078 0.0166932 0
1.101 66 0.321789 0.0148725 0.0174618 0
1.101 67 0.487905 0.0125348 0.0183377 0
1.101 68 0.259976 0.00535003 0.0196298 0
1.101 69 0.38456 0.00740151 0.0119094 0
1.101 70 0.413865 0.00799223 0.0116787 0
1.201 51 0.41915 0.0106457 0.00705032 0
1.201 52 0.382624 0.00659105 0.0118397 0
1.201 53 0.459963 0.0149286 0.0191976 0
1.201 54 0.42014 0.00932433 0.0183524 0
1.201 55 0.430158 0.0189281 0.0110773 0
1.201 56 0.432408 0.00556195 0.0184208 0
1.201 57 0.271777 0.0108777 0.0125705 0
1.201 58 0.278095 0.0160358 0.0190995 0
1.201 59 0.402515 0.00857872 0.0126815 0
1.201 60 0.259467 0.0139219 0.0117256 0
1.201 61 0.295744 0.00813095 0.0149235 0
1.201 62 0.297726 0.0157344 0.0087389 0
1.201 63 0.369089 0.0106224 0.0126406 0
1.201 64 0.276794 0.00529556 0.0124836 0
1.201 65 0.380727 0.000357258 0.0158666 0
1.201 66 0.302771 0.0154152 0.0189857 0
1.201 67 0.492866 0.012373 0.0196149 0
1.201 68 0.278996 0.00507241 0.0185132 0
1.201 69 0.365561 0.00779589 0.0105104 0
1.201 70 0.432779 0.00798921 0.0124014 0
1.301 51 0.438236 0.0102522 0.00586029 0
1.301 52 0.363594 0.0070307 0.01078 0
1.301 53 0.441018 0.0146911 0.0174889 0
1.301 54 0.401136 0.00960162 0.0194833 0
1.301 55 0.44929 0.0190333 0.00956497 0
1.301 56 0.451375 0.00606204 0.0197064 0
1.301 57 0.252704 0.0113714 0.0116048 0
1.301 58 0.259108 0.0157622 0.0178945 0
1.301 59 0.383462 0.00872585 0.0113579 0
1.301 60 0.278512 0.0134952 0.0102904 0
1.301 61 0.276811 0.00899585 0.0145501 0
1.301 62 0.278777 0.016048 0.00765717 0
1.301 63 0.388155 0.0109774 0.0143042 0
1.301 64 0.25784 0.00595968 0.0143151 0
1.301 65 0.399836 0.000835047 0.0146676 0
1.301 66 0.283732 0.0157168 0.0193396 0
1.301 67 0.473747 0.0125695 0.0191272 0
1.301 68 0.298035 0.00503546 0.0177737 0
1.301 69 0.346554 0.00724219 0.00911726 0
1.301 70 0.451726 0.00770114 0.0143175 0
1.401 51 0.457307 0.0103899 0.00459218 0
1.401 52 0.34459 0.00672085 0.0098504 0
1.401 53 0.421874 0.0152406 0.0170066 0
1.401 54 0.382113 0.010057 0.0198322 0
1.401 55 0.468473 0.0188241 0.00874083 0
1.401 56 0.470446 0.00666932 0.0186829 0
1.401 57 0.233684 0.0118085 0.0111392 0
1.401 58 0.240244 0.0152138 0.0172265 0
1.401 59 0.364492 0.00854209 0.0097672 0
1.401 60 0.297479 0.0140394 0.00905451 0
1.401 61 0.257783 0.00828099 0.0134781 0
1.401 62 0.25976 0.0163484 0.00674002 0
1.401 63 0.407239 0.0115437 0.0149221 0
1.401 64 0.238812 0.00648713 0.0153337 0
1.401 65 0.418854 0.000905958 0.0134921 0
1.401 66 0.264715 0.0150117 0.0196105 0
1.401 67 0.45467 0.0130407 0.018615 0
1.401 68 0.316946 0.00497942 0.0160669 0
1.401 69 0.327509 0.00699929 0.00841192 0
1.401 70 0.470772 0.0081407 0.0153991 0
1.501 51 0.476454 0.0101068 0.00353319 0
1.501 52 0.325654 0.00672464 0.00854957 0
1.501 53 0.402814 0.0157661 0.0158083 0
1.501 54 0.363125 0.00952247 0.0190077 0
1.501 55 0.48753 0.0179611 0.00721912 0
1.501 56 0.489443 0.00626607 0.0174094 0
1.501 57 0.214652 0.0110061 0.0105687 0
1.501 58 0.221344 0.0154907 0.0159517 0
1.501 59 0.345439 0.00941879 0.00882452 0
1.501 60 0.316523 0.0147267 0.0083617 0
1.501 61 0.238729 0.00741524 0.011744 0
1.501 62 0.240599 0.0163191 0.00616695 0
1.501 63 0.42627 0.0109876 0.0163256 0
1.501 64 0.219897 0.0062257 0.017253 0
1.501 65 0.437903 0.000771645 0.0127472 0
1.501 66 0.245529 0.0153676 0.018907 0
1.501 67 0.435723 0.0126174 0.0174124 0
1.501 68 0.335998 0.00559662 0.0154029 0
1.501 69 0.308469 0.00696754 0.00780017 0
1.501 70 0.489919 0.00837206 0.0159729 0
1.601 51 0.495417 0.0102445 0.00237491 0
1.601 52 0.306516 0.00707847 0.00847172 0
1.601 53 0.38372 0.0156841 0.0139379 0
1.601 54 0.343995 0.00974878 0.0184181 0
1.601 55 0.493222 0.0173957 0.00577662 0
1.601 56 0.491348 0.00654788 0.0165027 0
1.601 57 0.195582 0.0116844 0.00991807 0
1.601 58 0.202355 0.015115 0.0143739 0
1.601 59 0.32637 0.00981931 0.00801558 0
1.601 60 0.335565 0.0150344 0.00720264 0
1.601 61 0.219595 0.0071139 0.0111752 0
1.601 62 0.22154 0.0158482 0.00533511 0
1.601 63 0.445218 0.0111033 0.0178971 0
1.601 64 0.200795 0.00622372 0.0179204 0
1.601 65 0.456872 0.000197531 0.0116602 0
1.601 66 0.226486 0.0150196 0.0179668 0
1.601 67 0.416509 0.0131614 0.016652 0
1.601 68 0.355099 0.00521696 0.01439 0
1.601 69 0.289456 0.00715165 0.00711419 0
1.601 70 0.49102 0.00874512 0.0168474 0
1.701 51 0.485279 0.011283 0.000995055 0
1.701 52 0.287521 0.00620749 0.00732861 0
1.701 53 0.364689 0.0172707 0.0132264 0
1.701 54 0.325169 0.00974736 0.0164418 0
1.701 55 0.474259 0.0178984 0.00432546 0
1.701 56 0.472362 0.00700687 0.0154396 0
1.701 57 0.17653 0.0116739 0.00872291 0
1.701 58 0.18328 0.014801 0.0132061 0
1.701 59 0.30733 0.00904974 0.00667208 0
1.701 60 0.354543 0.0152862 0.00625444 0
1.701 61 0.200598 0.00789594 0.0106435 0
1.701 62 0.202424 0.0155637 0.00466356 0
1.701 63 0.464179 0.010959 0.0190795 0
1.701 64 0.181656 0.00553033 0.019214 0
1.701 65 0.475803 0.000269288 0.0103844 0
1.701 66 0.207392 0.0149144 0.0173668 0
1.701 67 0.397435 0.0126311 0.015674 0
1.701 68 0.37422 0.00540806 0.0131749 0
1.701 69 0.27034 0.00745508 0.00511449 0
1.701 70 0.471893 0.00943439 0.0176184 0
1.801 51 0.466282 0.0114856 0.000631875 0
1.801 52 0.268465 0.00563139 0.0065786 0
1.801 53 0.34562 0.0170603 0.0120446 0
1.801 54 0.306195 0.0091682 0.0152462 0
1.801 55 0.455299 0.0172121 0.0041292 0
1.801 56 0.453295 0.00710933 0.0146341 0
1.801 57 0.157529 0.0118752 0.00719019 0
1.801 58 0.164201 0.0147386 0.0119421 0
1.801 59 0.288264 0.00909391 0.00594805 0
1.801 60 0.373678 0.016167 0.00508209 0
1.801 61 0.181559 0.00772034 0.00932612 0
1.801 62 0.183379 0.0152262 0.00375481 0
1.801 63 0.483285 0.0112217 0.0193493 0
1.801 64 0.162618 0.0065928 0.0191262 0
1.801 65 0.494837 8.53481e-06 0.00863233 0
1.801 66 0.188358 0.0145973 0.0163313 0
1.801 67 0.378275 0.0121828 0.0148804 0
1.801 68 0.39326 0.00439872 0.0119647 0
1.801 69 0.25136 0.00776096 0.00466174 2.64634e-08
1.801 70 0.452863 0.0095842 0.0188562 2.64634e-08
1.901 51 0.447334 0.0113034 0.000799579 0
1.901 52 0.249415 0.00611148 0.00512032 1.81549e-08
1.901 53 0.326725 0.0170541 0.0104402 1.81549e-08
1.901 54 0.287191 0.00829798 0.0144868 1.81549e-08
1.901 55 0.436233 0.0170691 0.00270484 1.81549e-08
1.901 56 0.434341 0.00717191 0.0143121 1.81549e-08
1.901 57 0.138399 0.0115705 0.00659253 1.81549e-08
1.901 58 0.14516 0.0152174 0.0111162 1.81549e-08
1.901 59 0.269076 0.00956768 0.00478902 1.81549e-08
1.901 60 0.392671 0.0159272 0.00473065 1.81549e-08
1.901 61 0.162522 0.00834847 0.00817272 1.81549e-08
1.901 62 0.16434 0.0149099 0.00203881 1.81549e-08
1.901 63 0.497354 0.0106338 0.0198291 1.81549e-08
1.901 64 0.143544 0.00652868 0.0188202 1.81549e-08
1.901 65 0.486012 0.000631919 0.00795086 1.81549e-08
1.901 66 0.169331 0.0141611 0.0149615 1.81549e-08
1.901 67 0.359206 0.0117828 0.0138214 1.81549e-08
1.901 68 0.412211 0.00397704 0.00999892 1.81549e-08
1.901 69 0.232309 0.00700818 0.00366275 1.81549e-08
1.901 70 0.433767 0.00955516 0.0193207 1.81549e-08
2.001 51 0.428346 0.0113835 0.00231114 0
2.001 52 0.230468 0.00643703 0.00451343 0
2.001 53 0.307774 0.0168836 0.00886343 0
2.001 54 0.26818 0.00793148 0.0132335 0
2.001 55 0.417176 0.0168199 0.000950468 0
2.001 56 0.415326 0.00760101 0.0129183 0
2.001 57 0.119353 0.0123825 0.00557504 0
2.001 58 0.126161 0.0149865 0.010179 0
2.001 59 0.250013 0.0095716 0.00428225 4.08555e-08
2.001 60 0.411726 0.0162901 0.00368992 4.08555e-08
2.001 61 0.143542 0.00747607 0.00716042 4.08555e-08
2.001 62 0.145212 0.0143159 0.00105738 4.08555e-08
2.001 63 0.478299 0.00994645 0.0187596 4.08555e-08
2.001 64 0.124617 0.00667866 0.0181032 4.08555e-08
2.001 65 0.466886 0.000301501 0.00682109 4.08555e-08
2.001 66 0.150311 0.0145759 0.014424 4.08555e-08
2.001 67 0.340097 0.011562 0.0130727 4.08555e-08
2.001 68 0.431258 0.00387649 0.00968328 4.08555e-08
2.001 69 0.213168 0.00631754 0.0027798 4.08555e-08
2.001 70 0.41477 0.00954318 0.0189579 4.08555e-08
2.101 51 0.409325 0.0117173 0.00349632 0
2.101 52 0.211384 0.00580648 0.00314267 0
2.101 53 0.288717 0.0169962 0.00849368 0
2.101 54 0.249241 0.00721984 0.0118656 0
2.101 55 0.398211 0.0171114 0.000168344 0
2.101 56 0.396261 0.00728524 0.0116882 0
2.101 57 0.100355 0.0126781 0.00419936 0
2.101 58 0.107177 0.0151409 0.00902671 0
2.101 59 0.23089 0.00900948 0.00306694 0
2.101 60 0.43073 0.0162975 0.00255023 0
2.101 61 0.124488 0.00814397 0.00584425 0
2.101 62 0.126179 0.0141459 0.000405672 0
2.101 63 0.459279 0.010189 0.0180409 0
2.101 64 0.105585 0.00695896 0.0164748 0
2.101 65 0.447758 0.000282257 0.0071821 0
2.101 66 0.131224 0.0138247 0.0132765 0
2.101 67 0.321016 0.0115859 0.012691 0
2.101 68 0.45027 0.00448768 0.00852796 0
2.101 69 0.19403 0.00631173 0.00180108 0
2.101 70 0.395845 0.00989663 0.0182563 0
2.201 51 0.39021 0.012334 0.004179 0
2.201 52 0.192419 0.00573217 0.00194671 0
2.201 53 0.269616 0.0170713 0.0072524 0
2.201 54 0.230191 0.00645682 0.0116036 0
2.201 55 0.379285 0.017079 0.00101814 0
2.201 56 0.377335 0.00784789 0.0104283 0
2.201 57 0.0812906 0.012714 0.00237919 0
2.201 58 0.0881101 0.0146921 0.00811499 0
2.201 59 0.21191 0.00859561 0.0012355 0
2.201 60 0.449775 0.0169362 0.00211703 0
2.201 61 0.105523 0.00792094 0.0043376 0
2.201 62 0.107205 0.0144191 0.00166549 0
2.201 63 0.440349 0.0100042 0.0171238 0
2.201 64 0.0866043 0.00663268 0.0155085 0
2.201 65 0.428692 0.00113615 0.00649118 0
2.201 66 0.112135 0.0142086 0.0124997 0
2.201 67 0.30188 0.011972 0.0118878 0
2.201 68 0.469298 0.00530307 0.00747441 0
2.201 69 0.175157 0.00698979 0.000106689 0
2.201 70 0.376855 0.00965194 0.0177989 0
2.301 51 0.371189 0.0119323 0.00596744 0
2.301 52 0.173289 0.00596773 0.000998054 0
2.301 53 0.250628 0.0169007 0.00669007 8.15669e-09
2.301 54 0.211145 0.00629993 0.0109114 8.15669e-09
2.301 55 0.360267 0.0175972 0.00154044 8.15669e-09
2.301 56 0.358391 0.00738231 0.00957412 8.15669e-09
2.301 57 0.0622614 0.01278 0.00115099 8.15669e-09
2.301 58 0.0690661 0.0149115 0.00744847 8.15669e-09
2.301 59 0.192885 0.00874923 0.000538084 8.15669e-09
2.301 60 0.468849 0.0168222 0.000828803 8.15669e-09
2.301 61 0.0864779 0.00859217 0.00276001 8.15669e-09
2.301 62 0.0882177 0.0147829 0.00299215 8.15669e-09
2.301 63 0.421281 0.0105125 0.0162826 8.15669e-09
2.301 64 0.0675457 0.0067336 0.0146176 8.15669e-09
2.301 65 0.409707 0.00133997 0.00584547 8.15669e-09
2.301 66 0.0930415 0.0145035 0.0112219 8.15669e-09
2.301 67 0.282911 0.0124354 0.0116655 8.15669e-09
2.301 68 0.488375 0.00527601 0.00608653 8.15669e-09
2.301 69 0.156157 0.00622276 0.00062641 8.15669e-09
2.301 70 0.357761 0.009897 0.0170629 8.15669e-09
2.401 51 0.352164 0.0117476 0.00733108 0
2.401 52 0.154326 0.00650645 0.000397954 0
2.401 53 0.231569 0.0161187 0.00558433 0
2.401 54 0.19213 0.00647377 0.00976384 0
2.401 55 0.341279 0.0176468 0.00318998 0
2.401 56 0.339456 0.00718479 0.00860145 0
2.401 57 0.0432157 0.0130621 0.000168807 0
2.401 58 0.0500915 0.0143578 0.00634291 0
2.401 59 0.173838 0.00846927 0.000245038 0
2.401 60 0.48786 0.0172752 0.000545926 0
2.401 61 0.0675128 0.00812498 0.00250391 0
2.401 62 0.0691369 0.0146552 0.00365628 0
2.401 63 0.402265 0.0105027 0.0156055 0
2.401 64 0.0485485 0.00677961 0.013629 0
2.401 65 0.390829 0.00214387 0.00426105 0
2.401 66 0.0739793 0.0142711 0.010609 0
2.401 67 0.263774 0.0129222 0.0108298 0
2.401 68 0.492214 0.0053167 0.0053159 0
2.401 69 0.137124 0.0061007 0.000415411 0
2.401 70 0.33872 0.00890895 0.0163356 0
2.501 51 0.333109 0.0116012 0.00799638 0
2.501 52 0.135295 0.00687242 0.00193297 0
2.501 53 0.212382 0.0161734 0.00511265 0
2.501 54 0.173079 0.00637756 0.00838866 0
2.501 55 0.322307 0.0170042 0.00464669 0
2.501 56 0.320372 0.00705513 0.00781542 0
2.501 57 0.0241057 0.0130779 0.000845329 0
2.501 58 0.0311471 0.0147964 0.00570578 0
2.501 59 0.154767 0.00810638 0.00130578 0
2.501 60 0.492865 0.0169784 0.000768739 0
2.501 61 0.0485314 0.00848706 0.00102396 0
2.501 62 0.0501114 0.0147734 0.00403364 0
2.501 63 0.383318 0.00977319 0.0150034 0
2.501 64 0.0296055 0.0069708 0.0124344 0
2.501 65 0.371805 0.00229834 0.00404095 0
2.501 66 0.0550166 0.0146769 0.00937942 0
2.501 67 0.244726 0.01253 0.0102244 0
2.501 68 0.473187 0.00470171 0.00470162 0
2.501 69 0.11817 0.00684706 0.00180934 0
2.501 70 0.31969 0.00881453 0.0156967 0
2.601 51 0.314061 0.010842 0.00896418 0
2.601 52 0.116279 0.00678891 0.00304259 0
2.601 53 0.193446 0.0161956 0.0038692 0
2.601 54 0.154031 0.0066051 0.00756351 0
2.601 55 0.30321 0.0176114 0.00476025 0
2.601 56 0.301332 0.00749326 0.00653701 0
2.601 57 0.00503067 0.0134341 0.00191143 0
2.601 58 0.0119655 0.0145589 0.00557927 0
2.601 59 0.135626 0.00845626 0.00194115 0
2.601 60 0.473777 0.0162772 0.00162455 0
2.601 61 0.0295637 0.00879395 0.00050972 0
2.601 62 0.0310061 0.0147575 0.0054006 0
2.601 63 0.364283 0.0100454 0.0138052 0
2.601 64 0.0105654 0.0065204 0.0111672 0
2.601 65 0.352753 0.00190811 0.00302282 0
2.601 66 0.0359641 0.0144682 0.00837612 0
2.601 67 0.2257 0.0130272 0.00960133 0
2.601 68 0.454091 0.00440991 0.00352825 0
2.601 69 0.0991325 0.00698769 0.00270543 0
2.601 70 0.300593 0.00839391 0.0149676 0
2.701 51 0.295167 0.0107381 0.0109974 0
2.701 52 0.0973957 0.00681166 0.00447798 0
2.701 53 0.17435 0.0163289 0.00376777 0
2.701 54 0.135083 0.00640155 0.00680921 0
2.701 55 0.284156 0.0171084 0.00627207 0
2.701 56 0.282182 0.00766974 0.00568909 0
2.701 57 0.0141472 0.0139534 0.00313779 0
2.701 58 0.00708781 0.0150964 0.00417569 0
2.701 59 0.116539 0.00808981 0.00248376 0
2.701 60 0.45475 0.016758 0.00288705 0
2.701 61 0.0106113 0.00865539 0.000156885 0
2.701 62 0.0119256 0.014996 0.00608727 0
2.701 63 0.345317 0.00991674 0.0133302 0
2.701 64 0.00871602 0.00633697 0.00958756 0
2.701 65 0.333588 0.00173694 0.00180066 0
2.701 66 0.0168738 0.0141191 0.0068761 0
2.701 67 0.206607 0.0131052 0.00825891 0
2.701 68 0.434953 0.00417005 0.00335212 0
2.701 69 0.0800769 0.00606467 0.00314785 0
2.701 70 0.281734 0.00747477 0.0134373 0
2.801 51 0.276163 0.0107646 0.0124092 0
2.801 52 0.0783618 0.00644977 0.00543038 0
2.801 53 0.155431 0.0166741 0.00265049 0
2.801 54 0.115972 0.00630081 0.00627137 0
2.801 55 0.265098 0.0166672 0.00715919 0
2.801 56 0.263203 0.00670989 0.00469026 0
2.801 57 0.0331804 0.0139084 0.00331426 0
2.801 58 0.0262485 0.0153202 0.00284871 0
2.801 59 0.0975046 0.00805151 0.00349438 0
2.801 60 0.43573 0.0167606 0.00420583 0
2.801 61 0.00867601 0.00904068 0.000646097 0
2.801 62 0.00729501 0.0153806 0.00743861 0
2.801 63 0.326336 0.0106165 0.0122264 0
2.801 64 0.0277041 0.00609224 0.00831587 0
2.801 65 0.314501 0.00137993 0.000942579 0
2.801 66 0.00239811 0.0139364 0.00566629 0
2.801 67 0.187585 0.0131089 0.00707944 0
2.801 68 0.415821 0.00407757 0.00287233 0
2.801 69 0.0611434 0.00705646 0.00392954 0
2.801 70 0.262754 0.00722161 0.0125201 0
2.901 51 0.257036 0.011098 0.0129346 0
2.901 52 0.0592418 0.00656094 0.00591136 0
2.901 53 0.136378 0.0170829 0.00165643 0
2.901 54 0.0968264 0.00652869 0.00478109 0
2.901 55 0.2461 0.0167765 0.00832149 0
2.901 56 0.244174 0.00649861 0.00389708 1.23255e-08
2.901 57 0.0522935 0.0146802 0.00403701 1.23255e-08
2.901 58 0.0453305 0.0152464 0.00196552 1.23255e-08
2.901 59 0.0784166 0.00747661 0.00418356 1.23255e-08
2.901 60 0.416668 0.0168025 0.00541566 1.23255e-08
2.901 61 0.0277617 0.00914594 0.00128494 1.23255e-08
2.901 62 0.0263156 0.0156463 0.00768419 1.23255e-08
2.901 63 0.307259 0.0102575 0.0114872 1.23255e-08
2.901 64 0.0466331 0.00582626 0.00677918 1.23255e-08
2.901 65 0.295416 0.00163128 5.65343e-05 1.23255e-08
2.901 66 0.0214278 0.01382 0.00504665 1.23255e-08
2.901 67 0.168692 0.0135229 0.00586292 1.23255e-08
2.901 68 0.396788 0.00420928 0.00223509 1.23255e-08
2.901 69 0.0421451 0.00686503 0.00513443 1.23255e-08
2.901 70 0.243805 0.00747156 0.0111683 1.23255e-08
3.001 51 0.238042 0.0107646 0.013595 0
3.001 52 0.0402688 0.00683712 0.00696828 0
3.001 53 0.117407 0.0179645 0.000231261 0
3.001 54 0.0778824 0.00675196 0.00373029 0
3.001 55 0.227129 0.0175012 0.00929354 0
3.001 56 0.225204 0.00651014 0.00287227 0
3.001 57 0.0714229 0.0148125 0.00527777 0
3.001 58 0.0643567 0.01525 0.00103713 0
3.001 59 0.0594382 0.0071159 0.0063594 0
3.001 60 0.397714 0.0164129 0.00684179 0
3.001 61 0.0467835 0.0092864 0.00197341 0
3.001 62 0.0453622 0.0156356 0.00819229 0
3.001 63 0.288265 0.0103561 0.0102643 0
3.001 64 0.0656595 0.00612502 0.00587038 0
3.001 65 0.276286 0.00109981 0.000770876 0
3.001 66 0.0404142 0.0141015 0.00374036 0
3.001 67 0.14961 0.0131755 0.0051505 0
3.001 68 0.377859 0.00456418 0.00167783 0
3.001 69 0.0231122 0.00588981 0.00617946 0
3.001 70 0.224722 0.0070248 0.0102225 0
3.101 51 0.218977 0.0107871 0.0146732 0
3.101 52 0.0211956 0.00655402 0.00660842 0
3.101 53 0.0983721 0.0176093 0.000498766 0
3.101 54 0.0587662 0.00658374 0.00331719 0
3.101 55 0.208042 0.0174373 0.0103149 0
3.101 56 0.206088 0.0060504 0.00214094 0
3.101 57 0.0904377 0.0146874 0.00672331 0
3.101 58 0.0834054 0.0157728 0.000173681 0
3.101 59 0.0404678 0.00644321 0.0077877 0
3.101 60 0.378817 0.0160207 0.00815824 0
3.101 61 0.0657306 0.0097659 0.00275627 0
3.101 62 0.064332 0.0156968 0.00909301 0
3.101 63 0.269203 0.0101328 0.0088187 0
3.101 64 0.0847593 0.00598494 0.00399535 0
3.101 65 0.257165 0.00119678 0.00199768 0
3.101 66 0.0594071 0.0144025 0.00320054 0
3.101 67 0.130489 0.013 0.00407202 0
3.101 68 0.358825 0.0047521 0.000668492 0
3.101 69 0.00406136 0.00596156 0.00726834 0
3.101 70 0.205712 0.00709303 0.00931307 0
3.201 51 0.199957 0.0111024 0.0156762 0
3.201 52 0.00222109 0.00632901 0.00664461 0
3.201 53 0.0793094 0.0175438 0.00126727 0
3.201 54 0.0397663 0.00643228 0.00240894 0
3.201 55 0.189059 0.0169813 0.0117114 0
3.201 56 0.187021 0.00638838 0.000712074 0
3.201 57 0.109529 0.0143379 0.00814977 0
3.201 58 0.102418 0.0159982 0.00187433 0
3.201 59 0.0213287 0.00621014 0.00848955 0
3.201 60 0.359695 0.0164686 0.00937628 0
3.201 61 0.0846653 0.00974463 0.0043165 0
3.201 62 0.0833662 0.0157376 0.0101998 0
3.201 63 0.25027 0.0100606 0.00813084 1.14328e-08
3.201 64 0.103757 0.00596757 0.00305222 1.14328e-08
3.201 65 0.238192 0.000249406 0.00251573 1.14328e-08
3.201 66 0.0784001 0.0150007 0.0021447 1.14328e-08
3.201 67 0.111527 0.0128942 0.00311493 1.14328e-08
3.201 68 0.339796 0.005144 0.000323294 1.14328e-08
3.201 69 0.0151777 0.00571802 0.00761404 1.14328e-08
3.201 70 0.186558 0.00666759 0.00946456 1.14328e-08
3.301 51 0.181007 0.0119211 0.0166716 0
3.301 52 0.0170486 0.00657422 0.00815172 0
3.301 53 0.0603042 0.0174225 0.00259476 0
3.301 54 0.0208421 0.0067852 0.00142479 0
3.301 55 0.169989 0.0167158 0.0122958 0
3.301 56 0.167916 0.00666695 0.000130697 0
3.301 57 0.128478 0.01508 0.00978564 0
3.301 58 0.121393 0.0162317 0.00255194 0
3.301 59 0.00237437 0.00611626 0.00938345 0
3.301 60 0.34074 0.0159077 0.0104246 0
3.301 61 0.10359 0.0102666 0.00576524 0
3.301 62 0.102304 0.0155037 0.0112897 0
3.301 63 0.231093 0.0106766 0.00700298 0
3.301 64 0.122784 0.00602033 0.00139998 0
3.301 65 0.219204 0.000264889 0.0030269 0
3.301 66 0.0974887 0.0153376 0.00127789 0
3.301 67 0.0925762 0.012203 0.0022178 0
3.301 68 0.320757 0.00523532 0.00105076 0
3.301 69 0.0341351 0.00457168 0.00820819 0
3.301 70 0.167559 0.00696159 0.00810227 0
3.401 51 0.162041 0.0122158 0.0181792 0
3.401 52 0.0360289 0.00599724 0.00898193 0
3.401 53 0.0413227 0.0175995 0.0025946 0
3.401 54 0.00195983 0.00739523 2.13786e-05 0
3.401 55 0.150941 0.0167274 0.0129776 0
3.401 56 0.148891 0.00582528 0.000503455 0
3.401 57 0.147577 0.0150678 0.0103982 0
3.401 58 0.140582 0.0157517 0.00328197 0
3.401 59 0.016893 0.00521584 0.0106334 0
3.401 60 0.321791 0.0153423 0.0120184 0
3.401 61 0.122735 0.0108384 0.00629418 0
3.401 62 0.121318 0.0153857 0.0129479 0
3.401 63 0.212058 0.0108847 0.00627207 0
3.401 64 0.141824 0.00531168 0.000953303 0
3.401 65 0.200243 5.10714e-05 0.00389745 0
3.401 66 0.116412 0.0155408 0.000186398 0
3.401 67 0.0733837 0.0122022 0.00139524 0
3.401 68 0.301681 0.00509306 0.00212684 0
3.401 69 0.0531814 0.00473402 0.00928009 0
3.401 70 0.148516 0.00716203 0.00662783 0
3.501 51 0.142883 0.0117655 0.0182362 0
3.501 52 0.0550383 0.00600656 0.0100674 0
3.501 53 0.022275 0.0175602 0.0037167 0
3.501 54 0.0171183 0.00723265 0.00044597 0
3.501 55 0.131959 0.017095 0.0143931 0
3.501 56 0.129891 0.00587611 0.00187907 0
3.501 57 0.166535 0.0150341 0.0108386 0
3.501 58 0.159574 0.0154013 0.00372041 0
3.501 59 0.0358643 0.0051446 0.0115014 0
3.501 60 0.302889 0.0154607 0.0128826 0
3.501 61 0.141828 0.0098837 0.00686029 0
3.501 62 0.140302 0.0150272 0.0137527 0
3.501 63 0.192986 0.0106959 0.00547281 0
3.501 64 0.160806 0.00586907 9.34806e-05 0
3.501 65 0.181226 0.000692275 0.00471242 0
3.501 66 0.1354 0.0159969 0.00114521 0
3.501 67 0.0544329 0.0115618 0.000521242 0
3.501 68 0.282602 0.00547648 0.00267547 0
3.501 69 0.0721846 0.00390513 0.0103603 0
3.501 70 0.129433 0.00764021 0.00647339 0
3.601 51 0.12385 0.0123152 0.019069 0
3.601 52 0.0739282 0.00575227 0.0110238 0
3.601 53 0.00331917 0.017671 0.00496069 0
3.601 54 0.0362066 0.00697697 0.00104972 0
3.601 55 0.112999 0.0170222 0.0162753 0
3.601 56 0.110837 0.00605994 0.00286301 0
3.601 57 0.185631 0.0146037 0.0117541 0
3.601 58 0.178723 0.0154291 0.00445944 0
3.601 59 0.0549345 0.00529794 0.0121425 0
3.601 60 0.283779 0.0156438 0.013731 0
3.601 61 0.16073 0.0106288 0.00787936 0
3.601 62 0.15933 0.0149191 0.0146479 0
3.601 63 0.173927 0.0109733 0.00482548 0
3.601 64 0.18 0.00584967 0.000448937 0
3.601 65 0.162083 0.000697545 0.00522982 0
3.601 66 0.154483 0.0161143 0.00236306 0
3.601 67 0.0353816 0.0114376 0.000783894 0
3.601 68 0.263715 0.00583201 0.00394461 0
3.601 69 0.0912407 0.00455838 0.011684 0
3.601 70 0.110472 0.00800942 0.0047801 0
3.701 51 0.104748 0.0125529 0.0198153 0
3.701 52 0.0928856 0.00533563 0.0121387 0
3.701 53 0.0159173 0.0176178 0.00557773 0
3.701 54 0.0552902 0.00669477 0.00195711 0
3.701 55 0.0938782 0.0168622 0.0168175 0
3.701 56 0.0917561 0.00650856 0.00350104 0
3.701 57 0.204538 0.0149771 0.0132728 0
3.701 58 0.197725 0.0146995 0.00572352 0
3.701 59 0.0740993 0.00533125 0.0127692 0
3.701 60 0.264696 0.0158371 0.015082 0
3.701 61 0.179735 0.0108523 0.00939948 0
3.701 62 0.178433 0.015196 0.0154635 0
3.701 63 0.154895 0.0108063 0.00363969 0
3.701 64 0.198994 0.00566476 0.00135499 0
3.701 65 0.143004 0.000916221 0.00633578 0
3.701 66 0.173497 0.015975 0.00295633 0
3.701 67 0.016245 0.0115167 0.00126553 0
3.701 68 0.244678 0.00494254 0.00506645 9.50934e-09
3.701 69 0.110302 0.00523204 0.0130411 9.50934e-09
3.701 70 0.0915467 0.00888573 0.00346601 9.50934e-09
3.801 51 0.0856431 0.0129328 0.0188174 0
3.801 52 0.111928 0.00586934 0.0121523 0
3.801 53 0.0348527 0.0167401 0.00644287 0
3.801 54 0.0742761 0.00641544 0.00257642 0
3.801 55 0.0747824 0.0161243 0.0180592 0
3.801 56 0.0727432 0.00627377 0.00484591 0
3.801 57 0.2236 0.0143816 0.0148585 0
3.801 58 0.216745 0.0147238 0.00614646 0
3.801 59 0.0931126 0.006137 0.014554 0
3.801 60 0.245569 0.0159301 0.0155014 0
3.801 61 0.198741 0.0113076 0.0101693 0
3.801 62 0.197379 0.0149601 0.0163448 0
3.801 63 0.135901 0.0107198 0.0025117 0
3.801 64 0.21805 0.00610945 0.00136929 0
3.801 65 0.123987 0.000746864 0.0074734 0
3.801 66 0.192602 0.0165003 0.00367349 0
3.801 67 0.00294447 0.0120625 0.00223172 0
3.801 68 0.225679 0.00456905 0.00608293 0
3.801 69 0.129306 0.00501517 0.013188 0
3.801 70 0.0724626 0.00898556 0.00257533 0
3.901 51 0.0666086 0.0131788 0.0192562 0
3.901 52 0.130971 0.00599825 0.0123503 0
3.901 53 0.0538756 0.0173653 0.00663381 0
3.901 54 0.0932917 0.0062792 0.00388772 0
3.901 55 0.055778 0.0161147 0.0183978 0
3.901 56 0.0536813 0.00605852 0.00538673 0
3.901 57 0.242597 0.0142151 0.0159869 0
3.901 58 0.23586 0.0138173 0.00686935 0
3.901 59 0.112114 0.00609722 0.0156973 0
3.901 60 0.226583 0.0153112 0.0160754 0
3.901 61 0.217752 0.0113295 0.0108302 0
3.901 62 0.216405 0.0147234 0.0176805 0
3.901 63 0.116848 0.00969754 0.00153103 0
3.901 64 0.237089 0.00575008 0.00204673 0
3.901 65 0.104857 0.00104621 0.00801881 0
3.901 66 0.211646 0.0161546 0.00438705 0
3.901 67 0.0219343 0.0116153 0.00323196 0
3.901 68 0.206615 0.0047503 0.00749654 0
3.901 69 0.148335 0.00433539 0.0140007 0
3.901 70 0.0534546 0.00867194 0.00207908 0
4.001 51 0.0474939 0.0128021 0.0177669 0
4.001 52 0.149862 0.00592598 0.0131329 0
4.001 53 0.072922 0.0175895 0.00764907 0
4.001 54 0.112236 0.00683193 0.00486589 0
4.001 55 0.0367867 0.0159305 0.0193845 0
4.001 56 0.0345715 0.00646525 0.00654642 0
4.001 57 0.261683 0.013969 0.0172267 0
4.001 58 0.254908 0.0133938 0.00871192 0
4.001 59 0.131044 0.00524835 0.0165788 0
4.001 60 0.207582 0.0149082 0.0168852 0
4.001 61 0.236797 0.0112031 0.0112212 0
4.001 62 0.235393 0.0141403 0.0184515 0
4.001 63 0.097826 0.00952308 0.000457144 0
4.001 64 0.256166 0.00547253 0.00278914 1.1414e-08
4.001 65 0.0857369 0.00125936 0.00844242 1.1414e-08
4.001 66 0.230689 0.0152452 0.00500403 1.1414e-08
4.001 67 0.0408517 0.0110229 0.00427322 1.1414e-08
4.001 68 0.187529 0.00382722 0.00809005 1.1414e-08
4.001 69 0.167412 0.0043161 0.0147035 1.1414e-08
4.001 70 0.0343938 0.0088825 0.000877717 1.1414e-08
4.101 51 0.0284647 0.0128242 0.0173455 0
4.101 52 0.168975 0.00511553 0.0139508 0
4.101 53 0.0919385 0.017725 0.00848324 0
4.101 54 0.131262 0.0071442 0.0061353 0
4.101 55 0.0176714 0.0160222 0.0191318 0
4.101 56 0.0155034 0.00623397 0.00761845 0
4.101 57 0.280668 0.0145411 0.0186471 0
4.101 58 0.273903 0.0133585 0.00967237 0
4.101 59 0.150154 0.00536899 0.0169659 0
4.101 60 0.188554 0.0146407 0.0185474 0
4.101 61 0.255838 0.0117889 0.0114936 0
4.101 62 0.254447 0.0138519 0.018147 0
4.101 63 0.0788363 0.00969406 0.000345797 0
4.101 64 0.275282 0.00563003 0.00382134 0
4.101 65 0.0667094 0.00154451 0.00937727 0
4.101 66 0.249795 0.0153441 0.00619561 1.12963e-08
4.101 67 0.0598083 0.0110136 0.0058704 1.12963e-08
4.101 68 0.16853 0.00367161 0.00992453 1.12963e-08
4.101 69 0.18643 0.00455888 0.0171789 1.12963e-08
4.101 70 0.015411 0.00850382 0.000413861 1.12963e-08
4.201 51 0.0093328 0.0125824 0.017288 0
4.201 52 0.18805 0.00508361 0.0148959 0
4.201 53 0.111061 0.0175785 0.00886974 0
4.201 54 0.150249 0.00739497 0.0072179 0
4.201 55 0.00133638 0.0155508 0.0170881 0
4.201 56 0.00369858 0.00582836 0.00773761 0
4.201 57 0.299716 0.0150413 0.0195133 0
4.201 58 0.292841 0.0145789 0.0114293 0
4.201 59 0.169137 0.00498824 0.0186362 0
4.201 60 0.169468 0.014876 0.0198148 0
4.201 61 0.274822 0.0110374 0.0125563 0
4.201 62 0.273579 0.0135456 0.0186317 0
4.201 63 0.059799 0.00999361 0.0011693 0
4.201 64 0.294362 0.00502629 0.00511505 0
4.201 65 0.0477462 0.00168882 0.011158 0
4.201 66 0.268779 0.0151702 0.00719862 0
4.201 67 0.0788378 0.0108182 0.00699414 0
4.201 68 0.149476 0.00338472 0.0111091 0
4.201 69 0.205455 0.0043748 0.0182565 0
4.201 70 0.00396348 0.00812687 0.00154312 0
4.301 51 0.00965446 0.0128562 0.0169246 0
4.301 52 0.207123 0.00544248 0.0157342 0
4.301 53 0.130217 0.0174063 0.00904165 0
4.301 54 0.169285 0.00716168 0.00855454 0
4.301 55 0.0203615 0.0158016 0.016505 0
4.301 56 0.022717 0.00562712 0.00824714 0
4.301 57 0.318804 0.0149229 0.0185998 0
4.301 58 0.311839 0.0152136 0.0126043 0
4.301 59 0.188025 0.00496585 0.0198046 0
4.301 60 0.150478 0.0142387 0.0191968 0
4.301 61 0.293728 0.0106255 0.0143592 0
4.301 62 0.292584 0.0135286 0.0196377 0
4.301 63 0.0407625 0.00966288 0.00252883 0
4.301 64 0.31336 0.00477678 0.0059986 0
4.301 65 0.0288339 0.00210831 0.0121522 0
4.301 66 0.287827 0.0154802 0.00831705 0
4.301 67 0.0979413 0.0102484 0.00715346 0
4.301 68 0.130459 0.00295846 0.011982 0
4.301 69 0.224486 0.00468015 0.0199043 0
4.301 70 0.023061 0.00799714 0.00266911 0
4.401 51 0.028699 0.0119599 0.0158948 0
4.401 52 0.225911 0.00427349 0.0174485 0
4.401 53 0.14921 0.0171895 0.010302 0
4.401 54 0.188337 0.00676715 0.00988486 0
4.401 55 0.0394793 0.0159757 0.0153711 0
4.401 56 0.041804 0.00589073 0.00827237 0
4.401 57 0.337795 0.0153353 0.0176062 0
4.401 58 0.33088 0.0155109 0.0132597 0
4.401 59 0.207041 0.00451105 0.018515 0
4.401 60 0.131494 0.0149665 0.0181388 0
4.401 61 0.31277 0.0108458 0.0159032 0
4.401 62 0.311704 0.0139609 0.0184969 0
4.401 63 0.0216782 0.0107523 0.00388709 0
4.401 64 0.332373 0.00393667 0.00753983 0
4.401 65 0.00976795 0.00170013 0.0134146 0
4.401 66 0.306756 0.0151081 0.0106888 0
4.401 67 0.117069 0.0100679 0.00771019 0
4.401 68 0.111381 0.00342684 0.0124384 0
4.401 69 0.243564 0.00518661 0.0183641 0
4.401 70 0.0420482 0.00880622 0.00371033 0
4.501 51 0.0476347 0.0125337 0.0153554 0
4.501 52 0.244977 0.00396425 0.0178901 0
4.501 53 0.168143 0.0171039 0.0110642 0
4.501 54 0.207354 0.00611826 0.0110295 0
4.501 55 0.0585561 0.0160646 0.0142271 0
4.501 56 0.0607971 0.00583246 0.00912656 0
4.501 57 0.356781 0.0154698 0.0168429 0
4.501 58 0.349959 0.0146998 0.0139657 0
4.501 59 0.22607 0.00481467 0.0178381 0
4.501 60 0.112425 0.0154237 0.0172711 0
4.501 61 0.331789 0.0108184 0.0166677 0
4.501 62 0.330818 0.0133653 0.0172587 0
4.501 63 0.00263237 0.0109627 0.00494332 0
4.501 64 0.351341 0.00297883 0.00832616 0
4.501 65 0.00929203 0.000904485 0.015131 0
4.501 66 0.325762 0.0154258 0.0112247 0
4.501 67 0.135996 0.00976303 0.008443 0
4.501 68 0.0923889 0.00373967 0.0130234 0
4.501 69 0.262655 0.00350083 0.0175915 0
4.501 70 0.0610958 0.00833027 0.0054484 0
4.601 51 0.0666182 0.0123822 0.0147833 0
4.601 52 0.264012 0.00364365 0.0192457 0
4.601 53 0.187175 0.0171359 0.0120414 0
4.601 54 0.226388 0.00599142 0.0118265 0
4.601 55 0.0775797 0.0150582 0.0128018 0
4.601 56 0.0796672 0.00509394 0.0106165 0
4.601 57 0.375923 0.0162258 0.0158038 0
4.601 58 0.368934 0.0150053 0.014826 0
4.601 59 0.24511 0.00502887 0.0170441 0
4.601 60 0.0932908 0.0157743 0.0160783 0
4.601 61 0.350877 0.0114713 0.017818 0
4.601 62 0.349906 0.0133822 0.015929 0
4.601 63 0.0166406 0.0108153 0.00612123 0
4.601 64 0.370281 0.00272307 0.00965213 0
4.601 65 0.0283217 0.00140858 0.0159667 0
4.601 66 0.344707 0.0156767 0.012784 0
4.601 67 0.15499 0.00996047 0.00871056 0
4.601 68 0.0732675 0.00315411 0.0141136 0
4.601 69 0.281593 0.00306345 0.0158598 0
4.601 70 0.0801311 0.00830904 0.0061146 0
4.701 51 0.0856028 0.0129017 0.0139846 0
4.701 52 0.283181 0.00347305 0.0197063 0
4.701 53 0.206168 0.0170696 0.0134 0
4.701 54 0.245375 0.006149 0.0128326 0
4.701 55 0.0965266 0.0149104 0.0119601 0
4.701 56 0.0986599 0.00475124 0.0114768 0
4.701 57 0.395034 0.0170849 0.014629 0
4.701 58 0.388032 0.0155532 0.0162668 0
4.701 59 0.26415 0.00514534 0.0160666 0
4.701 60 0.0741265 0.0154611 0.0154959 0
4.701 61 0.369969 0.0112689 0.0186365 0
4.701 62 0.368984 0.0131115 0.0150597 0
4.701 63 0.035729 0.0113339 0.00672422 0
4.701 64 0.389281 0.0019766 0.0101782 0
4.701 65 0.0472677 0.00230503 0.0166585 0
4.701 66 0.363832 0.0154326 0.0133471 0
4.701 67 0.174021 0.00966502 0.0100417 0
4.701 68 0.0543125 0.00280427 0.0153014 0
4.701 69 0.30062 0.00359287 0.0151778 0
4.701 70 0.0992009 0.0094628 0.00697998 0
4.801 51 0.104682 0.0130011 0.013119 0
4.801 52 0.30224 0.00343697 0.0191305 0
4.801 53 0.225234 0.0171341 0.0139529 0
4.801 54 0.264344 0.00650563 0.0132802 0
4.801 55 0.115624 0.0150704 0.0111435 0
4.801 56 0.117587 0.00401292 0.0123107 0
4.801 57 0.414093 0.0171242 0.013446 0
4.801 58 0.407128 0.0163266 0.0178163 0
4.801 59 0.283252 0.00542256 0.0150231 0
4.801 60 0.0550671 0.0153047 0.0143846 0
4.801 61 0.388994 0.0110844 0.0193878 0
4.801 62 0.387995 0.014203 0.0142377 0
4.801 63 0.0548042 0.0110072 0.0080353 0
4.801 64 0.408357 0.00201917 0.011229 0
4.801 65 0.0662759 0.00280651 0.0182656 0
4.801 66 0.383004 0.0156965 0.0143495 0
4.801 67 0.193035 0.0101398 0.0105305 0
4.801 68 0.0351635 0.002111 0.016212 0
4.801 69 0.319605 0.00288775 0.015158 0
4.801 70 0.118267 0.00912671 0.00790436 0
4.901 51 0.12369 0.012516 0.0125683 0
4.901 52 0.321196 0.00300438 0.0190071 0
4.901 53 0.24422 0.0170926 0.0147955 0
4.901 54 0.283292 0.00633364 0.0136009 0
4.901 55 0.13469 0.0146388 0.0101203 0
4.901 56 0.136633 0.00395596 0.0132363 0
4.901 57 0.433206 0.017391 0.0129363 0
4.901 58 0.426234 0.0160418 0.0187554 0
4.901 59 0.302425 0.00488896 0.0133452 0
4.901 60 0.036089 0.0145139 0.0133701 0
4.901 61 0.408006 0.0110119 0.0181809 0
4.901 62 0.407068 0.0149253 0.013472 0
4.901 63 0.073876 0.0110534 0.00866079 0
4.901 64 0.427528 0.00160209 0.0124688 0
4.901 65 0.0852476 0.00367765 0.0188427 0
4.901 66 0.402028 0.0157839 0.0158014 0
4.901 67 0.212136 0.0103858 0.0112139 0
4.901 68 0.0161809 0.00273769 0.0164268 0
4.901 69 0.338616 0.00264707 0.0142647 0
4.901 70 0.137133 0.00925617 0.00937849 0
